<?xml version="1.0" encoding="UTF-8"?>
<robot generator="Robot 4.0.3 (Python 3.9.5 on win32)" generated="20220327 22:24:18.464" rpa="false" schemaversion="2">
<suite id="s1" name="Tests" source="C:\Users\Mayara\Documents\TCC\RobotFramework-Sigsaude\Tests">
<suite id="s1-s1" name="Formulario comum" source="C:\Users\Mayara\Documents\TCC\RobotFramework-Sigsaude\Tests\Formulario_comum.robot">
<kw name="iniciar navegador sessão &quot;Comum&quot;" library="base" type="SETUP" sourcename="iniciar navegador sessão &quot;${login_usuario}&quot;">
<kw name="iniciar Navegador" library="base">
<kw name="Get JSON" library="base">
<var>${config_json}</var>
<arg>config.json</arg>
<kw name="Get File" library="OperatingSystem">
<var>${file}</var>
<arg>${EXECDIR}/Files/${file_name}</arg>
<doc>Returns the contents of a specified file.</doc>
<msg timestamp="20220327 22:24:19.983" level="INFO" html="true">Getting file '&lt;a href="file://C:\Users\Mayara\Documents\TCC\RobotFramework-Sigsaude\Files\config.json"&gt;C:\Users\Mayara\Documents\TCC\RobotFramework-Sigsaude\Files\config.json&lt;/a&gt;'.</msg>
<msg timestamp="20220327 22:24:19.983" level="INFO">${file} = {
    "base_url":"https://homologacaosigsaude.imd.ufrn.br/sigsaude",
    "navegador":"chromium",
    "lelog":"https://lelog.netlify.app/"

}</msg>
<status status="PASS" starttime="20220327 22:24:19.983" endtime="20220327 22:24:19.983"/>
</kw>
<kw name="Evaluate" library="BuiltIn">
<var>${super_var}</var>
<arg>json.loads($file)</arg>
<arg>json</arg>
<doc>Evaluates the given expression in Python and returns the result.</doc>
<msg timestamp="20220327 22:24:19.993" level="INFO">${super_var} = {'base_url': 'https://homologacaosigsaude.imd.ufrn.br/sigsaude', 'navegador': 'chromium', 'lelog': 'https://lelog.netlify.app/'}</msg>
<status status="PASS" starttime="20220327 22:24:19.983" endtime="20220327 22:24:19.993"/>
</kw>
<msg timestamp="20220327 22:24:19.993" level="INFO">${config_json} = {'base_url': 'https://homologacaosigsaude.imd.ufrn.br/sigsaude', 'navegador': 'chromium', 'lelog': 'https://lelog.netlify.app/'}</msg>
<status status="PASS" starttime="20220327 22:24:19.983" endtime="20220327 22:24:19.993"/>
</kw>
<kw name="New Browser" library="Browser">
<arg>${config_json["navegador"]}</arg>
<arg>False</arg>
<tag>BrowserControl</tag>
<tag>Setter</tag>
<doc>Create a new playwright Browser with specified options.
See `Browser, Context and Page` for more information about Browser and related concepts.</doc>
<msg timestamp="20220327 22:24:19.993" level="INFO">{"browser": "chromium", "headless": false, "handleSIGINT": true, "handleSIGTERM": true, "handleSIGHUP": true, "timeout": 30000.0, "devtools": false, "slowMo": 0.0}</msg>
<msg timestamp="20220327 22:24:20.547" level="INFO">Successfully created browser with options: {"browser":"chromium","headless":false,"handleSIGINT":true,"handleSIGTERM":true,"handleSIGHUP":true,"timeout":30000,"devtools":false,"slowMo":0}</msg>
<status status="PASS" starttime="20220327 22:24:19.993" endtime="20220327 22:24:20.547"/>
</kw>
<status status="PASS" starttime="20220327 22:24:19.983" endtime="20220327 22:24:20.547"/>
</kw>
<kw name="Get JSON" library="base">
<var>${config_json}</var>
<arg>config.json</arg>
<kw name="Get File" library="OperatingSystem">
<var>${file}</var>
<arg>${EXECDIR}/Files/${file_name}</arg>
<doc>Returns the contents of a specified file.</doc>
<msg timestamp="20220327 22:24:20.547" level="INFO" html="true">Getting file '&lt;a href="file://C:\Users\Mayara\Documents\TCC\RobotFramework-Sigsaude\Files\config.json"&gt;C:\Users\Mayara\Documents\TCC\RobotFramework-Sigsaude\Files\config.json&lt;/a&gt;'.</msg>
<msg timestamp="20220327 22:24:20.547" level="INFO">${file} = {
    "base_url":"https://homologacaosigsaude.imd.ufrn.br/sigsaude",
    "navegador":"chromium",
    "lelog":"https://lelog.netlify.app/"

}</msg>
<status status="PASS" starttime="20220327 22:24:20.547" endtime="20220327 22:24:20.547"/>
</kw>
<kw name="Evaluate" library="BuiltIn">
<var>${super_var}</var>
<arg>json.loads($file)</arg>
<arg>json</arg>
<doc>Evaluates the given expression in Python and returns the result.</doc>
<msg timestamp="20220327 22:24:20.547" level="INFO">${super_var} = {'base_url': 'https://homologacaosigsaude.imd.ufrn.br/sigsaude', 'navegador': 'chromium', 'lelog': 'https://lelog.netlify.app/'}</msg>
<status status="PASS" starttime="20220327 22:24:20.547" endtime="20220327 22:24:20.547"/>
</kw>
<msg timestamp="20220327 22:24:20.547" level="INFO">${config_json} = {'base_url': 'https://homologacaosigsaude.imd.ufrn.br/sigsaude', 'navegador': 'chromium', 'lelog': 'https://lelog.netlify.app/'}</msg>
<status status="PASS" starttime="20220327 22:24:20.547" endtime="20220327 22:24:20.547"/>
</kw>
<kw name="New Page" library="Browser">
<arg>${config_json["base_url"]}</arg>
<tag>BrowserControl</tag>
<tag>Setter</tag>
<doc>Open a new Page. A Page is the Playwright equivalent to a tab.
See `Browser, Context and Page` for more information about Page concept.
Returns a stable identifier for the created page.</doc>
<msg timestamp="20220327 22:24:24.170" level="INFO">Successfully initialized new page object and opened url: https://homologacaosigsaude.imd.ufrn.br/sigsaude</msg>
<msg timestamp="20220327 22:24:24.170" level="INFO">No context was open. New context was automatically opened when this page is created.</msg>
<status status="PASS" starttime="20220327 22:24:20.547" endtime="20220327 22:24:24.170"/>
</kw>
<kw name="Direcionamento da tela &quot;login&quot;" library="nav" sourcename="Direcionamento da tela &quot;${page}&quot;">
<kw name="Get JSON" library="base">
<var>${telas_json}</var>
<arg>telas.json</arg>
<kw name="Get File" library="OperatingSystem">
<var>${file}</var>
<arg>${EXECDIR}/Files/${file_name}</arg>
<doc>Returns the contents of a specified file.</doc>
<msg timestamp="20220327 22:24:24.175" level="INFO" html="true">Getting file '&lt;a href="file://C:\Users\Mayara\Documents\TCC\RobotFramework-Sigsaude\Files\telas.json"&gt;C:\Users\Mayara\Documents\TCC\RobotFramework-Sigsaude\Files\telas.json&lt;/a&gt;'.</msg>
<msg timestamp="20220327 22:24:24.176" level="INFO">${file} = {
    "login":"/login",
    "novo usuario de serviço":"/paciente/cadastro",
    "listar usuarios de serviço":"/paciente",
    "cadastro de colaborador":"/colaborador/form",
    "agendamento":"/agendam...</msg>
<status status="PASS" starttime="20220327 22:24:24.175" endtime="20220327 22:24:24.176"/>
</kw>
<kw name="Evaluate" library="BuiltIn">
<var>${super_var}</var>
<arg>json.loads($file)</arg>
<arg>json</arg>
<doc>Evaluates the given expression in Python and returns the result.</doc>
<msg timestamp="20220327 22:24:24.178" level="INFO">${super_var} = {'login': '/login', 'novo usuario de serviço': '/paciente/cadastro', 'listar usuarios de serviço': '/paciente', 'cadastro de colaborador': '/colaborador/form', 'agendamento': '/agendamento', 'listar c...</msg>
<status status="PASS" starttime="20220327 22:24:24.177" endtime="20220327 22:24:24.178"/>
</kw>
<msg timestamp="20220327 22:24:24.179" level="INFO">${telas_json} = {'login': '/login', 'novo usuario de serviço': '/paciente/cadastro', 'listar usuarios de serviço': '/paciente', 'cadastro de colaborador': '/colaborador/form', 'agendamento': '/agendamento', 'listar c...</msg>
<status status="PASS" starttime="20220327 22:24:24.173" endtime="20220327 22:24:24.179"/>
</kw>
<kw name="Get JSON" library="base">
<var>${config_json}</var>
<arg>config.json</arg>
<kw name="Get File" library="OperatingSystem">
<var>${file}</var>
<arg>${EXECDIR}/Files/${file_name}</arg>
<doc>Returns the contents of a specified file.</doc>
<msg timestamp="20220327 22:24:24.182" level="INFO" html="true">Getting file '&lt;a href="file://C:\Users\Mayara\Documents\TCC\RobotFramework-Sigsaude\Files\config.json"&gt;C:\Users\Mayara\Documents\TCC\RobotFramework-Sigsaude\Files\config.json&lt;/a&gt;'.</msg>
<msg timestamp="20220327 22:24:24.184" level="INFO">${file} = {
    "base_url":"https://homologacaosigsaude.imd.ufrn.br/sigsaude",
    "navegador":"chromium",
    "lelog":"https://lelog.netlify.app/"

}</msg>
<status status="PASS" starttime="20220327 22:24:24.181" endtime="20220327 22:24:24.184"/>
</kw>
<kw name="Evaluate" library="BuiltIn">
<var>${super_var}</var>
<arg>json.loads($file)</arg>
<arg>json</arg>
<doc>Evaluates the given expression in Python and returns the result.</doc>
<msg timestamp="20220327 22:24:24.185" level="INFO">${super_var} = {'base_url': 'https://homologacaosigsaude.imd.ufrn.br/sigsaude', 'navegador': 'chromium', 'lelog': 'https://lelog.netlify.app/'}</msg>
<status status="PASS" starttime="20220327 22:24:24.185" endtime="20220327 22:24:24.185"/>
</kw>
<msg timestamp="20220327 22:24:24.186" level="INFO">${config_json} = {'base_url': 'https://homologacaosigsaude.imd.ufrn.br/sigsaude', 'navegador': 'chromium', 'lelog': 'https://lelog.netlify.app/'}</msg>
<status status="PASS" starttime="20220327 22:24:24.179" endtime="20220327 22:24:24.186"/>
</kw>
<kw name="Go To" library="Browser">
<arg>${config_json["base_url"]}${telas_json["${page}"]}</arg>
<tag>BrowserControl</tag>
<tag>Setter</tag>
<doc>Navigates to the given ``url``.</doc>
<msg timestamp="20220327 22:24:25.042" level="INFO">Succesfully opened URL https://homologacaosigsaude.imd.ufrn.br/sigsaude/login</msg>
<status status="PASS" starttime="20220327 22:24:24.186" endtime="20220327 22:24:25.043"/>
</kw>
<status status="PASS" starttime="20220327 22:24:24.171" endtime="20220327 22:24:25.043"/>
</kw>
<kw name="Get JSON" library="base">
<var>${login_json}</var>
<arg>login.json</arg>
<kw name="Get File" library="OperatingSystem">
<var>${file}</var>
<arg>${EXECDIR}/Files/${file_name}</arg>
<doc>Returns the contents of a specified file.</doc>
<msg timestamp="20220327 22:24:25.047" level="INFO" html="true">Getting file '&lt;a href="file://C:\Users\Mayara\Documents\TCC\RobotFramework-Sigsaude\Files\login.json"&gt;C:\Users\Mayara\Documents\TCC\RobotFramework-Sigsaude\Files\login.json&lt;/a&gt;'.</msg>
<msg timestamp="20220327 22:24:25.047" level="INFO">${file} = {

    "Psicologia":{
        "login": "drpsicologia",
        "senha": 85278120029
    },

    "Endocrinologia":{
        "login": "drendocrinologia",
        "senha": 98841863323
    },

	"Comum": {...</msg>
<status status="PASS" starttime="20220327 22:24:25.046" endtime="20220327 22:24:25.047"/>
</kw>
<kw name="Evaluate" library="BuiltIn">
<var>${super_var}</var>
<arg>json.loads($file)</arg>
<arg>json</arg>
<doc>Evaluates the given expression in Python and returns the result.</doc>
<msg timestamp="20220327 22:24:25.049" level="INFO">${super_var} = {'Psicologia': {'login': 'drpsicologia', 'senha': 85278120029}, 'Endocrinologia': {'login': 'drendocrinologia', 'senha': 98841863323}, 'Comum': {'login': 'uirakuleszatestes', 'senha': '02219235432'}}</msg>
<status status="PASS" starttime="20220327 22:24:25.048" endtime="20220327 22:24:25.050"/>
</kw>
<msg timestamp="20220327 22:24:25.050" level="INFO">${login_json} = {'Psicologia': {'login': 'drpsicologia', 'senha': 85278120029}, 'Endocrinologia': {'login': 'drendocrinologia', 'senha': 98841863323}, 'Comum': {'login': 'uirakuleszatestes', 'senha': '02219235432'}}</msg>
<status status="PASS" starttime="20220327 22:24:25.044" endtime="20220327 22:24:25.051"/>
</kw>
<kw name="Fill Text" library="Browser">
<arg>id=login-username</arg>
<arg>${login_json["${login_usuario}"]["login"]}</arg>
<tag>PageContent</tag>
<tag>Setter</tag>
<doc>Clears and fills the given ``text`` into the text field found by ``selector``.</doc>
<msg timestamp="20220327 22:24:25.053" level="INFO">Fills the text 'uirakuleszatestes' in the given field.</msg>
<status status="PASS" starttime="20220327 22:24:25.051" endtime="20220327 22:24:25.092"/>
</kw>
<kw name="Fill Text" library="Browser">
<arg>id=login-password</arg>
<arg>${login_json["${login_usuario}"]["senha"]}</arg>
<tag>PageContent</tag>
<tag>Setter</tag>
<doc>Clears and fills the given ``text`` into the text field found by ``selector``.</doc>
<msg timestamp="20220327 22:24:25.093" level="INFO">Fills the text '02219235432' in the given field.</msg>
<status status="PASS" starttime="20220327 22:24:25.092" endtime="20220327 22:24:25.119"/>
</kw>
<kw name="Click" library="Browser">
<arg>css=[value='Entrar']</arg>
<tag>PageContent</tag>
<tag>Setter</tag>
<doc>Simulates mouse click on the element found by ``selector``.</doc>
<status status="PASS" starttime="20220327 22:24:25.120" endtime="20220327 22:24:25.743"/>
</kw>
<status status="PASS" starttime="20220327 22:24:19.983" endtime="20220327 22:24:25.744"/>
</kw>
<test id="s1-s1-t1" name="[005] - Conduta">
<kw name="configurações iniciais formulario comum" library="Page_config_iniciais" type="SETUP">
<kw name="Dado" library="bdd">
<arg>que o usuario está na tela "minha agenda"</arg>
<kw name="Run Keyword" library="BuiltIn">
<arg>@{Keywords}</arg>
<doc>Executes the given keyword with the given arguments.</doc>
<kw name="que o usuario está na tela &quot;minha agenda&quot;" library="nav" sourcename="que o usuario está na tela &quot;${tela}&quot;">
<kw name="Direcionamento da tela &quot;${tela}&quot;" library="nav" sourcename="Direcionamento da tela &quot;${page}&quot;">
<kw name="Get JSON" library="base">
<var>${telas_json}</var>
<arg>telas.json</arg>
<kw name="Get File" library="OperatingSystem">
<var>${file}</var>
<arg>${EXECDIR}/Files/${file_name}</arg>
<doc>Returns the contents of a specified file.</doc>
<msg timestamp="20220327 22:24:25.782" level="INFO" html="true">Getting file '&lt;a href="file://C:\Users\Mayara\Documents\TCC\RobotFramework-Sigsaude\Files\telas.json"&gt;C:\Users\Mayara\Documents\TCC\RobotFramework-Sigsaude\Files\telas.json&lt;/a&gt;'.</msg>
<msg timestamp="20220327 22:24:25.782" level="INFO">${file} = {
    "login":"/login",
    "novo usuario de serviço":"/paciente/cadastro",
    "listar usuarios de serviço":"/paciente",
    "cadastro de colaborador":"/colaborador/form",
    "agendamento":"/agendam...</msg>
<status status="PASS" starttime="20220327 22:24:25.781" endtime="20220327 22:24:25.782"/>
</kw>
<kw name="Evaluate" library="BuiltIn">
<var>${super_var}</var>
<arg>json.loads($file)</arg>
<arg>json</arg>
<doc>Evaluates the given expression in Python and returns the result.</doc>
<msg timestamp="20220327 22:24:25.783" level="INFO">${super_var} = {'login': '/login', 'novo usuario de serviço': '/paciente/cadastro', 'listar usuarios de serviço': '/paciente', 'cadastro de colaborador': '/colaborador/form', 'agendamento': '/agendamento', 'listar c...</msg>
<status status="PASS" starttime="20220327 22:24:25.782" endtime="20220327 22:24:25.783"/>
</kw>
<msg timestamp="20220327 22:24:25.783" level="INFO">${telas_json} = {'login': '/login', 'novo usuario de serviço': '/paciente/cadastro', 'listar usuarios de serviço': '/paciente', 'cadastro de colaborador': '/colaborador/form', 'agendamento': '/agendamento', 'listar c...</msg>
<status status="PASS" starttime="20220327 22:24:25.781" endtime="20220327 22:24:25.783"/>
</kw>
<kw name="Get JSON" library="base">
<var>${config_json}</var>
<arg>config.json</arg>
<kw name="Get File" library="OperatingSystem">
<var>${file}</var>
<arg>${EXECDIR}/Files/${file_name}</arg>
<doc>Returns the contents of a specified file.</doc>
<msg timestamp="20220327 22:24:25.784" level="INFO" html="true">Getting file '&lt;a href="file://C:\Users\Mayara\Documents\TCC\RobotFramework-Sigsaude\Files\config.json"&gt;C:\Users\Mayara\Documents\TCC\RobotFramework-Sigsaude\Files\config.json&lt;/a&gt;'.</msg>
<msg timestamp="20220327 22:24:25.785" level="INFO">${file} = {
    "base_url":"https://homologacaosigsaude.imd.ufrn.br/sigsaude",
    "navegador":"chromium",
    "lelog":"https://lelog.netlify.app/"

}</msg>
<status status="PASS" starttime="20220327 22:24:25.784" endtime="20220327 22:24:25.785"/>
</kw>
<kw name="Evaluate" library="BuiltIn">
<var>${super_var}</var>
<arg>json.loads($file)</arg>
<arg>json</arg>
<doc>Evaluates the given expression in Python and returns the result.</doc>
<msg timestamp="20220327 22:24:25.785" level="INFO">${super_var} = {'base_url': 'https://homologacaosigsaude.imd.ufrn.br/sigsaude', 'navegador': 'chromium', 'lelog': 'https://lelog.netlify.app/'}</msg>
<status status="PASS" starttime="20220327 22:24:25.785" endtime="20220327 22:24:25.785"/>
</kw>
<msg timestamp="20220327 22:24:25.786" level="INFO">${config_json} = {'base_url': 'https://homologacaosigsaude.imd.ufrn.br/sigsaude', 'navegador': 'chromium', 'lelog': 'https://lelog.netlify.app/'}</msg>
<status status="PASS" starttime="20220327 22:24:25.783" endtime="20220327 22:24:25.786"/>
</kw>
<kw name="Go To" library="Browser">
<arg>${config_json["base_url"]}${telas_json["${page}"]}</arg>
<tag>BrowserControl</tag>
<tag>Setter</tag>
<doc>Navigates to the given ``url``.</doc>
<msg timestamp="20220327 22:24:27.517" level="INFO">Succesfully opened URL https://homologacaosigsaude.imd.ufrn.br/sigsaude/agenda/</msg>
<status status="PASS" starttime="20220327 22:24:25.786" endtime="20220327 22:24:27.517"/>
</kw>
<status status="PASS" starttime="20220327 22:24:25.780" endtime="20220327 22:24:27.517"/>
</kw>
<status status="PASS" starttime="20220327 22:24:25.780" endtime="20220327 22:24:27.518"/>
</kw>
<status status="PASS" starttime="20220327 22:24:25.779" endtime="20220327 22:24:27.518"/>
</kw>
<status status="PASS" starttime="20220327 22:24:25.779" endtime="20220327 22:24:27.518"/>
</kw>
<kw name="Quando" library="bdd">
<arg>preencher o ${Campos_agenda.data_listagem} com ${Valor_campos_agenda.data_listagem}</arg>
<kw name="Run Keyword" library="BuiltIn">
<arg>@{Keywords}</arg>
<doc>Executes the given keyword with the given arguments.</doc>
<kw name="preencher o dataListagem com 11032022" library="Page_profissão_cadastro" sourcename="preencher o ${CAMPO} com ${VALOR}">
<kw name="Type Text" library="Browser">
<arg>id=${CAMPO}</arg>
<arg>${VALOR}</arg>
<tag>PageContent</tag>
<tag>Setter</tag>
<doc>Types the given ``txt`` into the text field found by ``selector``.</doc>
<msg timestamp="20220327 22:24:27.524" level="INFO">Types the text '11032022' in the given field.</msg>
<status status="PASS" starttime="20220327 22:24:27.524" endtime="20220327 22:24:27.722"/>
</kw>
<status status="PASS" starttime="20220327 22:24:27.523" endtime="20220327 22:24:27.722"/>
</kw>
<status status="PASS" starttime="20220327 22:24:27.522" endtime="20220327 22:24:27.722"/>
</kw>
<status status="PASS" starttime="20220327 22:24:27.519" endtime="20220327 22:24:27.722"/>
</kw>
<kw name="E" library="bdd">
<arg>clicar em ${Buttons_agenda.pesquisar}</arg>
<kw name="Run Keyword" library="BuiltIn">
<arg>@{Keywords}</arg>
<doc>Executes the given keyword with the given arguments.</doc>
<kw name="clicar em //*[@id=&quot;formApp&quot;]/div/div[3]/button" library="Page_agendamento" sourcename="clicar em ${CAMPO}">
<kw name="Click" library="Browser">
<arg>xpath=${CAMPO}</arg>
<tag>PageContent</tag>
<tag>Setter</tag>
<doc>Simulates mouse click on the element found by ``selector``.</doc>
<status status="PASS" starttime="20220327 22:24:27.726" endtime="20220327 22:24:27.881"/>
</kw>
<status status="PASS" starttime="20220327 22:24:27.725" endtime="20220327 22:24:27.881"/>
</kw>
<status status="PASS" starttime="20220327 22:24:27.724" endtime="20220327 22:24:27.882"/>
</kw>
<status status="PASS" starttime="20220327 22:24:27.723" endtime="20220327 22:24:27.882"/>
</kw>
<kw name="E" library="bdd">
<arg>clicar em ${Buttons_agenda.atendimento}</arg>
<kw name="Run Keyword" library="BuiltIn">
<arg>@{Keywords}</arg>
<doc>Executes the given keyword with the given arguments.</doc>
<kw name="clicar em //*[@id=&quot;atendimento9524&quot;]" library="Page_agendamento" sourcename="clicar em ${CAMPO}">
<kw name="Click" library="Browser">
<arg>xpath=${CAMPO}</arg>
<tag>PageContent</tag>
<tag>Setter</tag>
<doc>Simulates mouse click on the element found by ``selector``.</doc>
<status status="PASS" starttime="20220327 22:24:27.887" endtime="20220327 22:24:28.189"/>
</kw>
<status status="PASS" starttime="20220327 22:24:27.886" endtime="20220327 22:24:28.189"/>
</kw>
<status status="PASS" starttime="20220327 22:24:27.885" endtime="20220327 22:24:28.190"/>
</kw>
<status status="PASS" starttime="20220327 22:24:27.882" endtime="20220327 22:24:28.190"/>
</kw>
<kw name="E" library="bdd">
<arg>iniciar atendimento</arg>
<kw name="Run Keyword" library="BuiltIn">
<arg>@{Keywords}</arg>
<doc>Executes the given keyword with the given arguments.</doc>
<kw name="iniciar atendimento" library="Page_minha_agenda">
<kw name="Click" library="Browser">
<arg>xpath=${Buttons_agenda.sim}</arg>
<tag>PageContent</tag>
<tag>Setter</tag>
<doc>Simulates mouse click on the element found by ``selector``.</doc>
<status status="PASS" starttime="20220327 22:24:28.193" endtime="20220327 22:24:34.891"/>
</kw>
<status status="PASS" starttime="20220327 22:24:28.192" endtime="20220327 22:24:34.891"/>
</kw>
<status status="PASS" starttime="20220327 22:24:28.192" endtime="20220327 22:24:34.891"/>
</kw>
<status status="PASS" starttime="20220327 22:24:28.190" endtime="20220327 22:24:34.892"/>
</kw>
<status status="PASS" starttime="20220327 22:24:25.778" endtime="20220327 22:24:34.892"/>
</kw>
<kw name="Dado" library="bdd">
<arg>iniciar conduta terapêutica</arg>
<kw name="Run Keyword" library="BuiltIn">
<arg>@{Keywords}</arg>
<doc>Executes the given keyword with the given arguments.</doc>
<kw name="iniciar conduta terapêutica" library="Page_conduta">
<kw name="clicar no ${Buttons_CON.conduta}" library="Page_profissão_cadastro" sourcename="clicar no ${Button}">
<kw name="Click" library="Browser">
<arg>id=${Button}</arg>
<tag>PageContent</tag>
<tag>Setter</tag>
<doc>Simulates mouse click on the element found by ``selector``.</doc>
<status status="PASS" starttime="20220327 22:24:34.906" endtime="20220327 22:24:39.116"/>
</kw>
<status status="PASS" starttime="20220327 22:24:34.902" endtime="20220327 22:24:39.116"/>
</kw>
<status status="PASS" starttime="20220327 22:24:34.901" endtime="20220327 22:24:39.117"/>
</kw>
<status status="PASS" starttime="20220327 22:24:34.900" endtime="20220327 22:24:39.117"/>
</kw>
<status status="PASS" starttime="20220327 22:24:34.899" endtime="20220327 22:24:39.117"/>
</kw>
<kw name="Quando" library="bdd">
<arg>informar dados da conduta terapêutica</arg>
<kw name="Run Keyword" library="BuiltIn">
<arg>@{Keywords}</arg>
<doc>Executes the given keyword with the given arguments.</doc>
<kw name="informar dados da conduta terapêutica" library="Page_conduta">
<kw name="iniciar conduta terapêutica" library="Page_conduta">
<kw name="clicar no ${Buttons_CON.conduta}" library="Page_profissão_cadastro" sourcename="clicar no ${Button}">
<kw name="Click" library="Browser">
<arg>id=${Button}</arg>
<tag>PageContent</tag>
<tag>Setter</tag>
<doc>Simulates mouse click on the element found by ``selector``.</doc>
<status status="PASS" starttime="20220327 22:24:39.127" endtime="20220327 22:24:39.336"/>
</kw>
<status status="PASS" starttime="20220327 22:24:39.124" endtime="20220327 22:24:39.337"/>
</kw>
<status status="PASS" starttime="20220327 22:24:39.123" endtime="20220327 22:24:39.337"/>
</kw>
<kw name="preencher o ${Campos_CON.descricao_conduta} com ${Valor_campos_CON.descricao_conduta}" library="Page_profissão_cadastro" sourcename="preencher o ${CAMPO} com ${VALOR}">
<kw name="Type Text" library="Browser">
<arg>id=${CAMPO}</arg>
<arg>${VALOR}</arg>
<tag>PageContent</tag>
<tag>Setter</tag>
<doc>Types the given ``txt`` into the text field found by ``selector``.</doc>
<msg timestamp="20220327 22:24:39.341" level="INFO">Types the text 'Teste automatizado' in the given field.</msg>
<status status="PASS" starttime="20220327 22:24:39.340" endtime="20220327 22:24:39.504"/>
</kw>
<status status="PASS" starttime="20220327 22:24:39.337" endtime="20220327 22:24:39.504"/>
</kw>
<kw name="clicar em ${Buttons_CON.add_enc}" library="Page_agendamento" sourcename="clicar em ${CAMPO}">
<kw name="Click" library="Browser">
<arg>xpath=${CAMPO}</arg>
<tag>PageContent</tag>
<tag>Setter</tag>
<doc>Simulates mouse click on the element found by ``selector``.</doc>
<status status="PASS" starttime="20220327 22:24:39.507" endtime="20220327 22:24:39.682"/>
</kw>
<status status="PASS" starttime="20220327 22:24:39.505" endtime="20220327 22:24:39.683"/>
</kw>
<kw name="encaminhamento" library="Page_conduta">
<kw name="selecionar o ${Valor_campos_CON.tipo_servico} no ${Campos_CON.tipo_servico}" library="Page_profissão_cadastro" sourcename="selecionar o ${VALOR} no ${CAMPO}">
<kw name="Convert To Upper Case" library="String">
<var>${VALOR2}</var>
<arg>${VALOR}</arg>
<doc>Converts string to upper case.</doc>
<msg timestamp="20220327 22:24:39.688" level="INFO">${VALOR2} = INTERNO</msg>
<status status="PASS" starttime="20220327 22:24:39.688" endtime="20220327 22:24:39.689"/>
</kw>
<kw name="Select Options By" library="Browser">
<arg>id=${CAMPO}</arg>
<arg>Text</arg>
<arg>${VALOR2}</arg>
<tag>PageContent</tag>
<tag>Setter</tag>
<doc>Selects options from select element found by ``selector``.</doc>
<status status="PASS" starttime="20220327 22:24:39.689" endtime="20220327 22:24:39.821"/>
</kw>
<status status="PASS" starttime="20220327 22:24:39.684" endtime="20220327 22:24:39.821"/>
</kw>
<kw name="serviço de destino ${Valor_campos_CON.tipo_servico}" library="Page_conduta" sourcename="serviço de destino ${CAMPO}">
<if>
<branch type="IF" condition="'${CAMPO}' == 'INTERNO'">
<kw name="Click" library="Browser">
<arg>xpath=${Campos_CON.ser_interno1}</arg>
<tag>PageContent</tag>
<tag>Setter</tag>
<doc>Simulates mouse click on the element found by ``selector``.</doc>
<status status="PASS" starttime="20220327 22:24:39.824" endtime="20220327 22:24:40.191"/>
</kw>
<kw name="Type Text" library="Browser">
<arg>xpath=${Campos_CON.ser_interno2}</arg>
<arg>${Valor_campos_CON.ser_interno2}</arg>
<tag>PageContent</tag>
<tag>Setter</tag>
<doc>Types the given ``txt`` into the text field found by ``selector``.</doc>
<msg timestamp="20220327 22:24:40.194" level="INFO">Types the text 'FACISA' in the given field.</msg>
<status status="PASS" starttime="20220327 22:24:40.192" endtime="20220327 22:24:40.324"/>
</kw>
<kw name="Sleep" library="BuiltIn">
<arg>2s</arg>
<doc>Pauses the test executed for the given time.</doc>
<msg timestamp="20220327 22:24:42.326" level="INFO">Slept 2 seconds</msg>
<status status="PASS" starttime="20220327 22:24:40.324" endtime="20220327 22:24:42.326"/>
</kw>
<kw name="Click" library="Browser">
<arg>xpath=${Campos_CON.selecionar_ser}</arg>
<tag>PageContent</tag>
<tag>Setter</tag>
<doc>Simulates mouse click on the element found by ``selector``.</doc>
<status status="PASS" starttime="20220327 22:24:42.328" endtime="20220327 22:24:42.426"/>
</kw>
<status status="PASS" starttime="20220327 22:24:39.823" endtime="20220327 22:24:42.426"/>
</branch>
<branch type="ELSE">
<kw name="preencher o ${Campos_CON.ser_externo} com ${Valor_campos_CON.ser_externo}" library="Page_profissão_cadastro" sourcename="preencher o ${CAMPO} com ${VALOR}">
<status status="NOT RUN" starttime="20220327 22:24:42.426" endtime="20220327 22:24:42.427"/>
</kw>
<status status="NOT RUN" starttime="20220327 22:24:42.426" endtime="20220327 22:24:42.427"/>
</branch>
<status status="PASS" starttime="20220327 22:24:39.823" endtime="20220327 22:24:42.427"/>
</if>
<status status="PASS" starttime="20220327 22:24:39.821" endtime="20220327 22:24:42.427"/>
</kw>
<kw name="selecionar o ${Valor_campos_CON.prioridade} no ${Campos_CON.prioridade}" library="Page_profissão_cadastro" sourcename="selecionar o ${VALOR} no ${CAMPO}">
<kw name="Convert To Upper Case" library="String">
<var>${VALOR2}</var>
<arg>${VALOR}</arg>
<doc>Converts string to upper case.</doc>
<msg timestamp="20220327 22:24:42.431" level="INFO">${VALOR2} = ALTA</msg>
<status status="PASS" starttime="20220327 22:24:42.431" endtime="20220327 22:24:42.431"/>
</kw>
<kw name="Select Options By" library="Browser">
<arg>id=${CAMPO}</arg>
<arg>Text</arg>
<arg>${VALOR2}</arg>
<tag>PageContent</tag>
<tag>Setter</tag>
<doc>Selects options from select element found by ``selector``.</doc>
<status status="PASS" starttime="20220327 22:24:42.432" endtime="20220327 22:24:42.468"/>
</kw>
<status status="PASS" starttime="20220327 22:24:42.427" endtime="20220327 22:24:42.468"/>
</kw>
<kw name="selecionar modalidade de atendimento" library="Page_conduta">
<kw name="Click" library="Browser">
<arg>xpath=${Campos_CON.mod_aten1}</arg>
<tag>PageContent</tag>
<tag>Setter</tag>
<doc>Simulates mouse click on the element found by ``selector``.</doc>
<status status="PASS" starttime="20220327 22:24:42.469" endtime="20220327 22:24:42.943"/>
</kw>
<kw name="Type Text" library="Browser">
<arg>xpath=${Campos_CON.mod_aten2}</arg>
<arg>${Valor_campos_CON.mod_aten2}</arg>
<tag>PageContent</tag>
<tag>Setter</tag>
<doc>Types the given ``txt`` into the text field found by ``selector``.</doc>
<msg timestamp="20220327 22:24:42.947" level="INFO">Types the text 'ATENDIMENTO A PESSOAS IDOSAS' in the given field.</msg>
<status status="PASS" starttime="20220327 22:24:42.943" endtime="20220327 22:24:43.862"/>
</kw>
<kw name="Sleep" library="BuiltIn">
<arg>2s</arg>
<doc>Pauses the test executed for the given time.</doc>
<msg timestamp="20220327 22:24:45.871" level="INFO">Slept 2 seconds</msg>
<status status="PASS" starttime="20220327 22:24:43.862" endtime="20220327 22:24:45.871"/>
</kw>
<kw name="Click" library="Browser">
<arg>xpath=${Campos_CON.selecionar_mod_aten}</arg>
<tag>PageContent</tag>
<tag>Setter</tag>
<doc>Simulates mouse click on the element found by ``selector``.</doc>
<status status="PASS" starttime="20220327 22:24:45.873" endtime="20220327 22:24:45.987"/>
</kw>
<status status="PASS" starttime="20220327 22:24:42.468" endtime="20220327 22:24:45.988"/>
</kw>
<kw name="adicionar campo" library="Page_conduta">
<kw name="selecionar o ${Valor_campos_CON.campo_add} no ${Campos_CON.campo_add}" library="Page_profissão_cadastro" sourcename="selecionar o ${VALOR} no ${CAMPO}">
<kw name="Convert To Upper Case" library="String">
<var>${VALOR2}</var>
<arg>${VALOR}</arg>
<doc>Converts string to upper case.</doc>
<msg timestamp="20220327 22:24:45.991" level="INFO">${VALOR2} = DATA DO ATENDIMENTO</msg>
<status status="PASS" starttime="20220327 22:24:45.991" endtime="20220327 22:24:45.991"/>
</kw>
<kw name="Select Options By" library="Browser">
<arg>id=${CAMPO}</arg>
<arg>Text</arg>
<arg>${VALOR2}</arg>
<tag>PageContent</tag>
<tag>Setter</tag>
<doc>Selects options from select element found by ``selector``.</doc>
<status status="PASS" starttime="20220327 22:24:45.991" endtime="20220327 22:24:46.040"/>
</kw>
<status status="PASS" starttime="20220327 22:24:45.989" endtime="20220327 22:24:46.040"/>
</kw>
<for flavor="IN RANGE">
<var>${contador}</var>
<value>1</value>
<value>6</value>
<iter>
<var name="${contador}">1</var>
<kw name="clicar no ${Buttons_CON.add_campo}" library="Page_profissão_cadastro" sourcename="clicar no ${Button}">
<kw name="Click" library="Browser">
<arg>id=${Button}</arg>
<tag>PageContent</tag>
<tag>Setter</tag>
<doc>Simulates mouse click on the element found by ``selector``.</doc>
<status status="PASS" starttime="20220327 22:24:46.042" endtime="20220327 22:24:46.552"/>
</kw>
<status status="PASS" starttime="20220327 22:24:46.041" endtime="20220327 22:24:46.553"/>
</kw>
<status status="PASS" starttime="20220327 22:24:46.040" endtime="20220327 22:24:46.553"/>
</iter>
<iter>
<var name="${contador}">2</var>
<kw name="clicar no ${Buttons_CON.add_campo}" library="Page_profissão_cadastro" sourcename="clicar no ${Button}">
<kw name="Click" library="Browser">
<arg>id=${Button}</arg>
<tag>PageContent</tag>
<tag>Setter</tag>
<doc>Simulates mouse click on the element found by ``selector``.</doc>
<status status="PASS" starttime="20220327 22:24:46.555" endtime="20220327 22:24:46.674"/>
</kw>
<status status="PASS" starttime="20220327 22:24:46.554" endtime="20220327 22:24:46.674"/>
</kw>
<status status="PASS" starttime="20220327 22:24:46.553" endtime="20220327 22:24:46.674"/>
</iter>
<iter>
<var name="${contador}">3</var>
<kw name="clicar no ${Buttons_CON.add_campo}" library="Page_profissão_cadastro" sourcename="clicar no ${Button}">
<kw name="Click" library="Browser">
<arg>id=${Button}</arg>
<tag>PageContent</tag>
<tag>Setter</tag>
<doc>Simulates mouse click on the element found by ``selector``.</doc>
<status status="PASS" starttime="20220327 22:24:46.677" endtime="20220327 22:24:46.862"/>
</kw>
<status status="PASS" starttime="20220327 22:24:46.675" endtime="20220327 22:24:46.862"/>
</kw>
<status status="PASS" starttime="20220327 22:24:46.675" endtime="20220327 22:24:46.862"/>
</iter>
<iter>
<var name="${contador}">4</var>
<kw name="clicar no ${Buttons_CON.add_campo}" library="Page_profissão_cadastro" sourcename="clicar no ${Button}">
<kw name="Click" library="Browser">
<arg>id=${Button}</arg>
<tag>PageContent</tag>
<tag>Setter</tag>
<doc>Simulates mouse click on the element found by ``selector``.</doc>
<status status="PASS" starttime="20220327 22:24:46.864" endtime="20220327 22:24:46.960"/>
</kw>
<status status="PASS" starttime="20220327 22:24:46.863" endtime="20220327 22:24:46.960"/>
</kw>
<status status="PASS" starttime="20220327 22:24:46.862" endtime="20220327 22:24:46.960"/>
</iter>
<iter>
<var name="${contador}">5</var>
<kw name="clicar no ${Buttons_CON.add_campo}" library="Page_profissão_cadastro" sourcename="clicar no ${Button}">
<kw name="Click" library="Browser">
<arg>id=${Button}</arg>
<tag>PageContent</tag>
<tag>Setter</tag>
<doc>Simulates mouse click on the element found by ``selector``.</doc>
<status status="PASS" starttime="20220327 22:24:46.962" endtime="20220327 22:24:47.059"/>
</kw>
<status status="PASS" starttime="20220327 22:24:46.961" endtime="20220327 22:24:47.059"/>
</kw>
<status status="PASS" starttime="20220327 22:24:46.960" endtime="20220327 22:24:47.059"/>
</iter>
<status status="PASS" starttime="20220327 22:24:46.040" endtime="20220327 22:24:47.059"/>
</for>
<status status="PASS" starttime="20220327 22:24:45.988" endtime="20220327 22:24:47.059"/>
</kw>
<kw name="adicionar campo dúvidas" library="Page_conduta">
<kw name="selecionar o ${Valor_campos_CON.campo_add_d} no ${Campos_CON.campo_add_d}" library="Page_profissão_cadastro" sourcename="selecionar o ${VALOR} no ${CAMPO}">
<kw name="Convert To Upper Case" library="String">
<var>${VALOR2}</var>
<arg>${VALOR}</arg>
<doc>Converts string to upper case.</doc>
<msg timestamp="20220327 22:24:47.063" level="INFO">${VALOR2} = DATA DO ATENDIMENTO</msg>
<status status="PASS" starttime="20220327 22:24:47.063" endtime="20220327 22:24:47.063"/>
</kw>
<kw name="Select Options By" library="Browser">
<arg>id=${CAMPO}</arg>
<arg>Text</arg>
<arg>${VALOR2}</arg>
<tag>PageContent</tag>
<tag>Setter</tag>
<doc>Selects options from select element found by ``selector``.</doc>
<status status="PASS" starttime="20220327 22:24:47.064" endtime="20220327 22:24:47.103"/>
</kw>
<status status="PASS" starttime="20220327 22:24:47.060" endtime="20220327 22:24:47.103"/>
</kw>
<for flavor="IN RANGE">
<var>${contador}</var>
<value>1</value>
<value>6</value>
<iter>
<var name="${contador}">1</var>
<kw name="clicar no ${Buttons_CON.add_campo_d}" library="Page_profissão_cadastro" sourcename="clicar no ${Button}">
<kw name="Click" library="Browser">
<arg>id=${Button}</arg>
<tag>PageContent</tag>
<tag>Setter</tag>
<doc>Simulates mouse click on the element found by ``selector``.</doc>
<status status="PASS" starttime="20220327 22:24:47.104" endtime="20220327 22:24:47.222"/>
</kw>
<status status="PASS" starttime="20220327 22:24:47.104" endtime="20220327 22:24:47.222"/>
</kw>
<status status="PASS" starttime="20220327 22:24:47.103" endtime="20220327 22:24:47.222"/>
</iter>
<iter>
<var name="${contador}">2</var>
<kw name="clicar no ${Buttons_CON.add_campo_d}" library="Page_profissão_cadastro" sourcename="clicar no ${Button}">
<kw name="Click" library="Browser">
<arg>id=${Button}</arg>
<tag>PageContent</tag>
<tag>Setter</tag>
<doc>Simulates mouse click on the element found by ``selector``.</doc>
<status status="PASS" starttime="20220327 22:24:47.224" endtime="20220327 22:24:47.373"/>
</kw>
<status status="PASS" starttime="20220327 22:24:47.223" endtime="20220327 22:24:47.373"/>
</kw>
<status status="PASS" starttime="20220327 22:24:47.223" endtime="20220327 22:24:47.373"/>
</iter>
<iter>
<var name="${contador}">3</var>
<kw name="clicar no ${Buttons_CON.add_campo_d}" library="Page_profissão_cadastro" sourcename="clicar no ${Button}">
<kw name="Click" library="Browser">
<arg>id=${Button}</arg>
<tag>PageContent</tag>
<tag>Setter</tag>
<doc>Simulates mouse click on the element found by ``selector``.</doc>
<status status="PASS" starttime="20220327 22:24:47.375" endtime="20220327 22:24:47.494"/>
</kw>
<status status="PASS" starttime="20220327 22:24:47.374" endtime="20220327 22:24:47.494"/>
</kw>
<status status="PASS" starttime="20220327 22:24:47.374" endtime="20220327 22:24:47.494"/>
</iter>
<iter>
<var name="${contador}">4</var>
<kw name="clicar no ${Buttons_CON.add_campo_d}" library="Page_profissão_cadastro" sourcename="clicar no ${Button}">
<kw name="Click" library="Browser">
<arg>id=${Button}</arg>
<tag>PageContent</tag>
<tag>Setter</tag>
<doc>Simulates mouse click on the element found by ``selector``.</doc>
<status status="PASS" starttime="20220327 22:24:47.496" endtime="20220327 22:24:47.619"/>
</kw>
<status status="PASS" starttime="20220327 22:24:47.495" endtime="20220327 22:24:47.619"/>
</kw>
<status status="PASS" starttime="20220327 22:24:47.494" endtime="20220327 22:24:47.619"/>
</iter>
<iter>
<var name="${contador}">5</var>
<kw name="clicar no ${Buttons_CON.add_campo_d}" library="Page_profissão_cadastro" sourcename="clicar no ${Button}">
<kw name="Click" library="Browser">
<arg>id=${Button}</arg>
<tag>PageContent</tag>
<tag>Setter</tag>
<doc>Simulates mouse click on the element found by ``selector``.</doc>
<status status="PASS" starttime="20220327 22:24:47.621" endtime="20220327 22:24:47.737"/>
</kw>
<status status="PASS" starttime="20220327 22:24:47.620" endtime="20220327 22:24:47.737"/>
</kw>
<status status="PASS" starttime="20220327 22:24:47.619" endtime="20220327 22:24:47.737"/>
</iter>
<status status="PASS" starttime="20220327 22:24:47.103" endtime="20220327 22:24:47.737"/>
</for>
<status status="PASS" starttime="20220327 22:24:47.060" endtime="20220327 22:24:47.737"/>
</kw>
<kw name="clicar no ${Buttons_CON.add_encaminhamento}" library="Page_profissão_cadastro" sourcename="clicar no ${Button}">
<kw name="Click" library="Browser">
<arg>id=${Button}</arg>
<tag>PageContent</tag>
<tag>Setter</tag>
<doc>Simulates mouse click on the element found by ``selector``.</doc>
<status status="PASS" starttime="20220327 22:24:47.739" endtime="20220327 22:24:47.909"/>
</kw>
<status status="PASS" starttime="20220327 22:24:47.737" endtime="20220327 22:24:47.909"/>
</kw>
<kw name="imprimir" library="Page_conduta">
<kw name="clicar em ${Buttons_CON.sim}" library="Page_agendamento" sourcename="clicar em ${CAMPO}">
<kw name="Click" library="Browser">
<arg>xpath=${CAMPO}</arg>
<tag>PageContent</tag>
<tag>Setter</tag>
<doc>Simulates mouse click on the element found by ``selector``.</doc>
<status status="PASS" starttime="20220327 22:24:47.912" endtime="20220327 22:24:48.358"/>
</kw>
<status status="PASS" starttime="20220327 22:24:47.910" endtime="20220327 22:24:48.358"/>
</kw>
<status status="PASS" starttime="20220327 22:24:47.910" endtime="20220327 22:24:48.358"/>
</kw>
<status status="PASS" starttime="20220327 22:24:39.683" endtime="20220327 22:24:48.358"/>
</kw>
<kw name="clicar em ${Buttons_CON.add_rec}" library="Page_agendamento" sourcename="clicar em ${CAMPO}">
<kw name="Click" library="Browser">
<arg>xpath=${CAMPO}</arg>
<tag>PageContent</tag>
<tag>Setter</tag>
<doc>Simulates mouse click on the element found by ``selector``.</doc>
<status status="PASS" starttime="20220327 22:24:48.361" endtime="20220327 22:24:48.585"/>
</kw>
<status status="PASS" starttime="20220327 22:24:48.359" endtime="20220327 22:24:48.585"/>
</kw>
<kw name="receituário de medicamentos" library="Page_conduta">
<kw name="selecionar o ${Valor_campos_CON.tipo_receita} no ${Campos_CON.tipo_receita}" library="Page_profissão_cadastro" sourcename="selecionar o ${VALOR} no ${CAMPO}">
<kw name="Convert To Upper Case" library="String">
<var>${VALOR2}</var>
<arg>${VALOR}</arg>
<doc>Converts string to upper case.</doc>
<msg timestamp="20220327 22:24:48.591" level="INFO">${VALOR2} = NORMAL</msg>
<status status="PASS" starttime="20220327 22:24:48.590" endtime="20220327 22:24:48.591"/>
</kw>
<kw name="Select Options By" library="Browser">
<arg>id=${CAMPO}</arg>
<arg>Text</arg>
<arg>${VALOR2}</arg>
<tag>PageContent</tag>
<tag>Setter</tag>
<doc>Selects options from select element found by ``selector``.</doc>
<status status="PASS" starttime="20220327 22:24:48.591" endtime="20220327 22:24:48.725"/>
</kw>
<status status="PASS" starttime="20220327 22:24:48.587" endtime="20220327 22:24:48.725"/>
</kw>
<kw name="preencher o ${Campos_CON.resumo_receita} com ${Valor_campos_CON.resumo_receita}" library="Page_profissão_cadastro" sourcename="preencher o ${CAMPO} com ${VALOR}">
<kw name="Type Text" library="Browser">
<arg>id=${CAMPO}</arg>
<arg>${VALOR}</arg>
<tag>PageContent</tag>
<tag>Setter</tag>
<doc>Types the given ``txt`` into the text field found by ``selector``.</doc>
<msg timestamp="20220327 22:24:48.730" level="INFO">Types the text 'Teste automatizado' in the given field.</msg>
<status status="PASS" starttime="20220327 22:24:48.730" endtime="20220327 22:24:48.952"/>
</kw>
<status status="PASS" starttime="20220327 22:24:48.726" endtime="20220327 22:24:48.952"/>
</kw>
<kw name="adicionar campo encaminhamento" library="Page_conduta">
<kw name="selecionar o ${Valor_campos_CON.add_campo_rec} no ${Campos_CON.add_campo_rec}" library="Page_profissão_cadastro" sourcename="selecionar o ${VALOR} no ${CAMPO}">
<kw name="Convert To Upper Case" library="String">
<var>${VALOR2}</var>
<arg>${VALOR}</arg>
<doc>Converts string to upper case.</doc>
<msg timestamp="20220327 22:24:48.958" level="INFO">${VALOR2} = DATA DO ATENDIMENTO</msg>
<status status="PASS" starttime="20220327 22:24:48.957" endtime="20220327 22:24:48.958"/>
</kw>
<kw name="Select Options By" library="Browser">
<arg>id=${CAMPO}</arg>
<arg>Text</arg>
<arg>${VALOR2}</arg>
<tag>PageContent</tag>
<tag>Setter</tag>
<doc>Selects options from select element found by ``selector``.</doc>
<status status="PASS" starttime="20220327 22:24:48.959" endtime="20220327 22:24:48.993"/>
</kw>
<status status="PASS" starttime="20220327 22:24:48.953" endtime="20220327 22:24:48.993"/>
</kw>
<for flavor="IN RANGE">
<var>${contador}</var>
<value>1</value>
<value>6</value>
<iter>
<var name="${contador}">1</var>
<kw name="clicar no ${Buttons_CON.add_campo_rec}" library="Page_profissão_cadastro" sourcename="clicar no ${Button}">
<kw name="Click" library="Browser">
<arg>id=${Button}</arg>
<tag>PageContent</tag>
<tag>Setter</tag>
<doc>Simulates mouse click on the element found by ``selector``.</doc>
<status status="PASS" starttime="20220327 22:24:48.996" endtime="20220327 22:24:49.183"/>
</kw>
<status status="PASS" starttime="20220327 22:24:48.994" endtime="20220327 22:24:49.183"/>
</kw>
<status status="PASS" starttime="20220327 22:24:48.994" endtime="20220327 22:24:49.183"/>
</iter>
<iter>
<var name="${contador}">2</var>
<kw name="clicar no ${Buttons_CON.add_campo_rec}" library="Page_profissão_cadastro" sourcename="clicar no ${Button}">
<kw name="Click" library="Browser">
<arg>id=${Button}</arg>
<tag>PageContent</tag>
<tag>Setter</tag>
<doc>Simulates mouse click on the element found by ``selector``.</doc>
<status status="PASS" starttime="20220327 22:24:49.185" endtime="20220327 22:24:49.601"/>
</kw>
<status status="PASS" starttime="20220327 22:24:49.184" endtime="20220327 22:24:49.602"/>
</kw>
<status status="PASS" starttime="20220327 22:24:49.183" endtime="20220327 22:24:49.602"/>
</iter>
<iter>
<var name="${contador}">3</var>
<kw name="clicar no ${Buttons_CON.add_campo_rec}" library="Page_profissão_cadastro" sourcename="clicar no ${Button}">
<kw name="Click" library="Browser">
<arg>id=${Button}</arg>
<tag>PageContent</tag>
<tag>Setter</tag>
<doc>Simulates mouse click on the element found by ``selector``.</doc>
<status status="PASS" starttime="20220327 22:24:49.604" endtime="20220327 22:24:49.728"/>
</kw>
<status status="PASS" starttime="20220327 22:24:49.603" endtime="20220327 22:24:49.729"/>
</kw>
<status status="PASS" starttime="20220327 22:24:49.602" endtime="20220327 22:24:49.729"/>
</iter>
<iter>
<var name="${contador}">4</var>
<kw name="clicar no ${Buttons_CON.add_campo_rec}" library="Page_profissão_cadastro" sourcename="clicar no ${Button}">
<kw name="Click" library="Browser">
<arg>id=${Button}</arg>
<tag>PageContent</tag>
<tag>Setter</tag>
<doc>Simulates mouse click on the element found by ``selector``.</doc>
<status status="PASS" starttime="20220327 22:24:49.730" endtime="20220327 22:24:49.846"/>
</kw>
<status status="PASS" starttime="20220327 22:24:49.729" endtime="20220327 22:24:49.846"/>
</kw>
<status status="PASS" starttime="20220327 22:24:49.729" endtime="20220327 22:24:49.846"/>
</iter>
<iter>
<var name="${contador}">5</var>
<kw name="clicar no ${Buttons_CON.add_campo_rec}" library="Page_profissão_cadastro" sourcename="clicar no ${Button}">
<kw name="Click" library="Browser">
<arg>id=${Button}</arg>
<tag>PageContent</tag>
<tag>Setter</tag>
<doc>Simulates mouse click on the element found by ``selector``.</doc>
<status status="PASS" starttime="20220327 22:24:49.848" endtime="20220327 22:24:49.984"/>
</kw>
<status status="PASS" starttime="20220327 22:24:49.847" endtime="20220327 22:24:49.984"/>
</kw>
<status status="PASS" starttime="20220327 22:24:49.846" endtime="20220327 22:24:49.984"/>
</iter>
<status status="PASS" starttime="20220327 22:24:48.993" endtime="20220327 22:24:49.984"/>
</for>
<status status="PASS" starttime="20220327 22:24:48.952" endtime="20220327 22:24:49.984"/>
</kw>
<kw name="clicar no ${Buttons_CON.add_receita}" library="Page_profissão_cadastro" sourcename="clicar no ${Button}">
<kw name="Click" library="Browser">
<arg>id=${Button}</arg>
<tag>PageContent</tag>
<tag>Setter</tag>
<doc>Simulates mouse click on the element found by ``selector``.</doc>
<status status="PASS" starttime="20220327 22:24:49.986" endtime="20220327 22:24:50.169"/>
</kw>
<status status="PASS" starttime="20220327 22:24:49.985" endtime="20220327 22:24:50.170"/>
</kw>
<kw name="imprimir" library="Page_conduta">
<kw name="clicar em ${Buttons_CON.sim}" library="Page_agendamento" sourcename="clicar em ${CAMPO}">
<kw name="Click" library="Browser">
<arg>xpath=${CAMPO}</arg>
<tag>PageContent</tag>
<tag>Setter</tag>
<doc>Simulates mouse click on the element found by ``selector``.</doc>
<status status="PASS" starttime="20220327 22:24:50.177" endtime="20220327 22:24:50.658"/>
</kw>
<status status="PASS" starttime="20220327 22:24:50.173" endtime="20220327 22:24:50.658"/>
</kw>
<status status="PASS" starttime="20220327 22:24:50.171" endtime="20220327 22:24:50.658"/>
</kw>
<status status="PASS" starttime="20220327 22:24:48.586" endtime="20220327 22:24:50.659"/>
</kw>
<kw name="clicar em ${Buttons_CON.add_exa}" library="Page_agendamento" sourcename="clicar em ${CAMPO}">
<kw name="Click" library="Browser">
<arg>xpath=${CAMPO}</arg>
<tag>PageContent</tag>
<tag>Setter</tag>
<doc>Simulates mouse click on the element found by ``selector``.</doc>
<status status="PASS" starttime="20220327 22:24:50.662" endtime="20220327 22:24:50.877"/>
</kw>
<status status="PASS" starttime="20220327 22:24:50.660" endtime="20220327 22:24:50.877"/>
</kw>
<kw name="exames prescritos" library="Page_conduta">
<kw name="Click" library="Browser">
<arg>xpath=${Campos_CON.procedimento1}</arg>
<tag>PageContent</tag>
<tag>Setter</tag>
<doc>Simulates mouse click on the element found by ``selector``.</doc>
<status status="PASS" starttime="20220327 22:24:50.878" endtime="20220327 22:24:51.345"/>
</kw>
<kw name="Type Text" library="Browser">
<arg>xpath=${Campos_CON.procedimento2}</arg>
<arg>${Valor_campos_CON.procedimento2}</arg>
<tag>PageContent</tag>
<tag>Setter</tag>
<doc>Types the given ``txt`` into the text field found by ``selector``.</doc>
<msg timestamp="20220327 22:24:51.347" level="INFO">Types the text 'ATENDIMENTO À DENÚNCIAS/RECLAMAÇÕES' in the given field.</msg>
<status status="PASS" starttime="20220327 22:24:51.345" endtime="20220327 22:24:52.038"/>
</kw>
<kw name="Sleep" library="BuiltIn">
<arg>2s</arg>
<doc>Pauses the test executed for the given time.</doc>
<msg timestamp="20220327 22:24:54.049" level="INFO">Slept 2 seconds</msg>
<status status="PASS" starttime="20220327 22:24:52.039" endtime="20220327 22:24:54.049"/>
</kw>
<kw name="Click" library="Browser">
<arg>xpath=${Campos_CON.selecionar_procedimento}</arg>
<tag>PageContent</tag>
<tag>Setter</tag>
<doc>Simulates mouse click on the element found by ``selector``.</doc>
<status status="PASS" starttime="20220327 22:24:54.051" endtime="20220327 22:24:54.147"/>
</kw>
<kw name="selecionar o ${Valor_campos_CON.add_campo_exa} no ${Campos_CON.add_campo_exa}" library="Page_profissão_cadastro" sourcename="selecionar o ${VALOR} no ${CAMPO}">
<kw name="Convert To Upper Case" library="String">
<var>${VALOR2}</var>
<arg>${VALOR}</arg>
<doc>Converts string to upper case.</doc>
<msg timestamp="20220327 22:24:54.149" level="INFO">${VALOR2} = DATA DO ATENDIMENTO</msg>
<status status="PASS" starttime="20220327 22:24:54.149" endtime="20220327 22:24:54.149"/>
</kw>
<kw name="Select Options By" library="Browser">
<arg>id=${CAMPO}</arg>
<arg>Text</arg>
<arg>${VALOR2}</arg>
<tag>PageContent</tag>
<tag>Setter</tag>
<doc>Selects options from select element found by ``selector``.</doc>
<status status="PASS" starttime="20220327 22:24:54.150" endtime="20220327 22:24:54.201"/>
</kw>
<status status="PASS" starttime="20220327 22:24:54.147" endtime="20220327 22:24:54.201"/>
</kw>
<for flavor="IN RANGE">
<var>${contador}</var>
<value>1</value>
<value>6</value>
<iter>
<var name="${contador}">1</var>
<kw name="clicar no ${Buttons_CON.add_campo_exa}" library="Page_profissão_cadastro" sourcename="clicar no ${Button}">
<kw name="Click" library="Browser">
<arg>id=${Button}</arg>
<tag>PageContent</tag>
<tag>Setter</tag>
<doc>Simulates mouse click on the element found by ``selector``.</doc>
<status status="PASS" starttime="20220327 22:24:54.203" endtime="20220327 22:24:54.653"/>
</kw>
<status status="PASS" starttime="20220327 22:24:54.202" endtime="20220327 22:24:54.653"/>
</kw>
<status status="PASS" starttime="20220327 22:24:54.202" endtime="20220327 22:24:54.653"/>
</iter>
<iter>
<var name="${contador}">2</var>
<kw name="clicar no ${Buttons_CON.add_campo_exa}" library="Page_profissão_cadastro" sourcename="clicar no ${Button}">
<kw name="Click" library="Browser">
<arg>id=${Button}</arg>
<tag>PageContent</tag>
<tag>Setter</tag>
<doc>Simulates mouse click on the element found by ``selector``.</doc>
<status status="PASS" starttime="20220327 22:24:54.655" endtime="20220327 22:24:54.802"/>
</kw>
<status status="PASS" starttime="20220327 22:24:54.654" endtime="20220327 22:24:54.802"/>
</kw>
<status status="PASS" starttime="20220327 22:24:54.653" endtime="20220327 22:24:54.803"/>
</iter>
<iter>
<var name="${contador}">3</var>
<kw name="clicar no ${Buttons_CON.add_campo_exa}" library="Page_profissão_cadastro" sourcename="clicar no ${Button}">
<kw name="Click" library="Browser">
<arg>id=${Button}</arg>
<tag>PageContent</tag>
<tag>Setter</tag>
<doc>Simulates mouse click on the element found by ``selector``.</doc>
<status status="PASS" starttime="20220327 22:24:54.805" endtime="20220327 22:24:54.967"/>
</kw>
<status status="PASS" starttime="20220327 22:24:54.803" endtime="20220327 22:24:54.967"/>
</kw>
<status status="PASS" starttime="20220327 22:24:54.803" endtime="20220327 22:24:54.967"/>
</iter>
<iter>
<var name="${contador}">4</var>
<kw name="clicar no ${Buttons_CON.add_campo_exa}" library="Page_profissão_cadastro" sourcename="clicar no ${Button}">
<kw name="Click" library="Browser">
<arg>id=${Button}</arg>
<tag>PageContent</tag>
<tag>Setter</tag>
<doc>Simulates mouse click on the element found by ``selector``.</doc>
<status status="PASS" starttime="20220327 22:24:54.969" endtime="20220327 22:24:55.113"/>
</kw>
<status status="PASS" starttime="20220327 22:24:54.968" endtime="20220327 22:24:55.113"/>
</kw>
<status status="PASS" starttime="20220327 22:24:54.968" endtime="20220327 22:24:55.113"/>
</iter>
<iter>
<var name="${contador}">5</var>
<kw name="clicar no ${Buttons_CON.add_campo_exa}" library="Page_profissão_cadastro" sourcename="clicar no ${Button}">
<kw name="Click" library="Browser">
<arg>id=${Button}</arg>
<tag>PageContent</tag>
<tag>Setter</tag>
<doc>Simulates mouse click on the element found by ``selector``.</doc>
<status status="PASS" starttime="20220327 22:24:55.116" endtime="20220327 22:24:55.251"/>
</kw>
<status status="PASS" starttime="20220327 22:24:55.114" endtime="20220327 22:24:55.252"/>
</kw>
<status status="PASS" starttime="20220327 22:24:55.113" endtime="20220327 22:24:55.252"/>
</iter>
<status status="PASS" starttime="20220327 22:24:54.201" endtime="20220327 22:24:55.252"/>
</for>
<kw name="clicar no ${Buttons_CON.salvar_exame}" library="Page_profissão_cadastro" sourcename="clicar no ${Button}">
<kw name="Click" library="Browser">
<arg>id=${Button}</arg>
<tag>PageContent</tag>
<tag>Setter</tag>
<doc>Simulates mouse click on the element found by ``selector``.</doc>
<status status="PASS" starttime="20220327 22:24:55.253" endtime="20220327 22:24:55.441"/>
</kw>
<status status="PASS" starttime="20220327 22:24:55.252" endtime="20220327 22:24:55.441"/>
</kw>
<kw name="imprimir" library="Page_conduta">
<kw name="clicar em ${Buttons_CON.sim}" library="Page_agendamento" sourcename="clicar em ${CAMPO}">
<kw name="Click" library="Browser">
<arg>xpath=${CAMPO}</arg>
<tag>PageContent</tag>
<tag>Setter</tag>
<doc>Simulates mouse click on the element found by ``selector``.</doc>
<status status="PASS" starttime="20220327 22:24:55.444" endtime="20220327 22:24:55.891"/>
</kw>
<status status="PASS" starttime="20220327 22:24:55.442" endtime="20220327 22:24:55.891"/>
</kw>
<status status="PASS" starttime="20220327 22:24:55.441" endtime="20220327 22:24:55.891"/>
</kw>
<kw name="clicar em ${Buttons_CON.nao}" library="Page_agendamento" sourcename="clicar em ${CAMPO}">
<kw name="Click" library="Browser">
<arg>xpath=${CAMPO}</arg>
<tag>PageContent</tag>
<tag>Setter</tag>
<doc>Simulates mouse click on the element found by ``selector``.</doc>
<status status="PASS" starttime="20220327 22:24:55.896" endtime="20220327 22:24:56.904"/>
</kw>
<status status="PASS" starttime="20220327 22:24:55.893" endtime="20220327 22:24:56.904"/>
</kw>
<status status="PASS" starttime="20220327 22:24:50.877" endtime="20220327 22:24:56.904"/>
</kw>
<kw name="atestados" library="Page_conduta">
<kw name="preencher o ${Campos_CON.hora_atendimento} com ${Valor_campos_CON.hora_atendimento}" library="Page_profissão_cadastro" sourcename="preencher o ${CAMPO} com ${VALOR}">
<kw name="Type Text" library="Browser">
<arg>id=${CAMPO}</arg>
<arg>${VALOR}</arg>
<tag>PageContent</tag>
<tag>Setter</tag>
<doc>Types the given ``txt`` into the text field found by ``selector``.</doc>
<msg timestamp="20220327 22:24:56.908" level="INFO">Types the text '10:00' in the given field.</msg>
<status status="PASS" starttime="20220327 22:24:56.907" endtime="20220327 22:24:57.039"/>
</kw>
<status status="PASS" starttime="20220327 22:24:56.905" endtime="20220327 22:24:57.039"/>
</kw>
<kw name="preencher o ${Campos_CON.dias_repouso} com ${Valor_campos_CON.dias_repouso}" library="Page_profissão_cadastro" sourcename="preencher o ${CAMPO} com ${VALOR}">
<kw name="Type Text" library="Browser">
<arg>id=${CAMPO}</arg>
<arg>${VALOR}</arg>
<tag>PageContent</tag>
<tag>Setter</tag>
<doc>Types the given ``txt`` into the text field found by ``selector``.</doc>
<msg timestamp="20220327 22:24:57.045" level="INFO">Types the text '5' in the given field.</msg>
<status status="PASS" starttime="20220327 22:24:57.044" endtime="20220327 22:24:57.126"/>
</kw>
<status status="PASS" starttime="20220327 22:24:57.040" endtime="20220327 22:24:57.126"/>
</kw>
<kw name="selecionar o ${Valor_campos_CON.add_CID} no ${Campos_CON.add_CID}" library="Page_profissão_cadastro" sourcename="selecionar o ${VALOR} no ${CAMPO}">
<kw name="Convert To Upper Case" library="String">
<var>${VALOR2}</var>
<arg>${VALOR}</arg>
<doc>Converts string to upper case.</doc>
<msg timestamp="20220327 22:24:57.131" level="INFO">${VALOR2} = SIM</msg>
<status status="PASS" starttime="20220327 22:24:57.130" endtime="20220327 22:24:57.131"/>
</kw>
<kw name="Select Options By" library="Browser">
<arg>id=${CAMPO}</arg>
<arg>Text</arg>
<arg>${VALOR2}</arg>
<tag>PageContent</tag>
<tag>Setter</tag>
<doc>Selects options from select element found by ``selector``.</doc>
<status status="PASS" starttime="20220327 22:24:57.131" endtime="20220327 22:24:57.173"/>
</kw>
<status status="PASS" starttime="20220327 22:24:57.127" endtime="20220327 22:24:57.174"/>
</kw>
<kw name="Click" library="Browser">
<arg>xpath=${Campos_CON.doenca_CID1}</arg>
<tag>PageContent</tag>
<tag>Setter</tag>
<doc>Simulates mouse click on the element found by ``selector``.</doc>
<status status="PASS" starttime="20220327 22:24:57.174" endtime="20220327 22:24:57.311"/>
</kw>
<kw name="Type Text" library="Browser">
<arg>xpath=${Campos_CON.doenca_CID2}</arg>
<arg>${Valor_campos_CON.doenca_CID2}</arg>
<tag>PageContent</tag>
<tag>Setter</tag>
<doc>Types the given ``txt`` into the text field found by ``selector``.</doc>
<msg timestamp="20220327 22:24:57.315" level="INFO">Types the text 'FEBRE TIFÓIDE' in the given field.</msg>
<status status="PASS" starttime="20220327 22:24:57.312" endtime="20220327 22:24:57.507"/>
</kw>
<kw name="Sleep" library="BuiltIn">
<arg>2s</arg>
<doc>Pauses the test executed for the given time.</doc>
<msg timestamp="20220327 22:24:59.516" level="INFO">Slept 2 seconds</msg>
<status status="PASS" starttime="20220327 22:24:57.507" endtime="20220327 22:24:59.516"/>
</kw>
<kw name="Click" library="Browser">
<arg>xpath=${Campos_CON.selecionar_doenca_CID}</arg>
<tag>PageContent</tag>
<tag>Setter</tag>
<doc>Simulates mouse click on the element found by ``selector``.</doc>
<status status="PASS" starttime="20220327 22:24:59.517" endtime="20220327 22:24:59.618"/>
</kw>
<kw name="clicar em ${Buttons_CON.add_atestados}" library="Page_agendamento" sourcename="clicar em ${CAMPO}">
<kw name="Click" library="Browser">
<arg>xpath=${CAMPO}</arg>
<tag>PageContent</tag>
<tag>Setter</tag>
<doc>Simulates mouse click on the element found by ``selector``.</doc>
<status status="PASS" starttime="20220327 22:24:59.621" endtime="20220327 22:24:59.758"/>
</kw>
<status status="PASS" starttime="20220327 22:24:59.619" endtime="20220327 22:24:59.758"/>
</kw>
<status status="PASS" starttime="20220327 22:24:56.905" endtime="20220327 22:24:59.759"/>
</kw>
<status status="PASS" starttime="20220327 22:24:39.122" endtime="20220327 22:24:59.759"/>
</kw>
<status status="PASS" starttime="20220327 22:24:39.121" endtime="20220327 22:24:59.759"/>
</kw>
<status status="PASS" starttime="20220327 22:24:39.119" endtime="20220327 22:24:59.759"/>
</kw>
<kw name="E" library="bdd">
<arg>clicar em ${Buttons_CON.avançar}</arg>
<kw name="Run Keyword" library="BuiltIn">
<arg>@{Keywords}</arg>
<doc>Executes the given keyword with the given arguments.</doc>
<kw name="clicar em /html/body/div/div[2]/div/div/section/div[2]/div[3]/div[2]/div/div/div[2]/div/div[4]/div/div/div[1]/form[6]/div[3]/div/button[2]" library="Page_agendamento" sourcename="clicar em ${CAMPO}">
<kw name="Click" library="Browser">
<arg>xpath=${CAMPO}</arg>
<tag>PageContent</tag>
<tag>Setter</tag>
<doc>Simulates mouse click on the element found by ``selector``.</doc>
<status status="PASS" starttime="20220327 22:24:59.766" endtime="20220327 22:24:59.905"/>
</kw>
<status status="PASS" starttime="20220327 22:24:59.765" endtime="20220327 22:24:59.905"/>
</kw>
<status status="PASS" starttime="20220327 22:24:59.763" endtime="20220327 22:24:59.905"/>
</kw>
<status status="PASS" starttime="20220327 22:24:59.760" endtime="20220327 22:24:59.906"/>
</kw>
<kw name="E" library="bdd">
<arg>clicar em ${Buttons_CON.cadastrar}</arg>
<kw name="Run Keyword" library="BuiltIn">
<arg>@{Keywords}</arg>
<doc>Executes the given keyword with the given arguments.</doc>
<kw name="clicar em /html/body/div/div[2]/div/div/section/div[2]/div[3]/div[2]/div/div/div[2]/div/div[4]/div/div/div[1]/form[6]/div[3]/div/button[2]" library="Page_agendamento" sourcename="clicar em ${CAMPO}">
<kw name="Click" library="Browser">
<arg>xpath=${CAMPO}</arg>
<tag>PageContent</tag>
<tag>Setter</tag>
<doc>Simulates mouse click on the element found by ``selector``.</doc>
<status status="PASS" starttime="20220327 22:24:59.911" endtime="20220327 22:25:00.534"/>
</kw>
<status status="PASS" starttime="20220327 22:24:59.910" endtime="20220327 22:25:00.534"/>
</kw>
<status status="PASS" starttime="20220327 22:24:59.910" endtime="20220327 22:25:00.534"/>
</kw>
<status status="PASS" starttime="20220327 22:24:59.907" endtime="20220327 22:25:00.535"/>
</kw>
<kw name="Então" library="bdd">
<arg>mensagem de cadastro realizado com sucesso é exibida</arg>
<kw name="Run Keyword" library="BuiltIn">
<arg>@{Keywords}</arg>
<doc>Executes the given keyword with the given arguments.</doc>
<kw name="mensagem de cadastro realizado com sucesso é exibida" library="Page_profissão_cadastro">
<kw name="Wait For Elements State" library="Browser">
<arg>css=.swal-modal</arg>
<arg>visible</arg>
<tag>PageContent</tag>
<tag>Wait</tag>
<doc>Waits for the element found by ``selector`` to satisfy state option.</doc>
<msg timestamp="20220327 22:25:10.799" level="INFO" html="true">&lt;/td&gt;&lt;/tr&gt;&lt;tr&gt;&lt;td colspan="3"&gt;&lt;a href="005_-_Conduta_FAILURE_SCREENSHOT_7.png"&gt;&lt;img src="005_-_Conduta_FAILURE_SCREENSHOT_7.png" width="800px"&gt;&lt;/a&gt;</msg>
<msg timestamp="20220327 22:25:10.803" level="FAIL">TimeoutError: page.waitForSelector: Timeout 10000ms exceeded.
=========================== logs ===========================
waiting for selector "css=.swal-modal" to be visible
============================================================</msg>
<status status="FAIL" starttime="20220327 22:25:00.539" endtime="20220327 22:25:10.803"/>
</kw>
<kw name="Click" library="Browser">
<arg>xpath=${Buttons.OK}</arg>
<tag>PageContent</tag>
<tag>Setter</tag>
<doc>Simulates mouse click on the element found by ``selector``.</doc>
<status status="NOT RUN" starttime="20220327 22:25:10.804" endtime="20220327 22:25:10.804"/>
</kw>
<status status="FAIL" starttime="20220327 22:25:00.538" endtime="20220327 22:25:10.805"/>
</kw>
<status status="FAIL" starttime="20220327 22:25:00.537" endtime="20220327 22:25:10.805"/>
</kw>
<status status="FAIL" starttime="20220327 22:25:00.536" endtime="20220327 22:25:10.805"/>
</kw>
<tag>Teste</tag>
<status status="FAIL" starttime="20220327 22:24:25.744" endtime="20220327 22:25:10.817">TimeoutError: page.waitForSelector: Timeout 10000ms exceeded.
=========================== logs ===========================
waiting for selector "css=.swal-modal" to be visible
============================================================</status>
</test>
<doc>Formulario comum</doc>
<status status="FAIL" starttime="20220327 22:24:18.495" endtime="20220327 22:25:10.885"/>
</suite>
<status status="FAIL" starttime="20220327 22:24:18.464" endtime="20220327 22:25:10.905"/>
</suite>
<statistics>
<total>
<stat pass="0" fail="1" skip="0">All Tests</stat>
</total>
<tag>
<stat pass="0" fail="1" skip="0">Teste</stat>
</tag>
<suite>
<stat pass="0" fail="1" skip="0" id="s1" name="Tests">Tests</stat>
<stat pass="0" fail="1" skip="0" id="s1-s1" name="Formulario comum">Tests.Formulario comum</stat>
</suite>
</statistics>
<errors>
<msg timestamp="20220327 22:24:19.351" level="ERROR">Error in file 'C:\Users\Mayara\Documents\TCC\RobotFramework-Sigsaude\Resources\Page_datastudio.robot' on line 4: Importing library 'RPA.Cloud.Google' failed: ModuleNotFoundError: No module named 'RPA'
Traceback (most recent call last):
  None
PYTHONPATH:
  C:\Users\Mayara\AppData\Roaming\Python\Python39\Scripts\robot.exe
  c:\program files\python39\python39.zip
  c:\program files\python39\DLLs
  c:\program files\python39\lib
  c:\program files\python39
  C:\Users\Mayara\AppData\Roaming\Python\Python39\site-packages
  c:\program files\python39\lib\site-packages</msg>
<msg timestamp="20220327 22:24:19.367" level="ERROR">Error in file 'C:\Users\Mayara\Documents\TCC\RobotFramework-Sigsaude\Resources\Page_capturar_dados.robot' on line 2: Importing library 'RPA.Tables' failed: ModuleNotFoundError: No module named 'RPA'
Traceback (most recent call last):
  None
PYTHONPATH:
  C:\Users\Mayara\AppData\Roaming\Python\Python39\Scripts\robot.exe
  c:\program files\python39\python39.zip
  c:\program files\python39\DLLs
  c:\program files\python39\lib
  c:\program files\python39
  C:\Users\Mayara\AppData\Roaming\Python\Python39\site-packages
  c:\program files\python39\lib\site-packages</msg>
<msg timestamp="20220327 22:24:19.371" level="ERROR">Error in file 'C:\Users\Mayara\Documents\TCC\RobotFramework-Sigsaude\Resources\Page_capturar_dados.robot' on line 3: Importing library 'RPA.Excel.Files' failed: ModuleNotFoundError: No module named 'RPA'
Traceback (most recent call last):
  None
PYTHONPATH:
  C:\Users\Mayara\AppData\Roaming\Python\Python39\Scripts\robot.exe
  c:\program files\python39\python39.zip
  c:\program files\python39\DLLs
  c:\program files\python39\lib
  c:\program files\python39
  C:\Users\Mayara\AppData\Roaming\Python\Python39\site-packages
  c:\program files\python39\lib\site-packages</msg>
</errors>
</robot>
