<?xml version="1.0" encoding="UTF-8"?>
<robot generator="Robot 4.0.3 (Python 3.9.5 on win32)" generated="20220330 00:02:13.538" rpa="false" schemaversion="2">
<suite id="s1" name="Tests" source="C:\Users\Mayara\Documents\TCC\RobotFramework-Sigsaude\Tests">
<suite id="s1-s1" name="Formulario comum" source="C:\Users\Mayara\Documents\TCC\RobotFramework-Sigsaude\Tests\Formulario_comum.robot">
<kw name="configurações informações iniciais &quot;Comum&quot;" library="Page_config_iniciais" type="SETUP" sourcename="configurações informações iniciais &quot;${formulario}&quot;">
<kw name="Init Sheets" library="RPA.Cloud.Google">
<arg>Resources/Arquivos/chave.json</arg>
<tag>init</tag>
<tag>sheets</tag>
<doc>Initialize Google Sheets client</doc>
<msg timestamp="20220330 00:03:25.683" level="INFO">Authenticating with service account file</msg>
<status status="PASS" starttime="20220330 00:03:25.682" endtime="20220330 00:03:26.382"/>
</kw>
<kw name="iniciar navegador sessão &quot;${formulario}&quot;" library="base" sourcename="iniciar navegador sessão &quot;${login_usuario}&quot;">
<kw name="iniciar Navegador" library="base">
<kw name="Get JSON" library="base">
<var>${config_json}</var>
<arg>config.json</arg>
<kw name="Get File" library="OperatingSystem">
<var>${file}</var>
<arg>${EXECDIR}/Files/${file_name}</arg>
<doc>Returns the contents of a specified file.</doc>
<msg timestamp="20220330 00:03:26.387" level="INFO" html="true">Getting file '&lt;a href="file://C:\Users\Mayara\Documents\TCC\RobotFramework-Sigsaude\Files\config.json"&gt;C:\Users\Mayara\Documents\TCC\RobotFramework-Sigsaude\Files\config.json&lt;/a&gt;'.</msg>
<msg timestamp="20220330 00:03:26.388" level="INFO">${file} = {
    "base_url":"https://homologacaosigsaude.imd.ufrn.br/sigsaude",
    "navegador":"chromium",
    "lelog":"https://lelog.netlify.app/"

}</msg>
<status status="PASS" starttime="20220330 00:03:26.386" endtime="20220330 00:03:26.388"/>
</kw>
<kw name="Evaluate" library="BuiltIn">
<var>${super_var}</var>
<arg>json.loads($file)</arg>
<arg>json</arg>
<doc>Evaluates the given expression in Python and returns the result.</doc>
<msg timestamp="20220330 00:03:26.394" level="INFO">${super_var} = {'base_url': 'https://homologacaosigsaude.imd.ufrn.br/sigsaude', 'navegador': 'chromium', 'lelog': 'https://lelog.netlify.app/'}</msg>
<status status="PASS" starttime="20220330 00:03:26.388" endtime="20220330 00:03:26.394"/>
</kw>
<msg timestamp="20220330 00:03:26.394" level="INFO">${config_json} = {'base_url': 'https://homologacaosigsaude.imd.ufrn.br/sigsaude', 'navegador': 'chromium', 'lelog': 'https://lelog.netlify.app/'}</msg>
<status status="PASS" starttime="20220330 00:03:26.385" endtime="20220330 00:03:26.395"/>
</kw>
<kw name="New Browser" library="Browser">
<arg>${config_json["navegador"]}</arg>
<arg>False</arg>
<tag>BrowserControl</tag>
<tag>Setter</tag>
<doc>Create a new playwright Browser with specified options.
See `Browser, Context and Page` for more information about Browser and related concepts.</doc>
<msg timestamp="20220330 00:03:26.396" level="INFO">{"browser": "chromium", "headless": false, "handleSIGINT": true, "handleSIGTERM": true, "handleSIGHUP": true, "timeout": 30000.0, "devtools": false, "slowMo": 0.0}</msg>
<msg timestamp="20220330 00:03:35.216" level="INFO">Successfully created browser with options: {"browser":"chromium","headless":false,"handleSIGINT":true,"handleSIGTERM":true,"handleSIGHUP":true,"timeout":30000,"devtools":false,"slowMo":0}</msg>
<status status="PASS" starttime="20220330 00:03:26.395" endtime="20220330 00:03:35.216"/>
</kw>
<status status="PASS" starttime="20220330 00:03:26.385" endtime="20220330 00:03:35.216"/>
</kw>
<kw name="Get JSON" library="base">
<var>${config_json}</var>
<arg>config.json</arg>
<kw name="Get File" library="OperatingSystem">
<var>${file}</var>
<arg>${EXECDIR}/Files/${file_name}</arg>
<doc>Returns the contents of a specified file.</doc>
<msg timestamp="20220330 00:03:35.216" level="INFO" html="true">Getting file '&lt;a href="file://C:\Users\Mayara\Documents\TCC\RobotFramework-Sigsaude\Files\config.json"&gt;C:\Users\Mayara\Documents\TCC\RobotFramework-Sigsaude\Files\config.json&lt;/a&gt;'.</msg>
<msg timestamp="20220330 00:03:35.216" level="INFO">${file} = {
    "base_url":"https://homologacaosigsaude.imd.ufrn.br/sigsaude",
    "navegador":"chromium",
    "lelog":"https://lelog.netlify.app/"

}</msg>
<status status="PASS" starttime="20220330 00:03:35.216" endtime="20220330 00:03:35.216"/>
</kw>
<kw name="Evaluate" library="BuiltIn">
<var>${super_var}</var>
<arg>json.loads($file)</arg>
<arg>json</arg>
<doc>Evaluates the given expression in Python and returns the result.</doc>
<msg timestamp="20220330 00:03:35.216" level="INFO">${super_var} = {'base_url': 'https://homologacaosigsaude.imd.ufrn.br/sigsaude', 'navegador': 'chromium', 'lelog': 'https://lelog.netlify.app/'}</msg>
<status status="PASS" starttime="20220330 00:03:35.216" endtime="20220330 00:03:35.216"/>
</kw>
<msg timestamp="20220330 00:03:35.216" level="INFO">${config_json} = {'base_url': 'https://homologacaosigsaude.imd.ufrn.br/sigsaude', 'navegador': 'chromium', 'lelog': 'https://lelog.netlify.app/'}</msg>
<status status="PASS" starttime="20220330 00:03:35.216" endtime="20220330 00:03:35.216"/>
</kw>
<kw name="New Page" library="Browser">
<arg>${config_json["base_url"]}</arg>
<tag>BrowserControl</tag>
<tag>Setter</tag>
<doc>Open a new Page. A Page is the Playwright equivalent to a tab.
See `Browser, Context and Page` for more information about Page concept.
Returns a stable identifier for the created page.</doc>
<msg timestamp="20220330 00:03:45.166" level="INFO">Successfully initialized new page object and opened url: https://homologacaosigsaude.imd.ufrn.br/sigsaude</msg>
<msg timestamp="20220330 00:03:45.166" level="INFO">No context was open. New context was automatically opened when this page is created.</msg>
<status status="PASS" starttime="20220330 00:03:35.216" endtime="20220330 00:03:45.167"/>
</kw>
<kw name="Direcionamento da tela &quot;login&quot;" library="nav" sourcename="Direcionamento da tela &quot;${page}&quot;">
<kw name="Get JSON" library="base">
<var>${telas_json}</var>
<arg>telas.json</arg>
<kw name="Get File" library="OperatingSystem">
<var>${file}</var>
<arg>${EXECDIR}/Files/${file_name}</arg>
<doc>Returns the contents of a specified file.</doc>
<msg timestamp="20220330 00:03:45.175" level="INFO" html="true">Getting file '&lt;a href="file://C:\Users\Mayara\Documents\TCC\RobotFramework-Sigsaude\Files\telas.json"&gt;C:\Users\Mayara\Documents\TCC\RobotFramework-Sigsaude\Files\telas.json&lt;/a&gt;'.</msg>
<msg timestamp="20220330 00:03:45.195" level="INFO">${file} = {
    "login":"/login",
    "novo usuario de serviço":"/paciente/cadastro",
    "listar usuarios de serviço":"/paciente",
    "cadastro de colaborador":"/colaborador/form",
    "agendamento":"/agendam...</msg>
<status status="PASS" starttime="20220330 00:03:45.173" endtime="20220330 00:03:45.195"/>
</kw>
<kw name="Evaluate" library="BuiltIn">
<var>${super_var}</var>
<arg>json.loads($file)</arg>
<arg>json</arg>
<doc>Evaluates the given expression in Python and returns the result.</doc>
<msg timestamp="20220330 00:03:45.196" level="INFO">${super_var} = {'login': '/login', 'novo usuario de serviço': '/paciente/cadastro', 'listar usuarios de serviço': '/paciente', 'cadastro de colaborador': '/colaborador/form', 'agendamento': '/agendamento', 'listar c...</msg>
<status status="PASS" starttime="20220330 00:03:45.195" endtime="20220330 00:03:45.196"/>
</kw>
<msg timestamp="20220330 00:03:45.196" level="INFO">${telas_json} = {'login': '/login', 'novo usuario de serviço': '/paciente/cadastro', 'listar usuarios de serviço': '/paciente', 'cadastro de colaborador': '/colaborador/form', 'agendamento': '/agendamento', 'listar c...</msg>
<status status="PASS" starttime="20220330 00:03:45.170" endtime="20220330 00:03:45.197"/>
</kw>
<kw name="Get JSON" library="base">
<var>${config_json}</var>
<arg>config.json</arg>
<kw name="Get File" library="OperatingSystem">
<var>${file}</var>
<arg>${EXECDIR}/Files/${file_name}</arg>
<doc>Returns the contents of a specified file.</doc>
<msg timestamp="20220330 00:03:45.198" level="INFO" html="true">Getting file '&lt;a href="file://C:\Users\Mayara\Documents\TCC\RobotFramework-Sigsaude\Files\config.json"&gt;C:\Users\Mayara\Documents\TCC\RobotFramework-Sigsaude\Files\config.json&lt;/a&gt;'.</msg>
<msg timestamp="20220330 00:03:45.198" level="INFO">${file} = {
    "base_url":"https://homologacaosigsaude.imd.ufrn.br/sigsaude",
    "navegador":"chromium",
    "lelog":"https://lelog.netlify.app/"

}</msg>
<status status="PASS" starttime="20220330 00:03:45.197" endtime="20220330 00:03:45.198"/>
</kw>
<kw name="Evaluate" library="BuiltIn">
<var>${super_var}</var>
<arg>json.loads($file)</arg>
<arg>json</arg>
<doc>Evaluates the given expression in Python and returns the result.</doc>
<msg timestamp="20220330 00:03:45.199" level="INFO">${super_var} = {'base_url': 'https://homologacaosigsaude.imd.ufrn.br/sigsaude', 'navegador': 'chromium', 'lelog': 'https://lelog.netlify.app/'}</msg>
<status status="PASS" starttime="20220330 00:03:45.198" endtime="20220330 00:03:45.199"/>
</kw>
<msg timestamp="20220330 00:03:45.199" level="INFO">${config_json} = {'base_url': 'https://homologacaosigsaude.imd.ufrn.br/sigsaude', 'navegador': 'chromium', 'lelog': 'https://lelog.netlify.app/'}</msg>
<status status="PASS" starttime="20220330 00:03:45.197" endtime="20220330 00:03:45.199"/>
</kw>
<kw name="Go To" library="Browser">
<arg>${config_json["base_url"]}${telas_json["${page}"]}</arg>
<tag>BrowserControl</tag>
<tag>Setter</tag>
<doc>Navigates to the given ``url``.</doc>
<msg timestamp="20220330 00:03:46.094" level="INFO">Succesfully opened URL https://homologacaosigsaude.imd.ufrn.br/sigsaude/login</msg>
<status status="PASS" starttime="20220330 00:03:45.200" endtime="20220330 00:03:46.094"/>
</kw>
<status status="PASS" starttime="20220330 00:03:45.168" endtime="20220330 00:03:46.094"/>
</kw>
<kw name="Get JSON" library="base">
<var>${login_json}</var>
<arg>login.json</arg>
<kw name="Get File" library="OperatingSystem">
<var>${file}</var>
<arg>${EXECDIR}/Files/${file_name}</arg>
<doc>Returns the contents of a specified file.</doc>
<msg timestamp="20220330 00:03:46.096" level="INFO" html="true">Getting file '&lt;a href="file://C:\Users\Mayara\Documents\TCC\RobotFramework-Sigsaude\Files\login.json"&gt;C:\Users\Mayara\Documents\TCC\RobotFramework-Sigsaude\Files\login.json&lt;/a&gt;'.</msg>
<msg timestamp="20220330 00:03:46.169" level="INFO">${file} = {

    "Psicologia":{
        "login": "drpsicologia",
        "senha": 85278120029
    },

    "Endocrinologia":{
        "login": "drendocrinologia",
        "senha": 98841863323
    },

	"Comum": {...</msg>
<status status="PASS" starttime="20220330 00:03:46.095" endtime="20220330 00:03:46.169"/>
</kw>
<kw name="Evaluate" library="BuiltIn">
<var>${super_var}</var>
<arg>json.loads($file)</arg>
<arg>json</arg>
<doc>Evaluates the given expression in Python and returns the result.</doc>
<msg timestamp="20220330 00:03:46.169" level="INFO">${super_var} = {'Psicologia': {'login': 'drpsicologia', 'senha': 85278120029}, 'Endocrinologia': {'login': 'drendocrinologia', 'senha': 98841863323}, 'Comum': {'login': 'uirakuleszatestes', 'senha': '02219235432'}}</msg>
<status status="PASS" starttime="20220330 00:03:46.169" endtime="20220330 00:03:46.169"/>
</kw>
<msg timestamp="20220330 00:03:46.169" level="INFO">${login_json} = {'Psicologia': {'login': 'drpsicologia', 'senha': 85278120029}, 'Endocrinologia': {'login': 'drendocrinologia', 'senha': 98841863323}, 'Comum': {'login': 'uirakuleszatestes', 'senha': '02219235432'}}</msg>
<status status="PASS" starttime="20220330 00:03:46.095" endtime="20220330 00:03:46.169"/>
</kw>
<kw name="Fill Text" library="Browser">
<arg>id=login-username</arg>
<arg>${login_json["${login_usuario}"]["login"]}</arg>
<tag>PageContent</tag>
<tag>Setter</tag>
<doc>Clears and fills the given ``text`` into the text field found by ``selector``.</doc>
<msg timestamp="20220330 00:03:46.169" level="INFO">Fills the text 'uirakuleszatestes' in the given field.</msg>
<status status="PASS" starttime="20220330 00:03:46.169" endtime="20220330 00:03:46.318"/>
</kw>
<kw name="Fill Text" library="Browser">
<arg>id=login-password</arg>
<arg>${login_json["${login_usuario}"]["senha"]}</arg>
<tag>PageContent</tag>
<tag>Setter</tag>
<doc>Clears and fills the given ``text`` into the text field found by ``selector``.</doc>
<msg timestamp="20220330 00:03:46.319" level="INFO">Fills the text '02219235432' in the given field.</msg>
<status status="PASS" starttime="20220330 00:03:46.318" endtime="20220330 00:03:46.367"/>
</kw>
<kw name="Click" library="Browser">
<arg>css=[value='Entrar']</arg>
<tag>PageContent</tag>
<tag>Setter</tag>
<doc>Simulates mouse click on the element found by ``selector``.</doc>
<status status="PASS" starttime="20220330 00:03:46.368" endtime="20220330 00:03:46.999"/>
</kw>
<status status="PASS" starttime="20220330 00:03:26.383" endtime="20220330 00:03:46.999"/>
</kw>
<status status="PASS" starttime="20220330 00:03:25.680" endtime="20220330 00:03:47.000"/>
</kw>
<test id="s1-s1-t1" name="[001] - Dados socioeconômicos para usuarios de serviço novos">
<kw name="Atualizar dash falha &quot;10&quot; &quot;Formulario Comum - DS&quot; &quot;Em progresso&quot; &quot;Mayara&quot;" library="Page_datastudio" sourcename="Atualizar dash falha &quot;${contador3}&quot; &quot;${teste_nome}&quot; &quot;${status}&quot; &quot;${responsavel}&quot;">
<kw name="Evaluate" library="BuiltIn">
<var>${teste_nome}</var>
<arg>[['${teste_nome}']]</arg>
<doc>Evaluates the given expression in Python and returns the result.</doc>
<msg timestamp="20220330 00:03:47.030" level="INFO">${teste_nome} = [['Formulario Comum - DS']]</msg>
<status status="PASS" starttime="20220330 00:03:47.029" endtime="20220330 00:03:47.030"/>
</kw>
<kw name="Clear Sheet Values" library="RPA.Cloud.Google">
<arg>${SHEET_ID}</arg>
<arg>A${contador3}</arg>
<tag>sheets</tag>
<doc>Clear cell values for range of cells within a sheet</doc>
<status status="PASS" starttime="20220330 00:03:47.030" endtime="20220330 00:03:50.853"/>
</kw>
<kw name="Insert Sheet Values" library="RPA.Cloud.Google">
<arg>${SHEET_ID}</arg>
<arg>A${contador3}</arg>
<arg>${teste_nome}</arg>
<tag>sheets</tag>
<doc>Insert values into sheet cells</doc>
<status status="PASS" starttime="20220330 00:03:50.853" endtime="20220330 00:03:51.689"/>
</kw>
<kw name="Evaluate" library="BuiltIn">
<var>${values}</var>
<arg>[['Falhou']]</arg>
<doc>Evaluates the given expression in Python and returns the result.</doc>
<msg timestamp="20220330 00:03:51.690" level="INFO">${values} = [['Falhou']]</msg>
<status status="PASS" starttime="20220330 00:03:51.690" endtime="20220330 00:03:51.690"/>
</kw>
<kw name="Clear Sheet Values" library="RPA.Cloud.Google">
<arg>${SHEET_ID}</arg>
<arg>B${contador3}</arg>
<tag>sheets</tag>
<doc>Clear cell values for range of cells within a sheet</doc>
<status status="PASS" starttime="20220330 00:03:51.690" endtime="20220330 00:03:52.114"/>
</kw>
<kw name="Insert Sheet Values" library="RPA.Cloud.Google">
<arg>${SHEET_ID}</arg>
<arg>B${contador3}</arg>
<arg>${values}</arg>
<tag>sheets</tag>
<doc>Insert values into sheet cells</doc>
<status status="PASS" starttime="20220330 00:03:52.114" endtime="20220330 00:03:52.524"/>
</kw>
<kw name="Get Current Date" library="DateTime">
<var>${DATA}</var>
<doc>Returns current local or UTC time with an optional increment.</doc>
<msg timestamp="20220330 00:03:52.527" level="INFO">${DATA} = 2022-03-30 00:03:52.526</msg>
<status status="PASS" starttime="20220330 00:03:52.525" endtime="20220330 00:03:52.527"/>
</kw>
<kw name="Evaluate" library="BuiltIn">
<var>${DATA}</var>
<arg>[['${DATA}']]</arg>
<doc>Evaluates the given expression in Python and returns the result.</doc>
<msg timestamp="20220330 00:03:52.530" level="INFO">${DATA} = [['2022-03-30 00:03:52.526']]</msg>
<status status="PASS" starttime="20220330 00:03:52.528" endtime="20220330 00:03:52.531"/>
</kw>
<kw name="Clear Sheet Values" library="RPA.Cloud.Google">
<arg>${SHEET_ID}</arg>
<arg>C${contador3}</arg>
<tag>sheets</tag>
<doc>Clear cell values for range of cells within a sheet</doc>
<status status="PASS" starttime="20220330 00:03:52.532" endtime="20220330 00:03:52.954"/>
</kw>
<kw name="Insert Sheet Values" library="RPA.Cloud.Google">
<arg>${SHEET_ID}</arg>
<arg>C${contador3}</arg>
<arg>${DATA}</arg>
<tag>sheets</tag>
<doc>Insert values into sheet cells</doc>
<status status="PASS" starttime="20220330 00:03:52.956" endtime="20220330 00:03:53.376"/>
</kw>
<kw name="Evaluate" library="BuiltIn">
<var>${status}</var>
<arg>[['${status}']]</arg>
<doc>Evaluates the given expression in Python and returns the result.</doc>
<msg timestamp="20220330 00:03:53.376" level="INFO">${status} = [['Em progresso']]</msg>
<status status="PASS" starttime="20220330 00:03:53.376" endtime="20220330 00:03:53.376"/>
</kw>
<kw name="Clear Sheet Values" library="RPA.Cloud.Google">
<arg>${SHEET_ID}</arg>
<arg>D${contador3}</arg>
<tag>sheets</tag>
<doc>Clear cell values for range of cells within a sheet</doc>
<status status="PASS" starttime="20220330 00:03:53.376" endtime="20220330 00:03:53.762"/>
</kw>
<kw name="Insert Sheet Values" library="RPA.Cloud.Google">
<arg>${SHEET_ID}</arg>
<arg>D${contador3}</arg>
<arg>${status}</arg>
<tag>sheets</tag>
<doc>Insert values into sheet cells</doc>
<status status="PASS" starttime="20220330 00:03:53.762" endtime="20220330 00:03:54.203"/>
</kw>
<kw name="Evaluate" library="BuiltIn">
<var>${responsavel}</var>
<arg>[['${responsavel}']]</arg>
<doc>Evaluates the given expression in Python and returns the result.</doc>
<msg timestamp="20220330 00:03:54.205" level="INFO">${responsavel} = [['Mayara']]</msg>
<status status="PASS" starttime="20220330 00:03:54.204" endtime="20220330 00:03:54.205"/>
</kw>
<kw name="Clear Sheet Values" library="RPA.Cloud.Google">
<arg>${SHEET_ID}</arg>
<arg>E${contador3}</arg>
<tag>sheets</tag>
<doc>Clear cell values for range of cells within a sheet</doc>
<status status="PASS" starttime="20220330 00:03:54.205" endtime="20220330 00:03:54.638"/>
</kw>
<kw name="Insert Sheet Values" library="RPA.Cloud.Google">
<arg>${SHEET_ID}</arg>
<arg>E${contador3}</arg>
<arg>${responsavel}</arg>
<tag>sheets</tag>
<doc>Insert values into sheet cells</doc>
<status status="PASS" starttime="20220330 00:03:54.639" endtime="20220330 00:03:55.073"/>
</kw>
<status status="PASS" starttime="20220330 00:03:47.028" endtime="20220330 00:03:55.073"/>
</kw>
<kw name="Dado" library="bdd">
<arg>que o usuario está na tela "minha agenda"</arg>
<kw name="Run Keyword" library="BuiltIn">
<arg>@{Keywords}</arg>
<doc>Executes the given keyword with the given arguments.</doc>
<kw name="que o usuario está na tela &quot;minha agenda&quot;" library="nav" sourcename="que o usuario está na tela &quot;${tela}&quot;">
<kw name="Direcionamento da tela &quot;${tela}&quot;" library="nav" sourcename="Direcionamento da tela &quot;${page}&quot;">
<kw name="Get JSON" library="base">
<var>${telas_json}</var>
<arg>telas.json</arg>
<kw name="Get File" library="OperatingSystem">
<var>${file}</var>
<arg>${EXECDIR}/Files/${file_name}</arg>
<doc>Returns the contents of a specified file.</doc>
<msg timestamp="20220330 00:03:55.083" level="INFO" html="true">Getting file '&lt;a href="file://C:\Users\Mayara\Documents\TCC\RobotFramework-Sigsaude\Files\telas.json"&gt;C:\Users\Mayara\Documents\TCC\RobotFramework-Sigsaude\Files\telas.json&lt;/a&gt;'.</msg>
<msg timestamp="20220330 00:03:55.084" level="INFO">${file} = {
    "login":"/login",
    "novo usuario de serviço":"/paciente/cadastro",
    "listar usuarios de serviço":"/paciente",
    "cadastro de colaborador":"/colaborador/form",
    "agendamento":"/agendam...</msg>
<status status="PASS" starttime="20220330 00:03:55.083" endtime="20220330 00:03:55.084"/>
</kw>
<kw name="Evaluate" library="BuiltIn">
<var>${super_var}</var>
<arg>json.loads($file)</arg>
<arg>json</arg>
<doc>Evaluates the given expression in Python and returns the result.</doc>
<msg timestamp="20220330 00:03:55.085" level="INFO">${super_var} = {'login': '/login', 'novo usuario de serviço': '/paciente/cadastro', 'listar usuarios de serviço': '/paciente', 'cadastro de colaborador': '/colaborador/form', 'agendamento': '/agendamento', 'listar c...</msg>
<status status="PASS" starttime="20220330 00:03:55.085" endtime="20220330 00:03:55.086"/>
</kw>
<msg timestamp="20220330 00:03:55.086" level="INFO">${telas_json} = {'login': '/login', 'novo usuario de serviço': '/paciente/cadastro', 'listar usuarios de serviço': '/paciente', 'cadastro de colaborador': '/colaborador/form', 'agendamento': '/agendamento', 'listar c...</msg>
<status status="PASS" starttime="20220330 00:03:55.078" endtime="20220330 00:03:55.086"/>
</kw>
<kw name="Get JSON" library="base">
<var>${config_json}</var>
<arg>config.json</arg>
<kw name="Get File" library="OperatingSystem">
<var>${file}</var>
<arg>${EXECDIR}/Files/${file_name}</arg>
<doc>Returns the contents of a specified file.</doc>
<msg timestamp="20220330 00:03:55.089" level="INFO" html="true">Getting file '&lt;a href="file://C:\Users\Mayara\Documents\TCC\RobotFramework-Sigsaude\Files\config.json"&gt;C:\Users\Mayara\Documents\TCC\RobotFramework-Sigsaude\Files\config.json&lt;/a&gt;'.</msg>
<msg timestamp="20220330 00:03:55.089" level="INFO">${file} = {
    "base_url":"https://homologacaosigsaude.imd.ufrn.br/sigsaude",
    "navegador":"chromium",
    "lelog":"https://lelog.netlify.app/"

}</msg>
<status status="PASS" starttime="20220330 00:03:55.088" endtime="20220330 00:03:55.089"/>
</kw>
<kw name="Evaluate" library="BuiltIn">
<var>${super_var}</var>
<arg>json.loads($file)</arg>
<arg>json</arg>
<doc>Evaluates the given expression in Python and returns the result.</doc>
<msg timestamp="20220330 00:03:55.091" level="INFO">${super_var} = {'base_url': 'https://homologacaosigsaude.imd.ufrn.br/sigsaude', 'navegador': 'chromium', 'lelog': 'https://lelog.netlify.app/'}</msg>
<status status="PASS" starttime="20220330 00:03:55.090" endtime="20220330 00:03:55.091"/>
</kw>
<msg timestamp="20220330 00:03:55.091" level="INFO">${config_json} = {'base_url': 'https://homologacaosigsaude.imd.ufrn.br/sigsaude', 'navegador': 'chromium', 'lelog': 'https://lelog.netlify.app/'}</msg>
<status status="PASS" starttime="20220330 00:03:55.086" endtime="20220330 00:03:55.091"/>
</kw>
<kw name="Go To" library="Browser">
<arg>${config_json["base_url"]}${telas_json["${page}"]}</arg>
<tag>BrowserControl</tag>
<tag>Setter</tag>
<doc>Navigates to the given ``url``.</doc>
<msg timestamp="20220330 00:04:00.050" level="INFO">Succesfully opened URL https://homologacaosigsaude.imd.ufrn.br/sigsaude/agenda/</msg>
<status status="PASS" starttime="20220330 00:03:55.091" endtime="20220330 00:04:00.051"/>
</kw>
<status status="PASS" starttime="20220330 00:03:55.077" endtime="20220330 00:04:00.051"/>
</kw>
<status status="PASS" starttime="20220330 00:03:55.076" endtime="20220330 00:04:00.052"/>
</kw>
<status status="PASS" starttime="20220330 00:03:55.076" endtime="20220330 00:04:00.052"/>
</kw>
<status status="PASS" starttime="20220330 00:03:55.075" endtime="20220330 00:04:00.054"/>
</kw>
<kw name="Quando" library="bdd">
<arg>preencher o ${Campos_agenda.data_listagem} com ${Valor_campos_agenda.data_listagem}</arg>
<kw name="Run Keyword" library="BuiltIn">
<arg>@{Keywords}</arg>
<doc>Executes the given keyword with the given arguments.</doc>
<kw name="preencher o dataListagem com 01042022" library="Page_profissão_cadastro" sourcename="preencher o ${CAMPO} com ${VALOR}">
<kw name="Type Text" library="Browser">
<arg>id=${CAMPO}</arg>
<arg>${VALOR}</arg>
<tag>PageContent</tag>
<tag>Setter</tag>
<doc>Types the given ``txt`` into the text field found by ``selector``.</doc>
<msg timestamp="20220330 00:04:00.066" level="INFO">Types the text '01042022' in the given field.</msg>
<status status="PASS" starttime="20220330 00:04:00.066" endtime="20220330 00:04:00.313"/>
</kw>
<status status="PASS" starttime="20220330 00:04:00.065" endtime="20220330 00:04:00.314"/>
</kw>
<status status="PASS" starttime="20220330 00:04:00.064" endtime="20220330 00:04:00.314"/>
</kw>
<status status="PASS" starttime="20220330 00:04:00.061" endtime="20220330 00:04:00.315"/>
</kw>
<kw name="E" library="bdd">
<arg>clicar em ${Buttons_agenda.pesquisar}</arg>
<kw name="Run Keyword" library="BuiltIn">
<arg>@{Keywords}</arg>
<doc>Executes the given keyword with the given arguments.</doc>
<kw name="clicar em //*[@id=&quot;formApp&quot;]/div/div[3]/button" library="Page_agendamento" sourcename="clicar em ${CAMPO}">
<kw name="Click" library="Browser">
<arg>xpath=${CAMPO}</arg>
<tag>PageContent</tag>
<tag>Setter</tag>
<doc>Simulates mouse click on the element found by ``selector``.</doc>
<status status="PASS" starttime="20220330 00:04:00.323" endtime="20220330 00:04:00.745"/>
</kw>
<status status="PASS" starttime="20220330 00:04:00.322" endtime="20220330 00:04:00.746"/>
</kw>
<status status="PASS" starttime="20220330 00:04:00.320" endtime="20220330 00:04:00.746"/>
</kw>
<status status="PASS" starttime="20220330 00:04:00.316" endtime="20220330 00:04:00.746"/>
</kw>
<kw name="E" library="bdd">
<arg>clicar em ${Buttons_agenda.DS}</arg>
<kw name="Run Keyword" library="BuiltIn">
<arg>@{Keywords}</arg>
<doc>Executes the given keyword with the given arguments.</doc>
<kw name="clicar em //*//*[@id=&quot;dataTable&quot;]/tbody/tr/td[5]/div/a[1]" library="Page_agendamento" sourcename="clicar em ${CAMPO}">
<kw name="Click" library="Browser">
<arg>xpath=${CAMPO}</arg>
<tag>PageContent</tag>
<tag>Setter</tag>
<doc>Simulates mouse click on the element found by ``selector``.</doc>
<status status="PASS" starttime="20220330 00:04:00.751" endtime="20220330 00:04:02.211"/>
</kw>
<status status="PASS" starttime="20220330 00:04:00.750" endtime="20220330 00:04:02.211"/>
</kw>
<status status="PASS" starttime="20220330 00:04:00.750" endtime="20220330 00:04:02.212"/>
</kw>
<status status="PASS" starttime="20220330 00:04:00.748" endtime="20220330 00:04:02.212"/>
</kw>
<kw name="Então" library="bdd">
<arg>informar situação familiar e econômica</arg>
<kw name="Run Keyword" library="BuiltIn">
<arg>@{Keywords}</arg>
<doc>Executes the given keyword with the given arguments.</doc>
<kw name="informar situação familiar e econômica" library="Page_DS">
<kw name="preencher o ${Campos_DS.quantidade_de_moradores_da_residência} com ${Valor_campos_DS.quantidade_de_moradores_da_residência}" library="Page_profissão_cadastro" sourcename="preencher o ${CAMPO} com ${VALOR}">
<kw name="Type Text" library="Browser">
<arg>id=${CAMPO}</arg>
<arg>${VALOR}</arg>
<tag>PageContent</tag>
<tag>Setter</tag>
<doc>Types the given ``txt`` into the text field found by ``selector``.</doc>
<msg timestamp="20220330 00:04:02.224" level="INFO">Types the text '5' in the given field.</msg>
<status status="PASS" starttime="20220330 00:04:02.223" endtime="20220330 00:04:03.766"/>
</kw>
<status status="PASS" starttime="20220330 00:04:02.218" endtime="20220330 00:04:03.766"/>
</kw>
<kw name="preencher o ${Campos_DS.quantidade_de_pessoas_que_trabalham} com ${Valor_campos_DS.quantidade_de_pessoas_que_trabalham}" library="Page_profissão_cadastro" sourcename="preencher o ${CAMPO} com ${VALOR}">
<kw name="Type Text" library="Browser">
<arg>id=${CAMPO}</arg>
<arg>${VALOR}</arg>
<tag>PageContent</tag>
<tag>Setter</tag>
<doc>Types the given ``txt`` into the text field found by ``selector``.</doc>
<msg timestamp="20220330 00:04:03.769" level="INFO">Types the text '2' in the given field.</msg>
<status status="PASS" starttime="20220330 00:04:03.768" endtime="20220330 00:04:03.842"/>
</kw>
<status status="PASS" starttime="20220330 00:04:03.767" endtime="20220330 00:04:03.842"/>
</kw>
<kw name="preencher o ${Campos_DS.renda_familiar_total} com ${Valor_campos_DS.renda_familiar_total}" library="Page_profissão_cadastro" sourcename="preencher o ${CAMPO} com ${VALOR}">
<kw name="Type Text" library="Browser">
<arg>id=${CAMPO}</arg>
<arg>${VALOR}</arg>
<tag>PageContent</tag>
<tag>Setter</tag>
<doc>Types the given ``txt`` into the text field found by ``selector``.</doc>
<msg timestamp="20220330 00:04:03.846" level="INFO">Types the text '1000' in the given field.</msg>
<status status="PASS" starttime="20220330 00:04:03.845" endtime="20220330 00:04:03.971"/>
</kw>
<status status="PASS" starttime="20220330 00:04:03.843" endtime="20220330 00:04:03.972"/>
</kw>
<kw name="selecionar o ${Valor_campos_DS.possui_beneficio_social} no ${Campos_DS.possui_beneficio_social}" library="Page_profissão_cadastro" sourcename="selecionar o ${VALOR} no ${CAMPO}">
<kw name="Convert To Upper Case" library="String">
<var>${VALOR2}</var>
<arg>${VALOR}</arg>
<doc>Converts string to upper case.</doc>
<msg timestamp="20220330 00:04:03.980" level="INFO">${VALOR2} = SIM</msg>
<status status="PASS" starttime="20220330 00:04:03.979" endtime="20220330 00:04:03.980"/>
</kw>
<kw name="Select Options By" library="Browser">
<arg>id=${CAMPO}</arg>
<arg>Text</arg>
<arg>${VALOR2}</arg>
<tag>PageContent</tag>
<tag>Setter</tag>
<doc>Selects options from select element found by ``selector``.</doc>
<status status="PASS" starttime="20220330 00:04:03.980" endtime="20220330 00:04:04.030"/>
</kw>
<status status="PASS" starttime="20220330 00:04:03.974" endtime="20220330 00:04:04.030"/>
</kw>
<kw name="preencher o beneficio ${Valor_campos_DS.beneficios_sociais2}" library="Page_DS" sourcename="preencher o beneficio ${VALOR}">
<kw name="Click" library="Browser">
<arg>xpath=${Campos_DS.beneficios_sociais1}</arg>
<tag>PageContent</tag>
<tag>Setter</tag>
<doc>Simulates mouse click on the element found by ``selector``.</doc>
<status status="PASS" starttime="20220330 00:04:04.032" endtime="20220330 00:04:04.601"/>
</kw>
<kw name="Fill Text" library="Browser">
<arg>xpath=${Campos_DS.beneficios_sociais2}</arg>
<arg>${VALOR}</arg>
<tag>PageContent</tag>
<tag>Setter</tag>
<doc>Clears and fills the given ``text`` into the text field found by ``selector``.</doc>
<msg timestamp="20220330 00:04:04.604" level="INFO">Fills the text 'ÁGUA PARA TODOS' in the given field.</msg>
<status status="PASS" starttime="20220330 00:04:04.602" endtime="20220330 00:04:04.750"/>
</kw>
<kw name="Click" library="Browser">
<arg>id=${Campos_DS.selecionar_beneficios_sociais}</arg>
<tag>PageContent</tag>
<tag>Setter</tag>
<doc>Simulates mouse click on the element found by ``selector``.</doc>
<status status="PASS" starttime="20220330 00:04:04.751" endtime="20220330 00:04:04.901"/>
</kw>
<status status="PASS" starttime="20220330 00:04:04.031" endtime="20220330 00:04:04.901"/>
</kw>
<status status="PASS" starttime="20220330 00:04:02.216" endtime="20220330 00:04:04.901"/>
</kw>
<status status="PASS" starttime="20220330 00:04:02.215" endtime="20220330 00:04:04.901"/>
</kw>
<status status="PASS" starttime="20220330 00:04:02.214" endtime="20220330 00:04:04.902"/>
</kw>
<kw name="E" library="bdd">
<arg>clicar no ${Buttons_DS.avançar}</arg>
<kw name="Run Keyword" library="BuiltIn">
<arg>@{Keywords}</arg>
<doc>Executes the given keyword with the given arguments.</doc>
<kw name="clicar no nextBtn" library="Page_profissão_cadastro" sourcename="clicar no ${Button}">
<kw name="Click" library="Browser">
<arg>id=${Button}</arg>
<tag>PageContent</tag>
<tag>Setter</tag>
<doc>Simulates mouse click on the element found by ``selector``.</doc>
<status status="PASS" starttime="20220330 00:04:04.909" endtime="20220330 00:04:05.112"/>
</kw>
<status status="PASS" starttime="20220330 00:04:04.908" endtime="20220330 00:04:05.112"/>
</kw>
<status status="PASS" starttime="20220330 00:04:04.907" endtime="20220330 00:04:05.112"/>
</kw>
<status status="PASS" starttime="20220330 00:04:04.903" endtime="20220330 00:04:05.113"/>
</kw>
<kw name="E" library="bdd">
<arg>informar escolaridade e profissão [Novo usuario]</arg>
<kw name="Run Keyword" library="BuiltIn">
<arg>@{Keywords}</arg>
<doc>Executes the given keyword with the given arguments.</doc>
<kw name="informar escolaridade e profissão [Novo usuario]" library="Page_DS">
<kw name="Check Checkbox" library="Browser">
<arg>xpath=${Buttons_DS.alfabetizado}</arg>
<tag>PageContent</tag>
<tag>Setter</tag>
<doc>Checks the checkbox or selects radio button found by ``selector``.</doc>
<status status="PASS" starttime="20220330 00:04:05.117" endtime="20220330 00:04:05.134"/>
</kw>
<kw name="selecionar o ${Valor_campos_DS.grau_de_escolaridade} no ${Campos_DS.grau_de_escolaridade}" library="Page_profissão_cadastro" sourcename="selecionar o ${VALOR} no ${CAMPO}">
<kw name="Convert To Upper Case" library="String">
<var>${VALOR2}</var>
<arg>${VALOR}</arg>
<doc>Converts string to upper case.</doc>
<msg timestamp="20220330 00:04:05.138" level="INFO">${VALOR2} = SUPERIOR GRADUAÇÃO INCOMPLETO</msg>
<status status="PASS" starttime="20220330 00:04:05.137" endtime="20220330 00:04:05.138"/>
</kw>
<kw name="Select Options By" library="Browser">
<arg>id=${CAMPO}</arg>
<arg>Text</arg>
<arg>${VALOR2}</arg>
<tag>PageContent</tag>
<tag>Setter</tag>
<doc>Selects options from select element found by ``selector``.</doc>
<status status="PASS" starttime="20220330 00:04:05.138" endtime="20220330 00:04:05.163"/>
</kw>
<status status="PASS" starttime="20220330 00:04:05.135" endtime="20220330 00:04:05.164"/>
</kw>
<kw name="selecionar o ${Valor_campos_DS.instituição_de_ensino} no ${Campos_DS.instituição_de_ensino}" library="Page_profissão_cadastro" sourcename="selecionar o ${VALOR} no ${CAMPO}">
<kw name="Convert To Upper Case" library="String">
<var>${VALOR2}</var>
<arg>${VALOR}</arg>
<doc>Converts string to upper case.</doc>
<msg timestamp="20220330 00:04:05.167" level="INFO">${VALOR2} = MUNICIPAL</msg>
<status status="PASS" starttime="20220330 00:04:05.166" endtime="20220330 00:04:05.167"/>
</kw>
<kw name="Select Options By" library="Browser">
<arg>id=${CAMPO}</arg>
<arg>Text</arg>
<arg>${VALOR2}</arg>
<tag>PageContent</tag>
<tag>Setter</tag>
<doc>Selects options from select element found by ``selector``.</doc>
<status status="PASS" starttime="20220330 00:04:05.167" endtime="20220330 00:04:05.204"/>
</kw>
<status status="PASS" starttime="20220330 00:04:05.164" endtime="20220330 00:04:05.204"/>
</kw>
<kw name="preencher o ${Campos_DS.curso} com ${Valor_campos_DS.curso}" library="Page_profissão_cadastro" sourcename="preencher o ${CAMPO} com ${VALOR}">
<kw name="Type Text" library="Browser">
<arg>id=${CAMPO}</arg>
<arg>${VALOR}</arg>
<tag>PageContent</tag>
<tag>Setter</tag>
<doc>Types the given ``txt`` into the text field found by ``selector``.</doc>
<msg timestamp="20220330 00:04:05.209" level="INFO">Types the text 'TESTE AUTOMATIZADO' in the given field.</msg>
<status status="PASS" starttime="20220330 00:04:05.208" endtime="20220330 00:04:05.347"/>
</kw>
<status status="PASS" starttime="20220330 00:04:05.204" endtime="20220330 00:04:05.347"/>
</kw>
<kw name="informar a profissao ${Valor_campos_DS.profissoes2}" library="Page_DS" sourcename="informar a profissao ${VALOR}">
<kw name="Click" library="Browser">
<arg>xpath=${Campos_DS.profissoes1}</arg>
<tag>PageContent</tag>
<tag>Setter</tag>
<doc>Simulates mouse click on the element found by ``selector``.</doc>
<status status="PASS" starttime="20220330 00:04:05.348" endtime="20220330 00:04:05.460"/>
</kw>
<kw name="Fill Text" library="Browser">
<arg>xpath=${Campos_DS.profissoes2}</arg>
<arg>${VALOR}</arg>
<tag>PageContent</tag>
<tag>Setter</tag>
<doc>Clears and fills the given ``text`` into the text field found by ``selector``.</doc>
<msg timestamp="20220330 00:04:05.463" level="INFO">Fills the text 'OUTRA PROFISSÃO' in the given field.</msg>
<status status="PASS" starttime="20220330 00:04:05.461" endtime="20220330 00:04:05.518"/>
</kw>
<kw name="Click" library="Browser">
<arg>xpath=${Campos_DS.selecionar_profissoes}</arg>
<tag>PageContent</tag>
<tag>Setter</tag>
<doc>Simulates mouse click on the element found by ``selector``.</doc>
<status status="PASS" starttime="20220330 00:04:05.518" endtime="20220330 00:04:05.587"/>
</kw>
<kw name="Click" library="Browser">
<arg>xpath= //*[@id="multistepFormDS"]/div[3]/div[2]/div[2]/div[3]/label</arg>
<tag>PageContent</tag>
<tag>Setter</tag>
<doc>Simulates mouse click on the element found by ``selector``.</doc>
<status status="PASS" starttime="20220330 00:04:05.587" endtime="20220330 00:04:05.651"/>
</kw>
<status status="PASS" starttime="20220330 00:04:05.347" endtime="20220330 00:04:05.651"/>
</kw>
<kw name="preencher o ${Campos_DS.outra_profissao} com ${Valor_campos_DS.outra_profissao}" library="Page_profissão_cadastro" sourcename="preencher o ${CAMPO} com ${VALOR}">
<kw name="Type Text" library="Browser">
<arg>id=${CAMPO}</arg>
<arg>${VALOR}</arg>
<tag>PageContent</tag>
<tag>Setter</tag>
<doc>Types the given ``txt`` into the text field found by ``selector``.</doc>
<msg timestamp="20220330 00:04:05.654" level="INFO">Types the text 'TESTE AUTOMATIZADO' in the given field.</msg>
<status status="PASS" starttime="20220330 00:04:05.654" endtime="20220330 00:04:05.803"/>
</kw>
<status status="PASS" starttime="20220330 00:04:05.652" endtime="20220330 00:04:05.803"/>
</kw>
<kw name="informar a ocupacao ${Valor_campos_DS.ocupacoes2}" library="Page_DS" sourcename="informar a ocupacao ${VALOR}">
<kw name="Click" library="Browser">
<arg>xpath=${Campos_DS.ocupacoes1}</arg>
<tag>PageContent</tag>
<tag>Setter</tag>
<doc>Simulates mouse click on the element found by ``selector``.</doc>
<status status="PASS" starttime="20220330 00:04:05.805" endtime="20220330 00:04:05.911"/>
</kw>
<kw name="Fill Text" library="Browser">
<arg>xpath=${Campos_DS.ocupacoes2}</arg>
<arg>${VALOR}</arg>
<tag>PageContent</tag>
<tag>Setter</tag>
<doc>Clears and fills the given ``text`` into the text field found by ``selector``.</doc>
<msg timestamp="20220330 00:04:05.913" level="INFO">Fills the text 'OUTRA OCUPAÇÃO' in the given field.</msg>
<status status="PASS" starttime="20220330 00:04:05.911" endtime="20220330 00:04:05.968"/>
</kw>
<kw name="Click" library="Browser">
<arg>xpath=${Campos_DS.selecionar_ocupacoes}</arg>
<tag>PageContent</tag>
<tag>Setter</tag>
<doc>Simulates mouse click on the element found by ``selector``.</doc>
<status status="PASS" starttime="20220330 00:04:05.969" endtime="20220330 00:04:06.155"/>
</kw>
<kw name="Click" library="Browser">
<arg>xpath= //*[@id="multistepFormDS"]/div[3]/div[2]/div[2]/div[3]/label</arg>
<tag>PageContent</tag>
<tag>Setter</tag>
<doc>Simulates mouse click on the element found by ``selector``.</doc>
<status status="PASS" starttime="20220330 00:04:06.155" endtime="20220330 00:04:06.247"/>
</kw>
<status status="PASS" starttime="20220330 00:04:05.803" endtime="20220330 00:04:06.247"/>
</kw>
<kw name="preencher o ${Campos_DS.outra_ocupacao} com ${Valor_campos_DS.outra_ocupacao}" library="Page_profissão_cadastro" sourcename="preencher o ${CAMPO} com ${VALOR}">
<kw name="Type Text" library="Browser">
<arg>id=${CAMPO}</arg>
<arg>${VALOR}</arg>
<tag>PageContent</tag>
<tag>Setter</tag>
<doc>Types the given ``txt`` into the text field found by ``selector``.</doc>
<msg timestamp="20220330 00:04:06.252" level="INFO">Types the text 'TESTE AUTOMATIZADO' in the given field.</msg>
<msg timestamp="20220330 00:04:16.684" level="INFO" html="true">&lt;/td&gt;&lt;/tr&gt;&lt;tr&gt;&lt;td colspan="3"&gt;&lt;a href="001_-_Dados_socioeconmicos_para_usuarios_de_servio_novos_FAILURE_SCREENSHOT_4.png"&gt;&lt;img src="001_-_Dados_socioeconmicos_para_usuarios_de_servio_novos_FAILURE_SCREENSHOT_4.png" width="800px"&gt;&lt;/a&gt;</msg>
<msg timestamp="20220330 00:04:17.640" level="FAIL">TimeoutError: page.fill: Timeout 10000ms exceeded.
=========================== logs ===========================
waiting for selector "id=outraOcupacao"
  selector resolved to visible &lt;input disabled type="text" maxlength="250" id="outraOc…/&gt;
elementHandle.fill("")
  waiting for element to be visible, enabled and editable
    element is not enabled - waiting...
============================================================</msg>
<status status="FAIL" starttime="20220330 00:04:06.252" endtime="20220330 00:04:17.640"/>
</kw>
<status status="FAIL" starttime="20220330 00:04:06.248" endtime="20220330 00:04:17.641"/>
</kw>
<status status="FAIL" starttime="20220330 00:04:05.116" endtime="20220330 00:04:17.642"/>
</kw>
<status status="FAIL" starttime="20220330 00:04:05.115" endtime="20220330 00:04:17.642"/>
</kw>
<status status="FAIL" starttime="20220330 00:04:05.113" endtime="20220330 00:04:17.643"/>
</kw>
<kw name="E" library="bdd">
<arg>clicar no ${Buttons_DS.avançar}</arg>
<status status="NOT RUN" starttime="20220330 00:04:17.643" endtime="20220330 00:04:17.643"/>
</kw>
<kw name="E" library="bdd">
<arg>informar informações adicionais</arg>
<status status="NOT RUN" starttime="20220330 00:04:17.644" endtime="20220330 00:04:17.644"/>
</kw>
<kw name="E" library="bdd">
<arg>clicar no ${Buttons_DS.avançar}</arg>
<status status="NOT RUN" starttime="20220330 00:04:17.645" endtime="20220330 00:04:17.645"/>
</kw>
<kw name="Quando" library="bdd">
<arg>clicar no ${Buttons_oferta.salvar}</arg>
<status status="NOT RUN" starttime="20220330 00:04:17.645" endtime="20220330 00:04:17.645"/>
</kw>
<kw name="Então" library="bdd">
<arg>mensagem de cadastro realizado com sucesso é exibida</arg>
<status status="NOT RUN" starttime="20220330 00:04:17.646" endtime="20220330 00:04:17.646"/>
</kw>
<kw name="Atualizar dash sucesso 10" library="Page_datastudio" sourcename="Atualizar dash sucesso ${contador1}">
<status status="NOT RUN" starttime="20220330 00:04:17.647" endtime="20220330 00:04:17.647"/>
</kw>
<tag>Comum</tag>
<status status="FAIL" starttime="20220330 00:03:47.000" endtime="20220330 00:04:17.648">TimeoutError: page.fill: Timeout 10000ms exceeded.
=========================== logs ===========================
waiting for selector "id=outraOcupacao"
  selector resolved to visible &lt;input disabled type="text" maxlength="250" id="outraOc…/&gt;
elementHandle.fill("")
  waiting for element to be visible, enabled and editable
    element is not enabled - waiting...
============================================================</status>
</test>
<test id="s1-s1-t2" name="[003] - Dados básicos para usuarios de serviço novos">
<kw name="Atualizar dash falha &quot;11&quot; &quot;Formulario Comum - DBS&quot; &quot;Em progresso&quot; &quot;Mayara&quot;" library="Page_datastudio" sourcename="Atualizar dash falha &quot;${contador3}&quot; &quot;${teste_nome}&quot; &quot;${status}&quot; &quot;${responsavel}&quot;">
<kw name="Evaluate" library="BuiltIn">
<var>${teste_nome}</var>
<arg>[['${teste_nome}']]</arg>
<doc>Evaluates the given expression in Python and returns the result.</doc>
<msg timestamp="20220330 00:04:17.664" level="INFO">${teste_nome} = [['Formulario Comum - DBS']]</msg>
<status status="PASS" starttime="20220330 00:04:17.663" endtime="20220330 00:04:17.664"/>
</kw>
<kw name="Clear Sheet Values" library="RPA.Cloud.Google">
<arg>${SHEET_ID}</arg>
<arg>A${contador3}</arg>
<tag>sheets</tag>
<doc>Clear cell values for range of cells within a sheet</doc>
<status status="PASS" starttime="20220330 00:04:17.664" endtime="20220330 00:04:18.103"/>
</kw>
<kw name="Insert Sheet Values" library="RPA.Cloud.Google">
<arg>${SHEET_ID}</arg>
<arg>A${contador3}</arg>
<arg>${teste_nome}</arg>
<tag>sheets</tag>
<doc>Insert values into sheet cells</doc>
<status status="PASS" starttime="20220330 00:04:18.103" endtime="20220330 00:04:18.519"/>
</kw>
<kw name="Evaluate" library="BuiltIn">
<var>${values}</var>
<arg>[['Falhou']]</arg>
<doc>Evaluates the given expression in Python and returns the result.</doc>
<msg timestamp="20220330 00:04:18.520" level="INFO">${values} = [['Falhou']]</msg>
<status status="PASS" starttime="20220330 00:04:18.519" endtime="20220330 00:04:18.520"/>
</kw>
<kw name="Clear Sheet Values" library="RPA.Cloud.Google">
<arg>${SHEET_ID}</arg>
<arg>B${contador3}</arg>
<tag>sheets</tag>
<doc>Clear cell values for range of cells within a sheet</doc>
<status status="PASS" starttime="20220330 00:04:18.520" endtime="20220330 00:04:18.943"/>
</kw>
<kw name="Insert Sheet Values" library="RPA.Cloud.Google">
<arg>${SHEET_ID}</arg>
<arg>B${contador3}</arg>
<arg>${values}</arg>
<tag>sheets</tag>
<doc>Insert values into sheet cells</doc>
<status status="PASS" starttime="20220330 00:04:18.945" endtime="20220330 00:04:19.372"/>
</kw>
<kw name="Get Current Date" library="DateTime">
<var>${DATA}</var>
<doc>Returns current local or UTC time with an optional increment.</doc>
<msg timestamp="20220330 00:04:19.374" level="INFO">${DATA} = 2022-03-30 00:04:19.374</msg>
<status status="PASS" starttime="20220330 00:04:19.374" endtime="20220330 00:04:19.374"/>
</kw>
<kw name="Evaluate" library="BuiltIn">
<var>${DATA}</var>
<arg>[['${DATA}']]</arg>
<doc>Evaluates the given expression in Python and returns the result.</doc>
<msg timestamp="20220330 00:04:19.376" level="INFO">${DATA} = [['2022-03-30 00:04:19.374']]</msg>
<status status="PASS" starttime="20220330 00:04:19.375" endtime="20220330 00:04:19.376"/>
</kw>
<kw name="Clear Sheet Values" library="RPA.Cloud.Google">
<arg>${SHEET_ID}</arg>
<arg>C${contador3}</arg>
<tag>sheets</tag>
<doc>Clear cell values for range of cells within a sheet</doc>
<status status="PASS" starttime="20220330 00:04:19.376" endtime="20220330 00:04:19.732"/>
</kw>
<kw name="Insert Sheet Values" library="RPA.Cloud.Google">
<arg>${SHEET_ID}</arg>
<arg>C${contador3}</arg>
<arg>${DATA}</arg>
<tag>sheets</tag>
<doc>Insert values into sheet cells</doc>
<status status="PASS" starttime="20220330 00:04:19.736" endtime="20220330 00:04:20.082"/>
</kw>
<kw name="Evaluate" library="BuiltIn">
<var>${status}</var>
<arg>[['${status}']]</arg>
<doc>Evaluates the given expression in Python and returns the result.</doc>
<msg timestamp="20220330 00:04:20.083" level="INFO">${status} = [['Em progresso']]</msg>
<status status="PASS" starttime="20220330 00:04:20.082" endtime="20220330 00:04:20.083"/>
</kw>
<kw name="Clear Sheet Values" library="RPA.Cloud.Google">
<arg>${SHEET_ID}</arg>
<arg>D${contador3}</arg>
<tag>sheets</tag>
<doc>Clear cell values for range of cells within a sheet</doc>
<status status="PASS" starttime="20220330 00:04:20.083" endtime="20220330 00:04:20.417"/>
</kw>
<kw name="Insert Sheet Values" library="RPA.Cloud.Google">
<arg>${SHEET_ID}</arg>
<arg>D${contador3}</arg>
<arg>${status}</arg>
<tag>sheets</tag>
<doc>Insert values into sheet cells</doc>
<status status="PASS" starttime="20220330 00:04:20.418" endtime="20220330 00:04:20.750"/>
</kw>
<kw name="Evaluate" library="BuiltIn">
<var>${responsavel}</var>
<arg>[['${responsavel}']]</arg>
<doc>Evaluates the given expression in Python and returns the result.</doc>
<msg timestamp="20220330 00:04:20.751" level="INFO">${responsavel} = [['Mayara']]</msg>
<status status="PASS" starttime="20220330 00:04:20.750" endtime="20220330 00:04:20.751"/>
</kw>
<kw name="Clear Sheet Values" library="RPA.Cloud.Google">
<arg>${SHEET_ID}</arg>
<arg>E${contador3}</arg>
<tag>sheets</tag>
<doc>Clear cell values for range of cells within a sheet</doc>
<status status="PASS" starttime="20220330 00:04:20.751" endtime="20220330 00:04:21.073"/>
</kw>
<kw name="Insert Sheet Values" library="RPA.Cloud.Google">
<arg>${SHEET_ID}</arg>
<arg>E${contador3}</arg>
<arg>${responsavel}</arg>
<tag>sheets</tag>
<doc>Insert values into sheet cells</doc>
<status status="PASS" starttime="20220330 00:04:21.074" endtime="20220330 00:04:21.441"/>
</kw>
<status status="PASS" starttime="20220330 00:04:17.663" endtime="20220330 00:04:21.441"/>
</kw>
<kw name="Dado" library="bdd">
<arg>que o usuario está na tela "minha agenda"</arg>
<kw name="Run Keyword" library="BuiltIn">
<arg>@{Keywords}</arg>
<doc>Executes the given keyword with the given arguments.</doc>
<kw name="que o usuario está na tela &quot;minha agenda&quot;" library="nav" sourcename="que o usuario está na tela &quot;${tela}&quot;">
<kw name="Direcionamento da tela &quot;${tela}&quot;" library="nav" sourcename="Direcionamento da tela &quot;${page}&quot;">
<kw name="Get JSON" library="base">
<var>${telas_json}</var>
<arg>telas.json</arg>
<kw name="Get File" library="OperatingSystem">
<var>${file}</var>
<arg>${EXECDIR}/Files/${file_name}</arg>
<doc>Returns the contents of a specified file.</doc>
<msg timestamp="20220330 00:04:21.467" level="INFO" html="true">Getting file '&lt;a href="file://C:\Users\Mayara\Documents\TCC\RobotFramework-Sigsaude\Files\telas.json"&gt;C:\Users\Mayara\Documents\TCC\RobotFramework-Sigsaude\Files\telas.json&lt;/a&gt;'.</msg>
<msg timestamp="20220330 00:04:21.469" level="INFO">${file} = {
    "login":"/login",
    "novo usuario de serviço":"/paciente/cadastro",
    "listar usuarios de serviço":"/paciente",
    "cadastro de colaborador":"/colaborador/form",
    "agendamento":"/agendam...</msg>
<status status="PASS" starttime="20220330 00:04:21.465" endtime="20220330 00:04:21.470"/>
</kw>
<kw name="Evaluate" library="BuiltIn">
<var>${super_var}</var>
<arg>json.loads($file)</arg>
<arg>json</arg>
<doc>Evaluates the given expression in Python and returns the result.</doc>
<msg timestamp="20220330 00:04:21.476" level="INFO">${super_var} = {'login': '/login', 'novo usuario de serviço': '/paciente/cadastro', 'listar usuarios de serviço': '/paciente', 'cadastro de colaborador': '/colaborador/form', 'agendamento': '/agendamento', 'listar c...</msg>
<status status="PASS" starttime="20220330 00:04:21.471" endtime="20220330 00:04:21.476"/>
</kw>
<msg timestamp="20220330 00:04:21.477" level="INFO">${telas_json} = {'login': '/login', 'novo usuario de serviço': '/paciente/cadastro', 'listar usuarios de serviço': '/paciente', 'cadastro de colaborador': '/colaborador/form', 'agendamento': '/agendamento', 'listar c...</msg>
<status status="PASS" starttime="20220330 00:04:21.463" endtime="20220330 00:04:21.477"/>
</kw>
<kw name="Get JSON" library="base">
<var>${config_json}</var>
<arg>config.json</arg>
<kw name="Get File" library="OperatingSystem">
<var>${file}</var>
<arg>${EXECDIR}/Files/${file_name}</arg>
<doc>Returns the contents of a specified file.</doc>
<msg timestamp="20220330 00:04:21.481" level="INFO" html="true">Getting file '&lt;a href="file://C:\Users\Mayara\Documents\TCC\RobotFramework-Sigsaude\Files\config.json"&gt;C:\Users\Mayara\Documents\TCC\RobotFramework-Sigsaude\Files\config.json&lt;/a&gt;'.</msg>
<msg timestamp="20220330 00:04:21.483" level="INFO">${file} = {
    "base_url":"https://homologacaosigsaude.imd.ufrn.br/sigsaude",
    "navegador":"chromium",
    "lelog":"https://lelog.netlify.app/"

}</msg>
<status status="PASS" starttime="20220330 00:04:21.479" endtime="20220330 00:04:21.483"/>
</kw>
<kw name="Evaluate" library="BuiltIn">
<var>${super_var}</var>
<arg>json.loads($file)</arg>
<arg>json</arg>
<doc>Evaluates the given expression in Python and returns the result.</doc>
<msg timestamp="20220330 00:04:21.484" level="INFO">${super_var} = {'base_url': 'https://homologacaosigsaude.imd.ufrn.br/sigsaude', 'navegador': 'chromium', 'lelog': 'https://lelog.netlify.app/'}</msg>
<status status="PASS" starttime="20220330 00:04:21.483" endtime="20220330 00:04:21.484"/>
</kw>
<msg timestamp="20220330 00:04:21.485" level="INFO">${config_json} = {'base_url': 'https://homologacaosigsaude.imd.ufrn.br/sigsaude', 'navegador': 'chromium', 'lelog': 'https://lelog.netlify.app/'}</msg>
<status status="PASS" starttime="20220330 00:04:21.478" endtime="20220330 00:04:21.485"/>
</kw>
<kw name="Go To" library="Browser">
<arg>${config_json["base_url"]}${telas_json["${page}"]}</arg>
<tag>BrowserControl</tag>
<tag>Setter</tag>
<doc>Navigates to the given ``url``.</doc>
<msg timestamp="20220330 00:04:23.803" level="INFO">Succesfully opened URL https://homologacaosigsaude.imd.ufrn.br/sigsaude/agenda/</msg>
<status status="PASS" starttime="20220330 00:04:21.485" endtime="20220330 00:04:23.803"/>
</kw>
<status status="PASS" starttime="20220330 00:04:21.460" endtime="20220330 00:04:23.803"/>
</kw>
<status status="PASS" starttime="20220330 00:04:21.457" endtime="20220330 00:04:23.803"/>
</kw>
<status status="PASS" starttime="20220330 00:04:21.453" endtime="20220330 00:04:23.804"/>
</kw>
<status status="PASS" starttime="20220330 00:04:21.441" endtime="20220330 00:04:23.804"/>
</kw>
<kw name="Quando" library="bdd">
<arg>preencher o ${Campos_agenda.data_listagem} com ${Valor_campos_agenda.data_listagem}</arg>
<kw name="Run Keyword" library="BuiltIn">
<arg>@{Keywords}</arg>
<doc>Executes the given keyword with the given arguments.</doc>
<kw name="preencher o dataListagem com 01042022" library="Page_profissão_cadastro" sourcename="preencher o ${CAMPO} com ${VALOR}">
<kw name="Type Text" library="Browser">
<arg>id=${CAMPO}</arg>
<arg>${VALOR}</arg>
<tag>PageContent</tag>
<tag>Setter</tag>
<doc>Types the given ``txt`` into the text field found by ``selector``.</doc>
<msg timestamp="20220330 00:04:23.814" level="INFO">Types the text '01042022' in the given field.</msg>
<status status="PASS" starttime="20220330 00:04:23.814" endtime="20220330 00:04:24.036"/>
</kw>
<status status="PASS" starttime="20220330 00:04:23.813" endtime="20220330 00:04:24.036"/>
</kw>
<status status="PASS" starttime="20220330 00:04:23.811" endtime="20220330 00:04:24.037"/>
</kw>
<status status="PASS" starttime="20220330 00:04:23.805" endtime="20220330 00:04:24.037"/>
</kw>
<kw name="E" library="bdd">
<arg>clicar em ${Buttons_agenda.pesquisar}</arg>
<kw name="Run Keyword" library="BuiltIn">
<arg>@{Keywords}</arg>
<doc>Executes the given keyword with the given arguments.</doc>
<kw name="clicar em //*[@id=&quot;formApp&quot;]/div/div[3]/button" library="Page_agendamento" sourcename="clicar em ${CAMPO}">
<kw name="Click" library="Browser">
<arg>xpath=${CAMPO}</arg>
<tag>PageContent</tag>
<tag>Setter</tag>
<doc>Simulates mouse click on the element found by ``selector``.</doc>
<status status="PASS" starttime="20220330 00:04:24.041" endtime="20220330 00:04:24.139"/>
</kw>
<status status="PASS" starttime="20220330 00:04:24.040" endtime="20220330 00:04:24.140"/>
</kw>
<status status="PASS" starttime="20220330 00:04:24.040" endtime="20220330 00:04:24.140"/>
</kw>
<status status="PASS" starttime="20220330 00:04:24.038" endtime="20220330 00:04:24.140"/>
</kw>
<kw name="E" library="bdd">
<arg>clicar em ${Buttons_agenda.DBS}</arg>
<kw name="Run Keyword" library="BuiltIn">
<arg>@{Keywords}</arg>
<doc>Executes the given keyword with the given arguments.</doc>
<kw name="clicar em //*[@id=&quot;dataTable&quot;]/tbody/tr/td[5]/div/a[2]" library="Page_agendamento" sourcename="clicar em ${CAMPO}">
<kw name="Click" library="Browser">
<arg>xpath=${CAMPO}</arg>
<tag>PageContent</tag>
<tag>Setter</tag>
<doc>Simulates mouse click on the element found by ``selector``.</doc>
<status status="PASS" starttime="20220330 00:04:24.149" endtime="20220330 00:04:24.787"/>
</kw>
<status status="PASS" starttime="20220330 00:04:24.148" endtime="20220330 00:04:24.787"/>
</kw>
<status status="PASS" starttime="20220330 00:04:24.147" endtime="20220330 00:04:24.787"/>
</kw>
<status status="PASS" starttime="20220330 00:04:24.144" endtime="20220330 00:04:24.787"/>
</kw>
<kw name="Então" library="bdd">
<arg>informar medidas e sinais vitais</arg>
<kw name="Run Keyword" library="BuiltIn">
<arg>@{Keywords}</arg>
<doc>Executes the given keyword with the given arguments.</doc>
<kw name="informar medidas e sinais vitais" library="Page_DBS">
<kw name="preencher o ${Campos_DBS.peso} com ${Valor_campos_DBS.peso}" library="Page_profissão_cadastro" sourcename="preencher o ${CAMPO} com ${VALOR}">
<kw name="Type Text" library="Browser">
<arg>id=${CAMPO}</arg>
<arg>${VALOR}</arg>
<tag>PageContent</tag>
<tag>Setter</tag>
<doc>Types the given ``txt`` into the text field found by ``selector``.</doc>
<msg timestamp="20220330 00:04:24.798" level="INFO">Types the text '10' in the given field.</msg>
<status status="PASS" starttime="20220330 00:04:24.796" endtime="20220330 00:04:27.192"/>
</kw>
<status status="PASS" starttime="20220330 00:04:24.792" endtime="20220330 00:04:27.192"/>
</kw>
<kw name="preencher o ${Campos_DBS.altura} com ${Valor_campos_DBS.altura}" library="Page_profissão_cadastro" sourcename="preencher o ${CAMPO} com ${VALOR}">
<kw name="Type Text" library="Browser">
<arg>id=${CAMPO}</arg>
<arg>${VALOR}</arg>
<tag>PageContent</tag>
<tag>Setter</tag>
<doc>Types the given ``txt`` into the text field found by ``selector``.</doc>
<msg timestamp="20220330 00:04:27.196" level="INFO">Types the text '10' in the given field.</msg>
<status status="PASS" starttime="20220330 00:04:27.195" endtime="20220330 00:04:27.255"/>
</kw>
<status status="PASS" starttime="20220330 00:04:27.192" endtime="20220330 00:04:27.255"/>
</kw>
<kw name="preencher o ${Campos_DBS.temperatura} com ${Valor_campos_DBS.temperatura}" library="Page_profissão_cadastro" sourcename="preencher o ${CAMPO} com ${VALOR}">
<kw name="Type Text" library="Browser">
<arg>id=${CAMPO}</arg>
<arg>${VALOR}</arg>
<tag>PageContent</tag>
<tag>Setter</tag>
<doc>Types the given ``txt`` into the text field found by ``selector``.</doc>
<msg timestamp="20220330 00:04:27.258" level="INFO">Types the text '10' in the given field.</msg>
<status status="PASS" starttime="20220330 00:04:27.258" endtime="20220330 00:04:27.340"/>
</kw>
<status status="PASS" starttime="20220330 00:04:27.256" endtime="20220330 00:04:27.340"/>
</kw>
<kw name="preencher o ${Campos_DBS.frequencia_respiratoria} com ${Valor_campos_DBS.frequencia_respiratoria}" library="Page_profissão_cadastro" sourcename="preencher o ${CAMPO} com ${VALOR}">
<kw name="Type Text" library="Browser">
<arg>id=${CAMPO}</arg>
<arg>${VALOR}</arg>
<tag>PageContent</tag>
<tag>Setter</tag>
<doc>Types the given ``txt`` into the text field found by ``selector``.</doc>
<msg timestamp="20220330 00:04:27.343" level="INFO">Types the text '10' in the given field.</msg>
<status status="PASS" starttime="20220330 00:04:27.343" endtime="20220330 00:04:27.409"/>
</kw>
<status status="PASS" starttime="20220330 00:04:27.340" endtime="20220330 00:04:27.409"/>
</kw>
<kw name="preencher o ${Campos_DBS.frequencia_cardiaca} com ${Valor_campos_DBS.frequencia_cardiaca}" library="Page_profissão_cadastro" sourcename="preencher o ${CAMPO} com ${VALOR}">
<kw name="Type Text" library="Browser">
<arg>id=${CAMPO}</arg>
<arg>${VALOR}</arg>
<tag>PageContent</tag>
<tag>Setter</tag>
<doc>Types the given ``txt`` into the text field found by ``selector``.</doc>
<msg timestamp="20220330 00:04:27.413" level="INFO">Types the text '10' in the given field.</msg>
<status status="PASS" starttime="20220330 00:04:27.412" endtime="20220330 00:04:27.465"/>
</kw>
<status status="PASS" starttime="20220330 00:04:27.409" endtime="20220330 00:04:27.465"/>
</kw>
<kw name="preencher o ${Campos_DBS.pressao_sistolica} com ${Valor_campos_DBS.pressao_sistolica}" library="Page_profissão_cadastro" sourcename="preencher o ${CAMPO} com ${VALOR}">
<kw name="Type Text" library="Browser">
<arg>id=${CAMPO}</arg>
<arg>${VALOR}</arg>
<tag>PageContent</tag>
<tag>Setter</tag>
<doc>Types the given ``txt`` into the text field found by ``selector``.</doc>
<msg timestamp="20220330 00:04:27.470" level="INFO">Types the text '10' in the given field.</msg>
<status status="PASS" starttime="20220330 00:04:27.470" endtime="20220330 00:04:27.525"/>
</kw>
<status status="PASS" starttime="20220330 00:04:27.466" endtime="20220330 00:04:27.525"/>
</kw>
<kw name="preencher o ${Campos_DBS.frequencia_diastolica} com ${Valor_campos_DBS.frequencia_diastolica}" library="Page_profissão_cadastro" sourcename="preencher o ${CAMPO} com ${VALOR}">
<kw name="Type Text" library="Browser">
<arg>id=${CAMPO}</arg>
<arg>${VALOR}</arg>
<tag>PageContent</tag>
<tag>Setter</tag>
<doc>Types the given ``txt`` into the text field found by ``selector``.</doc>
<msg timestamp="20220330 00:04:27.529" level="INFO">Types the text '10' in the given field.</msg>
<status status="PASS" starttime="20220330 00:04:27.528" endtime="20220330 00:04:27.595"/>
</kw>
<status status="PASS" starttime="20220330 00:04:27.525" endtime="20220330 00:04:27.595"/>
</kw>
<kw name="preencher o ${Campos_DBS.saturacaoO2} com ${Valor_campos_DBS.saturacaoO2}" library="Page_profissão_cadastro" sourcename="preencher o ${CAMPO} com ${VALOR}">
<kw name="Type Text" library="Browser">
<arg>id=${CAMPO}</arg>
<arg>${VALOR}</arg>
<tag>PageContent</tag>
<tag>Setter</tag>
<doc>Types the given ``txt`` into the text field found by ``selector``.</doc>
<msg timestamp="20220330 00:04:27.599" level="INFO">Types the text '10' in the given field.</msg>
<status status="PASS" starttime="20220330 00:04:27.598" endtime="20220330 00:04:27.657"/>
</kw>
<status status="PASS" starttime="20220330 00:04:27.596" endtime="20220330 00:04:27.657"/>
</kw>
<kw name="preencher o ${Campos_DBS.glicemia} com ${Valor_campos_DBS.glicemia}" library="Page_profissão_cadastro" sourcename="preencher o ${CAMPO} com ${VALOR}">
<kw name="Type Text" library="Browser">
<arg>id=${CAMPO}</arg>
<arg>${VALOR}</arg>
<tag>PageContent</tag>
<tag>Setter</tag>
<doc>Types the given ``txt`` into the text field found by ``selector``.</doc>
<msg timestamp="20220330 00:04:27.660" level="INFO">Types the text '10' in the given field.</msg>
<status status="PASS" starttime="20220330 00:04:27.659" endtime="20220330 00:04:27.714"/>
</kw>
<status status="PASS" starttime="20220330 00:04:27.657" endtime="20220330 00:04:27.714"/>
</kw>
<status status="PASS" starttime="20220330 00:04:24.791" endtime="20220330 00:04:27.715"/>
</kw>
<status status="PASS" starttime="20220330 00:04:24.790" endtime="20220330 00:04:27.715"/>
</kw>
<status status="PASS" starttime="20220330 00:04:24.789" endtime="20220330 00:04:27.715"/>
</kw>
<kw name="E" library="bdd">
<arg>clicar no ${Buttons_DBS.avançar}</arg>
<kw name="Run Keyword" library="BuiltIn">
<arg>@{Keywords}</arg>
<doc>Executes the given keyword with the given arguments.</doc>
<kw name="clicar no nextBtn" library="Page_profissão_cadastro" sourcename="clicar no ${Button}">
<kw name="Click" library="Browser">
<arg>id=${Button}</arg>
<tag>PageContent</tag>
<tag>Setter</tag>
<doc>Simulates mouse click on the element found by ``selector``.</doc>
<status status="PASS" starttime="20220330 00:04:27.719" endtime="20220330 00:04:27.814"/>
</kw>
<status status="PASS" starttime="20220330 00:04:27.718" endtime="20220330 00:04:27.814"/>
</kw>
<status status="PASS" starttime="20220330 00:04:27.718" endtime="20220330 00:04:27.814"/>
</kw>
<status status="PASS" starttime="20220330 00:04:27.716" endtime="20220330 00:04:27.815"/>
</kw>
<kw name="E" library="bdd">
<arg>informar procedência do usuário do serviço</arg>
<kw name="Run Keyword" library="BuiltIn">
<arg>@{Keywords}</arg>
<doc>Executes the given keyword with the given arguments.</doc>
<kw name="informar procedência do usuário do serviço" library="Page_DBS">
<kw name="selecionar o ${Valor_campos_DBS.tipo_iniciativa} no ${campos_DBS.tipo_procedencia}" library="Page_profissão_cadastro" sourcename="selecionar o ${VALOR} no ${CAMPO}">
<kw name="Convert To Upper Case" library="String">
<var>${VALOR2}</var>
<arg>${VALOR}</arg>
<doc>Converts string to upper case.</doc>
<msg timestamp="20220330 00:04:27.822" level="INFO">${VALOR2} = INICIATIVA PRÓPRIA</msg>
<status status="PASS" starttime="20220330 00:04:27.821" endtime="20220330 00:04:27.822"/>
</kw>
<kw name="Select Options By" library="Browser">
<arg>id=${CAMPO}</arg>
<arg>Text</arg>
<arg>${VALOR2}</arg>
<tag>PageContent</tag>
<tag>Setter</tag>
<doc>Selects options from select element found by ``selector``.</doc>
<status status="PASS" starttime="20220330 00:04:27.822" endtime="20220330 00:04:27.852"/>
</kw>
<status status="PASS" starttime="20220330 00:04:27.818" endtime="20220330 00:04:27.852"/>
</kw>
<status status="PASS" starttime="20220330 00:04:27.817" endtime="20220330 00:04:27.853"/>
</kw>
<status status="PASS" starttime="20220330 00:04:27.817" endtime="20220330 00:04:27.853"/>
</kw>
<status status="PASS" starttime="20220330 00:04:27.816" endtime="20220330 00:04:27.853"/>
</kw>
<kw name="E" library="bdd">
<arg>clicar no ${Buttons_DBS.avançar}</arg>
<kw name="Run Keyword" library="BuiltIn">
<arg>@{Keywords}</arg>
<doc>Executes the given keyword with the given arguments.</doc>
<kw name="clicar no nextBtn" library="Page_profissão_cadastro" sourcename="clicar no ${Button}">
<kw name="Click" library="Browser">
<arg>id=${Button}</arg>
<tag>PageContent</tag>
<tag>Setter</tag>
<doc>Simulates mouse click on the element found by ``selector``.</doc>
<status status="PASS" starttime="20220330 00:04:27.855" endtime="20220330 00:04:28.110"/>
</kw>
<status status="PASS" starttime="20220330 00:04:27.855" endtime="20220330 00:04:28.110"/>
</kw>
<status status="PASS" starttime="20220330 00:04:27.855" endtime="20220330 00:04:28.110"/>
</kw>
<status status="PASS" starttime="20220330 00:04:27.853" endtime="20220330 00:04:28.110"/>
</kw>
<kw name="E" library="bdd">
<arg>informar historia clinica</arg>
<kw name="Run Keyword" library="BuiltIn">
<arg>@{Keywords}</arg>
<doc>Executes the given keyword with the given arguments.</doc>
<kw name="informar historia clinica" library="Page_DBS">
<kw name="preencher o ${Campos_DBS.descricao_tratamento} com ${Valor_campos_DBS.descricao_tratamento}" library="Page_profissão_cadastro" sourcename="preencher o ${CAMPO} com ${VALOR}">
<kw name="Type Text" library="Browser">
<arg>id=${CAMPO}</arg>
<arg>${VALOR}</arg>
<tag>PageContent</tag>
<tag>Setter</tag>
<doc>Types the given ``txt`` into the text field found by ``selector``.</doc>
<msg timestamp="20220330 00:04:28.119" level="INFO">Types the text 'Teste automatizado' in the given field.</msg>
<status status="PASS" starttime="20220330 00:04:28.118" endtime="20220330 00:04:28.237"/>
</kw>
<status status="PASS" starttime="20220330 00:04:28.116" endtime="20220330 00:04:28.237"/>
</kw>
<status status="PASS" starttime="20220330 00:04:28.115" endtime="20220330 00:04:28.237"/>
</kw>
<status status="PASS" starttime="20220330 00:04:28.115" endtime="20220330 00:04:28.237"/>
</kw>
<status status="PASS" starttime="20220330 00:04:28.113" endtime="20220330 00:04:28.237"/>
</kw>
<kw name="E" library="bdd">
<arg>clicar no ${Buttons_DBS.avançar}</arg>
<kw name="Run Keyword" library="BuiltIn">
<arg>@{Keywords}</arg>
<doc>Executes the given keyword with the given arguments.</doc>
<kw name="clicar no nextBtn" library="Page_profissão_cadastro" sourcename="clicar no ${Button}">
<kw name="Click" library="Browser">
<arg>id=${Button}</arg>
<tag>PageContent</tag>
<tag>Setter</tag>
<doc>Simulates mouse click on the element found by ``selector``.</doc>
<status status="PASS" starttime="20220330 00:04:28.241" endtime="20220330 00:04:28.318"/>
</kw>
<status status="PASS" starttime="20220330 00:04:28.240" endtime="20220330 00:04:28.318"/>
</kw>
<status status="PASS" starttime="20220330 00:04:28.240" endtime="20220330 00:04:28.318"/>
</kw>
<status status="PASS" starttime="20220330 00:04:28.238" endtime="20220330 00:04:28.318"/>
</kw>
<kw name="E" library="bdd">
<arg>informar medicamentos</arg>
<kw name="Run Keyword" library="BuiltIn">
<arg>@{Keywords}</arg>
<doc>Executes the given keyword with the given arguments.</doc>
<kw name="informar medicamentos" library="Page_DBS">
<kw name="selecionar o ${Valor_campos_DBS.utiliza_medicamentos} no ${campos_DBS.utiliza_medicamentos}" library="Page_profissão_cadastro" sourcename="selecionar o ${VALOR} no ${CAMPO}">
<kw name="Convert To Upper Case" library="String">
<var>${VALOR2}</var>
<arg>${VALOR}</arg>
<doc>Converts string to upper case.</doc>
<msg timestamp="20220330 00:04:28.347" level="INFO">${VALOR2} = SIM</msg>
<status status="PASS" starttime="20220330 00:04:28.346" endtime="20220330 00:04:28.347"/>
</kw>
<kw name="Select Options By" library="Browser">
<arg>id=${CAMPO}</arg>
<arg>Text</arg>
<arg>${VALOR2}</arg>
<tag>PageContent</tag>
<tag>Setter</tag>
<doc>Selects options from select element found by ``selector``.</doc>
<status status="PASS" starttime="20220330 00:04:28.347" endtime="20220330 00:04:28.371"/>
</kw>
<status status="PASS" starttime="20220330 00:04:28.343" endtime="20220330 00:04:28.371"/>
</kw>
<kw name="preencher o ${Campos_DBS.medicamentos} com ${Valor_campos_DBS.medicamentos}" library="Page_profissão_cadastro" sourcename="preencher o ${CAMPO} com ${VALOR}">
<kw name="Type Text" library="Browser">
<arg>id=${CAMPO}</arg>
<arg>${VALOR}</arg>
<tag>PageContent</tag>
<tag>Setter</tag>
<doc>Types the given ``txt`` into the text field found by ``selector``.</doc>
<msg timestamp="20220330 00:04:28.373" level="INFO">Types the text 'Teste automatizados' in the given field.</msg>
<msg timestamp="20220330 00:04:38.543" level="INFO" html="true">&lt;/td&gt;&lt;/tr&gt;&lt;tr&gt;&lt;td colspan="3"&gt;&lt;a href="003_-_Dados_bsicos_para_usuarios_de_servio_novos_FAILURE_SCREENSHOT_1.png"&gt;&lt;img src="003_-_Dados_bsicos_para_usuarios_de_servio_novos_FAILURE_SCREENSHOT_1.png" width="800px"&gt;&lt;/a&gt;</msg>
<msg timestamp="20220330 00:04:38.544" level="FAIL">TimeoutError: page.fill: Timeout 10000ms exceeded.
=========================== logs ===========================
waiting for selector "id=inputMedicamento0"
============================================================</msg>
<status status="FAIL" starttime="20220330 00:04:28.373" endtime="20220330 00:04:38.545"/>
</kw>
<status status="FAIL" starttime="20220330 00:04:28.371" endtime="20220330 00:04:38.545"/>
</kw>
<kw name="preencher o ${Campos_DBS.informacoes_adicionais} com ${Valor_campos_DBS.informacoes_adicionais}" library="Page_profissão_cadastro" sourcename="preencher o ${CAMPO} com ${VALOR}">
<status status="NOT RUN" starttime="20220330 00:04:38.547" endtime="20220330 00:04:38.547"/>
</kw>
<kw name="clicar no ${Buttons_DBS.adicionar_medicamento}" library="Page_profissão_cadastro" sourcename="clicar no ${Button}">
<status status="NOT RUN" starttime="20220330 00:04:38.547" endtime="20220330 00:04:38.547"/>
</kw>
<status status="FAIL" starttime="20220330 00:04:28.342" endtime="20220330 00:04:38.548"/>
</kw>
<status status="FAIL" starttime="20220330 00:04:28.342" endtime="20220330 00:04:38.548"/>
</kw>
<status status="FAIL" starttime="20220330 00:04:28.341" endtime="20220330 00:04:38.548"/>
</kw>
<kw name="E" library="bdd">
<arg>clicar no ${Buttons_DBS.avançar}</arg>
<status status="NOT RUN" starttime="20220330 00:04:38.550" endtime="20220330 00:04:38.550"/>
</kw>
<kw name="E" library="bdd">
<arg>informar historia patologica pregressa</arg>
<status status="NOT RUN" starttime="20220330 00:04:38.551" endtime="20220330 00:04:38.551"/>
</kw>
<kw name="E" library="bdd">
<arg>clicar no ${Buttons_DBS.avançar}</arg>
<status status="NOT RUN" starttime="20220330 00:04:38.552" endtime="20220330 00:04:38.552"/>
</kw>
<kw name="E" library="bdd">
<arg>informar historico médico familiar</arg>
<status status="NOT RUN" starttime="20220330 00:04:38.553" endtime="20220330 00:04:38.553"/>
</kw>
<kw name="E" library="bdd">
<arg>clicar no ${Buttons_DBS.avançar}</arg>
<status status="NOT RUN" starttime="20220330 00:04:38.553" endtime="20220330 00:04:38.554"/>
</kw>
<kw name="E" library="bdd">
<arg>informar observações adicionais</arg>
<status status="NOT RUN" starttime="20220330 00:04:38.554" endtime="20220330 00:04:38.555"/>
</kw>
<kw name="E" library="bdd">
<arg>clicar no ${Buttons_DBS.avançar}</arg>
<status status="NOT RUN" starttime="20220330 00:04:38.556" endtime="20220330 00:04:38.556"/>
</kw>
<kw name="Quando" library="bdd">
<arg>clicar no ${Buttons_DBS.cadastrar}</arg>
<status status="NOT RUN" starttime="20220330 00:04:38.557" endtime="20220330 00:04:38.557"/>
</kw>
<kw name="Então" library="bdd">
<arg>mensagem de cadastro realizado com sucesso é exibida</arg>
<status status="NOT RUN" starttime="20220330 00:04:38.558" endtime="20220330 00:04:38.558"/>
</kw>
<kw name="Atualizar dash sucesso 11" library="Page_datastudio" sourcename="Atualizar dash sucesso ${contador1}">
<status status="NOT RUN" starttime="20220330 00:04:38.559" endtime="20220330 00:04:38.559"/>
</kw>
<tag>Comum</tag>
<status status="FAIL" starttime="20220330 00:04:17.657" endtime="20220330 00:04:38.560">TimeoutError: page.fill: Timeout 10000ms exceeded.
=========================== logs ===========================
waiting for selector "id=inputMedicamento0"
============================================================</status>
</test>
<test id="s1-s1-t3" name="[004] - Dados diagnostico">
<kw name="configurações iniciais fora do horario formulario comum" library="Page_config_iniciais" type="SETUP">
<kw name="que o usuario está na tela &quot;minha agenda&quot;" library="nav" sourcename="que o usuario está na tela &quot;${tela}&quot;">
<kw name="Direcionamento da tela &quot;${tela}&quot;" library="nav" sourcename="Direcionamento da tela &quot;${page}&quot;">
<kw name="Get JSON" library="base">
<var>${telas_json}</var>
<arg>telas.json</arg>
<kw name="Get File" library="OperatingSystem">
<var>${file}</var>
<arg>${EXECDIR}/Files/${file_name}</arg>
<doc>Returns the contents of a specified file.</doc>
<msg timestamp="20220330 00:04:38.582" level="INFO" html="true">Getting file '&lt;a href="file://C:\Users\Mayara\Documents\TCC\RobotFramework-Sigsaude\Files\telas.json"&gt;C:\Users\Mayara\Documents\TCC\RobotFramework-Sigsaude\Files\telas.json&lt;/a&gt;'.</msg>
<msg timestamp="20220330 00:04:38.582" level="INFO">${file} = {
    "login":"/login",
    "novo usuario de serviço":"/paciente/cadastro",
    "listar usuarios de serviço":"/paciente",
    "cadastro de colaborador":"/colaborador/form",
    "agendamento":"/agendam...</msg>
<status status="PASS" starttime="20220330 00:04:38.581" endtime="20220330 00:04:38.582"/>
</kw>
<kw name="Evaluate" library="BuiltIn">
<var>${super_var}</var>
<arg>json.loads($file)</arg>
<arg>json</arg>
<doc>Evaluates the given expression in Python and returns the result.</doc>
<msg timestamp="20220330 00:04:38.584" level="INFO">${super_var} = {'login': '/login', 'novo usuario de serviço': '/paciente/cadastro', 'listar usuarios de serviço': '/paciente', 'cadastro de colaborador': '/colaborador/form', 'agendamento': '/agendamento', 'listar c...</msg>
<status status="PASS" starttime="20220330 00:04:38.583" endtime="20220330 00:04:38.584"/>
</kw>
<msg timestamp="20220330 00:04:38.584" level="INFO">${telas_json} = {'login': '/login', 'novo usuario de serviço': '/paciente/cadastro', 'listar usuarios de serviço': '/paciente', 'cadastro de colaborador': '/colaborador/form', 'agendamento': '/agendamento', 'listar c...</msg>
<status status="PASS" starttime="20220330 00:04:38.580" endtime="20220330 00:04:38.584"/>
</kw>
<kw name="Get JSON" library="base">
<var>${config_json}</var>
<arg>config.json</arg>
<kw name="Get File" library="OperatingSystem">
<var>${file}</var>
<arg>${EXECDIR}/Files/${file_name}</arg>
<doc>Returns the contents of a specified file.</doc>
<msg timestamp="20220330 00:04:38.586" level="INFO" html="true">Getting file '&lt;a href="file://C:\Users\Mayara\Documents\TCC\RobotFramework-Sigsaude\Files\config.json"&gt;C:\Users\Mayara\Documents\TCC\RobotFramework-Sigsaude\Files\config.json&lt;/a&gt;'.</msg>
<msg timestamp="20220330 00:04:38.586" level="INFO">${file} = {
    "base_url":"https://homologacaosigsaude.imd.ufrn.br/sigsaude",
    "navegador":"chromium",
    "lelog":"https://lelog.netlify.app/"

}</msg>
<status status="PASS" starttime="20220330 00:04:38.585" endtime="20220330 00:04:38.587"/>
</kw>
<kw name="Evaluate" library="BuiltIn">
<var>${super_var}</var>
<arg>json.loads($file)</arg>
<arg>json</arg>
<doc>Evaluates the given expression in Python and returns the result.</doc>
<msg timestamp="20220330 00:04:38.588" level="INFO">${super_var} = {'base_url': 'https://homologacaosigsaude.imd.ufrn.br/sigsaude', 'navegador': 'chromium', 'lelog': 'https://lelog.netlify.app/'}</msg>
<status status="PASS" starttime="20220330 00:04:38.587" endtime="20220330 00:04:38.588"/>
</kw>
<msg timestamp="20220330 00:04:38.588" level="INFO">${config_json} = {'base_url': 'https://homologacaosigsaude.imd.ufrn.br/sigsaude', 'navegador': 'chromium', 'lelog': 'https://lelog.netlify.app/'}</msg>
<status status="PASS" starttime="20220330 00:04:38.585" endtime="20220330 00:04:38.588"/>
</kw>
<kw name="Go To" library="Browser">
<arg>${config_json["base_url"]}${telas_json["${page}"]}</arg>
<tag>BrowserControl</tag>
<tag>Setter</tag>
<doc>Navigates to the given ``url``.</doc>
<msg timestamp="20220330 00:04:40.481" level="INFO">Succesfully opened URL https://homologacaosigsaude.imd.ufrn.br/sigsaude/agenda/</msg>
<status status="PASS" starttime="20220330 00:04:38.588" endtime="20220330 00:04:40.481"/>
</kw>
<status status="PASS" starttime="20220330 00:04:38.579" endtime="20220330 00:04:40.481"/>
</kw>
<status status="PASS" starttime="20220330 00:04:38.579" endtime="20220330 00:04:40.482"/>
</kw>
<kw name="preencher o ${Campos_agenda.data_listagem} com ${Valor_campos_agenda.data_listagem}" library="Page_profissão_cadastro" sourcename="preencher o ${CAMPO} com ${VALOR}">
<kw name="Type Text" library="Browser">
<arg>id=${CAMPO}</arg>
<arg>${VALOR}</arg>
<tag>PageContent</tag>
<tag>Setter</tag>
<doc>Types the given ``txt`` into the text field found by ``selector``.</doc>
<msg timestamp="20220330 00:04:40.487" level="INFO">Types the text '01042022' in the given field.</msg>
<status status="PASS" starttime="20220330 00:04:40.486" endtime="20220330 00:04:40.727"/>
</kw>
<status status="PASS" starttime="20220330 00:04:40.483" endtime="20220330 00:04:40.727"/>
</kw>
<kw name="clicar em ${Buttons_agenda.pesquisar}" library="Page_agendamento" sourcename="clicar em ${CAMPO}">
<kw name="Click" library="Browser">
<arg>xpath=${CAMPO}</arg>
<tag>PageContent</tag>
<tag>Setter</tag>
<doc>Simulates mouse click on the element found by ``selector``.</doc>
<status status="PASS" starttime="20220330 00:04:40.730" endtime="20220330 00:04:40.826"/>
</kw>
<status status="PASS" starttime="20220330 00:04:40.728" endtime="20220330 00:04:40.828"/>
</kw>
<kw name="clicar em ${Buttons_agenda.atendimento}" library="Page_agendamento" sourcename="clicar em ${CAMPO}">
<kw name="Click" library="Browser">
<arg>xpath=${CAMPO}</arg>
<tag>PageContent</tag>
<tag>Setter</tag>
<doc>Simulates mouse click on the element found by ``selector``.</doc>
<status status="PASS" starttime="20220330 00:04:40.831" endtime="20220330 00:04:41.045"/>
</kw>
<status status="PASS" starttime="20220330 00:04:40.829" endtime="20220330 00:04:41.046"/>
</kw>
<kw name="Sleep" library="BuiltIn">
<arg>3s</arg>
<doc>Pauses the test executed for the given time.</doc>
<msg timestamp="20220330 00:04:44.085" level="INFO">Slept 3 seconds</msg>
<status status="PASS" starttime="20220330 00:04:41.046" endtime="20220330 00:04:44.086"/>
</kw>
<kw name="iniciar atendimento" library="Page_minha_agenda">
<kw name="Click" library="Browser">
<arg>xpath=${Buttons_agenda.sim}</arg>
<tag>PageContent</tag>
<tag>Setter</tag>
<doc>Simulates mouse click on the element found by ``selector``.</doc>
<status status="PASS" starttime="20220330 00:04:44.088" endtime="20220330 00:04:44.201"/>
</kw>
<status status="PASS" starttime="20220330 00:04:44.086" endtime="20220330 00:04:44.202"/>
</kw>
<kw name="fora do horario" library="Page_minha_agenda">
<kw name="Click" library="Browser">
<arg>xpath=${Buttons_agenda.sim}</arg>
<tag>PageContent</tag>
<tag>Setter</tag>
<doc>Simulates mouse click on the element found by ``selector``.</doc>
<status status="PASS" starttime="20220330 00:04:44.203" endtime="20220330 00:04:45.913"/>
</kw>
<status status="PASS" starttime="20220330 00:04:44.202" endtime="20220330 00:04:45.914"/>
</kw>
<status status="PASS" starttime="20220330 00:04:38.578" endtime="20220330 00:04:45.914"/>
</kw>
<kw name="Atualizar dash falha &quot;12&quot; &quot;Formulario Comum - Dignostico&quot; &quot;Em progresso&quot; &quot;Mayara&quot;" library="Page_datastudio" sourcename="Atualizar dash falha &quot;${contador3}&quot; &quot;${teste_nome}&quot; &quot;${status}&quot; &quot;${responsavel}&quot;">
<kw name="Evaluate" library="BuiltIn">
<var>${teste_nome}</var>
<arg>[['${teste_nome}']]</arg>
[...]
</kw>
<status status="PASS" starttime="20220330 00:06:50.912" endtime="20220330 00:06:51.072"/>
</kw>
<status status="PASS" starttime="20220330 00:06:50.912" endtime="20220330 00:06:51.072"/>
</iter>
<iter>
<var name="${contador}">4</var>
<kw name="clicar no ${Buttons_CON.add_campo_exa}" library="Page_profissão_cadastro" sourcename="clicar no ${Button}">
<kw name="Click" library="Browser">
<arg>id=${Button}</arg>
<tag>PageContent</tag>
<tag>Setter</tag>
<doc>Simulates mouse click on the element found by ``selector``.</doc>
<status status="PASS" starttime="20220330 00:06:51.075" endtime="20220330 00:06:51.511"/>
</kw>
<status status="PASS" starttime="20220330 00:06:51.073" endtime="20220330 00:06:51.511"/>
</kw>
<status status="PASS" starttime="20220330 00:06:51.073" endtime="20220330 00:06:51.511"/>
</iter>
<iter>
<var name="${contador}">5</var>
<kw name="clicar no ${Buttons_CON.add_campo_exa}" library="Page_profissão_cadastro" sourcename="clicar no ${Button}">
<kw name="Click" library="Browser">
<arg>id=${Button}</arg>
<tag>PageContent</tag>
<tag>Setter</tag>
<doc>Simulates mouse click on the element found by ``selector``.</doc>
<status status="PASS" starttime="20220330 00:06:51.513" endtime="20220330 00:06:51.655"/>
</kw>
<status status="PASS" starttime="20220330 00:06:51.511" endtime="20220330 00:06:51.656"/>
</kw>
<status status="PASS" starttime="20220330 00:06:51.511" endtime="20220330 00:06:51.656"/>
</iter>
<status status="PASS" starttime="20220330 00:06:50.596" endtime="20220330 00:06:51.656"/>
</for>
<kw name="clicar no ${Buttons_CON.salvar_exame}" library="Page_profissão_cadastro" sourcename="clicar no ${Button}">
<kw name="Click" library="Browser">
<arg>id=${Button}</arg>
<tag>PageContent</tag>
<tag>Setter</tag>
<doc>Simulates mouse click on the element found by ``selector``.</doc>
<status status="PASS" starttime="20220330 00:06:51.658" endtime="20220330 00:06:51.852"/>
</kw>
<status status="PASS" starttime="20220330 00:06:51.656" endtime="20220330 00:06:51.852"/>
</kw>
<kw name="imprimir" library="Page_conduta">
<kw name="clicar em ${Buttons_CON.sim}" library="Page_agendamento" sourcename="clicar em ${CAMPO}">
<kw name="Click" library="Browser">
<arg>xpath=${CAMPO}</arg>
<tag>PageContent</tag>
<tag>Setter</tag>
<doc>Simulates mouse click on the element found by ``selector``.</doc>
<status status="PASS" starttime="20220330 00:06:51.856" endtime="20220330 00:06:52.321"/>
</kw>
<status status="PASS" starttime="20220330 00:06:51.854" endtime="20220330 00:06:52.322"/>
</kw>
<status status="PASS" starttime="20220330 00:06:51.853" endtime="20220330 00:06:52.322"/>
</kw>
<kw name="Sleep" library="BuiltIn">
<arg>3s</arg>
<doc>Pauses the test executed for the given time.</doc>
<msg timestamp="20220330 00:06:55.331" level="INFO">Slept 3 seconds</msg>
<status status="PASS" starttime="20220330 00:06:52.323" endtime="20220330 00:06:55.331"/>
</kw>
<kw name="Wait For Elements State" library="Browser">
<arg>xpath=/html/body/div[2]/div</arg>
<arg>visible</arg>
<tag>PageContent</tag>
<tag>Wait</tag>
<doc>Waits for the element found by ``selector`` to satisfy state option.</doc>
<msg timestamp="20220330 00:06:55.412" level="INFO">Wait for Element with selector: xpath=/html/body/div[2]/div</msg>
<status status="PASS" starttime="20220330 00:06:55.332" endtime="20220330 00:06:55.412"/>
</kw>
<kw name="clicar em ${Buttons_CON.nao}" library="Page_agendamento" sourcename="clicar em ${CAMPO}">
<kw name="Click" library="Browser">
<arg>xpath=${CAMPO}</arg>
<tag>PageContent</tag>
<tag>Setter</tag>
<doc>Simulates mouse click on the element found by ``selector``.</doc>
<status status="PASS" starttime="20220330 00:06:55.415" endtime="20220330 00:06:55.497"/>
</kw>
<status status="PASS" starttime="20220330 00:06:55.413" endtime="20220330 00:06:55.497"/>
</kw>
<status status="PASS" starttime="20220330 00:06:44.975" endtime="20220330 00:06:55.497"/>
</kw>
<kw name="atestados" library="Page_conduta">
<kw name="preencher o ${Campos_CON.hora_atendimento} com ${Valor_campos_CON.hora_atendimento}" library="Page_profissão_cadastro" sourcename="preencher o ${CAMPO} com ${VALOR}">
<kw name="Type Text" library="Browser">
<arg>id=${CAMPO}</arg>
<arg>${VALOR}</arg>
<tag>PageContent</tag>
<tag>Setter</tag>
<doc>Types the given ``txt`` into the text field found by ``selector``.</doc>
<msg timestamp="20220330 00:06:55.503" level="INFO">Types the text '10:00' in the given field.</msg>
<status status="PASS" starttime="20220330 00:06:55.502" endtime="20220330 00:06:55.684"/>
</kw>
<status status="PASS" starttime="20220330 00:06:55.501" endtime="20220330 00:06:55.684"/>
</kw>
<kw name="preencher o ${Campos_CON.dias_repouso} com ${Valor_campos_CON.dias_repouso}" library="Page_profissão_cadastro" sourcename="preencher o ${CAMPO} com ${VALOR}">
<kw name="Type Text" library="Browser">
<arg>id=${CAMPO}</arg>
<arg>${VALOR}</arg>
<tag>PageContent</tag>
<tag>Setter</tag>
<doc>Types the given ``txt`` into the text field found by ``selector``.</doc>
<msg timestamp="20220330 00:06:55.688" level="INFO">Types the text '5' in the given field.</msg>
<status status="PASS" starttime="20220330 00:06:55.687" endtime="20220330 00:06:55.769"/>
</kw>
<status status="PASS" starttime="20220330 00:06:55.685" endtime="20220330 00:06:55.770"/>
</kw>
<kw name="selecionar o ${Valor_campos_CON.add_CID} no ${Campos_CON.add_CID}" library="Page_profissão_cadastro" sourcename="selecionar o ${VALOR} no ${CAMPO}">
<kw name="Convert To Upper Case" library="String">
<var>${VALOR2}</var>
<arg>${VALOR}</arg>
<doc>Converts string to upper case.</doc>
<msg timestamp="20220330 00:06:55.773" level="INFO">${VALOR2} = SIM</msg>
<status status="PASS" starttime="20220330 00:06:55.773" endtime="20220330 00:06:55.773"/>
</kw>
<kw name="Select Options By" library="Browser">
<arg>id=${CAMPO}</arg>
<arg>Text</arg>
<arg>${VALOR2}</arg>
<tag>PageContent</tag>
<tag>Setter</tag>
<doc>Selects options from select element found by ``selector``.</doc>
<status status="PASS" starttime="20220330 00:06:55.774" endtime="20220330 00:06:55.843"/>
</kw>
<status status="PASS" starttime="20220330 00:06:55.770" endtime="20220330 00:06:55.844"/>
</kw>
<kw name="Click" library="Browser">
<arg>xpath=${Campos_CON.doenca_CID1}</arg>
<tag>PageContent</tag>
<tag>Setter</tag>
<doc>Simulates mouse click on the element found by ``selector``.</doc>
<status status="PASS" starttime="20220330 00:06:55.845" endtime="20220330 00:06:55.960"/>
</kw>
<kw name="Type Text" library="Browser">
<arg>xpath=${Campos_CON.doenca_CID2}</arg>
<arg>${Valor_campos_CON.doenca_CID2}</arg>
<tag>PageContent</tag>
<tag>Setter</tag>
<doc>Types the given ``txt`` into the text field found by ``selector``.</doc>
<msg timestamp="20220330 00:06:55.964" level="INFO">Types the text 'FEBRE TIFÓIDE' in the given field.</msg>
<status status="PASS" starttime="20220330 00:06:55.961" endtime="20220330 00:06:56.159"/>
</kw>
<kw name="Sleep" library="BuiltIn">
<arg>2s</arg>
<doc>Pauses the test executed for the given time.</doc>
<msg timestamp="20220330 00:06:58.170" level="INFO">Slept 2 seconds</msg>
<status status="PASS" starttime="20220330 00:06:56.159" endtime="20220330 00:06:58.170"/>
</kw>
<kw name="Click" library="Browser">
<arg>xpath=${Campos_CON.selecionar_doenca_CID}</arg>
<tag>PageContent</tag>
<tag>Setter</tag>
<doc>Simulates mouse click on the element found by ``selector``.</doc>
<status status="PASS" starttime="20220330 00:06:58.171" endtime="20220330 00:06:58.291"/>
</kw>
<kw name="clicar em ${Buttons_CON.add_atestados}" library="Page_agendamento" sourcename="clicar em ${CAMPO}">
<kw name="Click" library="Browser">
<arg>xpath=${CAMPO}</arg>
<tag>PageContent</tag>
<tag>Setter</tag>
<doc>Simulates mouse click on the element found by ``selector``.</doc>
<status status="PASS" starttime="20220330 00:06:58.292" endtime="20220330 00:06:58.403"/>
</kw>
<status status="PASS" starttime="20220330 00:06:58.291" endtime="20220330 00:06:58.404"/>
</kw>
<status status="PASS" starttime="20220330 00:06:55.498" endtime="20220330 00:06:58.404"/>
</kw>
<status status="PASS" starttime="20220330 00:06:29.034" endtime="20220330 00:06:58.404"/>
</kw>
<status status="PASS" starttime="20220330 00:06:29.032" endtime="20220330 00:06:58.404"/>
</kw>
<status status="PASS" starttime="20220330 00:06:29.031" endtime="20220330 00:06:58.404"/>
</kw>
<kw name="E" library="bdd">
<arg>clicar em ${Buttons_CON.avançar}</arg>
<kw name="Run Keyword" library="BuiltIn">
<arg>@{Keywords}</arg>
<doc>Executes the given keyword with the given arguments.</doc>
<kw name="clicar em /html/body/div/div[2]/div/div/section/div[2]/div[3]/div[2]/div/div/div[2]/div/div[4]/div/div/div[1]/form[6]/div[3]/div/button[2]" library="Page_agendamento" sourcename="clicar em ${CAMPO}">
<kw name="Click" library="Browser">
<arg>xpath=${CAMPO}</arg>
<tag>PageContent</tag>
<tag>Setter</tag>
<doc>Simulates mouse click on the element found by ``selector``.</doc>
<status status="PASS" starttime="20220330 00:06:58.409" endtime="20220330 00:06:58.853"/>
</kw>
<status status="PASS" starttime="20220330 00:06:58.408" endtime="20220330 00:06:58.854"/>
</kw>
<status status="PASS" starttime="20220330 00:06:58.408" endtime="20220330 00:06:58.854"/>
</kw>
<status status="PASS" starttime="20220330 00:06:58.405" endtime="20220330 00:06:58.854"/>
</kw>
<kw name="E" library="bdd">
<arg>clicar em ${Buttons_CON.cadastrar}</arg>
<kw name="Run Keyword" library="BuiltIn">
<arg>@{Keywords}</arg>
<doc>Executes the given keyword with the given arguments.</doc>
<kw name="clicar em /html/body/div/div[2]/div/div/section/div[2]/div[3]/div[2]/div/div/div[2]/div/div[4]/div/div/div[1]/form[6]/div[3]/div/button[2]" library="Page_agendamento" sourcename="clicar em ${CAMPO}">
<kw name="Click" library="Browser">
<arg>xpath=${CAMPO}</arg>
<tag>PageContent</tag>
<tag>Setter</tag>
<doc>Simulates mouse click on the element found by ``selector``.</doc>
<status status="PASS" starttime="20220330 00:06:58.859" endtime="20220330 00:06:59.506"/>
</kw>
<status status="PASS" starttime="20220330 00:06:58.858" endtime="20220330 00:06:59.507"/>
</kw>
<status status="PASS" starttime="20220330 00:06:58.858" endtime="20220330 00:06:59.507"/>
</kw>
<status status="PASS" starttime="20220330 00:06:58.855" endtime="20220330 00:06:59.507"/>
</kw>
<kw name="Então" library="bdd">
<arg>mensagem de cadastro realizado com sucesso é exibida</arg>
<kw name="Run Keyword" library="BuiltIn">
<arg>@{Keywords}</arg>
<doc>Executes the given keyword with the given arguments.</doc>
<kw name="mensagem de cadastro realizado com sucesso é exibida" library="Page_profissão_cadastro">
<kw name="Wait For Elements State" library="Browser">
<arg>css=.swal-modal</arg>
<arg>visible</arg>
<tag>PageContent</tag>
<tag>Wait</tag>
<doc>Waits for the element found by ``selector`` to satisfy state option.</doc>
<msg timestamp="20220330 00:07:19.562" level="WARN">Keyword 'Take Screenshot' could not be run on failure:
TimeoutError: page.screenshot: Timeout 10000ms exceeded.</msg>
<msg timestamp="20220330 00:07:19.645" level="FAIL">TimeoutError: page.waitForSelector: Timeout 10000ms exceeded.
=========================== logs ===========================
waiting for selector "css=.swal-modal" to be visible
============================================================</msg>
<status status="FAIL" starttime="20220330 00:06:59.516" endtime="20220330 00:07:19.645"/>
</kw>
<kw name="Click" library="Browser">
<arg>xpath=${Buttons.OK}</arg>
<tag>PageContent</tag>
<tag>Setter</tag>
<doc>Simulates mouse click on the element found by ``selector``.</doc>
<status status="NOT RUN" starttime="20220330 00:07:19.645" endtime="20220330 00:07:19.645"/>
</kw>
<status status="FAIL" starttime="20220330 00:06:59.515" endtime="20220330 00:07:19.645"/>
</kw>
<status status="FAIL" starttime="20220330 00:06:59.514" endtime="20220330 00:07:19.645"/>
</kw>
<status status="FAIL" starttime="20220330 00:06:59.513" endtime="20220330 00:07:19.645"/>
</kw>
<kw name="Atualizar dash sucesso 13" library="Page_datastudio" sourcename="Atualizar dash sucesso ${contador1}">
<status status="NOT RUN" starttime="20220330 00:07:19.645" endtime="20220330 00:07:19.645"/>
</kw>
<tag>Comum</tag>
<status status="FAIL" starttime="20220330 00:06:16.618" endtime="20220330 00:07:19.659">TimeoutError: page.waitForSelector: Timeout 10000ms exceeded.
=========================== logs ===========================
waiting for selector "css=.swal-modal" to be visible
============================================================</status>
</test>
<test id="s1-s1-t5" name="[005] - Evoluçao">
<kw name="configurações iniciais fora do horario formulario comum" library="Page_config_iniciais" type="SETUP">
<kw name="que o usuario está na tela &quot;minha agenda&quot;" library="nav" sourcename="que o usuario está na tela &quot;${tela}&quot;">
<kw name="Direcionamento da tela &quot;${tela}&quot;" library="nav" sourcename="Direcionamento da tela &quot;${page}&quot;">
<kw name="Get JSON" library="base">
<var>${telas_json}</var>
<arg>telas.json</arg>
<kw name="Get File" library="OperatingSystem">
<var>${file}</var>
<arg>${EXECDIR}/Files/${file_name}</arg>
<doc>Returns the contents of a specified file.</doc>
<msg timestamp="20220330 00:07:19.935" level="INFO" html="true">Getting file '&lt;a href="file://C:\Users\Mayara\Documents\TCC\RobotFramework-Sigsaude\Files\telas.json"&gt;C:\Users\Mayara\Documents\TCC\RobotFramework-Sigsaude\Files\telas.json&lt;/a&gt;'.</msg>
<msg timestamp="20220330 00:07:19.935" level="INFO">${file} = {
    "login":"/login",
    "novo usuario de serviço":"/paciente/cadastro",
    "listar usuarios de serviço":"/paciente",
    "cadastro de colaborador":"/colaborador/form",
    "agendamento":"/agendam...</msg>
<status status="PASS" starttime="20220330 00:07:19.934" endtime="20220330 00:07:19.935"/>
</kw>
<kw name="Evaluate" library="BuiltIn">
<var>${super_var}</var>
<arg>json.loads($file)</arg>
<arg>json</arg>
<doc>Evaluates the given expression in Python and returns the result.</doc>
<msg timestamp="20220330 00:07:19.936" level="INFO">${super_var} = {'login': '/login', 'novo usuario de serviço': '/paciente/cadastro', 'listar usuarios de serviço': '/paciente', 'cadastro de colaborador': '/colaborador/form', 'agendamento': '/agendamento', 'listar c...</msg>
<status status="PASS" starttime="20220330 00:07:19.936" endtime="20220330 00:07:19.936"/>
</kw>
<msg timestamp="20220330 00:07:19.937" level="INFO">${telas_json} = {'login': '/login', 'novo usuario de serviço': '/paciente/cadastro', 'listar usuarios de serviço': '/paciente', 'cadastro de colaborador': '/colaborador/form', 'agendamento': '/agendamento', 'listar c...</msg>
<status status="PASS" starttime="20220330 00:07:19.933" endtime="20220330 00:07:19.937"/>
</kw>
<kw name="Get JSON" library="base">
<var>${config_json}</var>
<arg>config.json</arg>
<kw name="Get File" library="OperatingSystem">
<var>${file}</var>
<arg>${EXECDIR}/Files/${file_name}</arg>
<doc>Returns the contents of a specified file.</doc>
<msg timestamp="20220330 00:07:19.938" level="INFO" html="true">Getting file '&lt;a href="file://C:\Users\Mayara\Documents\TCC\RobotFramework-Sigsaude\Files\config.json"&gt;C:\Users\Mayara\Documents\TCC\RobotFramework-Sigsaude\Files\config.json&lt;/a&gt;'.</msg>
<msg timestamp="20220330 00:07:19.938" level="INFO">${file} = {
    "base_url":"https://homologacaosigsaude.imd.ufrn.br/sigsaude",
    "navegador":"chromium",
    "lelog":"https://lelog.netlify.app/"

}</msg>
<status status="PASS" starttime="20220330 00:07:19.937" endtime="20220330 00:07:19.938"/>
</kw>
<kw name="Evaluate" library="BuiltIn">
<var>${super_var}</var>
<arg>json.loads($file)</arg>
<arg>json</arg>
<doc>Evaluates the given expression in Python and returns the result.</doc>
<msg timestamp="20220330 00:07:19.939" level="INFO">${super_var} = {'base_url': 'https://homologacaosigsaude.imd.ufrn.br/sigsaude', 'navegador': 'chromium', 'lelog': 'https://lelog.netlify.app/'}</msg>
<status status="PASS" starttime="20220330 00:07:19.938" endtime="20220330 00:07:19.939"/>
</kw>
<msg timestamp="20220330 00:07:19.939" level="INFO">${config_json} = {'base_url': 'https://homologacaosigsaude.imd.ufrn.br/sigsaude', 'navegador': 'chromium', 'lelog': 'https://lelog.netlify.app/'}</msg>
<status status="PASS" starttime="20220330 00:07:19.937" endtime="20220330 00:07:19.939"/>
</kw>
<kw name="Go To" library="Browser">
<arg>${config_json["base_url"]}${telas_json["${page}"]}</arg>
<tag>BrowserControl</tag>
<tag>Setter</tag>
<doc>Navigates to the given ``url``.</doc>
<msg timestamp="20220330 00:07:19.946" level="WARN">Keyword 'Take Screenshot' could not be run on failure:
Error: page.screenshot: Target page, context or browser has been closed</msg>
<msg timestamp="20220330 00:07:20.213" level="FAIL">Error: page.goto: Navigation failed because page was closed!
=========================== logs ===========================
navigating to "https://homologacaosigsaude.imd.ufrn.br/sigsaude/agenda/", waiting until "load"
============================================================</msg>
<status status="FAIL" starttime="20220330 00:07:19.939" endtime="20220330 00:07:20.213"/>
</kw>
<status status="FAIL" starttime="20220330 00:07:19.917" endtime="20220330 00:07:20.213"/>
</kw>
<status status="FAIL" starttime="20220330 00:07:19.917" endtime="20220330 00:07:20.213"/>
</kw>
<kw name="preencher o ${Campos_agenda.data_listagem} com ${Valor_campos_agenda.data_listagem}" library="Page_profissão_cadastro" sourcename="preencher o ${CAMPO} com ${VALOR}">
<status status="NOT RUN" starttime="20220330 00:07:20.213" endtime="20220330 00:07:20.213"/>
</kw>
<kw name="clicar em ${Buttons_agenda.pesquisar}" library="Page_agendamento" sourcename="clicar em ${CAMPO}">
<status status="NOT RUN" starttime="20220330 00:07:20.213" endtime="20220330 00:07:20.213"/>
</kw>
<kw name="clicar em ${Buttons_agenda.atendimento}" library="Page_agendamento" sourcename="clicar em ${CAMPO}">
<status status="NOT RUN" starttime="20220330 00:07:20.213" endtime="20220330 00:07:20.213"/>
</kw>
<kw name="Sleep" library="BuiltIn">
<arg>3s</arg>
<doc>Pauses the test executed for the given time.</doc>
<status status="NOT RUN" starttime="20220330 00:07:20.213" endtime="20220330 00:07:20.213"/>
</kw>
<kw name="iniciar atendimento" library="Page_minha_agenda">
<status status="NOT RUN" starttime="20220330 00:07:20.213" endtime="20220330 00:07:20.213"/>
</kw>
<kw name="fora do horario" library="Page_minha_agenda">
<status status="NOT RUN" starttime="20220330 00:07:20.213" endtime="20220330 00:07:20.213"/>
</kw>
<status status="FAIL" starttime="20220330 00:07:19.917" endtime="20220330 00:07:20.213"/>
</kw>
<tag>Comum</tag>
<status status="FAIL" starttime="20220330 00:07:19.872" endtime="20220330 00:07:20.229">Setup failed:
Error: page.goto: Navigation failed because page was closed!
=========================== logs ===========================
navigating to "https://homologacaosigsaude.imd.ufrn.br/sigsaude/agenda/", waiting until "load"
============================================================</status>
</test>
<doc>Formulario comum</doc>
<status status="FAIL" starttime="20220330 00:02:13.575" endtime="20220330 00:07:20.232"/>
</suite>
<status status="FAIL" starttime="20220330 00:02:13.538" endtime="20220330 00:07:20.264"/>
</suite>
<statistics>
<total>
<stat pass="0" fail="5" skip="0">All Tests</stat>
</total>
<tag>
<stat pass="0" fail="5" skip="0">Comum</stat>
</tag>
<suite>
<stat pass="0" fail="5" skip="0" id="s1" name="Tests">Tests</stat>
<stat pass="0" fail="5" skip="0" id="s1-s1" name="Formulario comum">Tests.Formulario comum</stat>
</suite>
</statistics>
<errors>
<msg timestamp="20220330 00:07:19.562" level="WARN">Keyword 'Take Screenshot' could not be run on failure:
TimeoutError: page.screenshot: Timeout 10000ms exceeded.</msg>
<msg timestamp="20220330 00:07:19.946" level="WARN">Keyword 'Take Screenshot' could not be run on failure:
Error: page.screenshot: Target page, context or browser has been closed</msg>
</errors>
</robot>
