<?xml version="1.0" encoding="UTF-8"?>
<robot generator="Robot 4.0.3 (Python 3.8.10 on linux)" generated="20220331 01:01:41.475" rpa="false" schemaversion="2">
<suite id="s1" name="Tests" source="/home/m.calixta/Sigsaude/RobotFramework-Sigsaude/Tests">
<suite id="s1-s1" name="Usuario serviço" source="/home/m.calixta/Sigsaude/RobotFramework-Sigsaude/Tests/Usuario_serviço.robot">
<kw name="configurações informações iniciais &quot;Comum&quot;" library="Keywords" type="SETUP" sourcename="configurações informações iniciais &quot;${formulario}&quot;">
<kw name="Init Sheets" library="RPA.Cloud.Google">
<arg>Resources/Arquivos/chave.json</arg>
<tag>init</tag>
<tag>sheets</tag>
<doc>Initialize Google Sheets client</doc>
<msg timestamp="20220331 01:01:42.614" level="INFO">Authenticating with service account file</msg>
<status status="PASS" starttime="20220331 01:01:42.613" endtime="20220331 01:01:42.624"/>
</kw>
<kw name="iniciar navegador sessão &quot;${formulario}&quot;" library="base" sourcename="iniciar navegador sessão &quot;${login_usuario}&quot;">
<kw name="iniciar Navegador" library="base">
<kw name="Get JSON" library="base">
<var>${config_json}</var>
<arg>config.json</arg>
<kw name="Get File" library="OperatingSystem">
<var>${file}</var>
<arg>${EXECDIR}/Files/${file_name}</arg>
<doc>Returns the contents of a specified file.</doc>
<msg timestamp="20220331 01:01:42.625" level="INFO" html="true">Getting file '&lt;a href="file:///home/m.calixta/Sigsaude/RobotFramework-Sigsaude/Files/config.json"&gt;/home/m.calixta/Sigsaude/RobotFramework-Sigsaude/Files/config.json&lt;/a&gt;'.</msg>
<msg timestamp="20220331 01:01:42.626" level="INFO">${file} = {
    "base_url":"https://homologacaosigsaude.imd.ufrn.br/sigsaude",
    "navegador":"chromium",
    "lelog":"https://lelog.netlify.app/"

}</msg>
<status status="PASS" starttime="20220331 01:01:42.625" endtime="20220331 01:01:42.626"/>
</kw>
<kw name="Evaluate" library="BuiltIn">
<var>${super_var}</var>
<arg>json.loads($file)</arg>
<arg>json</arg>
<doc>Evaluates the given expression in Python and returns the result.</doc>
<msg timestamp="20220331 01:01:42.630" level="INFO">${super_var} = {'base_url': 'https://homologacaosigsaude.imd.ufrn.br/sigsaude', 'navegador': 'chromium', 'lelog': 'https://lelog.netlify.app/'}</msg>
<status status="PASS" starttime="20220331 01:01:42.626" endtime="20220331 01:01:42.630"/>
</kw>
<msg timestamp="20220331 01:01:42.630" level="INFO">${config_json} = {'base_url': 'https://homologacaosigsaude.imd.ufrn.br/sigsaude', 'navegador': 'chromium', 'lelog': 'https://lelog.netlify.app/'}</msg>
<status status="PASS" starttime="20220331 01:01:42.625" endtime="20220331 01:01:42.630"/>
</kw>
<kw name="New Browser" library="Browser">
<arg>${config_json["navegador"]}</arg>
<arg>False</arg>
<tag>BrowserControl</tag>
<tag>Setter</tag>
<doc>Create a new playwright Browser with specified options.
See `Browser, Context and Page` for more information about Browser and related concepts.</doc>
<msg timestamp="20220331 01:01:42.631" level="INFO">{"browser": "chromium", "headless": false, "handleSIGINT": true, "handleSIGTERM": true, "handleSIGHUP": true, "timeout": 30000.0, "devtools": false, "slowMo": 0.0}</msg>
<msg timestamp="20220331 01:01:42.861" level="INFO">Successfully created browser with options: {"browser":"chromium","headless":false,"handleSIGINT":true,"handleSIGTERM":true,"handleSIGHUP":true,"timeout":30000,"devtools":false,"slowMo":0}</msg>
<status status="PASS" starttime="20220331 01:01:42.630" endtime="20220331 01:01:42.862"/>
</kw>
<status status="PASS" starttime="20220331 01:01:42.624" endtime="20220331 01:01:42.862"/>
</kw>
<kw name="Get JSON" library="base">
<var>${config_json}</var>
<arg>config.json</arg>
<kw name="Get File" library="OperatingSystem">
<var>${file}</var>
<arg>${EXECDIR}/Files/${file_name}</arg>
<doc>Returns the contents of a specified file.</doc>
<msg timestamp="20220331 01:01:42.863" level="INFO" html="true">Getting file '&lt;a href="file:///home/m.calixta/Sigsaude/RobotFramework-Sigsaude/Files/config.json"&gt;/home/m.calixta/Sigsaude/RobotFramework-Sigsaude/Files/config.json&lt;/a&gt;'.</msg>
<msg timestamp="20220331 01:01:42.863" level="INFO">${file} = {
    "base_url":"https://homologacaosigsaude.imd.ufrn.br/sigsaude",
    "navegador":"chromium",
    "lelog":"https://lelog.netlify.app/"

}</msg>
<status status="PASS" starttime="20220331 01:01:42.862" endtime="20220331 01:01:42.863"/>
</kw>
<kw name="Evaluate" library="BuiltIn">
<var>${super_var}</var>
<arg>json.loads($file)</arg>
<arg>json</arg>
<doc>Evaluates the given expression in Python and returns the result.</doc>
<msg timestamp="20220331 01:01:42.863" level="INFO">${super_var} = {'base_url': 'https://homologacaosigsaude.imd.ufrn.br/sigsaude', 'navegador': 'chromium', 'lelog': 'https://lelog.netlify.app/'}</msg>
<status status="PASS" starttime="20220331 01:01:42.863" endtime="20220331 01:01:42.863"/>
</kw>
<msg timestamp="20220331 01:01:42.863" level="INFO">${config_json} = {'base_url': 'https://homologacaosigsaude.imd.ufrn.br/sigsaude', 'navegador': 'chromium', 'lelog': 'https://lelog.netlify.app/'}</msg>
<status status="PASS" starttime="20220331 01:01:42.862" endtime="20220331 01:01:42.864"/>
</kw>
<kw name="New Page" library="Browser">
<arg>${config_json["base_url"]}</arg>
<tag>BrowserControl</tag>
<tag>Setter</tag>
<doc>Open a new Page. A Page is the Playwright equivalent to a tab.
See `Browser, Context and Page` for more information about Page concept.
Returns a stable identifier for the created page.</doc>
<msg timestamp="20220331 01:01:47.399" level="INFO">Successfully initialized new page object and opened url: https://homologacaosigsaude.imd.ufrn.br/sigsaude</msg>
<msg timestamp="20220331 01:01:47.399" level="INFO">No context was open. New context was automatically opened when this page is created.</msg>
<status status="PASS" starttime="20220331 01:01:42.864" endtime="20220331 01:01:47.400"/>
</kw>
<kw name="Direcionamento da tela &quot;login&quot;" library="nav" sourcename="Direcionamento da tela &quot;${page}&quot;">
<kw name="Get JSON" library="base">
<var>${telas_json}</var>
<arg>telas.json</arg>
<kw name="Get File" library="OperatingSystem">
<var>${file}</var>
<arg>${EXECDIR}/Files/${file_name}</arg>
<doc>Returns the contents of a specified file.</doc>
<msg timestamp="20220331 01:01:47.402" level="INFO" html="true">Getting file '&lt;a href="file:///home/m.calixta/Sigsaude/RobotFramework-Sigsaude/Files/telas.json"&gt;/home/m.calixta/Sigsaude/RobotFramework-Sigsaude/Files/telas.json&lt;/a&gt;'.</msg>
<msg timestamp="20220331 01:01:47.402" level="INFO">${file} = {
    "login":"/login",
    "novo usuario de serviço":"/paciente/cadastro",
    "listar usuarios de serviço":"/paciente",
    "cadastro de colaborador":"/colaborador/form",
    "agendamento":"/agendam...</msg>
<status status="PASS" starttime="20220331 01:01:47.401" endtime="20220331 01:01:47.402"/>
</kw>
<kw name="Evaluate" library="BuiltIn">
<var>${super_var}</var>
<arg>json.loads($file)</arg>
<arg>json</arg>
<doc>Evaluates the given expression in Python and returns the result.</doc>
<msg timestamp="20220331 01:01:47.403" level="INFO">${super_var} = {'login': '/login', 'novo usuario de serviço': '/paciente/cadastro', 'listar usuarios de serviço': '/paciente', 'cadastro de colaborador': '/colaborador/form', 'agendamento': '/agendamento', 'listar c...</msg>
<status status="PASS" starttime="20220331 01:01:47.403" endtime="20220331 01:01:47.404"/>
</kw>
<msg timestamp="20220331 01:01:47.404" level="INFO">${telas_json} = {'login': '/login', 'novo usuario de serviço': '/paciente/cadastro', 'listar usuarios de serviço': '/paciente', 'cadastro de colaborador': '/colaborador/form', 'agendamento': '/agendamento', 'listar c...</msg>
<status status="PASS" starttime="20220331 01:01:47.401" endtime="20220331 01:01:47.404"/>
</kw>
<kw name="Get JSON" library="base">
<var>${config_json}</var>
<arg>config.json</arg>
<kw name="Get File" library="OperatingSystem">
<var>${file}</var>
<arg>${EXECDIR}/Files/${file_name}</arg>
<doc>Returns the contents of a specified file.</doc>
<msg timestamp="20220331 01:01:47.405" level="INFO" html="true">Getting file '&lt;a href="file:///home/m.calixta/Sigsaude/RobotFramework-Sigsaude/Files/config.json"&gt;/home/m.calixta/Sigsaude/RobotFramework-Sigsaude/Files/config.json&lt;/a&gt;'.</msg>
<msg timestamp="20220331 01:01:47.405" level="INFO">${file} = {
    "base_url":"https://homologacaosigsaude.imd.ufrn.br/sigsaude",
    "navegador":"chromium",
    "lelog":"https://lelog.netlify.app/"

}</msg>
<status status="PASS" starttime="20220331 01:01:47.405" endtime="20220331 01:01:47.406"/>
</kw>
<kw name="Evaluate" library="BuiltIn">
<var>${super_var}</var>
<arg>json.loads($file)</arg>
<arg>json</arg>
<doc>Evaluates the given expression in Python and returns the result.</doc>
<msg timestamp="20220331 01:01:47.407" level="INFO">${super_var} = {'base_url': 'https://homologacaosigsaude.imd.ufrn.br/sigsaude', 'navegador': 'chromium', 'lelog': 'https://lelog.netlify.app/'}</msg>
<status status="PASS" starttime="20220331 01:01:47.406" endtime="20220331 01:01:47.407"/>
</kw>
<msg timestamp="20220331 01:01:47.407" level="INFO">${config_json} = {'base_url': 'https://homologacaosigsaude.imd.ufrn.br/sigsaude', 'navegador': 'chromium', 'lelog': 'https://lelog.netlify.app/'}</msg>
<status status="PASS" starttime="20220331 01:01:47.404" endtime="20220331 01:01:47.407"/>
</kw>
<kw name="Go To" library="Browser">
<arg>${config_json["base_url"]}${telas_json["${page}"]}</arg>
<tag>BrowserControl</tag>
<tag>Setter</tag>
<doc>Navigates to the given ``url``.</doc>
<msg timestamp="20220331 01:01:48.135" level="INFO">Succesfully opened URL https://homologacaosigsaude.imd.ufrn.br/sigsaude/login</msg>
<status status="PASS" starttime="20220331 01:01:47.407" endtime="20220331 01:01:48.136"/>
</kw>
<status status="PASS" starttime="20220331 01:01:47.400" endtime="20220331 01:01:48.136"/>
</kw>
<kw name="Get JSON" library="base">
<var>${login_json}</var>
<arg>login.json</arg>
<kw name="Get File" library="OperatingSystem">
<var>${file}</var>
<arg>${EXECDIR}/Files/${file_name}</arg>
<doc>Returns the contents of a specified file.</doc>
<msg timestamp="20220331 01:01:48.137" level="INFO" html="true">Getting file '&lt;a href="file:///home/m.calixta/Sigsaude/RobotFramework-Sigsaude/Files/login.json"&gt;/home/m.calixta/Sigsaude/RobotFramework-Sigsaude/Files/login.json&lt;/a&gt;'.</msg>
<msg timestamp="20220331 01:01:48.138" level="INFO">${file} = {

    "Psicologia":{
        "login": "drpsicologia",
        "senha": 85278120029
    },

    "Endocrinologia":{
        "login": "drendocrinologia",
        "senha": 98841863323
    },

	"Comum": {...</msg>
<status status="PASS" starttime="20220331 01:01:48.137" endtime="20220331 01:01:48.138"/>
</kw>
<kw name="Evaluate" library="BuiltIn">
<var>${super_var}</var>
<arg>json.loads($file)</arg>
<arg>json</arg>
<doc>Evaluates the given expression in Python and returns the result.</doc>
<msg timestamp="20220331 01:01:48.139" level="INFO">${super_var} = {'Psicologia': {'login': 'drpsicologia', 'senha': 85278120029}, 'Endocrinologia': {'login': 'drendocrinologia', 'senha': 98841863323}, 'Comum': {'login': 'uirakuleszatestes', 'senha': '02219235432'}}</msg>
<status status="PASS" starttime="20220331 01:01:48.138" endtime="20220331 01:01:48.139"/>
</kw>
<msg timestamp="20220331 01:01:48.139" level="INFO">${login_json} = {'Psicologia': {'login': 'drpsicologia', 'senha': 85278120029}, 'Endocrinologia': {'login': 'drendocrinologia', 'senha': 98841863323}, 'Comum': {'login': 'uirakuleszatestes', 'senha': '02219235432'}}</msg>
<status status="PASS" starttime="20220331 01:01:48.136" endtime="20220331 01:01:48.140"/>
</kw>
<kw name="Fill Text" library="Browser">
<arg>id=login-username</arg>
<arg>${login_json["${login_usuario}"]["login"]}</arg>
<tag>PageContent</tag>
<tag>Setter</tag>
<doc>Clears and fills the given ``text`` into the text field found by ``selector``.</doc>
<msg timestamp="20220331 01:01:48.142" level="INFO">Fills the text 'uirakuleszatestes' in the given field.</msg>
<status status="PASS" starttime="20220331 01:01:48.140" endtime="20220331 01:01:48.205"/>
</kw>
<kw name="Fill Text" library="Browser">
<arg>id=login-password</arg>
<arg>${login_json["${login_usuario}"]["senha"]}</arg>
<tag>PageContent</tag>
<tag>Setter</tag>
<doc>Clears and fills the given ``text`` into the text field found by ``selector``.</doc>
<msg timestamp="20220331 01:01:48.206" level="INFO">Fills the text '02219235432' in the given field.</msg>
<status status="PASS" starttime="20220331 01:01:48.205" endtime="20220331 01:01:48.221"/>
</kw>
<kw name="Click" library="Browser">
<arg>css=[value='Entrar']</arg>
<tag>PageContent</tag>
<tag>Setter</tag>
<doc>Simulates mouse click on the element found by ``selector``.</doc>
<status status="PASS" starttime="20220331 01:01:48.221" endtime="20220331 01:01:48.836"/>
</kw>
<status status="PASS" starttime="20220331 01:01:42.624" endtime="20220331 01:01:48.837"/>
</kw>
<status status="PASS" starttime="20220331 01:01:42.613" endtime="20220331 01:01:48.837"/>
</kw>
<test id="s1-s1-t1" name="[001] - Cadastro de um usuario de serviço-completo(Reponsavel)">
<kw name="Atualizar dash falha &quot;15&quot; &quot;Cadastro de um usuario de serviço-completo(Reponsavel)&quot; &quot;Concluido&quot; &quot;Mayara&quot;" library="Page_datastudio" sourcename="Atualizar dash falha &quot;${contador3}&quot; &quot;${teste_nome}&quot; &quot;${status}&quot; &quot;${responsavel}&quot;">
<kw name="Evaluate" library="BuiltIn">
<var>${teste_nome}</var>
<arg>[['${teste_nome}']]</arg>
<doc>Evaluates the given expression in Python and returns the result.</doc>
<msg timestamp="20220331 01:01:48.844" level="INFO">${teste_nome} = [['Cadastro de um usuario de serviço-completo(Reponsavel)']]</msg>
<status status="PASS" starttime="20220331 01:01:48.843" endtime="20220331 01:01:48.844"/>
</kw>
<kw name="Clear Sheet Values" library="RPA.Cloud.Google">
<arg>${SHEET_ID}</arg>
<arg>A${contador3}</arg>
<tag>sheets</tag>
<doc>Clear cell values for range of cells within a sheet</doc>
<status status="PASS" starttime="20220331 01:01:48.844" endtime="20220331 01:01:50.142"/>
</kw>
<kw name="Insert Sheet Values" library="RPA.Cloud.Google">
<arg>${SHEET_ID}</arg>
<arg>A${contador3}</arg>
<arg>${teste_nome}</arg>
<tag>sheets</tag>
<doc>Insert values into sheet cells</doc>
<status status="PASS" starttime="20220331 01:01:50.143" endtime="20220331 01:01:50.550"/>
</kw>
<kw name="Evaluate" library="BuiltIn">
<var>${values}</var>
<arg>[['Falhou']]</arg>
<doc>Evaluates the given expression in Python and returns the result.</doc>
<msg timestamp="20220331 01:01:50.553" level="INFO">${values} = [['Falhou']]</msg>
<status status="PASS" starttime="20220331 01:01:50.551" endtime="20220331 01:01:50.553"/>
</kw>
<kw name="Clear Sheet Values" library="RPA.Cloud.Google">
<arg>${SHEET_ID}</arg>
<arg>B${contador3}</arg>
<tag>sheets</tag>
<doc>Clear cell values for range of cells within a sheet</doc>
<status status="PASS" starttime="20220331 01:01:50.554" endtime="20220331 01:01:51.001"/>
</kw>
<kw name="Insert Sheet Values" library="RPA.Cloud.Google">
<arg>${SHEET_ID}</arg>
<arg>B${contador3}</arg>
<arg>${values}</arg>
<tag>sheets</tag>
<doc>Insert values into sheet cells</doc>
<status status="PASS" starttime="20220331 01:01:51.002" endtime="20220331 01:01:51.367"/>
</kw>
<kw name="Get Current Date" library="DateTime">
<var>${DATA}</var>
<doc>Returns current local or UTC time with an optional increment.</doc>
<msg timestamp="20220331 01:01:51.368" level="INFO">${DATA} = 2022-03-31 01:01:51.368</msg>
<status status="PASS" starttime="20220331 01:01:51.368" endtime="20220331 01:01:51.368"/>
</kw>
<kw name="Evaluate" library="BuiltIn">
<var>${DATA}</var>
<arg>[['${DATA}']]</arg>
<doc>Evaluates the given expression in Python and returns the result.</doc>
<msg timestamp="20220331 01:01:51.369" level="INFO">${DATA} = [['2022-03-31 01:01:51.368']]</msg>
<status status="PASS" starttime="20220331 01:01:51.368" endtime="20220331 01:01:51.369"/>
</kw>
<kw name="Clear Sheet Values" library="RPA.Cloud.Google">
<arg>${SHEET_ID}</arg>
<arg>C${contador3}</arg>
<tag>sheets</tag>
<doc>Clear cell values for range of cells within a sheet</doc>
<status status="PASS" starttime="20220331 01:01:51.369" endtime="20220331 01:01:51.684"/>
</kw>
<kw name="Insert Sheet Values" library="RPA.Cloud.Google">
<arg>${SHEET_ID}</arg>
<arg>C${contador3}</arg>
<arg>${DATA}</arg>
<tag>sheets</tag>
<doc>Insert values into sheet cells</doc>
<status status="PASS" starttime="20220331 01:01:51.685" endtime="20220331 01:01:52.026"/>
</kw>
<kw name="Evaluate" library="BuiltIn">
<var>${status}</var>
<arg>[['${status}']]</arg>
<doc>Evaluates the given expression in Python and returns the result.</doc>
<msg timestamp="20220331 01:01:52.026" level="INFO">${status} = [['Concluido']]</msg>
<status status="PASS" starttime="20220331 01:01:52.026" endtime="20220331 01:01:52.026"/>
</kw>
<kw name="Clear Sheet Values" library="RPA.Cloud.Google">
<arg>${SHEET_ID}</arg>
<arg>D${contador3}</arg>
<tag>sheets</tag>
<doc>Clear cell values for range of cells within a sheet</doc>
<status status="PASS" starttime="20220331 01:01:52.026" endtime="20220331 01:01:52.392"/>
</kw>
<kw name="Insert Sheet Values" library="RPA.Cloud.Google">
<arg>${SHEET_ID}</arg>
<arg>D${contador3}</arg>
<arg>${status}</arg>
<tag>sheets</tag>
<doc>Insert values into sheet cells</doc>
<status status="PASS" starttime="20220331 01:01:52.393" endtime="20220331 01:01:52.801"/>
</kw>
<kw name="Evaluate" library="BuiltIn">
<var>${responsavel}</var>
<arg>[['${responsavel}']]</arg>
<doc>Evaluates the given expression in Python and returns the result.</doc>
<msg timestamp="20220331 01:01:52.801" level="INFO">${responsavel} = [['Mayara']]</msg>
<status status="PASS" starttime="20220331 01:01:52.801" endtime="20220331 01:01:52.801"/>
</kw>
<kw name="Clear Sheet Values" library="RPA.Cloud.Google">
<arg>${SHEET_ID}</arg>
<arg>E${contador3}</arg>
<tag>sheets</tag>
<doc>Clear cell values for range of cells within a sheet</doc>
<status status="PASS" starttime="20220331 01:01:52.801" endtime="20220331 01:01:53.211"/>
</kw>
<kw name="Insert Sheet Values" library="RPA.Cloud.Google">
<arg>${SHEET_ID}</arg>
<arg>E${contador3}</arg>
<arg>${responsavel}</arg>
<tag>sheets</tag>
<doc>Insert values into sheet cells</doc>
<status status="PASS" starttime="20220331 01:01:53.212" endtime="20220331 01:01:53.621"/>
</kw>
<status status="PASS" starttime="20220331 01:01:48.843" endtime="20220331 01:01:53.622"/>
</kw>
<kw name="Dado" library="bdd">
<arg>que o usuario está na tela "novo usuario de serviço"</arg>
<kw name="Run Keyword" library="BuiltIn">
<arg>@{Keywords}</arg>
<doc>Executes the given keyword with the given arguments.</doc>
<kw name="que o usuario está na tela &quot;novo usuario de serviço&quot;" library="nav" sourcename="que o usuario está na tela &quot;${tela}&quot;">
<kw name="Direcionamento da tela &quot;${tela}&quot;" library="nav" sourcename="Direcionamento da tela &quot;${page}&quot;">
<kw name="Get JSON" library="base">
<var>${telas_json}</var>
<arg>telas.json</arg>
<kw name="Get File" library="OperatingSystem">
<var>${file}</var>
<arg>${EXECDIR}/Files/${file_name}</arg>
<doc>Returns the contents of a specified file.</doc>
<msg timestamp="20220331 01:01:53.631" level="INFO" html="true">Getting file '&lt;a href="file:///home/m.calixta/Sigsaude/RobotFramework-Sigsaude/Files/telas.json"&gt;/home/m.calixta/Sigsaude/RobotFramework-Sigsaude/Files/telas.json&lt;/a&gt;'.</msg>
<msg timestamp="20220331 01:01:53.632" level="INFO">${file} = {
    "login":"/login",
    "novo usuario de serviço":"/paciente/cadastro",
    "listar usuarios de serviço":"/paciente",
    "cadastro de colaborador":"/colaborador/form",
    "agendamento":"/agendam...</msg>
<status status="PASS" starttime="20220331 01:01:53.630" endtime="20220331 01:01:53.632"/>
</kw>
<kw name="Evaluate" library="BuiltIn">
<var>${super_var}</var>
<arg>json.loads($file)</arg>
<arg>json</arg>
<doc>Evaluates the given expression in Python and returns the result.</doc>
<msg timestamp="20220331 01:01:53.634" level="INFO">${super_var} = {'login': '/login', 'novo usuario de serviço': '/paciente/cadastro', 'listar usuarios de serviço': '/paciente', 'cadastro de colaborador': '/colaborador/form', 'agendamento': '/agendamento', 'listar c...</msg>
<status status="PASS" starttime="20220331 01:01:53.632" endtime="20220331 01:01:53.634"/>
</kw>
<msg timestamp="20220331 01:01:53.635" level="INFO">${telas_json} = {'login': '/login', 'novo usuario de serviço': '/paciente/cadastro', 'listar usuarios de serviço': '/paciente', 'cadastro de colaborador': '/colaborador/form', 'agendamento': '/agendamento', 'listar c...</msg>
<status status="PASS" starttime="20220331 01:01:53.628" endtime="20220331 01:01:53.635"/>
</kw>
<kw name="Get JSON" library="base">
<var>${config_json}</var>
<arg>config.json</arg>
<kw name="Get File" library="OperatingSystem">
<var>${file}</var>
<arg>${EXECDIR}/Files/${file_name}</arg>
<doc>Returns the contents of a specified file.</doc>
<msg timestamp="20220331 01:01:53.638" level="INFO" html="true">Getting file '&lt;a href="file:///home/m.calixta/Sigsaude/RobotFramework-Sigsaude/Files/config.json"&gt;/home/m.calixta/Sigsaude/RobotFramework-Sigsaude/Files/config.json&lt;/a&gt;'.</msg>
<msg timestamp="20220331 01:01:53.639" level="INFO">${file} = {
    "base_url":"https://homologacaosigsaude.imd.ufrn.br/sigsaude",
    "navegador":"chromium",
    "lelog":"https://lelog.netlify.app/"

}</msg>
<status status="PASS" starttime="20220331 01:01:53.637" endtime="20220331 01:01:53.639"/>
</kw>
<kw name="Evaluate" library="BuiltIn">
<var>${super_var}</var>
<arg>json.loads($file)</arg>
<arg>json</arg>
<doc>Evaluates the given expression in Python and returns the result.</doc>
<msg timestamp="20220331 01:01:53.641" level="INFO">${super_var} = {'base_url': 'https://homologacaosigsaude.imd.ufrn.br/sigsaude', 'navegador': 'chromium', 'lelog': 'https://lelog.netlify.app/'}</msg>
<status status="PASS" starttime="20220331 01:01:53.639" endtime="20220331 01:01:53.641"/>
</kw>
<msg timestamp="20220331 01:01:53.643" level="INFO">${config_json} = {'base_url': 'https://homologacaosigsaude.imd.ufrn.br/sigsaude', 'navegador': 'chromium', 'lelog': 'https://lelog.netlify.app/'}</msg>
<status status="PASS" starttime="20220331 01:01:53.636" endtime="20220331 01:01:53.643"/>
</kw>
<kw name="Go To" library="Browser">
<arg>${config_json["base_url"]}${telas_json["${page}"]}</arg>
<tag>BrowserControl</tag>
<tag>Setter</tag>
<doc>Navigates to the given ``url``.</doc>
<msg timestamp="20220331 01:01:54.629" level="INFO">Succesfully opened URL https://homologacaosigsaude.imd.ufrn.br/sigsaude/paciente/cadastro</msg>
<status status="PASS" starttime="20220331 01:01:53.644" endtime="20220331 01:01:54.629"/>
</kw>
<status status="PASS" starttime="20220331 01:01:53.627" endtime="20220331 01:01:54.629"/>
</kw>
<status status="PASS" starttime="20220331 01:01:53.626" endtime="20220331 01:01:54.629"/>
</kw>
<status status="PASS" starttime="20220331 01:01:53.624" endtime="20220331 01:01:54.629"/>
</kw>
<status status="PASS" starttime="20220331 01:01:53.623" endtime="20220331 01:01:54.630"/>
</kw>
<kw name="E" library="bdd">
<arg>informar os dados do "usuario de serviço"</arg>
<kw name="Run Keyword" library="BuiltIn">
<arg>@{Keywords}</arg>
<doc>Executes the given keyword with the given arguments.</doc>
<kw name="informar os dados do &quot;usuario de serviço&quot;" library="Page_usuario_cadastro" sourcename="informar os dados do &quot;${tela}&quot;">
<kw name="Get JSON" library="base">
<var>${dados_json}</var>
<arg>cadastros.json</arg>
<kw name="Get File" library="OperatingSystem">
<var>${file}</var>
<arg>${EXECDIR}/Files/${file_name}</arg>
<doc>Returns the contents of a specified file.</doc>
<msg timestamp="20220331 01:01:54.632" level="INFO" html="true">Getting file '&lt;a href="file:///home/m.calixta/Sigsaude/RobotFramework-Sigsaude/Files/cadastros.json"&gt;/home/m.calixta/Sigsaude/RobotFramework-Sigsaude/Files/cadastros.json&lt;/a&gt;'.</msg>
<msg timestamp="20220331 01:01:54.632" level="INFO">${file} = {
	"usuario de serviço": [
		{			
			"checkboxDesconheceNomeMae":"",
			"checkboxDesconheceNomePai":"",
			"checkboxNomeSocial":"",
			"checkboxGenero":"",
			"checkboxDeficiente":"",
			"inputCPF":""...</msg>
<status status="PASS" starttime="20220331 01:01:54.632" endtime="20220331 01:01:54.632"/>
</kw>
<kw name="Evaluate" library="BuiltIn">
<var>${super_var}</var>
<arg>json.loads($file)</arg>
<arg>json</arg>
<doc>Evaluates the given expression in Python and returns the result.</doc>
<msg timestamp="20220331 01:01:54.634" level="INFO">${super_var} = {'usuario de serviço': [{'checkboxDesconheceNomeMae': '', 'checkboxDesconheceNomePai': '', 'checkboxNomeSocial': '', 'checkboxGenero': '', 'checkboxDeficiente': '', 'inputCPF': '', 'inputIdentidade': ...</msg>
<status status="PASS" starttime="20220331 01:01:54.633" endtime="20220331 01:01:54.634"/>
</kw>
<msg timestamp="20220331 01:01:54.634" level="INFO">${dados_json} = {'usuario de serviço': [{'checkboxDesconheceNomeMae': '', 'checkboxDesconheceNomePai': '', 'checkboxNomeSocial': '', 'checkboxGenero': '', 'checkboxDeficiente': '', 'inputCPF': '', 'inputIdentidade': ...</msg>
<status status="PASS" starttime="20220331 01:01:54.631" endtime="20220331 01:01:54.634"/>
</kw>
<kw name="Set Variable" library="BuiltIn">
<var>${dados}</var>
<arg>${dados_json["${tela}"]}</arg>
<doc>Returns the given values which can then be assigned to a variables.</doc>
<msg timestamp="20220331 01:01:54.635" level="INFO">${dados} = [{'checkboxDesconheceNomeMae': '', 'checkboxDesconheceNomePai': '', 'checkboxNomeSocial': '', 'checkboxGenero': '', 'checkboxDeficiente': '', 'inputCPF': '', 'inputIdentidade': '', 'inputOrgaoExpedido...</msg>
<status status="PASS" starttime="20220331 01:01:54.634" endtime="20220331 01:01:54.635"/>
</kw>
<for flavor="IN">
<var>${item}</var>
<value>@{dados}</value>
<iter>
<var name="${item}">{'checkboxDesconheceNomeMae': '', 'checkboxDesconheceNomePai': '', 'checkboxNomeSocial': '', 'checkboxGenero': '', 'checkboxDeficiente': '', 'inputCPF': '', 'inputIdentidade': '', 'inputOrgaoExpedidor...</var>
<for flavor="IN">
<var>${key}</var>
<value>@{item.keys()}</value>
<iter>
<var name="${key}">checkboxDesconheceNomeMae</var>
<if>
<branch type="IF" condition="'${key}' == 'checkboxDesconheceNomeMae' or '${key}' == 'checkboxDesconheceNomePai' or '${key}'== 'checkboxDeficiente' or '${key}' == 'checkboxNomeSocial' or '${key}' == 'checkboxGenero'">
<kw name="Click" library="Browser">
<arg>id=${key}</arg>
<tag>PageContent</tag>
<tag>Setter</tag>
<doc>Simulates mouse click on the element found by ``selector``.</doc>
<status status="PASS" starttime="20220331 01:01:54.637" endtime="20220331 01:01:54.693"/>
</kw>
<status status="PASS" starttime="20220331 01:01:54.637" endtime="20220331 01:01:54.693"/>
</branch>
<branch type="ELSE IF" condition="'${key}' == 'inputIdentidade' or '${key}' == 'inputSUSF'">
<kw name="Evaluate" library="BuiltIn">
<var>${numbers}</var>
<arg>random.randint(0, sys.maxsize)</arg>
<arg>random</arg>
<doc>Evaluates the given expression in Python and returns the result.</doc>
<status status="NOT RUN" starttime="20220331 01:01:54.694" endtime="20220331 01:01:54.694"/>
</kw>
<kw name="Type Text" library="Browser">
<arg>id=${key}</arg>
<arg>${numbers}</arg>
<tag>PageContent</tag>
<tag>Setter</tag>
<doc>Types the given ``txt`` into the text field found by ``selector``.</doc>
<status status="NOT RUN" starttime="20220331 01:01:54.694" endtime="20220331 01:01:54.694"/>
</kw>
<status status="NOT RUN" starttime="20220331 01:01:54.693" endtime="20220331 01:01:54.694"/>
</branch>
<branch type="ELSE IF" condition="'${key}' == 'inputEmail'">
<kw name="Email" library="FakerLibrary">
<var>${email}</var>
<status status="NOT RUN" starttime="20220331 01:01:54.694" endtime="20220331 01:01:54.695"/>
</kw>
<kw name="Type Text" library="Browser">
<arg>id=${key}</arg>
<arg>${email}</arg>
<tag>PageContent</tag>
<tag>Setter</tag>
<doc>Types the given ``txt`` into the text field found by ``selector``.</doc>
<status status="NOT RUN" starttime="20220331 01:01:54.695" endtime="20220331 01:01:54.695"/>
</kw>
<kw name="Set Global Variable" library="BuiltIn">
<arg>${email}</arg>
<doc>Makes a variable available globally in all tests and suites.</doc>
<status status="NOT RUN" starttime="20220331 01:01:54.695" endtime="20220331 01:01:54.695"/>
</kw>
<status status="NOT RUN" starttime="20220331 01:01:54.694" endtime="20220331 01:01:54.695"/>
</branch>
<branch type="ELSE IF" condition="'${key}' == 'inputCPF'">
<kw name="Cpf" library="FakerLibrary">
<var>${cpf}</var>
<status status="NOT RUN" starttime="20220331 01:01:54.695" endtime="20220331 01:01:54.696"/>
</kw>
<kw name="Fill Text" library="Browser">
<arg>id=${key}</arg>
<arg>${cpf}</arg>
<tag>PageContent</tag>
<tag>Setter</tag>
<doc>Clears and fills the given ``text`` into the text field found by ``selector``.</doc>
<status status="NOT RUN" starttime="20220331 01:01:54.696" endtime="20220331 01:01:54.696"/>
</kw>
<kw name="Set Global Variable" library="BuiltIn">
<arg>${cpf}</arg>
<doc>Makes a variable available globally in all tests and suites.</doc>
<status status="NOT RUN" starttime="20220331 01:01:54.696" endtime="20220331 01:01:54.696"/>
</kw>
<status status="NOT RUN" starttime="20220331 01:01:54.695" endtime="20220331 01:01:54.696"/>
</branch>
<branch type="ELSE IF" condition="'${key}' == 'inputLogin'">
<kw name="Word" library="FakerLibrary">
<var>${login_aux}</var>
<doc>Generate a word.</doc>
<status status="NOT RUN" starttime="20220331 01:01:54.696" endtime="20220331 01:01:54.697"/>
</kw>
<kw name="Set Variable" library="BuiltIn">
<var>${login_colaborador}</var>
<arg>${login_aux}_c1</arg>
<doc>Returns the given values which can then be assigned to a variables.</doc>
<status status="NOT RUN" starttime="20220331 01:01:54.697" endtime="20220331 01:01:54.697"/>
</kw>
<kw name="Type Text" library="Browser">
<arg>id=${key}</arg>
<arg>${login_colaborador}</arg>
<tag>PageContent</tag>
<tag>Setter</tag>
<doc>Types the given ``txt`` into the text field found by ``selector``.</doc>
<status status="NOT RUN" starttime="20220331 01:01:54.697" endtime="20220331 01:01:54.697"/>
</kw>
<kw name="Set Global Variable" library="BuiltIn">
<arg>${login_colaborador}</arg>
<doc>Makes a variable available globally in all tests and suites.</doc>
<status status="NOT RUN" starttime="20220331 01:01:54.697" endtime="20220331 01:01:54.697"/>
</kw>
<status status="NOT RUN" starttime="20220331 01:01:54.696" endtime="20220331 01:01:54.697"/>
</branch>
<branch type="ELSE">
<kw name="Fill Text" library="Browser">
<arg>id=${key}</arg>
<arg>${item["${key}"]}</arg>
<tag>PageContent</tag>
<tag>Setter</tag>
<doc>Clears and fills the given ``text`` into the text field found by ``selector``.</doc>
<status status="NOT RUN" starttime="20220331 01:01:54.698" endtime="20220331 01:01:54.698"/>
</kw>
<if>
<branch type="IF" condition="'${key}' == 'inputNome'">
<kw name="Set Global Variable" library="BuiltIn">
<arg>${nome}</arg>
<arg>${item["${key}"]}</arg>
<doc>Makes a variable available globally in all tests and suites.</doc>
<status status="NOT RUN" starttime="20220331 01:01:54.698" endtime="20220331 01:01:54.698"/>
</kw>
<status status="NOT RUN" starttime="20220331 01:01:54.698" endtime="20220331 01:01:54.698"/>
</branch>
<branch type="ELSE IF" condition="'${key}' == 'inputNomeSocial'">
<kw name="Set Global Variable" library="BuiltIn">
<arg>${nome_social}</arg>
<arg>${item["${key}"]}</arg>
<doc>Makes a variable available globally in all tests and suites.</doc>
<status status="NOT RUN" starttime="20220331 01:01:54.698" endtime="20220331 01:01:54.698"/>
</kw>
<status status="NOT RUN" starttime="20220331 01:01:54.698" endtime="20220331 01:01:54.698"/>
</branch>
<branch type="ELSE IF" condition="'${key}' == 'inputNomeMae'">
<kw name="Set Global Variable" library="BuiltIn">
<arg>${nome_filiação}</arg>
<arg>${item["${key}"]}</arg>
<doc>Makes a variable available globally in all tests and suites.</doc>
<status status="NOT RUN" starttime="20220331 01:01:54.698" endtime="20220331 01:01:54.698"/>
</kw>
<status status="NOT RUN" starttime="20220331 01:01:54.698" endtime="20220331 01:01:54.698"/>
</branch>
<status status="NOT RUN" starttime="20220331 01:01:54.698" endtime="20220331 01:01:54.698"/>
</if>
<status status="NOT RUN" starttime="20220331 01:01:54.697" endtime="20220331 01:01:54.698"/>
</branch>
<status status="PASS" starttime="20220331 01:01:54.636" endtime="20220331 01:01:54.698"/>
</if>
<status status="PASS" starttime="20220331 01:01:54.636" endtime="20220331 01:01:54.699"/>
</iter>
<iter>
<var name="${key}">checkboxDesconheceNomePai</var>
<if>
<branch type="IF" condition="'${key}' == 'checkboxDesconheceNomeMae' or '${key}' == 'checkboxDesconheceNomePai' or '${key}'== 'checkboxDeficiente' or '${key}' == 'checkboxNomeSocial' or '${key}' == 'checkboxGenero'">
<kw name="Click" library="Browser">
<arg>id=${key}</arg>
<tag>PageContent</tag>
<tag>Setter</tag>
<doc>Simulates mouse click on the element found by ``selector``.</doc>
<status status="PASS" starttime="20220331 01:01:54.699" endtime="20220331 01:01:54.737"/>
</kw>
<status status="PASS" starttime="20220331 01:01:54.699" endtime="20220331 01:01:54.737"/>
</branch>
<branch type="ELSE IF" condition="'${key}' == 'inputIdentidade' or '${key}' == 'inputSUSF'">
<kw name="Evaluate" library="BuiltIn">
<var>${numbers}</var>
<arg>random.randint(0, sys.maxsize)</arg>
<arg>random</arg>
<doc>Evaluates the given expression in Python and returns the result.</doc>
<status status="NOT RUN" starttime="20220331 01:01:54.737" endtime="20220331 01:01:54.737"/>
</kw>
<kw name="Type Text" library="Browser">
<arg>id=${key}</arg>
<arg>${numbers}</arg>
<tag>PageContent</tag>
<tag>Setter</tag>
<doc>Types the given ``txt`` into the text field found by ``selector``.</doc>
<status status="NOT RUN" starttime="20220331 01:01:54.737" endtime="20220331 01:01:54.737"/>
</kw>
<status status="NOT RUN" starttime="20220331 01:01:54.737" endtime="20220331 01:01:54.737"/>
</branch>
<branch type="ELSE IF" condition="'${key}' == 'inputEmail'">
<kw name="Email" library="FakerLibrary">
<var>${email}</var>
<status status="NOT RUN" starttime="20220331 01:01:54.737" endtime="20220331 01:01:54.737"/>
</kw>
<kw name="Type Text" library="Browser">
<arg>id=${key}</arg>
<arg>${email}</arg>
<tag>PageContent</tag>
<tag>Setter</tag>
<doc>Types the given ``txt`` into the text field found by ``selector``.</doc>
<status status="NOT RUN" starttime="20220331 01:01:54.737" endtime="20220331 01:01:54.737"/>
</kw>
<kw name="Set Global Variable" library="BuiltIn">
<arg>${email}</arg>
<doc>Makes a variable available globally in all tests and suites.</doc>
<status status="NOT RUN" starttime="20220331 01:01:54.738" endtime="20220331 01:01:54.738"/>
</kw>
<status status="NOT RUN" starttime="20220331 01:01:54.737" endtime="20220331 01:01:54.738"/>
</branch>
<branch type="ELSE IF" condition="'${key}' == 'inputCPF'">
<kw name="Cpf" library="FakerLibrary">
<var>${cpf}</var>
<status status="NOT RUN" starttime="20220331 01:01:54.738" endtime="20220331 01:01:54.738"/>
</kw>
<kw name="Fill Text" library="Browser">
<arg>id=${key}</arg>
<arg>${cpf}</arg>
<tag>PageContent</tag>
<tag>Setter</tag>
<doc>Clears and fills the given ``text`` into the text field found by ``selector``.</doc>
<status status="NOT RUN" starttime="20220331 01:01:54.738" endtime="20220331 01:01:54.738"/>
</kw>
<kw name="Set Global Variable" library="BuiltIn">
<arg>${cpf}</arg>
<doc>Makes a variable available globally in all tests and suites.</doc>
<status status="NOT RUN" starttime="20220331 01:01:54.738" endtime="20220331 01:01:54.738"/>
</kw>
<status status="NOT RUN" starttime="20220331 01:01:54.738" endtime="20220331 01:01:54.738"/>
</branch>
<branch type="ELSE IF" condition="'${key}' == 'inputLogin'">
<kw name="Word" library="FakerLibrary">
<var>${login_aux}</var>
<doc>Generate a word.</doc>
<status status="NOT RUN" starttime="20220331 01:01:54.738" endtime="20220331 01:01:54.738"/>
</kw>
<kw name="Set Variable" library="BuiltIn">
<var>${login_colaborador}</var>
<arg>${login_aux}_c1</arg>
<doc>Returns the given values which can then be assigned to a variables.</doc>
<status status="NOT RUN" starttime="20220331 01:01:54.738" endtime="20220331 01:01:54.739"/>
</kw>
<kw name="Type Text" library="Browser">
<arg>id=${key}</arg>
<arg>${login_colaborador}</arg>
<tag>PageContent</tag>
<tag>Setter</tag>
<doc>Types the given ``txt`` into the text field found by ``selector``.</doc>
<status status="NOT RUN" starttime="20220331 01:01:54.739" endtime="20220331 01:01:54.739"/>
</kw>
<kw name="Set Global Variable" library="BuiltIn">
<arg>${login_colaborador}</arg>
<doc>Makes a variable available globally in all tests and suites.</doc>
<status status="NOT RUN" starttime="20220331 01:01:54.739" endtime="20220331 01:01:54.739"/>
</kw>
<status status="NOT RUN" starttime="20220331 01:01:54.738" endtime="20220331 01:01:54.739"/>
</branch>
<branch type="ELSE">
<kw name="Fill Text" library="Browser">
<arg>id=${key}</arg>
<arg>${item["${key}"]}</arg>
<tag>PageContent</tag>
<tag>Setter</tag>
<doc>Clears and fills the given ``text`` into the text field found by ``selector``.</doc>
<status status="NOT RUN" starttime="20220331 01:01:54.739" endtime="20220331 01:01:54.739"/>
</kw>
<if>
<branch type="IF" condition="'${key}' == 'inputNome'">
<kw name="Set Global Variable" library="BuiltIn">
<arg>${nome}</arg>
<arg>${item["${key}"]}</arg>
<doc>Makes a variable available globally in all tests and suites.</doc>
<status status="NOT RUN" starttime="20220331 01:01:54.739" endtime="20220331 01:01:54.739"/>
</kw>
<status status="NOT RUN" starttime="20220331 01:01:54.739" endtime="20220331 01:01:54.739"/>
</branch>
<branch type="ELSE IF" condition="'${key}' == 'inputNomeSocial'">
<kw name="Set Global Variable" library="BuiltIn">
<arg>${nome_social}</arg>
<arg>${item["${key}"]}</arg>
<doc>Makes a variable available globally in all tests and suites.</doc>
<status status="NOT RUN" starttime="20220331 01:01:54.739" endtime="20220331 01:01:54.739"/>
</kw>
<status status="NOT RUN" starttime="20220331 01:01:54.739" endtime="20220331 01:01:54.739"/>
</branch>
<branch type="ELSE IF" condition="'${key}' == 'inputNomeMae'">
<kw name="Set Global Variable" library="BuiltIn">
<arg>${nome_filiação}</arg>
<arg>${item["${key}"]}</arg>
<doc>Makes a variable available globally in all tests and suites.</doc>
<status status="NOT RUN" starttime="20220331 01:01:54.740" endtime="20220331 01:01:54.740"/>
</kw>
<status status="NOT RUN" starttime="20220331 01:01:54.740" endtime="20220331 01:01:54.740"/>
</branch>
<status status="NOT RUN" starttime="20220331 01:01:54.739" endtime="20220331 01:01:54.740"/>
</if>
<status status="NOT RUN" starttime="20220331 01:01:54.739" endtime="20220331 01:01:54.740"/>
</branch>
<status status="PASS" starttime="20220331 01:01:54.699" endtime="20220331 01:01:54.740"/>
</if>
<status status="PASS" starttime="20220331 01:01:54.699" endtime="20220331 01:01:54.740"/>
</iter>
<iter>
<var name="${key}">checkboxNomeSocial</var>
<if>
<branch type="IF" condition="'${key}' == 'checkboxDesconheceNomeMae' or '${key}' == 'checkboxDesconheceNomePai' or '${key}'== 'checkboxDeficiente' or '${key}' == 'checkboxNomeSocial' or '${key}' == 'checkboxGenero'">
<kw name="Click" library="Browser">
<arg>id=${key}</arg>
<tag>PageContent</tag>
<tag>Setter</tag>
<doc>Simulates mouse click on the element found by ``selector``.</doc>
<status status="PASS" starttime="20220331 01:01:54.740" endtime="20220331 01:01:54.789"/>
</kw>
<status status="PASS" starttime="20220331 01:01:54.740" endtime="20220331 01:01:54.789"/>
</branch>
<branch type="ELSE IF" condition="'${key}' == 'inputIdentidade' or '${key}' == 'inputSUSF'">
<kw name="Evaluate" library="BuiltIn">
<var>${numbers}</var>
<arg>random.randint(0, sys.maxsize)</arg>
<arg>random</arg>
<doc>Evaluates the given expression in Python and returns the result.</doc>
<status status="NOT RUN" starttime="20220331 01:01:54.789" endtime="20220331 01:01:54.789"/>
</kw>
<kw name="Type Text" library="Browser">
<arg>id=${key}</arg>
<arg>${numbers}</arg>
<tag>PageContent</tag>
<tag>Setter</tag>
<doc>Types the given ``txt`` into the text field found by ``selector``.</doc>
<status status="NOT RUN" starttime="20220331 01:01:54.789" endtime="20220331 01:01:54.789"/>
</kw>
<status status="NOT RUN" starttime="20220331 01:01:54.789" endtime="20220331 01:01:54.789"/>
</branch>
<branch type="ELSE IF" condition="'${key}' == 'inputEmail'">
<kw name="Email" library="FakerLibrary">
<var>${email}</var>
<status status="NOT RUN" starttime="20220331 01:01:54.789" endtime="20220331 01:01:54.789"/>
</kw>
<kw name="Type Text" library="Browser">
<arg>id=${key}</arg>
<arg>${email}</arg>
<tag>PageContent</tag>
<tag>Setter</tag>
<doc>Types the given ``txt`` into the text field found by ``selector``.</doc>
<status status="NOT RUN" starttime="20220331 01:01:54.790" endtime="20220331 01:01:54.790"/>
</kw>
<kw name="Set Global Variable" library="BuiltIn">
<arg>${email}</arg>
<doc>Makes a variable available globally in all tests and suites.</doc>
<status status="NOT RUN" starttime="20220331 01:01:54.790" endtime="20220331 01:01:54.790"/>
</kw>
<status status="NOT RUN" starttime="20220331 01:01:54.789" endtime="20220331 01:01:54.790"/>
</branch>
<branch type="ELSE IF" condition="'${key}' == 'inputCPF'">
<kw name="Cpf" library="FakerLibrary">
<var>${cpf}</var>
<status status="NOT RUN" starttime="20220331 01:01:54.791" endtime="20220331 01:01:54.791"/>
</kw>
<kw name="Fill Text" library="Browser">
<arg>id=${key}</arg>
<arg>${cpf}</arg>
<tag>PageContent</tag>
<tag>Setter</tag>
<doc>Clears and fills the given ``text`` into the text field found by ``selector``.</doc>
<status status="NOT RUN" starttime="20220331 01:01:54.791" endtime="20220331 01:01:54.791"/>
</kw>
<kw name="Set Global Variable" library="BuiltIn">
<arg>${cpf}</arg>
<doc>Makes a variable available globally in all tests and suites.</doc>
<status status="NOT RUN" starttime="20220331 01:01:54.791" endtime="20220331 01:01:54.791"/>
</kw>
<status status="NOT RUN" starttime="20220331 01:01:54.790" endtime="20220331 01:01:54.791"/>
</branch>
<branch type="ELSE IF" condition="'${key}' == 'inputLogin'">
<kw name="Word" library="FakerLibrary">
<var>${login_aux}</var>
<doc>Generate a word.</doc>
<status status="NOT RUN" starttime="20220331 01:01:54.792" endtime="20220331 01:01:54.792"/>
</kw>
<kw name="Set Variable" library="BuiltIn">
<var>${login_colaborador}</var>
<arg>${login_aux}_c1</arg>
<doc>Returns the given values which can then be assigned to a variables.</doc>
<status status="NOT RUN" starttime="20220331 01:01:54.792" endtime="20220331 01:01:54.792"/>
</kw>
<kw name="Type Text" library="Browser">
<arg>id=${key}</arg>
<arg>${login_colaborador}</arg>
<tag>PageContent</tag>
<tag>Setter</tag>
<doc>Types the given ``txt`` into the text field found by ``selector``.</doc>
<status status="NOT RUN" starttime="20220331 01:01:54.792" endtime="20220331 01:01:54.792"/>
</kw>
<kw name="Set Global Variable" library="BuiltIn">
<arg>${login_colaborador}</arg>
<doc>Makes a variable available globally in all tests and suites.</doc>
<status status="NOT RUN" starttime="20220331 01:01:54.793" endtime="20220331 01:01:54.793"/>
</kw>
<status status="NOT RUN" starttime="20220331 01:01:54.791" endtime="20220331 01:01:54.793"/>
</branch>
<branch type="ELSE">
<kw name="Fill Text" library="Browser">
<arg>id=${key}</arg>
<arg>${item["${key}"]}</arg>
<tag>PageContent</tag>
<tag>Setter</tag>
<doc>Clears and fills the given ``text`` into the text field found by ``selector``.</doc>
<status status="NOT RUN" starttime="20220331 01:01:54.793" endtime="20220331 01:01:54.793"/>
</kw>
<if>
<branch type="IF" condition="'${key}' == 'inputNome'">
<kw name="Set Global Variable" library="BuiltIn">
<arg>${nome}</arg>
<arg>${item["${key}"]}</arg>
<doc>Makes a variable available globally in all tests and suites.</doc>
<status status="NOT RUN" starttime="20220331 01:01:54.793" endtime="20220331 01:01:54.793"/>
</kw>
<status status="NOT RUN" starttime="20220331 01:01:54.793" endtime="20220331 01:01:54.793"/>
</branch>
<branch type="ELSE IF" condition="'${key}' == 'inputNomeSocial'">
<kw name="Set Global Variable" library="BuiltIn">
<arg>${nome_social}</arg>
<arg>${item["${key}"]}</arg>
<doc>Makes a variable available globally in all tests and suites.</doc>
<status status="NOT RUN" starttime="20220331 01:01:54.794" endtime="20220331 01:01:54.794"/>
</kw>
<status status="NOT RUN" starttime="20220331 01:01:54.793" endtime="20220331 01:01:54.794"/>
</branch>
<branch type="ELSE IF" condition="'${key}' == 'inputNomeMae'">
<kw name="Set Global Variable" library="BuiltIn">
<arg>${nome_filiação}</arg>
<arg>${item["${key}"]}</arg>
<doc>Makes a variable available globally in all tests and suites.</doc>
<status status="NOT RUN" starttime="20220331 01:01:54.794" endtime="20220331 01:01:54.794"/>
</kw>
<status status="NOT RUN" starttime="20220331 01:01:54.794" endtime="20220331 01:01:54.794"/>
</branch>
<status status="NOT RUN" starttime="20220331 01:01:54.793" endtime="20220331 01:01:54.794"/>
</if>
<status status="NOT RUN" starttime="20220331 01:01:54.793" endtime="20220331 01:01:54.794"/>
</branch>
<status status="PASS" starttime="20220331 01:01:54.740" endtime="20220331 01:01:54.794"/>
</if>
<status status="PASS" starttime="20220331 01:01:54.740" endtime="20220331 01:01:54.794"/>
</iter>
<iter>
<var name="${key}">checkboxGenero</var>
<if>
<branch type="IF" condition="'${key}' == 'checkboxDesconheceNomeMae' or '${key}' == 'checkboxDesconheceNomePai' or '${key}'== 'checkboxDeficiente' or '${key}' == 'checkboxNomeSocial' or '${key}' == 'checkboxGenero'">
<kw name="Click" library="Browser">
<arg>id=${key}</arg>
<tag>PageContent</tag>
<tag>Setter</tag>
<doc>Simulates mouse click on the element found by ``selector``.</doc>
<status status="PASS" starttime="20220331 01:01:54.795" endtime="20220331 01:01:54.837"/>
</kw>
<status status="PASS" starttime="20220331 01:01:54.795" endtime="20220331 01:01:54.837"/>
</branch>
<branch type="ELSE IF" condition="'${key}' == 'inputIdentidade' or '${key}' == 'inputSUSF'">
<kw name="Evaluate" library="BuiltIn">
<var>${numbers}</var>
<arg>random.randint(0, sys.maxsize)</arg>
<arg>random</arg>
<doc>Evaluates the given expression in Python and returns the result.</doc>
<status status="NOT RUN" starttime="20220331 01:01:54.837" endtime="20220331 01:01:54.837"/>
</kw>
<kw name="Type Text" library="Browser">
<arg>id=${key}</arg>
<arg>${numbers}</arg>
<tag>PageContent</tag>
<tag>Setter</tag>
<doc>Types the given ``txt`` into the text field found by ``selector``.</doc>
<status status="NOT RUN" starttime="20220331 01:01:54.837" endtime="20220331 01:01:54.837"/>
</kw>
<status status="NOT RUN" starttime="20220331 01:01:54.837" endtime="20220331 01:01:54.837"/>
</branch>
<branch type="ELSE IF" condition="'${key}' == 'inputEmail'">
<kw name="Email" library="FakerLibrary">
<var>${email}</var>
<status status="NOT RUN" starttime="20220331 01:01:54.837" endtime="20220331 01:01:54.837"/>
</kw>
<kw name="Type Text" library="Browser">
<arg>id=${key}</arg>
<arg>${email}</arg>
<tag>PageContent</tag>
<tag>Setter</tag>
<doc>Types the given ``txt`` into the text field found by ``selector``.</doc>
<status status="NOT RUN" starttime="20220331 01:01:54.838" endtime="20220331 01:01:54.838"/>
</kw>
<kw name="Set Global Variable" library="BuiltIn">
<arg>${email}</arg>
<doc>Makes a variable available globally in all tests and suites.</doc>
<status status="NOT RUN" starttime="20220331 01:01:54.838" endtime="20220331 01:01:54.838"/>
</kw>
<status status="NOT RUN" starttime="20220331 01:01:54.837" endtime="20220331 01:01:54.838"/>
</branch>
<branch type="ELSE IF" condition="'${key}' == 'inputCPF'">
<kw name="Cpf" library="FakerLibrary">
<var>${cpf}</var>
<status status="NOT RUN" starttime="20220331 01:01:54.838" endtime="20220331 01:01:54.838"/>
</kw>
<kw name="Fill Text" library="Browser">
<arg>id=${key}</arg>
<arg>${cpf}</arg>
<tag>PageContent</tag>
<tag>Setter</tag>
<doc>Clears and fills the given ``text`` into the text field found by ``selector``.</doc>
<status status="NOT RUN" starttime="20220331 01:01:54.838" endtime="20220331 01:01:54.838"/>
</kw>
<kw name="Set Global Variable" library="BuiltIn">
<arg>${cpf}</arg>
<doc>Makes a variable available globally in all tests and suites.</doc>
<status status="NOT RUN" starttime="20220331 01:01:54.839" endtime="20220331 01:01:54.839"/>
</kw>
<status status="NOT RUN" starttime="20220331 01:01:54.838" endtime="20220331 01:01:54.839"/>
</branch>
<branch type="ELSE IF" condition="'${key}' == 'inputLogin'">
<kw name="Word" library="FakerLibrary">
<var>${login_aux}</var>
<doc>Generate a word.</doc>
<status status="NOT RUN" starttime="20220331 01:01:54.839" endtime="20220331 01:01:54.839"/>
</kw>
<kw name="Set Variable" library="BuiltIn">
<var>${login_colaborador}</var>
<arg>${login_aux}_c1</arg>
<doc>Returns the given values which can then be assigned to a variables.</doc>
<status status="NOT RUN" starttime="20220331 01:01:54.839" endtime="20220331 01:01:54.839"/>
</kw>
<kw name="Type Text" library="Browser">
<arg>id=${key}</arg>
<arg>${login_colaborador}</arg>
<tag>PageContent</tag>
<tag>Setter</tag>
<doc>Types the given ``txt`` into the text field found by ``selector``.</doc>
<status status="NOT RUN" starttime="20220331 01:01:54.840" endtime="20220331 01:01:54.840"/>
</kw>
<kw name="Set Global Variable" library="BuiltIn">
<arg>${login_colaborador}</arg>
<doc>Makes a variable available globally in all tests and suites.</doc>
<status status="NOT RUN" starttime="20220331 01:01:54.840" endtime="20220331 01:01:54.840"/>
</kw>
<status status="NOT RUN" starttime="20220331 01:01:54.839" endtime="20220331 01:01:54.840"/>
</branch>
<branch type="ELSE">
<kw name="Fill Text" library="Browser">
<arg>id=${key}</arg>
<arg>${item["${key}"]}</arg>
<tag>PageContent</tag>
<tag>Setter</tag>
<doc>Clears and fills the given ``text`` into the text field found by ``selector``.</doc>
<status status="NOT RUN" starttime="20220331 01:01:54.840" endtime="20220331 01:01:54.840"/>
</kw>
<if>
<branch type="IF" condition="'${key}' == 'inputNome'">
<kw name="Set Global Variable" library="BuiltIn">
<arg>${nome}</arg>
<arg>${item["${key}"]}</arg>
<doc>Makes a variable available globally in all tests and suites.</doc>
<status status="NOT RUN" starttime="20220331 01:01:54.840" endtime="20220331 01:01:54.840"/>
</kw>
<status status="NOT RUN" starttime="20220331 01:01:54.840" endtime="20220331 01:01:54.840"/>
</branch>
<branch type="ELSE IF" condition="'${key}' == 'inputNomeSocial'">
<kw name="Set Global Variable" library="BuiltIn">
<arg>${nome_social}</arg>
<arg>${item["${key}"]}</arg>
<doc>Makes a variable available globally in all tests and suites.</doc>
<status status="NOT RUN" starttime="20220331 01:01:54.841" endtime="20220331 01:01:54.841"/>
</kw>
<status status="NOT RUN" starttime="20220331 01:01:54.841" endtime="20220331 01:01:54.841"/>
</branch>
<branch type="ELSE IF" condition="'${key}' == 'inputNomeMae'">
<kw name="Set Global Variable" library="BuiltIn">
<arg>${nome_filiação}</arg>
<arg>${item["${key}"]}</arg>
<doc>Makes a variable available globally in all tests and suites.</doc>
<status status="NOT RUN" starttime="20220331 01:01:54.841" endtime="20220331 01:01:54.841"/>
</kw>
<status status="NOT RUN" starttime="20220331 01:01:54.841" endtime="20220331 01:01:54.841"/>
</branch>
<status status="NOT RUN" starttime="20220331 01:01:54.840" endtime="20220331 01:01:54.841"/>
</if>
<status status="NOT RUN" starttime="20220331 01:01:54.840" endtime="20220331 01:01:54.841"/>
</branch>
<status status="PASS" starttime="20220331 01:01:54.794" endtime="20220331 01:01:54.841"/>
</if>
<status status="PASS" starttime="20220331 01:01:54.794" endtime="20220331 01:01:54.841"/>
</iter>
<iter>
<var name="${key}">checkboxDeficiente</var>
<if>
<branch type="IF" condition="'${key}' == 'checkboxDesconheceNomeMae' or '${key}' == 'checkboxDesconheceNomePai' or '${key}'== 'checkboxDeficiente' or '${key}' == 'checkboxNomeSocial' or '${key}' == 'checkboxGenero'">
<kw name="Click" library="Browser">
<arg>id=${key}</arg>
<tag>PageContent</tag>
<tag>Setter</tag>
<doc>Simulates mouse click on the element found by ``selector``.</doc>
<status status="PASS" starttime="20220331 01:01:54.842" endtime="20220331 01:01:54.915"/>
</kw>
<status status="PASS" starttime="20220331 01:01:54.842" endtime="20220331 01:01:54.915"/>
</branch>
<branch type="ELSE IF" condition="'${key}' == 'inputIdentidade' or '${key}' == 'inputSUSF'">
<kw name="Evaluate" library="BuiltIn">
<var>${numbers}</var>
<arg>random.randint(0, sys.maxsize)</arg>
<arg>random</arg>
<doc>Evaluates the given expression in Python and returns the result.</doc>
<status status="NOT RUN" starttime="20220331 01:01:54.916" endtime="20220331 01:01:54.916"/>
</kw>
<kw name="Type Text" library="Browser">
<arg>id=${key}</arg>
<arg>${numbers}</arg>
<tag>PageContent</tag>
<tag>Setter</tag>
<doc>Types the given ``txt`` into the text field found by ``selector``.</doc>
<status status="NOT RUN" starttime="20220331 01:01:54.916" endtime="20220331 01:01:54.916"/>
</kw>
<status status="NOT RUN" starttime="20220331 01:01:54.915" endtime="20220331 01:01:54.916"/>
</branch>
<branch type="ELSE IF" condition="'${key}' == 'inputEmail'">
<kw name="Email" library="FakerLibrary">
<var>${email}</var>
<status status="NOT RUN" starttime="20220331 01:01:54.916" endtime="20220331 01:01:54.916"/>
</kw>
<kw name="Type Text" library="Browser">
<arg>id=${key}</arg>
<arg>${email}</arg>
<tag>PageContent</tag>
<tag>Setter</tag>
<doc>Types the given ``txt`` into the text field found by ``selector``.</doc>
<status status="NOT RUN" starttime="20220331 01:01:54.916" endtime="20220331 01:01:54.917"/>
</kw>
<kw name="Set Global Variable" library="BuiltIn">
<arg>${email}</arg>
<doc>Makes a variable available globally in all tests and suites.</doc>
<status status="NOT RUN" starttime="20220331 01:01:54.917" endtime="20220331 01:01:54.917"/>
</kw>
<status status="NOT RUN" starttime="20220331 01:01:54.916" endtime="20220331 01:01:54.917"/>
</branch>
<branch type="ELSE IF" condition="'${key}' == 'inputCPF'">
<kw name="Cpf" library="FakerLibrary">
<var>${cpf}</var>
<status status="NOT RUN" starttime="20220331 01:01:54.917" endtime="20220331 01:01:54.917"/>
</kw>
<kw name="Fill Text" library="Browser">
<arg>id=${key}</arg>
<arg>${cpf}</arg>
<tag>PageContent</tag>
<tag>Setter</tag>
<doc>Clears and fills the given ``text`` into the text field found by ``selector``.</doc>
<status status="NOT RUN" starttime="20220331 01:01:54.917" endtime="20220331 01:01:54.917"/>
</kw>
<kw name="Set Global Variable" library="BuiltIn">
<arg>${cpf}</arg>
<doc>Makes a variable available globally in all tests and suites.</doc>
<status status="NOT RUN" starttime="20220331 01:01:54.918" endtime="20220331 01:01:54.918"/>
</kw>
<status status="NOT RUN" starttime="20220331 01:01:54.917" endtime="20220331 01:01:54.918"/>
</branch>
<branch type="ELSE IF" condition="'${key}' == 'inputLogin'">
<kw name="Word" library="FakerLibrary">
<var>${login_aux}</var>
<doc>Generate a word.</doc>
<status status="NOT RUN" starttime="20220331 01:01:54.918" endtime="20220331 01:01:54.918"/>
</kw>
<kw name="Set Variable" library="BuiltIn">
<var>${login_colaborador}</var>
<arg>${login_aux}_c1</arg>
<doc>Returns the given values which can then be assigned to a variables.</doc>
<status status="NOT RUN" starttime="20220331 01:01:54.918" endtime="20220331 01:01:54.918"/>
</kw>
<kw name="Type Text" library="Browser">
<arg>id=${key}</arg>
<arg>${login_colaborador}</arg>
<tag>PageContent</tag>
<tag>Setter</tag>
<doc>Types the given ``txt`` into the text field found by ``selector``.</doc>
<status status="NOT RUN" starttime="20220331 01:01:54.918" endtime="20220331 01:01:54.918"/>
</kw>
<kw name="Set Global Variable" library="BuiltIn">
<arg>${login_colaborador}</arg>
<doc>Makes a variable available globally in all tests and suites.</doc>
<status status="NOT RUN" starttime="20220331 01:01:54.919" endtime="20220331 01:01:54.919"/>
</kw>
<status status="NOT RUN" starttime="20220331 01:01:54.918" endtime="20220331 01:01:54.919"/>
</branch>
<branch type="ELSE">
<kw name="Fill Text" library="Browser">
<arg>id=${key}</arg>
<arg>${item["${key}"]}</arg>
<tag>PageContent</tag>
<tag>Setter</tag>
<doc>Clears and fills the given ``text`` into the text field found by ``selector``.</doc>
<status status="NOT RUN" starttime="20220331 01:01:54.919" endtime="20220331 01:01:54.919"/>
</kw>
<if>
<branch type="IF" condition="'${key}' == 'inputNome'">
<kw name="Set Global Variable" library="BuiltIn">
<arg>${nome}</arg>
<arg>${item["${key}"]}</arg>
<doc>Makes a variable available globally in all tests and suites.</doc>
<status status="NOT RUN" starttime="20220331 01:01:54.919" endtime="20220331 01:01:54.919"/>
</kw>
<status status="NOT RUN" starttime="20220331 01:01:54.919" endtime="20220331 01:01:54.919"/>
</branch>
<branch type="ELSE IF" condition="'${key}' == 'inputNomeSocial'">
<kw name="Set Global Variable" library="BuiltIn">
<arg>${nome_social}</arg>
<arg>${item["${key}"]}</arg>
<doc>Makes a variable available globally in all tests and suites.</doc>
<status status="NOT RUN" starttime="20220331 01:01:54.920" endtime="20220331 01:01:54.920"/>
</kw>
<status status="NOT RUN" starttime="20220331 01:01:54.920" endtime="20220331 01:01:54.920"/>
</branch>
<branch type="ELSE IF" condition="'${key}' == 'inputNomeMae'">
<kw name="Set Global Variable" library="BuiltIn">
<arg>${nome_filiação}</arg>
<arg>${item["${key}"]}</arg>
<doc>Makes a variable available globally in all tests and suites.</doc>
<status status="NOT RUN" starttime="20220331 01:01:54.920" endtime="20220331 01:01:54.920"/>
</kw>
<status status="NOT RUN" starttime="20220331 01:01:54.920" endtime="20220331 01:01:54.921"/>
</branch>
<status status="NOT RUN" starttime="20220331 01:01:54.919" endtime="20220331 01:01:54.921"/>
</if>
<status status="NOT RUN" starttime="20220331 01:01:54.919" endtime="20220331 01:01:54.921"/>
</branch>
<status status="PASS" starttime="20220331 01:01:54.841" endtime="20220331 01:01:54.921"/>
</if>
<status status="PASS" starttime="20220331 01:01:54.841" endtime="20220331 01:01:54.921"/>
</iter>
<iter>
<var name="${key}">inputCPF</var>
<if>
<branch type="IF" condition="'${key}' == 'checkboxDesconheceNomeMae' or '${key}' == 'checkboxDesconheceNomePai' or '${key}'== 'checkboxDeficiente' or '${key}' == 'checkboxNomeSocial' or '${key}' == 'checkboxGenero'">
<kw name="Click" library="Browser">
<arg>id=${key}</arg>
<tag>PageContent</tag>
<tag>Setter</tag>
<doc>Simulates mouse click on the element found by ``selector``.</doc>
<status status="NOT RUN" starttime="20220331 01:01:54.922" endtime="20220331 01:01:54.922"/>
</kw>
<status status="NOT RUN" starttime="20220331 01:01:54.922" endtime="20220331 01:01:54.922"/>
</branch>
<branch type="ELSE IF" condition="'${key}' == 'inputIdentidade' or '${key}' == 'inputSUSF'">
<kw name="Evaluate" library="BuiltIn">
<var>${numbers}</var>
<arg>random.randint(0, sys.maxsize)</arg>
<arg>random</arg>
<doc>Evaluates the given expression in Python and returns the result.</doc>
<status status="NOT RUN" starttime="20220331 01:01:54.923" endtime="20220331 01:01:54.923"/>
</kw>
<kw name="Type Text" library="Browser">
<arg>id=${key}</arg>
<arg>${numbers}</arg>
<tag>PageContent</tag>
<tag>Setter</tag>
<doc>Types the given ``txt`` into the text field found by ``selector``.</doc>
<status status="NOT RUN" starttime="20220331 01:01:54.923" endtime="20220331 01:01:54.923"/>
</kw>
<status status="NOT RUN" starttime="20220331 01:01:54.922" endtime="20220331 01:01:54.923"/>
</branch>
<branch type="ELSE IF" condition="'${key}' == 'inputEmail'">
<kw name="Email" library="FakerLibrary">
<var>${email}</var>
<status status="NOT RUN" starttime="20220331 01:01:54.923" endtime="20220331 01:01:54.923"/>
</kw>
<kw name="Type Text" library="Browser">
<arg>id=${key}</arg>
<arg>${email}</arg>
<tag>PageContent</tag>
<tag>Setter</tag>
<doc>Types the given ``txt`` into the text field found by ``selector``.</doc>
<status status="NOT RUN" starttime="20220331 01:01:54.924" endtime="20220331 01:01:54.924"/>
</kw>
<kw name="Set Global Variable" library="BuiltIn">
<arg>${email}</arg>
<doc>Makes a variable available globally in all tests and suites.</doc>
<status status="NOT RUN" starttime="20220331 01:01:54.924" endtime="20220331 01:01:54.924"/>
</kw>
<status status="NOT RUN" starttime="20220331 01:01:54.923" endtime="20220331 01:01:54.924"/>
</branch>
<branch type="ELSE IF" condition="'${key}' == 'inputCPF'">
<kw name="Cpf" library="FakerLibrary">
<var>${cpf}</var>
<msg timestamp="20220331 01:01:54.924" level="INFO">${cpf} = 351.490.286-06</msg>
<status status="PASS" starttime="20220331 01:01:54.924" endtime="20220331 01:01:54.925"/>
</kw>
<kw name="Fill Text" library="Browser">
<arg>id=${key}</arg>
<arg>${cpf}</arg>
<tag>PageContent</tag>
<tag>Setter</tag>
<doc>Clears and fills the given ``text`` into the text field found by ``selector``.</doc>
<msg timestamp="20220331 01:01:54.925" level="INFO">Fills the text '351.490.286-06' in the given field.</msg>
<status status="PASS" starttime="20220331 01:01:54.925" endtime="20220331 01:01:54.959"/>
</kw>
<kw name="Set Global Variable" library="BuiltIn">
<arg>${cpf}</arg>
<doc>Makes a variable available globally in all tests and suites.</doc>
<msg timestamp="20220331 01:01:54.960" level="INFO">${cpf} = 351.490.286-06</msg>
<status status="PASS" starttime="20220331 01:01:54.959" endtime="20220331 01:01:54.960"/>
</kw>
<status status="PASS" starttime="20220331 01:01:54.924" endtime="20220331 01:01:54.960"/>
</branch>
<branch type="ELSE IF" condition="'${key}' == 'inputLogin'">
<kw name="Word" library="FakerLibrary">
<var>${login_aux}</var>
<doc>Generate a word.</doc>
<status status="NOT RUN" starttime="20220331 01:01:54.960" endtime="20220331 01:01:54.960"/>
</kw>
<kw name="Set Variable" library="BuiltIn">
<var>${login_colaborador}</var>
<arg>${login_aux}_c1</arg>
<doc>Returns the given values which can then be assigned to a variables.</doc>
<status status="NOT RUN" starttime="20220331 01:01:54.960" endtime="20220331 01:01:54.960"/>
</kw>
<kw name="Type Text" library="Browser">
<arg>id=${key}</arg>
<arg>${login_colaborador}</arg>
<tag>PageContent</tag>
<tag>Setter</tag>
<doc>Types the given ``txt`` into the text field found by ``selector``.</doc>
<status status="NOT RUN" starttime="20220331 01:01:54.960" endtime="20220331 01:01:54.960"/>
</kw>
<kw name="Set Global Variable" library="BuiltIn">
<arg>${login_colaborador}</arg>
<doc>Makes a variable available globally in all tests and suites.</doc>
<status status="NOT RUN" starttime="20220331 01:01:54.960" endtime="20220331 01:01:54.960"/>
</kw>
<status status="NOT RUN" starttime="20220331 01:01:54.960" endtime="20220331 01:01:54.960"/>
</branch>
<branch type="ELSE">
<kw name="Fill Text" library="Browser">
<arg>id=${key}</arg>
<arg>${item["${key}"]}</arg>
<tag>PageContent</tag>
<tag>Setter</tag>
<doc>Clears and fills the given ``text`` into the text field found by ``selector``.</doc>
<status status="NOT RUN" starttime="20220331 01:01:54.960" endtime="20220331 01:01:54.961"/>
</kw>
<if>
<branch type="IF" condition="'${key}' == 'inputNome'">
<kw name="Set Global Variable" library="BuiltIn">
<arg>${nome}</arg>
<arg>${item["${key}"]}</arg>
<doc>Makes a variable available globally in all tests and suites.</doc>
<status status="NOT RUN" starttime="20220331 01:01:54.961" endtime="20220331 01:01:54.961"/>
</kw>
<status status="NOT RUN" starttime="20220331 01:01:54.961" endtime="20220331 01:01:54.961"/>
</branch>
<branch type="ELSE IF" condition="'${key}' == 'inputNomeSocial'">
<kw name="Set Global Variable" library="BuiltIn">
<arg>${nome_social}</arg>
<arg>${item["${key}"]}</arg>
<doc>Makes a variable available globally in all tests and suites.</doc>
<status status="NOT RUN" starttime="20220331 01:01:54.961" endtime="20220331 01:01:54.961"/>
</kw>
<status status="NOT RUN" starttime="20220331 01:01:54.961" endtime="20220331 01:01:54.961"/>
</branch>
<branch type="ELSE IF" condition="'${key}' == 'inputNomeMae'">
<kw name="Set Global Variable" library="BuiltIn">
<arg>${nome_filiação}</arg>
<arg>${item["${key}"]}</arg>
<doc>Makes a variable available globally in all tests and suites.</doc>
<status status="NOT RUN" starttime="20220331 01:01:54.961" endtime="20220331 01:01:54.961"/>
</kw>
<status status="NOT RUN" starttime="20220331 01:01:54.961" endtime="20220331 01:01:54.961"/>
</branch>
<status status="NOT RUN" starttime="20220331 01:01:54.961" endtime="20220331 01:01:54.961"/>
</if>
<status status="NOT RUN" starttime="20220331 01:01:54.960" endtime="20220331 01:01:54.961"/>
</branch>
<status status="PASS" starttime="20220331 01:01:54.921" endtime="20220331 01:01:54.961"/>
</if>
<status status="PASS" starttime="20220331 01:01:54.921" endtime="20220331 01:01:54.961"/>
</iter>
<iter>
<var name="${key}">inputIdentidade</var>
<if>
<branch type="IF" condition="'${key}' == 'checkboxDesconheceNomeMae' or '${key}' == 'checkboxDesconheceNomePai' or '${key}'== 'checkboxDeficiente' or '${key}' == 'checkboxNomeSocial' or '${key}' == 'checkboxGenero'">
<kw name="Click" library="Browser">
<arg>id=${key}</arg>
<tag>PageContent</tag>
<tag>Setter</tag>
<doc>Simulates mouse click on the element found by ``selector``.</doc>
<status status="NOT RUN" starttime="20220331 01:01:54.962" endtime="20220331 01:01:54.962"/>
</kw>
<status status="NOT RUN" starttime="20220331 01:01:54.962" endtime="20220331 01:01:54.962"/>
</branch>
<branch type="ELSE IF" condition="'${key}' == 'inputIdentidade' or '${key}' == 'inputSUSF'">
<kw name="Evaluate" library="BuiltIn">
<var>${numbers}</var>
<arg>random.randint(0, sys.maxsize)</arg>
<arg>random</arg>
<doc>Evaluates the given expression in Python and returns the result.</doc>
<msg timestamp="20220331 01:01:54.963" level="INFO">${numbers} = 5058198520222688768</msg>
<status status="PASS" starttime="20220331 01:01:54.963" endtime="20220331 01:01:54.963"/>
</kw>
<kw name="Type Text" library="Browser">
<arg>id=${key}</arg>
<arg>${numbers}</arg>
<tag>PageContent</tag>
<tag>Setter</tag>
<doc>Types the given ``txt`` into the text field found by ``selector``.</doc>
<msg timestamp="20220331 01:01:54.964" level="INFO">Types the text '5058198520222688768' in the given field.</msg>
<status status="PASS" starttime="20220331 01:01:54.963" endtime="20220331 01:01:55.040"/>
</kw>
<status status="PASS" starttime="20220331 01:01:54.962" endtime="20220331 01:01:55.040"/>
</branch>
<branch type="ELSE IF" condition="'${key}' == 'inputEmail'">
<kw name="Email" library="FakerLibrary">
<var>${email}</var>
<status status="NOT RUN" starttime="20220331 01:01:55.040" endtime="20220331 01:01:55.040"/>
</kw>
<kw name="Type Text" library="Browser">
<arg>id=${key}</arg>
<arg>${email}</arg>
<tag>PageContent</tag>
<tag>Setter</tag>
<doc>Types the given ``txt`` into the text field found by ``selector``.</doc>
<status status="NOT RUN" starttime="20220331 01:01:55.040" endtime="20220331 01:01:55.040"/>
</kw>
<kw name="Set Global Variable" library="BuiltIn">
<arg>${email}</arg>
<doc>Makes a variable available globally in all tests and suites.</doc>
<status status="NOT RUN" starttime="20220331 01:01:55.040" endtime="20220331 01:01:55.040"/>
</kw>
<status status="NOT RUN" starttime="20220331 01:01:55.040" endtime="20220331 01:01:55.040"/>
</branch>
<branch type="ELSE IF" condition="'${key}' == 'inputCPF'">
<kw name="Cpf" library="FakerLibrary">
<var>${cpf}</var>
<status status="NOT RUN" starttime="20220331 01:01:55.040" endtime="20220331 01:01:55.040"/>
</kw>
<kw name="Fill Text" library="Browser">
<arg>id=${key}</arg>
<arg>${cpf}</arg>
<tag>PageContent</tag>
<tag>Setter</tag>
<doc>Clears and fills the given ``text`` into the text field found by ``selector``.</doc>
<status status="NOT RUN" starttime="20220331 01:01:55.041" endtime="20220331 01:01:55.041"/>
</kw>
<kw name="Set Global Variable" library="BuiltIn">
<arg>${cpf}</arg>
<doc>Makes a variable available globally in all tests and suites.</doc>
<status status="NOT RUN" starttime="20220331 01:01:55.041" endtime="20220331 01:01:55.041"/>
</kw>
<status status="NOT RUN" starttime="20220331 01:01:55.040" endtime="20220331 01:01:55.041"/>
</branch>
<branch type="ELSE IF" condition="'${key}' == 'inputLogin'">
<kw name="Word" library="FakerLibrary">
<var>${login_aux}</var>
<doc>Generate a word.</doc>
<status status="NOT RUN" starttime="20220331 01:01:55.041" endtime="20220331 01:01:55.041"/>
</kw>
<kw name="Set Variable" library="BuiltIn">
<var>${login_colaborador}</var>
<arg>${login_aux}_c1</arg>
<doc>Returns the given values which can then be assigned to a variables.</doc>
<status status="NOT RUN" starttime="20220331 01:01:55.041" endtime="20220331 01:01:55.041"/>
</kw>
<kw name="Type Text" library="Browser">
<arg>id=${key}</arg>
<arg>${login_colaborador}</arg>
<tag>PageContent</tag>
<tag>Setter</tag>
<doc>Types the given ``txt`` into the text field found by ``selector``.</doc>
<status status="NOT RUN" starttime="20220331 01:01:55.041" endtime="20220331 01:01:55.041"/>
</kw>
<kw name="Set Global Variable" library="BuiltIn">
<arg>${login_colaborador}</arg>
<doc>Makes a variable available globally in all tests and suites.</doc>
<status status="NOT RUN" starttime="20220331 01:01:55.041" endtime="20220331 01:01:55.041"/>
</kw>
<status status="NOT RUN" starttime="20220331 01:01:55.041" endtime="20220331 01:01:55.041"/>
</branch>
<branch type="ELSE">
<kw name="Fill Text" library="Browser">
<arg>id=${key}</arg>
<arg>${item["${key}"]}</arg>
<tag>PageContent</tag>
<tag>Setter</tag>
<doc>Clears and fills the given ``text`` into the text field found by ``selector``.</doc>
<status status="NOT RUN" starttime="20220331 01:01:55.042" endtime="20220331 01:01:55.042"/>
</kw>
<if>
<branch type="IF" condition="'${key}' == 'inputNome'">
<kw name="Set Global Variable" library="BuiltIn">
<arg>${nome}</arg>
<arg>${item["${key}"]}</arg>
<doc>Makes a variable available globally in all tests and suites.</doc>
<status status="NOT RUN" starttime="20220331 01:01:55.042" endtime="20220331 01:01:55.042"/>
</kw>
<status status="NOT RUN" starttime="20220331 01:01:55.042" endtime="20220331 01:01:55.042"/>
</branch>
<branch type="ELSE IF" condition="'${key}' == 'inputNomeSocial'">
<kw name="Set Global Variable" library="BuiltIn">
<arg>${nome_social}</arg>
<arg>${item["${key}"]}</arg>
<doc>Makes a variable available globally in all tests and suites.</doc>
<status status="NOT RUN" starttime="20220331 01:01:55.042" endtime="20220331 01:01:55.042"/>
</kw>
<status status="NOT RUN" starttime="20220331 01:01:55.042" endtime="20220331 01:01:55.042"/>
</branch>
<branch type="ELSE IF" condition="'${key}' == 'inputNomeMae'">
<kw name="Set Global Variable" library="BuiltIn">
<arg>${nome_filiação}</arg>
<arg>${item["${key}"]}</arg>
<doc>Makes a variable available globally in all tests and suites.</doc>
<status status="NOT RUN" starttime="20220331 01:01:55.042" endtime="20220331 01:01:55.042"/>
</kw>
<status status="NOT RUN" starttime="20220331 01:01:55.042" endtime="20220331 01:01:55.042"/>
</branch>
<status status="NOT RUN" starttime="20220331 01:01:55.042" endtime="20220331 01:01:55.043"/>
</if>
<status status="NOT RUN" starttime="20220331 01:01:55.042" endtime="20220331 01:01:55.043"/>
</branch>
<status status="PASS" starttime="20220331 01:01:54.961" endtime="20220331 01:01:55.043"/>
</if>
<status status="PASS" starttime="20220331 01:01:54.961" endtime="20220331 01:01:55.043"/>
</iter>
<iter>
<var name="${key}">inputOrgaoExpedidor</var>
<if>
<branch type="IF" condition="'${key}' == 'checkboxDesconheceNomeMae' or '${key}' == 'checkboxDesconheceNomePai' or '${key}'== 'checkboxDeficiente' or '${key}' == 'checkboxNomeSocial' or '${key}' == 'checkboxGenero'">
<kw name="Click" library="Browser">
<arg>id=${key}</arg>
<tag>PageContent</tag>
<tag>Setter</tag>
<doc>Simulates mouse click on the element found by ``selector``.</doc>
<status status="NOT RUN" starttime="20220331 01:01:55.043" endtime="20220331 01:01:55.043"/>
</kw>
<status status="NOT RUN" starttime="20220331 01:01:55.043" endtime="20220331 01:01:55.043"/>
</branch>
<branch type="ELSE IF" condition="'${key}' == 'inputIdentidade' or '${key}' == 'inputSUSF'">
<kw name="Evaluate" library="BuiltIn">
<var>${numbers}</var>
<arg>random.randint(0, sys.maxsize)</arg>
<arg>random</arg>
<doc>Evaluates the given expression in Python and returns the result.</doc>
<status status="NOT RUN" starttime="20220331 01:01:55.044" endtime="20220331 01:01:55.044"/>
</kw>
<kw name="Type Text" library="Browser">
<arg>id=${key}</arg>
<arg>${numbers}</arg>
<tag>PageContent</tag>
<tag>Setter</tag>
<doc>Types the given ``txt`` into the text field found by ``selector``.</doc>
<status status="NOT RUN" starttime="20220331 01:01:55.044" endtime="20220331 01:01:55.044"/>
</kw>
<status status="NOT RUN" starttime="20220331 01:01:55.044" endtime="20220331 01:01:55.044"/>
</branch>
<branch type="ELSE IF" condition="'${key}' == 'inputEmail'">
<kw name="Email" library="FakerLibrary">
<var>${email}</var>
<status status="NOT RUN" starttime="20220331 01:01:55.044" endtime="20220331 01:01:55.044"/>
</kw>
<kw name="Type Text" library="Browser">
<arg>id=${key}</arg>
<arg>${email}</arg>
<tag>PageContent</tag>
<tag>Setter</tag>
<doc>Types the given ``txt`` into the text field found by ``selector``.</doc>
<status status="NOT RUN" starttime="20220331 01:01:55.045" endtime="20220331 01:01:55.045"/>
</kw>
<kw name="Set Global Variable" library="BuiltIn">
<arg>${email}</arg>
<doc>Makes a variable available globally in all tests and suites.</doc>
<status status="NOT RUN" starttime="20220331 01:01:55.045" endtime="20220331 01:01:55.045"/>
</kw>
<status status="NOT RUN" starttime="20220331 01:01:55.044" endtime="20220331 01:01:55.045"/>
</branch>
<branch type="ELSE IF" condition="'${key}' == 'inputCPF'">
<kw name="Cpf" library="FakerLibrary">
<var>${cpf}</var>
<status status="NOT RUN" starttime="20220331 01:01:55.046" endtime="20220331 01:01:55.046"/>
</kw>
<kw name="Fill Text" library="Browser">
<arg>id=${key}</arg>
<arg>${cpf}</arg>
<tag>PageContent</tag>
<tag>Setter</tag>
<doc>Clears and fills the given ``text`` into the text field found by ``selector``.</doc>
<status status="NOT RUN" starttime="20220331 01:01:55.046" endtime="20220331 01:01:55.046"/>
</kw>
<kw name="Set Global Variable" library="BuiltIn">
<arg>${cpf}</arg>
<doc>Makes a variable available globally in all tests and suites.</doc>
<status status="NOT RUN" starttime="20220331 01:01:55.046" endtime="20220331 01:01:55.046"/>
</kw>
<status status="NOT RUN" starttime="20220331 01:01:55.045" endtime="20220331 01:01:55.046"/>
</branch>
<branch type="ELSE IF" condition="'${key}' == 'inputLogin'">
<kw name="Word" library="FakerLibrary">
<var>${login_aux}</var>
<doc>Generate a word.</doc>
<status status="NOT RUN" starttime="20220331 01:01:55.046" endtime="20220331 01:01:55.046"/>
</kw>
<kw name="Set Variable" library="BuiltIn">
<var>${login_colaborador}</var>
<arg>${login_aux}_c1</arg>
<doc>Returns the given values which can then be assigned to a variables.</doc>
<status status="NOT RUN" starttime="20220331 01:01:55.047" endtime="20220331 01:01:55.047"/>
</kw>
<kw name="Type Text" library="Browser">
<arg>id=${key}</arg>
<arg>${login_colaborador}</arg>
<tag>PageContent</tag>
<tag>Setter</tag>
<doc>Types the given ``txt`` into the text field found by ``selector``.</doc>
<status status="NOT RUN" starttime="20220331 01:01:55.047" endtime="20220331 01:01:55.047"/>
</kw>
<kw name="Set Global Variable" library="BuiltIn">
<arg>${login_colaborador}</arg>
<doc>Makes a variable available globally in all tests and suites.</doc>
<status status="NOT RUN" starttime="20220331 01:01:55.047" endtime="20220331 01:01:55.047"/>
</kw>
<status status="NOT RUN" starttime="20220331 01:01:55.046" endtime="20220331 01:01:55.047"/>
</branch>
<branch type="ELSE">
<kw name="Fill Text" library="Browser">
<arg>id=${key}</arg>
<arg>${item["${key}"]}</arg>
<tag>PageContent</tag>
<tag>Setter</tag>
<doc>Clears and fills the given ``text`` into the text field found by ``selector``.</doc>
<msg timestamp="20220331 01:01:55.048" level="INFO">Fills the text '' in the given field.</msg>
<status status="PASS" starttime="20220331 01:01:55.047" endtime="20220331 01:01:55.063"/>
</kw>
<if>
<branch type="IF" condition="'${key}' == 'inputNome'">
<kw name="Set Global Variable" library="BuiltIn">
<arg>${nome}</arg>
<arg>${item["${key}"]}</arg>
<doc>Makes a variable available globally in all tests and suites.</doc>
<status status="NOT RUN" starttime="20220331 01:01:55.063" endtime="20220331 01:01:55.063"/>
</kw>
<status status="NOT RUN" starttime="20220331 01:01:55.063" endtime="20220331 01:01:55.063"/>
</branch>
<branch type="ELSE IF" condition="'${key}' == 'inputNomeSocial'">
<kw name="Set Global Variable" library="BuiltIn">
<arg>${nome_social}</arg>
<arg>${item["${key}"]}</arg>
<doc>Makes a variable available globally in all tests and suites.</doc>
<status status="NOT RUN" starttime="20220331 01:01:55.063" endtime="20220331 01:01:55.063"/>
</kw>
<status status="NOT RUN" starttime="20220331 01:01:55.063" endtime="20220331 01:01:55.063"/>
</branch>
<branch type="ELSE IF" condition="'${key}' == 'inputNomeMae'">
<kw name="Set Global Variable" library="BuiltIn">
<arg>${nome_filiação}</arg>
<arg>${item["${key}"]}</arg>
<doc>Makes a variable available globally in all tests and suites.</doc>
<status status="NOT RUN" starttime="20220331 01:01:55.064" endtime="20220331 01:01:55.064"/>
</kw>
<status status="NOT RUN" starttime="20220331 01:01:55.063" endtime="20220331 01:01:55.064"/>
</branch>
<status status="PASS" starttime="20220331 01:01:55.063" endtime="20220331 01:01:55.064"/>
</if>
<status status="PASS" starttime="20220331 01:01:55.047" endtime="20220331 01:01:55.064"/>
</branch>
<status status="PASS" starttime="20220331 01:01:55.043" endtime="20220331 01:01:55.064"/>
</if>
<status status="PASS" starttime="20220331 01:01:55.043" endtime="20220331 01:01:55.064"/>
</iter>
<iter>
<var name="${key}">inputSUS</var>
<if>
<branch type="IF" condition="'${key}' == 'checkboxDesconheceNomeMae' or '${key}' == 'checkboxDesconheceNomePai' or '${key}'== 'checkboxDeficiente' or '${key}' == 'checkboxNomeSocial' or '${key}' == 'checkboxGenero'">
<kw name="Click" library="Browser">
<arg>id=${key}</arg>
<tag>PageContent</tag>
<tag>Setter</tag>
<doc>Simulates mouse click on the element found by ``selector``.</doc>
<status status="NOT RUN" starttime="20220331 01:01:55.064" endtime="20220331 01:01:55.064"/>
</kw>
<status status="NOT RUN" starttime="20220331 01:01:55.064" endtime="20220331 01:01:55.064"/>
</branch>
<branch type="ELSE IF" condition="'${key}' == 'inputIdentidade' or '${key}' == 'inputSUSF'">
<kw name="Evaluate" library="BuiltIn">
<var>${numbers}</var>
<arg>random.randint(0, sys.maxsize)</arg>
<arg>random</arg>
<doc>Evaluates the given expression in Python and returns the result.</doc>
<status status="NOT RUN" starttime="20220331 01:01:55.065" endtime="20220331 01:01:55.065"/>
</kw>
<kw name="Type Text" library="Browser">
<arg>id=${key}</arg>
<arg>${numbers}</arg>
<tag>PageContent</tag>
<tag>Setter</tag>
<doc>Types the given ``txt`` into the text field found by ``selector``.</doc>
<status status="NOT RUN" starttime="20220331 01:01:55.065" endtime="20220331 01:01:55.065"/>
</kw>
<status status="NOT RUN" starttime="20220331 01:01:55.064" endtime="20220331 01:01:55.065"/>
</branch>
<branch type="ELSE IF" condition="'${key}' == 'inputEmail'">
<kw name="Email" library="FakerLibrary">
<var>${email}</var>
<status status="NOT RUN" starttime="20220331 01:01:55.065" endtime="20220331 01:01:55.065"/>
</kw>
<kw name="Type Text" library="Browser">
<arg>id=${key}</arg>
[...]
<doc>Returns the contents of a specified file.</doc>
<msg timestamp="20220331 01:02:17.923" level="INFO" html="true">Getting file '&lt;a href="file:///home/m.calixta/Sigsaude/RobotFramework-Sigsaude/Files/telas.json"&gt;/home/m.calixta/Sigsaude/RobotFramework-Sigsaude/Files/telas.json&lt;/a&gt;'.</msg>
<msg timestamp="20220331 01:02:17.923" level="INFO">${file} = {
    "login":"/login",
    "novo usuario de serviço":"/paciente/cadastro",
    "listar usuarios de serviço":"/paciente",
    "cadastro de colaborador":"/colaborador/form",
    "agendamento":"/agendam...</msg>
<status status="PASS" starttime="20220331 01:02:17.922" endtime="20220331 01:02:17.923"/>
</kw>
<kw name="Evaluate" library="BuiltIn">
<var>${super_var}</var>
<arg>json.loads($file)</arg>
<arg>json</arg>
<doc>Evaluates the given expression in Python and returns the result.</doc>
<msg timestamp="20220331 01:02:17.924" level="INFO">${super_var} = {'login': '/login', 'novo usuario de serviço': '/paciente/cadastro', 'listar usuarios de serviço': '/paciente', 'cadastro de colaborador': '/colaborador/form', 'agendamento': '/agendamento', 'listar c...</msg>
<status status="PASS" starttime="20220331 01:02:17.923" endtime="20220331 01:02:17.924"/>
</kw>
<msg timestamp="20220331 01:02:17.924" level="INFO">${telas_json} = {'login': '/login', 'novo usuario de serviço': '/paciente/cadastro', 'listar usuarios de serviço': '/paciente', 'cadastro de colaborador': '/colaborador/form', 'agendamento': '/agendamento', 'listar c...</msg>
<status status="PASS" starttime="20220331 01:02:17.921" endtime="20220331 01:02:17.924"/>
</kw>
<kw name="Get JSON" library="base">
<var>${config_json}</var>
<arg>config.json</arg>
<kw name="Get File" library="OperatingSystem">
<var>${file}</var>
<arg>${EXECDIR}/Files/${file_name}</arg>
<doc>Returns the contents of a specified file.</doc>
<msg timestamp="20220331 01:02:17.926" level="INFO" html="true">Getting file '&lt;a href="file:///home/m.calixta/Sigsaude/RobotFramework-Sigsaude/Files/config.json"&gt;/home/m.calixta/Sigsaude/RobotFramework-Sigsaude/Files/config.json&lt;/a&gt;'.</msg>
<msg timestamp="20220331 01:02:17.926" level="INFO">${file} = {
    "base_url":"https://homologacaosigsaude.imd.ufrn.br/sigsaude",
    "navegador":"chromium",
    "lelog":"https://lelog.netlify.app/"

}</msg>
<status status="PASS" starttime="20220331 01:02:17.925" endtime="20220331 01:02:17.926"/>
</kw>
<kw name="Evaluate" library="BuiltIn">
<var>${super_var}</var>
<arg>json.loads($file)</arg>
<arg>json</arg>
<doc>Evaluates the given expression in Python and returns the result.</doc>
<msg timestamp="20220331 01:02:17.927" level="INFO">${super_var} = {'base_url': 'https://homologacaosigsaude.imd.ufrn.br/sigsaude', 'navegador': 'chromium', 'lelog': 'https://lelog.netlify.app/'}</msg>
<status status="PASS" starttime="20220331 01:02:17.926" endtime="20220331 01:02:17.927"/>
</kw>
<msg timestamp="20220331 01:02:17.927" level="INFO">${config_json} = {'base_url': 'https://homologacaosigsaude.imd.ufrn.br/sigsaude', 'navegador': 'chromium', 'lelog': 'https://lelog.netlify.app/'}</msg>
<status status="PASS" starttime="20220331 01:02:17.925" endtime="20220331 01:02:17.927"/>
</kw>
<kw name="Go To" library="Browser">
<arg>${config_json["base_url"]}${telas_json["${page}"]}</arg>
<tag>BrowserControl</tag>
<tag>Setter</tag>
<doc>Navigates to the given ``url``.</doc>
<msg timestamp="20220331 01:02:17.941" level="WARN">Keyword 'Take Screenshot' could not be run on failure:
Error: page.screenshot: Target page, context or browser has been closed</msg>
<msg timestamp="20220331 01:02:17.942" level="FAIL">Error: page.goto: Navigation failed because page was closed!
=========================== logs ===========================
navigating to "https://homologacaosigsaude.imd.ufrn.br/sigsaude/paciente", waiting until "load"
============================================================</msg>
<status status="FAIL" starttime="20220331 01:02:17.928" endtime="20220331 01:02:17.942"/>
</kw>
<status status="FAIL" starttime="20220331 01:02:17.921" endtime="20220331 01:02:17.944"/>
</kw>
<status status="FAIL" starttime="20220331 01:02:17.920" endtime="20220331 01:02:17.945"/>
</kw>
<status status="FAIL" starttime="20220331 01:02:17.920" endtime="20220331 01:02:17.945"/>
</kw>
<status status="FAIL" starttime="20220331 01:02:17.919" endtime="20220331 01:02:17.946"/>
</kw>
<kw name="E" library="bdd">
<arg>preenchido o "CPF" com o "${cpf}"</arg>
<status status="NOT RUN" starttime="20220331 01:02:17.946" endtime="20220331 01:02:17.946"/>
</kw>
<kw name="Quando" library="bdd">
<arg>clicar no "Pesquisar"</arg>
<status status="NOT RUN" starttime="20220331 01:02:17.947" endtime="20220331 01:02:17.947"/>
</kw>
<kw name="Então" library="bdd">
<arg>o campo "Nome na tabela" na lista deve ser "${nome_social}"</arg>
<status status="NOT RUN" starttime="20220331 01:02:17.947" endtime="20220331 01:02:17.947"/>
</kw>
<kw name="E" library="bdd">
<arg>dar um click no "Botão Visualizar"</arg>
<status status="NOT RUN" starttime="20220331 01:02:17.948" endtime="20220331 01:02:17.948"/>
</kw>
<kw name="E" library="bdd">
<arg>capturar código do usuario de serviço</arg>
<status status="NOT RUN" starttime="20220331 01:02:17.948" endtime="20220331 01:02:17.948"/>
</kw>
<kw name="E" library="bdd">
<arg>dar um click no "Voltar"</arg>
<status status="NOT RUN" starttime="20220331 01:02:17.948" endtime="20220331 01:02:17.948"/>
</kw>
<kw name="E" library="bdd">
<arg>preenchido o "Código" com o "${codigo_usuario}"</arg>
<status status="NOT RUN" starttime="20220331 01:02:17.949" endtime="20220331 01:02:17.949"/>
</kw>
<kw name="Quando" library="bdd">
<arg>clicar no "Pesquisar"</arg>
<status status="NOT RUN" starttime="20220331 01:02:17.949" endtime="20220331 01:02:17.949"/>
</kw>
<kw name="Então" library="bdd">
<arg>o campo "Nome na tabela" na lista deve ser "${nome_social}"</arg>
<status status="NOT RUN" starttime="20220331 01:02:17.950" endtime="20220331 01:02:17.950"/>
</kw>
<kw name="Atualizar dash sucesso 19" library="Page_datastudio" sourcename="Atualizar dash sucesso ${contador1}">
<status status="NOT RUN" starttime="20220331 01:02:17.950" endtime="20220331 01:02:17.950"/>
</kw>
<tag>Usuario</tag>
<status status="FAIL" starttime="20220331 01:02:15.005" endtime="20220331 01:02:17.951">Error: page.goto: Navigation failed because page was closed!
=========================== logs ===========================
navigating to "https://homologacaosigsaude.imd.ufrn.br/sigsaude/paciente", waiting until "load"
============================================================</status>
</test>
<test id="s1-s1-t6" name="[006] - Listar nenhum resultado é exibido na lista">
<kw name="Atualizar dash falha &quot;20&quot; &quot;Listar nenhum resultado é exibido na lista&quot; &quot;Concluido&quot; &quot;Mayara&quot;" library="Page_datastudio" sourcename="Atualizar dash falha &quot;${contador3}&quot; &quot;${teste_nome}&quot; &quot;${status}&quot; &quot;${responsavel}&quot;">
<kw name="Evaluate" library="BuiltIn">
<var>${teste_nome}</var>
<arg>[['${teste_nome}']]</arg>
<doc>Evaluates the given expression in Python and returns the result.</doc>
<msg timestamp="20220331 01:02:17.960" level="INFO">${teste_nome} = [['Listar nenhum resultado é exibido na lista']]</msg>
<status status="PASS" starttime="20220331 01:02:17.959" endtime="20220331 01:02:17.960"/>
</kw>
<kw name="Clear Sheet Values" library="RPA.Cloud.Google">
<arg>${SHEET_ID}</arg>
<arg>A${contador3}</arg>
<tag>sheets</tag>
<doc>Clear cell values for range of cells within a sheet</doc>
<status status="PASS" starttime="20220331 01:02:17.960" endtime="20220331 01:02:18.243"/>
</kw>
<kw name="Insert Sheet Values" library="RPA.Cloud.Google">
<arg>${SHEET_ID}</arg>
<arg>A${contador3}</arg>
<arg>${teste_nome}</arg>
<tag>sheets</tag>
<doc>Insert values into sheet cells</doc>
<status status="PASS" starttime="20220331 01:02:18.244" endtime="20220331 01:02:18.552"/>
</kw>
<kw name="Evaluate" library="BuiltIn">
<var>${values}</var>
<arg>[['Falhou']]</arg>
<doc>Evaluates the given expression in Python and returns the result.</doc>
<msg timestamp="20220331 01:02:18.553" level="INFO">${values} = [['Falhou']]</msg>
<status status="PASS" starttime="20220331 01:02:18.552" endtime="20220331 01:02:18.553"/>
</kw>
<kw name="Clear Sheet Values" library="RPA.Cloud.Google">
<arg>${SHEET_ID}</arg>
<arg>B${contador3}</arg>
<tag>sheets</tag>
<doc>Clear cell values for range of cells within a sheet</doc>
<status status="PASS" starttime="20220331 01:02:18.553" endtime="20220331 01:02:18.823"/>
</kw>
<kw name="Insert Sheet Values" library="RPA.Cloud.Google">
<arg>${SHEET_ID}</arg>
<arg>B${contador3}</arg>
<arg>${values}</arg>
<tag>sheets</tag>
<doc>Insert values into sheet cells</doc>
<status status="PASS" starttime="20220331 01:02:18.824" endtime="20220331 01:02:19.134"/>
</kw>
<kw name="Get Current Date" library="DateTime">
<var>${DATA}</var>
<doc>Returns current local or UTC time with an optional increment.</doc>
<msg timestamp="20220331 01:02:19.136" level="INFO">${DATA} = 2022-03-31 01:02:19.135</msg>
<status status="PASS" starttime="20220331 01:02:19.135" endtime="20220331 01:02:19.136"/>
</kw>
<kw name="Evaluate" library="BuiltIn">
<var>${DATA}</var>
<arg>[['${DATA}']]</arg>
<doc>Evaluates the given expression in Python and returns the result.</doc>
<msg timestamp="20220331 01:02:19.138" level="INFO">${DATA} = [['2022-03-31 01:02:19.135']]</msg>
<status status="PASS" starttime="20220331 01:02:19.137" endtime="20220331 01:02:19.138"/>
</kw>
<kw name="Clear Sheet Values" library="RPA.Cloud.Google">
<arg>${SHEET_ID}</arg>
<arg>C${contador3}</arg>
<tag>sheets</tag>
<doc>Clear cell values for range of cells within a sheet</doc>
<status status="PASS" starttime="20220331 01:02:19.139" endtime="20220331 01:02:19.435"/>
</kw>
<kw name="Insert Sheet Values" library="RPA.Cloud.Google">
<arg>${SHEET_ID}</arg>
<arg>C${contador3}</arg>
<arg>${DATA}</arg>
<tag>sheets</tag>
<doc>Insert values into sheet cells</doc>
<status status="PASS" starttime="20220331 01:02:19.435" endtime="20220331 01:02:19.730"/>
</kw>
<kw name="Evaluate" library="BuiltIn">
<var>${status}</var>
<arg>[['${status}']]</arg>
<doc>Evaluates the given expression in Python and returns the result.</doc>
<msg timestamp="20220331 01:02:19.730" level="INFO">${status} = [['Concluido']]</msg>
<status status="PASS" starttime="20220331 01:02:19.730" endtime="20220331 01:02:19.730"/>
</kw>
<kw name="Clear Sheet Values" library="RPA.Cloud.Google">
<arg>${SHEET_ID}</arg>
<arg>D${contador3}</arg>
<tag>sheets</tag>
<doc>Clear cell values for range of cells within a sheet</doc>
<status status="PASS" starttime="20220331 01:02:19.730" endtime="20220331 01:02:20.015"/>
</kw>
<kw name="Insert Sheet Values" library="RPA.Cloud.Google">
<arg>${SHEET_ID}</arg>
<arg>D${contador3}</arg>
<arg>${status}</arg>
<tag>sheets</tag>
<doc>Insert values into sheet cells</doc>
<status status="PASS" starttime="20220331 01:02:20.015" endtime="20220331 01:02:20.290"/>
</kw>
<kw name="Evaluate" library="BuiltIn">
<var>${responsavel}</var>
<arg>[['${responsavel}']]</arg>
<doc>Evaluates the given expression in Python and returns the result.</doc>
<msg timestamp="20220331 01:02:20.292" level="INFO">${responsavel} = [['Mayara']]</msg>
<status status="PASS" starttime="20220331 01:02:20.291" endtime="20220331 01:02:20.292"/>
</kw>
<kw name="Clear Sheet Values" library="RPA.Cloud.Google">
<arg>${SHEET_ID}</arg>
<arg>E${contador3}</arg>
<tag>sheets</tag>
<doc>Clear cell values for range of cells within a sheet</doc>
<status status="PASS" starttime="20220331 01:02:20.293" endtime="20220331 01:02:20.594"/>
</kw>
<kw name="Insert Sheet Values" library="RPA.Cloud.Google">
<arg>${SHEET_ID}</arg>
<arg>E${contador3}</arg>
<arg>${responsavel}</arg>
<tag>sheets</tag>
<doc>Insert values into sheet cells</doc>
<status status="PASS" starttime="20220331 01:02:20.595" endtime="20220331 01:02:20.917"/>
</kw>
<status status="PASS" starttime="20220331 01:02:17.959" endtime="20220331 01:02:20.918"/>
</kw>
<kw name="Dado" library="bdd">
<arg>que o usuario está na tela "listar usuarios de serviço"</arg>
<kw name="Run Keyword" library="BuiltIn">
<arg>@{Keywords}</arg>
<doc>Executes the given keyword with the given arguments.</doc>
<kw name="que o usuario está na tela &quot;listar usuarios de serviço&quot;" library="nav" sourcename="que o usuario está na tela &quot;${tela}&quot;">
<kw name="Direcionamento da tela &quot;${tela}&quot;" library="nav" sourcename="Direcionamento da tela &quot;${page}&quot;">
<kw name="Get JSON" library="base">
<var>${telas_json}</var>
<arg>telas.json</arg>
<kw name="Get File" library="OperatingSystem">
<var>${file}</var>
<arg>${EXECDIR}/Files/${file_name}</arg>
<doc>Returns the contents of a specified file.</doc>
<msg timestamp="20220331 01:02:20.931" level="INFO" html="true">Getting file '&lt;a href="file:///home/m.calixta/Sigsaude/RobotFramework-Sigsaude/Files/telas.json"&gt;/home/m.calixta/Sigsaude/RobotFramework-Sigsaude/Files/telas.json&lt;/a&gt;'.</msg>
<msg timestamp="20220331 01:02:20.932" level="INFO">${file} = {
    "login":"/login",
    "novo usuario de serviço":"/paciente/cadastro",
    "listar usuarios de serviço":"/paciente",
    "cadastro de colaborador":"/colaborador/form",
    "agendamento":"/agendam...</msg>
<status status="PASS" starttime="20220331 01:02:20.930" endtime="20220331 01:02:20.932"/>
</kw>
<kw name="Evaluate" library="BuiltIn">
<var>${super_var}</var>
<arg>json.loads($file)</arg>
<arg>json</arg>
<doc>Evaluates the given expression in Python and returns the result.</doc>
<msg timestamp="20220331 01:02:20.936" level="INFO">${super_var} = {'login': '/login', 'novo usuario de serviço': '/paciente/cadastro', 'listar usuarios de serviço': '/paciente', 'cadastro de colaborador': '/colaborador/form', 'agendamento': '/agendamento', 'listar c...</msg>
<status status="PASS" starttime="20220331 01:02:20.933" endtime="20220331 01:02:20.936"/>
</kw>
<msg timestamp="20220331 01:02:20.938" level="INFO">${telas_json} = {'login': '/login', 'novo usuario de serviço': '/paciente/cadastro', 'listar usuarios de serviço': '/paciente', 'cadastro de colaborador': '/colaborador/form', 'agendamento': '/agendamento', 'listar c...</msg>
<status status="PASS" starttime="20220331 01:02:20.928" endtime="20220331 01:02:20.939"/>
</kw>
<kw name="Get JSON" library="base">
<var>${config_json}</var>
<arg>config.json</arg>
<kw name="Get File" library="OperatingSystem">
<var>${file}</var>
<arg>${EXECDIR}/Files/${file_name}</arg>
<doc>Returns the contents of a specified file.</doc>
<msg timestamp="20220331 01:02:20.945" level="INFO" html="true">Getting file '&lt;a href="file:///home/m.calixta/Sigsaude/RobotFramework-Sigsaude/Files/config.json"&gt;/home/m.calixta/Sigsaude/RobotFramework-Sigsaude/Files/config.json&lt;/a&gt;'.</msg>
<msg timestamp="20220331 01:02:20.946" level="INFO">${file} = {
    "base_url":"https://homologacaosigsaude.imd.ufrn.br/sigsaude",
    "navegador":"chromium",
    "lelog":"https://lelog.netlify.app/"

}</msg>
<status status="PASS" starttime="20220331 01:02:20.942" endtime="20220331 01:02:20.946"/>
</kw>
<kw name="Evaluate" library="BuiltIn">
<var>${super_var}</var>
<arg>json.loads($file)</arg>
<arg>json</arg>
<doc>Evaluates the given expression in Python and returns the result.</doc>
<msg timestamp="20220331 01:02:20.948" level="INFO">${super_var} = {'base_url': 'https://homologacaosigsaude.imd.ufrn.br/sigsaude', 'navegador': 'chromium', 'lelog': 'https://lelog.netlify.app/'}</msg>
<status status="PASS" starttime="20220331 01:02:20.946" endtime="20220331 01:02:20.948"/>
</kw>
<msg timestamp="20220331 01:02:20.949" level="INFO">${config_json} = {'base_url': 'https://homologacaosigsaude.imd.ufrn.br/sigsaude', 'navegador': 'chromium', 'lelog': 'https://lelog.netlify.app/'}</msg>
<status status="PASS" starttime="20220331 01:02:20.940" endtime="20220331 01:02:20.949"/>
</kw>
<kw name="Go To" library="Browser">
<arg>${config_json["base_url"]}${telas_json["${page}"]}</arg>
<tag>BrowserControl</tag>
<tag>Setter</tag>
<doc>Navigates to the given ``url``.</doc>
<msg timestamp="20220331 01:02:20.962" level="WARN">Keyword 'Take Screenshot' could not be run on failure:
Error: page.screenshot: Target page, context or browser has been closed</msg>
<msg timestamp="20220331 01:02:20.963" level="FAIL">Error: page.goto: Navigation failed because page was closed!
=========================== logs ===========================
navigating to "https://homologacaosigsaude.imd.ufrn.br/sigsaude/paciente", waiting until "load"
============================================================</msg>
<status status="FAIL" starttime="20220331 01:02:20.950" endtime="20220331 01:02:20.963"/>
</kw>
<status status="FAIL" starttime="20220331 01:02:20.925" endtime="20220331 01:02:20.964"/>
</kw>
<status status="FAIL" starttime="20220331 01:02:20.923" endtime="20220331 01:02:20.964"/>
</kw>
<status status="FAIL" starttime="20220331 01:02:20.921" endtime="20220331 01:02:20.964"/>
</kw>
<status status="FAIL" starttime="20220331 01:02:20.919" endtime="20220331 01:02:20.964"/>
</kw>
<kw name="E" library="bdd">
<arg>preenchido o "Nome" com o "*["</arg>
<status status="NOT RUN" starttime="20220331 01:02:20.965" endtime="20220331 01:02:20.965"/>
</kw>
<kw name="Quando" library="bdd">
<arg>clicar no "Pesquisar"</arg>
<status status="NOT RUN" starttime="20220331 01:02:20.965" endtime="20220331 01:02:20.965"/>
</kw>
<kw name="Então" library="bdd">
<arg>o sistema deve exibir a mensagem "Nenhum registro encontrado"</arg>
<status status="NOT RUN" starttime="20220331 01:02:20.965" endtime="20220331 01:02:20.966"/>
</kw>
<kw name="Atualizar dash sucesso 20" library="Page_datastudio" sourcename="Atualizar dash sucesso ${contador1}">
<status status="NOT RUN" starttime="20220331 01:02:20.966" endtime="20220331 01:02:20.966"/>
</kw>
<tag>Usuario</tag>
<status status="FAIL" starttime="20220331 01:02:17.955" endtime="20220331 01:02:20.966">Error: page.goto: Navigation failed because page was closed!
=========================== logs ===========================
navigating to "https://homologacaosigsaude.imd.ufrn.br/sigsaude/paciente", waiting until "load"
============================================================</status>
</test>
<doc>Cadastro usuario de serviço</doc>
<status status="FAIL" starttime="20220331 01:01:41.496" endtime="20220331 01:02:20.972"/>
</suite>
<status status="FAIL" starttime="20220331 01:01:41.476" endtime="20220331 01:02:20.982"/>
</suite>
<statistics>
<total>
<stat pass="0" fail="6" skip="0">All Tests</stat>
</total>
<tag>
<stat pass="0" fail="6" skip="0">Usuario</stat>
</tag>
<suite>
<stat pass="0" fail="6" skip="0" id="s1" name="Tests">Tests</stat>
<stat pass="0" fail="6" skip="0" id="s1-s1" name="Usuario serviço">Tests.Usuario serviço</stat>
</suite>
</statistics>
<errors>
<msg timestamp="20220331 01:02:04.539" level="WARN">Keyword 'Take Screenshot' could not be run on failure:
Error: page.screenshot: Target page, context or browser has been closed</msg>
<msg timestamp="20220331 01:02:08.221" level="WARN">Keyword 'Take Screenshot' could not be run on failure:
Error: page.screenshot: Target page, context or browser has been closed</msg>
<msg timestamp="20220331 01:02:11.847" level="WARN">Keyword 'Take Screenshot' could not be run on failure:
Error: page.screenshot: Target page, context or browser has been closed</msg>
<msg timestamp="20220331 01:02:14.997" level="WARN">Keyword 'Take Screenshot' could not be run on failure:
Error: page.screenshot: Target page, context or browser has been closed</msg>
<msg timestamp="20220331 01:02:17.941" level="WARN">Keyword 'Take Screenshot' could not be run on failure:
Error: page.screenshot: Target page, context or browser has been closed</msg>
<msg timestamp="20220331 01:02:20.962" level="WARN">Keyword 'Take Screenshot' could not be run on failure:
Error: page.screenshot: Target page, context or browser has been closed</msg>
</errors>
</robot>
