<?xml version="1.0" encoding="UTF-8"?>
<robot generator="Robot 4.0.3 (Python 3.8.10 on linux)" generated="20220228 14:55:39.810" rpa="false" schemaversion="2">
<suite id="s1" name="6 - Profissão" source="/home/m.calixta/RobotFramework-Sigsaude/Tests/6 - Profissão.robot">
<kw name="iniciar navegador sessão &quot;Endocrinologia&quot;" library="base" type="SETUP" sourcename="iniciar navegador sessão &quot;${login_usuario}&quot;">
<kw name="iniciar Navegador" library="base">
<kw name="Get JSON" library="base">
<var>${config_json}</var>
<arg>config.json</arg>
<kw name="Get File" library="OperatingSystem">
<var>${file}</var>
<arg>${EXECDIR}/Files/${file_name}</arg>
<doc>Returns the contents of a specified file.</doc>
<msg timestamp="20220228 14:55:40.924" level="INFO" html="true">Getting file '&lt;a href="file:///home/m.calixta/RobotFramework-Sigsaude/Files/config.json"&gt;/home/m.calixta/RobotFramework-Sigsaude/Files/config.json&lt;/a&gt;'.</msg>
<msg timestamp="20220228 14:55:40.925" level="INFO">${file} = {
    "base_url":"https://homologacaosigsaude.imd.ufrn.br/sigsaude",
    "navegador":"chromium"
}</msg>
<status status="PASS" starttime="20220228 14:55:40.923" endtime="20220228 14:55:40.925"/>
</kw>
<kw name="Evaluate" library="BuiltIn">
<var>${super_var}</var>
<arg>json.loads($file)</arg>
<arg>json</arg>
<doc>Evaluates the given expression in Python and returns the result.</doc>
<msg timestamp="20220228 14:55:40.939" level="INFO">${super_var} = {'base_url': 'https://homologacaosigsaude.imd.ufrn.br/sigsaude', 'navegador': 'chromium'}</msg>
<status status="PASS" starttime="20220228 14:55:40.926" endtime="20220228 14:55:40.940"/>
</kw>
<msg timestamp="20220228 14:55:40.940" level="INFO">${config_json} = {'base_url': 'https://homologacaosigsaude.imd.ufrn.br/sigsaude', 'navegador': 'chromium'}</msg>
<status status="PASS" starttime="20220228 14:55:40.922" endtime="20220228 14:55:40.941"/>
</kw>
<kw name="New Browser" library="Browser">
<arg>${config_json["navegador"]}</arg>
<arg>False</arg>
<tag>BrowserControl</tag>
<tag>Setter</tag>
<doc>Create a new playwright Browser with specified options.
See `Browser, Context and Page` for more information about Browser and related concepts.</doc>
<msg timestamp="20220228 14:55:40.944" level="INFO">{"browser": "chromium", "headless": false, "handleSIGINT": true, "handleSIGTERM": true, "handleSIGHUP": true, "timeout": 30000.0, "devtools": false, "slowMo": 0.0}</msg>
<msg timestamp="20220228 14:55:41.255" level="INFO">Successfully created browser with options: {"browser":"chromium","headless":false,"handleSIGINT":true,"handleSIGTERM":true,"handleSIGHUP":true,"timeout":30000,"devtools":false,"slowMo":0}</msg>
<status status="PASS" starttime="20220228 14:55:40.941" endtime="20220228 14:55:41.255"/>
</kw>
<status status="PASS" starttime="20220228 14:55:40.921" endtime="20220228 14:55:41.256"/>
</kw>
<kw name="Get JSON" library="base">
<var>${config_json}</var>
<arg>config.json</arg>
<kw name="Get File" library="OperatingSystem">
<var>${file}</var>
<arg>${EXECDIR}/Files/${file_name}</arg>
<doc>Returns the contents of a specified file.</doc>
<msg timestamp="20220228 14:55:41.258" level="INFO" html="true">Getting file '&lt;a href="file:///home/m.calixta/RobotFramework-Sigsaude/Files/config.json"&gt;/home/m.calixta/RobotFramework-Sigsaude/Files/config.json&lt;/a&gt;'.</msg>
<msg timestamp="20220228 14:55:41.258" level="INFO">${file} = {
    "base_url":"https://homologacaosigsaude.imd.ufrn.br/sigsaude",
    "navegador":"chromium"
}</msg>
<status status="PASS" starttime="20220228 14:55:41.257" endtime="20220228 14:55:41.259"/>
</kw>
<kw name="Evaluate" library="BuiltIn">
<var>${super_var}</var>
<arg>json.loads($file)</arg>
<arg>json</arg>
<doc>Evaluates the given expression in Python and returns the result.</doc>
<msg timestamp="20220228 14:55:41.260" level="INFO">${super_var} = {'base_url': 'https://homologacaosigsaude.imd.ufrn.br/sigsaude', 'navegador': 'chromium'}</msg>
<status status="PASS" starttime="20220228 14:55:41.259" endtime="20220228 14:55:41.260"/>
</kw>
<msg timestamp="20220228 14:55:41.261" level="INFO">${config_json} = {'base_url': 'https://homologacaosigsaude.imd.ufrn.br/sigsaude', 'navegador': 'chromium'}</msg>
<status status="PASS" starttime="20220228 14:55:41.256" endtime="20220228 14:55:41.261"/>
</kw>
<kw name="New Page" library="Browser">
<arg>${config_json["base_url"]}</arg>
<tag>BrowserControl</tag>
<tag>Setter</tag>
<doc>Open a new Page. A Page is the Playwright equivalent to a tab.
See `Browser, Context and Page` for more information about Page concept.
Returns a stable identifier for the created page.</doc>
<msg timestamp="20220228 14:55:46.060" level="INFO">Successfully initialized new page object and opened url: https://homologacaosigsaude.imd.ufrn.br/sigsaude</msg>
<msg timestamp="20220228 14:55:46.060" level="INFO">No context was open. New context was automatically opened when this page is created.</msg>
<status status="PASS" starttime="20220228 14:55:41.262" endtime="20220228 14:55:46.061"/>
</kw>
<kw name="Direcionamento da tela &quot;login&quot;" library="nav" sourcename="Direcionamento da tela &quot;${page}&quot;">
<kw name="Get JSON" library="base">
<var>${telas_json}</var>
<arg>telas.json</arg>
<kw name="Get File" library="OperatingSystem">
<var>${file}</var>
<arg>${EXECDIR}/Files/${file_name}</arg>
<doc>Returns the contents of a specified file.</doc>
<msg timestamp="20220228 14:55:46.066" level="INFO" html="true">Getting file '&lt;a href="file:///home/m.calixta/RobotFramework-Sigsaude/Files/telas.json"&gt;/home/m.calixta/RobotFramework-Sigsaude/Files/telas.json&lt;/a&gt;'.</msg>
<msg timestamp="20220228 14:55:46.066" level="INFO">${file} = {
    "login":"/login",
    "novo usuario de serviço":"/paciente/cadastro",
    "listar usuarios de serviço":"/paciente",
    "cadastro de colaborador":"/colaborador/form",
    "agendamento":"/agendam...</msg>
<status status="PASS" starttime="20220228 14:55:46.065" endtime="20220228 14:55:46.066"/>
</kw>
<kw name="Evaluate" library="BuiltIn">
<var>${super_var}</var>
<arg>json.loads($file)</arg>
<arg>json</arg>
<doc>Evaluates the given expression in Python and returns the result.</doc>
<msg timestamp="20220228 14:55:46.068" level="INFO">${super_var} = {'login': '/login', 'novo usuario de serviço': '/paciente/cadastro', 'listar usuarios de serviço': '/paciente', 'cadastro de colaborador': '/colaborador/form', 'agendamento': '/agendamento', 'listar c...</msg>
<status status="PASS" starttime="20220228 14:55:46.067" endtime="20220228 14:55:46.068"/>
</kw>
<msg timestamp="20220228 14:55:46.069" level="INFO">${telas_json} = {'login': '/login', 'novo usuario de serviço': '/paciente/cadastro', 'listar usuarios de serviço': '/paciente', 'cadastro de colaborador': '/colaborador/form', 'agendamento': '/agendamento', 'listar c...</msg>
<status status="PASS" starttime="20220228 14:55:46.063" endtime="20220228 14:55:46.069"/>
</kw>
<kw name="Get JSON" library="base">
<var>${config_json}</var>
<arg>config.json</arg>
<kw name="Get File" library="OperatingSystem">
<var>${file}</var>
<arg>${EXECDIR}/Files/${file_name}</arg>
<doc>Returns the contents of a specified file.</doc>
<msg timestamp="20220228 14:55:46.071" level="INFO" html="true">Getting file '&lt;a href="file:///home/m.calixta/RobotFramework-Sigsaude/Files/config.json"&gt;/home/m.calixta/RobotFramework-Sigsaude/Files/config.json&lt;/a&gt;'.</msg>
<msg timestamp="20220228 14:55:46.072" level="INFO">${file} = {
    "base_url":"https://homologacaosigsaude.imd.ufrn.br/sigsaude",
    "navegador":"chromium"
}</msg>
<status status="PASS" starttime="20220228 14:55:46.070" endtime="20220228 14:55:46.072"/>
</kw>
<kw name="Evaluate" library="BuiltIn">
<var>${super_var}</var>
<arg>json.loads($file)</arg>
<arg>json</arg>
<doc>Evaluates the given expression in Python and returns the result.</doc>
<msg timestamp="20220228 14:55:46.073" level="INFO">${super_var} = {'base_url': 'https://homologacaosigsaude.imd.ufrn.br/sigsaude', 'navegador': 'chromium'}</msg>
<status status="PASS" starttime="20220228 14:55:46.072" endtime="20220228 14:55:46.073"/>
</kw>
<msg timestamp="20220228 14:55:46.074" level="INFO">${config_json} = {'base_url': 'https://homologacaosigsaude.imd.ufrn.br/sigsaude', 'navegador': 'chromium'}</msg>
<status status="PASS" starttime="20220228 14:55:46.069" endtime="20220228 14:55:46.074"/>
</kw>
<kw name="Go To" library="Browser">
<arg>${config_json["base_url"]}${telas_json["${page}"]}</arg>
<tag>BrowserControl</tag>
<tag>Setter</tag>
<doc>Navigates to the given ``url``.</doc>
<msg timestamp="20220228 14:55:46.938" level="INFO">Succesfully opened URL https://homologacaosigsaude.imd.ufrn.br/sigsaude/login</msg>
<status status="PASS" starttime="20220228 14:55:46.075" endtime="20220228 14:55:46.939"/>
</kw>
<status status="PASS" starttime="20220228 14:55:46.062" endtime="20220228 14:55:46.939"/>
</kw>
<kw name="Get JSON" library="base">
<var>${login_json}</var>
<arg>login.json</arg>
<kw name="Get File" library="OperatingSystem">
<var>${file}</var>
<arg>${EXECDIR}/Files/${file_name}</arg>
<doc>Returns the contents of a specified file.</doc>
<msg timestamp="20220228 14:55:46.943" level="INFO" html="true">Getting file '&lt;a href="file:///home/m.calixta/RobotFramework-Sigsaude/Files/login.json"&gt;/home/m.calixta/RobotFramework-Sigsaude/Files/login.json&lt;/a&gt;'.</msg>
<msg timestamp="20220228 14:55:46.943" level="INFO">${file} = {

    "Psicologia":{
        "login": "drpsicologia",
        "senha": 85278120029
    },

    "Endocrinologia":{
        "login": "drendocrinologia",
        "senha": 98841863323
    }
}</msg>
<status status="PASS" starttime="20220228 14:55:46.941" endtime="20220228 14:55:46.943"/>
</kw>
<kw name="Evaluate" library="BuiltIn">
<var>${super_var}</var>
<arg>json.loads($file)</arg>
<arg>json</arg>
<doc>Evaluates the given expression in Python and returns the result.</doc>
<msg timestamp="20220228 14:55:46.945" level="INFO">${super_var} = {'Psicologia': {'login': 'drpsicologia', 'senha': 85278120029}, 'Endocrinologia': {'login': 'drendocrinologia', 'senha': 98841863323}}</msg>
<status status="PASS" starttime="20220228 14:55:46.944" endtime="20220228 14:55:46.945"/>
</kw>
<msg timestamp="20220228 14:55:46.946" level="INFO">${login_json} = {'Psicologia': {'login': 'drpsicologia', 'senha': 85278120029}, 'Endocrinologia': {'login': 'drendocrinologia', 'senha': 98841863323}}</msg>
<status status="PASS" starttime="20220228 14:55:46.940" endtime="20220228 14:55:46.946"/>
</kw>
<kw name="Fill Text" library="Browser">
<arg>id=login-username</arg>
<arg>${login_json["${login_usuario}"]["login"]}</arg>
<tag>PageContent</tag>
<tag>Setter</tag>
<doc>Clears and fills the given ``text`` into the text field found by ``selector``.</doc>
<msg timestamp="20220228 14:55:46.950" level="INFO">Fills the text 'drendocrinologia' in the given field.</msg>
<status status="PASS" starttime="20220228 14:55:46.947" endtime="20220228 14:55:46.992"/>
</kw>
<kw name="Fill Text" library="Browser">
<arg>id=login-password</arg>
<arg>${login_json["${login_usuario}"]["senha"]}</arg>
<tag>PageContent</tag>
<tag>Setter</tag>
<doc>Clears and fills the given ``text`` into the text field found by ``selector``.</doc>
<msg timestamp="20220228 14:55:46.995" level="INFO">Fills the text '98841863323' in the given field.</msg>
<status status="PASS" starttime="20220228 14:55:46.992" endtime="20220228 14:55:47.014"/>
</kw>
<kw name="Click" library="Browser">
<arg>css=[value='Entrar']</arg>
<tag>PageContent</tag>
<tag>Setter</tag>
<doc>Simulates mouse click on the element found by ``selector``.</doc>
<status status="PASS" starttime="20220228 14:55:47.015" endtime="20220228 14:55:47.695"/>
</kw>
<status status="PASS" starttime="20220228 14:55:40.919" endtime="20220228 14:55:47.697"/>
</kw>
<test id="s1-t1" name="[001] -Cadastro de profissão (Completo)">
<kw name="Dado" library="bdd">
<arg>que o usuario está na tela "cadastro de profissão"</arg>
<kw name="Run Keyword" library="BuiltIn">
<arg>@{Keywords}</arg>
<doc>Executes the given keyword with the given arguments.</doc>
<kw name="que o usuario está na tela &quot;cadastro de profissão&quot;" library="nav" sourcename="que o usuario está na tela &quot;${tela}&quot;">
<kw name="Direcionamento da tela &quot;${tela}&quot;" library="nav" sourcename="Direcionamento da tela &quot;${page}&quot;">
<kw name="Get JSON" library="base">
<var>${telas_json}</var>
<arg>telas.json</arg>
<kw name="Get File" library="OperatingSystem">
<var>${file}</var>
<arg>${EXECDIR}/Files/${file_name}</arg>
<doc>Returns the contents of a specified file.</doc>
<msg timestamp="20220228 14:55:47.748" level="INFO" html="true">Getting file '&lt;a href="file:///home/m.calixta/RobotFramework-Sigsaude/Files/telas.json"&gt;/home/m.calixta/RobotFramework-Sigsaude/Files/telas.json&lt;/a&gt;'.</msg>
<msg timestamp="20220228 14:55:47.749" level="INFO">${file} = {
    "login":"/login",
    "novo usuario de serviço":"/paciente/cadastro",
    "listar usuarios de serviço":"/paciente",
    "cadastro de colaborador":"/colaborador/form",
    "agendamento":"/agendam...</msg>
<status status="PASS" starttime="20220228 14:55:47.747" endtime="20220228 14:55:47.749"/>
</kw>
<kw name="Evaluate" library="BuiltIn">
<var>${super_var}</var>
<arg>json.loads($file)</arg>
<arg>json</arg>
<doc>Evaluates the given expression in Python and returns the result.</doc>
<msg timestamp="20220228 14:55:47.752" level="INFO">${super_var} = {'login': '/login', 'novo usuario de serviço': '/paciente/cadastro', 'listar usuarios de serviço': '/paciente', 'cadastro de colaborador': '/colaborador/form', 'agendamento': '/agendamento', 'listar c...</msg>
<status status="PASS" starttime="20220228 14:55:47.750" endtime="20220228 14:55:47.752"/>
</kw>
<msg timestamp="20220228 14:55:47.753" level="INFO">${telas_json} = {'login': '/login', 'novo usuario de serviço': '/paciente/cadastro', 'listar usuarios de serviço': '/paciente', 'cadastro de colaborador': '/colaborador/form', 'agendamento': '/agendamento', 'listar c...</msg>
<status status="PASS" starttime="20220228 14:55:47.744" endtime="20220228 14:55:47.754"/>
</kw>
<kw name="Get JSON" library="base">
<var>${config_json}</var>
<arg>config.json</arg>
<kw name="Get File" library="OperatingSystem">
<var>${file}</var>
<arg>${EXECDIR}/Files/${file_name}</arg>
<doc>Returns the contents of a specified file.</doc>
<msg timestamp="20220228 14:55:47.759" level="INFO" html="true">Getting file '&lt;a href="file:///home/m.calixta/RobotFramework-Sigsaude/Files/config.json"&gt;/home/m.calixta/RobotFramework-Sigsaude/Files/config.json&lt;/a&gt;'.</msg>
<msg timestamp="20220228 14:55:47.760" level="INFO">${file} = {
    "base_url":"https://homologacaosigsaude.imd.ufrn.br/sigsaude",
    "navegador":"chromium"
}</msg>
<status status="PASS" starttime="20220228 14:55:47.757" endtime="20220228 14:55:47.760"/>
</kw>
<kw name="Evaluate" library="BuiltIn">
<var>${super_var}</var>
<arg>json.loads($file)</arg>
<arg>json</arg>
<doc>Evaluates the given expression in Python and returns the result.</doc>
<msg timestamp="20220228 14:55:47.763" level="INFO">${super_var} = {'base_url': 'https://homologacaosigsaude.imd.ufrn.br/sigsaude', 'navegador': 'chromium'}</msg>
<status status="PASS" starttime="20220228 14:55:47.761" endtime="20220228 14:55:47.763"/>
</kw>
<msg timestamp="20220228 14:55:47.765" level="INFO">${config_json} = {'base_url': 'https://homologacaosigsaude.imd.ufrn.br/sigsaude', 'navegador': 'chromium'}</msg>
<status status="PASS" starttime="20220228 14:55:47.755" endtime="20220228 14:55:47.765"/>
</kw>
<kw name="Go To" library="Browser">
<arg>${config_json["base_url"]}${telas_json["${page}"]}</arg>
<tag>BrowserControl</tag>
<tag>Setter</tag>
<doc>Navigates to the given ``url``.</doc>
<msg timestamp="20220228 14:55:49.624" level="INFO">Succesfully opened URL https://homologacaosigsaude.imd.ufrn.br/sigsaude/profissao/form</msg>
<status status="PASS" starttime="20220228 14:55:47.766" endtime="20220228 14:55:49.624"/>
</kw>
<status status="PASS" starttime="20220228 14:55:47.742" endtime="20220228 14:55:49.624"/>
</kw>
<status status="PASS" starttime="20220228 14:55:47.740" endtime="20220228 14:55:49.625"/>
</kw>
<status status="PASS" starttime="20220228 14:55:47.738" endtime="20220228 14:55:49.625"/>
</kw>
<status status="PASS" starttime="20220228 14:55:47.736" endtime="20220228 14:55:49.625"/>
</kw>
<kw name="Então" library="bdd">
<arg>preencher o ${Campos_profissao.nome_da_profissao} com ${Valor_campos_profissao.nome_da_profissao}</arg>
<kw name="Run Keyword" library="BuiltIn">
<arg>@{Keywords}</arg>
<doc>Executes the given keyword with the given arguments.</doc>
<kw name="preencher o inputNome com Teste prof" library="Page_profissão_cadastro" sourcename="preencher o ${CAMPO} com ${VALOR}">
<kw name="Type Text" library="Browser">
<arg>id=${CAMPO}</arg>
<arg>${VALOR}</arg>
<tag>PageContent</tag>
<tag>Setter</tag>
<doc>Types the given ``txt`` into the text field found by ``selector``.</doc>
<msg timestamp="20220228 14:55:49.636" level="INFO">Types the text 'Teste prof' in the given field.</msg>
<status status="PASS" starttime="20220228 14:55:49.634" endtime="20220228 14:55:49.805"/>
</kw>
<status status="PASS" starttime="20220228 14:55:49.633" endtime="20220228 14:55:49.805"/>
</kw>
<status status="PASS" starttime="20220228 14:55:49.631" endtime="20220228 14:55:49.806"/>
</kw>
<status status="PASS" starttime="20220228 14:55:49.626" endtime="20220228 14:55:49.806"/>
</kw>
<kw name="E" library="bdd">
<arg>preencher o ${Campos_profissao.sigla} com ${Valor_campos_profissao.sigla}</arg>
<kw name="Run Keyword" library="BuiltIn">
<arg>@{Keywords}</arg>
<doc>Executes the given keyword with the given arguments.</doc>
<kw name="preencher o inputSigla com AHX" library="Page_profissão_cadastro" sourcename="preencher o ${CAMPO} com ${VALOR}">
<kw name="Type Text" library="Browser">
<arg>id=${CAMPO}</arg>
<arg>${VALOR}</arg>
<tag>PageContent</tag>
<tag>Setter</tag>
<doc>Types the given ``txt`` into the text field found by ``selector``.</doc>
<msg timestamp="20220228 14:55:49.817" level="INFO">Types the text 'AHX' in the given field.</msg>
<status status="PASS" starttime="20220228 14:55:49.816" endtime="20220228 14:55:49.862"/>
</kw>
<status status="PASS" starttime="20220228 14:55:49.814" endtime="20220228 14:55:49.862"/>
</kw>
<status status="PASS" starttime="20220228 14:55:49.813" endtime="20220228 14:55:49.862"/>
</kw>
<status status="PASS" starttime="20220228 14:55:49.807" endtime="20220228 14:55:49.862"/>
</kw>
<kw name="E" library="bdd">
<arg>selecionar o ${Valor_campos_profissao.nivel_formacao} no ${Campos_profissao.nivel_formacao}</arg>
<kw name="Run Keyword" library="BuiltIn">
<arg>@{Keywords}</arg>
<doc>Executes the given keyword with the given arguments.</doc>
<kw name="selecionar o SUPERIOR no selectNivel" library="Page_profissão_cadastro" sourcename="selecionar o ${VALOR} no ${CAMPO}">
<kw name="Select Options By" library="Browser">
<arg>id=${CAMPO}</arg>
<arg>Text</arg>
<arg>${VALOR}</arg>
<tag>PageContent</tag>
<tag>Setter</tag>
<doc>Selects options from select element found by ``selector``.</doc>
<status status="PASS" starttime="20220228 14:55:49.872" endtime="20220228 14:55:49.889"/>
</kw>
<status status="PASS" starttime="20220228 14:55:49.869" endtime="20220228 14:55:49.890"/>
</kw>
<status status="PASS" starttime="20220228 14:55:49.868" endtime="20220228 14:55:49.890"/>
</kw>
<status status="PASS" starttime="20220228 14:55:49.863" endtime="20220228 14:55:49.891"/>
</kw>
<kw name="E" library="bdd">
<arg>selecionar o ${Valor_campos_profissao.conselho_profissional} no ${Campos_profissao.conselho_profissional}</arg>
<kw name="Run Keyword" library="BuiltIn">
<arg>@{Keywords}</arg>
<doc>Executes the given keyword with the given arguments.</doc>
<kw name="selecionar o CFBM - CONSELHO FEDERAL DE BIOMEDICINA no selectConselho" library="Page_profissão_cadastro" sourcename="selecionar o ${VALOR} no ${CAMPO}">
<kw name="Select Options By" library="Browser">
<arg>id=${CAMPO}</arg>
<arg>Text</arg>
<arg>${VALOR}</arg>
<tag>PageContent</tag>
<tag>Setter</tag>
<doc>Selects options from select element found by ``selector``.</doc>
<status status="PASS" starttime="20220228 14:55:49.898" endtime="20220228 14:55:49.921"/>
</kw>
<status status="PASS" starttime="20220228 14:55:49.897" endtime="20220228 14:55:49.922"/>
</kw>
<status status="PASS" starttime="20220228 14:55:49.896" endtime="20220228 14:55:49.922"/>
</kw>
<status status="PASS" starttime="20220228 14:55:49.891" endtime="20220228 14:55:49.922"/>
</kw>
<kw name="E" library="bdd">
<arg>informar o ${Campos_profissao.ocupacao1}</arg>
<kw name="Run Keyword" library="BuiltIn">
<arg>@{Keywords}</arg>
<doc>Executes the given keyword with the given arguments.</doc>
<kw name="informar o //*[@id=&quot;regForm&quot;]/div/div[4]/div[1]/div[4]/div[2]/div/button/div/div/div" library="Page_profissão_cadastro" sourcename="informar o ${CAMPO}">
<kw name="Click" library="Browser">
<arg>xpath=${CAMPO}</arg>
<tag>PageContent</tag>
<tag>Setter</tag>
<doc>Simulates mouse click on the element found by ``selector``.</doc>
<status status="PASS" starttime="20220228 14:55:49.930" endtime="20220228 14:55:50.030"/>
</kw>
<kw name="Click" library="Browser">
<arg>id=${Campos_profissao.ocupacao2}</arg>
<tag>PageContent</tag>
<tag>Setter</tag>
<doc>Simulates mouse click on the element found by ``selector``.</doc>
<status status="PASS" starttime="20220228 14:55:50.031" endtime="20220228 14:55:50.264"/>
</kw>
<status status="PASS" starttime="20220228 14:55:49.929" endtime="20220228 14:55:50.265"/>
</kw>
<status status="PASS" starttime="20220228 14:55:49.927" endtime="20220228 14:55:50.265"/>
</kw>
<status status="PASS" starttime="20220228 14:55:49.923" endtime="20220228 14:55:50.266"/>
</kw>
<kw name="Quando" library="bdd">
<arg>clicar no ${Buttons.avançar}</arg>
<kw name="Run Keyword" library="BuiltIn">
<arg>@{Keywords}</arg>
<doc>Executes the given keyword with the given arguments.</doc>
<kw name="clicar no nextBtn" library="Page_profissão_cadastro" sourcename="clicar no ${Button}">
<kw name="Click" library="Browser">
<arg>id=${Button}</arg>
<tag>PageContent</tag>
<tag>Setter</tag>
<doc>Simulates mouse click on the element found by ``selector``.</doc>
<status status="PASS" starttime="20220228 14:55:50.279" endtime="20220228 14:55:50.490"/>
</kw>
<status status="PASS" starttime="20220228 14:55:50.275" endtime="20220228 14:55:50.491"/>
</kw>
<status status="PASS" starttime="20220228 14:55:50.273" endtime="20220228 14:55:50.491"/>
</kw>
<status status="PASS" starttime="20220228 14:55:50.267" endtime="20220228 14:55:50.491"/>
</kw>
<kw name="E" library="bdd">
<arg>clicar no ${Buttons.cadastrar}</arg>
<kw name="Run Keyword" library="BuiltIn">
<arg>@{Keywords}</arg>
<doc>Executes the given keyword with the given arguments.</doc>
<kw name="clicar no nextBtn" library="Page_profissão_cadastro" sourcename="clicar no ${Button}">
<kw name="Click" library="Browser">
<arg>id=${Button}</arg>
<tag>PageContent</tag>
<tag>Setter</tag>
<doc>Simulates mouse click on the element found by ``selector``.</doc>
<status status="PASS" starttime="20220228 14:55:50.498" endtime="20220228 14:55:51.042"/>
</kw>
<status status="PASS" starttime="20220228 14:55:50.497" endtime="20220228 14:55:51.043"/>
</kw>
<status status="PASS" starttime="20220228 14:55:50.496" endtime="20220228 14:55:51.044"/>
</kw>
<status status="PASS" starttime="20220228 14:55:50.492" endtime="20220228 14:55:51.046"/>
</kw>
<kw name="Então" library="bdd">
<arg>mensagem de cadastro realizado com sucesso é exibida</arg>
<kw name="Run Keyword" library="BuiltIn">
<arg>@{Keywords}</arg>
<doc>Executes the given keyword with the given arguments.</doc>
<kw name="mensagem de cadastro realizado com sucesso é exibida" library="Page_profissão_cadastro">
<kw name="Wait For Elements State" library="Browser">
<arg>css=.swal-modal</arg>
<arg>visible</arg>
<tag>PageContent</tag>
<tag>Wait</tag>
<doc>Waits for the element found by ``selector`` to satisfy state option.</doc>
<msg timestamp="20220228 14:55:51.932" level="INFO">Wait for Element with selector: css=.swal-modal</msg>
<status status="PASS" starttime="20220228 14:55:51.063" endtime="20220228 14:55:51.932"/>
</kw>
<kw name="Click" library="Browser">
<arg>xpath=${Buttons.OK}</arg>
<tag>PageContent</tag>
<tag>Setter</tag>
<doc>Simulates mouse click on the element found by ``selector``.</doc>
<status status="PASS" starttime="20220228 14:55:51.933" endtime="20220228 14:55:52.304"/>
</kw>
<status status="PASS" starttime="20220228 14:55:51.057" endtime="20220228 14:55:52.305"/>
</kw>
<status status="PASS" starttime="20220228 14:55:51.053" endtime="20220228 14:55:52.306"/>
</kw>
<status status="PASS" starttime="20220228 14:55:51.048" endtime="20220228 14:55:52.307"/>
</kw>
<kw name="Sleep" library="BuiltIn">
<arg>20s</arg>
<doc>Pauses the test executed for the given time.</doc>
<msg timestamp="20220228 14:56:12.310" level="INFO">Slept 20 seconds</msg>
<status status="PASS" starttime="20220228 14:55:52.308" endtime="20220228 14:56:12.312"/>
</kw>
<status status="PASS" starttime="20220228 14:55:47.698" endtime="20220228 14:56:12.316"/>
</test>
<doc>Cadastro profissão</doc>
<status status="PASS" starttime="20220228 14:55:39.822" endtime="20220228 14:56:12.352"/>
</suite>
<statistics>
<total>
<stat pass="1" fail="0" skip="0">All Tests</stat>
</total>
<tag>
</tag>
<suite>
<stat pass="1" fail="0" skip="0" id="s1" name="6 - Profissão">6 - Profissão</stat>
</suite>
</statistics>
<errors>
</errors>
</robot>
