<?xml version="1.0" encoding="UTF-8"?>
<robot generator="Robot 4.0.3 (Python 3.8.10 on linux)" generated="20211107 22:18:33.036" rpa="false" schemaversion="2">
<suite id="s1" name="5 - Atendimento endocrinologia" source="/home/m.calixta/Projeto sigsaúde/Tests/5 - Atendimento endocrinologia.robot">
<kw name="iniciar navegador sessão &quot;Endocrinologia&quot;" library="base" type="SETUP" sourcename="iniciar navegador sessão &quot;${login_usuario}&quot;">
<kw name="iniciar Navegador" library="base">
<kw name="Get JSON" library="base">
<var>${config_json}</var>
<arg>config.json</arg>
<kw name="Get File" library="OperatingSystem">
<var>${file}</var>
<arg>${EXECDIR}/Files/${file_name}</arg>
<doc>Returns the contents of a specified file.</doc>
<msg timestamp="20211107 22:18:34.883" level="INFO" html="true">Getting file '&lt;a href="file:///home/m.calixta/Projeto sigsaúde/Files/config.json"&gt;/home/m.calixta/Projeto sigsaúde/Files/config.json&lt;/a&gt;'.</msg>
<msg timestamp="20211107 22:18:34.884" level="INFO">${file} = {
    "base_url":"http://177.20.147.8/sigsaude",
    "navegador":"chromium"
}</msg>
<status status="PASS" starttime="20211107 22:18:34.879" endtime="20211107 22:18:34.885"/>
</kw>
<kw name="Evaluate" library="BuiltIn">
<var>${super_var}</var>
<arg>json.loads($file)</arg>
<arg>json</arg>
<doc>Evaluates the given expression in Python and returns the result.</doc>
<msg timestamp="20211107 22:18:34.902" level="INFO">${super_var} = {'base_url': 'http://177.20.147.8/sigsaude', 'navegador': 'chromium'}</msg>
<status status="PASS" starttime="20211107 22:18:34.886" endtime="20211107 22:18:34.902"/>
</kw>
<msg timestamp="20211107 22:18:34.903" level="INFO">${config_json} = {'base_url': 'http://177.20.147.8/sigsaude', 'navegador': 'chromium'}</msg>
<status status="PASS" starttime="20211107 22:18:34.878" endtime="20211107 22:18:34.903"/>
</kw>
<kw name="New Browser" library="Browser">
<arg>${config_json["navegador"]}</arg>
<arg>False</arg>
<tag>BrowserControl</tag>
<tag>Setter</tag>
<doc>Create a new playwright Browser with specified options.
See `Browser, Context and Page` for more information about Browser and related concepts.</doc>
<msg timestamp="20211107 22:18:34.908" level="INFO">{"browser": "chromium", "headless": false, "handleSIGINT": true, "handleSIGTERM": true, "handleSIGHUP": true, "timeout": 30000.0, "devtools": false, "slowMo": 0.0}</msg>
<msg timestamp="20211107 22:18:35.166" level="INFO">Successfully created browser with options: {"browser":"chromium","headless":false,"handleSIGINT":true,"handleSIGTERM":true,"handleSIGHUP":true,"timeout":30000,"devtools":false,"slowMo":0}</msg>
<status status="PASS" starttime="20211107 22:18:34.904" endtime="20211107 22:18:35.167"/>
</kw>
<status status="PASS" starttime="20211107 22:18:34.876" endtime="20211107 22:18:35.168"/>
</kw>
<kw name="Get JSON" library="base">
<var>${config_json}</var>
<arg>config.json</arg>
<kw name="Get File" library="OperatingSystem">
<var>${file}</var>
<arg>${EXECDIR}/Files/${file_name}</arg>
<doc>Returns the contents of a specified file.</doc>
<msg timestamp="20211107 22:18:35.171" level="INFO" html="true">Getting file '&lt;a href="file:///home/m.calixta/Projeto sigsaúde/Files/config.json"&gt;/home/m.calixta/Projeto sigsaúde/Files/config.json&lt;/a&gt;'.</msg>
<msg timestamp="20211107 22:18:35.172" level="INFO">${file} = {
    "base_url":"http://177.20.147.8/sigsaude",
    "navegador":"chromium"
}</msg>
<status status="PASS" starttime="20211107 22:18:35.170" endtime="20211107 22:18:35.172"/>
</kw>
<kw name="Evaluate" library="BuiltIn">
<var>${super_var}</var>
<arg>json.loads($file)</arg>
<arg>json</arg>
<doc>Evaluates the given expression in Python and returns the result.</doc>
<msg timestamp="20211107 22:18:35.174" level="INFO">${super_var} = {'base_url': 'http://177.20.147.8/sigsaude', 'navegador': 'chromium'}</msg>
<status status="PASS" starttime="20211107 22:18:35.172" endtime="20211107 22:18:35.174"/>
</kw>
<msg timestamp="20211107 22:18:35.174" level="INFO">${config_json} = {'base_url': 'http://177.20.147.8/sigsaude', 'navegador': 'chromium'}</msg>
<status status="PASS" starttime="20211107 22:18:35.168" endtime="20211107 22:18:35.174"/>
</kw>
<kw name="New Page" library="Browser">
<arg>${config_json["base_url"]}</arg>
<tag>BrowserControl</tag>
<tag>Setter</tag>
<doc>Open a new Page. A Page is the Playwright equivalent to a tab.
See `Browser, Context and Page` for more information about Page concept.
Returns a stable identifier for the created page.</doc>
<msg timestamp="20211107 22:18:42.097" level="INFO">Successfully initialized new page object and opened url: http://177.20.147.8/sigsaude</msg>
<msg timestamp="20211107 22:18:42.097" level="INFO">No context was open. New context was automatically opened when this page is created.</msg>
<status status="PASS" starttime="20211107 22:18:35.175" endtime="20211107 22:18:42.098"/>
</kw>
<kw name="Direcionamento da tela &quot;login&quot;" library="nav" sourcename="Direcionamento da tela &quot;${page}&quot;">
<kw name="Get JSON" library="base">
<var>${telas_json}</var>
<arg>telas.json</arg>
<kw name="Get File" library="OperatingSystem">
<var>${file}</var>
<arg>${EXECDIR}/Files/${file_name}</arg>
<doc>Returns the contents of a specified file.</doc>
<msg timestamp="20211107 22:18:42.103" level="INFO" html="true">Getting file '&lt;a href="file:///home/m.calixta/Projeto sigsaúde/Files/telas.json"&gt;/home/m.calixta/Projeto sigsaúde/Files/telas.json&lt;/a&gt;'.</msg>
<msg timestamp="20211107 22:18:42.103" level="INFO">${file} = {
    "login":"/login",
    "novo usuario de serviço":"/paciente/cadastro",
    "listar usuarios de serviço":"/paciente",
    "cadastro de colaborador":"/colaborador/form",
    "agendamento":"/agendam...</msg>
<status status="PASS" starttime="20211107 22:18:42.102" endtime="20211107 22:18:42.104"/>
</kw>
<kw name="Evaluate" library="BuiltIn">
<var>${super_var}</var>
<arg>json.loads($file)</arg>
<arg>json</arg>
<doc>Evaluates the given expression in Python and returns the result.</doc>
<msg timestamp="20211107 22:18:42.106" level="INFO">${super_var} = {'login': '/login', 'novo usuario de serviço': '/paciente/cadastro', 'listar usuarios de serviço': '/paciente', 'cadastro de colaborador': '/colaborador/form', 'agendamento': '/agendamento', 'listar c...</msg>
<status status="PASS" starttime="20211107 22:18:42.104" endtime="20211107 22:18:42.106"/>
</kw>
<msg timestamp="20211107 22:18:42.107" level="INFO">${telas_json} = {'login': '/login', 'novo usuario de serviço': '/paciente/cadastro', 'listar usuarios de serviço': '/paciente', 'cadastro de colaborador': '/colaborador/form', 'agendamento': '/agendamento', 'listar c...</msg>
<status status="PASS" starttime="20211107 22:18:42.100" endtime="20211107 22:18:42.107"/>
</kw>
<kw name="Get JSON" library="base">
<var>${config_json}</var>
<arg>config.json</arg>
<kw name="Get File" library="OperatingSystem">
<var>${file}</var>
<arg>${EXECDIR}/Files/${file_name}</arg>
<doc>Returns the contents of a specified file.</doc>
<msg timestamp="20211107 22:18:42.110" level="INFO" html="true">Getting file '&lt;a href="file:///home/m.calixta/Projeto sigsaúde/Files/config.json"&gt;/home/m.calixta/Projeto sigsaúde/Files/config.json&lt;/a&gt;'.</msg>
<msg timestamp="20211107 22:18:42.110" level="INFO">${file} = {
    "base_url":"http://177.20.147.8/sigsaude",
    "navegador":"chromium"
}</msg>
<status status="PASS" starttime="20211107 22:18:42.109" endtime="20211107 22:18:42.110"/>
</kw>
<kw name="Evaluate" library="BuiltIn">
<var>${super_var}</var>
<arg>json.loads($file)</arg>
<arg>json</arg>
<doc>Evaluates the given expression in Python and returns the result.</doc>
<msg timestamp="20211107 22:18:42.112" level="INFO">${super_var} = {'base_url': 'http://177.20.147.8/sigsaude', 'navegador': 'chromium'}</msg>
<status status="PASS" starttime="20211107 22:18:42.111" endtime="20211107 22:18:42.112"/>
</kw>
<msg timestamp="20211107 22:18:42.113" level="INFO">${config_json} = {'base_url': 'http://177.20.147.8/sigsaude', 'navegador': 'chromium'}</msg>
<status status="PASS" starttime="20211107 22:18:42.107" endtime="20211107 22:18:42.113"/>
</kw>
<kw name="Go To" library="Browser">
<arg>${config_json["base_url"]}${telas_json["${page}"]}</arg>
<tag>BrowserControl</tag>
<tag>Setter</tag>
<doc>Navigates to the given ``url``.</doc>
<msg timestamp="20211107 22:18:43.022" level="INFO">Succesfully opened URL http://177.20.147.8/sigsaude/login</msg>
<status status="PASS" starttime="20211107 22:18:42.114" endtime="20211107 22:18:43.024"/>
</kw>
<status status="PASS" starttime="20211107 22:18:42.099" endtime="20211107 22:18:43.026"/>
</kw>
<kw name="Get JSON" library="base">
<var>${login_json}</var>
<arg>login.json</arg>
<kw name="Get File" library="OperatingSystem">
<var>${file}</var>
<arg>${EXECDIR}/Files/${file_name}</arg>
<doc>Returns the contents of a specified file.</doc>
<msg timestamp="20211107 22:18:43.044" level="INFO" html="true">Getting file '&lt;a href="file:///home/m.calixta/Projeto sigsaúde/Files/login.json"&gt;/home/m.calixta/Projeto sigsaúde/Files/login.json&lt;/a&gt;'.</msg>
<msg timestamp="20211107 22:18:43.045" level="INFO">${file} = {

    "Psicologia":{
        "login": "drpsicologia",
        "senha": 85278120029
    },

    "Endocrinologia":{
        "login": "drendocrinologia",
        "senha": 98841863323
    }
}</msg>
<status status="PASS" starttime="20211107 22:18:43.039" endtime="20211107 22:18:43.046"/>
</kw>
<kw name="Evaluate" library="BuiltIn">
<var>${super_var}</var>
<arg>json.loads($file)</arg>
<arg>json</arg>
<doc>Evaluates the given expression in Python and returns the result.</doc>
<msg timestamp="20211107 22:18:43.054" level="INFO">${super_var} = {'Psicologia': {'login': 'drpsicologia', 'senha': 85278120029}, 'Endocrinologia': {'login': 'drendocrinologia', 'senha': 98841863323}}</msg>
<status status="PASS" starttime="20211107 22:18:43.049" endtime="20211107 22:18:43.055"/>
</kw>
<msg timestamp="20211107 22:18:43.058" level="INFO">${login_json} = {'Psicologia': {'login': 'drpsicologia', 'senha': 85278120029}, 'Endocrinologia': {'login': 'drendocrinologia', 'senha': 98841863323}}</msg>
<status status="PASS" starttime="20211107 22:18:43.030" endtime="20211107 22:18:43.058"/>
</kw>
<kw name="Fill Text" library="Browser">
<arg>id=login-username</arg>
<arg>${login_json["${login_usuario}"]["login"]}</arg>
<tag>PageContent</tag>
<tag>Setter</tag>
<doc>Clears and fills the given ``text`` into the text field found by ``selector``.</doc>
<msg timestamp="20211107 22:18:43.074" level="INFO">Fills the text 'drendocrinologia' in the given field.</msg>
<status status="PASS" starttime="20211107 22:18:43.061" endtime="20211107 22:18:43.126"/>
</kw>
<kw name="Fill Text" library="Browser">
<arg>id=login-password</arg>
<arg>${login_json["${login_usuario}"]["senha"]}</arg>
<tag>PageContent</tag>
<tag>Setter</tag>
<doc>Clears and fills the given ``text`` into the text field found by ``selector``.</doc>
<msg timestamp="20211107 22:18:43.130" level="INFO">Fills the text '98841863323' in the given field.</msg>
<status status="PASS" starttime="20211107 22:18:43.126" endtime="20211107 22:18:43.150"/>
</kw>
<kw name="Click" library="Browser">
<arg>css=[value='Entrar']</arg>
<tag>PageContent</tag>
<tag>Setter</tag>
<doc>Simulates mouse click on the element found by ``selector``.</doc>
<status status="PASS" starttime="20211107 22:18:43.151" endtime="20211107 22:18:43.812"/>
</kw>
<status status="PASS" starttime="20211107 22:18:34.874" endtime="20211107 22:18:43.813"/>
</kw>
<test id="s1-t1" name="[001] - Realizar atendimento (Completo)">
<kw name="Dado" library="bdd">
<arg>que o usuario está na tela "atendimento"</arg>
<kw name="Run Keyword" library="BuiltIn">
<arg>@{Keywords}</arg>
<doc>Executes the given keyword with the given arguments.</doc>
<kw name="que o usuario está na tela &quot;atendimento&quot;" library="nav" sourcename="que o usuario está na tela &quot;${tela}&quot;">
<kw name="Direcionamento da tela &quot;${tela}&quot;" library="nav" sourcename="Direcionamento da tela &quot;${page}&quot;">
<kw name="Get JSON" library="base">
<var>${telas_json}</var>
<arg>telas.json</arg>
<kw name="Get File" library="OperatingSystem">
<var>${file}</var>
<arg>${EXECDIR}/Files/${file_name}</arg>
<doc>Returns the contents of a specified file.</doc>
<msg timestamp="20211107 22:18:43.843" level="INFO" html="true">Getting file '&lt;a href="file:///home/m.calixta/Projeto sigsaúde/Files/telas.json"&gt;/home/m.calixta/Projeto sigsaúde/Files/telas.json&lt;/a&gt;'.</msg>
<msg timestamp="20211107 22:18:43.844" level="INFO">${file} = {
    "login":"/login",
    "novo usuario de serviço":"/paciente/cadastro",
    "listar usuarios de serviço":"/paciente",
    "cadastro de colaborador":"/colaborador/form",
    "agendamento":"/agendam...</msg>
<status status="PASS" starttime="20211107 22:18:43.841" endtime="20211107 22:18:43.844"/>
</kw>
<kw name="Evaluate" library="BuiltIn">
<var>${super_var}</var>
<arg>json.loads($file)</arg>
<arg>json</arg>
<doc>Evaluates the given expression in Python and returns the result.</doc>
<msg timestamp="20211107 22:18:43.847" level="INFO">${super_var} = {'login': '/login', 'novo usuario de serviço': '/paciente/cadastro', 'listar usuarios de serviço': '/paciente', 'cadastro de colaborador': '/colaborador/form', 'agendamento': '/agendamento', 'listar c...</msg>
<status status="PASS" starttime="20211107 22:18:43.845" endtime="20211107 22:18:43.847"/>
</kw>
<msg timestamp="20211107 22:18:43.848" level="INFO">${telas_json} = {'login': '/login', 'novo usuario de serviço': '/paciente/cadastro', 'listar usuarios de serviço': '/paciente', 'cadastro de colaborador': '/colaborador/form', 'agendamento': '/agendamento', 'listar c...</msg>
<status status="PASS" starttime="20211107 22:18:43.839" endtime="20211107 22:18:43.848"/>
</kw>
<kw name="Get JSON" library="base">
<var>${config_json}</var>
<arg>config.json</arg>
<kw name="Get File" library="OperatingSystem">
<var>${file}</var>
<arg>${EXECDIR}/Files/${file_name}</arg>
<doc>Returns the contents of a specified file.</doc>
<msg timestamp="20211107 22:18:43.852" level="INFO" html="true">Getting file '&lt;a href="file:///home/m.calixta/Projeto sigsaúde/Files/config.json"&gt;/home/m.calixta/Projeto sigsaúde/Files/config.json&lt;/a&gt;'.</msg>
<msg timestamp="20211107 22:18:43.853" level="INFO">${file} = {
    "base_url":"http://177.20.147.8/sigsaude",
    "navegador":"chromium"
}</msg>
<status status="PASS" starttime="20211107 22:18:43.851" endtime="20211107 22:18:43.853"/>
</kw>
<kw name="Evaluate" library="BuiltIn">
<var>${super_var}</var>
<arg>json.loads($file)</arg>
<arg>json</arg>
<doc>Evaluates the given expression in Python and returns the result.</doc>
<msg timestamp="20211107 22:18:43.855" level="INFO">${super_var} = {'base_url': 'http://177.20.147.8/sigsaude', 'navegador': 'chromium'}</msg>
<status status="PASS" starttime="20211107 22:18:43.854" endtime="20211107 22:18:43.855"/>
</kw>
<msg timestamp="20211107 22:18:43.856" level="INFO">${config_json} = {'base_url': 'http://177.20.147.8/sigsaude', 'navegador': 'chromium'}</msg>
<status status="PASS" starttime="20211107 22:18:43.849" endtime="20211107 22:18:43.856"/>
</kw>
<kw name="Go To" library="Browser">
<arg>${config_json["base_url"]}${telas_json["${page}"]}</arg>
<tag>BrowserControl</tag>
<tag>Setter</tag>
<doc>Navigates to the given ``url``.</doc>
<msg timestamp="20211107 22:18:46.875" level="INFO">Succesfully opened URL http://177.20.147.8/sigsaude/agenda/</msg>
<status status="PASS" starttime="20211107 22:18:43.857" endtime="20211107 22:18:46.875"/>
</kw>
<status status="PASS" starttime="20211107 22:18:43.837" endtime="20211107 22:18:46.876"/>
</kw>
<status status="PASS" starttime="20211107 22:18:43.835" endtime="20211107 22:18:46.876"/>
</kw>
<status status="PASS" starttime="20211107 22:18:43.834" endtime="20211107 22:18:46.877"/>
</kw>
<status status="PASS" starttime="20211107 22:18:43.831" endtime="20211107 22:18:46.877"/>
</kw>
<kw name="E" library="bdd">
<arg>informar o campo "Data da listagem" com o "11112021"</arg>
<kw name="Run Keyword" library="BuiltIn">
<arg>@{Keywords}</arg>
<doc>Executes the given keyword with the given arguments.</doc>
<kw name="informar o campo &quot;Data da listagem&quot; com o &quot;11112021&quot;" library="keywords_atendimento" sourcename="informar o campo &quot;${campo}&quot; com o &quot;${valor}&quot;">
<kw name="Get JSON" library="base">
<var>${elementos_aten_json}</var>
<arg>elementos_aten.json</arg>
<kw name="Get File" library="OperatingSystem">
<var>${file}</var>
<arg>${EXECDIR}/Files/${file_name}</arg>
<doc>Returns the contents of a specified file.</doc>
<msg timestamp="20211107 22:18:46.895" level="INFO" html="true">Getting file '&lt;a href="file:///home/m.calixta/Projeto sigsaúde/Files/elementos_aten.json"&gt;/home/m.calixta/Projeto sigsaúde/Files/elementos_aten.json&lt;/a&gt;'.</msg>
<msg timestamp="20211107 22:18:46.896" level="INFO">${file} = {
    "Data da listagem":"dataListagem",
    "Pesquisar":"button[class='btn btn-success']",
    "Atendimento":"a[class='atendimento btn-sigsaude btnCorAtendimento']",
    "Sim":"button[class='swal-but...</msg>
<status status="PASS" starttime="20211107 22:18:46.893" endtime="20211107 22:18:46.896"/>
</kw>
<kw name="Evaluate" library="BuiltIn">
<var>${super_var}</var>
<arg>json.loads($file)</arg>
<arg>json</arg>
<doc>Evaluates the given expression in Python and returns the result.</doc>
<msg timestamp="20211107 22:18:46.904" level="INFO">${super_var} = {'Data da listagem': 'dataListagem', 'Pesquisar': "button[class='btn btn-success']", 'Atendimento': "a[class='atendimento btn-sigsaude btnCorAtendimento']", 'Sim': "button[class='swal-button swal-butt...</msg>
<status status="PASS" starttime="20211107 22:18:46.897" endtime="20211107 22:18:46.904"/>
</kw>
<msg timestamp="20211107 22:18:46.906" level="INFO">${elementos_aten_json} = {'Data da listagem': 'dataListagem', 'Pesquisar': "button[class='btn btn-success']", 'Atendimento': "a[class='atendimento btn-sigsaude btnCorAtendimento']", 'Sim': "button[class='swal-button swal-butt...</msg>
<status status="PASS" starttime="20211107 22:18:46.890" endtime="20211107 22:18:46.906"/>
</kw>
<kw name="Type Text" library="Browser">
<arg>id=${elementos_aten_json["${campo}"]}</arg>
<arg>${valor}</arg>
<tag>PageContent</tag>
<tag>Setter</tag>
<doc>Types the given ``txt`` into the text field found by ``selector``.</doc>
<msg timestamp="20211107 22:18:46.914" level="INFO">Types the text '11112021' in the given field.</msg>
<status status="PASS" starttime="20211107 22:18:46.907" endtime="20211107 22:18:47.037"/>
</kw>
<status status="PASS" starttime="20211107 22:18:46.887" endtime="20211107 22:18:47.038"/>
</kw>
<status status="PASS" starttime="20211107 22:18:46.884" endtime="20211107 22:18:47.038"/>
</kw>
<status status="PASS" starttime="20211107 22:18:46.879" endtime="20211107 22:18:47.038"/>
</kw>
<kw name="Quando" library="bdd">
<arg>pressionar o botão "Pesquisar"</arg>
<kw name="Run Keyword" library="BuiltIn">
<arg>@{Keywords}</arg>
<doc>Executes the given keyword with the given arguments.</doc>
<kw name="pressionar o botão &quot;Pesquisar&quot;" library="keywords_atendimento" sourcename="pressionar o botão &quot;${botão}&quot;">
<kw name="Get JSON" library="base">
<var>${elementos_aten_json}</var>
<arg>elementos_aten.json</arg>
<kw name="Get File" library="OperatingSystem">
<var>${file}</var>
<arg>${EXECDIR}/Files/${file_name}</arg>
<doc>Returns the contents of a specified file.</doc>
<msg timestamp="20211107 22:18:47.052" level="INFO" html="true">Getting file '&lt;a href="file:///home/m.calixta/Projeto sigsaúde/Files/elementos_aten.json"&gt;/home/m.calixta/Projeto sigsaúde/Files/elementos_aten.json&lt;/a&gt;'.</msg>
<msg timestamp="20211107 22:18:47.053" level="INFO">${file} = {
    "Data da listagem":"dataListagem",
    "Pesquisar":"button[class='btn btn-success']",
    "Atendimento":"a[class='atendimento btn-sigsaude btnCorAtendimento']",
    "Sim":"button[class='swal-but...</msg>
<status status="PASS" starttime="20211107 22:18:47.050" endtime="20211107 22:18:47.054"/>
</kw>
<kw name="Evaluate" library="BuiltIn">
<var>${super_var}</var>
<arg>json.loads($file)</arg>
<arg>json</arg>
<doc>Evaluates the given expression in Python and returns the result.</doc>
<msg timestamp="20211107 22:18:47.058" level="INFO">${super_var} = {'Data da listagem': 'dataListagem', 'Pesquisar': "button[class='btn btn-success']", 'Atendimento': "a[class='atendimento btn-sigsaude btnCorAtendimento']", 'Sim': "button[class='swal-button swal-butt...</msg>
<status status="PASS" starttime="20211107 22:18:47.055" endtime="20211107 22:18:47.058"/>
</kw>
<msg timestamp="20211107 22:18:47.059" level="INFO">${elementos_aten_json} = {'Data da listagem': 'dataListagem', 'Pesquisar': "button[class='btn btn-success']", 'Atendimento': "a[class='atendimento btn-sigsaude btnCorAtendimento']", 'Sim': "button[class='swal-button swal-butt...</msg>
<status status="PASS" starttime="20211107 22:18:47.046" endtime="20211107 22:18:47.059"/>
</kw>
<kw name="Click" library="Browser">
<arg>css=${elementos_aten_json["${botão}"]}</arg>
<tag>PageContent</tag>
<tag>Setter</tag>
<doc>Simulates mouse click on the element found by ``selector``.</doc>
<status status="PASS" starttime="20211107 22:18:47.060" endtime="20211107 22:18:47.136"/>
</kw>
<status status="PASS" starttime="20211107 22:18:47.044" endtime="20211107 22:18:47.137"/>
</kw>
<status status="PASS" starttime="20211107 22:18:47.042" endtime="20211107 22:18:47.138"/>
</kw>
<status status="PASS" starttime="20211107 22:18:47.040" endtime="20211107 22:18:47.139"/>
</kw>
<kw name="Então" library="bdd">
<arg>iniciar atendimento</arg>
<kw name="Run Keyword" library="BuiltIn">
<arg>@{Keywords}</arg>
<doc>Executes the given keyword with the given arguments.</doc>
<kw name="iniciar atendimento" library="keywords_atendimento">
<kw name="Get JSON" library="base">
<var>${elementos_aten_json}</var>
<arg>elementos_aten.json</arg>
<kw name="Get File" library="OperatingSystem">
<var>${file}</var>
<arg>${EXECDIR}/Files/${file_name}</arg>
<doc>Returns the contents of a specified file.</doc>
<msg timestamp="20211107 22:18:47.161" level="INFO" html="true">Getting file '&lt;a href="file:///home/m.calixta/Projeto sigsaúde/Files/elementos_aten.json"&gt;/home/m.calixta/Projeto sigsaúde/Files/elementos_aten.json&lt;/a&gt;'.</msg>
<msg timestamp="20211107 22:18:47.161" level="INFO">${file} = {
    "Data da listagem":"dataListagem",
    "Pesquisar":"button[class='btn btn-success']",
    "Atendimento":"a[class='atendimento btn-sigsaude btnCorAtendimento']",
    "Sim":"button[class='swal-but...</msg>
<status status="PASS" starttime="20211107 22:18:47.157" endtime="20211107 22:18:47.162"/>
</kw>
<kw name="Evaluate" library="BuiltIn">
<var>${super_var}</var>
<arg>json.loads($file)</arg>
<arg>json</arg>
<doc>Evaluates the given expression in Python and returns the result.</doc>
<msg timestamp="20211107 22:18:47.166" level="INFO">${super_var} = {'Data da listagem': 'dataListagem', 'Pesquisar': "button[class='btn btn-success']", 'Atendimento': "a[class='atendimento btn-sigsaude btnCorAtendimento']", 'Sim': "button[class='swal-button swal-butt...</msg>
<status status="PASS" starttime="20211107 22:18:47.163" endtime="20211107 22:18:47.166"/>
</kw>
<msg timestamp="20211107 22:18:47.168" level="INFO">${elementos_aten_json} = {'Data da listagem': 'dataListagem', 'Pesquisar': "button[class='btn btn-success']", 'Atendimento': "a[class='atendimento btn-sigsaude btnCorAtendimento']", 'Sim': "button[class='swal-button swal-butt...</msg>
<status status="PASS" starttime="20211107 22:18:47.152" endtime="20211107 22:18:47.168"/>
</kw>
<kw name="Click" library="Browser">
<arg>css=${elementos_aten_json["Atendimento"]}</arg>
<tag>PageContent</tag>
<tag>Setter</tag>
<doc>Simulates mouse click on the element found by ``selector``.</doc>
<msg timestamp="20211107 22:18:57.341" level="INFO" html="true">&lt;/td&gt;&lt;/tr&gt;&lt;tr&gt;&lt;td colspan="3"&gt;&lt;a href="001_-_Realizar_atendimento_%28Completo%29_FAILURE_SCREENSHOT_41.png"&gt;&lt;img src="001_-_Realizar_atendimento_%28Completo%29_FAILURE_SCREENSHOT_41.png" width="800px"&gt;&lt;/a&gt;</msg>
<msg timestamp="20211107 22:18:57.344" level="FAIL">TimeoutError: page.click: Timeout 10000ms exceeded.
=========================== logs ===========================
waiting for selector "css=a[class='atendimento btn-sigsaude btnCorAtendimento']"
============================================================</msg>
<status status="FAIL" starttime="20211107 22:18:47.169" endtime="20211107 22:18:57.344"/>
</kw>
<kw name="Wait For Elements State" library="Browser">
<arg>css=${elementos_aten_json["Tela de aviso"]}</arg>
<arg>visible</arg>
<arg>6s</arg>
<tag>PageContent</tag>
<tag>Wait</tag>
<doc>Waits for the element found by ``selector`` to satisfy state option.</doc>
<status status="NOT RUN" starttime="20211107 22:18:57.345" endtime="20211107 22:18:57.345"/>
</kw>
<for flavor="IN RANGE">
<var>${contador}</var>
<value>1</value>
<value>3</value>
<iter>
<var name="${contador}">${contador}</var>
<kw name="Click" library="Browser">
<arg>css=${elementos_aten_json["Sim"]}</arg>
<tag>PageContent</tag>
<tag>Setter</tag>
<doc>Simulates mouse click on the element found by ``selector``.</doc>
<status status="NOT RUN" starttime="20211107 22:18:57.346" endtime="20211107 22:18:57.347"/>
</kw>
<status status="NOT RUN" starttime="20211107 22:18:57.346" endtime="20211107 22:18:57.347"/>
</iter>
<status status="NOT RUN" starttime="20211107 22:18:57.345" endtime="20211107 22:18:57.347"/>
</for>
<status status="FAIL" starttime="20211107 22:18:47.147" endtime="20211107 22:18:57.348"/>
</kw>
<status status="FAIL" starttime="20211107 22:18:47.145" endtime="20211107 22:18:57.348"/>
</kw>
<status status="FAIL" starttime="20211107 22:18:47.141" endtime="20211107 22:18:57.348"/>
</kw>
<kw name="E" library="bdd">
<arg>informar dados socioeconômicos</arg>
<status status="NOT RUN" starttime="20211107 22:18:57.349" endtime="20211107 22:18:57.349"/>
</kw>
<kw name="E" library="bdd">
<arg>informar dados básicos de saúde</arg>
<status status="NOT RUN" starttime="20211107 22:18:57.350" endtime="20211107 22:18:57.350"/>
</kw>
<kw name="E" library="bdd">
<arg>informar dados de diagnóstico</arg>
<status status="NOT RUN" starttime="20211107 22:18:57.351" endtime="20211107 22:18:57.351"/>
</kw>
<kw name="E" library="bdd">
<arg>informar dados da conduta terapêutica</arg>
<status status="NOT RUN" starttime="20211107 22:18:57.352" endtime="20211107 22:18:57.352"/>
</kw>
<kw name="E" library="bdd">
<arg>informar dados da evolução</arg>
<status status="NOT RUN" starttime="20211107 22:18:57.353" endtime="20211107 22:18:57.354"/>
</kw>
<kw name="Sleep" library="BuiltIn">
<arg>10s</arg>
<doc>Pauses the test executed for the given time.</doc>
<status status="NOT RUN" starttime="20211107 22:18:57.355" endtime="20211107 22:18:57.355"/>
</kw>
<timeout value="10 minutes"/>
<status status="FAIL" starttime="20211107 22:18:43.814" endtime="20211107 22:18:57.356">TimeoutError: page.click: Timeout 10000ms exceeded.
=========================== logs ===========================
waiting for selector "css=a[class='atendimento btn-sigsaude btnCorAtendimento']"
============================================================</status>
</test>
<doc>Teste Agendamento</doc>
<status status="FAIL" starttime="20211107 22:18:33.053" endtime="20211107 22:18:57.365"/>
</suite>
<statistics>
<total>
<stat pass="0" fail="1" skip="0">All Tests</stat>
</total>
<tag>
</tag>
<suite>
<stat pass="0" fail="1" skip="0" id="s1" name="5 - Atendimento endocrinologia">5 - Atendimento endocrinologia</stat>
</suite>
</statistics>
<errors>
</errors>
</robot>
