<?xml version="1.0" encoding="UTF-8"?>
<robot generator="Robot 4.0.3 (Python 3.8.10 on linux)" generated="20220301 20:34:41.322" rpa="false" schemaversion="2">
<suite id="s1" name="Caminho feliz" source="/home/m.calixta/RobotFramework-Sigsaude/Tests/Caminho feliz.robot">
<kw name="iniciar navegador sessão &quot;Endocrinologia&quot;" library="base" type="SETUP" sourcename="iniciar navegador sessão &quot;${login_usuario}&quot;">
<kw name="iniciar Navegador" library="base">
<kw name="Get JSON" library="base">
<var>${config_json}</var>
<arg>config.json</arg>
<kw name="Get File" library="OperatingSystem">
<var>${file}</var>
<arg>${EXECDIR}/Files/${file_name}</arg>
<doc>Returns the contents of a specified file.</doc>
<msg timestamp="20220301 20:34:42.489" level="INFO" html="true">Getting file '&lt;a href="file:///home/m.calixta/RobotFramework-Sigsaude/Files/config.json"&gt;/home/m.calixta/RobotFramework-Sigsaude/Files/config.json&lt;/a&gt;'.</msg>
<msg timestamp="20220301 20:34:42.490" level="INFO">${file} = {
    "base_url":"https://homologacaosigsaude.imd.ufrn.br/sigsaude",
    "navegador":"chromium"
}</msg>
<status status="PASS" starttime="20220301 20:34:42.488" endtime="20220301 20:34:42.490"/>
</kw>
<kw name="Evaluate" library="BuiltIn">
<var>${super_var}</var>
<arg>json.loads($file)</arg>
<arg>json</arg>
<doc>Evaluates the given expression in Python and returns the result.</doc>
<msg timestamp="20220301 20:34:42.504" level="INFO">${super_var} = {'base_url': 'https://homologacaosigsaude.imd.ufrn.br/sigsaude', 'navegador': 'chromium'}</msg>
<status status="PASS" starttime="20220301 20:34:42.491" endtime="20220301 20:34:42.504"/>
</kw>
<msg timestamp="20220301 20:34:42.505" level="INFO">${config_json} = {'base_url': 'https://homologacaosigsaude.imd.ufrn.br/sigsaude', 'navegador': 'chromium'}</msg>
<status status="PASS" starttime="20220301 20:34:42.486" endtime="20220301 20:34:42.505"/>
</kw>
<kw name="New Browser" library="Browser">
<arg>${config_json["navegador"]}</arg>
<arg>False</arg>
<tag>BrowserControl</tag>
<tag>Setter</tag>
<doc>Create a new playwright Browser with specified options.
See `Browser, Context and Page` for more information about Browser and related concepts.</doc>
<msg timestamp="20220301 20:34:42.508" level="INFO">{"browser": "chromium", "headless": false, "handleSIGINT": true, "handleSIGTERM": true, "handleSIGHUP": true, "timeout": 30000.0, "devtools": false, "slowMo": 0.0}</msg>
<msg timestamp="20220301 20:34:42.786" level="INFO">Successfully created browser with options: {"browser":"chromium","headless":false,"handleSIGINT":true,"handleSIGTERM":true,"handleSIGHUP":true,"timeout":30000,"devtools":false,"slowMo":0}</msg>
<status status="PASS" starttime="20220301 20:34:42.506" endtime="20220301 20:34:42.787"/>
</kw>
<status status="PASS" starttime="20220301 20:34:42.485" endtime="20220301 20:34:42.787"/>
</kw>
<kw name="Get JSON" library="base">
<var>${config_json}</var>
<arg>config.json</arg>
<kw name="Get File" library="OperatingSystem">
<var>${file}</var>
<arg>${EXECDIR}/Files/${file_name}</arg>
<doc>Returns the contents of a specified file.</doc>
<msg timestamp="20220301 20:34:42.792" level="INFO" html="true">Getting file '&lt;a href="file:///home/m.calixta/RobotFramework-Sigsaude/Files/config.json"&gt;/home/m.calixta/RobotFramework-Sigsaude/Files/config.json&lt;/a&gt;'.</msg>
<msg timestamp="20220301 20:34:42.792" level="INFO">${file} = {
    "base_url":"https://homologacaosigsaude.imd.ufrn.br/sigsaude",
    "navegador":"chromium"
}</msg>
<status status="PASS" starttime="20220301 20:34:42.790" endtime="20220301 20:34:42.793"/>
</kw>
<kw name="Evaluate" library="BuiltIn">
<var>${super_var}</var>
<arg>json.loads($file)</arg>
<arg>json</arg>
<doc>Evaluates the given expression in Python and returns the result.</doc>
<msg timestamp="20220301 20:34:42.795" level="INFO">${super_var} = {'base_url': 'https://homologacaosigsaude.imd.ufrn.br/sigsaude', 'navegador': 'chromium'}</msg>
<status status="PASS" starttime="20220301 20:34:42.794" endtime="20220301 20:34:42.795"/>
</kw>
<msg timestamp="20220301 20:34:42.797" level="INFO">${config_json} = {'base_url': 'https://homologacaosigsaude.imd.ufrn.br/sigsaude', 'navegador': 'chromium'}</msg>
<status status="PASS" starttime="20220301 20:34:42.788" endtime="20220301 20:34:42.797"/>
</kw>
<kw name="New Page" library="Browser">
<arg>${config_json["base_url"]}</arg>
<tag>BrowserControl</tag>
<tag>Setter</tag>
<doc>Open a new Page. A Page is the Playwright equivalent to a tab.
See `Browser, Context and Page` for more information about Page concept.
Returns a stable identifier for the created page.</doc>
<msg timestamp="20220301 20:34:47.128" level="INFO">Successfully initialized new page object and opened url: https://homologacaosigsaude.imd.ufrn.br/sigsaude</msg>
<msg timestamp="20220301 20:34:47.128" level="INFO">No context was open. New context was automatically opened when this page is created.</msg>
<status status="PASS" starttime="20220301 20:34:42.798" endtime="20220301 20:34:47.128"/>
</kw>
<kw name="Direcionamento da tela &quot;login&quot;" library="nav" sourcename="Direcionamento da tela &quot;${page}&quot;">
<kw name="Get JSON" library="base">
<var>${telas_json}</var>
<arg>telas.json</arg>
<kw name="Get File" library="OperatingSystem">
<var>${file}</var>
<arg>${EXECDIR}/Files/${file_name}</arg>
<doc>Returns the contents of a specified file.</doc>
<msg timestamp="20220301 20:34:47.132" level="INFO" html="true">Getting file '&lt;a href="file:///home/m.calixta/RobotFramework-Sigsaude/Files/telas.json"&gt;/home/m.calixta/RobotFramework-Sigsaude/Files/telas.json&lt;/a&gt;'.</msg>
<msg timestamp="20220301 20:34:47.132" level="INFO">${file} = {
    "login":"/login",
    "novo usuario de serviço":"/paciente/cadastro",
    "listar usuarios de serviço":"/paciente",
    "cadastro de colaborador":"/colaborador/form",
    "agendamento":"/agendam...</msg>
<status status="PASS" starttime="20220301 20:34:47.131" endtime="20220301 20:34:47.132"/>
</kw>
<kw name="Evaluate" library="BuiltIn">
<var>${super_var}</var>
<arg>json.loads($file)</arg>
<arg>json</arg>
<doc>Evaluates the given expression in Python and returns the result.</doc>
<msg timestamp="20220301 20:34:47.134" level="INFO">${super_var} = {'login': '/login', 'novo usuario de serviço': '/paciente/cadastro', 'listar usuarios de serviço': '/paciente', 'cadastro de colaborador': '/colaborador/form', 'agendamento': '/agendamento', 'listar c...</msg>
<status status="PASS" starttime="20220301 20:34:47.133" endtime="20220301 20:34:47.134"/>
</kw>
<msg timestamp="20220301 20:34:47.135" level="INFO">${telas_json} = {'login': '/login', 'novo usuario de serviço': '/paciente/cadastro', 'listar usuarios de serviço': '/paciente', 'cadastro de colaborador': '/colaborador/form', 'agendamento': '/agendamento', 'listar c...</msg>
<status status="PASS" starttime="20220301 20:34:47.130" endtime="20220301 20:34:47.135"/>
</kw>
<kw name="Get JSON" library="base">
<var>${config_json}</var>
<arg>config.json</arg>
<kw name="Get File" library="OperatingSystem">
<var>${file}</var>
<arg>${EXECDIR}/Files/${file_name}</arg>
<doc>Returns the contents of a specified file.</doc>
<msg timestamp="20220301 20:34:47.138" level="INFO" html="true">Getting file '&lt;a href="file:///home/m.calixta/RobotFramework-Sigsaude/Files/config.json"&gt;/home/m.calixta/RobotFramework-Sigsaude/Files/config.json&lt;/a&gt;'.</msg>
<msg timestamp="20220301 20:34:47.138" level="INFO">${file} = {
    "base_url":"https://homologacaosigsaude.imd.ufrn.br/sigsaude",
    "navegador":"chromium"
}</msg>
<status status="PASS" starttime="20220301 20:34:47.137" endtime="20220301 20:34:47.138"/>
</kw>
<kw name="Evaluate" library="BuiltIn">
<var>${super_var}</var>
<arg>json.loads($file)</arg>
<arg>json</arg>
<doc>Evaluates the given expression in Python and returns the result.</doc>
<msg timestamp="20220301 20:34:47.140" level="INFO">${super_var} = {'base_url': 'https://homologacaosigsaude.imd.ufrn.br/sigsaude', 'navegador': 'chromium'}</msg>
<status status="PASS" starttime="20220301 20:34:47.139" endtime="20220301 20:34:47.140"/>
</kw>
<msg timestamp="20220301 20:34:47.141" level="INFO">${config_json} = {'base_url': 'https://homologacaosigsaude.imd.ufrn.br/sigsaude', 'navegador': 'chromium'}</msg>
<status status="PASS" starttime="20220301 20:34:47.135" endtime="20220301 20:34:47.141"/>
</kw>
<kw name="Go To" library="Browser">
<arg>${config_json["base_url"]}${telas_json["${page}"]}</arg>
<tag>BrowserControl</tag>
<tag>Setter</tag>
<doc>Navigates to the given ``url``.</doc>
<msg timestamp="20220301 20:34:47.951" level="INFO">Succesfully opened URL https://homologacaosigsaude.imd.ufrn.br/sigsaude/login</msg>
<status status="PASS" starttime="20220301 20:34:47.142" endtime="20220301 20:34:47.951"/>
</kw>
<status status="PASS" starttime="20220301 20:34:47.129" endtime="20220301 20:34:47.952"/>
</kw>
<kw name="Get JSON" library="base">
<var>${login_json}</var>
<arg>login.json</arg>
<kw name="Get File" library="OperatingSystem">
<var>${file}</var>
<arg>${EXECDIR}/Files/${file_name}</arg>
<doc>Returns the contents of a specified file.</doc>
<msg timestamp="20220301 20:34:47.955" level="INFO" html="true">Getting file '&lt;a href="file:///home/m.calixta/RobotFramework-Sigsaude/Files/login.json"&gt;/home/m.calixta/RobotFramework-Sigsaude/Files/login.json&lt;/a&gt;'.</msg>
<msg timestamp="20220301 20:34:47.955" level="INFO">${file} = {

    "Psicologia":{
        "login": "drpsicologia",
        "senha": 85278120029
    },

    "Endocrinologia":{
        "login": "drendocrinologia",
        "senha": 98841863323
    }
}</msg>
<status status="PASS" starttime="20220301 20:34:47.954" endtime="20220301 20:34:47.955"/>
</kw>
<kw name="Evaluate" library="BuiltIn">
<var>${super_var}</var>
<arg>json.loads($file)</arg>
<arg>json</arg>
<doc>Evaluates the given expression in Python and returns the result.</doc>
<msg timestamp="20220301 20:34:47.957" level="INFO">${super_var} = {'Psicologia': {'login': 'drpsicologia', 'senha': 85278120029}, 'Endocrinologia': {'login': 'drendocrinologia', 'senha': 98841863323}}</msg>
<status status="PASS" starttime="20220301 20:34:47.956" endtime="20220301 20:34:47.957"/>
</kw>
<msg timestamp="20220301 20:34:47.958" level="INFO">${login_json} = {'Psicologia': {'login': 'drpsicologia', 'senha': 85278120029}, 'Endocrinologia': {'login': 'drendocrinologia', 'senha': 98841863323}}</msg>
<status status="PASS" starttime="20220301 20:34:47.952" endtime="20220301 20:34:47.958"/>
</kw>
<kw name="Fill Text" library="Browser">
<arg>id=login-username</arg>
<arg>${login_json["${login_usuario}"]["login"]}</arg>
<tag>PageContent</tag>
<tag>Setter</tag>
<doc>Clears and fills the given ``text`` into the text field found by ``selector``.</doc>
<msg timestamp="20220301 20:34:47.962" level="INFO">Fills the text 'drendocrinologia' in the given field.</msg>
<status status="PASS" starttime="20220301 20:34:47.959" endtime="20220301 20:34:47.994"/>
</kw>
<kw name="Fill Text" library="Browser">
<arg>id=login-password</arg>
<arg>${login_json["${login_usuario}"]["senha"]}</arg>
<tag>PageContent</tag>
<tag>Setter</tag>
<doc>Clears and fills the given ``text`` into the text field found by ``selector``.</doc>
<msg timestamp="20220301 20:34:47.998" level="INFO">Fills the text '98841863323' in the given field.</msg>
<status status="PASS" starttime="20220301 20:34:47.995" endtime="20220301 20:34:48.015"/>
</kw>
<kw name="Click" library="Browser">
<arg>css=[value='Entrar']</arg>
<tag>PageContent</tag>
<tag>Setter</tag>
<doc>Simulates mouse click on the element found by ``selector``.</doc>
<status status="PASS" starttime="20220301 20:34:48.016" endtime="20220301 20:34:48.647"/>
</kw>
<status status="PASS" starttime="20220301 20:34:42.484" endtime="20220301 20:34:48.647"/>
</kw>
<test id="s1-t1" name="[009] -Cadastro de oferta de atendimento (Completo)">
<kw name="Dado" library="bdd">
<arg>que o usuario está na tela "cadastro oferta"</arg>
<kw name="Run Keyword" library="BuiltIn">
<arg>@{Keywords}</arg>
<doc>Executes the given keyword with the given arguments.</doc>
<kw name="que o usuario está na tela &quot;cadastro oferta&quot;" library="nav" sourcename="que o usuario está na tela &quot;${tela}&quot;">
<kw name="Direcionamento da tela &quot;${tela}&quot;" library="nav" sourcename="Direcionamento da tela &quot;${page}&quot;">
<kw name="Get JSON" library="base">
<var>${telas_json}</var>
<arg>telas.json</arg>
<kw name="Get File" library="OperatingSystem">
<var>${file}</var>
<arg>${EXECDIR}/Files/${file_name}</arg>
<doc>Returns the contents of a specified file.</doc>
<msg timestamp="20220301 20:34:48.672" level="INFO" html="true">Getting file '&lt;a href="file:///home/m.calixta/RobotFramework-Sigsaude/Files/telas.json"&gt;/home/m.calixta/RobotFramework-Sigsaude/Files/telas.json&lt;/a&gt;'.</msg>
<msg timestamp="20220301 20:34:48.672" level="INFO">${file} = {
    "login":"/login",
    "novo usuario de serviço":"/paciente/cadastro",
    "listar usuarios de serviço":"/paciente",
    "cadastro de colaborador":"/colaborador/form",
    "agendamento":"/agendam...</msg>
<status status="PASS" starttime="20220301 20:34:48.670" endtime="20220301 20:34:48.672"/>
</kw>
<kw name="Evaluate" library="BuiltIn">
<var>${super_var}</var>
<arg>json.loads($file)</arg>
<arg>json</arg>
<doc>Evaluates the given expression in Python and returns the result.</doc>
<msg timestamp="20220301 20:34:48.675" level="INFO">${super_var} = {'login': '/login', 'novo usuario de serviço': '/paciente/cadastro', 'listar usuarios de serviço': '/paciente', 'cadastro de colaborador': '/colaborador/form', 'agendamento': '/agendamento', 'listar c...</msg>
<status status="PASS" starttime="20220301 20:34:48.673" endtime="20220301 20:34:48.675"/>
</kw>
<msg timestamp="20220301 20:34:48.676" level="INFO">${telas_json} = {'login': '/login', 'novo usuario de serviço': '/paciente/cadastro', 'listar usuarios de serviço': '/paciente', 'cadastro de colaborador': '/colaborador/form', 'agendamento': '/agendamento', 'listar c...</msg>
<status status="PASS" starttime="20220301 20:34:48.668" endtime="20220301 20:34:48.676"/>
</kw>
<kw name="Get JSON" library="base">
<var>${config_json}</var>
<arg>config.json</arg>
<kw name="Get File" library="OperatingSystem">
<var>${file}</var>
<arg>${EXECDIR}/Files/${file_name}</arg>
<doc>Returns the contents of a specified file.</doc>
<msg timestamp="20220301 20:34:48.680" level="INFO" html="true">Getting file '&lt;a href="file:///home/m.calixta/RobotFramework-Sigsaude/Files/config.json"&gt;/home/m.calixta/RobotFramework-Sigsaude/Files/config.json&lt;/a&gt;'.</msg>
<msg timestamp="20220301 20:34:48.681" level="INFO">${file} = {
    "base_url":"https://homologacaosigsaude.imd.ufrn.br/sigsaude",
    "navegador":"chromium"
}</msg>
<status status="PASS" starttime="20220301 20:34:48.679" endtime="20220301 20:34:48.681"/>
</kw>
<kw name="Evaluate" library="BuiltIn">
<var>${super_var}</var>
<arg>json.loads($file)</arg>
<arg>json</arg>
<doc>Evaluates the given expression in Python and returns the result.</doc>
<msg timestamp="20220301 20:34:48.684" level="INFO">${super_var} = {'base_url': 'https://homologacaosigsaude.imd.ufrn.br/sigsaude', 'navegador': 'chromium'}</msg>
<status status="PASS" starttime="20220301 20:34:48.682" endtime="20220301 20:34:48.684"/>
</kw>
<msg timestamp="20220301 20:34:48.684" level="INFO">${config_json} = {'base_url': 'https://homologacaosigsaude.imd.ufrn.br/sigsaude', 'navegador': 'chromium'}</msg>
<status status="PASS" starttime="20220301 20:34:48.677" endtime="20220301 20:34:48.685"/>
</kw>
<kw name="Go To" library="Browser">
<arg>${config_json["base_url"]}${telas_json["${page}"]}</arg>
<tag>BrowserControl</tag>
<tag>Setter</tag>
<doc>Navigates to the given ``url``.</doc>
<msg timestamp="20220301 20:34:50.286" level="INFO">Succesfully opened URL https://homologacaosigsaude.imd.ufrn.br/sigsaude/ofertaAtendimento/form</msg>
<status status="PASS" starttime="20220301 20:34:48.685" endtime="20220301 20:34:50.287"/>
</kw>
<status status="PASS" starttime="20220301 20:34:48.666" endtime="20220301 20:34:50.288"/>
</kw>
<status status="PASS" starttime="20220301 20:34:48.664" endtime="20220301 20:34:50.288"/>
</kw>
<status status="PASS" starttime="20220301 20:34:48.663" endtime="20220301 20:34:50.288"/>
</kw>
<status status="PASS" starttime="20220301 20:34:48.661" endtime="20220301 20:34:50.289"/>
</kw>
<kw name="Então" library="bdd">
<arg>preencher o ${Campos_oferta.denominacao} com ${Valor_campos_oferta.denominacao}</arg>
<kw name="Run Keyword" library="BuiltIn">
<arg>@{Keywords}</arg>
<doc>Executes the given keyword with the given arguments.</doc>
<kw name="preencher o inputDenominacao com Oferta nutriçãoo" library="Page_profissão_cadastro" sourcename="preencher o ${CAMPO} com ${VALOR}">
<kw name="Type Text" library="Browser">
<arg>id=${CAMPO}</arg>
<arg>${VALOR}</arg>
<tag>PageContent</tag>
<tag>Setter</tag>
<doc>Types the given ``txt`` into the text field found by ``selector``.</doc>
<msg timestamp="20220301 20:34:50.302" level="INFO">Types the text 'Oferta nutriçãoo' in the given field.</msg>
<status status="PASS" starttime="20220301 20:34:50.301" endtime="20220301 20:34:50.384"/>
</kw>
<status status="PASS" starttime="20220301 20:34:50.299" endtime="20220301 20:34:50.384"/>
</kw>
<status status="PASS" starttime="20220301 20:34:50.297" endtime="20220301 20:34:50.384"/>
</kw>
<status status="PASS" starttime="20220301 20:34:50.290" endtime="20220301 20:34:50.385"/>
</kw>
<kw name="E" library="bdd">
<arg>preencher o ${Campos_oferta.data_inicio} com ${Valor_campos_oferta.data_inicio}</arg>
<kw name="Run Keyword" library="BuiltIn">
<arg>@{Keywords}</arg>
<doc>Executes the given keyword with the given arguments.</doc>
<kw name="preencher o inputDataInicio com 10032022" library="Page_profissão_cadastro" sourcename="preencher o ${CAMPO} com ${VALOR}">
<kw name="Type Text" library="Browser">
<arg>id=${CAMPO}</arg>
<arg>${VALOR}</arg>
<tag>PageContent</tag>
<tag>Setter</tag>
<doc>Types the given ``txt`` into the text field found by ``selector``.</doc>
<msg timestamp="20220301 20:34:50.400" level="INFO">Types the text '10032022' in the given field.</msg>
<status status="PASS" starttime="20220301 20:34:50.398" endtime="20220301 20:34:50.466"/>
</kw>
<status status="PASS" starttime="20220301 20:34:50.396" endtime="20220301 20:34:50.466"/>
</kw>
<status status="PASS" starttime="20220301 20:34:50.394" endtime="20220301 20:34:50.466"/>
</kw>
<status status="PASS" starttime="20220301 20:34:50.386" endtime="20220301 20:34:50.467"/>
</kw>
<kw name="E" library="bdd">
<arg>preencher o ${Campos_oferta.data_fim} com ${Valor_campos_oferta.data_fim}</arg>
<kw name="Run Keyword" library="BuiltIn">
<arg>@{Keywords}</arg>
<doc>Executes the given keyword with the given arguments.</doc>
<kw name="preencher o inputDataFim com 10082022" library="Page_profissão_cadastro" sourcename="preencher o ${CAMPO} com ${VALOR}">
<kw name="Type Text" library="Browser">
<arg>id=${CAMPO}</arg>
<arg>${VALOR}</arg>
<tag>PageContent</tag>
<tag>Setter</tag>
<doc>Types the given ``txt`` into the text field found by ``selector``.</doc>
<msg timestamp="20220301 20:34:50.480" level="INFO">Types the text '10082022' in the given field.</msg>
<status status="PASS" starttime="20220301 20:34:50.479" endtime="20220301 20:34:50.529"/>
</kw>
<status status="PASS" starttime="20220301 20:34:50.477" endtime="20220301 20:34:50.529"/>
</kw>
<status status="PASS" starttime="20220301 20:34:50.475" endtime="20220301 20:34:50.530"/>
</kw>
<status status="PASS" starttime="20220301 20:34:50.467" endtime="20220301 20:34:50.530"/>
</kw>
<kw name="E" library="bdd">
<arg>preencher o ${Campos_oferta.inicio_do_expediente} com ${Valor_campos_oferta.inicio_do_expediente}</arg>
<kw name="Run Keyword" library="BuiltIn">
<arg>@{Keywords}</arg>
<doc>Executes the given keyword with the given arguments.</doc>
<kw name="preencher o inputHorarioInicio com 1000" library="Page_profissão_cadastro" sourcename="preencher o ${CAMPO} com ${VALOR}">
<kw name="Type Text" library="Browser">
<arg>id=${CAMPO}</arg>
<arg>${VALOR}</arg>
<tag>PageContent</tag>
<tag>Setter</tag>
<doc>Types the given ``txt`` into the text field found by ``selector``.</doc>
<msg timestamp="20220301 20:34:50.544" level="INFO">Types the text '1000' in the given field.</msg>
<status status="PASS" starttime="20220301 20:34:50.543" endtime="20220301 20:34:50.574"/>
</kw>
<status status="PASS" starttime="20220301 20:34:50.541" endtime="20220301 20:34:50.575"/>
</kw>
<status status="PASS" starttime="20220301 20:34:50.539" endtime="20220301 20:34:50.575"/>
</kw>
<status status="PASS" starttime="20220301 20:34:50.531" endtime="20220301 20:34:50.575"/>
</kw>
<kw name="E" library="bdd">
<arg>preencher o ${Campos_oferta.fim_do_expediente} com ${Valor_campos_oferta.fim_do_expediente}</arg>
<kw name="Run Keyword" library="BuiltIn">
<arg>@{Keywords}</arg>
<doc>Executes the given keyword with the given arguments.</doc>
<kw name="preencher o inputHorarioFim com 2200" library="Page_profissão_cadastro" sourcename="preencher o ${CAMPO} com ${VALOR}">
<kw name="Type Text" library="Browser">
<arg>id=${CAMPO}</arg>
<arg>${VALOR}</arg>
<tag>PageContent</tag>
<tag>Setter</tag>
<doc>Types the given ``txt`` into the text field found by ``selector``.</doc>
<msg timestamp="20220301 20:34:50.588" level="INFO">Types the text '2200' in the given field.</msg>
<status status="PASS" starttime="20220301 20:34:50.587" endtime="20220301 20:34:50.618"/>
</kw>
<status status="PASS" starttime="20220301 20:34:50.585" endtime="20220301 20:34:50.618"/>
</kw>
<status status="PASS" starttime="20220301 20:34:50.583" endtime="20220301 20:34:50.618"/>
</kw>
<status status="PASS" starttime="20220301 20:34:50.576" endtime="20220301 20:34:50.619"/>
</kw>
<kw name="Quando" library="bdd">
<arg>clicar no ${Buttons_oferta.avançar}</arg>
<kw name="Run Keyword" library="BuiltIn">
<arg>@{Keywords}</arg>
<doc>Executes the given keyword with the given arguments.</doc>
<kw name="clicar no nextBtn" library="Page_profissão_cadastro" sourcename="clicar no ${Button}">
<kw name="Click" library="Browser">
<arg>id=${Button}</arg>
<tag>PageContent</tag>
<tag>Setter</tag>
<doc>Simulates mouse click on the element found by ``selector``.</doc>
<status status="PASS" starttime="20220301 20:34:50.627" endtime="20220301 20:34:50.711"/>
</kw>
<status status="PASS" starttime="20220301 20:34:50.625" endtime="20220301 20:34:50.711"/>
</kw>
<status status="PASS" starttime="20220301 20:34:50.623" endtime="20220301 20:34:50.711"/>
</kw>
<status status="PASS" starttime="20220301 20:34:50.620" endtime="20220301 20:34:50.712"/>
</kw>
<kw name="Então" library="bdd">
<arg>inserir modalidade ${Campos_oferta.modalidade1}</arg>
<kw name="Run Keyword" library="BuiltIn">
<arg>@{Keywords}</arg>
<doc>Executes the given keyword with the given arguments.</doc>
<kw name="inserir modalidade //*[@id=&quot;formConvenioApp&quot;]/div[2]/div[3]/div/div[1]/div/div/div[1]/div/div[2]" library="Page_oferta_cadastro" sourcename="inserir modalidade ${CAMPO}">
<kw name="Click" library="Browser">
<arg>xpath=${CAMPO}</arg>
<tag>PageContent</tag>
<tag>Setter</tag>
<doc>Simulates mouse click on the element found by ``selector``.</doc>
<status status="PASS" starttime="20220301 20:34:50.723" endtime="20220301 20:34:51.001"/>
</kw>
<kw name="Fill Text" library="Browser">
<arg>xpath=${Campos_oferta.modalidade2}</arg>
<arg>${Campos_oferta.modalidade3}</arg>
<tag>PageContent</tag>
<tag>Setter</tag>
<doc>Clears and fills the given ``text`` into the text field found by ``selector``.</doc>
<msg timestamp="20220301 20:34:51.007" level="INFO">Fills the text ' ACOMPANHAMENTO PSICOSSOCIAL DO ESTUDANTE UFRN - Especialidade: PSICOLOGIA SOCIAL' in the given field.</msg>
<status status="PASS" starttime="20220301 20:34:51.002" endtime="20220301 20:34:51.032"/>
</kw>
<kw name="Click" library="Browser">
<arg>xpath=${Buttons_oferta.selecionar}</arg>
<tag>PageContent</tag>
<tag>Setter</tag>
<doc>Simulates mouse click on the element found by ``selector``.</doc>
<status status="PASS" starttime="20220301 20:34:51.033" endtime="20220301 20:34:51.225"/>
</kw>
<kw name="Click" library="Browser">
<arg>xpath=${Buttons_oferta.adicionar}</arg>
<tag>PageContent</tag>
<tag>Setter</tag>
<doc>Simulates mouse click on the element found by ``selector``.</doc>
<status status="PASS" starttime="20220301 20:34:51.227" endtime="20220301 20:34:51.289"/>
</kw>
<status status="PASS" starttime="20220301 20:34:50.720" endtime="20220301 20:34:51.290"/>
</kw>
<status status="PASS" starttime="20220301 20:34:50.719" endtime="20220301 20:34:51.290"/>
</kw>
<status status="PASS" starttime="20220301 20:34:50.713" endtime="20220301 20:34:51.291"/>
</kw>
<kw name="E" library="bdd">
<arg>adicionar escala ${Valor_campos_oferta.descricao_escala}</arg>
<kw name="Run Keyword" library="BuiltIn">
<arg>@{Keywords}</arg>
<doc>Executes the given keyword with the given arguments.</doc>
<kw name="adicionar escala Escala1" library="Page_oferta_cadastro" sourcename="Adicionar escala ${VALOR}">
<kw name="Click" library="Browser">
<arg>xpath=${Buttons_oferta.adicionar_escala}</arg>
<tag>PageContent</tag>
<tag>Setter</tag>
<doc>Simulates mouse click on the element found by ``selector``.</doc>
<status status="PASS" starttime="20220301 20:34:51.300" endtime="20220301 20:34:51.419"/>
</kw>
<kw name="Fill Text" library="Browser">
<arg>id=${Campos_oferta.descrição_escala}</arg>
<arg>${VALOR}</arg>
<tag>PageContent</tag>
<tag>Setter</tag>
<doc>Clears and fills the given ``text`` into the text field found by ``selector``.</doc>
<msg timestamp="20220301 20:34:51.424" level="INFO">Fills the text 'Escala1' in the given field.</msg>
<status status="PASS" starttime="20220301 20:34:51.420" endtime="20220301 20:34:51.583"/>
</kw>
<for flavor="IN RANGE">
<var>${cont}</var>
<value>3</value>
<value>8</value>
<iter>
<var name="${cont}">3</var>
<kw name="Click" library="Browser">
<arg>xpath=//*[@id="calendar"]/div[2]/div/table/tbody/tr/td/div/div/div[3]/table/tbody/tr/td[${cont}]</arg>
<tag>PageContent</tag>
<tag>Setter</tag>
<doc>Simulates mouse click on the element found by ``selector``.</doc>
<status status="PASS" starttime="20220301 20:34:51.585" endtime="20220301 20:34:52.054"/>
</kw>
<status status="PASS" starttime="20220301 20:34:51.584" endtime="20220301 20:34:52.054"/>
</iter>
<iter>
<var name="${cont}">4</var>
<kw name="Click" library="Browser">
<arg>xpath=//*[@id="calendar"]/div[2]/div/table/tbody/tr/td/div/div/div[3]/table/tbody/tr/td[${cont}]</arg>
<tag>PageContent</tag>
<tag>Setter</tag>
<doc>Simulates mouse click on the element found by ``selector``.</doc>
<status status="PASS" starttime="20220301 20:34:52.055" endtime="20220301 20:34:52.128"/>
</kw>
<status status="PASS" starttime="20220301 20:34:52.054" endtime="20220301 20:34:52.128"/>
</iter>
<iter>
<var name="${cont}">5</var>
<kw name="Click" library="Browser">
<arg>xpath=//*[@id="calendar"]/div[2]/div/table/tbody/tr/td/div/div/div[3]/table/tbody/tr/td[${cont}]</arg>
<tag>PageContent</tag>
<tag>Setter</tag>
<doc>Simulates mouse click on the element found by ``selector``.</doc>
<status status="PASS" starttime="20220301 20:34:52.129" endtime="20220301 20:34:52.209"/>
</kw>
<status status="PASS" starttime="20220301 20:34:52.128" endtime="20220301 20:34:52.209"/>
</iter>
<iter>
<var name="${cont}">6</var>
<kw name="Click" library="Browser">
<arg>xpath=//*[@id="calendar"]/div[2]/div/table/tbody/tr/td/div/div/div[3]/table/tbody/tr/td[${cont}]</arg>
<tag>PageContent</tag>
<tag>Setter</tag>
<doc>Simulates mouse click on the element found by ``selector``.</doc>
<status status="PASS" starttime="20220301 20:34:52.210" endtime="20220301 20:34:52.277"/>
</kw>
<status status="PASS" starttime="20220301 20:34:52.209" endtime="20220301 20:34:52.277"/>
</iter>
<iter>
<var name="${cont}">7</var>
<kw name="Click" library="Browser">
<arg>xpath=//*[@id="calendar"]/div[2]/div/table/tbody/tr/td/div/div/div[3]/table/tbody/tr/td[${cont}]</arg>
<tag>PageContent</tag>
<tag>Setter</tag>
<doc>Simulates mouse click on the element found by ``selector``.</doc>
<status status="PASS" starttime="20220301 20:34:52.278" endtime="20220301 20:34:52.347"/>
</kw>
<status status="PASS" starttime="20220301 20:34:52.278" endtime="20220301 20:34:52.347"/>
</iter>
<status status="PASS" starttime="20220301 20:34:51.583" endtime="20220301 20:34:52.347"/>
</for>
<kw name="Click" library="Browser">
<arg>id=${Buttons_oferta.concluir_escala}</arg>
<tag>PageContent</tag>
<tag>Setter</tag>
<doc>Simulates mouse click on the element found by ``selector``.</doc>
<status status="PASS" starttime="20220301 20:34:52.348" endtime="20220301 20:34:52.384"/>
</kw>
<kw name="Sleep" library="BuiltIn">
<arg>10s</arg>
<doc>Pauses the test executed for the given time.</doc>
<msg timestamp="20220301 20:35:02.386" level="INFO">Slept 10 seconds</msg>
<status status="PASS" starttime="20220301 20:34:52.385" endtime="20220301 20:35:02.386"/>
</kw>
<status status="PASS" starttime="20220301 20:34:51.299" endtime="20220301 20:35:02.387"/>
</kw>
<status status="PASS" starttime="20220301 20:34:51.297" endtime="20220301 20:35:02.387"/>
</kw>
<status status="PASS" starttime="20220301 20:34:51.292" endtime="20220301 20:35:02.387"/>
</kw>
<kw name="Quando" library="bdd">
<arg>clicar no ${Buttons_oferta.salvar}</arg>
<kw name="Run Keyword" library="BuiltIn">
<arg>@{Keywords}</arg>
<doc>Executes the given keyword with the given arguments.</doc>
<kw name="clicar no nextBtn" library="Page_profissão_cadastro" sourcename="clicar no ${Button}">
<kw name="Click" library="Browser">
<arg>id=${Button}</arg>
<tag>PageContent</tag>
<tag>Setter</tag>
<doc>Simulates mouse click on the element found by ``selector``.</doc>
<status status="PASS" starttime="20220301 20:35:02.395" endtime="20220301 20:35:02.454"/>
</kw>
<status status="PASS" starttime="20220301 20:35:02.393" endtime="20220301 20:35:02.454"/>
</kw>
<status status="PASS" starttime="20220301 20:35:02.392" endtime="20220301 20:35:02.455"/>
</kw>
<status status="PASS" starttime="20220301 20:35:02.388" endtime="20220301 20:35:02.455"/>
</kw>
<kw name="Então" library="bdd">
<arg>mensagem de cadastro realizado com sucesso é exibida</arg>
<kw name="Run Keyword" library="BuiltIn">
<arg>@{Keywords}</arg>
<doc>Executes the given keyword with the given arguments.</doc>
<kw name="mensagem de cadastro realizado com sucesso é exibida" library="Page_profissão_cadastro">
<kw name="Wait For Elements State" library="Browser">
<arg>css=.swal-modal</arg>
<arg>visible</arg>
<tag>PageContent</tag>
<tag>Wait</tag>
<doc>Waits for the element found by ``selector`` to satisfy state option.</doc>
<msg timestamp="20220301 20:35:02.895" level="INFO">Wait for Element with selector: css=.swal-modal</msg>
<status status="PASS" starttime="20220301 20:35:02.463" endtime="20220301 20:35:02.896"/>
</kw>
<kw name="Click" library="Browser">
<arg>xpath=${Buttons.OK}</arg>
<tag>PageContent</tag>
<tag>Setter</tag>
<doc>Simulates mouse click on the element found by ``selector``.</doc>
<status status="PASS" starttime="20220301 20:35:02.897" endtime="20220301 20:35:03.397"/>
</kw>
<status status="PASS" starttime="20220301 20:35:02.461" endtime="20220301 20:35:03.398"/>
</kw>
<status status="PASS" starttime="20220301 20:35:02.459" endtime="20220301 20:35:03.398"/>
</kw>
<status status="PASS" starttime="20220301 20:35:02.456" endtime="20220301 20:35:03.399"/>
</kw>
<status status="PASS" starttime="20220301 20:34:48.648" endtime="20220301 20:35:03.400"/>
</test>
<doc>Cadastro profissão</doc>
<status status="PASS" starttime="20220301 20:34:41.336" endtime="20220301 20:35:03.430"/>
</suite>
<statistics>
<total>
<stat pass="1" fail="0" skip="0">All Tests</stat>
</total>
<tag>
</tag>
<suite>
<stat pass="1" fail="0" skip="0" id="s1" name="Caminho feliz">Caminho feliz</stat>
</suite>
</statistics>
<errors>
</errors>
</robot>
