<?xml version="1.0" encoding="UTF-8"?>
<robot generator="Robot 4.0.3 (Python 3.8.10 on linux)" generated="20211102 21:24:58.346" rpa="false" schemaversion="2">
<suite id="s1" name="5 - Atendimento endocrinologia" source="/home/m.calixta/Projeto sigsaúde/Tests/5 - Atendimento endocrinologia.robot">
<kw name="iniciar navegador sessão &quot;Endocrinologia&quot;" library="base" type="SETUP" sourcename="iniciar navegador sessão &quot;${login_usuario}&quot;">
<kw name="iniciar Navegador" library="base">
<kw name="Get JSON" library="base">
<var>${config_json}</var>
<arg>config.json</arg>
<kw name="Get File" library="OperatingSystem">
<var>${file}</var>
<arg>${EXECDIR}/Files/${file_name}</arg>
<doc>Returns the contents of a specified file.</doc>
<msg timestamp="20211102 21:25:00.141" level="INFO" html="true">Getting file '&lt;a href="file:///home/m.calixta/Projeto sigsaúde/Files/config.json"&gt;/home/m.calixta/Projeto sigsaúde/Files/config.json&lt;/a&gt;'.</msg>
<msg timestamp="20211102 21:25:00.142" level="INFO">${file} = {
    "base_url":"https://testessigsaude.imd.ufrn.br/sigsaude",
    "navegador":"chromium"
}</msg>
<status status="PASS" starttime="20211102 21:25:00.140" endtime="20211102 21:25:00.142"/>
</kw>
<kw name="Evaluate" library="BuiltIn">
<var>${super_var}</var>
<arg>json.loads($file)</arg>
<arg>json</arg>
<doc>Evaluates the given expression in Python and returns the result.</doc>
<msg timestamp="20211102 21:25:00.156" level="INFO">${super_var} = {'base_url': 'https://testessigsaude.imd.ufrn.br/sigsaude', 'navegador': 'chromium'}</msg>
<status status="PASS" starttime="20211102 21:25:00.143" endtime="20211102 21:25:00.156"/>
</kw>
<msg timestamp="20211102 21:25:00.157" level="INFO">${config_json} = {'base_url': 'https://testessigsaude.imd.ufrn.br/sigsaude', 'navegador': 'chromium'}</msg>
<status status="PASS" starttime="20211102 21:25:00.139" endtime="20211102 21:25:00.157"/>
</kw>
<kw name="New Browser" library="Browser">
<arg>${config_json["navegador"]}</arg>
<arg>False</arg>
<tag>BrowserControl</tag>
<tag>Setter</tag>
<doc>Create a new playwright Browser with specified options.
See `Browser, Context and Page` for more information about Browser and related concepts.</doc>
<msg timestamp="20211102 21:25:00.161" level="INFO">{"browser": "chromium", "headless": false, "handleSIGINT": true, "handleSIGTERM": true, "handleSIGHUP": true, "timeout": 30000.0, "devtools": false, "slowMo": 0.0}</msg>
<msg timestamp="20211102 21:25:00.438" level="INFO">Successfully created browser with options: {"browser":"chromium","headless":false,"handleSIGINT":true,"handleSIGTERM":true,"handleSIGHUP":true,"timeout":30000,"devtools":false,"slowMo":0}</msg>
<status status="PASS" starttime="20211102 21:25:00.158" endtime="20211102 21:25:00.438"/>
</kw>
<status status="PASS" starttime="20211102 21:25:00.138" endtime="20211102 21:25:00.439"/>
</kw>
<kw name="Get JSON" library="base">
<var>${config_json}</var>
<arg>config.json</arg>
<kw name="Get File" library="OperatingSystem">
<var>${file}</var>
<arg>${EXECDIR}/Files/${file_name}</arg>
<doc>Returns the contents of a specified file.</doc>
<msg timestamp="20211102 21:25:00.443" level="INFO" html="true">Getting file '&lt;a href="file:///home/m.calixta/Projeto sigsaúde/Files/config.json"&gt;/home/m.calixta/Projeto sigsaúde/Files/config.json&lt;/a&gt;'.</msg>
<msg timestamp="20211102 21:25:00.444" level="INFO">${file} = {
    "base_url":"https://testessigsaude.imd.ufrn.br/sigsaude",
    "navegador":"chromium"
}</msg>
<status status="PASS" starttime="20211102 21:25:00.442" endtime="20211102 21:25:00.444"/>
</kw>
<kw name="Evaluate" library="BuiltIn">
<var>${super_var}</var>
<arg>json.loads($file)</arg>
<arg>json</arg>
<doc>Evaluates the given expression in Python and returns the result.</doc>
<msg timestamp="20211102 21:25:00.446" level="INFO">${super_var} = {'base_url': 'https://testessigsaude.imd.ufrn.br/sigsaude', 'navegador': 'chromium'}</msg>
<status status="PASS" starttime="20211102 21:25:00.445" endtime="20211102 21:25:00.446"/>
</kw>
<msg timestamp="20211102 21:25:00.447" level="INFO">${config_json} = {'base_url': 'https://testessigsaude.imd.ufrn.br/sigsaude', 'navegador': 'chromium'}</msg>
<status status="PASS" starttime="20211102 21:25:00.440" endtime="20211102 21:25:00.448"/>
</kw>
<kw name="New Page" library="Browser">
<arg>${config_json["base_url"]}</arg>
<tag>BrowserControl</tag>
<tag>Setter</tag>
<doc>Open a new Page. A Page is the Playwright equivalent to a tab.
See `Browser, Context and Page` for more information about Page concept.
Returns a stable identifier for the created page.</doc>
<msg timestamp="20211102 21:25:03.890" level="INFO">Successfully initialized new page object and opened url: https://testessigsaude.imd.ufrn.br/sigsaude</msg>
<msg timestamp="20211102 21:25:03.891" level="INFO">No context was open. New context was automatically opened when this page is created.</msg>
<status status="PASS" starttime="20211102 21:25:00.449" endtime="20211102 21:25:03.893"/>
</kw>
<kw name="Direcionamento da tela &quot;login&quot;" library="nav" sourcename="Direcionamento da tela &quot;${page}&quot;">
<kw name="Get JSON" library="base">
<var>${telas_json}</var>
<arg>telas.json</arg>
<kw name="Get File" library="OperatingSystem">
<var>${file}</var>
<arg>${EXECDIR}/Files/${file_name}</arg>
<doc>Returns the contents of a specified file.</doc>
<msg timestamp="20211102 21:25:03.914" level="INFO" html="true">Getting file '&lt;a href="file:///home/m.calixta/Projeto sigsaúde/Files/telas.json"&gt;/home/m.calixta/Projeto sigsaúde/Files/telas.json&lt;/a&gt;'.</msg>
<msg timestamp="20211102 21:25:03.917" level="INFO">${file} = {
    "login":"/login",
    "novo usuario de serviço":"/paciente/cadastro",
    "listar usuarios de serviço":"/paciente",
    "cadastro de colaborador":"/colaborador/form",
    "agendamento":"/agendam...</msg>
<status status="PASS" starttime="20211102 21:25:03.910" endtime="20211102 21:25:03.917"/>
</kw>
<kw name="Evaluate" library="BuiltIn">
<var>${super_var}</var>
<arg>json.loads($file)</arg>
<arg>json</arg>
<doc>Evaluates the given expression in Python and returns the result.</doc>
<msg timestamp="20211102 21:25:03.926" level="INFO">${super_var} = {'login': '/login', 'novo usuario de serviço': '/paciente/cadastro', 'listar usuarios de serviço': '/paciente', 'cadastro de colaborador': '/colaborador/form', 'agendamento': '/agendamento', 'listar c...</msg>
<status status="PASS" starttime="20211102 21:25:03.921" endtime="20211102 21:25:03.927"/>
</kw>
<msg timestamp="20211102 21:25:03.930" level="INFO">${telas_json} = {'login': '/login', 'novo usuario de serviço': '/paciente/cadastro', 'listar usuarios de serviço': '/paciente', 'cadastro de colaborador': '/colaborador/form', 'agendamento': '/agendamento', 'listar c...</msg>
<status status="PASS" starttime="20211102 21:25:03.904" endtime="20211102 21:25:03.931"/>
</kw>
<kw name="Get JSON" library="base">
<var>${config_json}</var>
<arg>config.json</arg>
<kw name="Get File" library="OperatingSystem">
<var>${file}</var>
<arg>${EXECDIR}/Files/${file_name}</arg>
<doc>Returns the contents of a specified file.</doc>
<msg timestamp="20211102 21:25:03.944" level="INFO" html="true">Getting file '&lt;a href="file:///home/m.calixta/Projeto sigsaúde/Files/config.json"&gt;/home/m.calixta/Projeto sigsaúde/Files/config.json&lt;/a&gt;'.</msg>
<msg timestamp="20211102 21:25:03.946" level="INFO">${file} = {
    "base_url":"https://testessigsaude.imd.ufrn.br/sigsaude",
    "navegador":"chromium"
}</msg>
<status status="PASS" starttime="20211102 21:25:03.940" endtime="20211102 21:25:03.946"/>
</kw>
<kw name="Evaluate" library="BuiltIn">
<var>${super_var}</var>
<arg>json.loads($file)</arg>
<arg>json</arg>
<doc>Evaluates the given expression in Python and returns the result.</doc>
<msg timestamp="20211102 21:25:03.954" level="INFO">${super_var} = {'base_url': 'https://testessigsaude.imd.ufrn.br/sigsaude', 'navegador': 'chromium'}</msg>
<status status="PASS" starttime="20211102 21:25:03.949" endtime="20211102 21:25:03.955"/>
</kw>
<msg timestamp="20211102 21:25:03.958" level="INFO">${config_json} = {'base_url': 'https://testessigsaude.imd.ufrn.br/sigsaude', 'navegador': 'chromium'}</msg>
<status status="PASS" starttime="20211102 21:25:03.934" endtime="20211102 21:25:03.959"/>
</kw>
<kw name="Go To" library="Browser">
<arg>${config_json["base_url"]}${telas_json["${page}"]}</arg>
<tag>BrowserControl</tag>
<tag>Setter</tag>
<doc>Navigates to the given ``url``.</doc>
<msg timestamp="20211102 21:25:04.638" level="INFO">Succesfully opened URL https://testessigsaude.imd.ufrn.br/sigsaude/login</msg>
<status status="PASS" starttime="20211102 21:25:03.962" endtime="20211102 21:25:04.638"/>
</kw>
<status status="PASS" starttime="20211102 21:25:03.897" endtime="20211102 21:25:04.639"/>
</kw>
<kw name="Get JSON" library="base">
<var>${login_json}</var>
<arg>login.json</arg>
<kw name="Get File" library="OperatingSystem">
<var>${file}</var>
<arg>${EXECDIR}/Files/${file_name}</arg>
<doc>Returns the contents of a specified file.</doc>
<msg timestamp="20211102 21:25:04.644" level="INFO" html="true">Getting file '&lt;a href="file:///home/m.calixta/Projeto sigsaúde/Files/login.json"&gt;/home/m.calixta/Projeto sigsaúde/Files/login.json&lt;/a&gt;'.</msg>
<msg timestamp="20211102 21:25:04.644" level="INFO">${file} = {

    "Psicologia":{
        "login": "drpsicologia",
        "senha": 85278120029
    },

    "Endocrinologia":{
        "login": "drendocrinologia",
        "senha": 98841863323
    }
}</msg>
<status status="PASS" starttime="20211102 21:25:04.642" endtime="20211102 21:25:04.644"/>
</kw>
<kw name="Evaluate" library="BuiltIn">
<var>${super_var}</var>
<arg>json.loads($file)</arg>
<arg>json</arg>
<doc>Evaluates the given expression in Python and returns the result.</doc>
<msg timestamp="20211102 21:25:04.647" level="INFO">${super_var} = {'Psicologia': {'login': 'drpsicologia', 'senha': 85278120029}, 'Endocrinologia': {'login': 'drendocrinologia', 'senha': 98841863323}}</msg>
<status status="PASS" starttime="20211102 21:25:04.645" endtime="20211102 21:25:04.648"/>
</kw>
<msg timestamp="20211102 21:25:04.650" level="INFO">${login_json} = {'Psicologia': {'login': 'drpsicologia', 'senha': 85278120029}, 'Endocrinologia': {'login': 'drendocrinologia', 'senha': 98841863323}}</msg>
<status status="PASS" starttime="20211102 21:25:04.641" endtime="20211102 21:25:04.650"/>
</kw>
<kw name="Fill Text" library="Browser">
<arg>id=login-username</arg>
<arg>${login_json["${login_usuario}"]["login"]}</arg>
<tag>PageContent</tag>
<tag>Setter</tag>
<doc>Clears and fills the given ``text`` into the text field found by ``selector``.</doc>
<msg timestamp="20211102 21:25:04.654" level="INFO">Fills the text 'drendocrinologia' in the given field.</msg>
<status status="PASS" starttime="20211102 21:25:04.651" endtime="20211102 21:25:04.706"/>
</kw>
<kw name="Fill Text" library="Browser">
<arg>id=login-password</arg>
<arg>${login_json["${login_usuario}"]["senha"]}</arg>
<tag>PageContent</tag>
<tag>Setter</tag>
<doc>Clears and fills the given ``text`` into the text field found by ``selector``.</doc>
<msg timestamp="20211102 21:25:04.710" level="INFO">Fills the text '98841863323' in the given field.</msg>
<status status="PASS" starttime="20211102 21:25:04.707" endtime="20211102 21:25:04.739"/>
</kw>
<kw name="Click" library="Browser">
<arg>css=[value='Entrar']</arg>
<tag>PageContent</tag>
<tag>Setter</tag>
<doc>Simulates mouse click on the element found by ``selector``.</doc>
<status status="PASS" starttime="20211102 21:25:04.740" endtime="20211102 21:25:05.470"/>
</kw>
<status status="PASS" starttime="20211102 21:25:00.136" endtime="20211102 21:25:05.470"/>
</kw>
<test id="s1-t1" name="[001] - Realizar atendimento (Completo)">
<kw name="Dado" library="bdd">
<arg>que o usuario está na tela "atendimento"</arg>
<kw name="Run Keyword" library="BuiltIn">
<arg>@{Keywords}</arg>
<doc>Executes the given keyword with the given arguments.</doc>
<kw name="que o usuario está na tela &quot;atendimento&quot;" library="nav" sourcename="que o usuario está na tela &quot;${tela}&quot;">
<kw name="Direcionamento da tela &quot;${tela}&quot;" library="nav" sourcename="Direcionamento da tela &quot;${page}&quot;">
<kw name="Get JSON" library="base">
<var>${telas_json}</var>
<arg>telas.json</arg>
<kw name="Get File" library="OperatingSystem">
<var>${file}</var>
<arg>${EXECDIR}/Files/${file_name}</arg>
<doc>Returns the contents of a specified file.</doc>
<msg timestamp="20211102 21:25:05.502" level="INFO" html="true">Getting file '&lt;a href="file:///home/m.calixta/Projeto sigsaúde/Files/telas.json"&gt;/home/m.calixta/Projeto sigsaúde/Files/telas.json&lt;/a&gt;'.</msg>
<msg timestamp="20211102 21:25:05.502" level="INFO">${file} = {
    "login":"/login",
    "novo usuario de serviço":"/paciente/cadastro",
    "listar usuarios de serviço":"/paciente",
    "cadastro de colaborador":"/colaborador/form",
    "agendamento":"/agendam...</msg>
<status status="PASS" starttime="20211102 21:25:05.499" endtime="20211102 21:25:05.503"/>
</kw>
<kw name="Evaluate" library="BuiltIn">
<var>${super_var}</var>
<arg>json.loads($file)</arg>
<arg>json</arg>
<doc>Evaluates the given expression in Python and returns the result.</doc>
<msg timestamp="20211102 21:25:05.507" level="INFO">${super_var} = {'login': '/login', 'novo usuario de serviço': '/paciente/cadastro', 'listar usuarios de serviço': '/paciente', 'cadastro de colaborador': '/colaborador/form', 'agendamento': '/agendamento', 'listar c...</msg>
<status status="PASS" starttime="20211102 21:25:05.504" endtime="20211102 21:25:05.507"/>
</kw>
<msg timestamp="20211102 21:25:05.509" level="INFO">${telas_json} = {'login': '/login', 'novo usuario de serviço': '/paciente/cadastro', 'listar usuarios de serviço': '/paciente', 'cadastro de colaborador': '/colaborador/form', 'agendamento': '/agendamento', 'listar c...</msg>
<status status="PASS" starttime="20211102 21:25:05.497" endtime="20211102 21:25:05.509"/>
</kw>
<kw name="Get JSON" library="base">
<var>${config_json}</var>
<arg>config.json</arg>
<kw name="Get File" library="OperatingSystem">
<var>${file}</var>
<arg>${EXECDIR}/Files/${file_name}</arg>
<doc>Returns the contents of a specified file.</doc>
<msg timestamp="20211102 21:25:05.517" level="INFO" html="true">Getting file '&lt;a href="file:///home/m.calixta/Projeto sigsaúde/Files/config.json"&gt;/home/m.calixta/Projeto sigsaúde/Files/config.json&lt;/a&gt;'.</msg>
<msg timestamp="20211102 21:25:05.518" level="INFO">${file} = {
    "base_url":"https://testessigsaude.imd.ufrn.br/sigsaude",
    "navegador":"chromium"
}</msg>
<status status="PASS" starttime="20211102 21:25:05.514" endtime="20211102 21:25:05.518"/>
</kw>
<kw name="Evaluate" library="BuiltIn">
<var>${super_var}</var>
<arg>json.loads($file)</arg>
<arg>json</arg>
<doc>Evaluates the given expression in Python and returns the result.</doc>
<msg timestamp="20211102 21:25:05.523" level="INFO">${super_var} = {'base_url': 'https://testessigsaude.imd.ufrn.br/sigsaude', 'navegador': 'chromium'}</msg>
<status status="PASS" starttime="20211102 21:25:05.520" endtime="20211102 21:25:05.523"/>
</kw>
<msg timestamp="20211102 21:25:05.524" level="INFO">${config_json} = {'base_url': 'https://testessigsaude.imd.ufrn.br/sigsaude', 'navegador': 'chromium'}</msg>
<status status="PASS" starttime="20211102 21:25:05.511" endtime="20211102 21:25:05.524"/>
</kw>
<kw name="Go To" library="Browser">
<arg>${config_json["base_url"]}${telas_json["${page}"]}</arg>
<tag>BrowserControl</tag>
<tag>Setter</tag>
<doc>Navigates to the given ``url``.</doc>
<msg timestamp="20211102 21:25:07.651" level="INFO">Succesfully opened URL https://testessigsaude.imd.ufrn.br/sigsaude/agenda/</msg>
<status status="PASS" starttime="20211102 21:25:05.525" endtime="20211102 21:25:07.651"/>
</kw>
<status status="PASS" starttime="20211102 21:25:05.495" endtime="20211102 21:25:07.654"/>
</kw>
<status status="PASS" starttime="20211102 21:25:05.493" endtime="20211102 21:25:07.655"/>
</kw>
<status status="PASS" starttime="20211102 21:25:05.491" endtime="20211102 21:25:07.656"/>
</kw>
<status status="PASS" starttime="20211102 21:25:05.489" endtime="20211102 21:25:07.657"/>
</kw>
<kw name="E" library="bdd">
<arg>informar o campo "Data da listagem" com o "01112021"</arg>
<kw name="Run Keyword" library="BuiltIn">
<arg>@{Keywords}</arg>
<doc>Executes the given keyword with the given arguments.</doc>
<kw name="informar o campo &quot;Data da listagem&quot; com o &quot;01112021&quot;" library="keywords_atendimento" sourcename="informar o campo &quot;${campo}&quot; com o &quot;${valor}&quot;">
<kw name="Get JSON" library="base">
<var>${elementos_aten_json}</var>
<arg>elementos_aten.json</arg>
<kw name="Get File" library="OperatingSystem">
<var>${file}</var>
<arg>${EXECDIR}/Files/${file_name}</arg>
<doc>Returns the contents of a specified file.</doc>
<msg timestamp="20211102 21:25:07.677" level="INFO" html="true">Getting file '&lt;a href="file:///home/m.calixta/Projeto sigsaúde/Files/elementos_aten.json"&gt;/home/m.calixta/Projeto sigsaúde/Files/elementos_aten.json&lt;/a&gt;'.</msg>
<msg timestamp="20211102 21:25:07.678" level="INFO">${file} = {
    "Data da listagem":"dataListagem",
    "Pesquisar":"button[class='btn btn-success']",
    "Atendimento":"a[class='atendimento btn-sigsaude btnCorAtendimento']",
    "Sim":"button[class='swal-but...</msg>
<status status="PASS" starttime="20211102 21:25:07.675" endtime="20211102 21:25:07.678"/>
</kw>
<kw name="Evaluate" library="BuiltIn">
<var>${super_var}</var>
<arg>json.loads($file)</arg>
<arg>json</arg>
<doc>Evaluates the given expression in Python and returns the result.</doc>
<msg timestamp="20211102 21:25:07.683" level="INFO">${super_var} = {'Data da listagem': 'dataListagem', 'Pesquisar': "button[class='btn btn-success']", 'Atendimento': "a[class='atendimento btn-sigsaude btnCorAtendimento']", 'Sim': "button[class='swal-button swal-butt...</msg>
<status status="PASS" starttime="20211102 21:25:07.680" endtime="20211102 21:25:07.683"/>
</kw>
<msg timestamp="20211102 21:25:07.687" level="INFO">${elementos_aten_json} = {'Data da listagem': 'dataListagem', 'Pesquisar': "button[class='btn btn-success']", 'Atendimento': "a[class='atendimento btn-sigsaude btnCorAtendimento']", 'Sim': "button[class='swal-button swal-butt...</msg>
<status status="PASS" starttime="20211102 21:25:07.672" endtime="20211102 21:25:07.688"/>
</kw>
<kw name="Type Text" library="Browser">
<arg>id=${elementos_aten_json["${campo}"]}</arg>
<arg>${valor}</arg>
<tag>PageContent</tag>
<tag>Setter</tag>
<doc>Types the given ``txt`` into the text field found by ``selector``.</doc>
<msg timestamp="20211102 21:25:07.696" level="INFO">Types the text '01112021' in the given field.</msg>
<status status="PASS" starttime="20211102 21:25:07.689" endtime="20211102 21:25:07.934"/>
</kw>
<status status="PASS" starttime="20211102 21:25:07.667" endtime="20211102 21:25:07.936"/>
</kw>
<status status="PASS" starttime="20211102 21:25:07.664" endtime="20211102 21:25:07.936"/>
</kw>
<status status="PASS" starttime="20211102 21:25:07.659" endtime="20211102 21:25:07.937"/>
</kw>
<kw name="Quando" library="bdd">
<arg>pressionar o botão "Pesquisar"</arg>
<kw name="Run Keyword" library="BuiltIn">
<arg>@{Keywords}</arg>
<doc>Executes the given keyword with the given arguments.</doc>
<kw name="pressionar o botão &quot;Pesquisar&quot;" library="keywords_atendimento" sourcename="pressionar o botão &quot;${botão}&quot;">
<kw name="Get JSON" library="base">
<var>${elementos_aten_json}</var>
<arg>elementos_aten.json</arg>
<kw name="Get File" library="OperatingSystem">
<var>${file}</var>
<arg>${EXECDIR}/Files/${file_name}</arg>
<doc>Returns the contents of a specified file.</doc>
<msg timestamp="20211102 21:25:07.963" level="INFO" html="true">Getting file '&lt;a href="file:///home/m.calixta/Projeto sigsaúde/Files/elementos_aten.json"&gt;/home/m.calixta/Projeto sigsaúde/Files/elementos_aten.json&lt;/a&gt;'.</msg>
<msg timestamp="20211102 21:25:07.964" level="INFO">${file} = {
    "Data da listagem":"dataListagem",
    "Pesquisar":"button[class='btn btn-success']",
    "Atendimento":"a[class='atendimento btn-sigsaude btnCorAtendimento']",
    "Sim":"button[class='swal-but...</msg>
<status status="PASS" starttime="20211102 21:25:07.960" endtime="20211102 21:25:07.964"/>
</kw>
<kw name="Evaluate" library="BuiltIn">
<var>${super_var}</var>
<arg>json.loads($file)</arg>
<arg>json</arg>
<doc>Evaluates the given expression in Python and returns the result.</doc>
<msg timestamp="20211102 21:25:07.969" level="INFO">${super_var} = {'Data da listagem': 'dataListagem', 'Pesquisar': "button[class='btn btn-success']", 'Atendimento': "a[class='atendimento btn-sigsaude btnCorAtendimento']", 'Sim': "button[class='swal-button swal-butt...</msg>
<status status="PASS" starttime="20211102 21:25:07.966" endtime="20211102 21:25:07.969"/>
</kw>
<msg timestamp="20211102 21:25:07.971" level="INFO">${elementos_aten_json} = {'Data da listagem': 'dataListagem', 'Pesquisar': "button[class='btn btn-success']", 'Atendimento': "a[class='atendimento btn-sigsaude btnCorAtendimento']", 'Sim': "button[class='swal-button swal-butt...</msg>
<status status="PASS" starttime="20211102 21:25:07.957" endtime="20211102 21:25:07.971"/>
</kw>
<kw name="Click" library="Browser">
<arg>css=${elementos_aten_json["${botão}"]}</arg>
<tag>PageContent</tag>
<tag>Setter</tag>
<doc>Simulates mouse click on the element found by ``selector``.</doc>
<status status="PASS" starttime="20211102 21:25:07.972" endtime="20211102 21:25:08.063"/>
</kw>
<status status="PASS" starttime="20211102 21:25:07.953" endtime="20211102 21:25:08.064"/>
</kw>
<status status="PASS" starttime="20211102 21:25:07.950" endtime="20211102 21:25:08.064"/>
</kw>
<status status="PASS" starttime="20211102 21:25:07.946" endtime="20211102 21:25:08.065"/>
</kw>
<kw name="Então" library="bdd">
<arg>iniciar atendimento</arg>
<kw name="Run Keyword" library="BuiltIn">
<arg>@{Keywords}</arg>
<doc>Executes the given keyword with the given arguments.</doc>
<kw name="iniciar atendimento" library="keywords_atendimento">
<kw name="Get JSON" library="base">
<var>${elementos_aten_json}</var>
<arg>elementos_aten.json</arg>
<kw name="Get File" library="OperatingSystem">
<var>${file}</var>
<arg>${EXECDIR}/Files/${file_name}</arg>
<doc>Returns the contents of a specified file.</doc>
<msg timestamp="20211102 21:25:08.081" level="INFO" html="true">Getting file '&lt;a href="file:///home/m.calixta/Projeto sigsaúde/Files/elementos_aten.json"&gt;/home/m.calixta/Projeto sigsaúde/Files/elementos_aten.json&lt;/a&gt;'.</msg>
<msg timestamp="20211102 21:25:08.083" level="INFO">${file} = {
    "Data da listagem":"dataListagem",
    "Pesquisar":"button[class='btn btn-success']",
    "Atendimento":"a[class='atendimento btn-sigsaude btnCorAtendimento']",
    "Sim":"button[class='swal-but...</msg>
<status status="PASS" starttime="20211102 21:25:08.079" endtime="20211102 21:25:08.084"/>
</kw>
<kw name="Evaluate" library="BuiltIn">
<var>${super_var}</var>
<arg>json.loads($file)</arg>
<arg>json</arg>
<doc>Evaluates the given expression in Python and returns the result.</doc>
<msg timestamp="20211102 21:25:08.088" level="INFO">${super_var} = {'Data da listagem': 'dataListagem', 'Pesquisar': "button[class='btn btn-success']", 'Atendimento': "a[class='atendimento btn-sigsaude btnCorAtendimento']", 'Sim': "button[class='swal-button swal-butt...</msg>
<status status="PASS" starttime="20211102 21:25:08.085" endtime="20211102 21:25:08.088"/>
</kw>
<msg timestamp="20211102 21:25:08.090" level="INFO">${elementos_aten_json} = {'Data da listagem': 'dataListagem', 'Pesquisar': "button[class='btn btn-success']", 'Atendimento': "a[class='atendimento btn-sigsaude btnCorAtendimento']", 'Sim': "button[class='swal-button swal-butt...</msg>
<status status="PASS" starttime="20211102 21:25:08.076" endtime="20211102 21:25:08.090"/>
</kw>
<kw name="Click" library="Browser">
<arg>css=${elementos_aten_json["Atendimento"]}</arg>
<tag>PageContent</tag>
<tag>Setter</tag>
<doc>Simulates mouse click on the element found by ``selector``.</doc>
<status status="PASS" starttime="20211102 21:25:08.091" endtime="20211102 21:25:08.550"/>
</kw>
<kw name="Wait For Elements State" library="Browser">
<arg>css=${elementos_aten_json["Tela de aviso"]}</arg>
<arg>visible</arg>
<arg>6s</arg>
<tag>PageContent</tag>
<tag>Wait</tag>
<doc>Waits for the element found by ``selector`` to satisfy state option.</doc>
<msg timestamp="20211102 21:25:08.667" level="INFO">Wait for Element with selector: css=.swal-modal</msg>
<status status="PASS" starttime="20211102 21:25:08.552" endtime="20211102 21:25:08.669"/>
</kw>
<kw name="Click" library="Browser">
<arg>css=${elementos_aten_json["Sim"]}</arg>
<tag>PageContent</tag>
<tag>Setter</tag>
<doc>Simulates mouse click on the element found by ``selector``.</doc>
<status status="PASS" starttime="20211102 21:25:08.671" endtime="20211102 21:25:09.985"/>
</kw>
<status status="PASS" starttime="20211102 21:25:08.073" endtime="20211102 21:25:09.986"/>
</kw>
<status status="PASS" starttime="20211102 21:25:08.071" endtime="20211102 21:25:09.986"/>
</kw>
<status status="PASS" starttime="20211102 21:25:08.067" endtime="20211102 21:25:09.988"/>
</kw>
<kw name="E" library="bdd">
<arg>informar dados da conduta terapêutica</arg>
<kw name="Run Keyword" library="BuiltIn">
<arg>@{Keywords}</arg>
<doc>Executes the given keyword with the given arguments.</doc>
<kw name="informar dados da conduta terapêutica" library="keywords_atendimento">
<kw name="Get JSON" library="base">
<var>${elementos_aten_json}</var>
<arg>elementos_aten.json</arg>
<kw name="Get File" library="OperatingSystem">
<var>${file}</var>
<arg>${EXECDIR}/Files/${file_name}</arg>
<doc>Returns the contents of a specified file.</doc>
<msg timestamp="20211102 21:25:10.007" level="INFO" html="true">Getting file '&lt;a href="file:///home/m.calixta/Projeto sigsaúde/Files/elementos_aten.json"&gt;/home/m.calixta/Projeto sigsaúde/Files/elementos_aten.json&lt;/a&gt;'.</msg>
<msg timestamp="20211102 21:25:10.008" level="INFO">${file} = {
    "Data da listagem":"dataListagem",
    "Pesquisar":"button[class='btn btn-success']",
    "Atendimento":"a[class='atendimento btn-sigsaude btnCorAtendimento']",
    "Sim":"button[class='swal-but...</msg>
<status status="PASS" starttime="20211102 21:25:10.005" endtime="20211102 21:25:10.008"/>
</kw>
<kw name="Evaluate" library="BuiltIn">
<var>${super_var}</var>
<arg>json.loads($file)</arg>
<arg>json</arg>
<doc>Evaluates the given expression in Python and returns the result.</doc>
<msg timestamp="20211102 21:25:10.012" level="INFO">${super_var} = {'Data da listagem': 'dataListagem', 'Pesquisar': "button[class='btn btn-success']", 'Atendimento': "a[class='atendimento btn-sigsaude btnCorAtendimento']", 'Sim': "button[class='swal-button swal-butt...</msg>
<status status="PASS" starttime="20211102 21:25:10.010" endtime="20211102 21:25:10.012"/>
</kw>
<msg timestamp="20211102 21:25:10.014" level="INFO">${elementos_aten_json} = {'Data da listagem': 'dataListagem', 'Pesquisar': "button[class='btn btn-success']", 'Atendimento': "a[class='atendimento btn-sigsaude btnCorAtendimento']", 'Sim': "button[class='swal-button swal-butt...</msg>
<status status="PASS" starttime="20211102 21:25:10.002" endtime="20211102 21:25:10.015"/>
</kw>
<kw name="Click" library="Browser">
<arg>id=${elementos_aten_json["Conduta terapêutica"]}</arg>
<tag>PageContent</tag>
<tag>Setter</tag>
<doc>Simulates mouse click on the element found by ``selector``.</doc>
<status status="PASS" starttime="20211102 21:25:10.017" endtime="20211102 21:25:13.099"/>
</kw>
<kw name="Type Text" library="Browser">
<arg>id=${elementos_aten_json["Decrição"]}</arg>
<arg>Teste automatizado</arg>
<tag>PageContent</tag>
<tag>Setter</tag>
<doc>Types the given ``txt`` into the text field found by ``selector``.</doc>
<msg timestamp="20211102 21:25:13.103" level="INFO">Types the text 'Teste automatizado' in the given field.</msg>
<status status="PASS" starttime="20211102 21:25:13.100" endtime="20211102 21:25:13.222"/>
</kw>
<kw name="Click" library="Browser">
<arg>xpath=//*[@id="multistepFormCt"]/div[2]/div[1]/div[2]/div[2]/div[1]/div/a[1]</arg>
<tag>PageContent</tag>
<tag>Setter</tag>
<doc>Simulates mouse click on the element found by ``selector``.</doc>
<status status="PASS" starttime="20211102 21:25:13.223" endtime="20211102 21:25:13.333"/>
</kw>
<status status="PASS" starttime="20211102 21:25:09.997" endtime="20211102 21:25:13.334"/>
</kw>
<status status="PASS" starttime="20211102 21:25:09.994" endtime="20211102 21:25:13.334"/>
</kw>
<status status="PASS" starttime="20211102 21:25:09.990" endtime="20211102 21:25:13.334"/>
</kw>
<kw name="Sleep" library="BuiltIn">
<arg>10s</arg>
<doc>Pauses the test executed for the given time.</doc>
<msg timestamp="20211102 21:25:23.337" level="INFO">Slept 10 seconds</msg>
<status status="PASS" starttime="20211102 21:25:13.335" endtime="20211102 21:25:23.338"/>
</kw>
<status status="PASS" starttime="20211102 21:25:05.471" endtime="20211102 21:25:23.341"/>
</test>
<doc>Teste Agendamento</doc>
<status status="PASS" starttime="20211102 21:24:58.362" endtime="20211102 21:25:23.368"/>
</suite>
<statistics>
<total>
<stat pass="1" fail="0" skip="0">All Tests</stat>
</total>
<tag>
</tag>
<suite>
<stat pass="1" fail="0" skip="0" id="s1" name="5 - Atendimento endocrinologia">5 - Atendimento endocrinologia</stat>
</suite>
</statistics>
<errors>
</errors>
</robot>
