<?xml version="1.0" encoding="UTF-8"?>
<robot generator="Robot 4.0.3 (Python 3.8.10 on linux)" generated="20211103 00:10:12.024" rpa="false" schemaversion="2">
<suite id="s1" name="5 - Atendimento endocrinologia" source="/home/m.calixta/Projeto sigsaúde/Tests/5 - Atendimento endocrinologia.robot">
<kw name="iniciar navegador sessão &quot;Endocrinologia&quot;" library="base" type="SETUP" sourcename="iniciar navegador sessão &quot;${login_usuario}&quot;">
<kw name="iniciar Navegador" library="base">
<kw name="Get JSON" library="base">
<var>${config_json}</var>
<arg>config.json</arg>
<kw name="Get File" library="OperatingSystem">
<var>${file}</var>
<arg>${EXECDIR}/Files/${file_name}</arg>
<doc>Returns the contents of a specified file.</doc>
<msg timestamp="20211103 00:10:13.593" level="INFO" html="true">Getting file '&lt;a href="file:///home/m.calixta/Projeto sigsaúde/Files/config.json"&gt;/home/m.calixta/Projeto sigsaúde/Files/config.json&lt;/a&gt;'.</msg>
<msg timestamp="20211103 00:10:13.594" level="INFO">${file} = {
    "base_url":"https://testessigsaude.imd.ufrn.br/sigsaude",
    "navegador":"chromium"
}</msg>
<status status="PASS" starttime="20211103 00:10:13.592" endtime="20211103 00:10:13.594"/>
</kw>
<kw name="Evaluate" library="BuiltIn">
<var>${super_var}</var>
<arg>json.loads($file)</arg>
<arg>json</arg>
<doc>Evaluates the given expression in Python and returns the result.</doc>
<msg timestamp="20211103 00:10:13.608" level="INFO">${super_var} = {'base_url': 'https://testessigsaude.imd.ufrn.br/sigsaude', 'navegador': 'chromium'}</msg>
<status status="PASS" starttime="20211103 00:10:13.595" endtime="20211103 00:10:13.608"/>
</kw>
<msg timestamp="20211103 00:10:13.609" level="INFO">${config_json} = {'base_url': 'https://testessigsaude.imd.ufrn.br/sigsaude', 'navegador': 'chromium'}</msg>
<status status="PASS" starttime="20211103 00:10:13.591" endtime="20211103 00:10:13.609"/>
</kw>
<kw name="New Browser" library="Browser">
<arg>${config_json["navegador"]}</arg>
<arg>False</arg>
<tag>BrowserControl</tag>
<tag>Setter</tag>
<doc>Create a new playwright Browser with specified options.
See `Browser, Context and Page` for more information about Browser and related concepts.</doc>
<msg timestamp="20211103 00:10:13.613" level="INFO">{"browser": "chromium", "headless": false, "handleSIGINT": true, "handleSIGTERM": true, "handleSIGHUP": true, "timeout": 30000.0, "devtools": false, "slowMo": 0.0}</msg>
<msg timestamp="20211103 00:10:13.895" level="INFO">Successfully created browser with options: {"browser":"chromium","headless":false,"handleSIGINT":true,"handleSIGTERM":true,"handleSIGHUP":true,"timeout":30000,"devtools":false,"slowMo":0}</msg>
<status status="PASS" starttime="20211103 00:10:13.610" endtime="20211103 00:10:13.895"/>
</kw>
<status status="PASS" starttime="20211103 00:10:13.590" endtime="20211103 00:10:13.896"/>
</kw>
<kw name="Get JSON" library="base">
<var>${config_json}</var>
<arg>config.json</arg>
<kw name="Get File" library="OperatingSystem">
<var>${file}</var>
<arg>${EXECDIR}/Files/${file_name}</arg>
<doc>Returns the contents of a specified file.</doc>
<msg timestamp="20211103 00:10:13.899" level="INFO" html="true">Getting file '&lt;a href="file:///home/m.calixta/Projeto sigsaúde/Files/config.json"&gt;/home/m.calixta/Projeto sigsaúde/Files/config.json&lt;/a&gt;'.</msg>
<msg timestamp="20211103 00:10:13.900" level="INFO">${file} = {
    "base_url":"https://testessigsaude.imd.ufrn.br/sigsaude",
    "navegador":"chromium"
}</msg>
<status status="PASS" starttime="20211103 00:10:13.898" endtime="20211103 00:10:13.900"/>
</kw>
<kw name="Evaluate" library="BuiltIn">
<var>${super_var}</var>
<arg>json.loads($file)</arg>
<arg>json</arg>
<doc>Evaluates the given expression in Python and returns the result.</doc>
<msg timestamp="20211103 00:10:13.902" level="INFO">${super_var} = {'base_url': 'https://testessigsaude.imd.ufrn.br/sigsaude', 'navegador': 'chromium'}</msg>
<status status="PASS" starttime="20211103 00:10:13.901" endtime="20211103 00:10:13.902"/>
</kw>
<msg timestamp="20211103 00:10:13.904" level="INFO">${config_json} = {'base_url': 'https://testessigsaude.imd.ufrn.br/sigsaude', 'navegador': 'chromium'}</msg>
<status status="PASS" starttime="20211103 00:10:13.897" endtime="20211103 00:10:13.904"/>
</kw>
<kw name="New Page" library="Browser">
<arg>${config_json["base_url"]}</arg>
<tag>BrowserControl</tag>
<tag>Setter</tag>
<doc>Open a new Page. A Page is the Playwright equivalent to a tab.
See `Browser, Context and Page` for more information about Page concept.
Returns a stable identifier for the created page.</doc>
<msg timestamp="20211103 00:10:17.169" level="INFO">Successfully initialized new page object and opened url: https://testessigsaude.imd.ufrn.br/sigsaude</msg>
<msg timestamp="20211103 00:10:17.170" level="INFO">No context was open. New context was automatically opened when this page is created.</msg>
<status status="PASS" starttime="20211103 00:10:13.905" endtime="20211103 00:10:17.172"/>
</kw>
<kw name="Direcionamento da tela &quot;login&quot;" library="nav" sourcename="Direcionamento da tela &quot;${page}&quot;">
<kw name="Get JSON" library="base">
<var>${telas_json}</var>
<arg>telas.json</arg>
<kw name="Get File" library="OperatingSystem">
<var>${file}</var>
<arg>${EXECDIR}/Files/${file_name}</arg>
<doc>Returns the contents of a specified file.</doc>
<msg timestamp="20211103 00:10:17.192" level="INFO" html="true">Getting file '&lt;a href="file:///home/m.calixta/Projeto sigsaúde/Files/telas.json"&gt;/home/m.calixta/Projeto sigsaúde/Files/telas.json&lt;/a&gt;'.</msg>
<msg timestamp="20211103 00:10:17.194" level="INFO">${file} = {
    "login":"/login",
    "novo usuario de serviço":"/paciente/cadastro",
    "listar usuarios de serviço":"/paciente",
    "cadastro de colaborador":"/colaborador/form",
    "agendamento":"/agendam...</msg>
<status status="PASS" starttime="20211103 00:10:17.188" endtime="20211103 00:10:17.194"/>
</kw>
<kw name="Evaluate" library="BuiltIn">
<var>${super_var}</var>
<arg>json.loads($file)</arg>
<arg>json</arg>
<doc>Evaluates the given expression in Python and returns the result.</doc>
<msg timestamp="20211103 00:10:17.204" level="INFO">${super_var} = {'login': '/login', 'novo usuario de serviço': '/paciente/cadastro', 'listar usuarios de serviço': '/paciente', 'cadastro de colaborador': '/colaborador/form', 'agendamento': '/agendamento', 'listar c...</msg>
<status status="PASS" starttime="20211103 00:10:17.197" endtime="20211103 00:10:17.204"/>
</kw>
<msg timestamp="20211103 00:10:17.207" level="INFO">${telas_json} = {'login': '/login', 'novo usuario de serviço': '/paciente/cadastro', 'listar usuarios de serviço': '/paciente', 'cadastro de colaborador': '/colaborador/form', 'agendamento': '/agendamento', 'listar c...</msg>
<status status="PASS" starttime="20211103 00:10:17.182" endtime="20211103 00:10:17.208"/>
</kw>
<kw name="Get JSON" library="base">
<var>${config_json}</var>
<arg>config.json</arg>
<kw name="Get File" library="OperatingSystem">
<var>${file}</var>
<arg>${EXECDIR}/Files/${file_name}</arg>
<doc>Returns the contents of a specified file.</doc>
<msg timestamp="20211103 00:10:17.221" level="INFO" html="true">Getting file '&lt;a href="file:///home/m.calixta/Projeto sigsaúde/Files/config.json"&gt;/home/m.calixta/Projeto sigsaúde/Files/config.json&lt;/a&gt;'.</msg>
<msg timestamp="20211103 00:10:17.224" level="INFO">${file} = {
    "base_url":"https://testessigsaude.imd.ufrn.br/sigsaude",
    "navegador":"chromium"
}</msg>
<status status="PASS" starttime="20211103 00:10:17.215" endtime="20211103 00:10:17.225"/>
</kw>
<kw name="Evaluate" library="BuiltIn">
<var>${super_var}</var>
<arg>json.loads($file)</arg>
<arg>json</arg>
<doc>Evaluates the given expression in Python and returns the result.</doc>
<msg timestamp="20211103 00:10:17.233" level="INFO">${super_var} = {'base_url': 'https://testessigsaude.imd.ufrn.br/sigsaude', 'navegador': 'chromium'}</msg>
<status status="PASS" starttime="20211103 00:10:17.229" endtime="20211103 00:10:17.234"/>
</kw>
<msg timestamp="20211103 00:10:17.237" level="INFO">${config_json} = {'base_url': 'https://testessigsaude.imd.ufrn.br/sigsaude', 'navegador': 'chromium'}</msg>
<status status="PASS" starttime="20211103 00:10:17.210" endtime="20211103 00:10:17.237"/>
</kw>
<kw name="Go To" library="Browser">
<arg>${config_json["base_url"]}${telas_json["${page}"]}</arg>
<tag>BrowserControl</tag>
<tag>Setter</tag>
<doc>Navigates to the given ``url``.</doc>
<msg timestamp="20211103 00:10:18.292" level="INFO">Succesfully opened URL https://testessigsaude.imd.ufrn.br/sigsaude/login</msg>
<status status="PASS" starttime="20211103 00:10:17.239" endtime="20211103 00:10:18.293"/>
</kw>
<status status="PASS" starttime="20211103 00:10:17.175" endtime="20211103 00:10:18.295"/>
</kw>
<kw name="Get JSON" library="base">
<var>${login_json}</var>
<arg>login.json</arg>
<kw name="Get File" library="OperatingSystem">
<var>${file}</var>
<arg>${EXECDIR}/Files/${file_name}</arg>
<doc>Returns the contents of a specified file.</doc>
<msg timestamp="20211103 00:10:18.311" level="INFO" html="true">Getting file '&lt;a href="file:///home/m.calixta/Projeto sigsaúde/Files/login.json"&gt;/home/m.calixta/Projeto sigsaúde/Files/login.json&lt;/a&gt;'.</msg>
<msg timestamp="20211103 00:10:18.312" level="INFO">${file} = {

    "Psicologia":{
        "login": "drpsicologia",
        "senha": 85278120029
    },

    "Endocrinologia":{
        "login": "drendocrinologia",
        "senha": 98841863323
    }
}</msg>
<status status="PASS" starttime="20211103 00:10:18.305" endtime="20211103 00:10:18.313"/>
</kw>
<kw name="Evaluate" library="BuiltIn">
<var>${super_var}</var>
<arg>json.loads($file)</arg>
<arg>json</arg>
<doc>Evaluates the given expression in Python and returns the result.</doc>
<msg timestamp="20211103 00:10:18.323" level="INFO">${super_var} = {'Psicologia': {'login': 'drpsicologia', 'senha': 85278120029}, 'Endocrinologia': {'login': 'drendocrinologia', 'senha': 98841863323}}</msg>
<status status="PASS" starttime="20211103 00:10:18.316" endtime="20211103 00:10:18.323"/>
</kw>
<msg timestamp="20211103 00:10:18.326" level="INFO">${login_json} = {'Psicologia': {'login': 'drpsicologia', 'senha': 85278120029}, 'Endocrinologia': {'login': 'drendocrinologia', 'senha': 98841863323}}</msg>
<status status="PASS" starttime="20211103 00:10:18.297" endtime="20211103 00:10:18.326"/>
</kw>
<kw name="Fill Text" library="Browser">
<arg>id=login-username</arg>
<arg>${login_json["${login_usuario}"]["login"]}</arg>
<tag>PageContent</tag>
<tag>Setter</tag>
<doc>Clears and fills the given ``text`` into the text field found by ``selector``.</doc>
<msg timestamp="20211103 00:10:18.334" level="INFO">Fills the text 'drendocrinologia' in the given field.</msg>
<status status="PASS" starttime="20211103 00:10:18.328" endtime="20211103 00:10:18.378"/>
</kw>
<kw name="Fill Text" library="Browser">
<arg>id=login-password</arg>
<arg>${login_json["${login_usuario}"]["senha"]}</arg>
<tag>PageContent</tag>
<tag>Setter</tag>
<doc>Clears and fills the given ``text`` into the text field found by ``selector``.</doc>
<msg timestamp="20211103 00:10:18.382" level="INFO">Fills the text '98841863323' in the given field.</msg>
<status status="PASS" starttime="20211103 00:10:18.379" endtime="20211103 00:10:18.405"/>
</kw>
<kw name="Click" library="Browser">
<arg>css=[value='Entrar']</arg>
<tag>PageContent</tag>
<tag>Setter</tag>
<doc>Simulates mouse click on the element found by ``selector``.</doc>
<status status="PASS" starttime="20211103 00:10:18.406" endtime="20211103 00:10:19.208"/>
</kw>
<status status="PASS" starttime="20211103 00:10:13.588" endtime="20211103 00:10:19.209"/>
</kw>
<test id="s1-t1" name="[001] - Realizar atendimento (Completo)">
<kw name="Dado" library="bdd">
<arg>que o usuario está na tela "atendimento"</arg>
<kw name="Run Keyword" library="BuiltIn">
<arg>@{Keywords}</arg>
<doc>Executes the given keyword with the given arguments.</doc>
<kw name="que o usuario está na tela &quot;atendimento&quot;" library="nav" sourcename="que o usuario está na tela &quot;${tela}&quot;">
<kw name="Direcionamento da tela &quot;${tela}&quot;" library="nav" sourcename="Direcionamento da tela &quot;${page}&quot;">
<kw name="Get JSON" library="base">
<var>${telas_json}</var>
<arg>telas.json</arg>
<kw name="Get File" library="OperatingSystem">
<var>${file}</var>
<arg>${EXECDIR}/Files/${file_name}</arg>
<doc>Returns the contents of a specified file.</doc>
<msg timestamp="20211103 00:10:19.248" level="INFO" html="true">Getting file '&lt;a href="file:///home/m.calixta/Projeto sigsaúde/Files/telas.json"&gt;/home/m.calixta/Projeto sigsaúde/Files/telas.json&lt;/a&gt;'.</msg>
<msg timestamp="20211103 00:10:19.249" level="INFO">${file} = {
    "login":"/login",
    "novo usuario de serviço":"/paciente/cadastro",
    "listar usuarios de serviço":"/paciente",
    "cadastro de colaborador":"/colaborador/form",
    "agendamento":"/agendam...</msg>
<status status="PASS" starttime="20211103 00:10:19.247" endtime="20211103 00:10:19.249"/>
</kw>
<kw name="Evaluate" library="BuiltIn">
<var>${super_var}</var>
<arg>json.loads($file)</arg>
<arg>json</arg>
<doc>Evaluates the given expression in Python and returns the result.</doc>
<msg timestamp="20211103 00:10:19.253" level="INFO">${super_var} = {'login': '/login', 'novo usuario de serviço': '/paciente/cadastro', 'listar usuarios de serviço': '/paciente', 'cadastro de colaborador': '/colaborador/form', 'agendamento': '/agendamento', 'listar c...</msg>
<status status="PASS" starttime="20211103 00:10:19.250" endtime="20211103 00:10:19.253"/>
</kw>
<msg timestamp="20211103 00:10:19.255" level="INFO">${telas_json} = {'login': '/login', 'novo usuario de serviço': '/paciente/cadastro', 'listar usuarios de serviço': '/paciente', 'cadastro de colaborador': '/colaborador/form', 'agendamento': '/agendamento', 'listar c...</msg>
<status status="PASS" starttime="20211103 00:10:19.244" endtime="20211103 00:10:19.255"/>
</kw>
<kw name="Get JSON" library="base">
<var>${config_json}</var>
<arg>config.json</arg>
<kw name="Get File" library="OperatingSystem">
<var>${file}</var>
<arg>${EXECDIR}/Files/${file_name}</arg>
<doc>Returns the contents of a specified file.</doc>
<msg timestamp="20211103 00:10:19.261" level="INFO" html="true">Getting file '&lt;a href="file:///home/m.calixta/Projeto sigsaúde/Files/config.json"&gt;/home/m.calixta/Projeto sigsaúde/Files/config.json&lt;/a&gt;'.</msg>
<msg timestamp="20211103 00:10:19.262" level="INFO">${file} = {
    "base_url":"https://testessigsaude.imd.ufrn.br/sigsaude",
    "navegador":"chromium"
}</msg>
<status status="PASS" starttime="20211103 00:10:19.259" endtime="20211103 00:10:19.263"/>
</kw>
<kw name="Evaluate" library="BuiltIn">
<var>${super_var}</var>
<arg>json.loads($file)</arg>
<arg>json</arg>
<doc>Evaluates the given expression in Python and returns the result.</doc>
<msg timestamp="20211103 00:10:19.267" level="INFO">${super_var} = {'base_url': 'https://testessigsaude.imd.ufrn.br/sigsaude', 'navegador': 'chromium'}</msg>
<status status="PASS" starttime="20211103 00:10:19.264" endtime="20211103 00:10:19.268"/>
</kw>
<msg timestamp="20211103 00:10:19.271" level="INFO">${config_json} = {'base_url': 'https://testessigsaude.imd.ufrn.br/sigsaude', 'navegador': 'chromium'}</msg>
<status status="PASS" starttime="20211103 00:10:19.256" endtime="20211103 00:10:19.272"/>
</kw>
<kw name="Go To" library="Browser">
<arg>${config_json["base_url"]}${telas_json["${page}"]}</arg>
<tag>BrowserControl</tag>
<tag>Setter</tag>
<doc>Navigates to the given ``url``.</doc>
<msg timestamp="20211103 00:10:21.964" level="INFO">Succesfully opened URL https://testessigsaude.imd.ufrn.br/sigsaude/agenda/</msg>
<status status="PASS" starttime="20211103 00:10:19.274" endtime="20211103 00:10:21.964"/>
</kw>
<status status="PASS" starttime="20211103 00:10:19.242" endtime="20211103 00:10:21.965"/>
</kw>
<status status="PASS" starttime="20211103 00:10:19.239" endtime="20211103 00:10:21.966"/>
</kw>
<status status="PASS" starttime="20211103 00:10:19.236" endtime="20211103 00:10:21.966"/>
</kw>
<status status="PASS" starttime="20211103 00:10:19.232" endtime="20211103 00:10:21.967"/>
</kw>
<kw name="E" library="bdd">
<arg>informar o campo "Data da listagem" com o "01112021"</arg>
<kw name="Run Keyword" library="BuiltIn">
<arg>@{Keywords}</arg>
<doc>Executes the given keyword with the given arguments.</doc>
<kw name="informar o campo &quot;Data da listagem&quot; com o &quot;01112021&quot;" library="keywords_atendimento" sourcename="informar o campo &quot;${campo}&quot; com o &quot;${valor}&quot;">
<kw name="Get JSON" library="base">
<var>${elementos_aten_json}</var>
<arg>elementos_aten.json</arg>
<kw name="Get File" library="OperatingSystem">
<var>${file}</var>
<arg>${EXECDIR}/Files/${file_name}</arg>
<doc>Returns the contents of a specified file.</doc>
<msg timestamp="20211103 00:10:21.980" level="INFO" html="true">Getting file '&lt;a href="file:///home/m.calixta/Projeto sigsaúde/Files/elementos_aten.json"&gt;/home/m.calixta/Projeto sigsaúde/Files/elementos_aten.json&lt;/a&gt;'.</msg>
<msg timestamp="20211103 00:10:21.980" level="INFO">${file} = {
    "Data da listagem":"dataListagem",
    "Pesquisar":"button[class='btn btn-success']",
    "Atendimento":"a[class='atendimento btn-sigsaude btnCorAtendimento']",
    "Sim":"button[class='swal-but...</msg>
<status status="PASS" starttime="20211103 00:10:21.978" endtime="20211103 00:10:21.981"/>
</kw>
<kw name="Evaluate" library="BuiltIn">
<var>${super_var}</var>
<arg>json.loads($file)</arg>
<arg>json</arg>
<doc>Evaluates the given expression in Python and returns the result.</doc>
<msg timestamp="20211103 00:10:21.982" level="INFO">${super_var} = {'Data da listagem': 'dataListagem', 'Pesquisar': "button[class='btn btn-success']", 'Atendimento': "a[class='atendimento btn-sigsaude btnCorAtendimento']", 'Sim': "button[class='swal-button swal-butt...</msg>
<status status="PASS" starttime="20211103 00:10:21.981" endtime="20211103 00:10:21.982"/>
</kw>
<msg timestamp="20211103 00:10:21.983" level="INFO">${elementos_aten_json} = {'Data da listagem': 'dataListagem', 'Pesquisar': "button[class='btn btn-success']", 'Atendimento': "a[class='atendimento btn-sigsaude btnCorAtendimento']", 'Sim': "button[class='swal-button swal-butt...</msg>
<status status="PASS" starttime="20211103 00:10:21.976" endtime="20211103 00:10:21.983"/>
</kw>
<kw name="Type Text" library="Browser">
<arg>id=${elementos_aten_json["${campo}"]}</arg>
<arg>${valor}</arg>
<tag>PageContent</tag>
<tag>Setter</tag>
<doc>Types the given ``txt`` into the text field found by ``selector``.</doc>
<msg timestamp="20211103 00:10:21.991" level="INFO">Types the text '01112021' in the given field.</msg>
<status status="PASS" starttime="20211103 00:10:21.984" endtime="20211103 00:10:22.208"/>
</kw>
<status status="PASS" starttime="20211103 00:10:21.975" endtime="20211103 00:10:22.209"/>
</kw>
<status status="PASS" starttime="20211103 00:10:21.973" endtime="20211103 00:10:22.209"/>
</kw>
<status status="PASS" starttime="20211103 00:10:21.969" endtime="20211103 00:10:22.210"/>
</kw>
<kw name="Quando" library="bdd">
<arg>pressionar o botão "Pesquisar"</arg>
<kw name="Run Keyword" library="BuiltIn">
<arg>@{Keywords}</arg>
<doc>Executes the given keyword with the given arguments.</doc>
<kw name="pressionar o botão &quot;Pesquisar&quot;" library="keywords_atendimento" sourcename="pressionar o botão &quot;${botão}&quot;">
<kw name="Get JSON" library="base">
<var>${elementos_aten_json}</var>
<arg>elementos_aten.json</arg>
<kw name="Get File" library="OperatingSystem">
<var>${file}</var>
<arg>${EXECDIR}/Files/${file_name}</arg>
<doc>Returns the contents of a specified file.</doc>
<msg timestamp="20211103 00:10:22.227" level="INFO" html="true">Getting file '&lt;a href="file:///home/m.calixta/Projeto sigsaúde/Files/elementos_aten.json"&gt;/home/m.calixta/Projeto sigsaúde/Files/elementos_aten.json&lt;/a&gt;'.</msg>
<msg timestamp="20211103 00:10:22.228" level="INFO">${file} = {
    "Data da listagem":"dataListagem",
    "Pesquisar":"button[class='btn btn-success']",
    "Atendimento":"a[class='atendimento btn-sigsaude btnCorAtendimento']",
    "Sim":"button[class='swal-but...</msg>
<status status="PASS" starttime="20211103 00:10:22.224" endtime="20211103 00:10:22.228"/>
</kw>
<kw name="Evaluate" library="BuiltIn">
<var>${super_var}</var>
<arg>json.loads($file)</arg>
<arg>json</arg>
<doc>Evaluates the given expression in Python and returns the result.</doc>
<msg timestamp="20211103 00:10:22.232" level="INFO">${super_var} = {'Data da listagem': 'dataListagem', 'Pesquisar': "button[class='btn btn-success']", 'Atendimento': "a[class='atendimento btn-sigsaude btnCorAtendimento']", 'Sim': "button[class='swal-button swal-butt...</msg>
<status status="PASS" starttime="20211103 00:10:22.229" endtime="20211103 00:10:22.232"/>
</kw>
<msg timestamp="20211103 00:10:22.233" level="INFO">${elementos_aten_json} = {'Data da listagem': 'dataListagem', 'Pesquisar': "button[class='btn btn-success']", 'Atendimento': "a[class='atendimento btn-sigsaude btnCorAtendimento']", 'Sim': "button[class='swal-button swal-butt...</msg>
<status status="PASS" starttime="20211103 00:10:22.220" endtime="20211103 00:10:22.234"/>
</kw>
<kw name="Click" library="Browser">
<arg>css=${elementos_aten_json["${botão}"]}</arg>
<tag>PageContent</tag>
<tag>Setter</tag>
<doc>Simulates mouse click on the element found by ``selector``.</doc>
<status status="PASS" starttime="20211103 00:10:22.235" endtime="20211103 00:10:22.308"/>
</kw>
<status status="PASS" starttime="20211103 00:10:22.216" endtime="20211103 00:10:22.308"/>
</kw>
<status status="PASS" starttime="20211103 00:10:22.213" endtime="20211103 00:10:22.309"/>
</kw>
<status status="PASS" starttime="20211103 00:10:22.211" endtime="20211103 00:10:22.309"/>
</kw>
<kw name="Então" library="bdd">
<arg>iniciar atendimento</arg>
<kw name="Run Keyword" library="BuiltIn">
<arg>@{Keywords}</arg>
<doc>Executes the given keyword with the given arguments.</doc>
<kw name="iniciar atendimento" library="keywords_atendimento">
<kw name="Get JSON" library="base">
<var>${elementos_aten_json}</var>
<arg>elementos_aten.json</arg>
<kw name="Get File" library="OperatingSystem">
<var>${file}</var>
<arg>${EXECDIR}/Files/${file_name}</arg>
<doc>Returns the contents of a specified file.</doc>
<msg timestamp="20211103 00:10:22.321" level="INFO" html="true">Getting file '&lt;a href="file:///home/m.calixta/Projeto sigsaúde/Files/elementos_aten.json"&gt;/home/m.calixta/Projeto sigsaúde/Files/elementos_aten.json&lt;/a&gt;'.</msg>
<msg timestamp="20211103 00:10:22.321" level="INFO">${file} = {
    "Data da listagem":"dataListagem",
    "Pesquisar":"button[class='btn btn-success']",
    "Atendimento":"a[class='atendimento btn-sigsaude btnCorAtendimento']",
    "Sim":"button[class='swal-but...</msg>
<status status="PASS" starttime="20211103 00:10:22.318" endtime="20211103 00:10:22.321"/>
</kw>
<kw name="Evaluate" library="BuiltIn">
<var>${super_var}</var>
<arg>json.loads($file)</arg>
<arg>json</arg>
<doc>Evaluates the given expression in Python and returns the result.</doc>
<msg timestamp="20211103 00:10:22.325" level="INFO">${super_var} = {'Data da listagem': 'dataListagem', 'Pesquisar': "button[class='btn btn-success']", 'Atendimento': "a[class='atendimento btn-sigsaude btnCorAtendimento']", 'Sim': "button[class='swal-button swal-butt...</msg>
<status status="PASS" starttime="20211103 00:10:22.323" endtime="20211103 00:10:22.325"/>
</kw>
<msg timestamp="20211103 00:10:22.326" level="INFO">${elementos_aten_json} = {'Data da listagem': 'dataListagem', 'Pesquisar': "button[class='btn btn-success']", 'Atendimento': "a[class='atendimento btn-sigsaude btnCorAtendimento']", 'Sim': "button[class='swal-button swal-butt...</msg>
<status status="PASS" starttime="20211103 00:10:22.316" endtime="20211103 00:10:22.327"/>
</kw>
<kw name="Click" library="Browser">
<arg>css=${elementos_aten_json["Atendimento"]}</arg>
<tag>PageContent</tag>
<tag>Setter</tag>
<doc>Simulates mouse click on the element found by ``selector``.</doc>
<status status="PASS" starttime="20211103 00:10:22.328" endtime="20211103 00:10:22.958"/>
</kw>
<kw name="Wait For Elements State" library="Browser">
<arg>css=${elementos_aten_json["Tela de aviso"]}</arg>
<arg>visible</arg>
<arg>6s</arg>
<tag>PageContent</tag>
<tag>Wait</tag>
<doc>Waits for the element found by ``selector`` to satisfy state option.</doc>
<msg timestamp="20211103 00:10:23.051" level="INFO">Wait for Element with selector: css=.swal-modal</msg>
<status status="PASS" starttime="20211103 00:10:22.960" endtime="20211103 00:10:23.052"/>
</kw>
<kw name="Click" library="Browser">
<arg>css=${elementos_aten_json["Sim"]}</arg>
<tag>PageContent</tag>
<tag>Setter</tag>
<doc>Simulates mouse click on the element found by ``selector``.</doc>
<status status="PASS" starttime="20211103 00:10:23.055" endtime="20211103 00:10:24.473"/>
</kw>
<status status="PASS" starttime="20211103 00:10:22.314" endtime="20211103 00:10:24.475"/>
</kw>
<status status="PASS" starttime="20211103 00:10:22.312" endtime="20211103 00:10:24.475"/>
</kw>
<status status="PASS" starttime="20211103 00:10:22.310" endtime="20211103 00:10:24.477"/>
</kw>
<kw name="E" library="bdd">
<arg>informar dados da conduta terapêutica</arg>
<kw name="Run Keyword" library="BuiltIn">
<arg>@{Keywords}</arg>
<doc>Executes the given keyword with the given arguments.</doc>
<kw name="informar dados da conduta terapêutica" library="keywords_atendimento">
<kw name="Get JSON" library="base">
<var>${elementos_aten_json}</var>
<arg>elementos_aten.json</arg>
<kw name="Get File" library="OperatingSystem">
<var>${file}</var>
<arg>${EXECDIR}/Files/${file_name}</arg>
<doc>Returns the contents of a specified file.</doc>
<msg timestamp="20211103 00:10:24.503" level="INFO" html="true">Getting file '&lt;a href="file:///home/m.calixta/Projeto sigsaúde/Files/elementos_aten.json"&gt;/home/m.calixta/Projeto sigsaúde/Files/elementos_aten.json&lt;/a&gt;'.</msg>
<msg timestamp="20211103 00:10:24.504" level="INFO">${file} = {
    "Data da listagem":"dataListagem",
    "Pesquisar":"button[class='btn btn-success']",
    "Atendimento":"a[class='atendimento btn-sigsaude btnCorAtendimento']",
    "Sim":"button[class='swal-but...</msg>
<status status="PASS" starttime="20211103 00:10:24.501" endtime="20211103 00:10:24.504"/>
</kw>
<kw name="Evaluate" library="BuiltIn">
<var>${super_var}</var>
<arg>json.loads($file)</arg>
<arg>json</arg>
<doc>Evaluates the given expression in Python and returns the result.</doc>
<msg timestamp="20211103 00:10:24.509" level="INFO">${super_var} = {'Data da listagem': 'dataListagem', 'Pesquisar': "button[class='btn btn-success']", 'Atendimento': "a[class='atendimento btn-sigsaude btnCorAtendimento']", 'Sim': "button[class='swal-button swal-butt...</msg>
<status status="PASS" starttime="20211103 00:10:24.506" endtime="20211103 00:10:24.509"/>
</kw>
<msg timestamp="20211103 00:10:24.511" level="INFO">${elementos_aten_json} = {'Data da listagem': 'dataListagem', 'Pesquisar': "button[class='btn btn-success']", 'Atendimento': "a[class='atendimento btn-sigsaude btnCorAtendimento']", 'Sim': "button[class='swal-button swal-butt...</msg>
<status status="PASS" starttime="20211103 00:10:24.496" endtime="20211103 00:10:24.512"/>
</kw>
<kw name="Click" library="Browser">
<arg>id=${elementos_aten_json["Conduta terapêutica"]}</arg>
<tag>PageContent</tag>
<tag>Setter</tag>
<doc>Simulates mouse click on the element found by ``selector``.</doc>
<status status="PASS" starttime="20211103 00:10:24.514" endtime="20211103 00:10:28.312"/>
</kw>
<kw name="Type Text" library="Browser">
<arg>id=${elementos_aten_json["Decrição"]}</arg>
<arg>Teste automatizado</arg>
<tag>PageContent</tag>
<tag>Setter</tag>
<doc>Types the given ``txt`` into the text field found by ``selector``.</doc>
<msg timestamp="20211103 00:10:28.317" level="INFO">Types the text 'Teste automatizado' in the given field.</msg>
<status status="PASS" starttime="20211103 00:10:28.313" endtime="20211103 00:10:28.566"/>
</kw>
<kw name="Encaminhamento" library="keywords_atendimento">
<kw name="Get JSON" library="base">
<var>${elementos_aten_json}</var>
<arg>elementos_aten.json</arg>
<kw name="Get File" library="OperatingSystem">
<var>${file}</var>
<arg>${EXECDIR}/Files/${file_name}</arg>
<doc>Returns the contents of a specified file.</doc>
<msg timestamp="20211103 00:10:28.575" level="INFO" html="true">Getting file '&lt;a href="file:///home/m.calixta/Projeto sigsaúde/Files/elementos_aten.json"&gt;/home/m.calixta/Projeto sigsaúde/Files/elementos_aten.json&lt;/a&gt;'.</msg>
<msg timestamp="20211103 00:10:28.576" level="INFO">${file} = {
    "Data da listagem":"dataListagem",
    "Pesquisar":"button[class='btn btn-success']",
    "Atendimento":"a[class='atendimento btn-sigsaude btnCorAtendimento']",
    "Sim":"button[class='swal-but...</msg>
<status status="PASS" starttime="20211103 00:10:28.573" endtime="20211103 00:10:28.576"/>
</kw>
<kw name="Evaluate" library="BuiltIn">
<var>${super_var}</var>
<arg>json.loads($file)</arg>
<arg>json</arg>
<doc>Evaluates the given expression in Python and returns the result.</doc>
<msg timestamp="20211103 00:10:28.578" level="INFO">${super_var} = {'Data da listagem': 'dataListagem', 'Pesquisar': "button[class='btn btn-success']", 'Atendimento': "a[class='atendimento btn-sigsaude btnCorAtendimento']", 'Sim': "button[class='swal-button swal-butt...</msg>
<status status="PASS" starttime="20211103 00:10:28.577" endtime="20211103 00:10:28.578"/>
</kw>
<msg timestamp="20211103 00:10:28.579" level="INFO">${elementos_aten_json} = {'Data da listagem': 'dataListagem', 'Pesquisar': "button[class='btn btn-success']", 'Atendimento': "a[class='atendimento btn-sigsaude btnCorAtendimento']", 'Sim': "button[class='swal-button swal-butt...</msg>
<status status="PASS" starttime="20211103 00:10:28.569" endtime="20211103 00:10:28.579"/>
</kw>
<kw name="Click" library="Browser">
<arg>xpath=${adicionar_encaminhamento}</arg>
<tag>PageContent</tag>
<tag>Setter</tag>
<doc>Simulates mouse click on the element found by ``selector``.</doc>
<status status="PASS" starttime="20211103 00:10:28.580" endtime="20211103 00:10:28.749"/>
</kw>
<kw name="Select Options By" library="Browser">
<arg>id=${elementos_aten_json["Tipo de encaminhamento"]}</arg>
<arg>Text</arg>
<arg>INTERNO</arg>
<arg>SIM</arg>
<tag>PageContent</tag>
<tag>Setter</tag>
<doc>Selects options from select element found by ``selector``.</doc>
<status status="PASS" starttime="20211103 00:10:28.750" endtime="20211103 00:10:28.903"/>
</kw>
<kw name="Click" library="Browser">
<arg>xpath=${serviço_de_destino_antes}</arg>
<tag>PageContent</tag>
<tag>Setter</tag>
<doc>Simulates mouse click on the element found by ``selector``.</doc>
<status status="PASS" starttime="20211103 00:10:28.904" endtime="20211103 00:10:29.361"/>
</kw>
<kw name="Type Text" library="Browser">
<arg>xpath=${serviço_de_destino_depois}</arg>
<arg>DAS</arg>
<tag>PageContent</tag>
<tag>Setter</tag>
<doc>Types the given ``txt`` into the text field found by ``selector``.</doc>
<msg timestamp="20211103 00:10:29.364" level="INFO">Types the text 'DAS' in the given field.</msg>
<status status="PASS" starttime="20211103 00:10:29.362" endtime="20211103 00:10:29.713"/>
</kw>
<kw name="Sleep" library="BuiltIn">
<arg>2s</arg>
<doc>Pauses the test executed for the given time.</doc>
<msg timestamp="20211103 00:10:31.716" level="INFO">Slept 2 seconds</msg>
<status status="PASS" starttime="20211103 00:10:29.714" endtime="20211103 00:10:31.716"/>
</kw>
<kw name="Click" library="Browser">
<arg>id=bs-select-5-0</arg>
<tag>PageContent</tag>
<tag>Setter</tag>
<doc>Simulates mouse click on the element found by ``selector``.</doc>
<status status="PASS" starttime="20211103 00:10:31.717" endtime="20211103 00:10:31.829"/>
</kw>
<kw name="Select Options By" library="Browser">
<arg>id=${elementos_aten_json["Prioridade"]}</arg>
<arg>Text</arg>
<arg>ALTA</arg>
<tag>PageContent</tag>
<tag>Setter</tag>
<doc>Selects options from select element found by ``selector``.</doc>
<status status="PASS" starttime="20211103 00:10:31.830" endtime="20211103 00:10:32.007"/>
</kw>
<kw name="Click" library="Browser">
<arg>xpath=${modalidade_de_atendimento_antes}</arg>
<tag>PageContent</tag>
<tag>Setter</tag>
<doc>Simulates mouse click on the element found by ``selector``.</doc>
<status status="PASS" starttime="20211103 00:10:32.009" endtime="20211103 00:10:32.366"/>
</kw>
<kw name="Type Text" library="Browser">
<arg>xpath=${modalidade_de_atendimento_depois}</arg>
<arg>ANALISES CLINICAS</arg>
<tag>PageContent</tag>
<tag>Setter</tag>
<doc>Types the given ``txt`` into the text field found by ``selector``.</doc>
<msg timestamp="20211103 00:10:32.372" level="INFO">Types the text 'ANALISES CLINICAS' in the given field.</msg>
<status status="PASS" starttime="20211103 00:10:32.368" endtime="20211103 00:10:33.012"/>
</kw>
<kw name="Sleep" library="BuiltIn">
<arg>2s</arg>
<doc>Pauses the test executed for the given time.</doc>
<msg timestamp="20211103 00:10:35.015" level="INFO">Slept 2 seconds</msg>
<status status="PASS" starttime="20211103 00:10:33.013" endtime="20211103 00:10:35.016"/>
</kw>
<kw name="Click" library="Browser">
<arg>id=bs-select-6-0</arg>
<tag>PageContent</tag>
<tag>Setter</tag>
<doc>Simulates mouse click on the element found by ``selector``.</doc>
<status status="PASS" starttime="20211103 00:10:35.020" endtime="20211103 00:10:35.129"/>
</kw>
<kw name="Select Options By" library="Browser">
<arg>id=${elementos_aten_json["Campo para adicionar"]}</arg>
<arg>Text</arg>
<arg>CPF</arg>
<tag>PageContent</tag>
<tag>Setter</tag>
<doc>Selects options from select element found by ``selector``.</doc>
<status status="PASS" starttime="20211103 00:10:35.130" endtime="20211103 00:10:35.283"/>
</kw>
<kw name="Repeat Keyword" library="BuiltIn">
<arg>2</arg>
<arg>Repetidor "Adicionar campo"</arg>
<doc>Executes the specified keyword multiple times.</doc>
<msg timestamp="20211103 00:10:35.287" level="INFO">Repeating keyword, round 1/2.</msg>
<kw name="Repetidor &quot;Adicionar campo&quot;" library="keywords_atendimento" sourcename="Repetidor &quot;${campo}&quot;">
<kw name="Get JSON" library="base">
<var>${elementos_aten_json}</var>
<arg>elementos_aten.json</arg>
<kw name="Get File" library="OperatingSystem">
<var>${file}</var>
<arg>${EXECDIR}/Files/${file_name}</arg>
<doc>Returns the contents of a specified file.</doc>
<msg timestamp="20211103 00:10:35.292" level="INFO" html="true">Getting file '&lt;a href="file:///home/m.calixta/Projeto sigsaúde/Files/elementos_aten.json"&gt;/home/m.calixta/Projeto sigsaúde/Files/elementos_aten.json&lt;/a&gt;'.</msg>
<msg timestamp="20211103 00:10:35.293" level="INFO">${file} = {
    "Data da listagem":"dataListagem",
    "Pesquisar":"button[class='btn btn-success']",
    "Atendimento":"a[class='atendimento btn-sigsaude btnCorAtendimento']",
    "Sim":"button[class='swal-but...</msg>
<status status="PASS" starttime="20211103 00:10:35.291" endtime="20211103 00:10:35.293"/>
</kw>
<kw name="Evaluate" library="BuiltIn">
<var>${super_var}</var>
<arg>json.loads($file)</arg>
<arg>json</arg>
<doc>Evaluates the given expression in Python and returns the result.</doc>
<msg timestamp="20211103 00:10:35.295" level="INFO">${super_var} = {'Data da listagem': 'dataListagem', 'Pesquisar': "button[class='btn btn-success']", 'Atendimento': "a[class='atendimento btn-sigsaude btnCorAtendimento']", 'Sim': "button[class='swal-button swal-butt...</msg>
<status status="PASS" starttime="20211103 00:10:35.294" endtime="20211103 00:10:35.295"/>
</kw>
<msg timestamp="20211103 00:10:35.297" level="INFO">${elementos_aten_json} = {'Data da listagem': 'dataListagem', 'Pesquisar': "button[class='btn btn-success']", 'Atendimento': "a[class='atendimento btn-sigsaude btnCorAtendimento']", 'Sim': "button[class='swal-button swal-butt...</msg>
<status status="PASS" starttime="20211103 00:10:35.290" endtime="20211103 00:10:35.297"/>
</kw>
<kw name="Click" library="Browser">
<arg>id=${elementos_aten_json["${campo}"]}</arg>
<tag>PageContent</tag>
<tag>Setter</tag>
<doc>Simulates mouse click on the element found by ``selector``.</doc>
<status status="PASS" starttime="20211103 00:10:35.299" endtime="20211103 00:10:35.627"/>
</kw>
<status status="PASS" starttime="20211103 00:10:35.288" endtime="20211103 00:10:35.628"/>
</kw>
<msg timestamp="20211103 00:10:35.628" level="INFO">Repeating keyword, round 2/2.</msg>
<kw name="Repetidor &quot;Adicionar campo&quot;" library="keywords_atendimento" sourcename="Repetidor &quot;${campo}&quot;">
<kw name="Get JSON" library="base">
<var>${elementos_aten_json}</var>
<arg>elementos_aten.json</arg>
<kw name="Get File" library="OperatingSystem">
<var>${file}</var>
<arg>${EXECDIR}/Files/${file_name}</arg>
<doc>Returns the contents of a specified file.</doc>
<msg timestamp="20211103 00:10:35.636" level="INFO" html="true">Getting file '&lt;a href="file:///home/m.calixta/Projeto sigsaúde/Files/elementos_aten.json"&gt;/home/m.calixta/Projeto sigsaúde/Files/elementos_aten.json&lt;/a&gt;'.</msg>
<msg timestamp="20211103 00:10:35.637" level="INFO">${file} = {
    "Data da listagem":"dataListagem",
    "Pesquisar":"button[class='btn btn-success']",
    "Atendimento":"a[class='atendimento btn-sigsaude btnCorAtendimento']",
    "Sim":"button[class='swal-but...</msg>
<status status="PASS" starttime="20211103 00:10:35.635" endtime="20211103 00:10:35.637"/>
</kw>
<kw name="Evaluate" library="BuiltIn">
<var>${super_var}</var>
<arg>json.loads($file)</arg>
<arg>json</arg>
<doc>Evaluates the given expression in Python and returns the result.</doc>
<msg timestamp="20211103 00:10:35.641" level="INFO">${super_var} = {'Data da listagem': 'dataListagem', 'Pesquisar': "button[class='btn btn-success']", 'Atendimento': "a[class='atendimento btn-sigsaude btnCorAtendimento']", 'Sim': "button[class='swal-button swal-butt...</msg>
<status status="PASS" starttime="20211103 00:10:35.639" endtime="20211103 00:10:35.642"/>
</kw>
<msg timestamp="20211103 00:10:35.643" level="INFO">${elementos_aten_json} = {'Data da listagem': 'dataListagem', 'Pesquisar': "button[class='btn btn-success']", 'Atendimento': "a[class='atendimento btn-sigsaude btnCorAtendimento']", 'Sim': "button[class='swal-button swal-butt...</msg>
<status status="PASS" starttime="20211103 00:10:35.631" endtime="20211103 00:10:35.643"/>
</kw>
<kw name="Click" library="Browser">
<arg>id=${elementos_aten_json["${campo}"]}</arg>
<tag>PageContent</tag>
<tag>Setter</tag>
<doc>Simulates mouse click on the element found by ``selector``.</doc>
<status status="PASS" starttime="20211103 00:10:35.644" endtime="20211103 00:10:35.965"/>
</kw>
<status status="PASS" starttime="20211103 00:10:35.629" endtime="20211103 00:10:35.965"/>
</kw>
<status status="PASS" starttime="20211103 00:10:35.285" endtime="20211103 00:10:35.966"/>
</kw>
<kw name="Select Options By" library="Browser">
<arg>id=${elementos_aten_json["Campo para adicionar dúvidas"]}</arg>
<arg>Text</arg>
<arg>CPF</arg>
<tag>PageContent</tag>
<tag>Setter</tag>
<doc>Selects options from select element found by ``selector``.</doc>
<status status="PASS" starttime="20211103 00:10:35.966" endtime="20211103 00:10:36.004"/>
</kw>
<kw name="Repeat Keyword" library="BuiltIn">
<arg>2</arg>
<arg>Repetidor "Adicionar campo dúvidas"</arg>
<doc>Executes the specified keyword multiple times.</doc>
<msg timestamp="20211103 00:10:36.006" level="INFO">Repeating keyword, round 1/2.</msg>
<kw name="Repetidor &quot;Adicionar campo dúvidas&quot;" library="keywords_atendimento" sourcename="Repetidor &quot;${campo}&quot;">
<kw name="Get JSON" library="base">
<var>${elementos_aten_json}</var>
<arg>elementos_aten.json</arg>
<kw name="Get File" library="OperatingSystem">
<var>${file}</var>
<arg>${EXECDIR}/Files/${file_name}</arg>
<doc>Returns the contents of a specified file.</doc>
<msg timestamp="20211103 00:10:36.011" level="INFO" html="true">Getting file '&lt;a href="file:///home/m.calixta/Projeto sigsaúde/Files/elementos_aten.json"&gt;/home/m.calixta/Projeto sigsaúde/Files/elementos_aten.json&lt;/a&gt;'.</msg>
<msg timestamp="20211103 00:10:36.011" level="INFO">${file} = {
    "Data da listagem":"dataListagem",
    "Pesquisar":"button[class='btn btn-success']",
    "Atendimento":"a[class='atendimento btn-sigsaude btnCorAtendimento']",
    "Sim":"button[class='swal-but...</msg>
<status status="PASS" starttime="20211103 00:10:36.010" endtime="20211103 00:10:36.012"/>
</kw>
<kw name="Evaluate" library="BuiltIn">
<var>${super_var}</var>
<arg>json.loads($file)</arg>
<arg>json</arg>
<doc>Evaluates the given expression in Python and returns the result.</doc>
<msg timestamp="20211103 00:10:36.014" level="INFO">${super_var} = {'Data da listagem': 'dataListagem', 'Pesquisar': "button[class='btn btn-success']", 'Atendimento': "a[class='atendimento btn-sigsaude btnCorAtendimento']", 'Sim': "button[class='swal-button swal-butt...</msg>
<status status="PASS" starttime="20211103 00:10:36.012" endtime="20211103 00:10:36.014"/>
</kw>
<msg timestamp="20211103 00:10:36.015" level="INFO">${elementos_aten_json} = {'Data da listagem': 'dataListagem', 'Pesquisar': "button[class='btn btn-success']", 'Atendimento': "a[class='atendimento btn-sigsaude btnCorAtendimento']", 'Sim': "button[class='swal-button swal-butt...</msg>
<status status="PASS" starttime="20211103 00:10:36.008" endtime="20211103 00:10:36.015"/>
</kw>
<kw name="Click" library="Browser">
<arg>id=${elementos_aten_json["${campo}"]}</arg>
<tag>PageContent</tag>
<tag>Setter</tag>
<doc>Simulates mouse click on the element found by ``selector``.</doc>
<status status="PASS" starttime="20211103 00:10:36.016" endtime="20211103 00:10:36.110"/>
</kw>
<status status="PASS" starttime="20211103 00:10:36.007" endtime="20211103 00:10:36.111"/>
</kw>
<msg timestamp="20211103 00:10:36.111" level="INFO">Repeating keyword, round 2/2.</msg>
<kw name="Repetidor &quot;Adicionar campo dúvidas&quot;" library="keywords_atendimento" sourcename="Repetidor &quot;${campo}&quot;">
<kw name="Get JSON" library="base">
<var>${elementos_aten_json}</var>
<arg>elementos_aten.json</arg>
<kw name="Get File" library="OperatingSystem">
<var>${file}</var>
<arg>${EXECDIR}/Files/${file_name}</arg>
<doc>Returns the contents of a specified file.</doc>
<msg timestamp="20211103 00:10:36.121" level="INFO" html="true">Getting file '&lt;a href="file:///home/m.calixta/Projeto sigsaúde/Files/elementos_aten.json"&gt;/home/m.calixta/Projeto sigsaúde/Files/elementos_aten.json&lt;/a&gt;'.</msg>
<msg timestamp="20211103 00:10:36.123" level="INFO">${file} = {
    "Data da listagem":"dataListagem",
    "Pesquisar":"button[class='btn btn-success']",
    "Atendimento":"a[class='atendimento btn-sigsaude btnCorAtendimento']",
    "Sim":"button[class='swal-but...</msg>
<status status="PASS" starttime="20211103 00:10:36.117" endtime="20211103 00:10:36.123"/>
</kw>
<kw name="Evaluate" library="BuiltIn">
<var>${super_var}</var>
<arg>json.loads($file)</arg>
<arg>json</arg>
<doc>Evaluates the given expression in Python and returns the result.</doc>
<msg timestamp="20211103 00:10:36.127" level="INFO">${super_var} = {'Data da listagem': 'dataListagem', 'Pesquisar': "button[class='btn btn-success']", 'Atendimento': "a[class='atendimento btn-sigsaude btnCorAtendimento']", 'Sim': "button[class='swal-button swal-butt...</msg>
<status status="PASS" starttime="20211103 00:10:36.125" endtime="20211103 00:10:36.127"/>
</kw>
<msg timestamp="20211103 00:10:36.128" level="INFO">${elementos_aten_json} = {'Data da listagem': 'dataListagem', 'Pesquisar': "button[class='btn btn-success']", 'Atendimento': "a[class='atendimento btn-sigsaude btnCorAtendimento']", 'Sim': "button[class='swal-button swal-butt...</msg>
<status status="PASS" starttime="20211103 00:10:36.114" endtime="20211103 00:10:36.128"/>
</kw>
<kw name="Click" library="Browser">
<arg>id=${elementos_aten_json["${campo}"]}</arg>
<tag>PageContent</tag>
<tag>Setter</tag>
<doc>Simulates mouse click on the element found by ``selector``.</doc>
<status status="PASS" starttime="20211103 00:10:36.129" endtime="20211103 00:10:36.537"/>
</kw>
<status status="PASS" starttime="20211103 00:10:36.112" endtime="20211103 00:10:36.538"/>
</kw>
<status status="PASS" starttime="20211103 00:10:36.005" endtime="20211103 00:10:36.539"/>
</kw>
<kw name="Click" library="Browser">
<arg>id=${elementos_aten_json["Salvar encaminhamento"]}</arg>
<tag>PageContent</tag>
<tag>Setter</tag>
<doc>Simulates mouse click on the element found by ``selector``.</doc>
<status status="PASS" starttime="20211103 00:10:36.540" endtime="20211103 00:10:36.733"/>
</kw>
<kw name="Imprimir comprovante &quot;Sim&quot;" library="keywords_atendimento" sourcename="Imprimir comprovante &quot;${opção}&quot;">
<kw name="Convert To Upper Case" library="String">
<var>${opção}</var>
<arg>${opção}</arg>
<doc>Converts string to upper case.</doc>
<msg timestamp="20211103 00:10:36.741" level="INFO">${opção} = SIM</msg>
<status status="PASS" starttime="20211103 00:10:36.739" endtime="20211103 00:10:36.741"/>
</kw>
<kw name="Get JSON" library="base">
<var>${elementos_aten_json}</var>
<arg>elementos_aten.json</arg>
<kw name="Get File" library="OperatingSystem">
<var>${file}</var>
<arg>${EXECDIR}/Files/${file_name}</arg>
<doc>Returns the contents of a specified file.</doc>
<msg timestamp="20211103 00:10:36.745" level="INFO" html="true">Getting file '&lt;a href="file:///home/m.calixta/Projeto sigsaúde/Files/elementos_aten.json"&gt;/home/m.calixta/Projeto sigsaúde/Files/elementos_aten.json&lt;/a&gt;'.</msg>
<msg timestamp="20211103 00:10:36.746" level="INFO">${file} = {
    "Data da listagem":"dataListagem",
    "Pesquisar":"button[class='btn btn-success']",
    "Atendimento":"a[class='atendimento btn-sigsaude btnCorAtendimento']",
    "Sim":"button[class='swal-but...</msg>
<status status="PASS" starttime="20211103 00:10:36.744" endtime="20211103 00:10:36.746"/>
</kw>
<kw name="Evaluate" library="BuiltIn">
<var>${super_var}</var>
<arg>json.loads($file)</arg>
<arg>json</arg>
<doc>Evaluates the given expression in Python and returns the result.</doc>
<msg timestamp="20211103 00:10:36.748" level="INFO">${super_var} = {'Data da listagem': 'dataListagem', 'Pesquisar': "button[class='btn btn-success']", 'Atendimento': "a[class='atendimento btn-sigsaude btnCorAtendimento']", 'Sim': "button[class='swal-button swal-butt...</msg>
<status status="PASS" starttime="20211103 00:10:36.746" endtime="20211103 00:10:36.748"/>
</kw>
<msg timestamp="20211103 00:10:36.750" level="INFO">${elementos_aten_json} = {'Data da listagem': 'dataListagem', 'Pesquisar': "button[class='btn btn-success']", 'Atendimento': "a[class='atendimento btn-sigsaude btnCorAtendimento']", 'Sim': "button[class='swal-button swal-butt...</msg>
<status status="PASS" starttime="20211103 00:10:36.742" endtime="20211103 00:10:36.750"/>
</kw>
<kw name="Wait For Elements State" library="Browser">
<arg>css=${elementos_aten_json["Mensagem"]}</arg>
<arg>visible</arg>
<tag>PageContent</tag>
<tag>Wait</tag>
<doc>Waits for the element found by ``selector`` to satisfy state option.</doc>
<msg timestamp="20211103 00:10:36.935" level="INFO">Wait for Element with selector: css=.swal-modal</msg>
<status status="PASS" starttime="20211103 00:10:36.752" endtime="20211103 00:10:36.936"/>
</kw>
<if>
<branch type="IF" condition="'${opção}' == 'SIM'">
<kw name="Click" library="Browser">
<arg>css=${elementos_aten_json["Sim"]}</arg>
<tag>PageContent</tag>
<tag>Setter</tag>
<doc>Simulates mouse click on the element found by ``selector``.</doc>
<status status="PASS" starttime="20211103 00:10:36.941" endtime="20211103 00:10:37.222"/>
</kw>
<status status="PASS" starttime="20211103 00:10:36.939" endtime="20211103 00:10:37.222"/>
</branch>
<branch type="ELSE">
<kw name="Click" library="Browser">
<arg>css=${elementos_aten_json["Não"]}</arg>
<tag>PageContent</tag>
<tag>Setter</tag>
<doc>Simulates mouse click on the element found by ``selector``.</doc>
<status status="NOT RUN" starttime="20211103 00:10:37.223" endtime="20211103 00:10:37.224"/>
</kw>
<status status="NOT RUN" starttime="20211103 00:10:37.222" endtime="20211103 00:10:37.224"/>
</branch>
<status status="PASS" starttime="20211103 00:10:36.937" endtime="20211103 00:10:37.224"/>
</if>
<status status="PASS" starttime="20211103 00:10:36.735" endtime="20211103 00:10:37.225"/>
</kw>
<status status="PASS" starttime="20211103 00:10:28.566" endtime="20211103 00:10:37.225"/>
</kw>
<kw name="Receituário de medicamentos" library="keywords_atendimento">
<kw name="Get JSON" library="base">
<var>${elementos_aten_json}</var>
<arg>elementos_aten.json</arg>
<kw name="Get File" library="OperatingSystem">
<var>${file}</var>
<arg>${EXECDIR}/Files/${file_name}</arg>
<doc>Returns the contents of a specified file.</doc>
<msg timestamp="20211103 00:10:37.232" level="INFO" html="true">Getting file '&lt;a href="file:///home/m.calixta/Projeto sigsaúde/Files/elementos_aten.json"&gt;/home/m.calixta/Projeto sigsaúde/Files/elementos_aten.json&lt;/a&gt;'.</msg>
<msg timestamp="20211103 00:10:37.233" level="INFO">${file} = {
    "Data da listagem":"dataListagem",
    "Pesquisar":"button[class='btn btn-success']",
    "Atendimento":"a[class='atendimento btn-sigsaude btnCorAtendimento']",
    "Sim":"button[class='swal-but...</msg>
<status status="PASS" starttime="20211103 00:10:37.230" endtime="20211103 00:10:37.233"/>
</kw>
<kw name="Evaluate" library="BuiltIn">
<var>${super_var}</var>
<arg>json.loads($file)</arg>
<arg>json</arg>
<doc>Evaluates the given expression in Python and returns the result.</doc>
<msg timestamp="20211103 00:10:37.236" level="INFO">${super_var} = {'Data da listagem': 'dataListagem', 'Pesquisar': "button[class='btn btn-success']", 'Atendimento': "a[class='atendimento btn-sigsaude btnCorAtendimento']", 'Sim': "button[class='swal-button swal-butt...</msg>
<status status="PASS" starttime="20211103 00:10:37.235" endtime="20211103 00:10:37.237"/>
</kw>
<msg timestamp="20211103 00:10:37.238" level="INFO">${elementos_aten_json} = {'Data da listagem': 'dataListagem', 'Pesquisar': "button[class='btn btn-success']", 'Atendimento': "a[class='atendimento btn-sigsaude btnCorAtendimento']", 'Sim': "button[class='swal-button swal-butt...</msg>
<status status="PASS" starttime="20211103 00:10:37.228" endtime="20211103 00:10:37.238"/>
</kw>
<kw name="Click" library="Browser">
<arg>xpath=${adicionar_receituário}</arg>
<tag>PageContent</tag>
<tag>Setter</tag>
<doc>Simulates mouse click on the element found by ``selector``.</doc>
<status status="PASS" starttime="20211103 00:10:37.239" endtime="20211103 00:10:37.415"/>
</kw>
<kw name="Select Options By" library="Browser">
<arg>id=${elementos_aten_json["Tipo da receita"]}</arg>
<arg>Text</arg>
<arg>NORMAL</arg>
<tag>PageContent</tag>
<tag>Setter</tag>
<doc>Selects options from select element found by ``selector``.</doc>
<status status="PASS" starttime="20211103 00:10:37.417" endtime="20211103 00:10:37.565"/>
</kw>
<kw name="Type Text" library="Browser">
<arg>id=${elementos_aten_json["Descrição resumida"]}</arg>
<arg>Teste automatizado</arg>
<tag>PageContent</tag>
<tag>Setter</tag>
<doc>Types the given ``txt`` into the text field found by ``selector``.</doc>
<msg timestamp="20211103 00:10:37.570" level="INFO">Types the text 'Teste automatizado' in the given field.</msg>
<status status="PASS" starttime="20211103 00:10:37.566" endtime="20211103 00:10:37.904"/>
</kw>
<kw name="Select Options By" library="Browser">
<arg>id=${elementos_aten_json["Campos adicionar"]}</arg>
<arg>Text</arg>
<arg>CPF</arg>
<tag>PageContent</tag>
<tag>Setter</tag>
<doc>Selects options from select element found by ``selector``.</doc>
<status status="PASS" starttime="20211103 00:10:37.905" endtime="20211103 00:10:37.986"/>
</kw>
<kw name="Repeat Keyword" library="BuiltIn">
<arg>2</arg>
<arg>Repetidor "Adicionar campo receituario"</arg>
<doc>Executes the specified keyword multiple times.</doc>
<msg timestamp="20211103 00:10:37.992" level="INFO">Repeating keyword, round 1/2.</msg>
<kw name="Repetidor &quot;Adicionar campo receituario&quot;" library="keywords_atendimento" sourcename="Repetidor &quot;${campo}&quot;">
<kw name="Get JSON" library="base">
<var>${elementos_aten_json}</var>
<arg>elementos_aten.json</arg>
<kw name="Get File" library="OperatingSystem">
<var>${file}</var>
<arg>${EXECDIR}/Files/${file_name}</arg>
<doc>Returns the contents of a specified file.</doc>
<msg timestamp="20211103 00:10:38.005" level="INFO" html="true">Getting file '&lt;a href="file:///home/m.calixta/Projeto sigsaúde/Files/elementos_aten.json"&gt;/home/m.calixta/Projeto sigsaúde/Files/elementos_aten.json&lt;/a&gt;'.</msg>
<msg timestamp="20211103 00:10:38.005" level="INFO">${file} = {
    "Data da listagem":"dataListagem",
    "Pesquisar":"button[class='btn btn-success']",
    "Atendimento":"a[class='atendimento btn-sigsaude btnCorAtendimento']",
    "Sim":"button[class='swal-but...</msg>
<status status="PASS" starttime="20211103 00:10:38.003" endtime="20211103 00:10:38.006"/>
</kw>
<kw name="Evaluate" library="BuiltIn">
<var>${super_var}</var>
<arg>json.loads($file)</arg>
<arg>json</arg>
<doc>Evaluates the given expression in Python and returns the result.</doc>
<msg timestamp="20211103 00:10:38.010" level="INFO">${super_var} = {'Data da listagem': 'dataListagem', 'Pesquisar': "button[class='btn btn-success']", 'Atendimento': "a[class='atendimento btn-sigsaude btnCorAtendimento']", 'Sim': "button[class='swal-button swal-butt...</msg>
<status status="PASS" starttime="20211103 00:10:38.007" endtime="20211103 00:10:38.010"/>
</kw>
<msg timestamp="20211103 00:10:38.012" level="INFO">${elementos_aten_json} = {'Data da listagem': 'dataListagem', 'Pesquisar': "button[class='btn btn-success']", 'Atendimento': "a[class='atendimento btn-sigsaude btnCorAtendimento']", 'Sim': "button[class='swal-button swal-butt...</msg>
<status status="PASS" starttime="20211103 00:10:37.999" endtime="20211103 00:10:38.013"/>
</kw>
<kw name="Click" library="Browser">
<arg>id=${elementos_aten_json["${campo}"]}</arg>
<tag>PageContent</tag>
<tag>Setter</tag>
<doc>Simulates mouse click on the element found by ``selector``.</doc>
<status status="PASS" starttime="20211103 00:10:38.014" endtime="20211103 00:10:38.122"/>
</kw>
<status status="PASS" starttime="20211103 00:10:37.994" endtime="20211103 00:10:38.122"/>
</kw>
<msg timestamp="20211103 00:10:38.122" level="INFO">Repeating keyword, round 2/2.</msg>
<kw name="Repetidor &quot;Adicionar campo receituario&quot;" library="keywords_atendimento" sourcename="Repetidor &quot;${campo}&quot;">
<kw name="Get JSON" library="base">
<var>${elementos_aten_json}</var>
<arg>elementos_aten.json</arg>
<kw name="Get File" library="OperatingSystem">
<var>${file}</var>
<arg>${EXECDIR}/Files/${file_name}</arg>
<doc>Returns the contents of a specified file.</doc>
<msg timestamp="20211103 00:10:38.128" level="INFO" html="true">Getting file '&lt;a href="file:///home/m.calixta/Projeto sigsaúde/Files/elementos_aten.json"&gt;/home/m.calixta/Projeto sigsaúde/Files/elementos_aten.json&lt;/a&gt;'.</msg>
<msg timestamp="20211103 00:10:38.129" level="INFO">${file} = {
    "Data da listagem":"dataListagem",
    "Pesquisar":"button[class='btn btn-success']",
    "Atendimento":"a[class='atendimento btn-sigsaude btnCorAtendimento']",
    "Sim":"button[class='swal-but...</msg>
<status status="PASS" starttime="20211103 00:10:38.127" endtime="20211103 00:10:38.129"/>
</kw>
<kw name="Evaluate" library="BuiltIn">
<var>${super_var}</var>
<arg>json.loads($file)</arg>
<arg>json</arg>
<doc>Evaluates the given expression in Python and returns the result.</doc>
<msg timestamp="20211103 00:10:38.131" level="INFO">${super_var} = {'Data da listagem': 'dataListagem', 'Pesquisar': "button[class='btn btn-success']", 'Atendimento': "a[class='atendimento btn-sigsaude btnCorAtendimento']", 'Sim': "button[class='swal-button swal-butt...</msg>
<status status="PASS" starttime="20211103 00:10:38.130" endtime="20211103 00:10:38.131"/>
</kw>
<msg timestamp="20211103 00:10:38.132" level="INFO">${elementos_aten_json} = {'Data da listagem': 'dataListagem', 'Pesquisar': "button[class='btn btn-success']", 'Atendimento': "a[class='atendimento btn-sigsaude btnCorAtendimento']", 'Sim': "button[class='swal-button swal-butt...</msg>
<status status="PASS" starttime="20211103 00:10:38.126" endtime="20211103 00:10:38.132"/>
</kw>
<kw name="Click" library="Browser">
<arg>id=${elementos_aten_json["${campo}"]}</arg>
<tag>PageContent</tag>
<tag>Setter</tag>
<doc>Simulates mouse click on the element found by ``selector``.</doc>
<status status="PASS" starttime="20211103 00:10:38.133" endtime="20211103 00:10:38.919"/>
</kw>
<status status="PASS" starttime="20211103 00:10:38.123" endtime="20211103 00:10:38.921"/>
</kw>
<status status="PASS" starttime="20211103 00:10:37.988" endtime="20211103 00:10:38.922"/>
</kw>
<kw name="Click" library="Browser">
<arg>id=${elementos_aten_json["Salvar receita"]}</arg>
<tag>PageContent</tag>
<tag>Setter</tag>
<doc>Simulates mouse click on the element found by ``selector``.</doc>
<status status="PASS" starttime="20211103 00:10:38.924" endtime="20211103 00:10:39.108"/>
</kw>
<kw name="Imprimir comprovante &quot;Sim&quot;" library="keywords_atendimento" sourcename="Imprimir comprovante &quot;${opção}&quot;">
<kw name="Convert To Upper Case" library="String">
<var>${opção}</var>
<arg>${opção}</arg>
<doc>Converts string to upper case.</doc>
<msg timestamp="20211103 00:10:39.112" level="INFO">${opção} = SIM</msg>
<status status="PASS" starttime="20211103 00:10:39.111" endtime="20211103 00:10:39.112"/>
</kw>
<kw name="Get JSON" library="base">
<var>${elementos_aten_json}</var>
<arg>elementos_aten.json</arg>
<kw name="Get File" library="OperatingSystem">
<var>${file}</var>
<arg>${EXECDIR}/Files/${file_name}</arg>
<doc>Returns the contents of a specified file.</doc>
<msg timestamp="20211103 00:10:39.118" level="INFO" html="true">Getting file '&lt;a href="file:///home/m.calixta/Projeto sigsaúde/Files/elementos_aten.json"&gt;/home/m.calixta/Projeto sigsaúde/Files/elementos_aten.json&lt;/a&gt;'.</msg>
<msg timestamp="20211103 00:10:39.120" level="INFO">${file} = {
    "Data da listagem":"dataListagem",
    "Pesquisar":"button[class='btn btn-success']",
    "Atendimento":"a[class='atendimento btn-sigsaude btnCorAtendimento']",
    "Sim":"button[class='swal-but...</msg>
<status status="PASS" starttime="20211103 00:10:39.117" endtime="20211103 00:10:39.120"/>
</kw>
<kw name="Evaluate" library="BuiltIn">
<var>${super_var}</var>
<arg>json.loads($file)</arg>
<arg>json</arg>
<doc>Evaluates the given expression in Python and returns the result.</doc>
<msg timestamp="20211103 00:10:39.125" level="INFO">${super_var} = {'Data da listagem': 'dataListagem', 'Pesquisar': "button[class='btn btn-success']", 'Atendimento': "a[class='atendimento btn-sigsaude btnCorAtendimento']", 'Sim': "button[class='swal-button swal-butt...</msg>
<status status="PASS" starttime="20211103 00:10:39.122" endtime="20211103 00:10:39.125"/>
</kw>
<msg timestamp="20211103 00:10:39.126" level="INFO">${elementos_aten_json} = {'Data da listagem': 'dataListagem', 'Pesquisar': "button[class='btn btn-success']", 'Atendimento': "a[class='atendimento btn-sigsaude btnCorAtendimento']", 'Sim': "button[class='swal-button swal-butt...</msg>
<status status="PASS" starttime="20211103 00:10:39.113" endtime="20211103 00:10:39.126"/>
</kw>
<kw name="Wait For Elements State" library="Browser">
<arg>css=${elementos_aten_json["Mensagem"]}</arg>
<arg>visible</arg>
<tag>PageContent</tag>
<tag>Wait</tag>
<doc>Waits for the element found by ``selector`` to satisfy state option.</doc>
<msg timestamp="20211103 00:10:39.266" level="INFO">Wait for Element with selector: css=.swal-modal</msg>
<status status="PASS" starttime="20211103 00:10:39.128" endtime="20211103 00:10:39.267"/>
</kw>
<if>
<branch type="IF" condition="'${opção}' == 'SIM'">
<kw name="Click" library="Browser">
<arg>css=${elementos_aten_json["Sim"]}</arg>
<tag>PageContent</tag>
<tag>Setter</tag>
<doc>Simulates mouse click on the element found by ``selector``.</doc>
<status status="PASS" starttime="20211103 00:10:39.271" endtime="20211103 00:10:39.604"/>
</kw>
<status status="PASS" starttime="20211103 00:10:39.268" endtime="20211103 00:10:39.604"/>
</branch>
<branch type="ELSE">
<kw name="Click" library="Browser">
<arg>css=${elementos_aten_json["Não"]}</arg>
<tag>PageContent</tag>
<tag>Setter</tag>
<doc>Simulates mouse click on the element found by ``selector``.</doc>
<status status="NOT RUN" starttime="20211103 00:10:39.605" endtime="20211103 00:10:39.606"/>
</kw>
<status status="NOT RUN" starttime="20211103 00:10:39.604" endtime="20211103 00:10:39.606"/>
</branch>
<status status="PASS" starttime="20211103 00:10:39.267" endtime="20211103 00:10:39.606"/>
</if>
<status status="PASS" starttime="20211103 00:10:39.109" endtime="20211103 00:10:39.607"/>
</kw>
<status status="PASS" starttime="20211103 00:10:37.226" endtime="20211103 00:10:39.608"/>
</kw>
<kw name="Exames preescritos" library="keywords_atendimento">
<kw name="Get JSON" library="base">
<var>${elementos_aten_json}</var>
<arg>elementos_aten.json</arg>
<kw name="Get File" library="OperatingSystem">
<var>${file}</var>
<arg>${EXECDIR}/Files/${file_name}</arg>
<doc>Returns the contents of a specified file.</doc>
<msg timestamp="20211103 00:10:39.613" level="INFO" html="true">Getting file '&lt;a href="file:///home/m.calixta/Projeto sigsaúde/Files/elementos_aten.json"&gt;/home/m.calixta/Projeto sigsaúde/Files/elementos_aten.json&lt;/a&gt;'.</msg>
<msg timestamp="20211103 00:10:39.614" level="INFO">${file} = {
    "Data da listagem":"dataListagem",
    "Pesquisar":"button[class='btn btn-success']",
    "Atendimento":"a[class='atendimento btn-sigsaude btnCorAtendimento']",
    "Sim":"button[class='swal-but...</msg>
<status status="PASS" starttime="20211103 00:10:39.612" endtime="20211103 00:10:39.614"/>
</kw>
<kw name="Evaluate" library="BuiltIn">
<var>${super_var}</var>
<arg>json.loads($file)</arg>
<arg>json</arg>
<doc>Evaluates the given expression in Python and returns the result.</doc>
<msg timestamp="20211103 00:10:39.617" level="INFO">${super_var} = {'Data da listagem': 'dataListagem', 'Pesquisar': "button[class='btn btn-success']", 'Atendimento': "a[class='atendimento btn-sigsaude btnCorAtendimento']", 'Sim': "button[class='swal-button swal-butt...</msg>
<status status="PASS" starttime="20211103 00:10:39.615" endtime="20211103 00:10:39.617"/>
</kw>
<msg timestamp="20211103 00:10:39.619" level="INFO">${elementos_aten_json} = {'Data da listagem': 'dataListagem', 'Pesquisar': "button[class='btn btn-success']", 'Atendimento': "a[class='atendimento btn-sigsaude btnCorAtendimento']", 'Sim': "button[class='swal-button swal-butt...</msg>
<status status="PASS" starttime="20211103 00:10:39.610" endtime="20211103 00:10:39.620"/>
</kw>
<kw name="Click" library="Browser">
<arg>xpath=${adicionar_exame}</arg>
<tag>PageContent</tag>
<tag>Setter</tag>
<doc>Simulates mouse click on the element found by ``selector``.</doc>
<status status="PASS" starttime="20211103 00:10:39.621" endtime="20211103 00:10:39.791"/>
</kw>
<kw name="Click" library="Browser">
<arg>xpath=${procedimento_antes}</arg>
<tag>PageContent</tag>
<tag>Setter</tag>
<doc>Simulates mouse click on the element found by ``selector``.</doc>
<status status="PASS" starttime="20211103 00:10:39.792" endtime="20211103 00:10:40.310"/>
</kw>
<kw name="Type Text" library="Browser">
<arg>xpath=${procedimento_depois}</arg>
<arg>ANÁLISE DE PROJETOS BÁSICOS DE ARQUITETURA</arg>
<tag>PageContent</tag>
<tag>Setter</tag>
<doc>Types the given ``txt`` into the text field found by ``selector``.</doc>
<msg timestamp="20211103 00:10:40.313" level="INFO">Types the text 'ANÁLISE DE PROJETOS BÁSICOS DE ARQUITETURA' in the given field.</msg>
<status status="PASS" starttime="20211103 00:10:40.311" endtime="20211103 00:10:41.429"/>
</kw>
<kw name="Sleep" library="BuiltIn">
<arg>3s</arg>
<doc>Pauses the test executed for the given time.</doc>
<msg timestamp="20211103 00:10:44.431" level="INFO">Slept 3 seconds</msg>
<status status="PASS" starttime="20211103 00:10:41.430" endtime="20211103 00:10:44.431"/>
</kw>
<kw name="Click" library="Browser">
<arg>id=bs-select-7-0</arg>
<tag>PageContent</tag>
<tag>Setter</tag>
<doc>Simulates mouse click on the element found by ``selector``.</doc>
<status status="PASS" starttime="20211103 00:10:44.432" endtime="20211103 00:10:44.544"/>
</kw>
<kw name="Type Text" library="Browser">
<arg>id=${elementos_aten_json["Informações adicionais sobre a requisição"]}</arg>
<arg>Teste automatizado</arg>
<tag>PageContent</tag>
<tag>Setter</tag>
<doc>Types the given ``txt`` into the text field found by ``selector``.</doc>
<msg timestamp="20211103 00:10:44.549" level="INFO">Types the text 'Teste automatizado' in the given field.</msg>
<status status="PASS" starttime="20211103 00:10:44.545" endtime="20211103 00:10:45.151"/>
</kw>
<kw name="Select Options By" library="Browser">
<arg>id=${elementos_aten_json["Campo adicionar exame"]}</arg>
<arg>Text</arg>
<arg>CPF</arg>
<tag>PageContent</tag>
<tag>Setter</tag>
<doc>Selects options from select element found by ``selector``.</doc>
<status status="PASS" starttime="20211103 00:10:45.153" endtime="20211103 00:10:45.191"/>
</kw>
<kw name="Repeat Keyword" library="BuiltIn">
<arg>2</arg>
<arg>Repetidor "Adicionar campo exame"</arg>
<doc>Executes the specified keyword multiple times.</doc>
<msg timestamp="20211103 00:10:45.193" level="INFO">Repeating keyword, round 1/2.</msg>
<kw name="Repetidor &quot;Adicionar campo exame&quot;" library="keywords_atendimento" sourcename="Repetidor &quot;${campo}&quot;">
<kw name="Get JSON" library="base">
<var>${elementos_aten_json}</var>
<arg>elementos_aten.json</arg>
<kw name="Get File" library="OperatingSystem">
<var>${file}</var>
<arg>${EXECDIR}/Files/${file_name}</arg>
<doc>Returns the contents of a specified file.</doc>
<msg timestamp="20211103 00:10:45.196" level="INFO" html="true">Getting file '&lt;a href="file:///home/m.calixta/Projeto sigsaúde/Files/elementos_aten.json"&gt;/home/m.calixta/Projeto sigsaúde/Files/elementos_aten.json&lt;/a&gt;'.</msg>
<msg timestamp="20211103 00:10:45.197" level="INFO">${file} = {
    "Data da listagem":"dataListagem",
    "Pesquisar":"button[class='btn btn-success']",
    "Atendimento":"a[class='atendimento btn-sigsaude btnCorAtendimento']",
    "Sim":"button[class='swal-but...</msg>
<status status="PASS" starttime="20211103 00:10:45.196" endtime="20211103 00:10:45.197"/>
</kw>
<kw name="Evaluate" library="BuiltIn">
<var>${super_var}</var>
<arg>json.loads($file)</arg>
<arg>json</arg>
<doc>Evaluates the given expression in Python and returns the result.</doc>
<msg timestamp="20211103 00:10:45.199" level="INFO">${super_var} = {'Data da listagem': 'dataListagem', 'Pesquisar': "button[class='btn btn-success']", 'Atendimento': "a[class='atendimento btn-sigsaude btnCorAtendimento']", 'Sim': "button[class='swal-button swal-butt...</msg>
<status status="PASS" starttime="20211103 00:10:45.198" endtime="20211103 00:10:45.199"/>
</kw>
<msg timestamp="20211103 00:10:45.200" level="INFO">${elementos_aten_json} = {'Data da listagem': 'dataListagem', 'Pesquisar': "button[class='btn btn-success']", 'Atendimento': "a[class='atendimento btn-sigsaude btnCorAtendimento']", 'Sim': "button[class='swal-button swal-butt...</msg>
<status status="PASS" starttime="20211103 00:10:45.194" endtime="20211103 00:10:45.200"/>
</kw>
<kw name="Click" library="Browser">
<arg>id=${elementos_aten_json["${campo}"]}</arg>
<tag>PageContent</tag>
<tag>Setter</tag>
<doc>Simulates mouse click on the element found by ``selector``.</doc>
<status status="PASS" starttime="20211103 00:10:45.201" endtime="20211103 00:10:45.292"/>
</kw>
<status status="PASS" starttime="20211103 00:10:45.193" endtime="20211103 00:10:45.293"/>
</kw>
<msg timestamp="20211103 00:10:45.293" level="INFO">Repeating keyword, round 2/2.</msg>
<kw name="Repetidor &quot;Adicionar campo exame&quot;" library="keywords_atendimento" sourcename="Repetidor &quot;${campo}&quot;">
<kw name="Get JSON" library="base">
<var>${elementos_aten_json}</var>
<arg>elementos_aten.json</arg>
<kw name="Get File" library="OperatingSystem">
<var>${file}</var>
<arg>${EXECDIR}/Files/${file_name}</arg>
<doc>Returns the contents of a specified file.</doc>
<msg timestamp="20211103 00:10:45.300" level="INFO" html="true">Getting file '&lt;a href="file:///home/m.calixta/Projeto sigsaúde/Files/elementos_aten.json"&gt;/home/m.calixta/Projeto sigsaúde/Files/elementos_aten.json&lt;/a&gt;'.</msg>
<msg timestamp="20211103 00:10:45.301" level="INFO">${file} = {
    "Data da listagem":"dataListagem",
    "Pesquisar":"button[class='btn btn-success']",
    "Atendimento":"a[class='atendimento btn-sigsaude btnCorAtendimento']",
    "Sim":"button[class='swal-but...</msg>
<status status="PASS" starttime="20211103 00:10:45.298" endtime="20211103 00:10:45.301"/>
</kw>
<kw name="Evaluate" library="BuiltIn">
<var>${super_var}</var>
<arg>json.loads($file)</arg>
<arg>json</arg>
<doc>Evaluates the given expression in Python and returns the result.</doc>
<msg timestamp="20211103 00:10:45.305" level="INFO">${super_var} = {'Data da listagem': 'dataListagem', 'Pesquisar': "button[class='btn btn-success']", 'Atendimento': "a[class='atendimento btn-sigsaude btnCorAtendimento']", 'Sim': "button[class='swal-button swal-butt...</msg>
<status status="PASS" starttime="20211103 00:10:45.303" endtime="20211103 00:10:45.305"/>
</kw>
<msg timestamp="20211103 00:10:45.306" level="INFO">${elementos_aten_json} = {'Data da listagem': 'dataListagem', 'Pesquisar': "button[class='btn btn-success']", 'Atendimento': "a[class='atendimento btn-sigsaude btnCorAtendimento']", 'Sim': "button[class='swal-button swal-butt...</msg>
<status status="PASS" starttime="20211103 00:10:45.295" endtime="20211103 00:10:45.306"/>
</kw>
<kw name="Click" library="Browser">
<arg>id=${elementos_aten_json["${campo}"]}</arg>
<tag>PageContent</tag>
<tag>Setter</tag>
<doc>Simulates mouse click on the element found by ``selector``.</doc>
<status status="PASS" starttime="20211103 00:10:45.307" endtime="20211103 00:10:45.683"/>
</kw>
<status status="PASS" starttime="20211103 00:10:45.294" endtime="20211103 00:10:45.684"/>
</kw>
<status status="PASS" starttime="20211103 00:10:45.192" endtime="20211103 00:10:45.685"/>
</kw>
<kw name="Click" library="Browser">
<arg>id=${elementos_aten_json["Salvar exame"]}</arg>
<tag>PageContent</tag>
<tag>Setter</tag>
<doc>Simulates mouse click on the element found by ``selector``.</doc>
<status status="PASS" starttime="20211103 00:10:45.686" endtime="20211103 00:10:45.779"/>
</kw>
<kw name="Imprimir comprovante &quot;Sim&quot;" library="keywords_atendimento" sourcename="Imprimir comprovante &quot;${opção}&quot;">
<kw name="Convert To Upper Case" library="String">
<var>${opção}</var>
<arg>${opção}</arg>
<doc>Converts string to upper case.</doc>
<msg timestamp="20211103 00:10:45.783" level="INFO">${opção} = SIM</msg>
<status status="PASS" starttime="20211103 00:10:45.782" endtime="20211103 00:10:45.783"/>
</kw>
<kw name="Get JSON" library="base">
<var>${elementos_aten_json}</var>
<arg>elementos_aten.json</arg>
<kw name="Get File" library="OperatingSystem">
<var>${file}</var>
<arg>${EXECDIR}/Files/${file_name}</arg>
<doc>Returns the contents of a specified file.</doc>
<msg timestamp="20211103 00:10:45.789" level="INFO" html="true">Getting file '&lt;a href="file:///home/m.calixta/Projeto sigsaúde/Files/elementos_aten.json"&gt;/home/m.calixta/Projeto sigsaúde/Files/elementos_aten.json&lt;/a&gt;'.</msg>
<msg timestamp="20211103 00:10:45.790" level="INFO">${file} = {
    "Data da listagem":"dataListagem",
    "Pesquisar":"button[class='btn btn-success']",
    "Atendimento":"a[class='atendimento btn-sigsaude btnCorAtendimento']",
    "Sim":"button[class='swal-but...</msg>
<status status="PASS" starttime="20211103 00:10:45.786" endtime="20211103 00:10:45.790"/>
</kw>
<kw name="Evaluate" library="BuiltIn">
<var>${super_var}</var>
<arg>json.loads($file)</arg>
<arg>json</arg>
<doc>Evaluates the given expression in Python and returns the result.</doc>
<msg timestamp="20211103 00:10:45.792" level="INFO">${super_var} = {'Data da listagem': 'dataListagem', 'Pesquisar': "button[class='btn btn-success']", 'Atendimento': "a[class='atendimento btn-sigsaude btnCorAtendimento']", 'Sim': "button[class='swal-button swal-butt...</msg>
<status status="PASS" starttime="20211103 00:10:45.791" endtime="20211103 00:10:45.792"/>
</kw>
<msg timestamp="20211103 00:10:45.793" level="INFO">${elementos_aten_json} = {'Data da listagem': 'dataListagem', 'Pesquisar': "button[class='btn btn-success']", 'Atendimento': "a[class='atendimento btn-sigsaude btnCorAtendimento']", 'Sim': "button[class='swal-button swal-butt...</msg>
<status status="PASS" starttime="20211103 00:10:45.783" endtime="20211103 00:10:45.793"/>
</kw>
<kw name="Wait For Elements State" library="Browser">
<arg>css=${elementos_aten_json["Mensagem"]}</arg>
<arg>visible</arg>
<tag>PageContent</tag>
<tag>Wait</tag>
<doc>Waits for the element found by ``selector`` to satisfy state option.</doc>
<msg timestamp="20211103 00:10:45.916" level="INFO">Wait for Element with selector: css=.swal-modal</msg>
<status status="PASS" starttime="20211103 00:10:45.794" endtime="20211103 00:10:45.916"/>
</kw>
<if>
<branch type="IF" condition="'${opção}' == 'SIM'">
<kw name="Click" library="Browser">
<arg>css=${elementos_aten_json["Sim"]}</arg>
<tag>PageContent</tag>
<tag>Setter</tag>
<doc>Simulates mouse click on the element found by ``selector``.</doc>
<msg timestamp="20211103 00:10:56.075" level="INFO" html="true">&lt;/td&gt;&lt;/tr&gt;&lt;tr&gt;&lt;td colspan="3"&gt;&lt;a href="001_-_Realizar_atendimento_%28Completo%29_FAILURE_SCREENSHOT_3.png"&gt;&lt;img src="001_-_Realizar_atendimento_%28Completo%29_FAILURE_SCREENSHOT_3.png" width="800px"&gt;&lt;/a&gt;</msg>
<msg timestamp="20211103 00:10:56.078" level="FAIL">TimeoutError: page.click: Timeout 10000ms exceeded.
=========================== logs ===========================
waiting for selector "css=button[class='swal-button swal-button--confirm']"
  selector resolved to visible &lt;button class="swal-button swal-button--confirm"&gt;Sim&lt;/button&gt;
attempting click action
  waiting for element to be visible, enabled and stable
  element is visible, enabled and stable
  scrolling into view if needed
  done scrolling
  checking that element receives pointer events at (821.23,483)
  &lt;iframe width="300" id="editorE" height="380" name="edit…&gt;&lt;/iframe&gt; from &lt;div class="page"&gt;…&lt;/div&gt; subtree intercepts pointer events
retrying click action, attempt #1
  waiting for element to be visible, enabled and stable
  element is visible, enabled and stable
  scrolling into view if needed
  done scrolling
  checking that element receives pointer events at (821.23,483)
  &lt;iframe width="300" id="editorE" height="380" name="edit…&gt;&lt;/iframe&gt; from &lt;div class="page"&gt;…&lt;/div&gt; subtree intercepts pointer events
retrying click action, attempt #2
  waiting 20ms
  waiting for element to be visible, enabled and stable
  element is visible, enabled and stable
  scrolling into view if needed
  done scrolling
  checking that element receives pointer events at (821.23,483)
  &lt;iframe width="300" id="editorE" height="380" name="edit…&gt;&lt;/iframe&gt; from &lt;div class="page"&gt;…&lt;/div&gt; subtree intercepts pointer events
retrying click action, attempt #3
  waiting 100ms
  waiting for element to be visible, enabled and stable
  element is visible, enabled and stable
  scrolling into view if needed
  done scrolling
  checking that element receives pointer events at (821.23,483)
  &lt;iframe width="300" id="editorE" height="380" name="edit…&gt;&lt;/iframe&gt; from &lt;div class="page"&gt;…&lt;/div&gt; subtree intercepts pointer events
retrying click action, attempt #4
  waiting 100ms
  waiting for element to be visible, enabled and stable
  element is visible, enabled and stable
  scrolling into view if needed
  done scrolling
  checking that element receives pointer events at (821.23,483)
  &lt;iframe width="300" id="editorE" height="380" name="edit…&gt;&lt;/iframe&gt; from &lt;div class="page"&gt;…&lt;/div&gt; subtree intercepts pointer events
retrying click action, attempt #5
  waiting 500ms
  waiting for element to be visible, enabled and stable
  element is visible, enabled and stable
  scrolling into view if needed
  done scrolling
  checking that element receives pointer events at (821.23,483)
  &lt;iframe width="300" id="editorE" height="380" name="edit…&gt;&lt;/iframe&gt; from &lt;div class="page"&gt;…&lt;/div&gt; subtree intercepts pointer events
retrying click action, attempt #6
  waiting 500ms
  waiting for element to be visible, enabled and stable
  element is visible, enabled and stable
  scrolling into view if needed
  done scrolling
  checking that element receives pointer events at (821.23,483)
  &lt;iframe width="300" id="editorE" height="380" name="edit…&gt;&lt;/iframe&gt; from &lt;div class="page"&gt;…&lt;/div&gt; subtree intercepts pointer events
retrying click action, attempt #7
  waiting 500ms
  waiting for element to be visible, enabled and stable
  element is visible, enabled and stable
  scrolling into view if needed
  done scrolling
  checking that element receives pointer events at (821.23,483)
  &lt;iframe width="300" id="editorE" height="380" name="edit…&gt;&lt;/iframe&gt; from &lt;div class="page"&gt;…&lt;/div&gt; subtree intercepts pointer events
retrying click action, attempt #8
  waiting 500ms
  waiting for element to be visible, enabled and stable
  element is visible, enabled and stable
  scrolling into view if needed
  done scrolling
  checking that element receives pointer events at (821.23,483)
  &lt;iframe width="300" id="editorE" height="380" name="edit…&gt;&lt;/iframe&gt; from &lt;div class="page"&gt;…&lt;/div&gt; subtree intercepts pointer events
retrying click action, attempt #9
  waiting 500ms
  waiting for element to be visible, enabled and stable
  element is visible, enabled and stable
  scrolling into view if needed
  done scrolling
  checking that element receives pointer events at (821.23,483)
  &lt;iframe width="300" id="editorE" height="380" name="edit…&gt;&lt;/iframe&gt; from &lt;div class="page"&gt;…&lt;/div&gt; subtree intercepts pointer events
retrying click action, attempt #10
  waiting 500ms
  waiting for element to be visible, enabled and stable
  element is visible, enabled and stable
  scrolling into view if needed
  done scrolling
  checking that element receives pointer events at (821.23,483)
  &lt;iframe width="300" id="editorE" height="380" name="edit…&gt;&lt;/iframe&gt; from &lt;div class="page"&gt;…&lt;/div&gt; subtree intercepts pointer events
retrying click action, attempt #11
  waiting 500ms
  waiting for element to be visible, enabled and stable
  element is visible, enabled and stable
  scrolling into view if needed
  done scrolling
  checking that element receives pointer events at (821.23,483)
  &lt;iframe width="300" id="editorE" height="380" name="edit…&gt;&lt;/iframe&gt; from &lt;div class="page"&gt;…&lt;/div&gt; subtree intercepts pointer events
retrying click acti</msg>
<status status="FAIL" starttime="20211103 00:10:45.919" endtime="20211103 00:10:56.079"/>
</kw>
<status status="FAIL" starttime="20211103 00:10:45.918" endtime="20211103 00:10:56.079"/>
</branch>
<branch type="ELSE">
<kw name="Click" library="Browser">
<arg>css=${elementos_aten_json["Não"]}</arg>
<tag>PageContent</tag>
<tag>Setter</tag>
<doc>Simulates mouse click on the element found by ``selector``.</doc>
<status status="NOT RUN" starttime="20211103 00:10:56.081" endtime="20211103 00:10:56.081"/>
</kw>
<status status="NOT RUN" starttime="20211103 00:10:56.080" endtime="20211103 00:10:56.081"/>
</branch>
<status status="FAIL" starttime="20211103 00:10:45.917" endtime="20211103 00:10:56.081"/>
</if>
<status status="FAIL" starttime="20211103 00:10:45.780" endtime="20211103 00:10:56.083"/>
</kw>
<kw name="Adcionar novo exame &quot;Não&quot;" library="keywords_atendimento" sourcename="Adcionar novo exame &quot;${opção}&quot;">
<status status="NOT RUN" starttime="20211103 00:10:56.083" endtime="20211103 00:10:56.084"/>
</kw>
<status status="FAIL" starttime="20211103 00:10:39.609" endtime="20211103 00:10:56.084"/>
</kw>
<status status="FAIL" starttime="20211103 00:10:24.493" endtime="20211103 00:10:56.086"/>
</kw>
<status status="FAIL" starttime="20211103 00:10:24.489" endtime="20211103 00:10:56.086"/>
</kw>
<status status="FAIL" starttime="20211103 00:10:24.483" endtime="20211103 00:10:56.087"/>
</kw>
<kw name="Sleep" library="BuiltIn">
<arg>10s</arg>
<doc>Pauses the test executed for the given time.</doc>
<status status="NOT RUN" starttime="20211103 00:10:56.089" endtime="20211103 00:10:56.089"/>
</kw>
<status status="FAIL" starttime="20211103 00:10:19.210" endtime="20211103 00:10:56.091">TimeoutError: page.click: Timeout 10000ms exceeded.
=========================== logs ===========================
waiting for selector "css=button[class='swal-button swal-button--confirm']"
  selector resolved to visible &lt;button class="swal-button swal-button--confirm"&gt;Sim&lt;/button&gt;
attempting click action
  waiting for element to be visible, enabled and stable
  element is visible, enabled and stable
  scrolling into view if needed
  done scrolling
  checking that element receives pointer events at (821.23,483)
  &lt;iframe width="300" id="editorE" height="380" name="edit…&gt;&lt;/iframe&gt; from &lt;div class="page"&gt;…&lt;/div&gt; subtree intercepts pointer events
retrying click action, attempt #1
  waiting for element to be visible, enabled and stable
  element is visible, enabled and stable
  scrolling into view if needed
  done scrolling
  checking that element receives pointer events at (821.23,483)
  &lt;iframe width="300" id="editorE" height="380" name="edit…&gt;&lt;/iframe&gt; from ...
    [ Message content over the limit has been removed. ]
...&gt;&lt;/iframe&gt; from &lt;div class="page"&gt;…&lt;/div&gt; subtree intercepts pointer events
retrying click action, attempt #10
  waiting 500ms
  waiting for element to be visible, enabled and stable
  element is visible, enabled and stable
  scrolling into view if needed
  done scrolling
  checking that element receives pointer events at (821.23,483)
  &lt;iframe width="300" id="editorE" height="380" name="edit…&gt;&lt;/iframe&gt; from &lt;div class="page"&gt;…&lt;/div&gt; subtree intercepts pointer events
retrying click action, attempt #11
  waiting 500ms
  waiting for element to be visible, enabled and stable
  element is visible, enabled and stable
  scrolling into view if needed
  done scrolling
  checking that element receives pointer events at (821.23,483)
  &lt;iframe width="300" id="editorE" height="380" name="edit…&gt;&lt;/iframe&gt; from &lt;div class="page"&gt;…&lt;/div&gt; subtree intercepts pointer events
retrying click acti</status>
</test>
<doc>Teste Agendamento</doc>
<status status="FAIL" starttime="20211103 00:10:12.037" endtime="20211103 00:10:56.132"/>
</suite>
<statistics>
<total>
<stat pass="0" fail="1" skip="0">All Tests</stat>
</total>
<tag>
</tag>
<suite>
<stat pass="0" fail="1" skip="0" id="s1" name="5 - Atendimento endocrinologia">5 - Atendimento endocrinologia</stat>
</suite>
</statistics>
<errors>
</errors>
</robot>
