<?xml version="1.0" encoding="UTF-8"?>
<robot generator="Robot 4.0.3 (Python 3.8.10 on linux)" generated="20211114 23:32:06.578" rpa="false" schemaversion="2">
<suite id="s1" name="6 - Profissão" source="/home/m.calixta/Projeto sigsaúde/Tests/6 - Profissão.robot">
<kw name="iniciar navegador sessão &quot;Endocrinologia&quot;" library="base" type="SETUP" sourcename="iniciar navegador sessão &quot;${login_usuario}&quot;">
<kw name="iniciar Navegador" library="base">
<kw name="Get JSON" library="base">
<var>${config_json}</var>
<arg>config.json</arg>
<kw name="Get File" library="OperatingSystem">
<var>${file}</var>
<arg>${EXECDIR}/Files/${file_name}</arg>
<doc>Returns the contents of a specified file.</doc>
<msg timestamp="20211114 23:32:08.005" level="INFO" html="true">Getting file '&lt;a href="file:///home/m.calixta/Projeto sigsaúde/Files/config.json"&gt;/home/m.calixta/Projeto sigsaúde/Files/config.json&lt;/a&gt;'.</msg>
<msg timestamp="20211114 23:32:08.006" level="INFO">${file} = {
    "base_url":"http://177.20.147.8/sigsaude",
    "navegador":"chromium"
}</msg>
<status status="PASS" starttime="20211114 23:32:08.004" endtime="20211114 23:32:08.006"/>
</kw>
<kw name="Evaluate" library="BuiltIn">
<var>${super_var}</var>
<arg>json.loads($file)</arg>
<arg>json</arg>
<doc>Evaluates the given expression in Python and returns the result.</doc>
<msg timestamp="20211114 23:32:08.018" level="INFO">${super_var} = {'base_url': 'http://177.20.147.8/sigsaude', 'navegador': 'chromium'}</msg>
<status status="PASS" starttime="20211114 23:32:08.007" endtime="20211114 23:32:08.019"/>
</kw>
<msg timestamp="20211114 23:32:08.019" level="INFO">${config_json} = {'base_url': 'http://177.20.147.8/sigsaude', 'navegador': 'chromium'}</msg>
<status status="PASS" starttime="20211114 23:32:08.003" endtime="20211114 23:32:08.019"/>
</kw>
<kw name="New Browser" library="Browser">
<arg>${config_json["navegador"]}</arg>
<arg>False</arg>
<tag>BrowserControl</tag>
<tag>Setter</tag>
<doc>Create a new playwright Browser with specified options.
See `Browser, Context and Page` for more information about Browser and related concepts.</doc>
<msg timestamp="20211114 23:32:08.023" level="INFO">{"browser": "chromium", "headless": false, "handleSIGINT": true, "handleSIGTERM": true, "handleSIGHUP": true, "timeout": 30000.0, "devtools": false, "slowMo": 0.0}</msg>
<msg timestamp="20211114 23:32:08.274" level="INFO">Successfully created browser with options: {"browser":"chromium","headless":false,"handleSIGINT":true,"handleSIGTERM":true,"handleSIGHUP":true,"timeout":30000,"devtools":false,"slowMo":0}</msg>
<status status="PASS" starttime="20211114 23:32:08.020" endtime="20211114 23:32:08.274"/>
</kw>
<status status="PASS" starttime="20211114 23:32:08.002" endtime="20211114 23:32:08.275"/>
</kw>
<kw name="Get JSON" library="base">
<var>${config_json}</var>
<arg>config.json</arg>
<kw name="Get File" library="OperatingSystem">
<var>${file}</var>
<arg>${EXECDIR}/Files/${file_name}</arg>
<doc>Returns the contents of a specified file.</doc>
<msg timestamp="20211114 23:32:08.278" level="INFO" html="true">Getting file '&lt;a href="file:///home/m.calixta/Projeto sigsaúde/Files/config.json"&gt;/home/m.calixta/Projeto sigsaúde/Files/config.json&lt;/a&gt;'.</msg>
<msg timestamp="20211114 23:32:08.278" level="INFO">${file} = {
    "base_url":"http://177.20.147.8/sigsaude",
    "navegador":"chromium"
}</msg>
<status status="PASS" starttime="20211114 23:32:08.276" endtime="20211114 23:32:08.278"/>
</kw>
<kw name="Evaluate" library="BuiltIn">
<var>${super_var}</var>
<arg>json.loads($file)</arg>
<arg>json</arg>
<doc>Evaluates the given expression in Python and returns the result.</doc>
<msg timestamp="20211114 23:32:08.281" level="INFO">${super_var} = {'base_url': 'http://177.20.147.8/sigsaude', 'navegador': 'chromium'}</msg>
<status status="PASS" starttime="20211114 23:32:08.279" endtime="20211114 23:32:08.281"/>
</kw>
<msg timestamp="20211114 23:32:08.282" level="INFO">${config_json} = {'base_url': 'http://177.20.147.8/sigsaude', 'navegador': 'chromium'}</msg>
<status status="PASS" starttime="20211114 23:32:08.275" endtime="20211114 23:32:08.282"/>
</kw>
<kw name="New Page" library="Browser">
<arg>${config_json["base_url"]}</arg>
<tag>BrowserControl</tag>
<tag>Setter</tag>
<doc>Open a new Page. A Page is the Playwright equivalent to a tab.
See `Browser, Context and Page` for more information about Page concept.
Returns a stable identifier for the created page.</doc>
<msg timestamp="20211114 23:32:15.184" level="INFO">Successfully initialized new page object and opened url: http://177.20.147.8/sigsaude</msg>
<msg timestamp="20211114 23:32:15.184" level="INFO">No context was open. New context was automatically opened when this page is created.</msg>
<status status="PASS" starttime="20211114 23:32:08.284" endtime="20211114 23:32:15.184"/>
</kw>
<kw name="Direcionamento da tela &quot;login&quot;" library="nav" sourcename="Direcionamento da tela &quot;${page}&quot;">
<kw name="Get JSON" library="base">
<var>${telas_json}</var>
<arg>telas.json</arg>
<kw name="Get File" library="OperatingSystem">
<var>${file}</var>
<arg>${EXECDIR}/Files/${file_name}</arg>
<doc>Returns the contents of a specified file.</doc>
<msg timestamp="20211114 23:32:15.193" level="INFO" html="true">Getting file '&lt;a href="file:///home/m.calixta/Projeto sigsaúde/Files/telas.json"&gt;/home/m.calixta/Projeto sigsaúde/Files/telas.json&lt;/a&gt;'.</msg>
<msg timestamp="20211114 23:32:15.199" level="INFO">${file} = {
    "login":"/login",
    "novo usuario de serviço":"/paciente/cadastro",
    "listar usuarios de serviço":"/paciente",
    "cadastro de colaborador":"/colaborador/form",
    "agendamento":"/agendam...</msg>
<status status="PASS" starttime="20211114 23:32:15.191" endtime="20211114 23:32:15.200"/>
</kw>
<kw name="Evaluate" library="BuiltIn">
<var>${super_var}</var>
<arg>json.loads($file)</arg>
<arg>json</arg>
<doc>Evaluates the given expression in Python and returns the result.</doc>
<msg timestamp="20211114 23:32:15.212" level="INFO">${super_var} = {'login': '/login', 'novo usuario de serviço': '/paciente/cadastro', 'listar usuarios de serviço': '/paciente', 'cadastro de colaborador': '/colaborador/form', 'agendamento': '/agendamento', 'listar c...</msg>
<status status="PASS" starttime="20211114 23:32:15.203" endtime="20211114 23:32:15.213"/>
</kw>
<msg timestamp="20211114 23:32:15.214" level="INFO">${telas_json} = {'login': '/login', 'novo usuario de serviço': '/paciente/cadastro', 'listar usuarios de serviço': '/paciente', 'cadastro de colaborador': '/colaborador/form', 'agendamento': '/agendamento', 'listar c...</msg>
<status status="PASS" starttime="20211114 23:32:15.189" endtime="20211114 23:32:15.214"/>
</kw>
<kw name="Get JSON" library="base">
<var>${config_json}</var>
<arg>config.json</arg>
<kw name="Get File" library="OperatingSystem">
<var>${file}</var>
<arg>${EXECDIR}/Files/${file_name}</arg>
<doc>Returns the contents of a specified file.</doc>
<msg timestamp="20211114 23:32:15.228" level="INFO" html="true">Getting file '&lt;a href="file:///home/m.calixta/Projeto sigsaúde/Files/config.json"&gt;/home/m.calixta/Projeto sigsaúde/Files/config.json&lt;/a&gt;'.</msg>
<msg timestamp="20211114 23:32:15.229" level="INFO">${file} = {
    "base_url":"http://177.20.147.8/sigsaude",
    "navegador":"chromium"
}</msg>
<status status="PASS" starttime="20211114 23:32:15.225" endtime="20211114 23:32:15.229"/>
</kw>
<kw name="Evaluate" library="BuiltIn">
<var>${super_var}</var>
<arg>json.loads($file)</arg>
<arg>json</arg>
<doc>Evaluates the given expression in Python and returns the result.</doc>
<msg timestamp="20211114 23:32:15.232" level="INFO">${super_var} = {'base_url': 'http://177.20.147.8/sigsaude', 'navegador': 'chromium'}</msg>
<status status="PASS" starttime="20211114 23:32:15.230" endtime="20211114 23:32:15.232"/>
</kw>
<msg timestamp="20211114 23:32:15.233" level="INFO">${config_json} = {'base_url': 'http://177.20.147.8/sigsaude', 'navegador': 'chromium'}</msg>
<status status="PASS" starttime="20211114 23:32:15.221" endtime="20211114 23:32:15.233"/>
</kw>
<kw name="Go To" library="Browser">
<arg>${config_json["base_url"]}${telas_json["${page}"]}</arg>
<tag>BrowserControl</tag>
<tag>Setter</tag>
<doc>Navigates to the given ``url``.</doc>
<msg timestamp="20211114 23:32:16.780" level="INFO">Succesfully opened URL http://177.20.147.8/sigsaude/login</msg>
<status status="PASS" starttime="20211114 23:32:15.234" endtime="20211114 23:32:16.782"/>
</kw>
<status status="PASS" starttime="20211114 23:32:15.186" endtime="20211114 23:32:16.784"/>
</kw>
<kw name="Get JSON" library="base">
<var>${login_json}</var>
<arg>login.json</arg>
<kw name="Get File" library="OperatingSystem">
<var>${file}</var>
<arg>${EXECDIR}/Files/${file_name}</arg>
<doc>Returns the contents of a specified file.</doc>
<msg timestamp="20211114 23:32:16.793" level="INFO" html="true">Getting file '&lt;a href="file:///home/m.calixta/Projeto sigsaúde/Files/login.json"&gt;/home/m.calixta/Projeto sigsaúde/Files/login.json&lt;/a&gt;'.</msg>
<msg timestamp="20211114 23:32:16.793" level="INFO">${file} = {

    "Psicologia":{
        "login": "drpsicologia",
        "senha": 85278120029
    },

    "Endocrinologia":{
        "login": "drendocrinologia",
        "senha": 98841863323
    }
}</msg>
<status status="PASS" starttime="20211114 23:32:16.790" endtime="20211114 23:32:16.794"/>
</kw>
<kw name="Evaluate" library="BuiltIn">
<var>${super_var}</var>
<arg>json.loads($file)</arg>
<arg>json</arg>
<doc>Evaluates the given expression in Python and returns the result.</doc>
<msg timestamp="20211114 23:32:16.797" level="INFO">${super_var} = {'Psicologia': {'login': 'drpsicologia', 'senha': 85278120029}, 'Endocrinologia': {'login': 'drendocrinologia', 'senha': 98841863323}}</msg>
<status status="PASS" starttime="20211114 23:32:16.795" endtime="20211114 23:32:16.798"/>
</kw>
<msg timestamp="20211114 23:32:16.799" level="INFO">${login_json} = {'Psicologia': {'login': 'drpsicologia', 'senha': 85278120029}, 'Endocrinologia': {'login': 'drendocrinologia', 'senha': 98841863323}}</msg>
<status status="PASS" starttime="20211114 23:32:16.786" endtime="20211114 23:32:16.799"/>
</kw>
<kw name="Fill Text" library="Browser">
<arg>id=login-username</arg>
<arg>${login_json["${login_usuario}"]["login"]}</arg>
<tag>PageContent</tag>
<tag>Setter</tag>
<doc>Clears and fills the given ``text`` into the text field found by ``selector``.</doc>
<msg timestamp="20211114 23:32:16.805" level="INFO">Fills the text 'drendocrinologia' in the given field.</msg>
<status status="PASS" starttime="20211114 23:32:16.800" endtime="20211114 23:32:16.837"/>
</kw>
<kw name="Fill Text" library="Browser">
<arg>id=login-password</arg>
<arg>${login_json["${login_usuario}"]["senha"]}</arg>
<tag>PageContent</tag>
<tag>Setter</tag>
<doc>Clears and fills the given ``text`` into the text field found by ``selector``.</doc>
<msg timestamp="20211114 23:32:16.841" level="INFO">Fills the text '98841863323' in the given field.</msg>
<status status="PASS" starttime="20211114 23:32:16.838" endtime="20211114 23:32:16.858"/>
</kw>
<kw name="Click" library="Browser">
<arg>css=[value='Entrar']</arg>
<tag>PageContent</tag>
<tag>Setter</tag>
<doc>Simulates mouse click on the element found by ``selector``.</doc>
<status status="PASS" starttime="20211114 23:32:16.859" endtime="20211114 23:32:17.622"/>
</kw>
<status status="PASS" starttime="20211114 23:32:08.001" endtime="20211114 23:32:17.624"/>
</kw>
<test id="s1-t1" name="[001] -Cadastro de profissão (Completo)">
<kw name="Dado" library="bdd">
<arg>que o usuario está na tela "cadastro de profissão"</arg>
<kw name="Run Keyword" library="BuiltIn">
<arg>@{Keywords}</arg>
<doc>Executes the given keyword with the given arguments.</doc>
<kw name="que o usuario está na tela &quot;cadastro de profissão&quot;" library="nav" sourcename="que o usuario está na tela &quot;${tela}&quot;">
<kw name="Direcionamento da tela &quot;${tela}&quot;" library="nav" sourcename="Direcionamento da tela &quot;${page}&quot;">
<kw name="Get JSON" library="base">
<var>${telas_json}</var>
<arg>telas.json</arg>
<kw name="Get File" library="OperatingSystem">
<var>${file}</var>
<arg>${EXECDIR}/Files/${file_name}</arg>
<doc>Returns the contents of a specified file.</doc>
<msg timestamp="20211114 23:32:17.658" level="INFO" html="true">Getting file '&lt;a href="file:///home/m.calixta/Projeto sigsaúde/Files/telas.json"&gt;/home/m.calixta/Projeto sigsaúde/Files/telas.json&lt;/a&gt;'.</msg>
<msg timestamp="20211114 23:32:17.659" level="INFO">${file} = {
    "login":"/login",
    "novo usuario de serviço":"/paciente/cadastro",
    "listar usuarios de serviço":"/paciente",
    "cadastro de colaborador":"/colaborador/form",
    "agendamento":"/agendam...</msg>
<status status="PASS" starttime="20211114 23:32:17.657" endtime="20211114 23:32:17.659"/>
</kw>
<kw name="Evaluate" library="BuiltIn">
<var>${super_var}</var>
<arg>json.loads($file)</arg>
<arg>json</arg>
<doc>Evaluates the given expression in Python and returns the result.</doc>
<msg timestamp="20211114 23:32:17.661" level="INFO">${super_var} = {'login': '/login', 'novo usuario de serviço': '/paciente/cadastro', 'listar usuarios de serviço': '/paciente', 'cadastro de colaborador': '/colaborador/form', 'agendamento': '/agendamento', 'listar c...</msg>
<status status="PASS" starttime="20211114 23:32:17.660" endtime="20211114 23:32:17.661"/>
</kw>
<msg timestamp="20211114 23:32:17.662" level="INFO">${telas_json} = {'login': '/login', 'novo usuario de serviço': '/paciente/cadastro', 'listar usuarios de serviço': '/paciente', 'cadastro de colaborador': '/colaborador/form', 'agendamento': '/agendamento', 'listar c...</msg>
<status status="PASS" starttime="20211114 23:32:17.655" endtime="20211114 23:32:17.662"/>
</kw>
<kw name="Get JSON" library="base">
<var>${config_json}</var>
<arg>config.json</arg>
<kw name="Get File" library="OperatingSystem">
<var>${file}</var>
<arg>${EXECDIR}/Files/${file_name}</arg>
<doc>Returns the contents of a specified file.</doc>
<msg timestamp="20211114 23:32:17.666" level="INFO" html="true">Getting file '&lt;a href="file:///home/m.calixta/Projeto sigsaúde/Files/config.json"&gt;/home/m.calixta/Projeto sigsaúde/Files/config.json&lt;/a&gt;'.</msg>
<msg timestamp="20211114 23:32:17.666" level="INFO">${file} = {
    "base_url":"http://177.20.147.8/sigsaude",
    "navegador":"chromium"
}</msg>
<status status="PASS" starttime="20211114 23:32:17.665" endtime="20211114 23:32:17.666"/>
</kw>
<kw name="Evaluate" library="BuiltIn">
<var>${super_var}</var>
<arg>json.loads($file)</arg>
<arg>json</arg>
<doc>Evaluates the given expression in Python and returns the result.</doc>
<msg timestamp="20211114 23:32:17.669" level="INFO">${super_var} = {'base_url': 'http://177.20.147.8/sigsaude', 'navegador': 'chromium'}</msg>
<status status="PASS" starttime="20211114 23:32:17.667" endtime="20211114 23:32:17.669"/>
</kw>
<msg timestamp="20211114 23:32:17.670" level="INFO">${config_json} = {'base_url': 'http://177.20.147.8/sigsaude', 'navegador': 'chromium'}</msg>
<status status="PASS" starttime="20211114 23:32:17.663" endtime="20211114 23:32:17.670"/>
</kw>
<kw name="Go To" library="Browser">
<arg>${config_json["base_url"]}${telas_json["${page}"]}</arg>
<tag>BrowserControl</tag>
<tag>Setter</tag>
<doc>Navigates to the given ``url``.</doc>
<msg timestamp="20211114 23:32:19.759" level="INFO">Succesfully opened URL http://177.20.147.8/sigsaude/profissao/form</msg>
<status status="PASS" starttime="20211114 23:32:17.671" endtime="20211114 23:32:19.760"/>
</kw>
<status status="PASS" starttime="20211114 23:32:17.653" endtime="20211114 23:32:19.760"/>
</kw>
<status status="PASS" starttime="20211114 23:32:17.652" endtime="20211114 23:32:19.761"/>
</kw>
<status status="PASS" starttime="20211114 23:32:17.650" endtime="20211114 23:32:19.761"/>
</kw>
<status status="PASS" starttime="20211114 23:32:17.648" endtime="20211114 23:32:19.761"/>
</kw>
<kw name="E" library="bdd">
<arg>informar os dados cadastrais "Profissão"</arg>
<kw name="Run Keyword" library="BuiltIn">
<arg>@{Keywords}</arg>
<doc>Executes the given keyword with the given arguments.</doc>
<kw name="informar os dados cadastrais &quot;Profissão&quot;" library="cadastros" sourcename="informar os dados cadastrais &quot;${dados}&quot;">
<kw name="Get JSON" library="base">
<var>${dados_json}</var>
<arg>cadastros.json</arg>
<kw name="Get File" library="OperatingSystem">
<var>${file}</var>
<arg>${EXECDIR}/Files/${file_name}</arg>
<doc>Returns the contents of a specified file.</doc>
<msg timestamp="20211114 23:32:19.774" level="INFO" html="true">Getting file '&lt;a href="file:///home/m.calixta/Projeto sigsaúde/Files/cadastros.json"&gt;/home/m.calixta/Projeto sigsaúde/Files/cadastros.json&lt;/a&gt;'.</msg>
<msg timestamp="20211114 23:32:19.774" level="INFO">${file} = {

	"usuario de serviço": [
		{			
			"checkboxDesconheceNomeMae":"",
			"checkboxDesconheceNomePai":"",
			"checkboxNomeSocial":"",
			"checkboxGenero":"",
			"checkboxDeficiente":"",
			"inputCPF":"...</msg>
<status status="PASS" starttime="20211114 23:32:19.771" endtime="20211114 23:32:19.775"/>
</kw>
<kw name="Evaluate" library="BuiltIn">
<var>${super_var}</var>
<arg>json.loads($file)</arg>
<arg>json</arg>
<doc>Evaluates the given expression in Python and returns the result.</doc>
<msg timestamp="20211114 23:32:19.778" level="INFO">${super_var} = {'usuario de serviço': [{'checkboxDesconheceNomeMae': '', 'checkboxDesconheceNomePai': '', 'checkboxNomeSocial': '', 'checkboxGenero': '', 'checkboxDeficiente': '', 'inputCPF': '', 'inputIdentidade': ...</msg>
<status status="PASS" starttime="20211114 23:32:19.776" endtime="20211114 23:32:19.778"/>
</kw>
<msg timestamp="20211114 23:32:19.779" level="INFO">${dados_json} = {'usuario de serviço': [{'checkboxDesconheceNomeMae': '', 'checkboxDesconheceNomePai': '', 'checkboxNomeSocial': '', 'checkboxGenero': '', 'checkboxDeficiente': '', 'inputCPF': '', 'inputIdentidade': ...</msg>
<status status="PASS" starttime="20211114 23:32:19.768" endtime="20211114 23:32:19.780"/>
</kw>
<kw name="Set Variable" library="BuiltIn">
<var>${dados}</var>
<arg>${dados_json["${dados}"]}</arg>
<doc>Returns the given values which can then be assigned to a variables.</doc>
<msg timestamp="20211114 23:32:19.786" level="INFO">${dados} = [{'inputNome': '', 'inputSigla': ''}]</msg>
<status status="PASS" starttime="20211114 23:32:19.781" endtime="20211114 23:32:19.786"/>
</kw>
<for flavor="IN">
<var>${item}</var>
<value>@{dados}</value>
<iter>
<var name="${item}">{'inputNome': '', 'inputSigla': ''}</var>
<for flavor="IN">
<var>${key}</var>
<value>@{item.keys()}</value>
<iter>
<var name="${key}">inputNome</var>
<kw name="Word" library="FakerLibrary">
<var>${aux}</var>
<doc>Generate a word.</doc>
<msg timestamp="20211114 23:32:19.796" level="INFO">${aux} = aut</msg>
<status status="PASS" starttime="20211114 23:32:19.795" endtime="20211114 23:32:19.796"/>
</kw>
<kw name="Type Text" library="Browser">
<arg>id=${key}</arg>
<arg>${aux}</arg>
<tag>PageContent</tag>
<tag>Setter</tag>
<doc>Types the given ``txt`` into the text field found by ``selector``.</doc>
<msg timestamp="20211114 23:32:19.799" level="INFO">Types the text 'aut' in the given field.</msg>
<status status="PASS" starttime="20211114 23:32:19.797" endtime="20211114 23:32:19.960"/>
</kw>
<status status="PASS" starttime="20211114 23:32:19.794" endtime="20211114 23:32:19.960"/>
</iter>
<iter>
<var name="${key}">inputSigla</var>
<kw name="Word" library="FakerLibrary">
<var>${aux}</var>
<doc>Generate a word.</doc>
<msg timestamp="20211114 23:32:19.963" level="INFO">${aux} = nisi</msg>
<status status="PASS" starttime="20211114 23:32:19.962" endtime="20211114 23:32:19.963"/>
</kw>
<kw name="Type Text" library="Browser">
<arg>id=${key}</arg>
<arg>${aux}</arg>
<tag>PageContent</tag>
<tag>Setter</tag>
<doc>Types the given ``txt`` into the text field found by ``selector``.</doc>
<msg timestamp="20211114 23:32:19.965" level="INFO">Types the text 'nisi' in the given field.</msg>
<status status="PASS" starttime="20211114 23:32:19.964" endtime="20211114 23:32:20.022"/>
</kw>
<status status="PASS" starttime="20211114 23:32:19.961" endtime="20211114 23:32:20.023"/>
</iter>
<status status="PASS" starttime="20211114 23:32:19.789" endtime="20211114 23:32:20.023"/>
</for>
<status status="PASS" starttime="20211114 23:32:19.788" endtime="20211114 23:32:20.023"/>
</iter>
<status status="PASS" starttime="20211114 23:32:19.787" endtime="20211114 23:32:20.023"/>
</for>
<status status="PASS" starttime="20211114 23:32:19.766" endtime="20211114 23:32:20.024"/>
</kw>
<status status="PASS" starttime="20211114 23:32:19.764" endtime="20211114 23:32:20.024"/>
</kw>
<status status="PASS" starttime="20211114 23:32:19.763" endtime="20211114 23:32:20.024"/>
</kw>
<kw name="E" library="bdd">
<arg>selecione "SUPERIOR" no campo "Nível Formação"</arg>
<kw name="Run Keyword" library="BuiltIn">
<arg>@{Keywords}</arg>
<doc>Executes the given keyword with the given arguments.</doc>
<kw name="selecione &quot;SUPERIOR&quot; no campo &quot;Nível Formação&quot;" library="keywords_campos" sourcename="selecione &quot;${valor}&quot; no campo &quot;${campo}&quot;">
<kw name="Get JSON" library="base">
<var>${elementos_json}</var>
<arg>elementos.json</arg>
<kw name="Get File" library="OperatingSystem">
<var>${file}</var>
<arg>${EXECDIR}/Files/${file_name}</arg>
<doc>Returns the contents of a specified file.</doc>
<msg timestamp="20211114 23:32:20.036" level="INFO" html="true">Getting file '&lt;a href="file:///home/m.calixta/Projeto sigsaúde/Files/elementos.json"&gt;/home/m.calixta/Projeto sigsaúde/Files/elementos.json&lt;/a&gt;'.</msg>
<msg timestamp="20211114 23:32:20.038" level="INFO">${file} = {

    "Tipo Sanguíneo":"inputTipoSanguineo",
    "Cor/Raça":"selectCorRaca",
    "Sexo":"selectSexo",
    "Estado civil":"selectEstadoCivil",
    "País de nascimento":"inputPaisNascimento",
    "UF d...</msg>
<status status="PASS" starttime="20211114 23:32:20.034" endtime="20211114 23:32:20.038"/>
</kw>
<kw name="Evaluate" library="BuiltIn">
<var>${super_var}</var>
<arg>json.loads($file)</arg>
<arg>json</arg>
<doc>Evaluates the given expression in Python and returns the result.</doc>
<msg timestamp="20211114 23:32:20.042" level="INFO">${super_var} = {'Tipo Sanguíneo': 'inputTipoSanguineo', 'Cor/Raça': 'selectCorRaca', 'Sexo': 'selectSexo', 'Estado civil': 'selectEstadoCivil', 'País de nascimento': 'inputPaisNascimento', 'UF de nascimento': 'input...</msg>
<status status="PASS" starttime="20211114 23:32:20.040" endtime="20211114 23:32:20.042"/>
</kw>
<msg timestamp="20211114 23:32:20.043" level="INFO">${elementos_json} = {'Tipo Sanguíneo': 'inputTipoSanguineo', 'Cor/Raça': 'selectCorRaca', 'Sexo': 'selectSexo', 'Estado civil': 'selectEstadoCivil', 'País de nascimento': 'inputPaisNascimento', 'UF de nascimento': 'input...</msg>
<status status="PASS" starttime="20211114 23:32:20.031" endtime="20211114 23:32:20.043"/>
</kw>
<kw name="Select Options By" library="Browser">
<arg>id=${elementos_json["${campo}"]}</arg>
<arg>Text</arg>
<arg>${valor}</arg>
<tag>PageContent</tag>
<tag>Setter</tag>
<doc>Selects options from select element found by ``selector``.</doc>
<status status="PASS" starttime="20211114 23:32:20.045" endtime="20211114 23:32:20.076"/>
</kw>
<status status="PASS" starttime="20211114 23:32:20.029" endtime="20211114 23:32:20.076"/>
</kw>
<status status="PASS" starttime="20211114 23:32:20.027" endtime="20211114 23:32:20.076"/>
</kw>
<status status="PASS" starttime="20211114 23:32:20.025" endtime="20211114 23:32:20.077"/>
</kw>
<kw name="E" library="bdd">
<arg>selecione "CFBM - CONSELHO FEDERAL DE BIOMEDICINA" no campo "Conselho Profissional"</arg>
<kw name="Run Keyword" library="BuiltIn">
<arg>@{Keywords}</arg>
<doc>Executes the given keyword with the given arguments.</doc>
<kw name="selecione &quot;CFBM - CONSELHO FEDERAL DE BIOMEDICINA&quot; no campo &quot;Conselho Profissional&quot;" library="keywords_campos" sourcename="selecione &quot;${valor}&quot; no campo &quot;${campo}&quot;">
<kw name="Get JSON" library="base">
<var>${elementos_json}</var>
<arg>elementos.json</arg>
<kw name="Get File" library="OperatingSystem">
<var>${file}</var>
<arg>${EXECDIR}/Files/${file_name}</arg>
<doc>Returns the contents of a specified file.</doc>
<msg timestamp="20211114 23:32:20.087" level="INFO" html="true">Getting file '&lt;a href="file:///home/m.calixta/Projeto sigsaúde/Files/elementos.json"&gt;/home/m.calixta/Projeto sigsaúde/Files/elementos.json&lt;/a&gt;'.</msg>
<msg timestamp="20211114 23:32:20.087" level="INFO">${file} = {

    "Tipo Sanguíneo":"inputTipoSanguineo",
    "Cor/Raça":"selectCorRaca",
    "Sexo":"selectSexo",
    "Estado civil":"selectEstadoCivil",
    "País de nascimento":"inputPaisNascimento",
    "UF d...</msg>
<status status="PASS" starttime="20211114 23:32:20.086" endtime="20211114 23:32:20.087"/>
</kw>
<kw name="Evaluate" library="BuiltIn">
<var>${super_var}</var>
<arg>json.loads($file)</arg>
<arg>json</arg>
<doc>Evaluates the given expression in Python and returns the result.</doc>
<msg timestamp="20211114 23:32:20.089" level="INFO">${super_var} = {'Tipo Sanguíneo': 'inputTipoSanguineo', 'Cor/Raça': 'selectCorRaca', 'Sexo': 'selectSexo', 'Estado civil': 'selectEstadoCivil', 'País de nascimento': 'inputPaisNascimento', 'UF de nascimento': 'input...</msg>
<status status="PASS" starttime="20211114 23:32:20.088" endtime="20211114 23:32:20.089"/>
</kw>
<msg timestamp="20211114 23:32:20.090" level="INFO">${elementos_json} = {'Tipo Sanguíneo': 'inputTipoSanguineo', 'Cor/Raça': 'selectCorRaca', 'Sexo': 'selectSexo', 'Estado civil': 'selectEstadoCivil', 'País de nascimento': 'inputPaisNascimento', 'UF de nascimento': 'input...</msg>
<status status="PASS" starttime="20211114 23:32:20.084" endtime="20211114 23:32:20.090"/>
</kw>
<kw name="Select Options By" library="Browser">
<arg>id=${elementos_json["${campo}"]}</arg>
<arg>Text</arg>
<arg>${valor}</arg>
<tag>PageContent</tag>
<tag>Setter</tag>
<doc>Selects options from select element found by ``selector``.</doc>
<status status="PASS" starttime="20211114 23:32:20.091" endtime="20211114 23:32:20.117"/>
</kw>
<status status="PASS" starttime="20211114 23:32:20.082" endtime="20211114 23:32:20.117"/>
</kw>
<status status="PASS" starttime="20211114 23:32:20.081" endtime="20211114 23:32:20.118"/>
</kw>
<status status="PASS" starttime="20211114 23:32:20.078" endtime="20211114 23:32:20.118"/>
</kw>
<kw name="E" library="bdd">
<arg>selecionar no menu ocupações "Alguns"</arg>
<kw name="Run Keyword" library="BuiltIn">
<arg>@{Keywords}</arg>
<doc>Executes the given keyword with the given arguments.</doc>
<kw name="selecionar no menu ocupações &quot;Alguns&quot;" library="cadastros" sourcename="selecionar no menu ocupações &quot;${opção}&quot;">
<kw name="Get JSON" library="base">
<var>${elementos_json}</var>
<arg>elementos.json</arg>
<kw name="Get File" library="OperatingSystem">
<var>${file}</var>
<arg>${EXECDIR}/Files/${file_name}</arg>
<doc>Returns the contents of a specified file.</doc>
<msg timestamp="20211114 23:32:20.127" level="INFO" html="true">Getting file '&lt;a href="file:///home/m.calixta/Projeto sigsaúde/Files/elementos.json"&gt;/home/m.calixta/Projeto sigsaúde/Files/elementos.json&lt;/a&gt;'.</msg>
<msg timestamp="20211114 23:32:20.128" level="INFO">${file} = {

    "Tipo Sanguíneo":"inputTipoSanguineo",
    "Cor/Raça":"selectCorRaca",
    "Sexo":"selectSexo",
    "Estado civil":"selectEstadoCivil",
    "País de nascimento":"inputPaisNascimento",
    "UF d...</msg>
<status status="PASS" starttime="20211114 23:32:20.126" endtime="20211114 23:32:20.128"/>
</kw>
<kw name="Evaluate" library="BuiltIn">
<var>${super_var}</var>
<arg>json.loads($file)</arg>
<arg>json</arg>
<doc>Evaluates the given expression in Python and returns the result.</doc>
<msg timestamp="20211114 23:32:20.131" level="INFO">${super_var} = {'Tipo Sanguíneo': 'inputTipoSanguineo', 'Cor/Raça': 'selectCorRaca', 'Sexo': 'selectSexo', 'Estado civil': 'selectEstadoCivil', 'País de nascimento': 'inputPaisNascimento', 'UF de nascimento': 'input...</msg>
<status status="PASS" starttime="20211114 23:32:20.129" endtime="20211114 23:32:20.131"/>
</kw>
<msg timestamp="20211114 23:32:20.132" level="INFO">${elementos_json} = {'Tipo Sanguíneo': 'inputTipoSanguineo', 'Cor/Raça': 'selectCorRaca', 'Sexo': 'selectSexo', 'Estado civil': 'selectEstadoCivil', 'País de nascimento': 'inputPaisNascimento', 'UF de nascimento': 'input...</msg>
<status status="PASS" starttime="20211114 23:32:20.124" endtime="20211114 23:32:20.132"/>
</kw>
<kw name="Click" library="Browser">
<arg>xpath=${elementos_json["Ocupa_antes"]}</arg>
<tag>PageContent</tag>
<tag>Setter</tag>
<doc>Simulates mouse click on the element found by ``selector``.</doc>
<status status="PASS" starttime="20211114 23:32:20.133" endtime="20211114 23:32:20.239"/>
</kw>
<for flavor="IN RANGE">
<var>${cont}</var>
<value>0</value>
<value>4</value>
<iter>
<var name="${cont}">0</var>
<kw name="Click" library="Browser">
<arg>xpath=//*[@id="bs-select-1-${cont}"]</arg>
<tag>PageContent</tag>
<tag>Setter</tag>
<doc>Simulates mouse click on the element found by ``selector``.</doc>
<status status="PASS" starttime="20211114 23:32:20.241" endtime="20211114 23:32:20.458"/>
</kw>
<status status="PASS" starttime="20211114 23:32:20.240" endtime="20211114 23:32:20.459"/>
</iter>
<iter>
<var name="${cont}">1</var>
<kw name="Click" library="Browser">
<arg>xpath=//*[@id="bs-select-1-${cont}"]</arg>
<tag>PageContent</tag>
<tag>Setter</tag>
<doc>Simulates mouse click on the element found by ``selector``.</doc>
<status status="PASS" starttime="20211114 23:32:20.460" endtime="20211114 23:32:20.664"/>
</kw>
<status status="PASS" starttime="20211114 23:32:20.459" endtime="20211114 23:32:20.665"/>
</iter>
<iter>
<var name="${cont}">2</var>
<kw name="Click" library="Browser">
<arg>xpath=//*[@id="bs-select-1-${cont}"]</arg>
<tag>PageContent</tag>
<tag>Setter</tag>
<doc>Simulates mouse click on the element found by ``selector``.</doc>
<status status="PASS" starttime="20211114 23:32:20.666" endtime="20211114 23:32:20.795"/>
</kw>
<status status="PASS" starttime="20211114 23:32:20.665" endtime="20211114 23:32:20.795"/>
</iter>
<iter>
<var name="${cont}">3</var>
<kw name="Click" library="Browser">
<arg>xpath=//*[@id="bs-select-1-${cont}"]</arg>
<tag>PageContent</tag>
<tag>Setter</tag>
<doc>Simulates mouse click on the element found by ``selector``.</doc>
<status status="PASS" starttime="20211114 23:32:20.796" endtime="20211114 23:32:20.933"/>
</kw>
<status status="PASS" starttime="20211114 23:32:20.795" endtime="20211114 23:32:20.933"/>
</iter>
<status status="PASS" starttime="20211114 23:32:20.240" endtime="20211114 23:32:20.933"/>
</for>
<kw name="Click" library="Browser">
<arg>xpath=//*[@id="regForm"]/div/div[1]/h3</arg>
<tag>PageContent</tag>
<tag>Setter</tag>
<doc>Simulates mouse click on the element found by ``selector``.</doc>
<status status="PASS" starttime="20211114 23:32:20.934" endtime="20211114 23:32:20.984"/>
</kw>
<status status="PASS" starttime="20211114 23:32:20.123" endtime="20211114 23:32:20.984"/>
</kw>
<status status="PASS" starttime="20211114 23:32:20.121" endtime="20211114 23:32:20.985"/>
</kw>
<status status="PASS" starttime="20211114 23:32:20.119" endtime="20211114 23:32:20.985"/>
</kw>
<kw name="Quando" library="bdd">
<arg>clicar no "Avançar profissão"</arg>
<kw name="Run Keyword" library="BuiltIn">
<arg>@{Keywords}</arg>
<doc>Executes the given keyword with the given arguments.</doc>
<kw name="clicar no &quot;Avançar profissão&quot;" library="keywords_campos" sourcename="clicar no &quot;${botão}&quot;">
<kw name="Get JSON" library="base">
<var>${elementos_json}</var>
<arg>elementos.json</arg>
<kw name="Get File" library="OperatingSystem">
<var>${file}</var>
<arg>${EXECDIR}/Files/${file_name}</arg>
<doc>Returns the contents of a specified file.</doc>
<msg timestamp="20211114 23:32:20.996" level="INFO" html="true">Getting file '&lt;a href="file:///home/m.calixta/Projeto sigsaúde/Files/elementos.json"&gt;/home/m.calixta/Projeto sigsaúde/Files/elementos.json&lt;/a&gt;'.</msg>
<msg timestamp="20211114 23:32:20.997" level="INFO">${file} = {

    "Tipo Sanguíneo":"inputTipoSanguineo",
    "Cor/Raça":"selectCorRaca",
    "Sexo":"selectSexo",
    "Estado civil":"selectEstadoCivil",
    "País de nascimento":"inputPaisNascimento",
    "UF d...</msg>
<status status="PASS" starttime="20211114 23:32:20.994" endtime="20211114 23:32:20.997"/>
</kw>
<kw name="Evaluate" library="BuiltIn">
<var>${super_var}</var>
<arg>json.loads($file)</arg>
<arg>json</arg>
<doc>Evaluates the given expression in Python and returns the result.</doc>
<msg timestamp="20211114 23:32:20.999" level="INFO">${super_var} = {'Tipo Sanguíneo': 'inputTipoSanguineo', 'Cor/Raça': 'selectCorRaca', 'Sexo': 'selectSexo', 'Estado civil': 'selectEstadoCivil', 'País de nascimento': 'inputPaisNascimento', 'UF de nascimento': 'input...</msg>
<status status="PASS" starttime="20211114 23:32:20.998" endtime="20211114 23:32:21.000"/>
</kw>
<msg timestamp="20211114 23:32:21.001" level="INFO">${elementos_json} = {'Tipo Sanguíneo': 'inputTipoSanguineo', 'Cor/Raça': 'selectCorRaca', 'Sexo': 'selectSexo', 'Estado civil': 'selectEstadoCivil', 'País de nascimento': 'inputPaisNascimento', 'UF de nascimento': 'input...</msg>
<status status="PASS" starttime="20211114 23:32:20.991" endtime="20211114 23:32:21.001"/>
</kw>
<kw name="Click" library="Browser">
<arg>id=${elementos_json["${botão}"]}</arg>
<tag>PageContent</tag>
<tag>Setter</tag>
<doc>Simulates mouse click on the element found by ``selector``.</doc>
<status status="PASS" starttime="20211114 23:32:21.002" endtime="20211114 23:32:21.076"/>
</kw>
<status status="PASS" starttime="20211114 23:32:20.989" endtime="20211114 23:32:21.077"/>
</kw>
<status status="PASS" starttime="20211114 23:32:20.987" endtime="20211114 23:32:21.077"/>
</kw>
<status status="PASS" starttime="20211114 23:32:20.986" endtime="20211114 23:32:21.077"/>
</kw>
<kw name="E" library="bdd">
<arg>clicar em "Salvar profissão"</arg>
<kw name="Run Keyword" library="BuiltIn">
<arg>@{Keywords}</arg>
<doc>Executes the given keyword with the given arguments.</doc>
<kw name="clicar em &quot;Salvar profissão&quot;" library="keywords_campos" sourcename="clicar em &quot;${botão}&quot;">
<kw name="Get JSON" library="base">
<var>${elementos_json}</var>
<arg>elementos.json</arg>
<kw name="Get File" library="OperatingSystem">
<var>${file}</var>
<arg>${EXECDIR}/Files/${file_name}</arg>
<doc>Returns the contents of a specified file.</doc>
<msg timestamp="20211114 23:32:21.087" level="INFO" html="true">Getting file '&lt;a href="file:///home/m.calixta/Projeto sigsaúde/Files/elementos.json"&gt;/home/m.calixta/Projeto sigsaúde/Files/elementos.json&lt;/a&gt;'.</msg>
<msg timestamp="20211114 23:32:21.087" level="INFO">${file} = {

    "Tipo Sanguíneo":"inputTipoSanguineo",
    "Cor/Raça":"selectCorRaca",
    "Sexo":"selectSexo",
    "Estado civil":"selectEstadoCivil",
    "País de nascimento":"inputPaisNascimento",
    "UF d...</msg>
<status status="PASS" starttime="20211114 23:32:21.086" endtime="20211114 23:32:21.087"/>
</kw>
<kw name="Evaluate" library="BuiltIn">
<var>${super_var}</var>
<arg>json.loads($file)</arg>
<arg>json</arg>
<doc>Evaluates the given expression in Python and returns the result.</doc>
<msg timestamp="20211114 23:32:21.090" level="INFO">${super_var} = {'Tipo Sanguíneo': 'inputTipoSanguineo', 'Cor/Raça': 'selectCorRaca', 'Sexo': 'selectSexo', 'Estado civil': 'selectEstadoCivil', 'País de nascimento': 'inputPaisNascimento', 'UF de nascimento': 'input...</msg>
<status status="PASS" starttime="20211114 23:32:21.088" endtime="20211114 23:32:21.090"/>
</kw>
<msg timestamp="20211114 23:32:21.091" level="INFO">${elementos_json} = {'Tipo Sanguíneo': 'inputTipoSanguineo', 'Cor/Raça': 'selectCorRaca', 'Sexo': 'selectSexo', 'Estado civil': 'selectEstadoCivil', 'País de nascimento': 'inputPaisNascimento', 'UF de nascimento': 'input...</msg>
<status status="PASS" starttime="20211114 23:32:21.083" endtime="20211114 23:32:21.091"/>
</kw>
<kw name="Click" library="Browser">
<arg>css=${elementos_json["${botão}"]}</arg>
<tag>PageContent</tag>
<tag>Setter</tag>
<doc>Simulates mouse click on the element found by ``selector``.</doc>
<status status="PASS" starttime="20211114 23:32:21.092" endtime="20211114 23:32:21.412"/>
</kw>
<status status="PASS" starttime="20211114 23:32:21.082" endtime="20211114 23:32:21.414"/>
</kw>
<status status="PASS" starttime="20211114 23:32:21.081" endtime="20211114 23:32:21.414"/>
</kw>
<status status="PASS" starttime="20211114 23:32:21.079" endtime="20211114 23:32:21.416"/>
</kw>
<kw name="Então" library="bdd">
<arg>mensagem de cadastro realizado com sucesso</arg>
<kw name="Run Keyword" library="BuiltIn">
<arg>@{Keywords}</arg>
<doc>Executes the given keyword with the given arguments.</doc>
<kw name="mensagem de cadastro realizado com sucesso" library="keywords_campos">
<kw name="Wait For Elements State" library="Browser">
<arg>xpath=/html/body/div[2]/div</arg>
<arg>visible</arg>
<tag>PageContent</tag>
<tag>Wait</tag>
<doc>Waits for the element found by ``selector`` to satisfy state option.</doc>
<msg timestamp="20211114 23:32:22.406" level="INFO">Wait for Element with selector: xpath=/html/body/div[2]/div</msg>
<status status="PASS" starttime="20211114 23:32:21.429" endtime="20211114 23:32:22.406"/>
</kw>
<kw name="Click" library="Browser">
<arg>xpath=/html/body/div[2]/div/div[3]/div/button</arg>
<tag>PageContent</tag>
<tag>Setter</tag>
<doc>Simulates mouse click on the element found by ``selector``.</doc>
<status status="PASS" starttime="20211114 23:32:22.407" endtime="20211114 23:32:22.771"/>
</kw>
<status status="PASS" starttime="20211114 23:32:21.426" endtime="20211114 23:32:22.772"/>
</kw>
<status status="PASS" starttime="20211114 23:32:21.423" endtime="20211114 23:32:22.772"/>
</kw>
<status status="PASS" starttime="20211114 23:32:21.419" endtime="20211114 23:32:22.772"/>
</kw>
<kw name="Sleep" library="BuiltIn">
<arg>20s</arg>
<doc>Pauses the test executed for the given time.</doc>
<msg timestamp="20211114 23:32:42.776" level="INFO">Slept 20 seconds</msg>
<status status="PASS" starttime="20211114 23:32:22.774" endtime="20211114 23:32:42.776"/>
</kw>
<status status="PASS" starttime="20211114 23:32:17.625" endtime="20211114 23:32:42.777"/>
</test>
<doc>Teste Agendamento</doc>
<status status="PASS" starttime="20211114 23:32:06.591" endtime="20211114 23:32:42.788"/>
</suite>
<statistics>
<total>
<stat pass="1" fail="0" skip="0">All Tests</stat>
</total>
<tag>
</tag>
<suite>
<stat pass="1" fail="0" skip="0" id="s1" name="6 - Profissão">6 - Profissão</stat>
</suite>
</statistics>
<errors>
</errors>
</robot>
