<?xml version="1.0" encoding="UTF-8"?>
<robot generator="Robot 4.0.3 (Python 3.8.10 on linux)" generated="20211031 20:45:09.583" rpa="false" schemaversion="2">
<suite id="s1" name="5 - Atendimento endocrinologia" source="/home/m.calixta/Projeto sigsaúde/Tests/5 - Atendimento endocrinologia.robot">
<kw name="iniciar navegador sessão &quot;Endocrinologia&quot;" library="base" type="SETUP" sourcename="iniciar navegador sessão &quot;${login_usuario}&quot;">
<kw name="iniciar Navegador" library="base">
<kw name="Get JSON" library="base">
<var>${config_json}</var>
<arg>config.json</arg>
<kw name="Get File" library="OperatingSystem">
<var>${file}</var>
<arg>${EXECDIR}/Files/${file_name}</arg>
<doc>Returns the contents of a specified file.</doc>
<msg timestamp="20211031 20:45:11.109" level="INFO" html="true">Getting file '&lt;a href="file:///home/m.calixta/Projeto sigsaúde/Files/config.json"&gt;/home/m.calixta/Projeto sigsaúde/Files/config.json&lt;/a&gt;'.</msg>
<msg timestamp="20211031 20:45:11.110" level="INFO">${file} = {
    "base_url":"https://testessigsaude.imd.ufrn.br/sigsaude",
    "navegador":"chromium"
}</msg>
<status status="PASS" starttime="20211031 20:45:11.108" endtime="20211031 20:45:11.110"/>
</kw>
<kw name="Evaluate" library="BuiltIn">
<var>${super_var}</var>
<arg>json.loads($file)</arg>
<arg>json</arg>
<doc>Evaluates the given expression in Python and returns the result.</doc>
<msg timestamp="20211031 20:45:11.129" level="INFO">${super_var} = {'base_url': 'https://testessigsaude.imd.ufrn.br/sigsaude', 'navegador': 'chromium'}</msg>
<status status="PASS" starttime="20211031 20:45:11.111" endtime="20211031 20:45:11.129"/>
</kw>
<msg timestamp="20211031 20:45:11.130" level="INFO">${config_json} = {'base_url': 'https://testessigsaude.imd.ufrn.br/sigsaude', 'navegador': 'chromium'}</msg>
<status status="PASS" starttime="20211031 20:45:11.106" endtime="20211031 20:45:11.131"/>
</kw>
<kw name="New Browser" library="Browser">
<arg>${config_json["navegador"]}</arg>
<arg>False</arg>
<tag>BrowserControl</tag>
<tag>Setter</tag>
<doc>Create a new playwright Browser with specified options.
See `Browser, Context and Page` for more information about Browser and related concepts.</doc>
<msg timestamp="20211031 20:45:11.135" level="INFO">{"browser": "chromium", "headless": false, "handleSIGINT": true, "handleSIGTERM": true, "handleSIGHUP": true, "timeout": 30000.0, "devtools": false, "slowMo": 0.0}</msg>
<msg timestamp="20211031 20:45:11.391" level="INFO">Successfully created browser with options: {"browser":"chromium","headless":false,"handleSIGINT":true,"handleSIGTERM":true,"handleSIGHUP":true,"timeout":30000,"devtools":false,"slowMo":0}</msg>
<status status="PASS" starttime="20211031 20:45:11.131" endtime="20211031 20:45:11.391"/>
</kw>
<status status="PASS" starttime="20211031 20:45:11.104" endtime="20211031 20:45:11.392"/>
</kw>
<kw name="Get JSON" library="base">
<var>${config_json}</var>
<arg>config.json</arg>
<kw name="Get File" library="OperatingSystem">
<var>${file}</var>
<arg>${EXECDIR}/Files/${file_name}</arg>
<doc>Returns the contents of a specified file.</doc>
<msg timestamp="20211031 20:45:11.394" level="INFO" html="true">Getting file '&lt;a href="file:///home/m.calixta/Projeto sigsaúde/Files/config.json"&gt;/home/m.calixta/Projeto sigsaúde/Files/config.json&lt;/a&gt;'.</msg>
<msg timestamp="20211031 20:45:11.395" level="INFO">${file} = {
    "base_url":"https://testessigsaude.imd.ufrn.br/sigsaude",
    "navegador":"chromium"
}</msg>
<status status="PASS" starttime="20211031 20:45:11.393" endtime="20211031 20:45:11.395"/>
</kw>
<kw name="Evaluate" library="BuiltIn">
<var>${super_var}</var>
<arg>json.loads($file)</arg>
<arg>json</arg>
<doc>Evaluates the given expression in Python and returns the result.</doc>
<msg timestamp="20211031 20:45:11.396" level="INFO">${super_var} = {'base_url': 'https://testessigsaude.imd.ufrn.br/sigsaude', 'navegador': 'chromium'}</msg>
<status status="PASS" starttime="20211031 20:45:11.395" endtime="20211031 20:45:11.396"/>
</kw>
<msg timestamp="20211031 20:45:11.397" level="INFO">${config_json} = {'base_url': 'https://testessigsaude.imd.ufrn.br/sigsaude', 'navegador': 'chromium'}</msg>
<status status="PASS" starttime="20211031 20:45:11.392" endtime="20211031 20:45:11.397"/>
</kw>
<kw name="New Page" library="Browser">
<arg>${config_json["base_url"]}</arg>
<tag>BrowserControl</tag>
<tag>Setter</tag>
<doc>Open a new Page. A Page is the Playwright equivalent to a tab.
See `Browser, Context and Page` for more information about Page concept.
Returns a stable identifier for the created page.</doc>
<msg timestamp="20211031 20:45:18.941" level="INFO">Successfully initialized new page object and opened url: https://testessigsaude.imd.ufrn.br/sigsaude</msg>
<msg timestamp="20211031 20:45:18.941" level="INFO">No context was open. New context was automatically opened when this page is created.</msg>
<status status="PASS" starttime="20211031 20:45:11.398" endtime="20211031 20:45:18.942"/>
</kw>
<kw name="Direcionamento da tela &quot;login&quot;" library="nav" sourcename="Direcionamento da tela &quot;${page}&quot;">
<kw name="Get JSON" library="base">
<var>${telas_json}</var>
<arg>telas.json</arg>
<kw name="Get File" library="OperatingSystem">
<var>${file}</var>
<arg>${EXECDIR}/Files/${file_name}</arg>
<doc>Returns the contents of a specified file.</doc>
<msg timestamp="20211031 20:45:18.948" level="INFO" html="true">Getting file '&lt;a href="file:///home/m.calixta/Projeto sigsaúde/Files/telas.json"&gt;/home/m.calixta/Projeto sigsaúde/Files/telas.json&lt;/a&gt;'.</msg>
<msg timestamp="20211031 20:45:18.949" level="INFO">${file} = {
    "login":"/login",
    "novo usuario de serviço":"/paciente/cadastro",
    "listar usuarios de serviço":"/paciente",
    "cadastro de colaborador":"/colaborador/form",
    "agendamento":"/agendam...</msg>
<status status="PASS" starttime="20211031 20:45:18.947" endtime="20211031 20:45:18.949"/>
</kw>
<kw name="Evaluate" library="BuiltIn">
<var>${super_var}</var>
<arg>json.loads($file)</arg>
<arg>json</arg>
<doc>Evaluates the given expression in Python and returns the result.</doc>
<msg timestamp="20211031 20:45:18.952" level="INFO">${super_var} = {'login': '/login', 'novo usuario de serviço': '/paciente/cadastro', 'listar usuarios de serviço': '/paciente', 'cadastro de colaborador': '/colaborador/form', 'agendamento': '/agendamento', 'listar c...</msg>
<status status="PASS" starttime="20211031 20:45:18.950" endtime="20211031 20:45:18.952"/>
</kw>
<msg timestamp="20211031 20:45:18.953" level="INFO">${telas_json} = {'login': '/login', 'novo usuario de serviço': '/paciente/cadastro', 'listar usuarios de serviço': '/paciente', 'cadastro de colaborador': '/colaborador/form', 'agendamento': '/agendamento', 'listar c...</msg>
<status status="PASS" starttime="20211031 20:45:18.945" endtime="20211031 20:45:18.953"/>
</kw>
<kw name="Get JSON" library="base">
<var>${config_json}</var>
<arg>config.json</arg>
<kw name="Get File" library="OperatingSystem">
<var>${file}</var>
<arg>${EXECDIR}/Files/${file_name}</arg>
<doc>Returns the contents of a specified file.</doc>
<msg timestamp="20211031 20:45:18.956" level="INFO" html="true">Getting file '&lt;a href="file:///home/m.calixta/Projeto sigsaúde/Files/config.json"&gt;/home/m.calixta/Projeto sigsaúde/Files/config.json&lt;/a&gt;'.</msg>
<msg timestamp="20211031 20:45:18.957" level="INFO">${file} = {
    "base_url":"https://testessigsaude.imd.ufrn.br/sigsaude",
    "navegador":"chromium"
}</msg>
<status status="PASS" starttime="20211031 20:45:18.955" endtime="20211031 20:45:18.957"/>
</kw>
<kw name="Evaluate" library="BuiltIn">
<var>${super_var}</var>
<arg>json.loads($file)</arg>
<arg>json</arg>
<doc>Evaluates the given expression in Python and returns the result.</doc>
<msg timestamp="20211031 20:45:18.959" level="INFO">${super_var} = {'base_url': 'https://testessigsaude.imd.ufrn.br/sigsaude', 'navegador': 'chromium'}</msg>
<status status="PASS" starttime="20211031 20:45:18.958" endtime="20211031 20:45:18.959"/>
</kw>
<msg timestamp="20211031 20:45:18.960" level="INFO">${config_json} = {'base_url': 'https://testessigsaude.imd.ufrn.br/sigsaude', 'navegador': 'chromium'}</msg>
<status status="PASS" starttime="20211031 20:45:18.954" endtime="20211031 20:45:18.960"/>
</kw>
<kw name="Go To" library="Browser">
<arg>${config_json["base_url"]}${telas_json["${page}"]}</arg>
<tag>BrowserControl</tag>
<tag>Setter</tag>
<doc>Navigates to the given ``url``.</doc>
<msg timestamp="20211031 20:45:22.678" level="INFO">Succesfully opened URL https://testessigsaude.imd.ufrn.br/sigsaude/login</msg>
<status status="PASS" starttime="20211031 20:45:18.961" endtime="20211031 20:45:22.678"/>
</kw>
<status status="PASS" starttime="20211031 20:45:18.944" endtime="20211031 20:45:22.678"/>
</kw>
<kw name="Get JSON" library="base">
<var>${login_json}</var>
<arg>login.json</arg>
<kw name="Get File" library="OperatingSystem">
<var>${file}</var>
<arg>${EXECDIR}/Files/${file_name}</arg>
<doc>Returns the contents of a specified file.</doc>
<msg timestamp="20211031 20:45:22.682" level="INFO" html="true">Getting file '&lt;a href="file:///home/m.calixta/Projeto sigsaúde/Files/login.json"&gt;/home/m.calixta/Projeto sigsaúde/Files/login.json&lt;/a&gt;'.</msg>
<msg timestamp="20211031 20:45:22.682" level="INFO">${file} = {

    "Psicologia":{
        "login": "drpsicologia",
        "senha": 85278120029
    },

    "Endocrinologia":{
        "login": "drendocrinologia",
        "senha": 98841863323
    }
}</msg>
<status status="PASS" starttime="20211031 20:45:22.681" endtime="20211031 20:45:22.682"/>
</kw>
<kw name="Evaluate" library="BuiltIn">
<var>${super_var}</var>
<arg>json.loads($file)</arg>
<arg>json</arg>
<doc>Evaluates the given expression in Python and returns the result.</doc>
<msg timestamp="20211031 20:45:22.685" level="INFO">${super_var} = {'Psicologia': {'login': 'drpsicologia', 'senha': 85278120029}, 'Endocrinologia': {'login': 'drendocrinologia', 'senha': 98841863323}}</msg>
<status status="PASS" starttime="20211031 20:45:22.683" endtime="20211031 20:45:22.685"/>
</kw>
<msg timestamp="20211031 20:45:22.686" level="INFO">${login_json} = {'Psicologia': {'login': 'drpsicologia', 'senha': 85278120029}, 'Endocrinologia': {'login': 'drendocrinologia', 'senha': 98841863323}}</msg>
<status status="PASS" starttime="20211031 20:45:22.679" endtime="20211031 20:45:22.686"/>
</kw>
<kw name="Fill Text" library="Browser">
<arg>id=login-username</arg>
<arg>${login_json["${login_usuario}"]["login"]}</arg>
<tag>PageContent</tag>
<tag>Setter</tag>
<doc>Clears and fills the given ``text`` into the text field found by ``selector``.</doc>
<msg timestamp="20211031 20:45:22.689" level="INFO">Fills the text 'drendocrinologia' in the given field.</msg>
<status status="PASS" starttime="20211031 20:45:22.687" endtime="20211031 20:45:22.723"/>
</kw>
<kw name="Fill Text" library="Browser">
<arg>id=login-password</arg>
<arg>${login_json["${login_usuario}"]["senha"]}</arg>
<tag>PageContent</tag>
<tag>Setter</tag>
<doc>Clears and fills the given ``text`` into the text field found by ``selector``.</doc>
<msg timestamp="20211031 20:45:22.726" level="INFO">Fills the text '98841863323' in the given field.</msg>
<status status="PASS" starttime="20211031 20:45:22.724" endtime="20211031 20:45:22.744"/>
</kw>
<kw name="Click" library="Browser">
<arg>css=[value='Entrar']</arg>
<tag>PageContent</tag>
<tag>Setter</tag>
<doc>Simulates mouse click on the element found by ``selector``.</doc>
<status status="PASS" starttime="20211031 20:45:22.745" endtime="20211031 20:45:23.630"/>
</kw>
<status status="PASS" starttime="20211031 20:45:11.102" endtime="20211031 20:45:23.631"/>
</kw>
<test id="s1-t1" name="[001] - Realizar atendimento (Completo)">
<kw name="Dado" library="bdd">
<arg>que o usuario está na tela "atendimento"</arg>
<kw name="Run Keyword" library="BuiltIn">
<arg>@{Keywords}</arg>
<doc>Executes the given keyword with the given arguments.</doc>
<kw name="que o usuario está na tela &quot;atendimento&quot;" library="nav" sourcename="que o usuario está na tela &quot;${tela}&quot;">
<kw name="Direcionamento da tela &quot;${tela}&quot;" library="nav" sourcename="Direcionamento da tela &quot;${page}&quot;">
<kw name="Get JSON" library="base">
<var>${telas_json}</var>
<arg>telas.json</arg>
<kw name="Get File" library="OperatingSystem">
<var>${file}</var>
<arg>${EXECDIR}/Files/${file_name}</arg>
<doc>Returns the contents of a specified file.</doc>
<msg timestamp="20211031 20:45:23.659" level="INFO" html="true">Getting file '&lt;a href="file:///home/m.calixta/Projeto sigsaúde/Files/telas.json"&gt;/home/m.calixta/Projeto sigsaúde/Files/telas.json&lt;/a&gt;'.</msg>
<msg timestamp="20211031 20:45:23.660" level="INFO">${file} = {
    "login":"/login",
    "novo usuario de serviço":"/paciente/cadastro",
    "listar usuarios de serviço":"/paciente",
    "cadastro de colaborador":"/colaborador/form",
    "agendamento":"/agendam...</msg>
<status status="PASS" starttime="20211031 20:45:23.658" endtime="20211031 20:45:23.660"/>
</kw>
<kw name="Evaluate" library="BuiltIn">
<var>${super_var}</var>
<arg>json.loads($file)</arg>
<arg>json</arg>
<doc>Evaluates the given expression in Python and returns the result.</doc>
<msg timestamp="20211031 20:45:23.662" level="INFO">${super_var} = {'login': '/login', 'novo usuario de serviço': '/paciente/cadastro', 'listar usuarios de serviço': '/paciente', 'cadastro de colaborador': '/colaborador/form', 'agendamento': '/agendamento', 'listar c...</msg>
<status status="PASS" starttime="20211031 20:45:23.661" endtime="20211031 20:45:23.662"/>
</kw>
<msg timestamp="20211031 20:45:23.663" level="INFO">${telas_json} = {'login': '/login', 'novo usuario de serviço': '/paciente/cadastro', 'listar usuarios de serviço': '/paciente', 'cadastro de colaborador': '/colaborador/form', 'agendamento': '/agendamento', 'listar c...</msg>
<status status="PASS" starttime="20211031 20:45:23.657" endtime="20211031 20:45:23.663"/>
</kw>
<kw name="Get JSON" library="base">
<var>${config_json}</var>
<arg>config.json</arg>
<kw name="Get File" library="OperatingSystem">
<var>${file}</var>
<arg>${EXECDIR}/Files/${file_name}</arg>
<doc>Returns the contents of a specified file.</doc>
<msg timestamp="20211031 20:45:23.668" level="INFO" html="true">Getting file '&lt;a href="file:///home/m.calixta/Projeto sigsaúde/Files/config.json"&gt;/home/m.calixta/Projeto sigsaúde/Files/config.json&lt;/a&gt;'.</msg>
<msg timestamp="20211031 20:45:23.669" level="INFO">${file} = {
    "base_url":"https://testessigsaude.imd.ufrn.br/sigsaude",
    "navegador":"chromium"
}</msg>
<status status="PASS" starttime="20211031 20:45:23.667" endtime="20211031 20:45:23.669"/>
</kw>
<kw name="Evaluate" library="BuiltIn">
<var>${super_var}</var>
<arg>json.loads($file)</arg>
<arg>json</arg>
<doc>Evaluates the given expression in Python and returns the result.</doc>
<msg timestamp="20211031 20:45:23.671" level="INFO">${super_var} = {'base_url': 'https://testessigsaude.imd.ufrn.br/sigsaude', 'navegador': 'chromium'}</msg>
<status status="PASS" starttime="20211031 20:45:23.670" endtime="20211031 20:45:23.671"/>
</kw>
<msg timestamp="20211031 20:45:23.672" level="INFO">${config_json} = {'base_url': 'https://testessigsaude.imd.ufrn.br/sigsaude', 'navegador': 'chromium'}</msg>
<status status="PASS" starttime="20211031 20:45:23.664" endtime="20211031 20:45:23.672"/>
</kw>
<kw name="Go To" library="Browser">
<arg>${config_json["base_url"]}${telas_json["${page}"]}</arg>
<tag>BrowserControl</tag>
<tag>Setter</tag>
<doc>Navigates to the given ``url``.</doc>
<msg timestamp="20211031 20:45:26.179" level="INFO">Succesfully opened URL https://testessigsaude.imd.ufrn.br/sigsaude/agenda/</msg>
<status status="PASS" starttime="20211031 20:45:23.673" endtime="20211031 20:45:26.180"/>
</kw>
<status status="PASS" starttime="20211031 20:45:23.655" endtime="20211031 20:45:26.180"/>
</kw>
<status status="PASS" starttime="20211031 20:45:23.654" endtime="20211031 20:45:26.181"/>
</kw>
<status status="PASS" starttime="20211031 20:45:23.652" endtime="20211031 20:45:26.181"/>
</kw>
<status status="PASS" starttime="20211031 20:45:23.648" endtime="20211031 20:45:26.181"/>
</kw>
<kw name="E" library="bdd">
<arg>informar o campo "Data da listagem" com o "01112021"</arg>
<kw name="Run Keyword" library="BuiltIn">
<arg>@{Keywords}</arg>
<doc>Executes the given keyword with the given arguments.</doc>
<kw name="informar o campo &quot;Data da listagem&quot; com o &quot;01112021&quot;" library="keywords_atendimento" sourcename="informar o campo &quot;${campo}&quot; com o &quot;${valor}&quot;">
<kw name="Get JSON" library="base">
<var>${elementos_aten_json}</var>
<arg>elementos_aten.json</arg>
<kw name="Get File" library="OperatingSystem">
<var>${file}</var>
<arg>${EXECDIR}/Files/${file_name}</arg>
<doc>Returns the contents of a specified file.</doc>
<msg timestamp="20211031 20:45:26.189" level="INFO" html="true">Getting file '&lt;a href="file:///home/m.calixta/Projeto sigsaúde/Files/elementos_aten.json"&gt;/home/m.calixta/Projeto sigsaúde/Files/elementos_aten.json&lt;/a&gt;'.</msg>
<msg timestamp="20211031 20:45:26.190" level="INFO">${file} = {
    "Data da listagem":"dataListagem",
    "Pesquisar":"button[class='btn btn-success']",
    "Atendimento":"a[class='atendimento btn-sigsaude btnCorAtendimento']",
    "Sim":"button[class='swal-but...</msg>
<status status="PASS" starttime="20211031 20:45:26.188" endtime="20211031 20:45:26.190"/>
</kw>
<kw name="Evaluate" library="BuiltIn">
<var>${super_var}</var>
<arg>json.loads($file)</arg>
<arg>json</arg>
<doc>Evaluates the given expression in Python and returns the result.</doc>
<msg timestamp="20211031 20:45:26.193" level="INFO">${super_var} = {'Data da listagem': 'dataListagem', 'Pesquisar': "button[class='btn btn-success']", 'Atendimento': "a[class='atendimento btn-sigsaude btnCorAtendimento']", 'Sim': "button[class='swal-button swal-butt...</msg>
<status status="PASS" starttime="20211031 20:45:26.191" endtime="20211031 20:45:26.193"/>
</kw>
<msg timestamp="20211031 20:45:26.194" level="INFO">${elementos_aten_json} = {'Data da listagem': 'dataListagem', 'Pesquisar': "button[class='btn btn-success']", 'Atendimento': "a[class='atendimento btn-sigsaude btnCorAtendimento']", 'Sim': "button[class='swal-button swal-butt...</msg>
<status status="PASS" starttime="20211031 20:45:26.187" endtime="20211031 20:45:26.194"/>
</kw>
<kw name="Type Text" library="Browser">
<arg>id=${elementos_aten_json["${campo}"]}</arg>
<arg>${valor}</arg>
<tag>PageContent</tag>
<tag>Setter</tag>
<doc>Types the given ``txt`` into the text field found by ``selector``.</doc>
<msg timestamp="20211031 20:45:26.200" level="INFO">Types the text '01112021' in the given field.</msg>
<status status="PASS" starttime="20211031 20:45:26.196" endtime="20211031 20:45:26.275"/>
</kw>
<status status="PASS" starttime="20211031 20:45:26.186" endtime="20211031 20:45:26.276"/>
</kw>
<status status="PASS" starttime="20211031 20:45:26.185" endtime="20211031 20:45:26.276"/>
</kw>
<status status="PASS" starttime="20211031 20:45:26.182" endtime="20211031 20:45:26.276"/>
</kw>
<kw name="Quando" library="bdd">
<arg>pressionar o botão "Pesquisar"</arg>
<kw name="Run Keyword" library="BuiltIn">
<arg>@{Keywords}</arg>
<doc>Executes the given keyword with the given arguments.</doc>
<kw name="pressionar o botão &quot;Pesquisar&quot;" library="keywords_atendimento" sourcename="pressionar o botão &quot;${botão}&quot;">
<kw name="Get JSON" library="base">
<var>${elementos_aten_json}</var>
<arg>elementos_aten.json</arg>
<kw name="Get File" library="OperatingSystem">
<var>${file}</var>
<arg>${EXECDIR}/Files/${file_name}</arg>
<doc>Returns the contents of a specified file.</doc>
<msg timestamp="20211031 20:45:26.282" level="INFO" html="true">Getting file '&lt;a href="file:///home/m.calixta/Projeto sigsaúde/Files/elementos_aten.json"&gt;/home/m.calixta/Projeto sigsaúde/Files/elementos_aten.json&lt;/a&gt;'.</msg>
<msg timestamp="20211031 20:45:26.283" level="INFO">${file} = {
    "Data da listagem":"dataListagem",
    "Pesquisar":"button[class='btn btn-success']",
    "Atendimento":"a[class='atendimento btn-sigsaude btnCorAtendimento']",
    "Sim":"button[class='swal-but...</msg>
<status status="PASS" starttime="20211031 20:45:26.281" endtime="20211031 20:45:26.283"/>
</kw>
<kw name="Evaluate" library="BuiltIn">
<var>${super_var}</var>
<arg>json.loads($file)</arg>
<arg>json</arg>
<doc>Evaluates the given expression in Python and returns the result.</doc>
<msg timestamp="20211031 20:45:26.286" level="INFO">${super_var} = {'Data da listagem': 'dataListagem', 'Pesquisar': "button[class='btn btn-success']", 'Atendimento': "a[class='atendimento btn-sigsaude btnCorAtendimento']", 'Sim': "button[class='swal-button swal-butt...</msg>
<status status="PASS" starttime="20211031 20:45:26.284" endtime="20211031 20:45:26.287"/>
</kw>
<msg timestamp="20211031 20:45:26.289" level="INFO">${elementos_aten_json} = {'Data da listagem': 'dataListagem', 'Pesquisar': "button[class='btn btn-success']", 'Atendimento': "a[class='atendimento btn-sigsaude btnCorAtendimento']", 'Sim': "button[class='swal-button swal-butt...</msg>
<status status="PASS" starttime="20211031 20:45:26.280" endtime="20211031 20:45:26.289"/>
</kw>
<kw name="Click" library="Browser">
<arg>css=${elementos_aten_json["${botão}"]}</arg>
<tag>PageContent</tag>
<tag>Setter</tag>
<doc>Simulates mouse click on the element found by ``selector``.</doc>
<status status="PASS" starttime="20211031 20:45:26.291" endtime="20211031 20:45:26.429"/>
</kw>
<status status="PASS" starttime="20211031 20:45:26.279" endtime="20211031 20:45:26.429"/>
</kw>
<status status="PASS" starttime="20211031 20:45:26.278" endtime="20211031 20:45:26.429"/>
</kw>
<status status="PASS" starttime="20211031 20:45:26.277" endtime="20211031 20:45:26.430"/>
</kw>
<kw name="Então" library="bdd">
<arg>iniciar atendimento</arg>
<kw name="Run Keyword" library="BuiltIn">
<arg>@{Keywords}</arg>
<doc>Executes the given keyword with the given arguments.</doc>
<kw name="iniciar atendimento" library="keywords_atendimento">
<kw name="Get JSON" library="base">
<var>${elementos_aten_json}</var>
<arg>elementos_aten.json</arg>
<kw name="Get File" library="OperatingSystem">
<var>${file}</var>
<arg>${EXECDIR}/Files/${file_name}</arg>
<doc>Returns the contents of a specified file.</doc>
<msg timestamp="20211031 20:45:26.442" level="INFO" html="true">Getting file '&lt;a href="file:///home/m.calixta/Projeto sigsaúde/Files/elementos_aten.json"&gt;/home/m.calixta/Projeto sigsaúde/Files/elementos_aten.json&lt;/a&gt;'.</msg>
<msg timestamp="20211031 20:45:26.443" level="INFO">${file} = {
    "Data da listagem":"dataListagem",
    "Pesquisar":"button[class='btn btn-success']",
    "Atendimento":"a[class='atendimento btn-sigsaude btnCorAtendimento']",
    "Sim":"button[class='swal-but...</msg>
<status status="PASS" starttime="20211031 20:45:26.440" endtime="20211031 20:45:26.443"/>
</kw>
<kw name="Evaluate" library="BuiltIn">
<var>${super_var}</var>
<arg>json.loads($file)</arg>
<arg>json</arg>
<doc>Evaluates the given expression in Python and returns the result.</doc>
<msg timestamp="20211031 20:45:26.446" level="INFO">${super_var} = {'Data da listagem': 'dataListagem', 'Pesquisar': "button[class='btn btn-success']", 'Atendimento': "a[class='atendimento btn-sigsaude btnCorAtendimento']", 'Sim': "button[class='swal-button swal-butt...</msg>
<status status="PASS" starttime="20211031 20:45:26.444" endtime="20211031 20:45:26.447"/>
</kw>
<msg timestamp="20211031 20:45:26.448" level="INFO">${elementos_aten_json} = {'Data da listagem': 'dataListagem', 'Pesquisar': "button[class='btn btn-success']", 'Atendimento': "a[class='atendimento btn-sigsaude btnCorAtendimento']", 'Sim': "button[class='swal-button swal-butt...</msg>
<status status="PASS" starttime="20211031 20:45:26.438" endtime="20211031 20:45:26.448"/>
</kw>
<kw name="Click" library="Browser">
<arg>css=${elementos_aten_json["Atendimento"]}</arg>
<tag>PageContent</tag>
<tag>Setter</tag>
<doc>Simulates mouse click on the element found by ``selector``.</doc>
<status status="PASS" starttime="20211031 20:45:26.449" endtime="20211031 20:45:26.853"/>
</kw>
<kw name="Wait For Elements State" library="Browser">
<arg>css=${elementos_aten_json["Tela de aviso"]}</arg>
<arg>visible</arg>
<arg>6s</arg>
<tag>PageContent</tag>
<tag>Wait</tag>
<doc>Waits for the element found by ``selector`` to satisfy state option.</doc>
<msg timestamp="20211031 20:45:26.953" level="INFO">Wait for Element with selector: css=.swal-modal</msg>
<status status="PASS" starttime="20211031 20:45:26.854" endtime="20211031 20:45:26.953"/>
</kw>
<for flavor="IN RANGE">
<var>${contador}</var>
<value>1</value>
<value>3</value>
<iter>
<var name="${contador}">1</var>
<kw name="Click" library="Browser">
<arg>css=${elementos_aten_json["Sim"]}</arg>
<tag>PageContent</tag>
<tag>Setter</tag>
<doc>Simulates mouse click on the element found by ``selector``.</doc>
<status status="PASS" starttime="20211031 20:45:26.955" endtime="20211031 20:45:27.275"/>
</kw>
<status status="PASS" starttime="20211031 20:45:26.954" endtime="20211031 20:45:27.275"/>
</iter>
<iter>
<var name="${contador}">2</var>
<kw name="Click" library="Browser">
<arg>css=${elementos_aten_json["Sim"]}</arg>
<tag>PageContent</tag>
<tag>Setter</tag>
<doc>Simulates mouse click on the element found by ``selector``.</doc>
<status status="PASS" starttime="20211031 20:45:27.277" endtime="20211031 20:45:28.756"/>
</kw>
<status status="PASS" starttime="20211031 20:45:27.276" endtime="20211031 20:45:28.756"/>
</iter>
<status status="PASS" starttime="20211031 20:45:26.953" endtime="20211031 20:45:28.756"/>
</for>
<status status="PASS" starttime="20211031 20:45:26.436" endtime="20211031 20:45:28.758"/>
</kw>
<status status="PASS" starttime="20211031 20:45:26.434" endtime="20211031 20:45:28.758"/>
</kw>
<status status="PASS" starttime="20211031 20:45:26.431" endtime="20211031 20:45:28.760"/>
</kw>
<kw name="E" library="bdd">
<arg>informar dados de diagnóstico</arg>
<kw name="Run Keyword" library="BuiltIn">
<arg>@{Keywords}</arg>
<doc>Executes the given keyword with the given arguments.</doc>
<kw name="informar dados de diagnóstico" library="keywords_atendimento">
<kw name="Get JSON" library="base">
<var>${elementos_aten_json}</var>
<arg>elementos_aten.json</arg>
<kw name="Get File" library="OperatingSystem">
<var>${file}</var>
<arg>${EXECDIR}/Files/${file_name}</arg>
<doc>Returns the contents of a specified file.</doc>
<msg timestamp="20211031 20:45:28.789" level="INFO" html="true">Getting file '&lt;a href="file:///home/m.calixta/Projeto sigsaúde/Files/elementos_aten.json"&gt;/home/m.calixta/Projeto sigsaúde/Files/elementos_aten.json&lt;/a&gt;'.</msg>
<msg timestamp="20211031 20:45:28.791" level="INFO">${file} = {
    "Data da listagem":"dataListagem",
    "Pesquisar":"button[class='btn btn-success']",
    "Atendimento":"a[class='atendimento btn-sigsaude btnCorAtendimento']",
    "Sim":"button[class='swal-but...</msg>
<status status="PASS" starttime="20211031 20:45:28.784" endtime="20211031 20:45:28.791"/>
</kw>
<kw name="Evaluate" library="BuiltIn">
<var>${super_var}</var>
<arg>json.loads($file)</arg>
<arg>json</arg>
<doc>Evaluates the given expression in Python and returns the result.</doc>
<msg timestamp="20211031 20:45:28.799" level="INFO">${super_var} = {'Data da listagem': 'dataListagem', 'Pesquisar': "button[class='btn btn-success']", 'Atendimento': "a[class='atendimento btn-sigsaude btnCorAtendimento']", 'Sim': "button[class='swal-button swal-butt...</msg>
<status status="PASS" starttime="20211031 20:45:28.795" endtime="20211031 20:45:28.799"/>
</kw>
<msg timestamp="20211031 20:45:28.800" level="INFO">${elementos_aten_json} = {'Data da listagem': 'dataListagem', 'Pesquisar': "button[class='btn btn-success']", 'Atendimento': "a[class='atendimento btn-sigsaude btnCorAtendimento']", 'Sim': "button[class='swal-button swal-butt...</msg>
<status status="PASS" starttime="20211031 20:45:28.778" endtime="20211031 20:45:28.800"/>
</kw>
<kw name="Click" library="Browser">
<arg>id=${elementos_aten_json["Dados de diagnóstico"]}</arg>
<tag>PageContent</tag>
<tag>Setter</tag>
<doc>Simulates mouse click on the element found by ``selector``.</doc>
<status status="PASS" starttime="20211031 20:45:28.802" endtime="20211031 20:45:35.514"/>
</kw>
<for flavor="IN RANGE">
<var>${contador}</var>
<value>1</value>
<value>4</value>
<iter>
<var name="${contador}">1</var>
<if>
<branch type="IF" condition="${contador}==1">
<kw name="Set Variable" library="BuiltIn">
<var>${campo}</var>
<arg>Possui HAS?</arg>
<doc>Returns the given values which can then be assigned to a variables.</doc>
<msg timestamp="20211031 20:45:35.518" level="INFO">${campo} = Possui HAS?</msg>
<status status="PASS" starttime="20211031 20:45:35.517" endtime="20211031 20:45:35.518"/>
</kw>
<kw name="Set Variable" library="BuiltIn">
<var>${descrição}</var>
<arg>Descrição da HAS</arg>
<doc>Returns the given values which can then be assigned to a variables.</doc>
<msg timestamp="20211031 20:45:35.520" level="INFO">${descrição} = Descrição da HAS</msg>
<status status="PASS" starttime="20211031 20:45:35.519" endtime="20211031 20:45:35.520"/>
</kw>
<status status="PASS" starttime="20211031 20:45:35.516" endtime="20211031 20:45:35.520"/>
</branch>
<branch type="ELSE IF" condition="${contador}==2">
<kw name="Set Variable" library="BuiltIn">
<var>${campo}</var>
<arg>Possui DM?</arg>
<doc>Returns the given values which can then be assigned to a variables.</doc>
<status status="NOT RUN" starttime="20211031 20:45:35.521" endtime="20211031 20:45:35.522"/>
</kw>
<kw name="Set Variable" library="BuiltIn">
<var>${descrição}</var>
<arg>Descrição da DM</arg>
<doc>Returns the given values which can then be assigned to a variables.</doc>
<status status="NOT RUN" starttime="20211031 20:45:35.523" endtime="20211031 20:45:35.523"/>
</kw>
<status status="NOT RUN" starttime="20211031 20:45:35.521" endtime="20211031 20:45:35.523"/>
</branch>
<branch type="ELSE IF" condition="${contador}==3">
<kw name="Set Variable" library="BuiltIn">
<var>${campo}</var>
<arg>Possui DLP?</arg>
<doc>Returns the given values which can then be assigned to a variables.</doc>
<status status="NOT RUN" starttime="20211031 20:45:35.524" endtime="20211031 20:45:35.525"/>
</kw>
<kw name="Set Variable" library="BuiltIn">
<var>${descrição}</var>
<arg>Descrição da DLP</arg>
<doc>Returns the given values which can then be assigned to a variables.</doc>
<status status="NOT RUN" starttime="20211031 20:45:35.525" endtime="20211031 20:45:35.525"/>
</kw>
<status status="NOT RUN" starttime="20211031 20:45:35.524" endtime="20211031 20:45:35.526"/>
</branch>
<status status="PASS" starttime="20211031 20:45:35.515" endtime="20211031 20:45:35.526"/>
</if>
<kw name="Select Options By" library="Browser">
<arg>id=${elementos_aten_json["${campo}"]}</arg>
<arg>Text</arg>
<arg>SIM</arg>
<tag>PageContent</tag>
<tag>Setter</tag>
<doc>Selects options from select element found by ``selector``.</doc>
<status status="PASS" starttime="20211031 20:45:35.526" endtime="20211031 20:45:35.576"/>
</kw>
<kw name="informar o campo &quot;${descrição}&quot; com o &quot;Teste automatizado&quot;" library="keywords_atendimento" sourcename="informar o campo &quot;${campo}&quot; com o &quot;${valor}&quot;">
<kw name="Get JSON" library="base">
<var>${elementos_aten_json}</var>
<arg>elementos_aten.json</arg>
<kw name="Get File" library="OperatingSystem">
<var>${file}</var>
<arg>${EXECDIR}/Files/${file_name}</arg>
<doc>Returns the contents of a specified file.</doc>
<msg timestamp="20211031 20:45:35.581" level="INFO" html="true">Getting file '&lt;a href="file:///home/m.calixta/Projeto sigsaúde/Files/elementos_aten.json"&gt;/home/m.calixta/Projeto sigsaúde/Files/elementos_aten.json&lt;/a&gt;'.</msg>
<msg timestamp="20211031 20:45:35.581" level="INFO">${file} = {
    "Data da listagem":"dataListagem",
    "Pesquisar":"button[class='btn btn-success']",
    "Atendimento":"a[class='atendimento btn-sigsaude btnCorAtendimento']",
    "Sim":"button[class='swal-but...</msg>
<status status="PASS" starttime="20211031 20:45:35.580" endtime="20211031 20:45:35.581"/>
</kw>
<kw name="Evaluate" library="BuiltIn">
<var>${super_var}</var>
<arg>json.loads($file)</arg>
<arg>json</arg>
<doc>Evaluates the given expression in Python and returns the result.</doc>
<msg timestamp="20211031 20:45:35.584" level="INFO">${super_var} = {'Data da listagem': 'dataListagem', 'Pesquisar': "button[class='btn btn-success']", 'Atendimento': "a[class='atendimento btn-sigsaude btnCorAtendimento']", 'Sim': "button[class='swal-button swal-butt...</msg>
<status status="PASS" starttime="20211031 20:45:35.582" endtime="20211031 20:45:35.584"/>
</kw>
<msg timestamp="20211031 20:45:35.585" level="INFO">${elementos_aten_json} = {'Data da listagem': 'dataListagem', 'Pesquisar': "button[class='btn btn-success']", 'Atendimento': "a[class='atendimento btn-sigsaude btnCorAtendimento']", 'Sim': "button[class='swal-button swal-butt...</msg>
<status status="PASS" starttime="20211031 20:45:35.579" endtime="20211031 20:45:35.585"/>
</kw>
<kw name="Type Text" library="Browser">
<arg>id=${elementos_aten_json["${campo}"]}</arg>
<arg>${valor}</arg>
<tag>PageContent</tag>
<tag>Setter</tag>
<doc>Types the given ``txt`` into the text field found by ``selector``.</doc>
<msg timestamp="20211031 20:45:35.589" level="INFO">Types the text 'Teste automatizado' in the given field.</msg>
<status status="PASS" starttime="20211031 20:45:35.587" endtime="20211031 20:45:35.695"/>
</kw>
<status status="PASS" starttime="20211031 20:45:35.577" endtime="20211031 20:45:35.695"/>
</kw>
<kw name="Click" library="Browser">
<arg>xpath=${elementos_aten_json["Avançar"]}</arg>
<tag>PageContent</tag>
<tag>Setter</tag>
<doc>Simulates mouse click on the element found by ``selector``.</doc>
<status status="PASS" starttime="20211031 20:45:35.696" endtime="20211031 20:45:35.762"/>
</kw>
<status status="PASS" starttime="20211031 20:45:35.514" endtime="20211031 20:45:35.763"/>
</iter>
<iter>
<var name="${contador}">2</var>
<if>
<branch type="IF" condition="${contador}==1">
<kw name="Set Variable" library="BuiltIn">
<var>${campo}</var>
<arg>Possui HAS?</arg>
<doc>Returns the given values which can then be assigned to a variables.</doc>
<status status="NOT RUN" starttime="20211031 20:45:35.764" endtime="20211031 20:45:35.764"/>
</kw>
<kw name="Set Variable" library="BuiltIn">
<var>${descrição}</var>
<arg>Descrição da HAS</arg>
<doc>Returns the given values which can then be assigned to a variables.</doc>
<status status="NOT RUN" starttime="20211031 20:45:35.765" endtime="20211031 20:45:35.765"/>
</kw>
<status status="NOT RUN" starttime="20211031 20:45:35.763" endtime="20211031 20:45:35.765"/>
</branch>
<branch type="ELSE IF" condition="${contador}==2">
<kw name="Set Variable" library="BuiltIn">
<var>${campo}</var>
<arg>Possui DM?</arg>
<doc>Returns the given values which can then be assigned to a variables.</doc>
<msg timestamp="20211031 20:45:35.768" level="INFO">${campo} = Possui DM?</msg>
<status status="PASS" starttime="20211031 20:45:35.767" endtime="20211031 20:45:35.768"/>
</kw>
<kw name="Set Variable" library="BuiltIn">
<var>${descrição}</var>
<arg>Descrição da DM</arg>
<doc>Returns the given values which can then be assigned to a variables.</doc>
<msg timestamp="20211031 20:45:35.770" level="INFO">${descrição} = Descrição da DM</msg>
<status status="PASS" starttime="20211031 20:45:35.769" endtime="20211031 20:45:35.770"/>
</kw>
<status status="PASS" starttime="20211031 20:45:35.766" endtime="20211031 20:45:35.770"/>
</branch>
<branch type="ELSE IF" condition="${contador}==3">
<kw name="Set Variable" library="BuiltIn">
<var>${campo}</var>
<arg>Possui DLP?</arg>
<doc>Returns the given values which can then be assigned to a variables.</doc>
<status status="NOT RUN" starttime="20211031 20:45:35.771" endtime="20211031 20:45:35.771"/>
</kw>
<kw name="Set Variable" library="BuiltIn">
<var>${descrição}</var>
<arg>Descrição da DLP</arg>
<doc>Returns the given values which can then be assigned to a variables.</doc>
<status status="NOT RUN" starttime="20211031 20:45:35.772" endtime="20211031 20:45:35.772"/>
</kw>
<status status="NOT RUN" starttime="20211031 20:45:35.770" endtime="20211031 20:45:35.772"/>
</branch>
<status status="PASS" starttime="20211031 20:45:35.763" endtime="20211031 20:45:35.772"/>
</if>
<kw name="Select Options By" library="Browser">
<arg>id=${elementos_aten_json["${campo}"]}</arg>
<arg>Text</arg>
<arg>SIM</arg>
<tag>PageContent</tag>
<tag>Setter</tag>
<doc>Selects options from select element found by ``selector``.</doc>
<status status="PASS" starttime="20211031 20:45:35.773" endtime="20211031 20:45:35.852"/>
</kw>
<kw name="informar o campo &quot;${descrição}&quot; com o &quot;Teste automatizado&quot;" library="keywords_atendimento" sourcename="informar o campo &quot;${campo}&quot; com o &quot;${valor}&quot;">
<kw name="Get JSON" library="base">
<var>${elementos_aten_json}</var>
<arg>elementos_aten.json</arg>
<kw name="Get File" library="OperatingSystem">
<var>${file}</var>
<arg>${EXECDIR}/Files/${file_name}</arg>
<doc>Returns the contents of a specified file.</doc>
<msg timestamp="20211031 20:45:35.857" level="INFO" html="true">Getting file '&lt;a href="file:///home/m.calixta/Projeto sigsaúde/Files/elementos_aten.json"&gt;/home/m.calixta/Projeto sigsaúde/Files/elementos_aten.json&lt;/a&gt;'.</msg>
<msg timestamp="20211031 20:45:35.857" level="INFO">${file} = {
    "Data da listagem":"dataListagem",
    "Pesquisar":"button[class='btn btn-success']",
    "Atendimento":"a[class='atendimento btn-sigsaude btnCorAtendimento']",
    "Sim":"button[class='swal-but...</msg>
<status status="PASS" starttime="20211031 20:45:35.856" endtime="20211031 20:45:35.857"/>
</kw>
<kw name="Evaluate" library="BuiltIn">
<var>${super_var}</var>
<arg>json.loads($file)</arg>
<arg>json</arg>
<doc>Evaluates the given expression in Python and returns the result.</doc>
<msg timestamp="20211031 20:45:35.859" level="INFO">${super_var} = {'Data da listagem': 'dataListagem', 'Pesquisar': "button[class='btn btn-success']", 'Atendimento': "a[class='atendimento btn-sigsaude btnCorAtendimento']", 'Sim': "button[class='swal-button swal-butt...</msg>
<status status="PASS" starttime="20211031 20:45:35.858" endtime="20211031 20:45:35.859"/>
</kw>
<msg timestamp="20211031 20:45:35.860" level="INFO">${elementos_aten_json} = {'Data da listagem': 'dataListagem', 'Pesquisar': "button[class='btn btn-success']", 'Atendimento': "a[class='atendimento btn-sigsaude btnCorAtendimento']", 'Sim': "button[class='swal-button swal-butt...</msg>
<status status="PASS" starttime="20211031 20:45:35.855" endtime="20211031 20:45:35.860"/>
</kw>
<kw name="Type Text" library="Browser">
<arg>id=${elementos_aten_json["${campo}"]}</arg>
<arg>${valor}</arg>
<tag>PageContent</tag>
<tag>Setter</tag>
<doc>Types the given ``txt`` into the text field found by ``selector``.</doc>
<msg timestamp="20211031 20:45:35.864" level="INFO">Types the text 'Teste automatizado' in the given field.</msg>
<status status="PASS" starttime="20211031 20:45:35.861" endtime="20211031 20:45:36.147"/>
</kw>
<status status="PASS" starttime="20211031 20:45:35.853" endtime="20211031 20:45:36.148"/>
</kw>
<kw name="Click" library="Browser">
<arg>xpath=${elementos_aten_json["Avançar"]}</arg>
<tag>PageContent</tag>
<tag>Setter</tag>
<doc>Simulates mouse click on the element found by ``selector``.</doc>
<status status="PASS" starttime="20211031 20:45:36.149" endtime="20211031 20:45:36.207"/>
</kw>
<status status="PASS" starttime="20211031 20:45:35.763" endtime="20211031 20:45:36.207"/>
</iter>
<iter>
<var name="${contador}">3</var>
<if>
<branch type="IF" condition="${contador}==1">
<kw name="Set Variable" library="BuiltIn">
<var>${campo}</var>
<arg>Possui HAS?</arg>
<doc>Returns the given values which can then be assigned to a variables.</doc>
<status status="NOT RUN" starttime="20211031 20:45:36.209" endtime="20211031 20:45:36.209"/>
</kw>
<kw name="Set Variable" library="BuiltIn">
<var>${descrição}</var>
<arg>Descrição da HAS</arg>
<doc>Returns the given values which can then be assigned to a variables.</doc>
<status status="NOT RUN" starttime="20211031 20:45:36.210" endtime="20211031 20:45:36.210"/>
</kw>
<status status="NOT RUN" starttime="20211031 20:45:36.208" endtime="20211031 20:45:36.210"/>
</branch>
<branch type="ELSE IF" condition="${contador}==2">
<kw name="Set Variable" library="BuiltIn">
<var>${campo}</var>
<arg>Possui DM?</arg>
<doc>Returns the given values which can then be assigned to a variables.</doc>
<status status="NOT RUN" starttime="20211031 20:45:36.211" endtime="20211031 20:45:36.211"/>
</kw>
<kw name="Set Variable" library="BuiltIn">
<var>${descrição}</var>
<arg>Descrição da DM</arg>
<doc>Returns the given values which can then be assigned to a variables.</doc>
<status status="NOT RUN" starttime="20211031 20:45:36.212" endtime="20211031 20:45:36.212"/>
</kw>
<status status="NOT RUN" starttime="20211031 20:45:36.211" endtime="20211031 20:45:36.212"/>
</branch>
<branch type="ELSE IF" condition="${contador}==3">
<kw name="Set Variable" library="BuiltIn">
<var>${campo}</var>
<arg>Possui DLP?</arg>
<doc>Returns the given values which can then be assigned to a variables.</doc>
<msg timestamp="20211031 20:45:36.214" level="INFO">${campo} = Possui DLP?</msg>
<status status="PASS" starttime="20211031 20:45:36.213" endtime="20211031 20:45:36.214"/>
</kw>
<kw name="Set Variable" library="BuiltIn">
<var>${descrição}</var>
<arg>Descrição da DLP</arg>
<doc>Returns the given values which can then be assigned to a variables.</doc>
<msg timestamp="20211031 20:45:36.216" level="INFO">${descrição} = Descrição da DLP</msg>
<status status="PASS" starttime="20211031 20:45:36.215" endtime="20211031 20:45:36.216"/>
</kw>
<status status="PASS" starttime="20211031 20:45:36.213" endtime="20211031 20:45:36.216"/>
</branch>
<status status="PASS" starttime="20211031 20:45:36.208" endtime="20211031 20:45:36.216"/>
</if>
<kw name="Select Options By" library="Browser">
<arg>id=${elementos_aten_json["${campo}"]}</arg>
<arg>Text</arg>
<arg>SIM</arg>
<tag>PageContent</tag>
<tag>Setter</tag>
<doc>Selects options from select element found by ``selector``.</doc>
<status status="PASS" starttime="20211031 20:45:36.217" endtime="20211031 20:45:36.320"/>
</kw>
<kw name="informar o campo &quot;${descrição}&quot; com o &quot;Teste automatizado&quot;" library="keywords_atendimento" sourcename="informar o campo &quot;${campo}&quot; com o &quot;${valor}&quot;">
<kw name="Get JSON" library="base">
<var>${elementos_aten_json}</var>
<arg>elementos_aten.json</arg>
<kw name="Get File" library="OperatingSystem">
<var>${file}</var>
<arg>${EXECDIR}/Files/${file_name}</arg>
<doc>Returns the contents of a specified file.</doc>
<msg timestamp="20211031 20:45:36.325" level="INFO" html="true">Getting file '&lt;a href="file:///home/m.calixta/Projeto sigsaúde/Files/elementos_aten.json"&gt;/home/m.calixta/Projeto sigsaúde/Files/elementos_aten.json&lt;/a&gt;'.</msg>
<msg timestamp="20211031 20:45:36.325" level="INFO">${file} = {
    "Data da listagem":"dataListagem",
    "Pesquisar":"button[class='btn btn-success']",
    "Atendimento":"a[class='atendimento btn-sigsaude btnCorAtendimento']",
    "Sim":"button[class='swal-but...</msg>
<status status="PASS" starttime="20211031 20:45:36.324" endtime="20211031 20:45:36.325"/>
</kw>
<kw name="Evaluate" library="BuiltIn">
<var>${super_var}</var>
<arg>json.loads($file)</arg>
<arg>json</arg>
<doc>Evaluates the given expression in Python and returns the result.</doc>
<msg timestamp="20211031 20:45:36.327" level="INFO">${super_var} = {'Data da listagem': 'dataListagem', 'Pesquisar': "button[class='btn btn-success']", 'Atendimento': "a[class='atendimento btn-sigsaude btnCorAtendimento']", 'Sim': "button[class='swal-button swal-butt...</msg>
<status status="PASS" starttime="20211031 20:45:36.326" endtime="20211031 20:45:36.327"/>
</kw>
<msg timestamp="20211031 20:45:36.328" level="INFO">${elementos_aten_json} = {'Data da listagem': 'dataListagem', 'Pesquisar': "button[class='btn btn-success']", 'Atendimento': "a[class='atendimento btn-sigsaude btnCorAtendimento']", 'Sim': "button[class='swal-button swal-butt...</msg>
<status status="PASS" starttime="20211031 20:45:36.322" endtime="20211031 20:45:36.328"/>
</kw>
<kw name="Type Text" library="Browser">
<arg>id=${elementos_aten_json["${campo}"]}</arg>
<arg>${valor}</arg>
<tag>PageContent</tag>
<tag>Setter</tag>
<doc>Types the given ``txt`` into the text field found by ``selector``.</doc>
<msg timestamp="20211031 20:45:36.331" level="INFO">Types the text 'Teste automatizado' in the given field.</msg>
<status status="PASS" starttime="20211031 20:45:36.328" endtime="20211031 20:45:36.615"/>
</kw>
<status status="PASS" starttime="20211031 20:45:36.320" endtime="20211031 20:45:36.616"/>
</kw>
<kw name="Click" library="Browser">
<arg>xpath=${elementos_aten_json["Avançar"]}</arg>
<tag>PageContent</tag>
<tag>Setter</tag>
<doc>Simulates mouse click on the element found by ``selector``.</doc>
<status status="PASS" starttime="20211031 20:45:36.617" endtime="20211031 20:45:36.713"/>
</kw>
<status status="PASS" starttime="20211031 20:45:36.208" endtime="20211031 20:45:36.714"/>
</iter>
<status status="PASS" starttime="20211031 20:45:35.514" endtime="20211031 20:45:36.714"/>
</for>
<kw name="informar dados dos exames laboratoriais" library="keywords_atendimento">
<kw name="Get JSON" library="base">
<var>${elementos_aten_json}</var>
<arg>elementos_aten.json</arg>
<kw name="Get File" library="OperatingSystem">
<var>${file}</var>
<arg>${EXECDIR}/Files/${file_name}</arg>
<doc>Returns the contents of a specified file.</doc>
<msg timestamp="20211031 20:45:36.718" level="INFO" html="true">Getting file '&lt;a href="file:///home/m.calixta/Projeto sigsaúde/Files/elementos_aten.json"&gt;/home/m.calixta/Projeto sigsaúde/Files/elementos_aten.json&lt;/a&gt;'.</msg>
<msg timestamp="20211031 20:45:36.719" level="INFO">${file} = {
    "Data da listagem":"dataListagem",
    "Pesquisar":"button[class='btn btn-success']",
    "Atendimento":"a[class='atendimento btn-sigsaude btnCorAtendimento']",
    "Sim":"button[class='swal-but...</msg>
<status status="PASS" starttime="20211031 20:45:36.717" endtime="20211031 20:45:36.719"/>
</kw>
<kw name="Evaluate" library="BuiltIn">
<var>${super_var}</var>
<arg>json.loads($file)</arg>
<arg>json</arg>
<doc>Evaluates the given expression in Python and returns the result.</doc>
<msg timestamp="20211031 20:45:36.721" level="INFO">${super_var} = {'Data da listagem': 'dataListagem', 'Pesquisar': "button[class='btn btn-success']", 'Atendimento': "a[class='atendimento btn-sigsaude btnCorAtendimento']", 'Sim': "button[class='swal-button swal-butt...</msg>
<status status="PASS" starttime="20211031 20:45:36.720" endtime="20211031 20:45:36.721"/>
</kw>
<msg timestamp="20211031 20:45:36.722" level="INFO">${elementos_aten_json} = {'Data da listagem': 'dataListagem', 'Pesquisar': "button[class='btn btn-success']", 'Atendimento': "a[class='atendimento btn-sigsaude btnCorAtendimento']", 'Sim': "button[class='swal-button swal-butt...</msg>
<status status="PASS" starttime="20211031 20:45:36.715" endtime="20211031 20:45:36.722"/>
</kw>
<for flavor="IN RANGE">
<var>${contador}</var>
<value>1</value>
<value>5</value>
<iter>
<var name="${contador}">1</var>
<if>
<branch type="IF" condition="${contador}==1">
<kw name="Set Variable" library="BuiltIn">
<var>${descrição}</var>
<arg>25-HIDROXIVITAMINA D (NG/ML)</arg>
<doc>Returns the given values which can then be assigned to a variables.</doc>
<msg timestamp="20211031 20:45:36.725" level="INFO">${descrição} = 25-HIDROXIVITAMINA D (NG/ML)</msg>
<status status="PASS" starttime="20211031 20:45:36.724" endtime="20211031 20:45:36.725"/>
</kw>
<status status="PASS" starttime="20211031 20:45:36.724" endtime="20211031 20:45:36.725"/>
</branch>
<branch type="ELSE IF" condition="${contador}==2">
<kw name="Set Variable" library="BuiltIn">
<var>${descrição}</var>
<arg>NÃO INFORMADO</arg>
<doc>Returns the given values which can then be assigned to a variables.</doc>
<status status="NOT RUN" starttime="20211031 20:45:36.726" endtime="20211031 20:45:36.726"/>
</kw>
<status status="NOT RUN" starttime="20211031 20:45:36.725" endtime="20211031 20:45:36.726"/>
</branch>
<branch type="ELSE IF" condition="${contador}==3">
<kw name="Set Variable" library="BuiltIn">
<var>${descrição}</var>
<arg>OUTRO</arg>
<doc>Returns the given values which can then be assigned to a variables.</doc>
<status status="NOT RUN" starttime="20211031 20:45:36.727" endtime="20211031 20:45:36.727"/>
</kw>
<status status="NOT RUN" starttime="20211031 20:45:36.726" endtime="20211031 20:45:36.727"/>
</branch>
<branch type="ELSE IF" condition="${contador}==4">
<kw name="Set Variable" library="BuiltIn">
<var>${descrição}</var>
<arg>HCM (PG)</arg>
<doc>Returns the given values which can then be assigned to a variables.</doc>
<status status="NOT RUN" starttime="20211031 20:45:36.728" endtime="20211031 20:45:36.728"/>
</kw>
<status status="NOT RUN" starttime="20211031 20:45:36.727" endtime="20211031 20:45:36.728"/>
</branch>
<status status="PASS" starttime="20211031 20:45:36.723" endtime="20211031 20:45:36.728"/>
</if>
<if>
<branch type="IF" condition="'${descrição}' == 'OUTRO'">
<kw name="Select Options By" library="Browser">
<arg>id=${elementos_aten_json["Exames"]}</arg>
<arg>Text</arg>
<arg>${descrição}</arg>
<tag>PageContent</tag>
<tag>Setter</tag>
<doc>Selects options from select element found by ``selector``.</doc>
<status status="NOT RUN" starttime="20211031 20:45:36.729" endtime="20211031 20:45:36.729"/>
</kw>
<kw name="informar o campo &quot;Outro exame&quot; com o &quot;Teste automatizado${contador}&quot;" library="keywords_atendimento" sourcename="informar o campo &quot;${campo}&quot; com o &quot;${valor}&quot;">
<status status="NOT RUN" starttime="20211031 20:45:36.730" endtime="20211031 20:45:36.730"/>
</kw>
<kw name="informar o campo &quot;Resultado&quot; com o &quot;${contador}&quot;" library="keywords_atendimento" sourcename="informar o campo &quot;${campo}&quot; com o &quot;${valor}&quot;">
<status status="NOT RUN" starttime="20211031 20:45:36.730" endtime="20211031 20:45:36.731"/>
</kw>
<kw name="informar o campo &quot;Observação&quot; com o &quot;Teste automatizado${contador}&quot;" library="keywords_atendimento" sourcename="informar o campo &quot;${campo}&quot; com o &quot;${valor}&quot;">
<status status="NOT RUN" starttime="20211031 20:45:36.731" endtime="20211031 20:45:36.731"/>
</kw>
<kw name="Adicionar item na tabela &quot;Adicionar exame&quot;" library="keywords_atendimento" sourcename="Adicionar item na tabela &quot;${item}&quot;">
<status status="NOT RUN" starttime="20211031 20:45:36.732" endtime="20211031 20:45:36.733"/>
</kw>
<kw name="remover item da tabela &quot;Remover exame&quot;" library="keywords_atendimento" sourcename="remover item da tabela &quot;${campo}&quot;">
<status status="NOT RUN" starttime="20211031 20:45:36.733" endtime="20211031 20:45:36.734"/>
</kw>
<status status="NOT RUN" starttime="20211031 20:45:36.729" endtime="20211031 20:45:36.734"/>
</branch>
<branch type="ELSE IF" condition="'${descrição}' == 'NÃO INFORMADO'">
<kw name="Select Options By" library="Browser">
<arg>id=${elementos_aten_json["Exames"]}</arg>
<arg>Text</arg>
<arg>25-HIDROXIVITAMINA D (NG/ML)</arg>
<tag>PageContent</tag>
<tag>Setter</tag>
<doc>Selects options from select element found by ``selector``.</doc>
<status status="NOT RUN" starttime="20211031 20:45:36.735" endtime="20211031 20:45:36.736"/>
</kw>
<kw name="informar o campo &quot;Resultado&quot; com o &quot;${contador}&quot;" library="keywords_atendimento" sourcename="informar o campo &quot;${campo}&quot; com o &quot;${valor}&quot;">
<status status="NOT RUN" starttime="20211031 20:45:36.736" endtime="20211031 20:45:36.737"/>
</kw>
<kw name="informar o campo &quot;Observação&quot; com o &quot;Teste automatizado${contador}&quot;" library="keywords_atendimento" sourcename="informar o campo &quot;${campo}&quot; com o &quot;${valor}&quot;">
<status status="NOT RUN" starttime="20211031 20:45:36.737" endtime="20211031 20:45:36.737"/>
</kw>
<kw name="Select Options By" library="Browser">
<arg>id=${elementos_aten_json["Exames"]}</arg>
<arg>Text</arg>
<arg>${descrição}</arg>
<tag>PageContent</tag>
<tag>Setter</tag>
<doc>Selects options from select element found by ``selector``.</doc>
<status status="NOT RUN" starttime="20211031 20:45:36.738" endtime="20211031 20:45:36.738"/>
</kw>
<kw name="Create List" library="BuiltIn">
<var>@{lista_campos}</var>
<arg>Resultado</arg>
<arg>Observação</arg>
<doc>Returns a list containing given items.</doc>
<status status="NOT RUN" starttime="20211031 20:45:36.739" endtime="20211031 20:45:36.739"/>
</kw>
<kw name="Verificar se campos estão vazios" library="variaveis">
<arg>@{lista_campos}</arg>
<status status="NOT RUN" starttime="20211031 20:45:36.740" endtime="20211031 20:45:36.740"/>
</kw>
<kw name="Verificar se campos estão desabilitados" library="variaveis">
<arg>@{lista_campos}</arg>
<status status="NOT RUN" starttime="20211031 20:45:36.740" endtime="20211031 20:45:36.740"/>
</kw>
<status status="NOT RUN" starttime="20211031 20:45:36.734" endtime="20211031 20:45:36.741"/>
</branch>
<branch type="ELSE">
<kw name="Select Options By" library="Browser">
<arg>id=${elementos_aten_json["Exames"]}</arg>
<arg>Text</arg>
<arg>${descrição}</arg>
<tag>PageContent</tag>
<tag>Setter</tag>
<doc>Selects options from select element found by ``selector``.</doc>
<status status="PASS" starttime="20211031 20:45:36.741" endtime="20211031 20:45:36.869"/>
</kw>
<kw name="informar o campo &quot;Resultado&quot; com o &quot;${contador}&quot;" library="keywords_atendimento" sourcename="informar o campo &quot;${campo}&quot; com o &quot;${valor}&quot;">
<kw name="Get JSON" library="base">
<var>${elementos_aten_json}</var>
<arg>elementos_aten.json</arg>
<kw name="Get File" library="OperatingSystem">
<var>${file}</var>
<arg>${EXECDIR}/Files/${file_name}</arg>
<doc>Returns the contents of a specified file.</doc>
<msg timestamp="20211031 20:45:36.878" level="INFO" html="true">Getting file '&lt;a href="file:///home/m.calixta/Projeto sigsaúde/Files/elementos_aten.json"&gt;/home/m.calixta/Projeto sigsaúde/Files/elementos_aten.json&lt;/a&gt;'.</msg>
<msg timestamp="20211031 20:45:36.878" level="INFO">${file} = {
    "Data da listagem":"dataListagem",
    "Pesquisar":"button[class='btn btn-success']",
    "Atendimento":"a[class='atendimento btn-sigsaude btnCorAtendimento']",
    "Sim":"button[class='swal-but...</msg>
<status status="PASS" starttime="20211031 20:45:36.876" endtime="20211031 20:45:36.879"/>
</kw>
<kw name="Evaluate" library="BuiltIn">
<var>${super_var}</var>
<arg>json.loads($file)</arg>
<arg>json</arg>
<doc>Evaluates the given expression in Python and returns the result.</doc>
<msg timestamp="20211031 20:45:36.882" level="INFO">${super_var} = {'Data da listagem': 'dataListagem', 'Pesquisar': "button[class='btn btn-success']", 'Atendimento': "a[class='atendimento btn-sigsaude btnCorAtendimento']", 'Sim': "button[class='swal-button swal-butt...</msg>
<status status="PASS" starttime="20211031 20:45:36.880" endtime="20211031 20:45:36.882"/>
</kw>
<msg timestamp="20211031 20:45:36.884" level="INFO">${elementos_aten_json} = {'Data da listagem': 'dataListagem', 'Pesquisar': "button[class='btn btn-success']", 'Atendimento': "a[class='atendimento btn-sigsaude btnCorAtendimento']", 'Sim': "button[class='swal-button swal-butt...</msg>
<status status="PASS" starttime="20211031 20:45:36.874" endtime="20211031 20:45:36.885"/>
</kw>
<kw name="Type Text" library="Browser">
<arg>id=${elementos_aten_json["${campo}"]}</arg>
<arg>${valor}</arg>
<tag>PageContent</tag>
<tag>Setter</tag>
<doc>Types the given ``txt`` into the text field found by ``selector``.</doc>
<msg timestamp="20211031 20:45:36.891" level="INFO">Types the text '1' in the given field.</msg>
<status status="PASS" starttime="20211031 20:45:36.886" endtime="20211031 20:45:37.097"/>
</kw>
<status status="PASS" starttime="20211031 20:45:36.870" endtime="20211031 20:45:37.098"/>
</kw>
<kw name="informar o campo &quot;Observação&quot; com o &quot;Teste automatizado${contador}&quot;" library="keywords_atendimento" sourcename="informar o campo &quot;${campo}&quot; com o &quot;${valor}&quot;">
<kw name="Get JSON" library="base">
<var>${elementos_aten_json}</var>
<arg>elementos_aten.json</arg>
<kw name="Get File" library="OperatingSystem">
<var>${file}</var>
<arg>${EXECDIR}/Files/${file_name}</arg>
<doc>Returns the contents of a specified file.</doc>
<msg timestamp="20211031 20:45:37.105" level="INFO" html="true">Getting file '&lt;a href="file:///home/m.calixta/Projeto sigsaúde/Files/elementos_aten.json"&gt;/home/m.calixta/Projeto sigsaúde/Files/elementos_aten.json&lt;/a&gt;'.</msg>
<msg timestamp="20211031 20:45:37.105" level="INFO">${file} = {
    "Data da listagem":"dataListagem",
    "Pesquisar":"button[class='btn btn-success']",
    "Atendimento":"a[class='atendimento btn-sigsaude btnCorAtendimento']",
    "Sim":"button[class='swal-but...</msg>
<status status="PASS" starttime="20211031 20:45:37.104" endtime="20211031 20:45:37.106"/>
</kw>
<kw name="Evaluate" library="BuiltIn">
<var>${super_var}</var>
<arg>json.loads($file)</arg>
<arg>json</arg>
<doc>Evaluates the given expression in Python and returns the result.</doc>
<msg timestamp="20211031 20:45:37.108" level="INFO">${super_var} = {'Data da listagem': 'dataListagem', 'Pesquisar': "button[class='btn btn-success']", 'Atendimento': "a[class='atendimento btn-sigsaude btnCorAtendimento']", 'Sim': "button[class='swal-button swal-butt...</msg>
<status status="PASS" starttime="20211031 20:45:37.107" endtime="20211031 20:45:37.108"/>
</kw>
<msg timestamp="20211031 20:45:37.109" level="INFO">${elementos_aten_json} = {'Data da listagem': 'dataListagem', 'Pesquisar': "button[class='btn btn-success']", 'Atendimento': "a[class='atendimento btn-sigsaude btnCorAtendimento']", 'Sim': "button[class='swal-button swal-butt...</msg>
<status status="PASS" starttime="20211031 20:45:37.101" endtime="20211031 20:45:37.109"/>
</kw>
<kw name="Type Text" library="Browser">
<arg>id=${elementos_aten_json["${campo}"]}</arg>
<arg>${valor}</arg>
<tag>PageContent</tag>
<tag>Setter</tag>
<doc>Types the given ``txt`` into the text field found by ``selector``.</doc>
<msg timestamp="20211031 20:45:37.113" level="INFO">Types the text 'Teste automatizado1' in the given field.</msg>
<status status="PASS" starttime="20211031 20:45:37.110" endtime="20211031 20:45:37.295"/>
</kw>
<status status="PASS" starttime="20211031 20:45:37.099" endtime="20211031 20:45:37.296"/>
</kw>
<kw name="Adicionar item na tabela &quot;Adicionar exame&quot;" library="keywords_atendimento" sourcename="Adicionar item na tabela &quot;${item}&quot;">
<kw name="Get JSON" library="base">
<var>${elementos_aten_json}</var>
<arg>elementos_aten.json</arg>
<kw name="Get File" library="OperatingSystem">
<var>${file}</var>
<arg>${EXECDIR}/Files/${file_name}</arg>
<doc>Returns the contents of a specified file.</doc>
<msg timestamp="20211031 20:45:37.300" level="INFO" html="true">Getting file '&lt;a href="file:///home/m.calixta/Projeto sigsaúde/Files/elementos_aten.json"&gt;/home/m.calixta/Projeto sigsaúde/Files/elementos_aten.json&lt;/a&gt;'.</msg>
<msg timestamp="20211031 20:45:37.301" level="INFO">${file} = {
    "Data da listagem":"dataListagem",
    "Pesquisar":"button[class='btn btn-success']",
    "Atendimento":"a[class='atendimento btn-sigsaude btnCorAtendimento']",
    "Sim":"button[class='swal-but...</msg>
<status status="PASS" starttime="20211031 20:45:37.298" endtime="20211031 20:45:37.301"/>
</kw>
<kw name="Evaluate" library="BuiltIn">
<var>${super_var}</var>
<arg>json.loads($file)</arg>
<arg>json</arg>
<doc>Evaluates the given expression in Python and returns the result.</doc>
<msg timestamp="20211031 20:45:37.303" level="INFO">${super_var} = {'Data da listagem': 'dataListagem', 'Pesquisar': "button[class='btn btn-success']", 'Atendimento': "a[class='atendimento btn-sigsaude btnCorAtendimento']", 'Sim': "button[class='swal-button swal-butt...</msg>
<status status="PASS" starttime="20211031 20:45:37.302" endtime="20211031 20:45:37.303"/>
</kw>
<msg timestamp="20211031 20:45:37.304" level="INFO">${elementos_aten_json} = {'Data da listagem': 'dataListagem', 'Pesquisar': "button[class='btn btn-success']", 'Atendimento': "a[class='atendimento btn-sigsaude btnCorAtendimento']", 'Sim': "button[class='swal-button swal-butt...</msg>
<status status="PASS" starttime="20211031 20:45:37.297" endtime="20211031 20:45:37.304"/>
</kw>
<if>
<branch type="IF" condition="'${item}' == 'Adicionar exame'">
<kw name="Click" library="Browser">
<arg>css=${elementos_aten_json["${item}"]}</arg>
<tag>PageContent</tag>
<tag>Setter</tag>
<doc>Simulates mouse click on the element found by ``selector``.</doc>
<status status="PASS" starttime="20211031 20:45:37.305" endtime="20211031 20:45:37.380"/>
</kw>
<status status="PASS" starttime="20211031 20:45:37.305" endtime="20211031 20:45:37.380"/>
</branch>
<branch type="ELSE IF" condition="'${item}' == 'Adicionar glicemia'">
<kw name="Click" library="Browser">
<arg>id=${elementos_aten_json["${item}"]}</arg>
<tag>PageContent</tag>
<tag>Setter</tag>
<doc>Simulates mouse click on the element found by ``selector``.</doc>
<status status="NOT RUN" starttime="20211031 20:45:37.381" endtime="20211031 20:45:37.381"/>
</kw>
<status status="NOT RUN" starttime="20211031 20:45:37.380" endtime="20211031 20:45:37.381"/>
</branch>
<branch type="ELSE">
<kw name="Click" library="Browser">
<arg>xpath=${elementos_aten_json["${item}"]}</arg>
<tag>PageContent</tag>
<tag>Setter</tag>
<doc>Simulates mouse click on the element found by ``selector``.</doc>
<status status="NOT RUN" starttime="20211031 20:45:37.382" endtime="20211031 20:45:37.383"/>
</kw>
<status status="NOT RUN" starttime="20211031 20:45:37.381" endtime="20211031 20:45:37.383"/>
</branch>
<status status="PASS" starttime="20211031 20:45:37.304" endtime="20211031 20:45:37.383"/>
</if>
<status status="PASS" starttime="20211031 20:45:37.296" endtime="20211031 20:45:37.383"/>
</kw>
<status status="PASS" starttime="20211031 20:45:36.741" endtime="20211031 20:45:37.384"/>
</branch>
<status status="PASS" starttime="20211031 20:45:36.728" endtime="20211031 20:45:37.384"/>
</if>
<status status="PASS" starttime="20211031 20:45:36.723" endtime="20211031 20:45:37.384"/>
</iter>
<iter>
<var name="${contador}">2</var>
<if>
<branch type="IF" condition="${contador}==1">
<kw name="Set Variable" library="BuiltIn">
<var>${descrição}</var>
<arg>25-HIDROXIVITAMINA D (NG/ML)</arg>
<doc>Returns the given values which can then be assigned to a variables.</doc>
<status status="NOT RUN" starttime="20211031 20:45:37.385" endtime="20211031 20:45:37.385"/>
</kw>
<status status="NOT RUN" starttime="20211031 20:45:37.384" endtime="20211031 20:45:37.385"/>
</branch>
<branch type="ELSE IF" condition="${contador}==2">
<kw name="Set Variable" library="BuiltIn">
<var>${descrição}</var>
<arg>NÃO INFORMADO</arg>
<doc>Returns the given values which can then be assigned to a variables.</doc>
<msg timestamp="20211031 20:45:37.387" level="INFO">${descrição} = NÃO INFORMADO</msg>
<status status="PASS" starttime="20211031 20:45:37.386" endtime="20211031 20:45:37.387"/>
</kw>
<status status="PASS" starttime="20211031 20:45:37.386" endtime="20211031 20:45:37.387"/>
</branch>
<branch type="ELSE IF" condition="${contador}==3">
<kw name="Set Variable" library="BuiltIn">
<var>${descrição}</var>
<arg>OUTRO</arg>
<doc>Returns the given values which can then be assigned to a variables.</doc>
<status status="NOT RUN" starttime="20211031 20:45:37.388" endtime="20211031 20:45:37.388"/>
</kw>
<status status="NOT RUN" starttime="20211031 20:45:37.387" endtime="20211031 20:45:37.388"/>
</branch>
<branch type="ELSE IF" condition="${contador}==4">
<kw name="Set Variable" library="BuiltIn">
<var>${descrição}</var>
<arg>HCM (PG)</arg>
<doc>Returns the given values which can then be assigned to a variables.</doc>
<status status="NOT RUN" starttime="20211031 20:45:37.389" endtime="20211031 20:45:37.389"/>
</kw>
<status status="NOT RUN" starttime="20211031 20:45:37.388" endtime="20211031 20:45:37.390"/>
</branch>
<status status="PASS" starttime="20211031 20:45:37.384" endtime="20211031 20:45:37.390"/>
</if>
<if>
<branch type="IF" condition="'${descrição}' == 'OUTRO'">
<kw name="Select Options By" library="Browser">
<arg>id=${elementos_aten_json["Exames"]}</arg>
<arg>Text</arg>
<arg>${descrição}</arg>
<tag>PageContent</tag>
<tag>Setter</tag>
<doc>Selects options from select element found by ``selector``.</doc>
<status status="NOT RUN" starttime="20211031 20:45:37.391" endtime="20211031 20:45:37.391"/>
</kw>
<kw name="informar o campo &quot;Outro exame&quot; com o &quot;Teste automatizado${contador}&quot;" library="keywords_atendimento" sourcename="informar o campo &quot;${campo}&quot; com o &quot;${valor}&quot;">
<status status="NOT RUN" starttime="20211031 20:45:37.392" endtime="20211031 20:45:37.392"/>
</kw>
<kw name="informar o campo &quot;Resultado&quot; com o &quot;${contador}&quot;" library="keywords_atendimento" sourcename="informar o campo &quot;${campo}&quot; com o &quot;${valor}&quot;">
<status status="NOT RUN" starttime="20211031 20:45:37.392" endtime="20211031 20:45:37.393"/>
</kw>
<kw name="informar o campo &quot;Observação&quot; com o &quot;Teste automatizado${contador}&quot;" library="keywords_atendimento" sourcename="informar o campo &quot;${campo}&quot; com o &quot;${valor}&quot;">
<status status="NOT RUN" starttime="20211031 20:45:37.393" endtime="20211031 20:45:37.393"/>
</kw>
<kw name="Adicionar item na tabela &quot;Adicionar exame&quot;" library="keywords_atendimento" sourcename="Adicionar item na tabela &quot;${item}&quot;">
<status status="NOT RUN" starttime="20211031 20:45:37.394" endtime="20211031 20:45:37.394"/>
</kw>
<kw name="remover item da tabela &quot;Remover exame&quot;" library="keywords_atendimento" sourcename="remover item da tabela &quot;${campo}&quot;">
<status status="NOT RUN" starttime="20211031 20:45:37.394" endtime="20211031 20:45:37.394"/>
</kw>
<status status="NOT RUN" starttime="20211031 20:45:37.390" endtime="20211031 20:45:37.394"/>
</branch>
<branch type="ELSE IF" condition="'${descrição}' == 'NÃO INFORMADO'">
<kw name="Select Options By" library="Browser">
<arg>id=${elementos_aten_json["Exames"]}</arg>
<arg>Text</arg>
<arg>25-HIDROXIVITAMINA D (NG/ML)</arg>
<tag>PageContent</tag>
<tag>Setter</tag>
<doc>Selects options from select element found by ``selector``.</doc>
<status status="PASS" starttime="20211031 20:45:37.396" endtime="20211031 20:45:37.484"/>
</kw>
<kw name="informar o campo &quot;Resultado&quot; com o &quot;${contador}&quot;" library="keywords_atendimento" sourcename="informar o campo &quot;${campo}&quot; com o &quot;${valor}&quot;">
<kw name="Get JSON" library="base">
<var>${elementos_aten_json}</var>
<arg>elementos_aten.json</arg>
<kw name="Get File" library="OperatingSystem">
<var>${file}</var>
<arg>${EXECDIR}/Files/${file_name}</arg>
<doc>Returns the contents of a specified file.</doc>
<msg timestamp="20211031 20:45:37.489" level="INFO" html="true">Getting file '&lt;a href="file:///home/m.calixta/Projeto sigsaúde/Files/elementos_aten.json"&gt;/home/m.calixta/Projeto sigsaúde/Files/elementos_aten.json&lt;/a&gt;'.</msg>
<msg timestamp="20211031 20:45:37.489" level="INFO">${file} = {
    "Data da listagem":"dataListagem",
    "Pesquisar":"button[class='btn btn-success']",
    "Atendimento":"a[class='atendimento btn-sigsaude btnCorAtendimento']",
    "Sim":"button[class='swal-but...</msg>
<status status="PASS" starttime="20211031 20:45:37.488" endtime="20211031 20:45:37.489"/>
</kw>
<kw name="Evaluate" library="BuiltIn">
<var>${super_var}</var>
<arg>json.loads($file)</arg>
<arg>json</arg>
<doc>Evaluates the given expression in Python and returns the result.</doc>
<msg timestamp="20211031 20:45:37.490" level="INFO">${super_var} = {'Data da listagem': 'dataListagem', 'Pesquisar': "button[class='btn btn-success']", 'Atendimento': "a[class='atendimento btn-sigsaude btnCorAtendimento']", 'Sim': "button[class='swal-button swal-butt...</msg>
<status status="PASS" starttime="20211031 20:45:37.490" endtime="20211031 20:45:37.491"/>
</kw>
<msg timestamp="20211031 20:45:37.491" level="INFO">${elementos_aten_json} = {'Data da listagem': 'dataListagem', 'Pesquisar': "button[class='btn btn-success']", 'Atendimento': "a[class='atendimento btn-sigsaude btnCorAtendimento']", 'Sim': "button[class='swal-button swal-butt...</msg>
<status status="PASS" starttime="20211031 20:45:37.486" endtime="20211031 20:45:37.491"/>
</kw>
<kw name="Type Text" library="Browser">
<arg>id=${elementos_aten_json["${campo}"]}</arg>
<arg>${valor}</arg>
<tag>PageContent</tag>
<tag>Setter</tag>
<doc>Types the given ``txt`` into the text field found by ``selector``.</doc>
<msg timestamp="20211031 20:45:37.495" level="INFO">Types the text '2' in the given field.</msg>
<status status="PASS" starttime="20211031 20:45:37.492" endtime="20211031 20:45:37.738"/>
</kw>
<status status="PASS" starttime="20211031 20:45:37.485" endtime="20211031 20:45:37.738"/>
</kw>
<kw name="informar o campo &quot;Observação&quot; com o &quot;Teste automatizado${contador}&quot;" library="keywords_atendimento" sourcename="informar o campo &quot;${campo}&quot; com o &quot;${valor}&quot;">
<kw name="Get JSON" library="base">
<var>${elementos_aten_json}</var>
<arg>elementos_aten.json</arg>
<kw name="Get File" library="OperatingSystem">
<var>${file}</var>
<arg>${EXECDIR}/Files/${file_name}</arg>
<doc>Returns the contents of a specified file.</doc>
<msg timestamp="20211031 20:45:37.743" level="INFO" html="true">Getting file '&lt;a href="file:///home/m.calixta/Projeto sigsaúde/Files/elementos_aten.json"&gt;/home/m.calixta/Projeto sigsaúde/Files/elementos_aten.json&lt;/a&gt;'.</msg>
<msg timestamp="20211031 20:45:37.743" level="INFO">${file} = {
    "Data da listagem":"dataListagem",
    "Pesquisar":"button[class='btn btn-success']",
    "Atendimento":"a[class='atendimento btn-sigsaude btnCorAtendimento']",
    "Sim":"button[class='swal-but...</msg>
<status status="PASS" starttime="20211031 20:45:37.742" endtime="20211031 20:45:37.743"/>
</kw>
<kw name="Evaluate" library="BuiltIn">
<var>${super_var}</var>
<arg>json.loads($file)</arg>
<arg>json</arg>
<doc>Evaluates the given expression in Python and returns the result.</doc>
<msg timestamp="20211031 20:45:37.745" level="INFO">${super_var} = {'Data da listagem': 'dataListagem', 'Pesquisar': "button[class='btn btn-success']", 'Atendimento': "a[class='atendimento btn-sigsaude btnCorAtendimento']", 'Sim': "button[class='swal-button swal-butt...</msg>
<status status="PASS" starttime="20211031 20:45:37.744" endtime="20211031 20:45:37.745"/>
</kw>
<msg timestamp="20211031 20:45:37.745" level="INFO">${elementos_aten_json} = {'Data da listagem': 'dataListagem', 'Pesquisar': "button[class='btn btn-success']", 'Atendimento': "a[class='atendimento btn-sigsaude btnCorAtendimento']", 'Sim': "button[class='swal-button swal-butt...</msg>
<status status="PASS" starttime="20211031 20:45:37.740" endtime="20211031 20:45:37.745"/>
</kw>
<kw name="Type Text" library="Browser">
<arg>id=${elementos_aten_json["${campo}"]}</arg>
<arg>${valor}</arg>
<tag>PageContent</tag>
<tag>Setter</tag>
<doc>Types the given ``txt`` into the text field found by ``selector``.</doc>
<msg timestamp="20211031 20:45:37.749" level="INFO">Types the text 'Teste automatizado2' in the given field.</msg>
<status status="PASS" starttime="20211031 20:45:37.746" endtime="20211031 20:45:37.876"/>
</kw>
<status status="PASS" starttime="20211031 20:45:37.739" endtime="20211031 20:45:37.877"/>
</kw>
<kw name="Select Options By" library="Browser">
<arg>id=${elementos_aten_json["Exames"]}</arg>
<arg>Text</arg>
<arg>${descrição}</arg>
<tag>PageContent</tag>
<tag>Setter</tag>
<doc>Selects options from select element found by ``selector``.</doc>
<status status="PASS" starttime="20211031 20:45:37.877" endtime="20211031 20:45:37.904"/>
</kw>
<kw name="Create List" library="BuiltIn">
<var>@{lista_campos}</var>
<arg>Resultado</arg>
<arg>Observação</arg>
<doc>Returns a list containing given items.</doc>
<msg timestamp="20211031 20:45:37.906" level="INFO">@{lista_campos} = [ Resultado | Observação ]</msg>
<status status="PASS" starttime="20211031 20:45:37.905" endtime="20211031 20:45:37.906"/>
</kw>
<kw name="Verificar se campos estão vazios" library="variaveis">
<arg>@{lista_campos}</arg>
<kw name="Get JSON" library="base">
<var>${elementos_aten_json}</var>
<arg>elementos_aten.json</arg>
<kw name="Get File" library="OperatingSystem">
<var>${file}</var>
<arg>${EXECDIR}/Files/${file_name}</arg>
<doc>Returns the contents of a specified file.</doc>
<msg timestamp="20211031 20:45:37.910" level="INFO" html="true">Getting file '&lt;a href="file:///home/m.calixta/Projeto sigsaúde/Files/elementos_aten.json"&gt;/home/m.calixta/Projeto sigsaúde/Files/elementos_aten.json&lt;/a&gt;'.</msg>
<msg timestamp="20211031 20:45:37.910" level="INFO">${file} = {
    "Data da listagem":"dataListagem",
    "Pesquisar":"button[class='btn btn-success']",
    "Atendimento":"a[class='atendimento btn-sigsaude btnCorAtendimento']",
    "Sim":"button[class='swal-but...</msg>
<status status="PASS" starttime="20211031 20:45:37.909" endtime="20211031 20:45:37.910"/>
</kw>
<kw name="Evaluate" library="BuiltIn">
<var>${super_var}</var>
<arg>json.loads($file)</arg>
<arg>json</arg>
<doc>Evaluates the given expression in Python and returns the result.</doc>
<msg timestamp="20211031 20:45:37.912" level="INFO">${super_var} = {'Data da listagem': 'dataListagem', 'Pesquisar': "button[class='btn btn-success']", 'Atendimento': "a[class='atendimento btn-sigsaude btnCorAtendimento']", 'Sim': "button[class='swal-button swal-butt...</msg>
<status status="PASS" starttime="20211031 20:45:37.911" endtime="20211031 20:45:37.912"/>
</kw>
<msg timestamp="20211031 20:45:37.913" level="INFO">${elementos_aten_json} = {'Data da listagem': 'dataListagem', 'Pesquisar': "button[class='btn btn-success']", 'Atendimento': "a[class='atendimento btn-sigsaude btnCorAtendimento']", 'Sim': "button[class='swal-button swal-butt...</msg>
<status status="PASS" starttime="20211031 20:45:37.908" endtime="20211031 20:45:37.913"/>
</kw>
<kw name="Get Length" library="BuiltIn">
<var>${tam}</var>
<arg>${lista_campos}</arg>
<doc>Returns and logs the length of the given item as an integer.</doc>
<msg timestamp="20211031 20:45:37.914" level="INFO">Length is 2</msg>
<msg timestamp="20211031 20:45:37.914" level="INFO">${tam} = 2</msg>
<status status="PASS" starttime="20211031 20:45:37.913" endtime="20211031 20:45:37.914"/>
</kw>
<for flavor="IN RANGE">
<var>${contador2}</var>
<value>0</value>
<value>${tam}</value>
<iter>
<var name="${contador2}">0</var>
<kw name="Get Text" library="Browser">
<var>${campo_verificar}</var>
<arg>id=${elementos_aten_json["${lista_campos}[${contador2}]"]}</arg>
<tag>Assertion</tag>
<tag>Getter</tag>
<tag>PageContent</tag>
<doc>Returns text attribute of the element found by ``selector``.
See the `Finding elements` section for details about the selectors.</doc>
<msg timestamp="20211031 20:45:37.958" level="INFO">${campo_verificar} = </msg>
<status status="PASS" starttime="20211031 20:45:37.916" endtime="20211031 20:45:37.958"/>
</kw>
<kw name="Campos Vazios" library="verificacoes">
<var>${aux}</var>
<arg>${campo_verificar}</arg>
<msg timestamp="20211031 20:45:37.960" level="INFO">${aux} = true</msg>
<status status="PASS" starttime="20211031 20:45:37.959" endtime="20211031 20:45:37.960"/>
</kw>
<kw name="Adicionar Lista" library="verificacoes">
<arg>${aux}</arg>
<status status="PASS" starttime="20211031 20:45:37.960" endtime="20211031 20:45:37.961"/>
</kw>
<status status="PASS" starttime="20211031 20:45:37.915" endtime="20211031 20:45:37.961"/>
</iter>
<iter>
<var name="${contador2}">1</var>
<kw name="Get Text" library="Browser">
<var>${campo_verificar}</var>
<arg>id=${elementos_aten_json["${lista_campos}[${contador2}]"]}</arg>
<tag>Assertion</tag>
<tag>Getter</tag>
<tag>PageContent</tag>
<doc>Returns text attribute of the element found by ``selector``.
See the `Finding elements` section for details about the selectors.</doc>
<msg timestamp="20211031 20:45:38.012" level="INFO">${campo_verificar} = </msg>
<status status="PASS" starttime="20211031 20:45:37.962" endtime="20211031 20:45:38.012"/>
</kw>
<kw name="Campos Vazios" library="verificacoes">
<var>${aux}</var>
<arg>${campo_verificar}</arg>
<msg timestamp="20211031 20:45:38.014" level="INFO">${aux} = true</msg>
<status status="PASS" starttime="20211031 20:45:38.013" endtime="20211031 20:45:38.014"/>
</kw>
<kw name="Adicionar Lista" library="verificacoes">
<arg>${aux}</arg>
<status status="PASS" starttime="20211031 20:45:38.015" endtime="20211031 20:45:38.016"/>
</kw>
<status status="PASS" starttime="20211031 20:45:37.961" endtime="20211031 20:45:38.016"/>
</iter>
<status status="PASS" starttime="20211031 20:45:37.915" endtime="20211031 20:45:38.016"/>
</for>
<kw name="Recuperar Lista" library="verificacoes">
<var>@{aux2}</var>
<msg timestamp="20211031 20:45:38.018" level="INFO">@{aux2} = [ true | true ]</msg>
<status status="PASS" starttime="20211031 20:45:38.017" endtime="20211031 20:45:38.018"/>
</kw>
<for flavor="IN RANGE">
<var>${contador2}</var>
<value>0</value>
<value>${tam}</value>
<iter>
<var name="${contador2}">0</var>
<kw name="Should Contain" library="BuiltIn">
<arg>@{aux2}${contador2}</arg>
<arg>true</arg>
<doc>Fails if ``container`` does not contain ``item`` one or more times.</doc>
<status status="PASS" starttime="20211031 20:45:38.019" endtime="20211031 20:45:38.020"/>
</kw>
<status status="PASS" starttime="20211031 20:45:38.019" endtime="20211031 20:45:38.020"/>
</iter>
<iter>
<var name="${contador2}">1</var>
<kw name="Should Contain" library="BuiltIn">
<arg>@{aux2}${contador2}</arg>
<arg>true</arg>
<doc>Fails if ``container`` does not contain ``item`` one or more times.</doc>
<status status="PASS" starttime="20211031 20:45:38.021" endtime="20211031 20:45:38.022"/>
</kw>
<status status="PASS" starttime="20211031 20:45:38.021" endtime="20211031 20:45:38.022"/>
</iter>
<status status="PASS" starttime="20211031 20:45:38.018" endtime="20211031 20:45:38.022"/>
</for>
<status status="PASS" starttime="20211031 20:45:37.906" endtime="20211031 20:45:38.022"/>
</kw>
<kw name="Verificar se campos estão desabilitados" library="variaveis">
<arg>@{lista_campos}</arg>
<kw name="Get JSON" library="base">
<var>${elementos_aten_json}</var>
<arg>elementos_aten.json</arg>
<kw name="Get File" library="OperatingSystem">
<var>${file}</var>
<arg>${EXECDIR}/Files/${file_name}</arg>
<doc>Returns the contents of a specified file.</doc>
<msg timestamp="20211031 20:45:38.026" level="INFO" html="true">Getting file '&lt;a href="file:///home/m.calixta/Projeto sigsaúde/Files/elementos_aten.json"&gt;/home/m.calixta/Projeto sigsaúde/Files/elementos_aten.json&lt;/a&gt;'.</msg>
<msg timestamp="20211031 20:45:38.026" level="INFO">${file} = {
    "Data da listagem":"dataListagem",
    "Pesquisar":"button[class='btn btn-success']",
    "Atendimento":"a[class='atendimento btn-sigsaude btnCorAtendimento']",
    "Sim":"button[class='swal-but...</msg>
<status status="PASS" starttime="20211031 20:45:38.025" endtime="20211031 20:45:38.027"/>
</kw>
<kw name="Evaluate" library="BuiltIn">
<var>${super_var}</var>
<arg>json.loads($file)</arg>
<arg>json</arg>
<doc>Evaluates the given expression in Python and returns the result.</doc>
[...]
</kw>
<status status="PASS" starttime="20211031 20:45:42.425" endtime="20211031 20:45:42.513"/>
</branch>
<status status="PASS" starttime="20211031 20:45:42.424" endtime="20211031 20:45:42.513"/>
</if>
<kw name="Wait For Elements State" library="Browser">
<arg>css=${elementos_aten_json["Tela de aviso"]}</arg>
<arg>visible</arg>
<arg>6s</arg>
<tag>PageContent</tag>
<tag>Wait</tag>
<doc>Waits for the element found by ``selector`` to satisfy state option.</doc>
<msg timestamp="20211031 20:45:42.540" level="INFO">Wait for Element with selector: css=.swal-modal</msg>
<status status="PASS" starttime="20211031 20:45:42.514" endtime="20211031 20:45:42.540"/>
</kw>
<kw name="Click" library="Browser">
<arg>css=${elementos_aten_json["Sim"]}</arg>
<tag>PageContent</tag>
<tag>Setter</tag>
<doc>Simulates mouse click on the element found by ``selector``.</doc>
<status status="PASS" starttime="20211031 20:45:42.541" endtime="20211031 20:45:42.918"/>
</kw>
<status status="PASS" starttime="20211031 20:45:42.414" endtime="20211031 20:45:42.918"/>
</kw>
<status status="PASS" starttime="20211031 20:45:42.414" endtime="20211031 20:45:42.918"/>
</branch>
<status status="PASS" starttime="20211031 20:45:42.413" endtime="20211031 20:45:42.918"/>
</if>
<status status="PASS" starttime="20211031 20:45:42.055" endtime="20211031 20:45:42.918"/>
</iter>
<iter>
<var name="${contador}">2</var>
<kw name="Month" library="FakerLibrary">
<var>${mes_g}</var>
<msg timestamp="20211031 20:45:42.920" level="INFO">${mes_g} = 07</msg>
<status status="PASS" starttime="20211031 20:45:42.919" endtime="20211031 20:45:42.920"/>
</kw>
<kw name="Type Text" library="Browser">
<arg>css=input[id='dataControleGlicemia']</arg>
<arg>10/${mes_g}/2020</arg>
<tag>PageContent</tag>
<tag>Setter</tag>
<doc>Types the given ``txt`` into the text field found by ``selector``.</doc>
<msg timestamp="20211031 20:45:42.921" level="INFO">Types the text '10/07/2020' in the given field.</msg>
<status status="PASS" starttime="20211031 20:45:42.921" endtime="20211031 20:45:43.017"/>
</kw>
<kw name="Evaluate" library="BuiltIn">
<var>${numbers}</var>
<arg>random.randint(0, sys.maxsize)</arg>
<arg>random</arg>
<doc>Evaluates the given expression in Python and returns the result.</doc>
<msg timestamp="20211031 20:45:43.018" level="INFO">${numbers} = 8894215951477950639</msg>
<status status="PASS" starttime="20211031 20:45:43.017" endtime="20211031 20:45:43.019"/>
</kw>
<kw name="Type Text" library="Browser">
<arg>id=medidaControleGlicemia</arg>
<arg>${numbers}</arg>
<tag>PageContent</tag>
<tag>Setter</tag>
<doc>Types the given ``txt`` into the text field found by ``selector``.</doc>
<msg timestamp="20211031 20:45:43.020" level="INFO">Types the text '8894215951477950639' in the given field.</msg>
<status status="PASS" starttime="20211031 20:45:43.019" endtime="20211031 20:45:43.177"/>
</kw>
<kw name="Adicionar item na tabela &quot;Adicionar glicemia&quot;" library="keywords_atendimento" sourcename="Adicionar item na tabela &quot;${item}&quot;">
<kw name="Get JSON" library="base">
<var>${elementos_aten_json}</var>
<arg>elementos_aten.json</arg>
<kw name="Get File" library="OperatingSystem">
<var>${file}</var>
<arg>${EXECDIR}/Files/${file_name}</arg>
<doc>Returns the contents of a specified file.</doc>
<msg timestamp="20211031 20:45:43.180" level="INFO" html="true">Getting file '&lt;a href="file:///home/m.calixta/Projeto sigsaúde/Files/elementos_aten.json"&gt;/home/m.calixta/Projeto sigsaúde/Files/elementos_aten.json&lt;/a&gt;'.</msg>
<msg timestamp="20211031 20:45:43.181" level="INFO">${file} = {
    "Data da listagem":"dataListagem",
    "Pesquisar":"button[class='btn btn-success']",
    "Atendimento":"a[class='atendimento btn-sigsaude btnCorAtendimento']",
    "Sim":"button[class='swal-but...</msg>
<status status="PASS" starttime="20211031 20:45:43.179" endtime="20211031 20:45:43.181"/>
</kw>
<kw name="Evaluate" library="BuiltIn">
<var>${super_var}</var>
<arg>json.loads($file)</arg>
<arg>json</arg>
<doc>Evaluates the given expression in Python and returns the result.</doc>
<msg timestamp="20211031 20:45:43.182" level="INFO">${super_var} = {'Data da listagem': 'dataListagem', 'Pesquisar': "button[class='btn btn-success']", 'Atendimento': "a[class='atendimento btn-sigsaude btnCorAtendimento']", 'Sim': "button[class='swal-button swal-butt...</msg>
<status status="PASS" starttime="20211031 20:45:43.181" endtime="20211031 20:45:43.182"/>
</kw>
<msg timestamp="20211031 20:45:43.183" level="INFO">${elementos_aten_json} = {'Data da listagem': 'dataListagem', 'Pesquisar': "button[class='btn btn-success']", 'Atendimento': "a[class='atendimento btn-sigsaude btnCorAtendimento']", 'Sim': "button[class='swal-button swal-butt...</msg>
<status status="PASS" starttime="20211031 20:45:43.178" endtime="20211031 20:45:43.184"/>
</kw>
<if>
<branch type="IF" condition="'${item}' == 'Adicionar exame'">
<kw name="Click" library="Browser">
<arg>css=${elementos_aten_json["${item}"]}</arg>
<tag>PageContent</tag>
<tag>Setter</tag>
<doc>Simulates mouse click on the element found by ``selector``.</doc>
<status status="NOT RUN" starttime="20211031 20:45:43.185" endtime="20211031 20:45:43.185"/>
</kw>
<status status="NOT RUN" starttime="20211031 20:45:43.184" endtime="20211031 20:45:43.185"/>
</branch>
<branch type="ELSE IF" condition="'${item}' == 'Adicionar glicemia'">
<kw name="Click" library="Browser">
<arg>id=${elementos_aten_json["${item}"]}</arg>
<tag>PageContent</tag>
<tag>Setter</tag>
<doc>Simulates mouse click on the element found by ``selector``.</doc>
<status status="PASS" starttime="20211031 20:45:43.187" endtime="20211031 20:45:43.271"/>
</kw>
<status status="PASS" starttime="20211031 20:45:43.186" endtime="20211031 20:45:43.271"/>
</branch>
<branch type="ELSE">
<kw name="Click" library="Browser">
<arg>xpath=${elementos_aten_json["${item}"]}</arg>
<tag>PageContent</tag>
<tag>Setter</tag>
<doc>Simulates mouse click on the element found by ``selector``.</doc>
<status status="NOT RUN" starttime="20211031 20:45:43.272" endtime="20211031 20:45:43.272"/>
</kw>
<status status="NOT RUN" starttime="20211031 20:45:43.271" endtime="20211031 20:45:43.272"/>
</branch>
<status status="PASS" starttime="20211031 20:45:43.184" endtime="20211031 20:45:43.272"/>
</if>
<status status="PASS" starttime="20211031 20:45:43.177" endtime="20211031 20:45:43.272"/>
</kw>
<if>
<branch type="IF" condition="'${contador}' == '1'">
<kw name="remover item da tabela &quot;Remover glicemia&quot;" library="keywords_atendimento" sourcename="remover item da tabela &quot;${campo}&quot;">
<status status="NOT RUN" starttime="20211031 20:45:43.273" endtime="20211031 20:45:43.273"/>
</kw>
<status status="NOT RUN" starttime="20211031 20:45:43.273" endtime="20211031 20:45:43.274"/>
</branch>
<status status="PASS" starttime="20211031 20:45:43.272" endtime="20211031 20:45:43.274"/>
</if>
<status status="PASS" starttime="20211031 20:45:42.919" endtime="20211031 20:45:43.274"/>
</iter>
<iter>
<var name="${contador}">3</var>
<kw name="Month" library="FakerLibrary">
<var>${mes_g}</var>
<msg timestamp="20211031 20:45:43.275" level="INFO">${mes_g} = 08</msg>
<status status="PASS" starttime="20211031 20:45:43.275" endtime="20211031 20:45:43.275"/>
</kw>
<kw name="Type Text" library="Browser">
<arg>css=input[id='dataControleGlicemia']</arg>
<arg>10/${mes_g}/2020</arg>
<tag>PageContent</tag>
<tag>Setter</tag>
<doc>Types the given ``txt`` into the text field found by ``selector``.</doc>
<msg timestamp="20211031 20:45:43.277" level="INFO">Types the text '10/08/2020' in the given field.</msg>
<status status="PASS" starttime="20211031 20:45:43.276" endtime="20211031 20:45:43.365"/>
</kw>
<kw name="Evaluate" library="BuiltIn">
<var>${numbers}</var>
<arg>random.randint(0, sys.maxsize)</arg>
<arg>random</arg>
<doc>Evaluates the given expression in Python and returns the result.</doc>
<msg timestamp="20211031 20:45:43.367" level="INFO">${numbers} = 4750683944610622016</msg>
<status status="PASS" starttime="20211031 20:45:43.366" endtime="20211031 20:45:43.367"/>
</kw>
<kw name="Type Text" library="Browser">
<arg>id=medidaControleGlicemia</arg>
<arg>${numbers}</arg>
<tag>PageContent</tag>
<tag>Setter</tag>
<doc>Types the given ``txt`` into the text field found by ``selector``.</doc>
<msg timestamp="20211031 20:45:43.369" level="INFO">Types the text '4750683944610622016' in the given field.</msg>
<status status="PASS" starttime="20211031 20:45:43.368" endtime="20211031 20:45:43.517"/>
</kw>
<kw name="Adicionar item na tabela &quot;Adicionar glicemia&quot;" library="keywords_atendimento" sourcename="Adicionar item na tabela &quot;${item}&quot;">
<kw name="Get JSON" library="base">
<var>${elementos_aten_json}</var>
<arg>elementos_aten.json</arg>
<kw name="Get File" library="OperatingSystem">
<var>${file}</var>
<arg>${EXECDIR}/Files/${file_name}</arg>
<doc>Returns the contents of a specified file.</doc>
<msg timestamp="20211031 20:45:43.522" level="INFO" html="true">Getting file '&lt;a href="file:///home/m.calixta/Projeto sigsaúde/Files/elementos_aten.json"&gt;/home/m.calixta/Projeto sigsaúde/Files/elementos_aten.json&lt;/a&gt;'.</msg>
<msg timestamp="20211031 20:45:43.522" level="INFO">${file} = {
    "Data da listagem":"dataListagem",
    "Pesquisar":"button[class='btn btn-success']",
    "Atendimento":"a[class='atendimento btn-sigsaude btnCorAtendimento']",
    "Sim":"button[class='swal-but...</msg>
<status status="PASS" starttime="20211031 20:45:43.521" endtime="20211031 20:45:43.522"/>
</kw>
<kw name="Evaluate" library="BuiltIn">
<var>${super_var}</var>
<arg>json.loads($file)</arg>
<arg>json</arg>
<doc>Evaluates the given expression in Python and returns the result.</doc>
<msg timestamp="20211031 20:45:43.524" level="INFO">${super_var} = {'Data da listagem': 'dataListagem', 'Pesquisar': "button[class='btn btn-success']", 'Atendimento': "a[class='atendimento btn-sigsaude btnCorAtendimento']", 'Sim': "button[class='swal-button swal-butt...</msg>
<status status="PASS" starttime="20211031 20:45:43.523" endtime="20211031 20:45:43.525"/>
</kw>
<msg timestamp="20211031 20:45:43.525" level="INFO">${elementos_aten_json} = {'Data da listagem': 'dataListagem', 'Pesquisar': "button[class='btn btn-success']", 'Atendimento': "a[class='atendimento btn-sigsaude btnCorAtendimento']", 'Sim': "button[class='swal-button swal-butt...</msg>
<status status="PASS" starttime="20211031 20:45:43.519" endtime="20211031 20:45:43.525"/>
</kw>
<if>
<branch type="IF" condition="'${item}' == 'Adicionar exame'">
<kw name="Click" library="Browser">
<arg>css=${elementos_aten_json["${item}"]}</arg>
<tag>PageContent</tag>
<tag>Setter</tag>
<doc>Simulates mouse click on the element found by ``selector``.</doc>
<status status="NOT RUN" starttime="20211031 20:45:43.527" endtime="20211031 20:45:43.527"/>
</kw>
<status status="NOT RUN" starttime="20211031 20:45:43.526" endtime="20211031 20:45:43.527"/>
</branch>
<branch type="ELSE IF" condition="'${item}' == 'Adicionar glicemia'">
<kw name="Click" library="Browser">
<arg>id=${elementos_aten_json["${item}"]}</arg>
<tag>PageContent</tag>
<tag>Setter</tag>
<doc>Simulates mouse click on the element found by ``selector``.</doc>
<status status="PASS" starttime="20211031 20:45:43.528" endtime="20211031 20:45:43.602"/>
</kw>
<status status="PASS" starttime="20211031 20:45:43.527" endtime="20211031 20:45:43.602"/>
</branch>
<branch type="ELSE">
<kw name="Click" library="Browser">
<arg>xpath=${elementos_aten_json["${item}"]}</arg>
<tag>PageContent</tag>
<tag>Setter</tag>
<doc>Simulates mouse click on the element found by ``selector``.</doc>
<status status="NOT RUN" starttime="20211031 20:45:43.603" endtime="20211031 20:45:43.603"/>
</kw>
<status status="NOT RUN" starttime="20211031 20:45:43.602" endtime="20211031 20:45:43.603"/>
</branch>
<status status="PASS" starttime="20211031 20:45:43.525" endtime="20211031 20:45:43.603"/>
</if>
<status status="PASS" starttime="20211031 20:45:43.518" endtime="20211031 20:45:43.604"/>
</kw>
<if>
<branch type="IF" condition="'${contador}' == '1'">
<kw name="remover item da tabela &quot;Remover glicemia&quot;" library="keywords_atendimento" sourcename="remover item da tabela &quot;${campo}&quot;">
<status status="NOT RUN" starttime="20211031 20:45:43.605" endtime="20211031 20:45:43.605"/>
</kw>
<status status="NOT RUN" starttime="20211031 20:45:43.604" endtime="20211031 20:45:43.605"/>
</branch>
<status status="PASS" starttime="20211031 20:45:43.604" endtime="20211031 20:45:43.605"/>
</if>
<status status="PASS" starttime="20211031 20:45:43.274" endtime="20211031 20:45:43.605"/>
</iter>
<iter>
<var name="${contador}">4</var>
<kw name="Month" library="FakerLibrary">
<var>${mes_g}</var>
<msg timestamp="20211031 20:45:43.607" level="INFO">${mes_g} = 12</msg>
<status status="PASS" starttime="20211031 20:45:43.606" endtime="20211031 20:45:43.607"/>
</kw>
<kw name="Type Text" library="Browser">
<arg>css=input[id='dataControleGlicemia']</arg>
<arg>10/${mes_g}/2020</arg>
<tag>PageContent</tag>
<tag>Setter</tag>
<doc>Types the given ``txt`` into the text field found by ``selector``.</doc>
<msg timestamp="20211031 20:45:43.609" level="INFO">Types the text '10/12/2020' in the given field.</msg>
<status status="PASS" starttime="20211031 20:45:43.608" endtime="20211031 20:45:43.698"/>
</kw>
<kw name="Evaluate" library="BuiltIn">
<var>${numbers}</var>
<arg>random.randint(0, sys.maxsize)</arg>
<arg>random</arg>
<doc>Evaluates the given expression in Python and returns the result.</doc>
<msg timestamp="20211031 20:45:43.701" level="INFO">${numbers} = 764792785488432946</msg>
<status status="PASS" starttime="20211031 20:45:43.699" endtime="20211031 20:45:43.701"/>
</kw>
<kw name="Type Text" library="Browser">
<arg>id=medidaControleGlicemia</arg>
<arg>${numbers}</arg>
<tag>PageContent</tag>
<tag>Setter</tag>
<doc>Types the given ``txt`` into the text field found by ``selector``.</doc>
<msg timestamp="20211031 20:45:43.702" level="INFO">Types the text '764792785488432946' in the given field.</msg>
<status status="PASS" starttime="20211031 20:45:43.702" endtime="20211031 20:45:43.847"/>
</kw>
<kw name="Adicionar item na tabela &quot;Adicionar glicemia&quot;" library="keywords_atendimento" sourcename="Adicionar item na tabela &quot;${item}&quot;">
<kw name="Get JSON" library="base">
<var>${elementos_aten_json}</var>
<arg>elementos_aten.json</arg>
<kw name="Get File" library="OperatingSystem">
<var>${file}</var>
<arg>${EXECDIR}/Files/${file_name}</arg>
<doc>Returns the contents of a specified file.</doc>
<msg timestamp="20211031 20:45:43.852" level="INFO" html="true">Getting file '&lt;a href="file:///home/m.calixta/Projeto sigsaúde/Files/elementos_aten.json"&gt;/home/m.calixta/Projeto sigsaúde/Files/elementos_aten.json&lt;/a&gt;'.</msg>
<msg timestamp="20211031 20:45:43.852" level="INFO">${file} = {
    "Data da listagem":"dataListagem",
    "Pesquisar":"button[class='btn btn-success']",
    "Atendimento":"a[class='atendimento btn-sigsaude btnCorAtendimento']",
    "Sim":"button[class='swal-but...</msg>
<status status="PASS" starttime="20211031 20:45:43.851" endtime="20211031 20:45:43.852"/>
</kw>
<kw name="Evaluate" library="BuiltIn">
<var>${super_var}</var>
<arg>json.loads($file)</arg>
<arg>json</arg>
<doc>Evaluates the given expression in Python and returns the result.</doc>
<msg timestamp="20211031 20:45:43.854" level="INFO">${super_var} = {'Data da listagem': 'dataListagem', 'Pesquisar': "button[class='btn btn-success']", 'Atendimento': "a[class='atendimento btn-sigsaude btnCorAtendimento']", 'Sim': "button[class='swal-button swal-butt...</msg>
<status status="PASS" starttime="20211031 20:45:43.853" endtime="20211031 20:45:43.854"/>
</kw>
<msg timestamp="20211031 20:45:43.855" level="INFO">${elementos_aten_json} = {'Data da listagem': 'dataListagem', 'Pesquisar': "button[class='btn btn-success']", 'Atendimento': "a[class='atendimento btn-sigsaude btnCorAtendimento']", 'Sim': "button[class='swal-button swal-butt...</msg>
<status status="PASS" starttime="20211031 20:45:43.849" endtime="20211031 20:45:43.855"/>
</kw>
<if>
<branch type="IF" condition="'${item}' == 'Adicionar exame'">
<kw name="Click" library="Browser">
<arg>css=${elementos_aten_json["${item}"]}</arg>
<tag>PageContent</tag>
<tag>Setter</tag>
<doc>Simulates mouse click on the element found by ``selector``.</doc>
<status status="NOT RUN" starttime="20211031 20:45:43.856" endtime="20211031 20:45:43.857"/>
</kw>
<status status="NOT RUN" starttime="20211031 20:45:43.856" endtime="20211031 20:45:43.857"/>
</branch>
<branch type="ELSE IF" condition="'${item}' == 'Adicionar glicemia'">
<kw name="Click" library="Browser">
<arg>id=${elementos_aten_json["${item}"]}</arg>
<tag>PageContent</tag>
<tag>Setter</tag>
<doc>Simulates mouse click on the element found by ``selector``.</doc>
<status status="PASS" starttime="20211031 20:45:43.858" endtime="20211031 20:45:43.935"/>
</kw>
<status status="PASS" starttime="20211031 20:45:43.857" endtime="20211031 20:45:43.935"/>
</branch>
<branch type="ELSE">
<kw name="Click" library="Browser">
<arg>xpath=${elementos_aten_json["${item}"]}</arg>
<tag>PageContent</tag>
<tag>Setter</tag>
<doc>Simulates mouse click on the element found by ``selector``.</doc>
<status status="NOT RUN" starttime="20211031 20:45:43.936" endtime="20211031 20:45:43.936"/>
</kw>
<status status="NOT RUN" starttime="20211031 20:45:43.935" endtime="20211031 20:45:43.936"/>
</branch>
<status status="PASS" starttime="20211031 20:45:43.855" endtime="20211031 20:45:43.936"/>
</if>
<status status="PASS" starttime="20211031 20:45:43.848" endtime="20211031 20:45:43.937"/>
</kw>
<if>
<branch type="IF" condition="'${contador}' == '1'">
<kw name="remover item da tabela &quot;Remover glicemia&quot;" library="keywords_atendimento" sourcename="remover item da tabela &quot;${campo}&quot;">
<status status="NOT RUN" starttime="20211031 20:45:43.938" endtime="20211031 20:45:43.938"/>
</kw>
<status status="NOT RUN" starttime="20211031 20:45:43.937" endtime="20211031 20:45:43.938"/>
</branch>
<status status="PASS" starttime="20211031 20:45:43.937" endtime="20211031 20:45:43.938"/>
</if>
<status status="PASS" starttime="20211031 20:45:43.606" endtime="20211031 20:45:43.938"/>
</iter>
<status status="PASS" starttime="20211031 20:45:42.054" endtime="20211031 20:45:43.938"/>
</for>
<kw name="Click" library="Browser">
<arg>xpath=${elementos_aten_json["Avançar"]}</arg>
<tag>PageContent</tag>
<tag>Setter</tag>
<doc>Simulates mouse click on the element found by ``selector``.</doc>
<status status="PASS" starttime="20211031 20:45:43.939" endtime="20211031 20:45:43.996"/>
</kw>
<status status="PASS" starttime="20211031 20:45:42.046" endtime="20211031 20:45:43.996"/>
</kw>
<status status="PASS" starttime="20211031 20:45:39.467" endtime="20211031 20:45:43.997"/>
</kw>
<status status="PASS" starttime="20211031 20:45:36.714" endtime="20211031 20:45:43.997"/>
</kw>
<status status="PASS" starttime="20211031 20:45:28.775" endtime="20211031 20:45:43.997"/>
</kw>
<status status="PASS" starttime="20211031 20:45:28.771" endtime="20211031 20:45:43.997"/>
</kw>
<status status="PASS" starttime="20211031 20:45:28.763" endtime="20211031 20:45:43.998"/>
</kw>
<kw name="Sleep" library="BuiltIn">
<arg>20s</arg>
<doc>Pauses the test executed for the given time.</doc>
<msg timestamp="20211031 20:46:04.000" level="INFO">Slept 20 seconds</msg>
<status status="PASS" starttime="20211031 20:45:43.999" endtime="20211031 20:46:04.001"/>
</kw>
<status status="PASS" starttime="20211031 20:45:23.632" endtime="20211031 20:46:04.006"/>
</test>
<doc>Teste Agendamento</doc>
<status status="PASS" starttime="20211031 20:45:09.597" endtime="20211031 20:46:04.029"/>
</suite>
<statistics>
<total>
<stat pass="1" fail="0" skip="0">All Tests</stat>
</total>
<tag>
</tag>
<suite>
<stat pass="1" fail="0" skip="0" id="s1" name="5 - Atendimento endocrinologia">5 - Atendimento endocrinologia</stat>
</suite>
</statistics>
<errors>
</errors>
</robot>
