<?xml version="1.0" encoding="UTF-8"?>
<robot generator="Robot 4.0.3 (Python 3.8.10 on linux)" generated="20220307 21:44:06.376" rpa="false" schemaversion="2">
<suite id="s1" name="Caminho feliz" source="/home/m.calixta/RobotFramework-Sigsaude/Tests/Caminho feliz.robot">
<kw name="iniciar navegador sessão &quot;Endocrinologia&quot;" library="base" type="SETUP" sourcename="iniciar navegador sessão &quot;${login_usuario}&quot;">
<kw name="iniciar Navegador" library="base">
<kw name="Get JSON" library="base">
<var>${config_json}</var>
<arg>config.json</arg>
<kw name="Get File" library="OperatingSystem">
<var>${file}</var>
<arg>${EXECDIR}/Files/${file_name}</arg>
<doc>Returns the contents of a specified file.</doc>
<msg timestamp="20220307 21:44:07.679" level="INFO" html="true">Getting file '&lt;a href="file:///home/m.calixta/RobotFramework-Sigsaude/Files/config.json"&gt;/home/m.calixta/RobotFramework-Sigsaude/Files/config.json&lt;/a&gt;'.</msg>
<msg timestamp="20220307 21:44:07.680" level="INFO">${file} = {
    "base_url":"https://homologacaosigsaude.imd.ufrn.br/sigsaude",
    "navegador":"chromium"
}</msg>
<status status="PASS" starttime="20220307 21:44:07.675" endtime="20220307 21:44:07.680"/>
</kw>
<kw name="Evaluate" library="BuiltIn">
<var>${super_var}</var>
<arg>json.loads($file)</arg>
<arg>json</arg>
<doc>Evaluates the given expression in Python and returns the result.</doc>
<msg timestamp="20220307 21:44:07.712" level="INFO">${super_var} = {'base_url': 'https://homologacaosigsaude.imd.ufrn.br/sigsaude', 'navegador': 'chromium'}</msg>
<status status="PASS" starttime="20220307 21:44:07.683" endtime="20220307 21:44:07.712"/>
</kw>
<msg timestamp="20220307 21:44:07.714" level="INFO">${config_json} = {'base_url': 'https://homologacaosigsaude.imd.ufrn.br/sigsaude', 'navegador': 'chromium'}</msg>
<status status="PASS" starttime="20220307 21:44:07.672" endtime="20220307 21:44:07.714"/>
</kw>
<kw name="New Browser" library="Browser">
<arg>${config_json["navegador"]}</arg>
<arg>False</arg>
<tag>BrowserControl</tag>
<tag>Setter</tag>
<doc>Create a new playwright Browser with specified options.
See `Browser, Context and Page` for more information about Browser and related concepts.</doc>
<msg timestamp="20220307 21:44:07.721" level="INFO">{"browser": "chromium", "headless": false, "handleSIGINT": true, "handleSIGTERM": true, "handleSIGHUP": true, "timeout": 30000.0, "devtools": false, "slowMo": 0.0}</msg>
<msg timestamp="20220307 21:44:08.021" level="INFO">Successfully created browser with options: {"browser":"chromium","headless":false,"handleSIGINT":true,"handleSIGTERM":true,"handleSIGHUP":true,"timeout":30000,"devtools":false,"slowMo":0}</msg>
<status status="PASS" starttime="20220307 21:44:07.716" endtime="20220307 21:44:08.022"/>
</kw>
<status status="PASS" starttime="20220307 21:44:07.670" endtime="20220307 21:44:08.022"/>
</kw>
<kw name="Get JSON" library="base">
<var>${config_json}</var>
<arg>config.json</arg>
<kw name="Get File" library="OperatingSystem">
<var>${file}</var>
<arg>${EXECDIR}/Files/${file_name}</arg>
<doc>Returns the contents of a specified file.</doc>
<msg timestamp="20220307 21:44:08.025" level="INFO" html="true">Getting file '&lt;a href="file:///home/m.calixta/RobotFramework-Sigsaude/Files/config.json"&gt;/home/m.calixta/RobotFramework-Sigsaude/Files/config.json&lt;/a&gt;'.</msg>
<msg timestamp="20220307 21:44:08.026" level="INFO">${file} = {
    "base_url":"https://homologacaosigsaude.imd.ufrn.br/sigsaude",
    "navegador":"chromium"
}</msg>
<status status="PASS" starttime="20220307 21:44:08.024" endtime="20220307 21:44:08.026"/>
</kw>
<kw name="Evaluate" library="BuiltIn">
<var>${super_var}</var>
<arg>json.loads($file)</arg>
<arg>json</arg>
<doc>Evaluates the given expression in Python and returns the result.</doc>
<msg timestamp="20220307 21:44:08.027" level="INFO">${super_var} = {'base_url': 'https://homologacaosigsaude.imd.ufrn.br/sigsaude', 'navegador': 'chromium'}</msg>
<status status="PASS" starttime="20220307 21:44:08.026" endtime="20220307 21:44:08.028"/>
</kw>
<msg timestamp="20220307 21:44:08.028" level="INFO">${config_json} = {'base_url': 'https://homologacaosigsaude.imd.ufrn.br/sigsaude', 'navegador': 'chromium'}</msg>
<status status="PASS" starttime="20220307 21:44:08.023" endtime="20220307 21:44:08.028"/>
</kw>
<kw name="New Page" library="Browser">
<arg>${config_json["base_url"]}</arg>
<tag>BrowserControl</tag>
<tag>Setter</tag>
<doc>Open a new Page. A Page is the Playwright equivalent to a tab.
See `Browser, Context and Page` for more information about Page concept.
Returns a stable identifier for the created page.</doc>
<msg timestamp="20220307 21:44:13.805" level="INFO">Successfully initialized new page object and opened url: https://homologacaosigsaude.imd.ufrn.br/sigsaude</msg>
<msg timestamp="20220307 21:44:13.805" level="INFO">No context was open. New context was automatically opened when this page is created.</msg>
<status status="PASS" starttime="20220307 21:44:08.029" endtime="20220307 21:44:13.805"/>
</kw>
<kw name="Direcionamento da tela &quot;login&quot;" library="nav" sourcename="Direcionamento da tela &quot;${page}&quot;">
<kw name="Get JSON" library="base">
<var>${telas_json}</var>
<arg>telas.json</arg>
<kw name="Get File" library="OperatingSystem">
<var>${file}</var>
<arg>${EXECDIR}/Files/${file_name}</arg>
<doc>Returns the contents of a specified file.</doc>
<msg timestamp="20220307 21:44:13.810" level="INFO" html="true">Getting file '&lt;a href="file:///home/m.calixta/RobotFramework-Sigsaude/Files/telas.json"&gt;/home/m.calixta/RobotFramework-Sigsaude/Files/telas.json&lt;/a&gt;'.</msg>
<msg timestamp="20220307 21:44:13.811" level="INFO">${file} = {
    "login":"/login",
    "novo usuario de serviço":"/paciente/cadastro",
    "listar usuarios de serviço":"/paciente",
    "cadastro de colaborador":"/colaborador/form",
    "agendamento":"/agendam...</msg>
<status status="PASS" starttime="20220307 21:44:13.809" endtime="20220307 21:44:13.811"/>
</kw>
<kw name="Evaluate" library="BuiltIn">
<var>${super_var}</var>
<arg>json.loads($file)</arg>
<arg>json</arg>
<doc>Evaluates the given expression in Python and returns the result.</doc>
<msg timestamp="20220307 21:44:13.812" level="INFO">${super_var} = {'login': '/login', 'novo usuario de serviço': '/paciente/cadastro', 'listar usuarios de serviço': '/paciente', 'cadastro de colaborador': '/colaborador/form', 'agendamento': '/agendamento', 'listar c...</msg>
<status status="PASS" starttime="20220307 21:44:13.811" endtime="20220307 21:44:13.812"/>
</kw>
<msg timestamp="20220307 21:44:13.813" level="INFO">${telas_json} = {'login': '/login', 'novo usuario de serviço': '/paciente/cadastro', 'listar usuarios de serviço': '/paciente', 'cadastro de colaborador': '/colaborador/form', 'agendamento': '/agendamento', 'listar c...</msg>
<status status="PASS" starttime="20220307 21:44:13.808" endtime="20220307 21:44:13.813"/>
</kw>
<kw name="Get JSON" library="base">
<var>${config_json}</var>
<arg>config.json</arg>
<kw name="Get File" library="OperatingSystem">
<var>${file}</var>
<arg>${EXECDIR}/Files/${file_name}</arg>
<doc>Returns the contents of a specified file.</doc>
<msg timestamp="20220307 21:44:13.816" level="INFO" html="true">Getting file '&lt;a href="file:///home/m.calixta/RobotFramework-Sigsaude/Files/config.json"&gt;/home/m.calixta/RobotFramework-Sigsaude/Files/config.json&lt;/a&gt;'.</msg>
<msg timestamp="20220307 21:44:13.817" level="INFO">${file} = {
    "base_url":"https://homologacaosigsaude.imd.ufrn.br/sigsaude",
    "navegador":"chromium"
}</msg>
<status status="PASS" starttime="20220307 21:44:13.815" endtime="20220307 21:44:13.817"/>
</kw>
<kw name="Evaluate" library="BuiltIn">
<var>${super_var}</var>
<arg>json.loads($file)</arg>
<arg>json</arg>
<doc>Evaluates the given expression in Python and returns the result.</doc>
<msg timestamp="20220307 21:44:13.819" level="INFO">${super_var} = {'base_url': 'https://homologacaosigsaude.imd.ufrn.br/sigsaude', 'navegador': 'chromium'}</msg>
<status status="PASS" starttime="20220307 21:44:13.818" endtime="20220307 21:44:13.819"/>
</kw>
<msg timestamp="20220307 21:44:13.820" level="INFO">${config_json} = {'base_url': 'https://homologacaosigsaude.imd.ufrn.br/sigsaude', 'navegador': 'chromium'}</msg>
<status status="PASS" starttime="20220307 21:44:13.814" endtime="20220307 21:44:13.820"/>
</kw>
<kw name="Go To" library="Browser">
<arg>${config_json["base_url"]}${telas_json["${page}"]}</arg>
<tag>BrowserControl</tag>
<tag>Setter</tag>
<doc>Navigates to the given ``url``.</doc>
<msg timestamp="20220307 21:44:14.959" level="INFO">Succesfully opened URL https://homologacaosigsaude.imd.ufrn.br/sigsaude/login</msg>
<status status="PASS" starttime="20220307 21:44:13.821" endtime="20220307 21:44:14.959"/>
</kw>
<status status="PASS" starttime="20220307 21:44:13.806" endtime="20220307 21:44:14.960"/>
</kw>
<kw name="Get JSON" library="base">
<var>${login_json}</var>
<arg>login.json</arg>
<kw name="Get File" library="OperatingSystem">
<var>${file}</var>
<arg>${EXECDIR}/Files/${file_name}</arg>
<doc>Returns the contents of a specified file.</doc>
<msg timestamp="20220307 21:44:14.963" level="INFO" html="true">Getting file '&lt;a href="file:///home/m.calixta/RobotFramework-Sigsaude/Files/login.json"&gt;/home/m.calixta/RobotFramework-Sigsaude/Files/login.json&lt;/a&gt;'.</msg>
<msg timestamp="20220307 21:44:14.963" level="INFO">${file} = {

    "Psicologia":{
        "login": "drpsicologia",
        "senha": 85278120029
    },

    "Endocrinologia":{
        "login": "drendocrinologia",
        "senha": 98841863323
    }
}</msg>
<status status="PASS" starttime="20220307 21:44:14.962" endtime="20220307 21:44:14.963"/>
</kw>
<kw name="Evaluate" library="BuiltIn">
<var>${super_var}</var>
<arg>json.loads($file)</arg>
<arg>json</arg>
<doc>Evaluates the given expression in Python and returns the result.</doc>
<msg timestamp="20220307 21:44:14.965" level="INFO">${super_var} = {'Psicologia': {'login': 'drpsicologia', 'senha': 85278120029}, 'Endocrinologia': {'login': 'drendocrinologia', 'senha': 98841863323}}</msg>
<status status="PASS" starttime="20220307 21:44:14.964" endtime="20220307 21:44:14.965"/>
</kw>
<msg timestamp="20220307 21:44:14.966" level="INFO">${login_json} = {'Psicologia': {'login': 'drpsicologia', 'senha': 85278120029}, 'Endocrinologia': {'login': 'drendocrinologia', 'senha': 98841863323}}</msg>
<status status="PASS" starttime="20220307 21:44:14.960" endtime="20220307 21:44:14.966"/>
</kw>
<kw name="Fill Text" library="Browser">
<arg>id=login-username</arg>
<arg>${login_json["${login_usuario}"]["login"]}</arg>
<tag>PageContent</tag>
<tag>Setter</tag>
<doc>Clears and fills the given ``text`` into the text field found by ``selector``.</doc>
<msg timestamp="20220307 21:44:14.971" level="INFO">Fills the text 'drendocrinologia' in the given field.</msg>
<status status="PASS" starttime="20220307 21:44:14.967" endtime="20220307 21:44:15.003"/>
</kw>
<kw name="Fill Text" library="Browser">
<arg>id=login-password</arg>
<arg>${login_json["${login_usuario}"]["senha"]}</arg>
<tag>PageContent</tag>
<tag>Setter</tag>
<doc>Clears and fills the given ``text`` into the text field found by ``selector``.</doc>
<msg timestamp="20220307 21:44:15.007" level="INFO">Fills the text '98841863323' in the given field.</msg>
<status status="PASS" starttime="20220307 21:44:15.004" endtime="20220307 21:44:15.027"/>
</kw>
<kw name="Click" library="Browser">
<arg>css=[value='Entrar']</arg>
<tag>PageContent</tag>
<tag>Setter</tag>
<doc>Simulates mouse click on the element found by ``selector``.</doc>
<status status="PASS" starttime="20220307 21:44:15.027" endtime="20220307 21:44:15.594"/>
</kw>
<status status="PASS" starttime="20220307 21:44:07.667" endtime="20220307 21:44:15.595"/>
</kw>
<test id="s1-t1" name="[012] - Registrar escala (Completo)">
<kw name="Dado" library="bdd">
<arg>que o usuario está na tela "listar oferta"</arg>
<kw name="Run Keyword" library="BuiltIn">
<arg>@{Keywords}</arg>
<doc>Executes the given keyword with the given arguments.</doc>
<kw name="que o usuario está na tela &quot;listar oferta&quot;" library="nav" sourcename="que o usuario está na tela &quot;${tela}&quot;">
<kw name="Direcionamento da tela &quot;${tela}&quot;" library="nav" sourcename="Direcionamento da tela &quot;${page}&quot;">
<kw name="Get JSON" library="base">
<var>${telas_json}</var>
<arg>telas.json</arg>
<kw name="Get File" library="OperatingSystem">
<var>${file}</var>
<arg>${EXECDIR}/Files/${file_name}</arg>
<doc>Returns the contents of a specified file.</doc>
<msg timestamp="20220307 21:44:15.619" level="INFO" html="true">Getting file '&lt;a href="file:///home/m.calixta/RobotFramework-Sigsaude/Files/telas.json"&gt;/home/m.calixta/RobotFramework-Sigsaude/Files/telas.json&lt;/a&gt;'.</msg>
<msg timestamp="20220307 21:44:15.620" level="INFO">${file} = {
    "login":"/login",
    "novo usuario de serviço":"/paciente/cadastro",
    "listar usuarios de serviço":"/paciente",
    "cadastro de colaborador":"/colaborador/form",
    "agendamento":"/agendam...</msg>
<status status="PASS" starttime="20220307 21:44:15.617" endtime="20220307 21:44:15.620"/>
</kw>
<kw name="Evaluate" library="BuiltIn">
<var>${super_var}</var>
<arg>json.loads($file)</arg>
<arg>json</arg>
<doc>Evaluates the given expression in Python and returns the result.</doc>
<msg timestamp="20220307 21:44:15.622" level="INFO">${super_var} = {'login': '/login', 'novo usuario de serviço': '/paciente/cadastro', 'listar usuarios de serviço': '/paciente', 'cadastro de colaborador': '/colaborador/form', 'agendamento': '/agendamento', 'listar c...</msg>
<status status="PASS" starttime="20220307 21:44:15.621" endtime="20220307 21:44:15.622"/>
</kw>
<msg timestamp="20220307 21:44:15.623" level="INFO">${telas_json} = {'login': '/login', 'novo usuario de serviço': '/paciente/cadastro', 'listar usuarios de serviço': '/paciente', 'cadastro de colaborador': '/colaborador/form', 'agendamento': '/agendamento', 'listar c...</msg>
<status status="PASS" starttime="20220307 21:44:15.615" endtime="20220307 21:44:15.624"/>
</kw>
<kw name="Get JSON" library="base">
<var>${config_json}</var>
<arg>config.json</arg>
<kw name="Get File" library="OperatingSystem">
<var>${file}</var>
<arg>${EXECDIR}/Files/${file_name}</arg>
<doc>Returns the contents of a specified file.</doc>
<msg timestamp="20220307 21:44:15.627" level="INFO" html="true">Getting file '&lt;a href="file:///home/m.calixta/RobotFramework-Sigsaude/Files/config.json"&gt;/home/m.calixta/RobotFramework-Sigsaude/Files/config.json&lt;/a&gt;'.</msg>
<msg timestamp="20220307 21:44:15.628" level="INFO">${file} = {
    "base_url":"https://homologacaosigsaude.imd.ufrn.br/sigsaude",
    "navegador":"chromium"
}</msg>
<status status="PASS" starttime="20220307 21:44:15.626" endtime="20220307 21:44:15.628"/>
</kw>
<kw name="Evaluate" library="BuiltIn">
<var>${super_var}</var>
<arg>json.loads($file)</arg>
<arg>json</arg>
<doc>Evaluates the given expression in Python and returns the result.</doc>
<msg timestamp="20220307 21:44:15.630" level="INFO">${super_var} = {'base_url': 'https://homologacaosigsaude.imd.ufrn.br/sigsaude', 'navegador': 'chromium'}</msg>
<status status="PASS" starttime="20220307 21:44:15.629" endtime="20220307 21:44:15.631"/>
</kw>
<msg timestamp="20220307 21:44:15.631" level="INFO">${config_json} = {'base_url': 'https://homologacaosigsaude.imd.ufrn.br/sigsaude', 'navegador': 'chromium'}</msg>
<status status="PASS" starttime="20220307 21:44:15.624" endtime="20220307 21:44:15.632"/>
</kw>
<kw name="Go To" library="Browser">
<arg>${config_json["base_url"]}${telas_json["${page}"]}</arg>
<tag>BrowserControl</tag>
<tag>Setter</tag>
<doc>Navigates to the given ``url``.</doc>
<msg timestamp="20220307 21:44:22.196" level="INFO">Succesfully opened URL https://homologacaosigsaude.imd.ufrn.br/sigsaude/ofertaAtendimento</msg>
<status status="PASS" starttime="20220307 21:44:15.633" endtime="20220307 21:44:22.197"/>
</kw>
<status status="PASS" starttime="20220307 21:44:15.613" endtime="20220307 21:44:22.197"/>
</kw>
<status status="PASS" starttime="20220307 21:44:15.612" endtime="20220307 21:44:22.197"/>
</kw>
<status status="PASS" starttime="20220307 21:44:15.610" endtime="20220307 21:44:22.198"/>
</kw>
<status status="PASS" starttime="20220307 21:44:15.608" endtime="20220307 21:44:22.198"/>
</kw>
<kw name="E" library="bdd">
<arg>preencher o ${Campos_oferta.denominacao} com ${Valor_campos_oferta.denominacao}</arg>
<kw name="Run Keyword" library="BuiltIn">
<arg>@{Keywords}</arg>
<doc>Executes the given keyword with the given arguments.</doc>
<kw name="preencher o inputDenominacao com Oferta nutriçãoo" library="Page_profissão_cadastro" sourcename="preencher o ${CAMPO} com ${VALOR}">
<kw name="Type Text" library="Browser">
<arg>id=${CAMPO}</arg>
<arg>${VALOR}</arg>
<tag>PageContent</tag>
<tag>Setter</tag>
<doc>Types the given ``txt`` into the text field found by ``selector``.</doc>
<msg timestamp="20220307 21:44:22.213" level="INFO">Types the text 'Oferta nutriçãoo' in the given field.</msg>
<status status="PASS" starttime="20220307 21:44:22.211" endtime="20220307 21:44:22.325"/>
</kw>
<status status="PASS" starttime="20220307 21:44:22.209" endtime="20220307 21:44:22.325"/>
</kw>
<status status="PASS" starttime="20220307 21:44:22.208" endtime="20220307 21:44:22.326"/>
</kw>
<status status="PASS" starttime="20220307 21:44:22.199" endtime="20220307 21:44:22.326"/>
</kw>
<kw name="E" library="bdd">
<arg>clicar no ${Buttons_escala.pesquisar}</arg>
<kw name="Run Keyword" library="BuiltIn">
<arg>@{Keywords}</arg>
<doc>Executes the given keyword with the given arguments.</doc>
<kw name="clicar no pesquisarOfertaDeAtendimento" library="Page_profissão_cadastro" sourcename="clicar no ${Button}">
<kw name="Click" library="Browser">
<arg>id=${Button}</arg>
<tag>PageContent</tag>
<tag>Setter</tag>
<doc>Simulates mouse click on the element found by ``selector``.</doc>
<status status="PASS" starttime="20220307 21:44:22.336" endtime="20220307 21:44:22.589"/>
</kw>
<status status="PASS" starttime="20220307 21:44:22.335" endtime="20220307 21:44:22.590"/>
</kw>
<status status="PASS" starttime="20220307 21:44:22.333" endtime="20220307 21:44:22.590"/>
</kw>
<status status="PASS" starttime="20220307 21:44:22.327" endtime="20220307 21:44:22.591"/>
</kw>
<kw name="E" library="bdd">
<arg>clicar em ${Buttons_escala.registrar_escala}</arg>
<kw name="Run Keyword" library="BuiltIn">
<arg>@{Keywords}</arg>
<doc>Executes the given keyword with the given arguments.</doc>
<kw name="clicar em //*[@id=&quot;dataTable&quot;]/tbody/tr/td[4]/div/a[1]" library="Page_agendamento" sourcename="clicar em ${CAMPO}">
<kw name="Click" library="Browser">
<arg>xpath=${CAMPO}</arg>
<tag>PageContent</tag>
<tag>Setter</tag>
<doc>Simulates mouse click on the element found by ``selector``.</doc>
<status status="PASS" starttime="20220307 21:44:22.603" endtime="20220307 21:44:23.732"/>
</kw>
<status status="PASS" starttime="20220307 21:44:22.600" endtime="20220307 21:44:23.732"/>
</kw>
<status status="PASS" starttime="20220307 21:44:22.599" endtime="20220307 21:44:23.733"/>
</kw>
<status status="PASS" starttime="20220307 21:44:22.592" endtime="20220307 21:44:23.733"/>
</kw>
<kw name="E" library="bdd">
<arg>selecionar o ${Valor_campos_escala.denominacao} no ${Campos_escala.denominacao}</arg>
<kw name="Run Keyword" library="BuiltIn">
<arg>@{Keywords}</arg>
<doc>Executes the given keyword with the given arguments.</doc>
<kw name="selecionar o Escala1 no escala" library="Page_profissão_cadastro" sourcename="selecionar o ${VALOR} no ${CAMPO}">
<kw name="Convert To Upper Case" library="String">
<var>${VALOR2}</var>
<arg>${VALOR}</arg>
<doc>Converts string to upper case.</doc>
<msg timestamp="20220307 21:44:23.749" level="INFO">${VALOR2} = ESCALA1</msg>
<status status="PASS" starttime="20220307 21:44:23.747" endtime="20220307 21:44:23.749"/>
</kw>
<kw name="Select Options By" library="Browser">
<arg>id=${CAMPO}</arg>
<arg>Text</arg>
<arg>${VALOR2}</arg>
<tag>PageContent</tag>
<tag>Setter</tag>
<doc>Selects options from select element found by ``selector``.</doc>
<status status="PASS" starttime="20220307 21:44:23.750" endtime="20220307 21:44:25.682"/>
</kw>
<status status="PASS" starttime="20220307 21:44:23.745" endtime="20220307 21:44:25.683"/>
</kw>
<status status="PASS" starttime="20220307 21:44:23.743" endtime="20220307 21:44:25.683"/>
</kw>
<status status="PASS" starttime="20220307 21:44:23.734" endtime="20220307 21:44:25.683"/>
</kw>
<kw name="E" library="bdd">
<arg>selecionar o ${Valor_campos_escala.tipo_atendimento} no ${Campos_escala.tipo_atendimento}</arg>
<kw name="Run Keyword" library="BuiltIn">
<arg>@{Keywords}</arg>
<doc>Executes the given keyword with the given arguments.</doc>
<kw name="selecionar o Profissional de saúde no tipoAtendimento" library="Page_profissão_cadastro" sourcename="selecionar o ${VALOR} no ${CAMPO}">
<kw name="Convert To Upper Case" library="String">
<var>${VALOR2}</var>
<arg>${VALOR}</arg>
<doc>Converts string to upper case.</doc>
<msg timestamp="20220307 21:44:25.699" level="INFO">${VALOR2} = PROFISSIONAL DE SAÚDE</msg>
<status status="PASS" starttime="20220307 21:44:25.698" endtime="20220307 21:44:25.700"/>
</kw>
<kw name="Select Options By" library="Browser">
<arg>id=${CAMPO}</arg>
<arg>Text</arg>
<arg>${VALOR2}</arg>
<tag>PageContent</tag>
<tag>Setter</tag>
<doc>Selects options from select element found by ``selector``.</doc>
<status status="PASS" starttime="20220307 21:44:25.701" endtime="20220307 21:44:25.799"/>
</kw>
<status status="PASS" starttime="20220307 21:44:25.695" endtime="20220307 21:44:25.799"/>
</kw>
<status status="PASS" starttime="20220307 21:44:25.693" endtime="20220307 21:44:25.800"/>
</kw>
<status status="PASS" starttime="20220307 21:44:25.684" endtime="20220307 21:44:25.800"/>
</kw>
<kw name="E" library="bdd">
<arg>informar profissional ${Valor_campos_escala.profissional2}</arg>
<kw name="Run Keyword" library="BuiltIn">
<arg>@{Keywords}</arg>
<doc>Executes the given keyword with the given arguments.</doc>
<kw name="informar profissional DRPSICOLOGIA" library="Page_oferta_listar" sourcename="informar profissional ${VALOR}">
<kw name="Click" library="Browser">
<arg>xpath=${Campos_escala.profissional1}</arg>
<tag>PageContent</tag>
<tag>Setter</tag>
<doc>Simulates mouse click on the element found by ``selector``.</doc>
<status status="PASS" starttime="20220307 21:44:25.809" endtime="20220307 21:44:26.099"/>
</kw>
<kw name="Fill Text" library="Browser">
<arg>xpath=${Campos_escala.profissional2}</arg>
<arg>${VALOR}</arg>
<tag>PageContent</tag>
<tag>Setter</tag>
<doc>Clears and fills the given ``text`` into the text field found by ``selector``.</doc>
<msg timestamp="20220307 21:44:26.103" level="INFO">Fills the text 'DRPSICOLOGIA' in the given field.</msg>
<status status="PASS" starttime="20220307 21:44:26.100" endtime="20220307 21:44:26.123"/>
</kw>
<kw name="Click" library="Browser">
<arg>id=${Campos_escala.selecionar_profissional}</arg>
<tag>PageContent</tag>
<tag>Setter</tag>
<doc>Simulates mouse click on the element found by ``selector``.</doc>
<status status="PASS" starttime="20220307 21:44:26.124" endtime="20220307 21:44:26.246"/>
</kw>
<status status="PASS" starttime="20220307 21:44:25.807" endtime="20220307 21:44:26.246"/>
</kw>
<status status="PASS" starttime="20220307 21:44:25.805" endtime="20220307 21:44:26.246"/>
</kw>
<status status="PASS" starttime="20220307 21:44:25.801" endtime="20220307 21:44:26.247"/>
</kw>
<kw name="E" library="bdd">
<arg>clicar no ${Buttons_escala.consultar}</arg>
<kw name="Run Keyword" library="BuiltIn">
<arg>@{Keywords}</arg>
<doc>Executes the given keyword with the given arguments.</doc>
<kw name="clicar no buttonConsulta" library="Page_profissão_cadastro" sourcename="clicar no ${Button}">
<kw name="Click" library="Browser">
<arg>id=${Button}</arg>
<tag>PageContent</tag>
<tag>Setter</tag>
<doc>Simulates mouse click on the element found by ``selector``.</doc>
<status status="PASS" starttime="20220307 21:44:26.257" endtime="20220307 21:44:26.704"/>
</kw>
<status status="PASS" starttime="20220307 21:44:26.255" endtime="20220307 21:44:26.704"/>
</kw>
<status status="PASS" starttime="20220307 21:44:26.253" endtime="20220307 21:44:26.705"/>
</kw>
<status status="PASS" starttime="20220307 21:44:26.248" endtime="20220307 21:44:26.705"/>
</kw>
<kw name="E" library="bdd">
<arg>adicionar horario</arg>
<kw name="Run Keyword" library="BuiltIn">
<arg>@{Keywords}</arg>
<doc>Executes the given keyword with the given arguments.</doc>
<kw name="adicionar horario" library="Page_oferta_listar">
<for flavor="IN RANGE">
<var>${cont}</var>
<value>3</value>
<value>8</value>
<iter>
<var name="${cont}">3</var>
<kw name="Click" library="Browser">
<arg>xpath=//*[@id="calendar"]/div[2]/div/table/tbody/tr/td/div/div/div[3]/table/tbody/tr/td[${cont}]/div/div[2]/a[1]/div/div</arg>
<tag>PageContent</tag>
<tag>Setter</tag>
<doc>Simulates mouse click on the element found by ``selector``.</doc>
<status status="PASS" starttime="20220307 21:44:26.713" endtime="20220307 21:44:26.924"/>
</kw>
<kw name="Click" library="Browser">
<arg>xpath=${Buttons_escala.sim}</arg>
<tag>PageContent</tag>
<tag>Setter</tag>
<doc>Simulates mouse click on the element found by ``selector``.</doc>
<status status="PASS" starttime="20220307 21:44:26.925" endtime="20220307 21:44:27.279"/>
</kw>
<status status="PASS" starttime="20220307 21:44:26.712" endtime="20220307 21:44:27.279"/>
</iter>
<iter>
<var name="${cont}">4</var>
<kw name="Click" library="Browser">
<arg>xpath=//*[@id="calendar"]/div[2]/div/table/tbody/tr/td/div/div/div[3]/table/tbody/tr/td[${cont}]/div/div[2]/a[1]/div/div</arg>
<tag>PageContent</tag>
<tag>Setter</tag>
<doc>Simulates mouse click on the element found by ``selector``.</doc>
<status status="PASS" starttime="20220307 21:44:27.280" endtime="20220307 21:44:27.789"/>
</kw>
<kw name="Click" library="Browser">
<arg>xpath=${Buttons_escala.sim}</arg>
<tag>PageContent</tag>
<tag>Setter</tag>
<doc>Simulates mouse click on the element found by ``selector``.</doc>
<status status="PASS" starttime="20220307 21:44:27.790" endtime="20220307 21:44:28.141"/>
</kw>
<status status="PASS" starttime="20220307 21:44:27.280" endtime="20220307 21:44:28.142"/>
</iter>
<iter>
<var name="${cont}">5</var>
<kw name="Click" library="Browser">
<arg>xpath=//*[@id="calendar"]/div[2]/div/table/tbody/tr/td/div/div/div[3]/table/tbody/tr/td[${cont}]/div/div[2]/a[1]/div/div</arg>
<tag>PageContent</tag>
<tag>Setter</tag>
<doc>Simulates mouse click on the element found by ``selector``.</doc>
<status status="PASS" starttime="20220307 21:44:28.143" endtime="20220307 21:44:28.542"/>
</kw>
<kw name="Click" library="Browser">
<arg>xpath=${Buttons_escala.sim}</arg>
<tag>PageContent</tag>
<tag>Setter</tag>
<doc>Simulates mouse click on the element found by ``selector``.</doc>
<status status="PASS" starttime="20220307 21:44:28.543" endtime="20220307 21:44:28.879"/>
</kw>
<status status="PASS" starttime="20220307 21:44:28.142" endtime="20220307 21:44:28.879"/>
</iter>
<iter>
<var name="${cont}">6</var>
<kw name="Click" library="Browser">
<arg>xpath=//*[@id="calendar"]/div[2]/div/table/tbody/tr/td/div/div/div[3]/table/tbody/tr/td[${cont}]/div/div[2]/a[1]/div/div</arg>
<tag>PageContent</tag>
<tag>Setter</tag>
<doc>Simulates mouse click on the element found by ``selector``.</doc>
<status status="PASS" starttime="20220307 21:44:28.880" endtime="20220307 21:44:29.357"/>
</kw>
<kw name="Click" library="Browser">
<arg>xpath=${Buttons_escala.sim}</arg>
<tag>PageContent</tag>
<tag>Setter</tag>
<doc>Simulates mouse click on the element found by ``selector``.</doc>
<status status="PASS" starttime="20220307 21:44:29.358" endtime="20220307 21:44:29.696"/>
</kw>
<status status="PASS" starttime="20220307 21:44:28.879" endtime="20220307 21:44:29.696"/>
</iter>
<iter>
<var name="${cont}">7</var>
<kw name="Click" library="Browser">
<arg>xpath=//*[@id="calendar"]/div[2]/div/table/tbody/tr/td/div/div/div[3]/table/tbody/tr/td[${cont}]/div/div[2]/a[1]/div/div</arg>
<tag>PageContent</tag>
<tag>Setter</tag>
<doc>Simulates mouse click on the element found by ``selector``.</doc>
<status status="PASS" starttime="20220307 21:44:29.697" endtime="20220307 21:44:30.242"/>
</kw>
<kw name="Click" library="Browser">
<arg>xpath=${Buttons_escala.sim}</arg>
<tag>PageContent</tag>
<tag>Setter</tag>
<doc>Simulates mouse click on the element found by ``selector``.</doc>
<status status="PASS" starttime="20220307 21:44:30.243" endtime="20220307 21:44:30.619"/>
</kw>
<status status="PASS" starttime="20220307 21:44:29.696" endtime="20220307 21:44:30.619"/>
</iter>
<status status="PASS" starttime="20220307 21:44:26.711" endtime="20220307 21:44:30.619"/>
</for>
<status status="PASS" starttime="20220307 21:44:26.710" endtime="20220307 21:44:30.620"/>
</kw>
<status status="PASS" starttime="20220307 21:44:26.709" endtime="20220307 21:44:30.620"/>
</kw>
<status status="PASS" starttime="20220307 21:44:26.706" endtime="20220307 21:44:30.620"/>
</kw>
<kw name="Sleep" library="BuiltIn">
<arg>10s</arg>
<doc>Pauses the test executed for the given time.</doc>
<msg timestamp="20220307 21:44:40.623" level="INFO">Slept 10 seconds</msg>
<status status="PASS" starttime="20220307 21:44:30.621" endtime="20220307 21:44:40.623"/>
</kw>
<status status="PASS" starttime="20220307 21:44:15.596" endtime="20220307 21:44:40.624"/>
</test>
<doc>Cadastro profissão</doc>
<status status="PASS" starttime="20220307 21:44:06.390" endtime="20220307 21:44:40.635"/>
</suite>
<statistics>
<total>
<stat pass="1" fail="0" skip="0">All Tests</stat>
</total>
<tag>
</tag>
<suite>
<stat pass="1" fail="0" skip="0" id="s1" name="Caminho feliz">Caminho feliz</stat>
</suite>
</statistics>
<errors>
</errors>
</robot>
