<?xml version="1.0" encoding="UTF-8"?>
<robot generator="Robot 4.0.3 (Python 3.8.10 on linux)" generated="20211107 20:13:34.585" rpa="false" schemaversion="2">
<suite id="s1" name="5 - Atendimento endocrinologia" source="/home/m.calixta/Projeto sigsaúde/Tests/5 - Atendimento endocrinologia.robot">
<kw name="iniciar navegador sessão &quot;Endocrinologia&quot;" library="base" type="SETUP" sourcename="iniciar navegador sessão &quot;${login_usuario}&quot;">
<kw name="iniciar Navegador" library="base">
<kw name="Get JSON" library="base">
<var>${config_json}</var>
<arg>config.json</arg>
<kw name="Get File" library="OperatingSystem">
<var>${file}</var>
<arg>${EXECDIR}/Files/${file_name}</arg>
<doc>Returns the contents of a specified file.</doc>
<msg timestamp="20211107 20:13:36.412" level="INFO" html="true">Getting file '&lt;a href="file:///home/m.calixta/Projeto sigsaúde/Files/config.json"&gt;/home/m.calixta/Projeto sigsaúde/Files/config.json&lt;/a&gt;'.</msg>
<msg timestamp="20211107 20:13:36.412" level="INFO">${file} = {
    "base_url":"https://testessigsaude.imd.ufrn.br/sigsaude",
    "navegador":"chromium"
}</msg>
<status status="PASS" starttime="20211107 20:13:36.410" endtime="20211107 20:13:36.413"/>
</kw>
<kw name="Evaluate" library="BuiltIn">
<var>${super_var}</var>
<arg>json.loads($file)</arg>
<arg>json</arg>
<doc>Evaluates the given expression in Python and returns the result.</doc>
<msg timestamp="20211107 20:13:36.427" level="INFO">${super_var} = {'base_url': 'https://testessigsaude.imd.ufrn.br/sigsaude', 'navegador': 'chromium'}</msg>
<status status="PASS" starttime="20211107 20:13:36.413" endtime="20211107 20:13:36.427"/>
</kw>
<msg timestamp="20211107 20:13:36.428" level="INFO">${config_json} = {'base_url': 'https://testessigsaude.imd.ufrn.br/sigsaude', 'navegador': 'chromium'}</msg>
<status status="PASS" starttime="20211107 20:13:36.409" endtime="20211107 20:13:36.428"/>
</kw>
<kw name="New Browser" library="Browser">
<arg>${config_json["navegador"]}</arg>
<arg>False</arg>
<tag>BrowserControl</tag>
<tag>Setter</tag>
<doc>Create a new playwright Browser with specified options.
See `Browser, Context and Page` for more information about Browser and related concepts.</doc>
<msg timestamp="20211107 20:13:36.433" level="INFO">{"browser": "chromium", "headless": false, "handleSIGINT": true, "handleSIGTERM": true, "handleSIGHUP": true, "timeout": 30000.0, "devtools": false, "slowMo": 0.0}</msg>
<msg timestamp="20211107 20:13:36.686" level="INFO">Successfully created browser with options: {"browser":"chromium","headless":false,"handleSIGINT":true,"handleSIGTERM":true,"handleSIGHUP":true,"timeout":30000,"devtools":false,"slowMo":0}</msg>
<status status="PASS" starttime="20211107 20:13:36.429" endtime="20211107 20:13:36.687"/>
</kw>
<status status="PASS" starttime="20211107 20:13:36.408" endtime="20211107 20:13:36.687"/>
</kw>
<kw name="Get JSON" library="base">
<var>${config_json}</var>
<arg>config.json</arg>
<kw name="Get File" library="OperatingSystem">
<var>${file}</var>
<arg>${EXECDIR}/Files/${file_name}</arg>
<doc>Returns the contents of a specified file.</doc>
<msg timestamp="20211107 20:13:36.690" level="INFO" html="true">Getting file '&lt;a href="file:///home/m.calixta/Projeto sigsaúde/Files/config.json"&gt;/home/m.calixta/Projeto sigsaúde/Files/config.json&lt;/a&gt;'.</msg>
<msg timestamp="20211107 20:13:36.691" level="INFO">${file} = {
    "base_url":"https://testessigsaude.imd.ufrn.br/sigsaude",
    "navegador":"chromium"
}</msg>
<status status="PASS" starttime="20211107 20:13:36.689" endtime="20211107 20:13:36.691"/>
</kw>
<kw name="Evaluate" library="BuiltIn">
<var>${super_var}</var>
<arg>json.loads($file)</arg>
<arg>json</arg>
<doc>Evaluates the given expression in Python and returns the result.</doc>
<msg timestamp="20211107 20:13:36.693" level="INFO">${super_var} = {'base_url': 'https://testessigsaude.imd.ufrn.br/sigsaude', 'navegador': 'chromium'}</msg>
<status status="PASS" starttime="20211107 20:13:36.691" endtime="20211107 20:13:36.693"/>
</kw>
<msg timestamp="20211107 20:13:36.694" level="INFO">${config_json} = {'base_url': 'https://testessigsaude.imd.ufrn.br/sigsaude', 'navegador': 'chromium'}</msg>
<status status="PASS" starttime="20211107 20:13:36.688" endtime="20211107 20:13:36.694"/>
</kw>
<kw name="New Page" library="Browser">
<arg>${config_json["base_url"]}</arg>
<tag>BrowserControl</tag>
<tag>Setter</tag>
<doc>Open a new Page. A Page is the Playwright equivalent to a tab.
See `Browser, Context and Page` for more information about Page concept.
Returns a stable identifier for the created page.</doc>
<msg timestamp="20211107 20:13:42.129" level="INFO">Successfully initialized new page object and opened url: https://testessigsaude.imd.ufrn.br/sigsaude</msg>
<msg timestamp="20211107 20:13:42.129" level="INFO">No context was open. New context was automatically opened when this page is created.</msg>
<status status="PASS" starttime="20211107 20:13:36.695" endtime="20211107 20:13:42.130"/>
</kw>
<kw name="Direcionamento da tela &quot;login&quot;" library="nav" sourcename="Direcionamento da tela &quot;${page}&quot;">
<kw name="Get JSON" library="base">
<var>${telas_json}</var>
<arg>telas.json</arg>
<kw name="Get File" library="OperatingSystem">
<var>${file}</var>
<arg>${EXECDIR}/Files/${file_name}</arg>
<doc>Returns the contents of a specified file.</doc>
<msg timestamp="20211107 20:13:42.137" level="INFO" html="true">Getting file '&lt;a href="file:///home/m.calixta/Projeto sigsaúde/Files/telas.json"&gt;/home/m.calixta/Projeto sigsaúde/Files/telas.json&lt;/a&gt;'.</msg>
<msg timestamp="20211107 20:13:42.138" level="INFO">${file} = {
    "login":"/login",
    "novo usuario de serviço":"/paciente/cadastro",
    "listar usuarios de serviço":"/paciente",
    "cadastro de colaborador":"/colaborador/form",
    "agendamento":"/agendam...</msg>
<status status="PASS" starttime="20211107 20:13:42.135" endtime="20211107 20:13:42.138"/>
</kw>
<kw name="Evaluate" library="BuiltIn">
<var>${super_var}</var>
<arg>json.loads($file)</arg>
<arg>json</arg>
<doc>Evaluates the given expression in Python and returns the result.</doc>
<msg timestamp="20211107 20:13:42.140" level="INFO">${super_var} = {'login': '/login', 'novo usuario de serviço': '/paciente/cadastro', 'listar usuarios de serviço': '/paciente', 'cadastro de colaborador': '/colaborador/form', 'agendamento': '/agendamento', 'listar c...</msg>
<status status="PASS" starttime="20211107 20:13:42.139" endtime="20211107 20:13:42.140"/>
</kw>
<msg timestamp="20211107 20:13:42.142" level="INFO">${telas_json} = {'login': '/login', 'novo usuario de serviço': '/paciente/cadastro', 'listar usuarios de serviço': '/paciente', 'cadastro de colaborador': '/colaborador/form', 'agendamento': '/agendamento', 'listar c...</msg>
<status status="PASS" starttime="20211107 20:13:42.133" endtime="20211107 20:13:42.142"/>
</kw>
<kw name="Get JSON" library="base">
<var>${config_json}</var>
<arg>config.json</arg>
<kw name="Get File" library="OperatingSystem">
<var>${file}</var>
<arg>${EXECDIR}/Files/${file_name}</arg>
<doc>Returns the contents of a specified file.</doc>
<msg timestamp="20211107 20:13:42.147" level="INFO" html="true">Getting file '&lt;a href="file:///home/m.calixta/Projeto sigsaúde/Files/config.json"&gt;/home/m.calixta/Projeto sigsaúde/Files/config.json&lt;/a&gt;'.</msg>
<msg timestamp="20211107 20:13:42.147" level="INFO">${file} = {
    "base_url":"https://testessigsaude.imd.ufrn.br/sigsaude",
    "navegador":"chromium"
}</msg>
<status status="PASS" starttime="20211107 20:13:42.146" endtime="20211107 20:13:42.147"/>
</kw>
<kw name="Evaluate" library="BuiltIn">
<var>${super_var}</var>
<arg>json.loads($file)</arg>
<arg>json</arg>
<doc>Evaluates the given expression in Python and returns the result.</doc>
<msg timestamp="20211107 20:13:42.150" level="INFO">${super_var} = {'base_url': 'https://testessigsaude.imd.ufrn.br/sigsaude', 'navegador': 'chromium'}</msg>
<status status="PASS" starttime="20211107 20:13:42.149" endtime="20211107 20:13:42.151"/>
</kw>
<msg timestamp="20211107 20:13:42.151" level="INFO">${config_json} = {'base_url': 'https://testessigsaude.imd.ufrn.br/sigsaude', 'navegador': 'chromium'}</msg>
<status status="PASS" starttime="20211107 20:13:42.143" endtime="20211107 20:13:42.152"/>
</kw>
<kw name="Go To" library="Browser">
<arg>${config_json["base_url"]}${telas_json["${page}"]}</arg>
<tag>BrowserControl</tag>
<tag>Setter</tag>
<doc>Navigates to the given ``url``.</doc>
<msg timestamp="20211107 20:13:42.888" level="INFO">Succesfully opened URL https://testessigsaude.imd.ufrn.br/sigsaude/login</msg>
<status status="PASS" starttime="20211107 20:13:42.153" endtime="20211107 20:13:42.888"/>
</kw>
<status status="PASS" starttime="20211107 20:13:42.131" endtime="20211107 20:13:42.889"/>
</kw>
<kw name="Get JSON" library="base">
<var>${login_json}</var>
<arg>login.json</arg>
<kw name="Get File" library="OperatingSystem">
<var>${file}</var>
<arg>${EXECDIR}/Files/${file_name}</arg>
<doc>Returns the contents of a specified file.</doc>
<msg timestamp="20211107 20:13:42.894" level="INFO" html="true">Getting file '&lt;a href="file:///home/m.calixta/Projeto sigsaúde/Files/login.json"&gt;/home/m.calixta/Projeto sigsaúde/Files/login.json&lt;/a&gt;'.</msg>
<msg timestamp="20211107 20:13:42.895" level="INFO">${file} = {

    "Psicologia":{
        "login": "drpsicologia",
        "senha": 85278120029
    },

    "Endocrinologia":{
        "login": "drendocrinologia",
        "senha": 98841863323
    }
}</msg>
<status status="PASS" starttime="20211107 20:13:42.892" endtime="20211107 20:13:42.896"/>
</kw>
<kw name="Evaluate" library="BuiltIn">
<var>${super_var}</var>
<arg>json.loads($file)</arg>
<arg>json</arg>
<doc>Evaluates the given expression in Python and returns the result.</doc>
<msg timestamp="20211107 20:13:42.898" level="INFO">${super_var} = {'Psicologia': {'login': 'drpsicologia', 'senha': 85278120029}, 'Endocrinologia': {'login': 'drendocrinologia', 'senha': 98841863323}}</msg>
<status status="PASS" starttime="20211107 20:13:42.896" endtime="20211107 20:13:42.898"/>
</kw>
<msg timestamp="20211107 20:13:42.900" level="INFO">${login_json} = {'Psicologia': {'login': 'drpsicologia', 'senha': 85278120029}, 'Endocrinologia': {'login': 'drendocrinologia', 'senha': 98841863323}}</msg>
<status status="PASS" starttime="20211107 20:13:42.890" endtime="20211107 20:13:42.900"/>
</kw>
<kw name="Fill Text" library="Browser">
<arg>id=login-username</arg>
<arg>${login_json["${login_usuario}"]["login"]}</arg>
<tag>PageContent</tag>
<tag>Setter</tag>
<doc>Clears and fills the given ``text`` into the text field found by ``selector``.</doc>
<msg timestamp="20211107 20:13:42.907" level="INFO">Fills the text 'drendocrinologia' in the given field.</msg>
<status status="PASS" starttime="20211107 20:13:42.902" endtime="20211107 20:13:42.947"/>
</kw>
<kw name="Fill Text" library="Browser">
<arg>id=login-password</arg>
<arg>${login_json["${login_usuario}"]["senha"]}</arg>
<tag>PageContent</tag>
<tag>Setter</tag>
<doc>Clears and fills the given ``text`` into the text field found by ``selector``.</doc>
<msg timestamp="20211107 20:13:42.952" level="INFO">Fills the text '98841863323' in the given field.</msg>
<status status="PASS" starttime="20211107 20:13:42.948" endtime="20211107 20:13:42.979"/>
</kw>
<kw name="Click" library="Browser">
<arg>css=[value='Entrar']</arg>
<tag>PageContent</tag>
<tag>Setter</tag>
<doc>Simulates mouse click on the element found by ``selector``.</doc>
<status status="PASS" starttime="20211107 20:13:42.980" endtime="20211107 20:13:43.893"/>
</kw>
<status status="PASS" starttime="20211107 20:13:36.407" endtime="20211107 20:13:43.894"/>
</kw>
<test id="s1-t1" name="[001] - Realizar atendimento (Completo)">
<kw name="Dado" library="bdd">
<arg>que o usuario está na tela "atendimento"</arg>
<kw name="Run Keyword" library="BuiltIn">
<arg>@{Keywords}</arg>
<doc>Executes the given keyword with the given arguments.</doc>
<kw name="que o usuario está na tela &quot;atendimento&quot;" library="nav" sourcename="que o usuario está na tela &quot;${tela}&quot;">
<kw name="Direcionamento da tela &quot;${tela}&quot;" library="nav" sourcename="Direcionamento da tela &quot;${page}&quot;">
<kw name="Get JSON" library="base">
<var>${telas_json}</var>
<arg>telas.json</arg>
<kw name="Get File" library="OperatingSystem">
<var>${file}</var>
<arg>${EXECDIR}/Files/${file_name}</arg>
<doc>Returns the contents of a specified file.</doc>
<msg timestamp="20211107 20:13:43.935" level="INFO" html="true">Getting file '&lt;a href="file:///home/m.calixta/Projeto sigsaúde/Files/telas.json"&gt;/home/m.calixta/Projeto sigsaúde/Files/telas.json&lt;/a&gt;'.</msg>
<msg timestamp="20211107 20:13:43.936" level="INFO">${file} = {
    "login":"/login",
    "novo usuario de serviço":"/paciente/cadastro",
    "listar usuarios de serviço":"/paciente",
    "cadastro de colaborador":"/colaborador/form",
    "agendamento":"/agendam...</msg>
<status status="PASS" starttime="20211107 20:13:43.933" endtime="20211107 20:13:43.936"/>
</kw>
<kw name="Evaluate" library="BuiltIn">
<var>${super_var}</var>
<arg>json.loads($file)</arg>
<arg>json</arg>
<doc>Evaluates the given expression in Python and returns the result.</doc>
<msg timestamp="20211107 20:13:43.939" level="INFO">${super_var} = {'login': '/login', 'novo usuario de serviço': '/paciente/cadastro', 'listar usuarios de serviço': '/paciente', 'cadastro de colaborador': '/colaborador/form', 'agendamento': '/agendamento', 'listar c...</msg>
<status status="PASS" starttime="20211107 20:13:43.937" endtime="20211107 20:13:43.939"/>
</kw>
<msg timestamp="20211107 20:13:43.940" level="INFO">${telas_json} = {'login': '/login', 'novo usuario de serviço': '/paciente/cadastro', 'listar usuarios de serviço': '/paciente', 'cadastro de colaborador': '/colaborador/form', 'agendamento': '/agendamento', 'listar c...</msg>
<status status="PASS" starttime="20211107 20:13:43.931" endtime="20211107 20:13:43.940"/>
</kw>
<kw name="Get JSON" library="base">
<var>${config_json}</var>
<arg>config.json</arg>
<kw name="Get File" library="OperatingSystem">
<var>${file}</var>
<arg>${EXECDIR}/Files/${file_name}</arg>
<doc>Returns the contents of a specified file.</doc>
<msg timestamp="20211107 20:13:43.944" level="INFO" html="true">Getting file '&lt;a href="file:///home/m.calixta/Projeto sigsaúde/Files/config.json"&gt;/home/m.calixta/Projeto sigsaúde/Files/config.json&lt;/a&gt;'.</msg>
<msg timestamp="20211107 20:13:43.944" level="INFO">${file} = {
    "base_url":"https://testessigsaude.imd.ufrn.br/sigsaude",
    "navegador":"chromium"
}</msg>
<status status="PASS" starttime="20211107 20:13:43.942" endtime="20211107 20:13:43.944"/>
</kw>
<kw name="Evaluate" library="BuiltIn">
<var>${super_var}</var>
<arg>json.loads($file)</arg>
<arg>json</arg>
<doc>Evaluates the given expression in Python and returns the result.</doc>
<msg timestamp="20211107 20:13:43.947" level="INFO">${super_var} = {'base_url': 'https://testessigsaude.imd.ufrn.br/sigsaude', 'navegador': 'chromium'}</msg>
<status status="PASS" starttime="20211107 20:13:43.945" endtime="20211107 20:13:43.947"/>
</kw>
<msg timestamp="20211107 20:13:43.948" level="INFO">${config_json} = {'base_url': 'https://testessigsaude.imd.ufrn.br/sigsaude', 'navegador': 'chromium'}</msg>
<status status="PASS" starttime="20211107 20:13:43.941" endtime="20211107 20:13:43.948"/>
</kw>
<kw name="Go To" library="Browser">
<arg>${config_json["base_url"]}${telas_json["${page}"]}</arg>
<tag>BrowserControl</tag>
<tag>Setter</tag>
<doc>Navigates to the given ``url``.</doc>
<msg timestamp="20211107 20:13:46.330" level="INFO">Succesfully opened URL https://testessigsaude.imd.ufrn.br/sigsaude/agenda/</msg>
<status status="PASS" starttime="20211107 20:13:43.950" endtime="20211107 20:13:46.331"/>
</kw>
<status status="PASS" starttime="20211107 20:13:43.929" endtime="20211107 20:13:46.331"/>
</kw>
<status status="PASS" starttime="20211107 20:13:43.927" endtime="20211107 20:13:46.332"/>
</kw>
<status status="PASS" starttime="20211107 20:13:43.925" endtime="20211107 20:13:46.332"/>
</kw>
<status status="PASS" starttime="20211107 20:13:43.922" endtime="20211107 20:13:46.332"/>
</kw>
<kw name="E" library="bdd">
<arg>informar o campo "Data da listagem" com o "01112021"</arg>
<kw name="Run Keyword" library="BuiltIn">
<arg>@{Keywords}</arg>
<doc>Executes the given keyword with the given arguments.</doc>
<kw name="informar o campo &quot;Data da listagem&quot; com o &quot;01112021&quot;" library="keywords_atendimento" sourcename="informar o campo &quot;${campo}&quot; com o &quot;${valor}&quot;">
<kw name="Get JSON" library="base">
<var>${elementos_aten_json}</var>
<arg>elementos_aten.json</arg>
<kw name="Get File" library="OperatingSystem">
<var>${file}</var>
<arg>${EXECDIR}/Files/${file_name}</arg>
<doc>Returns the contents of a specified file.</doc>
<msg timestamp="20211107 20:13:46.343" level="INFO" html="true">Getting file '&lt;a href="file:///home/m.calixta/Projeto sigsaúde/Files/elementos_aten.json"&gt;/home/m.calixta/Projeto sigsaúde/Files/elementos_aten.json&lt;/a&gt;'.</msg>
<msg timestamp="20211107 20:13:46.344" level="INFO">${file} = {
    "Data da listagem":"dataListagem",
    "Pesquisar":"button[class='btn btn-success']",
    "Atendimento":"a[class='atendimento btn-sigsaude btnCorAtendimento']",
    "Sim":"button[class='swal-but...</msg>
<status status="PASS" starttime="20211107 20:13:46.342" endtime="20211107 20:13:46.344"/>
</kw>
<kw name="Evaluate" library="BuiltIn">
<var>${super_var}</var>
<arg>json.loads($file)</arg>
<arg>json</arg>
<doc>Evaluates the given expression in Python and returns the result.</doc>
<msg timestamp="20211107 20:13:46.347" level="INFO">${super_var} = {'Data da listagem': 'dataListagem', 'Pesquisar': "button[class='btn btn-success']", 'Atendimento': "a[class='atendimento btn-sigsaude btnCorAtendimento']", 'Sim': "button[class='swal-button swal-butt...</msg>
<status status="PASS" starttime="20211107 20:13:46.345" endtime="20211107 20:13:46.348"/>
</kw>
<msg timestamp="20211107 20:13:46.351" level="INFO">${elementos_aten_json} = {'Data da listagem': 'dataListagem', 'Pesquisar': "button[class='btn btn-success']", 'Atendimento': "a[class='atendimento btn-sigsaude btnCorAtendimento']", 'Sim': "button[class='swal-button swal-butt...</msg>
<status status="PASS" starttime="20211107 20:13:46.340" endtime="20211107 20:13:46.351"/>
</kw>
<kw name="Type Text" library="Browser">
<arg>id=${elementos_aten_json["${campo}"]}</arg>
<arg>${valor}</arg>
<tag>PageContent</tag>
<tag>Setter</tag>
<doc>Types the given ``txt`` into the text field found by ``selector``.</doc>
<msg timestamp="20211107 20:13:46.360" level="INFO">Types the text '01112021' in the given field.</msg>
<status status="PASS" starttime="20211107 20:13:46.353" endtime="20211107 20:13:46.481"/>
</kw>
<status status="PASS" starttime="20211107 20:13:46.338" endtime="20211107 20:13:46.482"/>
</kw>
<status status="PASS" starttime="20211107 20:13:46.337" endtime="20211107 20:13:46.482"/>
</kw>
<status status="PASS" starttime="20211107 20:13:46.334" endtime="20211107 20:13:46.483"/>
</kw>
<kw name="Quando" library="bdd">
<arg>pressionar o botão "Pesquisar"</arg>
<kw name="Run Keyword" library="BuiltIn">
<arg>@{Keywords}</arg>
<doc>Executes the given keyword with the given arguments.</doc>
<kw name="pressionar o botão &quot;Pesquisar&quot;" library="keywords_atendimento" sourcename="pressionar o botão &quot;${botão}&quot;">
<kw name="Get JSON" library="base">
<var>${elementos_aten_json}</var>
<arg>elementos_aten.json</arg>
<kw name="Get File" library="OperatingSystem">
<var>${file}</var>
<arg>${EXECDIR}/Files/${file_name}</arg>
<doc>Returns the contents of a specified file.</doc>
<msg timestamp="20211107 20:13:46.495" level="INFO" html="true">Getting file '&lt;a href="file:///home/m.calixta/Projeto sigsaúde/Files/elementos_aten.json"&gt;/home/m.calixta/Projeto sigsaúde/Files/elementos_aten.json&lt;/a&gt;'.</msg>
<msg timestamp="20211107 20:13:46.496" level="INFO">${file} = {
    "Data da listagem":"dataListagem",
    "Pesquisar":"button[class='btn btn-success']",
    "Atendimento":"a[class='atendimento btn-sigsaude btnCorAtendimento']",
    "Sim":"button[class='swal-but...</msg>
<status status="PASS" starttime="20211107 20:13:46.493" endtime="20211107 20:13:46.496"/>
</kw>
<kw name="Evaluate" library="BuiltIn">
<var>${super_var}</var>
<arg>json.loads($file)</arg>
<arg>json</arg>
<doc>Evaluates the given expression in Python and returns the result.</doc>
<msg timestamp="20211107 20:13:46.499" level="INFO">${super_var} = {'Data da listagem': 'dataListagem', 'Pesquisar': "button[class='btn btn-success']", 'Atendimento': "a[class='atendimento btn-sigsaude btnCorAtendimento']", 'Sim': "button[class='swal-button swal-butt...</msg>
<status status="PASS" starttime="20211107 20:13:46.497" endtime="20211107 20:13:46.499"/>
</kw>
<msg timestamp="20211107 20:13:46.500" level="INFO">${elementos_aten_json} = {'Data da listagem': 'dataListagem', 'Pesquisar': "button[class='btn btn-success']", 'Atendimento': "a[class='atendimento btn-sigsaude btnCorAtendimento']", 'Sim': "button[class='swal-button swal-butt...</msg>
<status status="PASS" starttime="20211107 20:13:46.492" endtime="20211107 20:13:46.501"/>
</kw>
<kw name="Click" library="Browser">
<arg>css=${elementos_aten_json["${botão}"]}</arg>
<tag>PageContent</tag>
<tag>Setter</tag>
<doc>Simulates mouse click on the element found by ``selector``.</doc>
<status status="PASS" starttime="20211107 20:13:46.502" endtime="20211107 20:13:46.636"/>
</kw>
<status status="PASS" starttime="20211107 20:13:46.489" endtime="20211107 20:13:46.638"/>
</kw>
<status status="PASS" starttime="20211107 20:13:46.486" endtime="20211107 20:13:46.638"/>
</kw>
<status status="PASS" starttime="20211107 20:13:46.484" endtime="20211107 20:13:46.638"/>
</kw>
<kw name="Então" library="bdd">
<arg>iniciar atendimento</arg>
<kw name="Run Keyword" library="BuiltIn">
<arg>@{Keywords}</arg>
<doc>Executes the given keyword with the given arguments.</doc>
<kw name="iniciar atendimento" library="keywords_atendimento">
<kw name="Get JSON" library="base">
<var>${elementos_aten_json}</var>
<arg>elementos_aten.json</arg>
<kw name="Get File" library="OperatingSystem">
<var>${file}</var>
<arg>${EXECDIR}/Files/${file_name}</arg>
<doc>Returns the contents of a specified file.</doc>
<msg timestamp="20211107 20:13:46.651" level="INFO" html="true">Getting file '&lt;a href="file:///home/m.calixta/Projeto sigsaúde/Files/elementos_aten.json"&gt;/home/m.calixta/Projeto sigsaúde/Files/elementos_aten.json&lt;/a&gt;'.</msg>
<msg timestamp="20211107 20:13:46.652" level="INFO">${file} = {
    "Data da listagem":"dataListagem",
    "Pesquisar":"button[class='btn btn-success']",
    "Atendimento":"a[class='atendimento btn-sigsaude btnCorAtendimento']",
    "Sim":"button[class='swal-but...</msg>
<status status="PASS" starttime="20211107 20:13:46.648" endtime="20211107 20:13:46.652"/>
</kw>
<kw name="Evaluate" library="BuiltIn">
<var>${super_var}</var>
<arg>json.loads($file)</arg>
<arg>json</arg>
<doc>Evaluates the given expression in Python and returns the result.</doc>
<msg timestamp="20211107 20:13:46.655" level="INFO">${super_var} = {'Data da listagem': 'dataListagem', 'Pesquisar': "button[class='btn btn-success']", 'Atendimento': "a[class='atendimento btn-sigsaude btnCorAtendimento']", 'Sim': "button[class='swal-button swal-butt...</msg>
<status status="PASS" starttime="20211107 20:13:46.652" endtime="20211107 20:13:46.656"/>
</kw>
<msg timestamp="20211107 20:13:46.658" level="INFO">${elementos_aten_json} = {'Data da listagem': 'dataListagem', 'Pesquisar': "button[class='btn btn-success']", 'Atendimento': "a[class='atendimento btn-sigsaude btnCorAtendimento']", 'Sim': "button[class='swal-button swal-butt...</msg>
<status status="PASS" starttime="20211107 20:13:46.646" endtime="20211107 20:13:46.659"/>
</kw>
<kw name="Click" library="Browser">
<arg>css=${elementos_aten_json["Atendimento"]}</arg>
<tag>PageContent</tag>
<tag>Setter</tag>
<doc>Simulates mouse click on the element found by ``selector``.</doc>
<status status="PASS" starttime="20211107 20:13:46.660" endtime="20211107 20:13:46.979"/>
</kw>
<kw name="Wait For Elements State" library="Browser">
<arg>css=${elementos_aten_json["Tela de aviso"]}</arg>
<arg>visible</arg>
<arg>6s</arg>
<tag>PageContent</tag>
<tag>Wait</tag>
<doc>Waits for the element found by ``selector`` to satisfy state option.</doc>
<msg timestamp="20211107 20:13:46.998" level="INFO">Wait for Element with selector: css=.swal-modal</msg>
<status status="PASS" starttime="20211107 20:13:46.980" endtime="20211107 20:13:46.999"/>
</kw>
<kw name="Click" library="Browser">
<arg>css=${elementos_aten_json["Sim"]}</arg>
<tag>PageContent</tag>
<tag>Setter</tag>
<doc>Simulates mouse click on the element found by ``selector``.</doc>
<status status="PASS" starttime="20211107 20:13:47.000" endtime="20211107 20:13:48.611"/>
</kw>
<status status="PASS" starttime="20211107 20:13:46.644" endtime="20211107 20:13:48.613"/>
</kw>
<status status="PASS" starttime="20211107 20:13:46.642" endtime="20211107 20:13:48.613"/>
</kw>
<status status="PASS" starttime="20211107 20:13:46.640" endtime="20211107 20:13:48.614"/>
</kw>
<kw name="E" library="bdd">
<arg>informar dados socioeconômicos</arg>
<kw name="Run Keyword" library="BuiltIn">
<arg>@{Keywords}</arg>
<doc>Executes the given keyword with the given arguments.</doc>
<kw name="informar dados socioeconômicos" library="keywords_atendimento">
<kw name="Get JSON" library="base">
<var>${elementos_aten_json}</var>
<arg>elementos_aten.json</arg>
<kw name="Get File" library="OperatingSystem">
<var>${file}</var>
<arg>${EXECDIR}/Files/${file_name}</arg>
<doc>Returns the contents of a specified file.</doc>
<msg timestamp="20211107 20:13:48.630" level="INFO" html="true">Getting file '&lt;a href="file:///home/m.calixta/Projeto sigsaúde/Files/elementos_aten.json"&gt;/home/m.calixta/Projeto sigsaúde/Files/elementos_aten.json&lt;/a&gt;'.</msg>
<msg timestamp="20211107 20:13:48.632" level="INFO">${file} = {
    "Data da listagem":"dataListagem",
    "Pesquisar":"button[class='btn btn-success']",
    "Atendimento":"a[class='atendimento btn-sigsaude btnCorAtendimento']",
    "Sim":"button[class='swal-but...</msg>
<status status="PASS" starttime="20211107 20:13:48.628" endtime="20211107 20:13:48.632"/>
</kw>
<kw name="Evaluate" library="BuiltIn">
<var>${super_var}</var>
<arg>json.loads($file)</arg>
<arg>json</arg>
<doc>Evaluates the given expression in Python and returns the result.</doc>
<msg timestamp="20211107 20:13:48.635" level="INFO">${super_var} = {'Data da listagem': 'dataListagem', 'Pesquisar': "button[class='btn btn-success']", 'Atendimento': "a[class='atendimento btn-sigsaude btnCorAtendimento']", 'Sim': "button[class='swal-button swal-butt...</msg>
<status status="PASS" starttime="20211107 20:13:48.633" endtime="20211107 20:13:48.635"/>
</kw>
<msg timestamp="20211107 20:13:48.637" level="INFO">${elementos_aten_json} = {'Data da listagem': 'dataListagem', 'Pesquisar': "button[class='btn btn-success']", 'Atendimento': "a[class='atendimento btn-sigsaude btnCorAtendimento']", 'Sim': "button[class='swal-button swal-butt...</msg>
<status status="PASS" starttime="20211107 20:13:48.624" endtime="20211107 20:13:48.637"/>
</kw>
<kw name="Click" library="Browser">
<arg>id=${elementos_aten_json["Dados socioeconômicos"]}</arg>
<tag>PageContent</tag>
<tag>Setter</tag>
<doc>Simulates mouse click on the element found by ``selector``.</doc>
<status status="PASS" starttime="20211107 20:13:48.638" endtime="20211107 20:13:53.498"/>
</kw>
<kw name="Click" library="Browser">
<arg>id=${elementos_aten_json["Atualizar dados socioeconômicos"]}</arg>
<tag>PageContent</tag>
<tag>Setter</tag>
<doc>Simulates mouse click on the element found by ``selector``.</doc>
<status status="PASS" starttime="20211107 20:13:53.499" endtime="20211107 20:13:53.601"/>
</kw>
<kw name="Situação familiar e econômica" library="keywords_atendimento">
<kw name="Get JSON" library="base">
<var>${elementos_aten_json}</var>
<arg>elementos_aten.json</arg>
<kw name="Get File" library="OperatingSystem">
<var>${file}</var>
<arg>${EXECDIR}/Files/${file_name}</arg>
<doc>Returns the contents of a specified file.</doc>
<msg timestamp="20211107 20:13:53.609" level="INFO" html="true">Getting file '&lt;a href="file:///home/m.calixta/Projeto sigsaúde/Files/elementos_aten.json"&gt;/home/m.calixta/Projeto sigsaúde/Files/elementos_aten.json&lt;/a&gt;'.</msg>
<msg timestamp="20211107 20:13:53.610" level="INFO">${file} = {
    "Data da listagem":"dataListagem",
    "Pesquisar":"button[class='btn btn-success']",
    "Atendimento":"a[class='atendimento btn-sigsaude btnCorAtendimento']",
    "Sim":"button[class='swal-but...</msg>
<status status="PASS" starttime="20211107 20:13:53.608" endtime="20211107 20:13:53.611"/>
</kw>
<kw name="Evaluate" library="BuiltIn">
<var>${super_var}</var>
<arg>json.loads($file)</arg>
<arg>json</arg>
<doc>Evaluates the given expression in Python and returns the result.</doc>
<msg timestamp="20211107 20:13:53.614" level="INFO">${super_var} = {'Data da listagem': 'dataListagem', 'Pesquisar': "button[class='btn btn-success']", 'Atendimento': "a[class='atendimento btn-sigsaude btnCorAtendimento']", 'Sim': "button[class='swal-button swal-butt...</msg>
<status status="PASS" starttime="20211107 20:13:53.612" endtime="20211107 20:13:53.614"/>
</kw>
<msg timestamp="20211107 20:13:53.615" level="INFO">${elementos_aten_json} = {'Data da listagem': 'dataListagem', 'Pesquisar': "button[class='btn btn-success']", 'Atendimento': "a[class='atendimento btn-sigsaude btnCorAtendimento']", 'Sim': "button[class='swal-button swal-butt...</msg>
<status status="PASS" starttime="20211107 20:13:53.604" endtime="20211107 20:13:53.615"/>
</kw>
<kw name="informar dados do step &quot;Situação familiar e econômica&quot;" library="keywords_atendimento" sourcename="informar dados do step &quot;${step}&quot;">
<kw name="Get JSON" library="base">
<var>${dados_json}</var>
<arg>cadastros.json</arg>
<kw name="Get File" library="OperatingSystem">
<var>${file}</var>
<arg>${EXECDIR}/Files/${file_name}</arg>
<doc>Returns the contents of a specified file.</doc>
<msg timestamp="20211107 20:13:53.621" level="INFO" html="true">Getting file '&lt;a href="file:///home/m.calixta/Projeto sigsaúde/Files/cadastros.json"&gt;/home/m.calixta/Projeto sigsaúde/Files/cadastros.json&lt;/a&gt;'.</msg>
<msg timestamp="20211107 20:13:53.623" level="INFO">${file} = {

	"usuario de serviço": [
		{			
			"checkboxDesconheceNomeMae":"",
			"checkboxDesconheceNomePai":"",
			"checkboxNomeSocial":"",
			"checkboxGenero":"",
			"checkboxDeficiente":"",
			"inputCPF":"...</msg>
<status status="PASS" starttime="20211107 20:13:53.619" endtime="20211107 20:13:53.623"/>
</kw>
<kw name="Evaluate" library="BuiltIn">
<var>${super_var}</var>
<arg>json.loads($file)</arg>
<arg>json</arg>
<doc>Evaluates the given expression in Python and returns the result.</doc>
<msg timestamp="20211107 20:13:53.625" level="INFO">${super_var} = {'usuario de serviço': [{'checkboxDesconheceNomeMae': '', 'checkboxDesconheceNomePai': '', 'checkboxNomeSocial': '', 'checkboxGenero': '', 'checkboxDeficiente': '', 'inputCPF': '', 'inputIdentidade': ...</msg>
<status status="PASS" starttime="20211107 20:13:53.624" endtime="20211107 20:13:53.625"/>
</kw>
<msg timestamp="20211107 20:13:53.626" level="INFO">${dados_json} = {'usuario de serviço': [{'checkboxDesconheceNomeMae': '', 'checkboxDesconheceNomePai': '', 'checkboxNomeSocial': '', 'checkboxGenero': '', 'checkboxDeficiente': '', 'inputCPF': '', 'inputIdentidade': ...</msg>
<status status="PASS" starttime="20211107 20:13:53.617" endtime="20211107 20:13:53.626"/>
</kw>
<kw name="Set Variable" library="BuiltIn">
<var>${dados}</var>
<arg>${dados_json["${step}"]}</arg>
<doc>Returns the given values which can then be assigned to a variables.</doc>
<msg timestamp="20211107 20:13:53.631" level="INFO">${dados} = [{'quantidadeDeMoradores': '20', 'quantidadeTrabalhadores': '10', 'quantidadeSalarios': '5000'}]</msg>
<status status="PASS" starttime="20211107 20:13:53.626" endtime="20211107 20:13:53.631"/>
</kw>
<for flavor="IN">
<var>${item}</var>
<value>@{dados}</value>
<iter>
<var name="${item}">{'quantidadeDeMoradores': '20', 'quantidadeTrabalhadores': '10', 'quantidadeSalarios': '5000'}</var>
<for flavor="IN">
<var>${key}</var>
<value>@{item.keys()}</value>
<iter>
<var name="${key}">quantidadeDeMoradores</var>
<kw name="Type Text" library="Browser">
<arg>id=${key}</arg>
<arg>${item["${key}"]}</arg>
<tag>PageContent</tag>
<tag>Setter</tag>
<doc>Types the given ``txt`` into the text field found by ``selector``.</doc>
<msg timestamp="20211107 20:13:53.642" level="INFO">Types the text '20' in the given field.</msg>
<status status="PASS" starttime="20211107 20:13:53.638" endtime="20211107 20:13:53.862"/>
</kw>
<status status="PASS" starttime="20211107 20:13:53.636" endtime="20211107 20:13:53.863"/>
</iter>
<iter>
<var name="${key}">quantidadeTrabalhadores</var>
<kw name="Type Text" library="Browser">
<arg>id=${key}</arg>
<arg>${item["${key}"]}</arg>
<tag>PageContent</tag>
<tag>Setter</tag>
<doc>Types the given ``txt`` into the text field found by ``selector``.</doc>
<msg timestamp="20211107 20:13:53.869" level="INFO">Types the text '10' in the given field.</msg>
<status status="PASS" starttime="20211107 20:13:53.864" endtime="20211107 20:13:54.210"/>
</kw>
<status status="PASS" starttime="20211107 20:13:53.863" endtime="20211107 20:13:54.210"/>
</iter>
<iter>
<var name="${key}">quantidadeSalarios</var>
<kw name="Type Text" library="Browser">
<arg>id=${key}</arg>
<arg>${item["${key}"]}</arg>
<tag>PageContent</tag>
<tag>Setter</tag>
<doc>Types the given ``txt`` into the text field found by ``selector``.</doc>
<msg timestamp="20211107 20:13:54.216" level="INFO">Types the text '5000' in the given field.</msg>
<status status="PASS" starttime="20211107 20:13:54.211" endtime="20211107 20:13:54.306"/>
</kw>
<status status="PASS" starttime="20211107 20:13:54.210" endtime="20211107 20:13:54.306"/>
</iter>
<status status="PASS" starttime="20211107 20:13:53.632" endtime="20211107 20:13:54.307"/>
</for>
<status status="PASS" starttime="20211107 20:13:53.632" endtime="20211107 20:13:54.307"/>
</iter>
<status status="PASS" starttime="20211107 20:13:53.631" endtime="20211107 20:13:54.308"/>
</for>
<status status="PASS" starttime="20211107 20:13:53.615" endtime="20211107 20:13:54.308"/>
</kw>
<kw name="Select Options By" library="Browser">
<arg>id=${elementos_aten_json["Possui benefício social"]}</arg>
<arg>Text</arg>
<arg>SIM</arg>
<tag>PageContent</tag>
<tag>Setter</tag>
<doc>Selects options from select element found by ``selector``.</doc>
<status status="PASS" starttime="20211107 20:13:54.309" endtime="20211107 20:13:54.376"/>
</kw>
<kw name="Click" library="Browser">
<arg>xpath=${bene_antes}</arg>
<tag>PageContent</tag>
<tag>Setter</tag>
<doc>Simulates mouse click on the element found by ``selector``.</doc>
<status status="PASS" starttime="20211107 20:13:54.377" endtime="20211107 20:13:54.482"/>
</kw>
<kw name="Click" library="Browser">
<arg>xpath=${bene_todos}</arg>
<tag>PageContent</tag>
<tag>Setter</tag>
<doc>Simulates mouse click on the element found by ``selector``.</doc>
<status status="PASS" starttime="20211107 20:13:54.483" endtime="20211107 20:13:54.809"/>
</kw>
<kw name="Click" library="Browser">
<arg>xpath=//*[@id="headerDS"]/div/h3</arg>
<tag>PageContent</tag>
<tag>Setter</tag>
<doc>Simulates mouse click on the element found by ``selector``.</doc>
<status status="PASS" starttime="20211107 20:13:54.810" endtime="20211107 20:13:55.060"/>
</kw>
<kw name="Click" library="Browser">
<arg>id=stepDS1</arg>
<tag>PageContent</tag>
<tag>Setter</tag>
<doc>Simulates mouse click on the element found by ``selector``.</doc>
<status status="PASS" starttime="20211107 20:13:55.061" endtime="20211107 20:13:55.614"/>
</kw>
<kw name="Escolaridade e profissão" library="keywords_atendimento">
<kw name="Get JSON" library="base">
<var>${elementos_aten_json}</var>
<arg>elementos_aten.json</arg>
<kw name="Get File" library="OperatingSystem">
<var>${file}</var>
<arg>${EXECDIR}/Files/${file_name}</arg>
<doc>Returns the contents of a specified file.</doc>
<msg timestamp="20211107 20:13:55.622" level="INFO" html="true">Getting file '&lt;a href="file:///home/m.calixta/Projeto sigsaúde/Files/elementos_aten.json"&gt;/home/m.calixta/Projeto sigsaúde/Files/elementos_aten.json&lt;/a&gt;'.</msg>
<msg timestamp="20211107 20:13:55.623" level="INFO">${file} = {
    "Data da listagem":"dataListagem",
    "Pesquisar":"button[class='btn btn-success']",
    "Atendimento":"a[class='atendimento btn-sigsaude btnCorAtendimento']",
    "Sim":"button[class='swal-but...</msg>
<status status="PASS" starttime="20211107 20:13:55.617" endtime="20211107 20:13:55.624"/>
</kw>
<kw name="Evaluate" library="BuiltIn">
<var>${super_var}</var>
<arg>json.loads($file)</arg>
<arg>json</arg>
<doc>Evaluates the given expression in Python and returns the result.</doc>
<msg timestamp="20211107 20:13:55.628" level="INFO">${super_var} = {'Data da listagem': 'dataListagem', 'Pesquisar': "button[class='btn btn-success']", 'Atendimento': "a[class='atendimento btn-sigsaude btnCorAtendimento']", 'Sim': "button[class='swal-button swal-butt...</msg>
<status status="PASS" starttime="20211107 20:13:55.625" endtime="20211107 20:13:55.628"/>
</kw>
<msg timestamp="20211107 20:13:55.629" level="INFO">${elementos_aten_json} = {'Data da listagem': 'dataListagem', 'Pesquisar': "button[class='btn btn-success']", 'Atendimento': "a[class='atendimento btn-sigsaude btnCorAtendimento']", 'Sim': "button[class='swal-button swal-butt...</msg>
<status status="PASS" starttime="20211107 20:13:55.616" endtime="20211107 20:13:55.629"/>
</kw>
<kw name="Click" library="Browser">
<arg>xpath=${elementos_aten_json["Alfabetizado"]}</arg>
<tag>PageContent</tag>
<tag>Setter</tag>
<doc>Simulates mouse click on the element found by ``selector``.</doc>
<status status="PASS" starttime="20211107 20:13:55.630" endtime="20211107 20:13:55.718"/>
</kw>
<kw name="Select Options By" library="Browser">
<arg>id=${elementos_aten_json["Grau de escolaridade"]}</arg>
<arg>Text</arg>
<arg>SUPERIOR GRADUAÇÃO INCOMPLETO</arg>
<tag>PageContent</tag>
<tag>Setter</tag>
<doc>Selects options from select element found by ``selector``.</doc>
<status status="PASS" starttime="20211107 20:13:55.722" endtime="20211107 20:13:55.874"/>
</kw>
<kw name="Select Options By" library="Browser">
<arg>id=${elementos_aten_json["Instituição de Ensino"]}</arg>
<arg>Text</arg>
<arg>ESTADUAL</arg>
<tag>PageContent</tag>
<tag>Setter</tag>
<doc>Selects options from select element found by ``selector``.</doc>
<status status="PASS" starttime="20211107 20:13:55.876" endtime="20211107 20:13:55.965"/>
</kw>
<kw name="Type Text" library="Browser">
<arg>id=${elementos_aten_json["Curso"]}</arg>
<arg>Teste automatizado</arg>
<tag>PageContent</tag>
<tag>Setter</tag>
<doc>Types the given ``txt`` into the text field found by ``selector``.</doc>
<msg timestamp="20211107 20:13:55.971" level="INFO">Types the text 'Teste automatizado' in the given field.</msg>
<status status="PASS" starttime="20211107 20:13:55.966" endtime="20211107 20:13:56.173"/>
</kw>
<kw name="Click" library="Browser">
<arg>xpath=${prof_antes}</arg>
<tag>PageContent</tag>
<tag>Setter</tag>
<doc>Simulates mouse click on the element found by ``selector``.</doc>
<status status="PASS" starttime="20211107 20:13:56.175" endtime="20211107 20:13:56.300"/>
</kw>
<for flavor="IN RANGE">
<var>${cont}</var>
<value>1</value>
<value>4</value>
<iter>
<var name="${cont}">1</var>
<kw name="Click" library="Browser">
<arg>xpath=//*[@id="bs-select-2"]/ul/li[${cont}]</arg>
<tag>PageContent</tag>
<tag>Setter</tag>
<doc>Simulates mouse click on the element found by ``selector``.</doc>
<status status="PASS" starttime="20211107 20:13:56.303" endtime="20211107 20:13:56.541"/>
</kw>
<status status="PASS" starttime="20211107 20:13:56.301" endtime="20211107 20:13:56.541"/>
</iter>
<iter>
<var name="${cont}">2</var>
<kw name="Click" library="Browser">
<arg>xpath=//*[@id="bs-select-2"]/ul/li[${cont}]</arg>
<tag>PageContent</tag>
<tag>Setter</tag>
<doc>Simulates mouse click on the element found by ``selector``.</doc>
<status status="PASS" starttime="20211107 20:13:56.544" endtime="20211107 20:13:56.832"/>
</kw>
<status status="PASS" starttime="20211107 20:13:56.542" endtime="20211107 20:13:56.832"/>
</iter>
<iter>
<var name="${cont}">3</var>
<kw name="Click" library="Browser">
<arg>xpath=//*[@id="bs-select-2"]/ul/li[${cont}]</arg>
<tag>PageContent</tag>
<tag>Setter</tag>
<doc>Simulates mouse click on the element found by ``selector``.</doc>
<status status="PASS" starttime="20211107 20:13:56.837" endtime="20211107 20:13:56.988"/>
</kw>
<status status="PASS" starttime="20211107 20:13:56.833" endtime="20211107 20:13:56.989"/>
</iter>
<status status="PASS" starttime="20211107 20:13:56.300" endtime="20211107 20:13:56.989"/>
</for>
<kw name="Click" library="Browser">
<arg>xpath=//*[@id="multistepFormDS"]/div[3]/div[2]/div[2]/div[3]/label</arg>
<tag>PageContent</tag>
<tag>Setter</tag>
<doc>Simulates mouse click on the element found by ``selector``.</doc>
<status status="PASS" starttime="20211107 20:13:56.991" endtime="20211107 20:13:57.224"/>
</kw>
<kw name="Type Text" library="Browser">
<arg>id=${elementos_aten_json["Outra profissão"]}</arg>
<arg>Teste automatizado</arg>
<tag>PageContent</tag>
<tag>Setter</tag>
<doc>Types the given ``txt`` into the text field found by ``selector``.</doc>
<msg timestamp="20211107 20:13:57.235" level="INFO">Types the text 'Teste automatizado' in the given field.</msg>
<status status="PASS" starttime="20211107 20:13:57.227" endtime="20211107 20:13:57.600"/>
</kw>
<kw name="Click" library="Browser">
<arg>xpath=${ocup_antes}</arg>
<tag>PageContent</tag>
<tag>Setter</tag>
<doc>Simulates mouse click on the element found by ``selector``.</doc>
<status status="PASS" starttime="20211107 20:13:57.601" endtime="20211107 20:13:57.739"/>
</kw>
<for flavor="IN RANGE">
<var>${cont}</var>
<value>1</value>
<value>4</value>
<iter>
<var name="${cont}">1</var>
<kw name="Click" library="Browser">
<arg>xpath=//*[@id="bs-select-3"]/ul/li[${cont}]</arg>
<tag>PageContent</tag>
<tag>Setter</tag>
<doc>Simulates mouse click on the element found by ``selector``.</doc>
<status status="PASS" starttime="20211107 20:13:57.740" endtime="20211107 20:13:58.046"/>
</kw>
<status status="PASS" starttime="20211107 20:13:57.740" endtime="20211107 20:13:58.046"/>
</iter>
<iter>
<var name="${cont}">2</var>
<kw name="Click" library="Browser">
<arg>xpath=//*[@id="bs-select-3"]/ul/li[${cont}]</arg>
<tag>PageContent</tag>
<tag>Setter</tag>
<doc>Simulates mouse click on the element found by ``selector``.</doc>
<status status="PASS" starttime="20211107 20:13:58.049" endtime="20211107 20:13:58.138"/>
</kw>
<status status="PASS" starttime="20211107 20:13:58.047" endtime="20211107 20:13:58.138"/>
</iter>
<iter>
<var name="${cont}">3</var>
<kw name="Click" library="Browser">
<arg>xpath=//*[@id="bs-select-3"]/ul/li[${cont}]</arg>
<tag>PageContent</tag>
<tag>Setter</tag>
<doc>Simulates mouse click on the element found by ``selector``.</doc>
<status status="PASS" starttime="20211107 20:13:58.140" endtime="20211107 20:13:58.220"/>
</kw>
<status status="PASS" starttime="20211107 20:13:58.138" endtime="20211107 20:13:58.221"/>
</iter>
<status status="PASS" starttime="20211107 20:13:57.739" endtime="20211107 20:13:58.221"/>
</for>
<kw name="Click" library="Browser">
<arg>xpath=//*[@id="multistepFormDS"]/div[3]/div[2]/div[2]/div[3]/label</arg>
<tag>PageContent</tag>
<tag>Setter</tag>
<doc>Simulates mouse click on the element found by ``selector``.</doc>
<status status="PASS" starttime="20211107 20:13:58.223" endtime="20211107 20:13:58.412"/>
</kw>
<kw name="Type Text" library="Browser">
<arg>id=${elementos_aten_json["Outra Ocupação Atual"]}</arg>
<arg>Teste automatizado</arg>
<tag>PageContent</tag>
<tag>Setter</tag>
<doc>Types the given ``txt`` into the text field found by ``selector``.</doc>
<msg timestamp="20211107 20:13:58.436" level="INFO">Types the text 'Teste automatizado' in the given field.</msg>
<status status="PASS" starttime="20211107 20:13:58.415" endtime="20211107 20:13:58.793"/>
</kw>
<kw name="Click" library="Browser">
<arg>id=stepDS2</arg>
<tag>PageContent</tag>
<tag>Setter</tag>
<doc>Simulates mouse click on the element found by ``selector``.</doc>
<status status="PASS" starttime="20211107 20:13:58.794" endtime="20211107 20:13:58.869"/>
</kw>
<kw name="Informações adicionais" library="keywords_atendimento">
<kw name="Get JSON" library="base">
<var>${elementos_aten_json}</var>
<arg>elementos_aten.json</arg>
<kw name="Get File" library="OperatingSystem">
<var>${file}</var>
<arg>${EXECDIR}/Files/${file_name}</arg>
<doc>Returns the contents of a specified file.</doc>
<msg timestamp="20211107 20:13:58.874" level="INFO" html="true">Getting file '&lt;a href="file:///home/m.calixta/Projeto sigsaúde/Files/elementos_aten.json"&gt;/home/m.calixta/Projeto sigsaúde/Files/elementos_aten.json&lt;/a&gt;'.</msg>
<msg timestamp="20211107 20:13:58.875" level="INFO">${file} = {
    "Data da listagem":"dataListagem",
    "Pesquisar":"button[class='btn btn-success']",
    "Atendimento":"a[class='atendimento btn-sigsaude btnCorAtendimento']",
    "Sim":"button[class='swal-but...</msg>
<status status="PASS" starttime="20211107 20:13:58.873" endtime="20211107 20:13:58.875"/>
</kw>
<kw name="Evaluate" library="BuiltIn">
<var>${super_var}</var>
<arg>json.loads($file)</arg>
<arg>json</arg>
<doc>Evaluates the given expression in Python and returns the result.</doc>
<msg timestamp="20211107 20:13:58.878" level="INFO">${super_var} = {'Data da listagem': 'dataListagem', 'Pesquisar': "button[class='btn btn-success']", 'Atendimento': "a[class='atendimento btn-sigsaude btnCorAtendimento']", 'Sim': "button[class='swal-button swal-butt...</msg>
<status status="PASS" starttime="20211107 20:13:58.876" endtime="20211107 20:13:58.878"/>
</kw>
<msg timestamp="20211107 20:13:58.880" level="INFO">${elementos_aten_json} = {'Data da listagem': 'dataListagem', 'Pesquisar': "button[class='btn btn-success']", 'Atendimento': "a[class='atendimento btn-sigsaude btnCorAtendimento']", 'Sim': "button[class='swal-button swal-butt...</msg>
<status status="PASS" starttime="20211107 20:13:58.872" endtime="20211107 20:13:58.880"/>
</kw>
<kw name="Type Text" library="Browser">
<arg>id=${elementos_aten_json["Informações adicionais DS"]}</arg>
<arg>Teste automatizado</arg>
<tag>PageContent</tag>
<tag>Setter</tag>
<doc>Types the given ``txt`` into the text field found by ``selector``.</doc>
<msg timestamp="20211107 20:13:58.885" level="INFO">Types the text 'Teste automatizado' in the given field.</msg>
<status status="PASS" starttime="20211107 20:13:58.881" endtime="20211107 20:13:58.992"/>
</kw>
<kw name="Click" library="Browser">
<arg>id=stepDS3</arg>
<tag>PageContent</tag>
<tag>Setter</tag>
<doc>Simulates mouse click on the element found by ``selector``.</doc>
<status status="PASS" starttime="20211107 20:13:58.993" endtime="20211107 20:13:59.111"/>
</kw>
<kw name="Salvar DS" library="keywords_atendimento">
<kw name="Get JSON" library="base">
<var>${elementos_aten_json}</var>
<arg>elementos_aten.json</arg>
<kw name="Get File" library="OperatingSystem">
<var>${file}</var>
<arg>${EXECDIR}/Files/${file_name}</arg>
<doc>Returns the contents of a specified file.</doc>
<msg timestamp="20211107 20:13:59.116" level="INFO" html="true">Getting file '&lt;a href="file:///home/m.calixta/Projeto sigsaúde/Files/elementos_aten.json"&gt;/home/m.calixta/Projeto sigsaúde/Files/elementos_aten.json&lt;/a&gt;'.</msg>
<msg timestamp="20211107 20:13:59.116" level="INFO">${file} = {
    "Data da listagem":"dataListagem",
    "Pesquisar":"button[class='btn btn-success']",
    "Atendimento":"a[class='atendimento btn-sigsaude btnCorAtendimento']",
    "Sim":"button[class='swal-but...</msg>
<status status="PASS" starttime="20211107 20:13:59.114" endtime="20211107 20:13:59.116"/>
</kw>
<kw name="Evaluate" library="BuiltIn">
<var>${super_var}</var>
<arg>json.loads($file)</arg>
<arg>json</arg>
<doc>Evaluates the given expression in Python and returns the result.</doc>
<msg timestamp="20211107 20:13:59.118" level="INFO">${super_var} = {'Data da listagem': 'dataListagem', 'Pesquisar': "button[class='btn btn-success']", 'Atendimento': "a[class='atendimento btn-sigsaude btnCorAtendimento']", 'Sim': "button[class='swal-button swal-butt...</msg>
<status status="PASS" starttime="20211107 20:13:59.117" endtime="20211107 20:13:59.119"/>
</kw>
<msg timestamp="20211107 20:13:59.120" level="INFO">${elementos_aten_json} = {'Data da listagem': 'dataListagem', 'Pesquisar': "button[class='btn btn-success']", 'Atendimento': "a[class='atendimento btn-sigsaude btnCorAtendimento']", 'Sim': "button[class='swal-button swal-butt...</msg>
<status status="PASS" starttime="20211107 20:13:59.113" endtime="20211107 20:13:59.120"/>
</kw>
<kw name="Click" library="Browser">
<arg>xpath=${elementos_aten_json["Salvar DS"]}</arg>
<tag>PageContent</tag>
<tag>Setter</tag>
<doc>Simulates mouse click on the element found by ``selector``.</doc>
<status status="PASS" starttime="20211107 20:13:59.121" endtime="20211107 20:14:01.211"/>
</kw>
<kw name="mensagem de cadastro realizado com sucesso" library="keywords_campos">
<kw name="Wait For Elements State" library="Browser">
<arg>xpath=/html/body/div[2]/div</arg>
<arg>visible</arg>
<tag>PageContent</tag>
<tag>Wait</tag>
<doc>Waits for the element found by ``selector`` to satisfy state option.</doc>
<msg timestamp="20211107 20:14:06.694" level="INFO">Wait for Element with selector: xpath=/html/body/div[2]/div</msg>
<status status="PASS" starttime="20211107 20:14:01.214" endtime="20211107 20:14:06.695"/>
</kw>
<kw name="Click" library="Browser">
<arg>xpath=/html/body/div[2]/div/div[3]/div/button</arg>
<tag>PageContent</tag>
<tag>Setter</tag>
<doc>Simulates mouse click on the element found by ``selector``.</doc>
<status status="PASS" starttime="20211107 20:14:06.696" endtime="20211107 20:14:07.038"/>
</kw>
<status status="PASS" starttime="20211107 20:14:01.212" endtime="20211107 20:14:07.040"/>
</kw>
<status status="PASS" starttime="20211107 20:13:59.112" endtime="20211107 20:14:07.041"/>
</kw>
<status status="PASS" starttime="20211107 20:13:58.870" endtime="20211107 20:14:07.042"/>
</kw>
<status status="PASS" starttime="20211107 20:13:55.615" endtime="20211107 20:14:07.043"/>
</kw>
<status status="PASS" starttime="20211107 20:13:53.602" endtime="20211107 20:14:07.045"/>
</kw>
<status status="PASS" starttime="20211107 20:13:48.621" endtime="20211107 20:14:07.046"/>
</kw>
<status status="PASS" starttime="20211107 20:13:48.619" endtime="20211107 20:14:07.046"/>
</kw>
<status status="PASS" starttime="20211107 20:13:48.615" endtime="20211107 20:14:07.047"/>
</kw>
<kw name="Sleep" library="BuiltIn">
<arg>10s</arg>
<doc>Pauses the test executed for the given time.</doc>
<msg timestamp="20211107 20:14:17.062" level="INFO">Slept 10 seconds</msg>
<status status="PASS" starttime="20211107 20:14:07.060" endtime="20211107 20:14:17.063"/>
</kw>
<timeout value="1 minute"/>
<status status="PASS" starttime="20211107 20:13:43.894" endtime="20211107 20:14:17.064"/>
</test>
<doc>Teste Agendamento</doc>
<status status="PASS" starttime="20211107 20:13:34.602" endtime="20211107 20:14:17.086"/>
</suite>
<statistics>
<total>
<stat pass="1" fail="0" skip="0">All Tests</stat>
</total>
<tag>
</tag>
<suite>
<stat pass="1" fail="0" skip="0" id="s1" name="5 - Atendimento endocrinologia">5 - Atendimento endocrinologia</stat>
</suite>
</statistics>
<errors>
</errors>
</robot>
