<?xml version="1.0" encoding="UTF-8"?>
<robot generator="Robot 4.0.3 (Python 3.9.5 on win32)" generated="20220327 19:18:44.458" rpa="false" schemaversion="2">
<suite id="s1" name="Tests" source="C:\Users\Mayara\Documents\TCC\RobotFramework-Sigsaude\Tests">
<suite id="s1-s1" name="Formulario comum" source="C:\Users\Mayara\Documents\TCC\RobotFramework-Sigsaude\Tests\Formulario_comum.robot">
<kw name="iniciar navegador sessão &quot;Comum&quot;" library="base" type="SETUP" sourcename="iniciar navegador sessão &quot;${login_usuario}&quot;">
<kw name="iniciar Navegador" library="base">
<kw name="Get JSON" library="base">
<var>${config_json}</var>
<arg>config.json</arg>
<kw name="Get File" library="OperatingSystem">
<var>${file}</var>
<arg>${EXECDIR}/Files/${file_name}</arg>
<doc>Returns the contents of a specified file.</doc>
<msg timestamp="20220327 19:18:46.015" level="INFO" html="true">Getting file '&lt;a href="file://C:\Users\Mayara\Documents\TCC\RobotFramework-Sigsaude\Files\config.json"&gt;C:\Users\Mayara\Documents\TCC\RobotFramework-Sigsaude\Files\config.json&lt;/a&gt;'.</msg>
<msg timestamp="20220327 19:18:46.015" level="INFO">${file} = {
    "base_url":"https://homologacaosigsaude.imd.ufrn.br/sigsaude",
    "navegador":"chromium",
    "lelog":"https://lelog.netlify.app/"

}</msg>
<status status="PASS" starttime="20220327 19:18:46.015" endtime="20220327 19:18:46.015"/>
</kw>
<kw name="Evaluate" library="BuiltIn">
<var>${super_var}</var>
<arg>json.loads($file)</arg>
<arg>json</arg>
<doc>Evaluates the given expression in Python and returns the result.</doc>
<msg timestamp="20220327 19:18:46.030" level="INFO">${super_var} = {'base_url': 'https://homologacaosigsaude.imd.ufrn.br/sigsaude', 'navegador': 'chromium', 'lelog': 'https://lelog.netlify.app/'}</msg>
<status status="PASS" starttime="20220327 19:18:46.015" endtime="20220327 19:18:46.030"/>
</kw>
<msg timestamp="20220327 19:18:46.030" level="INFO">${config_json} = {'base_url': 'https://homologacaosigsaude.imd.ufrn.br/sigsaude', 'navegador': 'chromium', 'lelog': 'https://lelog.netlify.app/'}</msg>
<status status="PASS" starttime="20220327 19:18:46.015" endtime="20220327 19:18:46.030"/>
</kw>
<kw name="New Browser" library="Browser">
<arg>${config_json["navegador"]}</arg>
<arg>False</arg>
<tag>BrowserControl</tag>
<tag>Setter</tag>
<doc>Create a new playwright Browser with specified options.
See `Browser, Context and Page` for more information about Browser and related concepts.</doc>
<msg timestamp="20220327 19:18:46.031" level="INFO">{"browser": "chromium", "headless": false, "handleSIGINT": true, "handleSIGTERM": true, "handleSIGHUP": true, "timeout": 30000.0, "devtools": false, "slowMo": 0.0}</msg>
<msg timestamp="20220327 19:18:46.830" level="INFO">Successfully created browser with options: {"browser":"chromium","headless":false,"handleSIGINT":true,"handleSIGTERM":true,"handleSIGHUP":true,"timeout":30000,"devtools":false,"slowMo":0}</msg>
<status status="PASS" starttime="20220327 19:18:46.030" endtime="20220327 19:18:46.830"/>
</kw>
<status status="PASS" starttime="20220327 19:18:46.015" endtime="20220327 19:18:46.830"/>
</kw>
<kw name="Get JSON" library="base">
<var>${config_json}</var>
<arg>config.json</arg>
<kw name="Get File" library="OperatingSystem">
<var>${file}</var>
<arg>${EXECDIR}/Files/${file_name}</arg>
<doc>Returns the contents of a specified file.</doc>
<msg timestamp="20220327 19:18:46.830" level="INFO" html="true">Getting file '&lt;a href="file://C:\Users\Mayara\Documents\TCC\RobotFramework-Sigsaude\Files\config.json"&gt;C:\Users\Mayara\Documents\TCC\RobotFramework-Sigsaude\Files\config.json&lt;/a&gt;'.</msg>
<msg timestamp="20220327 19:18:46.830" level="INFO">${file} = {
    "base_url":"https://homologacaosigsaude.imd.ufrn.br/sigsaude",
    "navegador":"chromium",
    "lelog":"https://lelog.netlify.app/"

}</msg>
<status status="PASS" starttime="20220327 19:18:46.830" endtime="20220327 19:18:46.830"/>
</kw>
<kw name="Evaluate" library="BuiltIn">
<var>${super_var}</var>
<arg>json.loads($file)</arg>
<arg>json</arg>
<doc>Evaluates the given expression in Python and returns the result.</doc>
<msg timestamp="20220327 19:18:46.830" level="INFO">${super_var} = {'base_url': 'https://homologacaosigsaude.imd.ufrn.br/sigsaude', 'navegador': 'chromium', 'lelog': 'https://lelog.netlify.app/'}</msg>
<status status="PASS" starttime="20220327 19:18:46.830" endtime="20220327 19:18:46.830"/>
</kw>
<msg timestamp="20220327 19:18:46.830" level="INFO">${config_json} = {'base_url': 'https://homologacaosigsaude.imd.ufrn.br/sigsaude', 'navegador': 'chromium', 'lelog': 'https://lelog.netlify.app/'}</msg>
<status status="PASS" starttime="20220327 19:18:46.830" endtime="20220327 19:18:46.830"/>
</kw>
<kw name="New Page" library="Browser">
<arg>${config_json["base_url"]}</arg>
<tag>BrowserControl</tag>
<tag>Setter</tag>
<doc>Open a new Page. A Page is the Playwright equivalent to a tab.
See `Browser, Context and Page` for more information about Page concept.
Returns a stable identifier for the created page.</doc>
<msg timestamp="20220327 19:18:50.366" level="INFO">Successfully initialized new page object and opened url: https://homologacaosigsaude.imd.ufrn.br/sigsaude</msg>
<msg timestamp="20220327 19:18:50.367" level="INFO">No context was open. New context was automatically opened when this page is created.</msg>
<status status="PASS" starttime="20220327 19:18:46.830" endtime="20220327 19:18:50.367"/>
</kw>
<kw name="Direcionamento da tela &quot;login&quot;" library="nav" sourcename="Direcionamento da tela &quot;${page}&quot;">
<kw name="Get JSON" library="base">
<var>${telas_json}</var>
<arg>telas.json</arg>
<kw name="Get File" library="OperatingSystem">
<var>${file}</var>
<arg>${EXECDIR}/Files/${file_name}</arg>
<doc>Returns the contents of a specified file.</doc>
<msg timestamp="20220327 19:18:50.373" level="INFO" html="true">Getting file '&lt;a href="file://C:\Users\Mayara\Documents\TCC\RobotFramework-Sigsaude\Files\telas.json"&gt;C:\Users\Mayara\Documents\TCC\RobotFramework-Sigsaude\Files\telas.json&lt;/a&gt;'.</msg>
<msg timestamp="20220327 19:18:50.374" level="INFO">${file} = {
    "login":"/login",
    "novo usuario de serviço":"/paciente/cadastro",
    "listar usuarios de serviço":"/paciente",
    "cadastro de colaborador":"/colaborador/form",
    "agendamento":"/agendam...</msg>
<status status="PASS" starttime="20220327 19:18:50.371" endtime="20220327 19:18:50.375"/>
</kw>
<kw name="Evaluate" library="BuiltIn">
<var>${super_var}</var>
<arg>json.loads($file)</arg>
<arg>json</arg>
<doc>Evaluates the given expression in Python and returns the result.</doc>
<msg timestamp="20220327 19:18:50.379" level="INFO">${super_var} = {'login': '/login', 'novo usuario de serviço': '/paciente/cadastro', 'listar usuarios de serviço': '/paciente', 'cadastro de colaborador': '/colaborador/form', 'agendamento': '/agendamento', 'listar c...</msg>
<status status="PASS" starttime="20220327 19:18:50.378" endtime="20220327 19:18:50.379"/>
</kw>
<msg timestamp="20220327 19:18:50.380" level="INFO">${telas_json} = {'login': '/login', 'novo usuario de serviço': '/paciente/cadastro', 'listar usuarios de serviço': '/paciente', 'cadastro de colaborador': '/colaborador/form', 'agendamento': '/agendamento', 'listar c...</msg>
<status status="PASS" starttime="20220327 19:18:50.370" endtime="20220327 19:18:50.380"/>
</kw>
<kw name="Get JSON" library="base">
<var>${config_json}</var>
<arg>config.json</arg>
<kw name="Get File" library="OperatingSystem">
<var>${file}</var>
<arg>${EXECDIR}/Files/${file_name}</arg>
<doc>Returns the contents of a specified file.</doc>
<msg timestamp="20220327 19:18:50.382" level="INFO" html="true">Getting file '&lt;a href="file://C:\Users\Mayara\Documents\TCC\RobotFramework-Sigsaude\Files\config.json"&gt;C:\Users\Mayara\Documents\TCC\RobotFramework-Sigsaude\Files\config.json&lt;/a&gt;'.</msg>
<msg timestamp="20220327 19:18:50.382" level="INFO">${file} = {
    "base_url":"https://homologacaosigsaude.imd.ufrn.br/sigsaude",
    "navegador":"chromium",
    "lelog":"https://lelog.netlify.app/"

}</msg>
<status status="PASS" starttime="20220327 19:18:50.381" endtime="20220327 19:18:50.383"/>
</kw>
<kw name="Evaluate" library="BuiltIn">
<var>${super_var}</var>
<arg>json.loads($file)</arg>
<arg>json</arg>
<doc>Evaluates the given expression in Python and returns the result.</doc>
<msg timestamp="20220327 19:18:50.384" level="INFO">${super_var} = {'base_url': 'https://homologacaosigsaude.imd.ufrn.br/sigsaude', 'navegador': 'chromium', 'lelog': 'https://lelog.netlify.app/'}</msg>
<status status="PASS" starttime="20220327 19:18:50.383" endtime="20220327 19:18:50.384"/>
</kw>
<msg timestamp="20220327 19:18:50.384" level="INFO">${config_json} = {'base_url': 'https://homologacaosigsaude.imd.ufrn.br/sigsaude', 'navegador': 'chromium', 'lelog': 'https://lelog.netlify.app/'}</msg>
<status status="PASS" starttime="20220327 19:18:50.381" endtime="20220327 19:18:50.384"/>
</kw>
<kw name="Go To" library="Browser">
<arg>${config_json["base_url"]}${telas_json["${page}"]}</arg>
<tag>BrowserControl</tag>
<tag>Setter</tag>
<doc>Navigates to the given ``url``.</doc>
<msg timestamp="20220327 19:18:51.150" level="INFO">Succesfully opened URL https://homologacaosigsaude.imd.ufrn.br/sigsaude/login</msg>
<status status="PASS" starttime="20220327 19:18:50.384" endtime="20220327 19:18:51.150"/>
</kw>
<status status="PASS" starttime="20220327 19:18:50.369" endtime="20220327 19:18:51.150"/>
</kw>
<kw name="Get JSON" library="base">
<var>${login_json}</var>
<arg>login.json</arg>
<kw name="Get File" library="OperatingSystem">
<var>${file}</var>
<arg>${EXECDIR}/Files/${file_name}</arg>
<doc>Returns the contents of a specified file.</doc>
<msg timestamp="20220327 19:18:51.152" level="INFO" html="true">Getting file '&lt;a href="file://C:\Users\Mayara\Documents\TCC\RobotFramework-Sigsaude\Files\login.json"&gt;C:\Users\Mayara\Documents\TCC\RobotFramework-Sigsaude\Files\login.json&lt;/a&gt;'.</msg>
<msg timestamp="20220327 19:18:51.153" level="INFO">${file} = {

    "Psicologia":{
        "login": "drpsicologia",
        "senha": 85278120029
    },

    "Endocrinologia":{
        "login": "drendocrinologia",
        "senha": 98841863323
    },

	"Comum": {...</msg>
<status status="PASS" starttime="20220327 19:18:51.151" endtime="20220327 19:18:51.153"/>
</kw>
<kw name="Evaluate" library="BuiltIn">
<var>${super_var}</var>
<arg>json.loads($file)</arg>
<arg>json</arg>
<doc>Evaluates the given expression in Python and returns the result.</doc>
<msg timestamp="20220327 19:18:51.155" level="INFO">${super_var} = {'Psicologia': {'login': 'drpsicologia', 'senha': 85278120029}, 'Endocrinologia': {'login': 'drendocrinologia', 'senha': 98841863323}, 'Comum': {'login': 'uirakuleszatestes', 'senha': '02219235432'}}</msg>
<status status="PASS" starttime="20220327 19:18:51.153" endtime="20220327 19:18:51.155"/>
</kw>
<msg timestamp="20220327 19:18:51.155" level="INFO">${login_json} = {'Psicologia': {'login': 'drpsicologia', 'senha': 85278120029}, 'Endocrinologia': {'login': 'drendocrinologia', 'senha': 98841863323}, 'Comum': {'login': 'uirakuleszatestes', 'senha': '02219235432'}}</msg>
<status status="PASS" starttime="20220327 19:18:51.150" endtime="20220327 19:18:51.155"/>
</kw>
<kw name="Fill Text" library="Browser">
<arg>id=login-username</arg>
<arg>${login_json["${login_usuario}"]["login"]}</arg>
<tag>PageContent</tag>
<tag>Setter</tag>
<doc>Clears and fills the given ``text`` into the text field found by ``selector``.</doc>
<msg timestamp="20220327 19:18:51.156" level="INFO">Fills the text 'uirakuleszatestes' in the given field.</msg>
<status status="PASS" starttime="20220327 19:18:51.155" endtime="20220327 19:18:51.202"/>
</kw>
<kw name="Fill Text" library="Browser">
<arg>id=login-password</arg>
<arg>${login_json["${login_usuario}"]["senha"]}</arg>
<tag>PageContent</tag>
<tag>Setter</tag>
<doc>Clears and fills the given ``text`` into the text field found by ``selector``.</doc>
<msg timestamp="20220327 19:18:51.203" level="INFO">Fills the text '02219235432' in the given field.</msg>
<status status="PASS" starttime="20220327 19:18:51.202" endtime="20220327 19:18:51.235"/>
</kw>
<kw name="Click" library="Browser">
<arg>css=[value='Entrar']</arg>
<tag>PageContent</tag>
<tag>Setter</tag>
<doc>Simulates mouse click on the element found by ``selector``.</doc>
<status status="PASS" starttime="20220327 19:18:51.235" endtime="20220327 19:18:51.862"/>
</kw>
<status status="PASS" starttime="20220327 19:18:46.015" endtime="20220327 19:18:51.863"/>
</kw>
<test id="s1-s1-t1" name="[005] - Conduta">
<kw name="configurações iniciais formulario comum" library="Page_config_iniciais" type="SETUP">
<kw name="Dado" library="bdd">
<arg>que o usuario está na tela "minha agenda"</arg>
<kw name="Run Keyword" library="BuiltIn">
<arg>@{Keywords}</arg>
<doc>Executes the given keyword with the given arguments.</doc>
<kw name="que o usuario está na tela &quot;minha agenda&quot;" library="nav" sourcename="que o usuario está na tela &quot;${tela}&quot;">
<kw name="Direcionamento da tela &quot;${tela}&quot;" library="nav" sourcename="Direcionamento da tela &quot;${page}&quot;">
<kw name="Get JSON" library="base">
<var>${telas_json}</var>
<arg>telas.json</arg>
<kw name="Get File" library="OperatingSystem">
<var>${file}</var>
<arg>${EXECDIR}/Files/${file_name}</arg>
<doc>Returns the contents of a specified file.</doc>
<msg timestamp="20220327 19:18:51.907" level="INFO" html="true">Getting file '&lt;a href="file://C:\Users\Mayara\Documents\TCC\RobotFramework-Sigsaude\Files\telas.json"&gt;C:\Users\Mayara\Documents\TCC\RobotFramework-Sigsaude\Files\telas.json&lt;/a&gt;'.</msg>
<msg timestamp="20220327 19:18:51.907" level="INFO">${file} = {
    "login":"/login",
    "novo usuario de serviço":"/paciente/cadastro",
    "listar usuarios de serviço":"/paciente",
    "cadastro de colaborador":"/colaborador/form",
    "agendamento":"/agendam...</msg>
<status status="PASS" starttime="20220327 19:18:51.907" endtime="20220327 19:18:51.907"/>
</kw>
<kw name="Evaluate" library="BuiltIn">
<var>${super_var}</var>
<arg>json.loads($file)</arg>
<arg>json</arg>
<doc>Evaluates the given expression in Python and returns the result.</doc>
<msg timestamp="20220327 19:18:51.908" level="INFO">${super_var} = {'login': '/login', 'novo usuario de serviço': '/paciente/cadastro', 'listar usuarios de serviço': '/paciente', 'cadastro de colaborador': '/colaborador/form', 'agendamento': '/agendamento', 'listar c...</msg>
<status status="PASS" starttime="20220327 19:18:51.907" endtime="20220327 19:18:51.908"/>
</kw>
<msg timestamp="20220327 19:18:51.908" level="INFO">${telas_json} = {'login': '/login', 'novo usuario de serviço': '/paciente/cadastro', 'listar usuarios de serviço': '/paciente', 'cadastro de colaborador': '/colaborador/form', 'agendamento': '/agendamento', 'listar c...</msg>
<status status="PASS" starttime="20220327 19:18:51.906" endtime="20220327 19:18:51.908"/>
</kw>
<kw name="Get JSON" library="base">
<var>${config_json}</var>
<arg>config.json</arg>
<kw name="Get File" library="OperatingSystem">
<var>${file}</var>
<arg>${EXECDIR}/Files/${file_name}</arg>
<doc>Returns the contents of a specified file.</doc>
<msg timestamp="20220327 19:18:51.909" level="INFO" html="true">Getting file '&lt;a href="file://C:\Users\Mayara\Documents\TCC\RobotFramework-Sigsaude\Files\config.json"&gt;C:\Users\Mayara\Documents\TCC\RobotFramework-Sigsaude\Files\config.json&lt;/a&gt;'.</msg>
<msg timestamp="20220327 19:18:51.909" level="INFO">${file} = {
    "base_url":"https://homologacaosigsaude.imd.ufrn.br/sigsaude",
    "navegador":"chromium",
    "lelog":"https://lelog.netlify.app/"

}</msg>
<status status="PASS" starttime="20220327 19:18:51.909" endtime="20220327 19:18:51.909"/>
</kw>
<kw name="Evaluate" library="BuiltIn">
<var>${super_var}</var>
<arg>json.loads($file)</arg>
<arg>json</arg>
<doc>Evaluates the given expression in Python and returns the result.</doc>
<msg timestamp="20220327 19:18:51.911" level="INFO">${super_var} = {'base_url': 'https://homologacaosigsaude.imd.ufrn.br/sigsaude', 'navegador': 'chromium', 'lelog': 'https://lelog.netlify.app/'}</msg>
<status status="PASS" starttime="20220327 19:18:51.910" endtime="20220327 19:18:51.911"/>
</kw>
<msg timestamp="20220327 19:18:51.911" level="INFO">${config_json} = {'base_url': 'https://homologacaosigsaude.imd.ufrn.br/sigsaude', 'navegador': 'chromium', 'lelog': 'https://lelog.netlify.app/'}</msg>
<status status="PASS" starttime="20220327 19:18:51.908" endtime="20220327 19:18:51.911"/>
</kw>
<kw name="Go To" library="Browser">
<arg>${config_json["base_url"]}${telas_json["${page}"]}</arg>
<tag>BrowserControl</tag>
<tag>Setter</tag>
<doc>Navigates to the given ``url``.</doc>
<msg timestamp="20220327 19:18:53.757" level="INFO">Succesfully opened URL https://homologacaosigsaude.imd.ufrn.br/sigsaude/agenda/</msg>
<status status="PASS" starttime="20220327 19:18:51.911" endtime="20220327 19:18:53.758"/>
</kw>
<status status="PASS" starttime="20220327 19:18:51.906" endtime="20220327 19:18:53.758"/>
</kw>
<status status="PASS" starttime="20220327 19:18:51.905" endtime="20220327 19:18:53.758"/>
</kw>
<status status="PASS" starttime="20220327 19:18:51.905" endtime="20220327 19:18:53.758"/>
</kw>
<status status="PASS" starttime="20220327 19:18:51.905" endtime="20220327 19:18:53.759"/>
</kw>
<kw name="Quando" library="bdd">
<arg>preencher o ${Campos_agenda.data_listagem} com ${Valor_campos_agenda.data_listagem}</arg>
<kw name="Run Keyword" library="BuiltIn">
<arg>@{Keywords}</arg>
<doc>Executes the given keyword with the given arguments.</doc>
<kw name="preencher o dataListagem com 11032022" library="Page_profissão_cadastro" sourcename="preencher o ${CAMPO} com ${VALOR}">
<kw name="Type Text" library="Browser">
<arg>id=${CAMPO}</arg>
<arg>${VALOR}</arg>
<tag>PageContent</tag>
<tag>Setter</tag>
<doc>Types the given ``txt`` into the text field found by ``selector``.</doc>
<msg timestamp="20220327 19:18:53.766" level="INFO">Types the text '11032022' in the given field.</msg>
<status status="PASS" starttime="20220327 19:18:53.765" endtime="20220327 19:18:53.953"/>
</kw>
<status status="PASS" starttime="20220327 19:18:53.764" endtime="20220327 19:18:53.953"/>
</kw>
<status status="PASS" starttime="20220327 19:18:53.763" endtime="20220327 19:18:53.954"/>
</kw>
<status status="PASS" starttime="20220327 19:18:53.760" endtime="20220327 19:18:53.954"/>
</kw>
<kw name="E" library="bdd">
<arg>clicar em ${Buttons_agenda.pesquisar}</arg>
<kw name="Run Keyword" library="BuiltIn">
<arg>@{Keywords}</arg>
<doc>Executes the given keyword with the given arguments.</doc>
<kw name="clicar em //*[@id=&quot;formApp&quot;]/div/div[3]/button" library="Page_agendamento" sourcename="clicar em ${CAMPO}">
<kw name="Click" library="Browser">
<arg>xpath=${CAMPO}</arg>
<tag>PageContent</tag>
<tag>Setter</tag>
<doc>Simulates mouse click on the element found by ``selector``.</doc>
<status status="PASS" starttime="20220327 19:18:53.957" endtime="20220327 19:18:54.141"/>
</kw>
<status status="PASS" starttime="20220327 19:18:53.957" endtime="20220327 19:18:54.142"/>
</kw>
<status status="PASS" starttime="20220327 19:18:53.956" endtime="20220327 19:18:54.142"/>
</kw>
<status status="PASS" starttime="20220327 19:18:53.954" endtime="20220327 19:18:54.142"/>
</kw>
<kw name="E" library="bdd">
<arg>clicar em ${Buttons_agenda.atendimento}</arg>
<kw name="Run Keyword" library="BuiltIn">
<arg>@{Keywords}</arg>
<doc>Executes the given keyword with the given arguments.</doc>
<kw name="clicar em //*[@id=&quot;atendimento9524&quot;]" library="Page_agendamento" sourcename="clicar em ${CAMPO}">
<kw name="Click" library="Browser">
<arg>xpath=${CAMPO}</arg>
<tag>PageContent</tag>
<tag>Setter</tag>
<doc>Simulates mouse click on the element found by ``selector``.</doc>
<status status="PASS" starttime="20220327 19:18:54.144" endtime="20220327 19:18:54.531"/>
</kw>
<status status="PASS" starttime="20220327 19:18:54.144" endtime="20220327 19:18:54.532"/>
</kw>
<status status="PASS" starttime="20220327 19:18:54.143" endtime="20220327 19:18:54.532"/>
</kw>
<status status="PASS" starttime="20220327 19:18:54.142" endtime="20220327 19:18:54.532"/>
</kw>
<kw name="E" library="bdd">
<arg>iniciar atendimento</arg>
<kw name="Run Keyword" library="BuiltIn">
<arg>@{Keywords}</arg>
<doc>Executes the given keyword with the given arguments.</doc>
<kw name="iniciar atendimento" library="Page_minha_agenda">
<kw name="Click" library="Browser">
<arg>xpath=${Buttons_agenda.sim}</arg>
<tag>PageContent</tag>
<tag>Setter</tag>
<doc>Simulates mouse click on the element found by ``selector``.</doc>
<status status="PASS" starttime="20220327 19:18:54.535" endtime="20220327 19:19:01.114"/>
</kw>
<status status="PASS" starttime="20220327 19:18:54.534" endtime="20220327 19:19:01.114"/>
</kw>
<status status="PASS" starttime="20220327 19:18:54.533" endtime="20220327 19:19:01.114"/>
</kw>
<status status="PASS" starttime="20220327 19:18:54.533" endtime="20220327 19:19:01.115"/>
</kw>
<status status="PASS" starttime="20220327 19:18:51.904" endtime="20220327 19:19:01.115"/>
</kw>
<kw name="Dado" library="bdd">
<arg>iniciar conduta terapêutica</arg>
<kw name="Run Keyword" library="BuiltIn">
<arg>@{Keywords}</arg>
<doc>Executes the given keyword with the given arguments.</doc>
<kw name="iniciar conduta terapêutica" library="Page_conduta">
<kw name="clicar no ${Buttons_CON.conduta}" library="Page_profissão_cadastro" sourcename="clicar no ${Button}">
<kw name="Click" library="Browser">
<arg>id=${Button}</arg>
<tag>PageContent</tag>
<tag>Setter</tag>
<doc>Simulates mouse click on the element found by ``selector``.</doc>
<status status="PASS" starttime="20220327 19:19:01.131" endtime="20220327 19:19:05.350"/>
</kw>
<status status="PASS" starttime="20220327 19:19:01.128" endtime="20220327 19:19:05.350"/>
</kw>
<status status="PASS" starttime="20220327 19:19:01.127" endtime="20220327 19:19:05.350"/>
</kw>
<status status="PASS" starttime="20220327 19:19:01.126" endtime="20220327 19:19:05.350"/>
</kw>
<status status="PASS" starttime="20220327 19:19:01.125" endtime="20220327 19:19:05.350"/>
</kw>
<kw name="Quando" library="bdd">
<arg>informar dados da conduta terapêutica</arg>
<kw name="Run Keyword" library="BuiltIn">
<arg>@{Keywords}</arg>
<doc>Executes the given keyword with the given arguments.</doc>
<kw name="informar dados da conduta terapêutica" library="Page_conduta">
<kw name="iniciar conduta terapêutica" library="Page_conduta">
<kw name="clicar no ${Buttons_CON.conduta}" library="Page_profissão_cadastro" sourcename="clicar no ${Button}">
<kw name="Click" library="Browser">
<arg>id=${Button}</arg>
<tag>PageContent</tag>
<tag>Setter</tag>
<doc>Simulates mouse click on the element found by ``selector``.</doc>
<status status="PASS" starttime="20220327 19:19:05.358" endtime="20220327 19:19:05.573"/>
</kw>
<status status="PASS" starttime="20220327 19:19:05.355" endtime="20220327 19:19:05.573"/>
</kw>
<status status="PASS" starttime="20220327 19:19:05.354" endtime="20220327 19:19:05.573"/>
</kw>
<kw name="preencher o ${Campos_CON.descricao_conduta} com ${Valor_campos_CON.descricao_conduta}" library="Page_profissão_cadastro" sourcename="preencher o ${CAMPO} com ${VALOR}">
<kw name="Type Text" library="Browser">
<arg>id=${CAMPO}</arg>
<arg>${VALOR}</arg>
<tag>PageContent</tag>
<tag>Setter</tag>
<doc>Types the given ``txt`` into the text field found by ``selector``.</doc>
<msg timestamp="20220327 19:19:05.579" level="INFO">Types the text 'Teste automatizado' in the given field.</msg>
<status status="PASS" starttime="20220327 19:19:05.578" endtime="20220327 19:19:05.792"/>
</kw>
<status status="PASS" starttime="20220327 19:19:05.574" endtime="20220327 19:19:05.793"/>
</kw>
<kw name="clicar em ${Buttons_CON.add_enc}" library="Page_agendamento" sourcename="clicar em ${CAMPO}">
<kw name="Click" library="Browser">
<arg>xpath=${CAMPO}</arg>
<tag>PageContent</tag>
<tag>Setter</tag>
<doc>Simulates mouse click on the element found by ``selector``.</doc>
<status status="PASS" starttime="20220327 19:19:05.796" endtime="20220327 19:19:05.960"/>
</kw>
<status status="PASS" starttime="20220327 19:19:05.793" endtime="20220327 19:19:05.961"/>
</kw>
<kw name="encaminhamento" library="Page_conduta">
<kw name="selecionar o ${Valor_campos_CON.tipo_servico} no ${Campos_CON.tipo_servico}" library="Page_profissão_cadastro" sourcename="selecionar o ${VALOR} no ${CAMPO}">
<kw name="Convert To Upper Case" library="String">
<var>${VALOR2}</var>
<arg>${VALOR}</arg>
<doc>Converts string to upper case.</doc>
<msg timestamp="20220327 19:19:05.966" level="INFO">${VALOR2} = INTERNO</msg>
<status status="PASS" starttime="20220327 19:19:05.966" endtime="20220327 19:19:05.966"/>
</kw>
<kw name="Select Options By" library="Browser">
<arg>id=${CAMPO}</arg>
<arg>Text</arg>
<arg>${VALOR2}</arg>
<tag>PageContent</tag>
<tag>Setter</tag>
<doc>Selects options from select element found by ``selector``.</doc>
<status status="PASS" starttime="20220327 19:19:05.967" endtime="20220327 19:19:06.125"/>
</kw>
<status status="PASS" starttime="20220327 19:19:05.963" endtime="20220327 19:19:06.125"/>
</kw>
<kw name="serviço de destino ${Valor_campos_CON.tipo_servico}" library="Page_conduta" sourcename="serviço de destino ${CAMPO}">
<if>
<branch type="IF" condition="'${CAMPO}' == 'INTERNO'">
<kw name="Click" library="Browser">
<arg>xpath=${Campos_CON.ser_interno1}</arg>
<tag>PageContent</tag>
<tag>Setter</tag>
<doc>Simulates mouse click on the element found by ``selector``.</doc>
<status status="PASS" starttime="20220327 19:19:06.131" endtime="20220327 19:19:06.515"/>
</kw>
<kw name="Type Text" library="Browser">
<arg>xpath=${Campos_CON.ser_interno2}</arg>
<arg>${Valor_campos_CON.ser_interno2}</arg>
<tag>PageContent</tag>
<tag>Setter</tag>
<doc>Types the given ``txt`` into the text field found by ``selector``.</doc>
<msg timestamp="20220327 19:19:06.517" level="INFO">Types the text 'FACISA' in the given field.</msg>
<status status="PASS" starttime="20220327 19:19:06.516" endtime="20220327 19:19:06.650"/>
</kw>
<kw name="Sleep" library="BuiltIn">
<arg>2s</arg>
<doc>Pauses the test executed for the given time.</doc>
<msg timestamp="20220327 19:19:08.653" level="INFO">Slept 2 seconds</msg>
<status status="PASS" starttime="20220327 19:19:06.650" endtime="20220327 19:19:08.653"/>
</kw>
<kw name="Click" library="Browser">
<arg>xpath=${Campos_CON.selecionar_ser}</arg>
<tag>PageContent</tag>
<tag>Setter</tag>
<doc>Simulates mouse click on the element found by ``selector``.</doc>
<status status="PASS" starttime="20220327 19:19:08.654" endtime="20220327 19:19:08.767"/>
</kw>
<status status="PASS" starttime="20220327 19:19:06.130" endtime="20220327 19:19:08.767"/>
</branch>
<branch type="ELSE">
<kw name="preencher o ${Campos_CON.ser_externo} com ${Valor_campos_CON.ser_externo}" library="Page_profissão_cadastro" sourcename="preencher o ${CAMPO} com ${VALOR}">
<status status="NOT RUN" starttime="20220327 19:19:08.768" endtime="20220327 19:19:08.768"/>
</kw>
<status status="NOT RUN" starttime="20220327 19:19:08.767" endtime="20220327 19:19:08.768"/>
</branch>
<status status="PASS" starttime="20220327 19:19:06.130" endtime="20220327 19:19:08.768"/>
</if>
<status status="PASS" starttime="20220327 19:19:06.126" endtime="20220327 19:19:08.768"/>
</kw>
<kw name="selecionar o ${Valor_campos_CON.prioridade} no ${Campos_CON.prioridade}" library="Page_profissão_cadastro" sourcename="selecionar o ${VALOR} no ${CAMPO}">
<kw name="Convert To Upper Case" library="String">
<var>${VALOR2}</var>
<arg>${VALOR}</arg>
<doc>Converts string to upper case.</doc>
<msg timestamp="20220327 19:19:08.772" level="INFO">${VALOR2} = ALTA</msg>
<status status="PASS" starttime="20220327 19:19:08.772" endtime="20220327 19:19:08.772"/>
</kw>
<kw name="Select Options By" library="Browser">
<arg>id=${CAMPO}</arg>
<arg>Text</arg>
<arg>${VALOR2}</arg>
<tag>PageContent</tag>
<tag>Setter</tag>
<doc>Selects options from select element found by ``selector``.</doc>
<status status="PASS" starttime="20220327 19:19:08.773" endtime="20220327 19:19:08.822"/>
</kw>
<status status="PASS" starttime="20220327 19:19:08.769" endtime="20220327 19:19:08.822"/>
</kw>
<kw name="selecionar modalidade de atendimento" library="Page_conduta">
<kw name="Click" library="Browser">
<arg>xpath=${Campos_CON.mod_aten1}</arg>
<tag>PageContent</tag>
<tag>Setter</tag>
<doc>Simulates mouse click on the element found by ``selector``.</doc>
<status status="PASS" starttime="20220327 19:19:08.823" endtime="20220327 19:19:09.302"/>
</kw>
<kw name="Type Text" library="Browser">
<arg>xpath=${Campos_CON.mod_aten2}</arg>
<arg>${Valor_campos_CON.mod_aten2}</arg>
<tag>PageContent</tag>
<tag>Setter</tag>
<doc>Types the given ``txt`` into the text field found by ``selector``.</doc>
<msg timestamp="20220327 19:19:09.307" level="INFO">Types the text 'ATENDIMENTO A PESSOAS IDOSAS' in the given field.</msg>
<status status="PASS" starttime="20220327 19:19:09.303" endtime="20220327 19:19:10.216"/>
</kw>
<kw name="Sleep" library="BuiltIn">
<arg>2s</arg>
<doc>Pauses the test executed for the given time.</doc>
<msg timestamp="20220327 19:19:12.220" level="INFO">Slept 2 seconds</msg>
<status status="PASS" starttime="20220327 19:19:10.216" endtime="20220327 19:19:12.220"/>
</kw>
<kw name="Click" library="Browser">
<arg>xpath=${Campos_CON.selecionar_mod_aten}</arg>
<tag>PageContent</tag>
<tag>Setter</tag>
<doc>Simulates mouse click on the element found by ``selector``.</doc>
<status status="PASS" starttime="20220327 19:19:12.221" endtime="20220327 19:19:12.324"/>
</kw>
<status status="PASS" starttime="20220327 19:19:08.823" endtime="20220327 19:19:12.324"/>
</kw>
<kw name="adicionar campo" library="Page_conduta">
<kw name="selecionar o ${Valor_campos_CON.campo_add} no ${Campos_CON.campo_add}" library="Page_profissão_cadastro" sourcename="selecionar o ${VALOR} no ${CAMPO}">
<kw name="Convert To Upper Case" library="String">
<var>${VALOR2}</var>
<arg>${VALOR}</arg>
<doc>Converts string to upper case.</doc>
<msg timestamp="20220327 19:19:12.327" level="INFO">${VALOR2} = DATA DO ATENDIMENTO</msg>
<status status="PASS" starttime="20220327 19:19:12.327" endtime="20220327 19:19:12.327"/>
</kw>
<kw name="Select Options By" library="Browser">
<arg>id=${CAMPO}</arg>
<arg>Text</arg>
<arg>${VALOR2}</arg>
<tag>PageContent</tag>
<tag>Setter</tag>
<doc>Selects options from select element found by ``selector``.</doc>
<status status="PASS" starttime="20220327 19:19:12.327" endtime="20220327 19:19:12.376"/>
</kw>
<status status="PASS" starttime="20220327 19:19:12.325" endtime="20220327 19:19:12.377"/>
</kw>
<for flavor="IN RANGE">
<var>${contador}</var>
<value>1</value>
<value>6</value>
<iter>
<var name="${contador}">1</var>
<kw name="clicar no ${Buttons_CON.add_campo}" library="Page_profissão_cadastro" sourcename="clicar no ${Button}">
<kw name="Click" library="Browser">
<arg>id=${Button}</arg>
<tag>PageContent</tag>
<tag>Setter</tag>
<doc>Simulates mouse click on the element found by ``selector``.</doc>
<status status="PASS" starttime="20220327 19:19:12.378" endtime="20220327 19:19:12.887"/>
</kw>
<status status="PASS" starttime="20220327 19:19:12.377" endtime="20220327 19:19:12.887"/>
</kw>
<status status="PASS" starttime="20220327 19:19:12.377" endtime="20220327 19:19:12.887"/>
</iter>
<iter>
<var name="${contador}">2</var>
<kw name="clicar no ${Buttons_CON.add_campo}" library="Page_profissão_cadastro" sourcename="clicar no ${Button}">
<kw name="Click" library="Browser">
<arg>id=${Button}</arg>
<tag>PageContent</tag>
<tag>Setter</tag>
<doc>Simulates mouse click on the element found by ``selector``.</doc>
<status status="PASS" starttime="20220327 19:19:12.889" endtime="20220327 19:19:12.997"/>
</kw>
<status status="PASS" starttime="20220327 19:19:12.887" endtime="20220327 19:19:12.997"/>
</kw>
<status status="PASS" starttime="20220327 19:19:12.887" endtime="20220327 19:19:12.997"/>
</iter>
<iter>
<var name="${contador}">3</var>
<kw name="clicar no ${Buttons_CON.add_campo}" library="Page_profissão_cadastro" sourcename="clicar no ${Button}">
<kw name="Click" library="Browser">
<arg>id=${Button}</arg>
<tag>PageContent</tag>
<tag>Setter</tag>
<doc>Simulates mouse click on the element found by ``selector``.</doc>
<status status="PASS" starttime="20220327 19:19:13.000" endtime="20220327 19:19:13.113"/>
</kw>
<status status="PASS" starttime="20220327 19:19:12.998" endtime="20220327 19:19:13.113"/>
</kw>
<status status="PASS" starttime="20220327 19:19:12.997" endtime="20220327 19:19:13.113"/>
</iter>
<iter>
<var name="${contador}">4</var>
<kw name="clicar no ${Buttons_CON.add_campo}" library="Page_profissão_cadastro" sourcename="clicar no ${Button}">
<kw name="Click" library="Browser">
<arg>id=${Button}</arg>
<tag>PageContent</tag>
<tag>Setter</tag>
<doc>Simulates mouse click on the element found by ``selector``.</doc>
<status status="PASS" starttime="20220327 19:19:13.115" endtime="20220327 19:19:13.244"/>
</kw>
<status status="PASS" starttime="20220327 19:19:13.114" endtime="20220327 19:19:13.245"/>
</kw>
<status status="PASS" starttime="20220327 19:19:13.113" endtime="20220327 19:19:13.245"/>
</iter>
<iter>
<var name="${contador}">5</var>
<kw name="clicar no ${Buttons_CON.add_campo}" library="Page_profissão_cadastro" sourcename="clicar no ${Button}">
<kw name="Click" library="Browser">
<arg>id=${Button}</arg>
<tag>PageContent</tag>
<tag>Setter</tag>
<doc>Simulates mouse click on the element found by ``selector``.</doc>
<status status="PASS" starttime="20220327 19:19:13.247" endtime="20220327 19:19:13.342"/>
</kw>
<status status="PASS" starttime="20220327 19:19:13.245" endtime="20220327 19:19:13.343"/>
</kw>
<status status="PASS" starttime="20220327 19:19:13.245" endtime="20220327 19:19:13.343"/>
</iter>
<status status="PASS" starttime="20220327 19:19:12.377" endtime="20220327 19:19:13.343"/>
</for>
<status status="PASS" starttime="20220327 19:19:12.324" endtime="20220327 19:19:13.343"/>
</kw>
<kw name="adicionar campo dúvidas" library="Page_conduta">
<kw name="selecionar o ${Valor_campos_CON.campo_add_d} no ${Campos_CON.campo_add_d}" library="Page_profissão_cadastro" sourcename="selecionar o ${VALOR} no ${CAMPO}">
<kw name="Convert To Upper Case" library="String">
<var>${VALOR2}</var>
<arg>${VALOR}</arg>
<doc>Converts string to upper case.</doc>
<msg timestamp="20220327 19:19:13.347" level="INFO">${VALOR2} = DATA DO ATENDIMENTO</msg>
<status status="PASS" starttime="20220327 19:19:13.346" endtime="20220327 19:19:13.347"/>
</kw>
<kw name="Select Options By" library="Browser">
<arg>id=${CAMPO}</arg>
<arg>Text</arg>
<arg>${VALOR2}</arg>
<tag>PageContent</tag>
<tag>Setter</tag>
<doc>Selects options from select element found by ``selector``.</doc>
<status status="PASS" starttime="20220327 19:19:13.347" endtime="20220327 19:19:13.383"/>
</kw>
<status status="PASS" starttime="20220327 19:19:13.344" endtime="20220327 19:19:13.383"/>
</kw>
<for flavor="IN RANGE">
<var>${contador}</var>
<value>1</value>
<value>6</value>
<iter>
<var name="${contador}">1</var>
<kw name="clicar no ${Buttons_CON.add_campo_d}" library="Page_profissão_cadastro" sourcename="clicar no ${Button}">
<kw name="Click" library="Browser">
<arg>id=${Button}</arg>
<tag>PageContent</tag>
<tag>Setter</tag>
<doc>Simulates mouse click on the element found by ``selector``.</doc>
<status status="PASS" starttime="20220327 19:19:13.385" endtime="20220327 19:19:13.507"/>
</kw>
<status status="PASS" starttime="20220327 19:19:13.384" endtime="20220327 19:19:13.508"/>
</kw>
<status status="PASS" starttime="20220327 19:19:13.384" endtime="20220327 19:19:13.508"/>
</iter>
<iter>
<var name="${contador}">2</var>
<kw name="clicar no ${Buttons_CON.add_campo_d}" library="Page_profissão_cadastro" sourcename="clicar no ${Button}">
<kw name="Click" library="Browser">
<arg>id=${Button}</arg>
<tag>PageContent</tag>
<tag>Setter</tag>
<doc>Simulates mouse click on the element found by ``selector``.</doc>
<status status="PASS" starttime="20220327 19:19:13.509" endtime="20220327 19:19:13.673"/>
</kw>
<status status="PASS" starttime="20220327 19:19:13.508" endtime="20220327 19:19:13.674"/>
</kw>
<status status="PASS" starttime="20220327 19:19:13.508" endtime="20220327 19:19:13.674"/>
</iter>
<iter>
<var name="${contador}">3</var>
<kw name="clicar no ${Buttons_CON.add_campo_d}" library="Page_profissão_cadastro" sourcename="clicar no ${Button}">
<kw name="Click" library="Browser">
<arg>id=${Button}</arg>
<tag>PageContent</tag>
<tag>Setter</tag>
<doc>Simulates mouse click on the element found by ``selector``.</doc>
<status status="PASS" starttime="20220327 19:19:13.675" endtime="20220327 19:19:13.801"/>
</kw>
<status status="PASS" starttime="20220327 19:19:13.674" endtime="20220327 19:19:13.801"/>
</kw>
<status status="PASS" starttime="20220327 19:19:13.674" endtime="20220327 19:19:13.801"/>
</iter>
<iter>
<var name="${contador}">4</var>
<kw name="clicar no ${Buttons_CON.add_campo_d}" library="Page_profissão_cadastro" sourcename="clicar no ${Button}">
<kw name="Click" library="Browser">
<arg>id=${Button}</arg>
<tag>PageContent</tag>
<tag>Setter</tag>
<doc>Simulates mouse click on the element found by ``selector``.</doc>
<status status="PASS" starttime="20220327 19:19:13.803" endtime="20220327 19:19:13.925"/>
</kw>
<status status="PASS" starttime="20220327 19:19:13.802" endtime="20220327 19:19:13.925"/>
</kw>
<status status="PASS" starttime="20220327 19:19:13.801" endtime="20220327 19:19:13.925"/>
</iter>
<iter>
<var name="${contador}">5</var>
<kw name="clicar no ${Buttons_CON.add_campo_d}" library="Page_profissão_cadastro" sourcename="clicar no ${Button}">
<kw name="Click" library="Browser">
<arg>id=${Button}</arg>
<tag>PageContent</tag>
<tag>Setter</tag>
<doc>Simulates mouse click on the element found by ``selector``.</doc>
<status status="PASS" starttime="20220327 19:19:13.927" endtime="20220327 19:19:14.061"/>
</kw>
<status status="PASS" starttime="20220327 19:19:13.926" endtime="20220327 19:19:14.061"/>
</kw>
<status status="PASS" starttime="20220327 19:19:13.926" endtime="20220327 19:19:14.061"/>
</iter>
<status status="PASS" starttime="20220327 19:19:13.383" endtime="20220327 19:19:14.061"/>
</for>
<status status="PASS" starttime="20220327 19:19:13.343" endtime="20220327 19:19:14.061"/>
</kw>
<kw name="clicar no ${Buttons_CON.add_encaminhamento}" library="Page_profissão_cadastro" sourcename="clicar no ${Button}">
<kw name="Click" library="Browser">
<arg>id=${Button}</arg>
<tag>PageContent</tag>
<tag>Setter</tag>
<doc>Simulates mouse click on the element found by ``selector``.</doc>
<status status="PASS" starttime="20220327 19:19:14.063" endtime="20220327 19:19:14.241"/>
</kw>
<status status="PASS" starttime="20220327 19:19:14.062" endtime="20220327 19:19:14.241"/>
</kw>
<status status="PASS" starttime="20220327 19:19:05.962" endtime="20220327 19:19:14.241"/>
</kw>
<status status="PASS" starttime="20220327 19:19:05.353" endtime="20220327 19:19:14.241"/>
</kw>
<status status="PASS" starttime="20220327 19:19:05.353" endtime="20220327 19:19:14.241"/>
</kw>
<status status="PASS" starttime="20220327 19:19:05.352" endtime="20220327 19:19:14.241"/>
</kw>
<tag>Teste</tag>
<status status="PASS" starttime="20220327 19:18:51.863" endtime="20220327 19:19:14.242"/>
</test>
<doc>Formulario comum</doc>
<status status="PASS" starttime="20220327 19:18:44.487" endtime="20220327 19:19:14.250"/>
</suite>
<status status="PASS" starttime="20220327 19:18:44.466" endtime="20220327 19:19:14.368"/>
</suite>
<statistics>
<total>
<stat pass="1" fail="0" skip="0">All Tests</stat>
</total>
<tag>
<stat pass="1" fail="0" skip="0">Teste</stat>
</tag>
<suite>
<stat pass="1" fail="0" skip="0" id="s1" name="Tests">Tests</stat>
<stat pass="1" fail="0" skip="0" id="s1-s1" name="Formulario comum">Tests.Formulario comum</stat>
</suite>
</statistics>
<errors>
<msg timestamp="20220327 19:18:45.394" level="ERROR">Error in file 'C:\Users\Mayara\Documents\TCC\RobotFramework-Sigsaude\Resources\Page_datastudio.robot' on line 4: Importing library 'RPA.Cloud.Google' failed: ModuleNotFoundError: No module named 'RPA'
Traceback (most recent call last):
  None
PYTHONPATH:
  C:\Users\Mayara\AppData\Roaming\Python\Python39\Scripts\robot.exe
  c:\program files\python39\python39.zip
  c:\program files\python39\DLLs
  c:\program files\python39\lib
  c:\program files\python39
  C:\Users\Mayara\AppData\Roaming\Python\Python39\site-packages
  c:\program files\python39\lib\site-packages</msg>
<msg timestamp="20220327 19:18:45.402" level="ERROR">Error in file 'C:\Users\Mayara\Documents\TCC\RobotFramework-Sigsaude\Resources\Page_capturar_dados.robot' on line 2: Importing library 'RPA.Tables' failed: ModuleNotFoundError: No module named 'RPA'
Traceback (most recent call last):
  None
PYTHONPATH:
  C:\Users\Mayara\AppData\Roaming\Python\Python39\Scripts\robot.exe
  c:\program files\python39\python39.zip
  c:\program files\python39\DLLs
  c:\program files\python39\lib
  c:\program files\python39
  C:\Users\Mayara\AppData\Roaming\Python\Python39\site-packages
  c:\program files\python39\lib\site-packages</msg>
<msg timestamp="20220327 19:18:45.409" level="ERROR">Error in file 'C:\Users\Mayara\Documents\TCC\RobotFramework-Sigsaude\Resources\Page_capturar_dados.robot' on line 3: Importing library 'RPA.Excel.Files' failed: ModuleNotFoundError: No module named 'RPA'
Traceback (most recent call last):
  None
PYTHONPATH:
  C:\Users\Mayara\AppData\Roaming\Python\Python39\Scripts\robot.exe
  c:\program files\python39\python39.zip
  c:\program files\python39\DLLs
  c:\program files\python39\lib
  c:\program files\python39
  C:\Users\Mayara\AppData\Roaming\Python\Python39\site-packages
  c:\program files\python39\lib\site-packages</msg>
</errors>
</robot>
