<?xml version="1.0" encoding="UTF-8"?>
<robot generator="Robot 4.0.3 (Python 3.8.10 on linux)" generated="20220312 13:56:29.513" rpa="false" schemaversion="2">
<suite id="s1" name="Caminho feliz" source="/home/m.calixta/RobotFramework-Sigsaude/Tests/Caminho feliz.robot">
<kw name="Init Sheets" library="RPA.Cloud.Google" type="SETUP">
<arg>Resources/Arquivos/chave.json</arg>
<tag>init</tag>
<tag>sheets</tag>
<doc>Initialize Google Sheets client</doc>
<msg timestamp="20220312 13:56:31.732" level="INFO">Authenticating with service account file</msg>
<status status="PASS" starttime="20220312 13:56:31.730" endtime="20220312 13:56:31.742"/>
</kw>
<test id="s1-t1" name="[001] -Cadastro de profissão (Completo)">
<kw name="E" library="bdd">
<arg>Atualizar dash colaborador</arg>
<kw name="Run Keyword" library="BuiltIn">
<arg>@{Keywords}</arg>
<doc>Executes the given keyword with the given arguments.</doc>
<kw name="Atualizar dash colaborador" library="testes2">
<kw name="Evaluate" library="BuiltIn">
<var>${values}</var>
<arg>[['Sucesso']]</arg>
<doc>Evaluates the given expression in Python and returns the result.</doc>
<msg timestamp="20220312 13:56:31.757" level="INFO">${values} = [['Sucesso']]</msg>
<status status="PASS" starttime="20220312 13:56:31.755" endtime="20220312 13:56:31.757"/>
</kw>
<kw name="Clear Sheet Values" library="RPA.Cloud.Google">
<arg>${SHEET_ID}</arg>
<arg>B2</arg>
<tag>sheets</tag>
<doc>Clear cell values for range of cells within a sheet</doc>
<status status="PASS" starttime="20220312 13:56:31.758" endtime="20220312 13:56:33.212"/>
</kw>
<kw name="Insert Sheet Values" library="RPA.Cloud.Google">
<arg>${SHEET_ID}</arg>
<arg>B2</arg>
<arg>${values}</arg>
<tag>sheets</tag>
<doc>Insert values into sheet cells</doc>
<status status="PASS" starttime="20220312 13:56:33.214" endtime="20220312 13:56:33.949"/>
</kw>
<kw name="Get Current Date" library="DateTime">
<var>${DATA}</var>
<doc>Returns current local or UTC time with an optional increment.</doc>
<msg timestamp="20220312 13:56:33.951" level="INFO">${DATA} = 2022-03-12 13:56:33.951</msg>
<status status="PASS" starttime="20220312 13:56:33.950" endtime="20220312 13:56:33.952"/>
</kw>
<kw name="Evaluate" library="BuiltIn">
<var>${DATA}</var>
<arg>[['${DATA}']]</arg>
<doc>Evaluates the given expression in Python and returns the result.</doc>
<msg timestamp="20220312 13:56:33.955" level="INFO">${DATA} = [['2022-03-12 13:56:33.951']]</msg>
<status status="PASS" starttime="20220312 13:56:33.953" endtime="20220312 13:56:33.955"/>
</kw>
<kw name="Clear Sheet Values" library="RPA.Cloud.Google">
<arg>${SHEET_ID}</arg>
<arg>C2</arg>
<tag>sheets</tag>
<doc>Clear cell values for range of cells within a sheet</doc>
<status status="PASS" starttime="20220312 13:56:33.957" endtime="20220312 13:56:34.442"/>
</kw>
<kw name="Insert Sheet Values" library="RPA.Cloud.Google">
<arg>${SHEET_ID}</arg>
<arg>C2</arg>
<arg>${DATA}</arg>
<tag>sheets</tag>
<doc>Insert values into sheet cells</doc>
<status status="PASS" starttime="20220312 13:56:34.446" endtime="20220312 13:56:34.951"/>
</kw>
<status status="PASS" starttime="20220312 13:56:31.753" endtime="20220312 13:56:34.952"/>
</kw>
<status status="PASS" starttime="20220312 13:56:31.751" endtime="20220312 13:56:34.952"/>
</kw>
<status status="PASS" starttime="20220312 13:56:31.749" endtime="20220312 13:56:34.952"/>
</kw>
<status status="PASS" starttime="20220312 13:56:31.743" endtime="20220312 13:56:34.953"/>
</test>
<doc>Cadastro profissão</doc>
<status status="PASS" starttime="20220312 13:56:29.517" endtime="20220312 13:56:34.959"/>
</suite>
<statistics>
<total>
<stat pass="1" fail="0" skip="0">All Tests</stat>
</total>
<tag>
</tag>
<suite>
<stat pass="1" fail="0" skip="0" id="s1" name="Caminho feliz">Caminho feliz</stat>
</suite>
</statistics>
<errors>
</errors>
</robot>
