<?xml version="1.0" encoding="UTF-8"?>
<robot generator="Robot 4.0.3 (Python 3.8.10 on linux)" generated="20211129 00:48:22.668" rpa="false" schemaversion="2">
<suite id="s1" name="8 - Modalidade" source="/home/m.calixta/Projeto sigsaúde/Tests/8 - Modalidade.robot">
<kw name="iniciar navegador sessão &quot;Endocrinologia&quot;" library="base" type="SETUP" sourcename="iniciar navegador sessão &quot;${login_usuario}&quot;">
<kw name="iniciar Navegador" library="base">
<kw name="Get JSON" library="base">
<var>${config_json}</var>
<arg>config.json</arg>
<kw name="Get File" library="OperatingSystem">
<var>${file}</var>
<arg>${EXECDIR}/Files/${file_name}</arg>
<doc>Returns the contents of a specified file.</doc>
<msg timestamp="20211129 00:48:24.061" level="INFO" html="true">Getting file '&lt;a href="file:///home/m.calixta/Projeto sigsaúde/Files/config.json"&gt;/home/m.calixta/Projeto sigsaúde/Files/config.json&lt;/a&gt;'.</msg>
<msg timestamp="20211129 00:48:24.061" level="INFO">${file} = {
    "base_url":"https://homologacaosigsaude.imd.ufrn.br/sigsaude",
    "navegador":"chromium"
}</msg>
<status status="PASS" starttime="20211129 00:48:24.060" endtime="20211129 00:48:24.061"/>
</kw>
<kw name="Evaluate" library="BuiltIn">
<var>${super_var}</var>
<arg>json.loads($file)</arg>
<arg>json</arg>
<doc>Evaluates the given expression in Python and returns the result.</doc>
<msg timestamp="20211129 00:48:24.075" level="INFO">${super_var} = {'base_url': 'https://homologacaosigsaude.imd.ufrn.br/sigsaude', 'navegador': 'chromium'}</msg>
<status status="PASS" starttime="20211129 00:48:24.062" endtime="20211129 00:48:24.075"/>
</kw>
<msg timestamp="20211129 00:48:24.075" level="INFO">${config_json} = {'base_url': 'https://homologacaosigsaude.imd.ufrn.br/sigsaude', 'navegador': 'chromium'}</msg>
<status status="PASS" starttime="20211129 00:48:24.059" endtime="20211129 00:48:24.076"/>
</kw>
<kw name="New Browser" library="Browser">
<arg>${config_json["navegador"]}</arg>
<arg>False</arg>
<tag>BrowserControl</tag>
<tag>Setter</tag>
<doc>Create a new playwright Browser with specified options.
See `Browser, Context and Page` for more information about Browser and related concepts.</doc>
<msg timestamp="20211129 00:48:24.080" level="INFO">{"browser": "chromium", "headless": false, "handleSIGINT": true, "handleSIGTERM": true, "handleSIGHUP": true, "timeout": 30000.0, "devtools": false, "slowMo": 0.0}</msg>
<msg timestamp="20211129 00:48:24.324" level="INFO">Successfully created browser with options: {"browser":"chromium","headless":false,"handleSIGINT":true,"handleSIGTERM":true,"handleSIGHUP":true,"timeout":30000,"devtools":false,"slowMo":0}</msg>
<status status="PASS" starttime="20211129 00:48:24.076" endtime="20211129 00:48:24.325"/>
</kw>
<status status="PASS" starttime="20211129 00:48:24.058" endtime="20211129 00:48:24.325"/>
</kw>
<kw name="Get JSON" library="base">
<var>${config_json}</var>
<arg>config.json</arg>
<kw name="Get File" library="OperatingSystem">
<var>${file}</var>
<arg>${EXECDIR}/Files/${file_name}</arg>
<doc>Returns the contents of a specified file.</doc>
<msg timestamp="20211129 00:48:24.328" level="INFO" html="true">Getting file '&lt;a href="file:///home/m.calixta/Projeto sigsaúde/Files/config.json"&gt;/home/m.calixta/Projeto sigsaúde/Files/config.json&lt;/a&gt;'.</msg>
<msg timestamp="20211129 00:48:24.328" level="INFO">${file} = {
    "base_url":"https://homologacaosigsaude.imd.ufrn.br/sigsaude",
    "navegador":"chromium"
}</msg>
<status status="PASS" starttime="20211129 00:48:24.327" endtime="20211129 00:48:24.328"/>
</kw>
<kw name="Evaluate" library="BuiltIn">
<var>${super_var}</var>
<arg>json.loads($file)</arg>
<arg>json</arg>
<doc>Evaluates the given expression in Python and returns the result.</doc>
<msg timestamp="20211129 00:48:24.330" level="INFO">${super_var} = {'base_url': 'https://homologacaosigsaude.imd.ufrn.br/sigsaude', 'navegador': 'chromium'}</msg>
<status status="PASS" starttime="20211129 00:48:24.329" endtime="20211129 00:48:24.330"/>
</kw>
<msg timestamp="20211129 00:48:24.331" level="INFO">${config_json} = {'base_url': 'https://homologacaosigsaude.imd.ufrn.br/sigsaude', 'navegador': 'chromium'}</msg>
<status status="PASS" starttime="20211129 00:48:24.326" endtime="20211129 00:48:24.331"/>
</kw>
<kw name="New Page" library="Browser">
<arg>${config_json["base_url"]}</arg>
<tag>BrowserControl</tag>
<tag>Setter</tag>
<doc>Open a new Page. A Page is the Playwright equivalent to a tab.
See `Browser, Context and Page` for more information about Page concept.
Returns a stable identifier for the created page.</doc>
<msg timestamp="20211129 00:48:27.617" level="INFO">Successfully initialized new page object and opened url: https://homologacaosigsaude.imd.ufrn.br/sigsaude</msg>
<msg timestamp="20211129 00:48:27.617" level="INFO">No context was open. New context was automatically opened when this page is created.</msg>
<status status="PASS" starttime="20211129 00:48:24.331" endtime="20211129 00:48:27.618"/>
</kw>
<kw name="Direcionamento da tela &quot;login&quot;" library="nav" sourcename="Direcionamento da tela &quot;${page}&quot;">
<kw name="Get JSON" library="base">
<var>${telas_json}</var>
<arg>telas.json</arg>
<kw name="Get File" library="OperatingSystem">
<var>${file}</var>
<arg>${EXECDIR}/Files/${file_name}</arg>
<doc>Returns the contents of a specified file.</doc>
<msg timestamp="20211129 00:48:27.626" level="INFO" html="true">Getting file '&lt;a href="file:///home/m.calixta/Projeto sigsaúde/Files/telas.json"&gt;/home/m.calixta/Projeto sigsaúde/Files/telas.json&lt;/a&gt;'.</msg>
<msg timestamp="20211129 00:48:27.627" level="INFO">${file} = {
    "login":"/login",
    "novo usuario de serviço":"/paciente/cadastro",
    "listar usuarios de serviço":"/paciente",
    "cadastro de colaborador":"/colaborador/form",
    "agendamento":"/agendam...</msg>
<status status="PASS" starttime="20211129 00:48:27.625" endtime="20211129 00:48:27.627"/>
</kw>
<kw name="Evaluate" library="BuiltIn">
<var>${super_var}</var>
<arg>json.loads($file)</arg>
<arg>json</arg>
<doc>Evaluates the given expression in Python and returns the result.</doc>
<msg timestamp="20211129 00:48:27.630" level="INFO">${super_var} = {'login': '/login', 'novo usuario de serviço': '/paciente/cadastro', 'listar usuarios de serviço': '/paciente', 'cadastro de colaborador': '/colaborador/form', 'agendamento': '/agendamento', 'listar c...</msg>
<status status="PASS" starttime="20211129 00:48:27.628" endtime="20211129 00:48:27.630"/>
</kw>
<msg timestamp="20211129 00:48:27.631" level="INFO">${telas_json} = {'login': '/login', 'novo usuario de serviço': '/paciente/cadastro', 'listar usuarios de serviço': '/paciente', 'cadastro de colaborador': '/colaborador/form', 'agendamento': '/agendamento', 'listar c...</msg>
<status status="PASS" starttime="20211129 00:48:27.622" endtime="20211129 00:48:27.631"/>
</kw>
<kw name="Get JSON" library="base">
<var>${config_json}</var>
<arg>config.json</arg>
<kw name="Get File" library="OperatingSystem">
<var>${file}</var>
<arg>${EXECDIR}/Files/${file_name}</arg>
<doc>Returns the contents of a specified file.</doc>
<msg timestamp="20211129 00:48:27.635" level="INFO" html="true">Getting file '&lt;a href="file:///home/m.calixta/Projeto sigsaúde/Files/config.json"&gt;/home/m.calixta/Projeto sigsaúde/Files/config.json&lt;/a&gt;'.</msg>
<msg timestamp="20211129 00:48:27.636" level="INFO">${file} = {
    "base_url":"https://homologacaosigsaude.imd.ufrn.br/sigsaude",
    "navegador":"chromium"
}</msg>
<status status="PASS" starttime="20211129 00:48:27.634" endtime="20211129 00:48:27.636"/>
</kw>
<kw name="Evaluate" library="BuiltIn">
<var>${super_var}</var>
<arg>json.loads($file)</arg>
<arg>json</arg>
<doc>Evaluates the given expression in Python and returns the result.</doc>
<msg timestamp="20211129 00:48:27.638" level="INFO">${super_var} = {'base_url': 'https://homologacaosigsaude.imd.ufrn.br/sigsaude', 'navegador': 'chromium'}</msg>
<status status="PASS" starttime="20211129 00:48:27.637" endtime="20211129 00:48:27.638"/>
</kw>
<msg timestamp="20211129 00:48:27.639" level="INFO">${config_json} = {'base_url': 'https://homologacaosigsaude.imd.ufrn.br/sigsaude', 'navegador': 'chromium'}</msg>
<status status="PASS" starttime="20211129 00:48:27.632" endtime="20211129 00:48:27.640"/>
</kw>
<kw name="Go To" library="Browser">
<arg>${config_json["base_url"]}${telas_json["${page}"]}</arg>
<tag>BrowserControl</tag>
<tag>Setter</tag>
<doc>Navigates to the given ``url``.</doc>
<msg timestamp="20211129 00:48:28.448" level="INFO">Succesfully opened URL https://homologacaosigsaude.imd.ufrn.br/sigsaude/login</msg>
<status status="PASS" starttime="20211129 00:48:27.641" endtime="20211129 00:48:28.450"/>
</kw>
<status status="PASS" starttime="20211129 00:48:27.620" endtime="20211129 00:48:28.451"/>
</kw>
<kw name="Get JSON" library="base">
<var>${login_json}</var>
<arg>login.json</arg>
<kw name="Get File" library="OperatingSystem">
<var>${file}</var>
<arg>${EXECDIR}/Files/${file_name}</arg>
<doc>Returns the contents of a specified file.</doc>
<msg timestamp="20211129 00:48:28.458" level="INFO" html="true">Getting file '&lt;a href="file:///home/m.calixta/Projeto sigsaúde/Files/login.json"&gt;/home/m.calixta/Projeto sigsaúde/Files/login.json&lt;/a&gt;'.</msg>
<msg timestamp="20211129 00:48:28.458" level="INFO">${file} = {

    "Psicologia":{
        "login": "drpsicologia",
        "senha": 85278120029
    },

    "Endocrinologia":{
        "login": "drendocrinologia",
        "senha": 98841863323
    }
}</msg>
<status status="PASS" starttime="20211129 00:48:28.455" endtime="20211129 00:48:28.458"/>
</kw>
<kw name="Evaluate" library="BuiltIn">
<var>${super_var}</var>
<arg>json.loads($file)</arg>
<arg>json</arg>
<doc>Evaluates the given expression in Python and returns the result.</doc>
<msg timestamp="20211129 00:48:28.461" level="INFO">${super_var} = {'Psicologia': {'login': 'drpsicologia', 'senha': 85278120029}, 'Endocrinologia': {'login': 'drendocrinologia', 'senha': 98841863323}}</msg>
<status status="PASS" starttime="20211129 00:48:28.460" endtime="20211129 00:48:28.461"/>
</kw>
<msg timestamp="20211129 00:48:28.462" level="INFO">${login_json} = {'Psicologia': {'login': 'drpsicologia', 'senha': 85278120029}, 'Endocrinologia': {'login': 'drendocrinologia', 'senha': 98841863323}}</msg>
<status status="PASS" starttime="20211129 00:48:28.452" endtime="20211129 00:48:28.462"/>
</kw>
<kw name="Fill Text" library="Browser">
<arg>id=login-username</arg>
<arg>${login_json["${login_usuario}"]["login"]}</arg>
<tag>PageContent</tag>
<tag>Setter</tag>
<doc>Clears and fills the given ``text`` into the text field found by ``selector``.</doc>
<msg timestamp="20211129 00:48:28.468" level="INFO">Fills the text 'drendocrinologia' in the given field.</msg>
<status status="PASS" starttime="20211129 00:48:28.464" endtime="20211129 00:48:28.502"/>
</kw>
<kw name="Fill Text" library="Browser">
<arg>id=login-password</arg>
<arg>${login_json["${login_usuario}"]["senha"]}</arg>
<tag>PageContent</tag>
<tag>Setter</tag>
<doc>Clears and fills the given ``text`` into the text field found by ``selector``.</doc>
<msg timestamp="20211129 00:48:28.506" level="INFO">Fills the text '98841863323' in the given field.</msg>
<status status="PASS" starttime="20211129 00:48:28.503" endtime="20211129 00:48:28.521"/>
</kw>
<kw name="Click" library="Browser">
<arg>css=[value='Entrar']</arg>
<tag>PageContent</tag>
<tag>Setter</tag>
<doc>Simulates mouse click on the element found by ``selector``.</doc>
<status status="PASS" starttime="20211129 00:48:28.522" endtime="20211129 00:48:29.309"/>
</kw>
<status status="PASS" starttime="20211129 00:48:24.056" endtime="20211129 00:48:29.310"/>
</kw>
<test id="s1-t1" name="[001] -Cadastro de modalidade (Completo)">
<kw name="Dado" library="bdd">
<arg>que o usuario está na tela "cadastro modalidade"</arg>
<kw name="Run Keyword" library="BuiltIn">
<arg>@{Keywords}</arg>
<doc>Executes the given keyword with the given arguments.</doc>
<kw name="que o usuario está na tela &quot;cadastro modalidade&quot;" library="nav" sourcename="que o usuario está na tela &quot;${tela}&quot;">
<kw name="Direcionamento da tela &quot;${tela}&quot;" library="nav" sourcename="Direcionamento da tela &quot;${page}&quot;">
<kw name="Get JSON" library="base">
<var>${telas_json}</var>
<arg>telas.json</arg>
<kw name="Get File" library="OperatingSystem">
<var>${file}</var>
<arg>${EXECDIR}/Files/${file_name}</arg>
<doc>Returns the contents of a specified file.</doc>
<msg timestamp="20211129 00:48:29.339" level="INFO" html="true">Getting file '&lt;a href="file:///home/m.calixta/Projeto sigsaúde/Files/telas.json"&gt;/home/m.calixta/Projeto sigsaúde/Files/telas.json&lt;/a&gt;'.</msg>
<msg timestamp="20211129 00:48:29.340" level="INFO">${file} = {
    "login":"/login",
    "novo usuario de serviço":"/paciente/cadastro",
    "listar usuarios de serviço":"/paciente",
    "cadastro de colaborador":"/colaborador/form",
    "agendamento":"/agendam...</msg>
<status status="PASS" starttime="20211129 00:48:29.338" endtime="20211129 00:48:29.340"/>
</kw>
<kw name="Evaluate" library="BuiltIn">
<var>${super_var}</var>
<arg>json.loads($file)</arg>
<arg>json</arg>
<doc>Evaluates the given expression in Python and returns the result.</doc>
<msg timestamp="20211129 00:48:29.343" level="INFO">${super_var} = {'login': '/login', 'novo usuario de serviço': '/paciente/cadastro', 'listar usuarios de serviço': '/paciente', 'cadastro de colaborador': '/colaborador/form', 'agendamento': '/agendamento', 'listar c...</msg>
<status status="PASS" starttime="20211129 00:48:29.341" endtime="20211129 00:48:29.343"/>
</kw>
<msg timestamp="20211129 00:48:29.344" level="INFO">${telas_json} = {'login': '/login', 'novo usuario de serviço': '/paciente/cadastro', 'listar usuarios de serviço': '/paciente', 'cadastro de colaborador': '/colaborador/form', 'agendamento': '/agendamento', 'listar c...</msg>
<status status="PASS" starttime="20211129 00:48:29.337" endtime="20211129 00:48:29.345"/>
</kw>
<kw name="Get JSON" library="base">
<var>${config_json}</var>
<arg>config.json</arg>
<kw name="Get File" library="OperatingSystem">
<var>${file}</var>
<arg>${EXECDIR}/Files/${file_name}</arg>
<doc>Returns the contents of a specified file.</doc>
<msg timestamp="20211129 00:48:29.349" level="INFO" html="true">Getting file '&lt;a href="file:///home/m.calixta/Projeto sigsaúde/Files/config.json"&gt;/home/m.calixta/Projeto sigsaúde/Files/config.json&lt;/a&gt;'.</msg>
<msg timestamp="20211129 00:48:29.349" level="INFO">${file} = {
    "base_url":"https://homologacaosigsaude.imd.ufrn.br/sigsaude",
    "navegador":"chromium"
}</msg>
<status status="PASS" starttime="20211129 00:48:29.347" endtime="20211129 00:48:29.349"/>
</kw>
<kw name="Evaluate" library="BuiltIn">
<var>${super_var}</var>
<arg>json.loads($file)</arg>
<arg>json</arg>
<doc>Evaluates the given expression in Python and returns the result.</doc>
<msg timestamp="20211129 00:48:29.351" level="INFO">${super_var} = {'base_url': 'https://homologacaosigsaude.imd.ufrn.br/sigsaude', 'navegador': 'chromium'}</msg>
<status status="PASS" starttime="20211129 00:48:29.350" endtime="20211129 00:48:29.352"/>
</kw>
<msg timestamp="20211129 00:48:29.352" level="INFO">${config_json} = {'base_url': 'https://homologacaosigsaude.imd.ufrn.br/sigsaude', 'navegador': 'chromium'}</msg>
<status status="PASS" starttime="20211129 00:48:29.345" endtime="20211129 00:48:29.352"/>
</kw>
<kw name="Go To" library="Browser">
<arg>${config_json["base_url"]}${telas_json["${page}"]}</arg>
<tag>BrowserControl</tag>
<tag>Setter</tag>
<doc>Navigates to the given ``url``.</doc>
<msg timestamp="20211129 00:48:31.025" level="INFO">Succesfully opened URL https://homologacaosigsaude.imd.ufrn.br/sigsaude/modalidadeAtendimento/form</msg>
<status status="PASS" starttime="20211129 00:48:29.353" endtime="20211129 00:48:31.026"/>
</kw>
<status status="PASS" starttime="20211129 00:48:29.335" endtime="20211129 00:48:31.026"/>
</kw>
<status status="PASS" starttime="20211129 00:48:29.333" endtime="20211129 00:48:31.026"/>
</kw>
<status status="PASS" starttime="20211129 00:48:29.331" endtime="20211129 00:48:31.027"/>
</kw>
<status status="PASS" starttime="20211129 00:48:29.328" endtime="20211129 00:48:31.027"/>
</kw>
<kw name="E" library="bdd">
<arg>preenchido o "Denominação" com o "Teste automatizado"</arg>
<kw name="Run Keyword" library="BuiltIn">
<arg>@{Keywords}</arg>
<doc>Executes the given keyword with the given arguments.</doc>
<kw name="preenchido o &quot;Denominação&quot; com o &quot;Teste automatizado&quot;" library="keywords_campos" sourcename="preenchido o &quot;${campo}&quot; com o &quot;${valor}&quot;">
<kw name="Get JSON" library="base">
<var>${elementos_json}</var>
<arg>elementos.json</arg>
<kw name="Get File" library="OperatingSystem">
<var>${file}</var>
<arg>${EXECDIR}/Files/${file_name}</arg>
<doc>Returns the contents of a specified file.</doc>
<msg timestamp="20211129 00:48:31.036" level="INFO" html="true">Getting file '&lt;a href="file:///home/m.calixta/Projeto sigsaúde/Files/elementos.json"&gt;/home/m.calixta/Projeto sigsaúde/Files/elementos.json&lt;/a&gt;'.</msg>
<msg timestamp="20211129 00:48:31.037" level="INFO">${file} = {

    "Tipo Sanguíneo":"inputTipoSanguineo",
    "Cor/Raça":"selectCorRaca",
    "Sexo":"selectSexo",
    "Estado civil":"selectEstadoCivil",
    "País de nascimento":"inputPaisNascimento",
    "UF d...</msg>
<status status="PASS" starttime="20211129 00:48:31.035" endtime="20211129 00:48:31.037"/>
</kw>
<kw name="Evaluate" library="BuiltIn">
<var>${super_var}</var>
<arg>json.loads($file)</arg>
<arg>json</arg>
<doc>Evaluates the given expression in Python and returns the result.</doc>
<msg timestamp="20211129 00:48:31.040" level="INFO">${super_var} = {'Tipo Sanguíneo': 'inputTipoSanguineo', 'Cor/Raça': 'selectCorRaca', 'Sexo': 'selectSexo', 'Estado civil': 'selectEstadoCivil', 'País de nascimento': 'inputPaisNascimento', 'UF de nascimento': 'input...</msg>
<status status="PASS" starttime="20211129 00:48:31.038" endtime="20211129 00:48:31.040"/>
</kw>
<msg timestamp="20211129 00:48:31.042" level="INFO">${elementos_json} = {'Tipo Sanguíneo': 'inputTipoSanguineo', 'Cor/Raça': 'selectCorRaca', 'Sexo': 'selectSexo', 'Estado civil': 'selectEstadoCivil', 'País de nascimento': 'inputPaisNascimento', 'UF de nascimento': 'input...</msg>
<status status="PASS" starttime="20211129 00:48:31.033" endtime="20211129 00:48:31.042"/>
</kw>
<kw name="Type Text" library="Browser">
<arg>id=${elementos_json["${campo}"]}</arg>
<arg>${valor}</arg>
<tag>PageContent</tag>
<tag>Setter</tag>
<doc>Types the given ``txt`` into the text field found by ``selector``.</doc>
<msg timestamp="20211129 00:48:31.049" level="INFO">Types the text 'Teste automatizado' in the given field.</msg>
<status status="PASS" starttime="20211129 00:48:31.043" endtime="20211129 00:48:31.447"/>
</kw>
<status status="PASS" starttime="20211129 00:48:31.031" endtime="20211129 00:48:31.448"/>
</kw>
<status status="PASS" starttime="20211129 00:48:31.029" endtime="20211129 00:48:31.448"/>
</kw>
<status status="PASS" starttime="20211129 00:48:31.028" endtime="20211129 00:48:31.448"/>
</kw>
<kw name="E" library="bdd">
<arg>selecione "ENDOCRINOLOGIA" no campo "Profissão"</arg>
<kw name="Run Keyword" library="BuiltIn">
<arg>@{Keywords}</arg>
<doc>Executes the given keyword with the given arguments.</doc>
<kw name="selecione &quot;ENDOCRINOLOGIA&quot; no campo &quot;Profissão&quot;" library="keywords_campos" sourcename="selecione &quot;${valor}&quot; no campo &quot;${campo}&quot;">
<kw name="Get JSON" library="base">
<var>${elementos_json}</var>
<arg>elementos.json</arg>
<kw name="Get File" library="OperatingSystem">
<var>${file}</var>
<arg>${EXECDIR}/Files/${file_name}</arg>
<doc>Returns the contents of a specified file.</doc>
<msg timestamp="20211129 00:48:31.458" level="INFO" html="true">Getting file '&lt;a href="file:///home/m.calixta/Projeto sigsaúde/Files/elementos.json"&gt;/home/m.calixta/Projeto sigsaúde/Files/elementos.json&lt;/a&gt;'.</msg>
<msg timestamp="20211129 00:48:31.459" level="INFO">${file} = {

    "Tipo Sanguíneo":"inputTipoSanguineo",
    "Cor/Raça":"selectCorRaca",
    "Sexo":"selectSexo",
    "Estado civil":"selectEstadoCivil",
    "País de nascimento":"inputPaisNascimento",
    "UF d...</msg>
<status status="PASS" starttime="20211129 00:48:31.456" endtime="20211129 00:48:31.459"/>
</kw>
<kw name="Evaluate" library="BuiltIn">
<var>${super_var}</var>
<arg>json.loads($file)</arg>
<arg>json</arg>
<doc>Evaluates the given expression in Python and returns the result.</doc>
<msg timestamp="20211129 00:48:31.461" level="INFO">${super_var} = {'Tipo Sanguíneo': 'inputTipoSanguineo', 'Cor/Raça': 'selectCorRaca', 'Sexo': 'selectSexo', 'Estado civil': 'selectEstadoCivil', 'País de nascimento': 'inputPaisNascimento', 'UF de nascimento': 'input...</msg>
<status status="PASS" starttime="20211129 00:48:31.460" endtime="20211129 00:48:31.461"/>
</kw>
<msg timestamp="20211129 00:48:31.463" level="INFO">${elementos_json} = {'Tipo Sanguíneo': 'inputTipoSanguineo', 'Cor/Raça': 'selectCorRaca', 'Sexo': 'selectSexo', 'Estado civil': 'selectEstadoCivil', 'País de nascimento': 'inputPaisNascimento', 'UF de nascimento': 'input...</msg>
<status status="PASS" starttime="20211129 00:48:31.453" endtime="20211129 00:48:31.463"/>
</kw>
<kw name="Select Options By" library="Browser">
<arg>id=${elementos_json["${campo}"]}</arg>
<arg>Text</arg>
<arg>${valor}</arg>
<tag>PageContent</tag>
<tag>Setter</tag>
<doc>Selects options from select element found by ``selector``.</doc>
<status status="PASS" starttime="20211129 00:48:31.464" endtime="20211129 00:48:31.506"/>
</kw>
<status status="PASS" starttime="20211129 00:48:31.452" endtime="20211129 00:48:31.507"/>
</kw>
<status status="PASS" starttime="20211129 00:48:31.450" endtime="20211129 00:48:31.507"/>
</kw>
<status status="PASS" starttime="20211129 00:48:31.449" endtime="20211129 00:48:31.508"/>
</kw>
<kw name="E" library="bdd">
<arg>selecione "ENDOCRINOLOGIA E METABOLOGIA" no campo "Especialidade"</arg>
<kw name="Run Keyword" library="BuiltIn">
<arg>@{Keywords}</arg>
<doc>Executes the given keyword with the given arguments.</doc>
<kw name="selecione &quot;ENDOCRINOLOGIA E METABOLOGIA&quot; no campo &quot;Especialidade&quot;" library="keywords_campos" sourcename="selecione &quot;${valor}&quot; no campo &quot;${campo}&quot;">
<kw name="Get JSON" library="base">
<var>${elementos_json}</var>
<arg>elementos.json</arg>
<kw name="Get File" library="OperatingSystem">
<var>${file}</var>
<arg>${EXECDIR}/Files/${file_name}</arg>
<doc>Returns the contents of a specified file.</doc>
<msg timestamp="20211129 00:48:31.517" level="INFO" html="true">Getting file '&lt;a href="file:///home/m.calixta/Projeto sigsaúde/Files/elementos.json"&gt;/home/m.calixta/Projeto sigsaúde/Files/elementos.json&lt;/a&gt;'.</msg>
<msg timestamp="20211129 00:48:31.518" level="INFO">${file} = {

    "Tipo Sanguíneo":"inputTipoSanguineo",
    "Cor/Raça":"selectCorRaca",
    "Sexo":"selectSexo",
    "Estado civil":"selectEstadoCivil",
    "País de nascimento":"inputPaisNascimento",
    "UF d...</msg>
<status status="PASS" starttime="20211129 00:48:31.515" endtime="20211129 00:48:31.518"/>
</kw>
<kw name="Evaluate" library="BuiltIn">
<var>${super_var}</var>
<arg>json.loads($file)</arg>
<arg>json</arg>
<doc>Evaluates the given expression in Python and returns the result.</doc>
<msg timestamp="20211129 00:48:31.520" level="INFO">${super_var} = {'Tipo Sanguíneo': 'inputTipoSanguineo', 'Cor/Raça': 'selectCorRaca', 'Sexo': 'selectSexo', 'Estado civil': 'selectEstadoCivil', 'País de nascimento': 'inputPaisNascimento', 'UF de nascimento': 'input...</msg>
<status status="PASS" starttime="20211129 00:48:31.519" endtime="20211129 00:48:31.521"/>
</kw>
<msg timestamp="20211129 00:48:31.522" level="INFO">${elementos_json} = {'Tipo Sanguíneo': 'inputTipoSanguineo', 'Cor/Raça': 'selectCorRaca', 'Sexo': 'selectSexo', 'Estado civil': 'selectEstadoCivil', 'País de nascimento': 'inputPaisNascimento', 'UF de nascimento': 'input...</msg>
<status status="PASS" starttime="20211129 00:48:31.514" endtime="20211129 00:48:31.522"/>
</kw>
<kw name="Select Options By" library="Browser">
<arg>id=${elementos_json["${campo}"]}</arg>
<arg>Text</arg>
<arg>${valor}</arg>
<tag>PageContent</tag>
<tag>Setter</tag>
<doc>Selects options from select element found by ``selector``.</doc>
<status status="PASS" starttime="20211129 00:48:31.523" endtime="20211129 00:48:31.595"/>
</kw>
<status status="PASS" starttime="20211129 00:48:31.512" endtime="20211129 00:48:31.596"/>
</kw>
<status status="PASS" starttime="20211129 00:48:31.511" endtime="20211129 00:48:31.596"/>
</kw>
<status status="PASS" starttime="20211129 00:48:31.509" endtime="20211129 00:48:31.596"/>
</kw>
<kw name="E" library="bdd">
<arg>selecionar opções em "Procedimento"</arg>
<kw name="Run Keyword" library="BuiltIn">
<arg>@{Keywords}</arg>
<doc>Executes the given keyword with the given arguments.</doc>
<kw name="selecionar opções em &quot;Procedimento&quot;" library="keywords_campos" sourcename="selecionar opções em &quot;${opção}&quot;">
<kw name="Get JSON" library="base">
<var>${elementos_json}</var>
<arg>elementos.json</arg>
<kw name="Get File" library="OperatingSystem">
<var>${file}</var>
<arg>${EXECDIR}/Files/${file_name}</arg>
<doc>Returns the contents of a specified file.</doc>
<msg timestamp="20211129 00:48:31.604" level="INFO" html="true">Getting file '&lt;a href="file:///home/m.calixta/Projeto sigsaúde/Files/elementos.json"&gt;/home/m.calixta/Projeto sigsaúde/Files/elementos.json&lt;/a&gt;'.</msg>
<msg timestamp="20211129 00:48:31.605" level="INFO">${file} = {

    "Tipo Sanguíneo":"inputTipoSanguineo",
    "Cor/Raça":"selectCorRaca",
    "Sexo":"selectSexo",
    "Estado civil":"selectEstadoCivil",
    "País de nascimento":"inputPaisNascimento",
    "UF d...</msg>
<status status="PASS" starttime="20211129 00:48:31.603" endtime="20211129 00:48:31.605"/>
</kw>
<kw name="Evaluate" library="BuiltIn">
<var>${super_var}</var>
<arg>json.loads($file)</arg>
<arg>json</arg>
<doc>Evaluates the given expression in Python and returns the result.</doc>
<msg timestamp="20211129 00:48:31.607" level="INFO">${super_var} = {'Tipo Sanguíneo': 'inputTipoSanguineo', 'Cor/Raça': 'selectCorRaca', 'Sexo': 'selectSexo', 'Estado civil': 'selectEstadoCivil', 'País de nascimento': 'inputPaisNascimento', 'UF de nascimento': 'input...</msg>
<status status="PASS" starttime="20211129 00:48:31.606" endtime="20211129 00:48:31.608"/>
</kw>
<msg timestamp="20211129 00:48:31.609" level="INFO">${elementos_json} = {'Tipo Sanguíneo': 'inputTipoSanguineo', 'Cor/Raça': 'selectCorRaca', 'Sexo': 'selectSexo', 'Estado civil': 'selectEstadoCivil', 'País de nascimento': 'inputPaisNascimento', 'UF de nascimento': 'input...</msg>
<status status="PASS" starttime="20211129 00:48:31.601" endtime="20211129 00:48:31.609"/>
</kw>
<kw name="Click" library="Browser">
<arg>id=${elementos_json["${opção}"]}</arg>
<tag>PageContent</tag>
<tag>Setter</tag>
<doc>Simulates mouse click on the element found by ``selector``.</doc>
<status status="PASS" starttime="20211129 00:48:31.610" endtime="20211129 00:48:31.722"/>
</kw>
<kw name="Click" library="Browser">
<arg>css=${elementos_json["Opções procedimento"]}</arg>
<tag>PageContent</tag>
<tag>Setter</tag>
<doc>Simulates mouse click on the element found by ``selector``.</doc>
<status status="PASS" starttime="20211129 00:48:31.723" endtime="20211129 00:48:32.015"/>
</kw>
<status status="PASS" starttime="20211129 00:48:31.600" endtime="20211129 00:48:32.016"/>
</kw>
<status status="PASS" starttime="20211129 00:48:31.599" endtime="20211129 00:48:32.016"/>
</kw>
<status status="PASS" starttime="20211129 00:48:31.597" endtime="20211129 00:48:32.016"/>
</kw>
<kw name="Quando" library="bdd">
<arg>clicar no "Avançar"</arg>
<kw name="Run Keyword" library="BuiltIn">
<arg>@{Keywords}</arg>
<doc>Executes the given keyword with the given arguments.</doc>
<kw name="clicar no &quot;Avançar&quot;" library="keywords_campos" sourcename="clicar no &quot;${botão}&quot;">
<kw name="Get JSON" library="base">
<var>${elementos_json}</var>
<arg>elementos.json</arg>
<kw name="Get File" library="OperatingSystem">
<var>${file}</var>
<arg>${EXECDIR}/Files/${file_name}</arg>
<doc>Returns the contents of a specified file.</doc>
<msg timestamp="20211129 00:48:32.027" level="INFO" html="true">Getting file '&lt;a href="file:///home/m.calixta/Projeto sigsaúde/Files/elementos.json"&gt;/home/m.calixta/Projeto sigsaúde/Files/elementos.json&lt;/a&gt;'.</msg>
<msg timestamp="20211129 00:48:32.028" level="INFO">${file} = {

    "Tipo Sanguíneo":"inputTipoSanguineo",
    "Cor/Raça":"selectCorRaca",
    "Sexo":"selectSexo",
    "Estado civil":"selectEstadoCivil",
    "País de nascimento":"inputPaisNascimento",
    "UF d...</msg>
<status status="PASS" starttime="20211129 00:48:32.025" endtime="20211129 00:48:32.028"/>
</kw>
<kw name="Evaluate" library="BuiltIn">
<var>${super_var}</var>
<arg>json.loads($file)</arg>
<arg>json</arg>
<doc>Evaluates the given expression in Python and returns the result.</doc>
<msg timestamp="20211129 00:48:32.030" level="INFO">${super_var} = {'Tipo Sanguíneo': 'inputTipoSanguineo', 'Cor/Raça': 'selectCorRaca', 'Sexo': 'selectSexo', 'Estado civil': 'selectEstadoCivil', 'País de nascimento': 'inputPaisNascimento', 'UF de nascimento': 'input...</msg>
<status status="PASS" starttime="20211129 00:48:32.029" endtime="20211129 00:48:32.030"/>
</kw>
<msg timestamp="20211129 00:48:32.031" level="INFO">${elementos_json} = {'Tipo Sanguíneo': 'inputTipoSanguineo', 'Cor/Raça': 'selectCorRaca', 'Sexo': 'selectSexo', 'Estado civil': 'selectEstadoCivil', 'País de nascimento': 'inputPaisNascimento', 'UF de nascimento': 'input...</msg>
<status status="PASS" starttime="20211129 00:48:32.022" endtime="20211129 00:48:32.032"/>
</kw>
<kw name="Click" library="Browser">
<arg>id=${elementos_json["${botão}"]}</arg>
<tag>PageContent</tag>
<tag>Setter</tag>
<doc>Simulates mouse click on the element found by ``selector``.</doc>
<status status="PASS" starttime="20211129 00:48:32.033" endtime="20211129 00:48:32.278"/>
</kw>
<status status="PASS" starttime="20211129 00:48:32.021" endtime="20211129 00:48:32.279"/>
</kw>
<status status="PASS" starttime="20211129 00:48:32.020" endtime="20211129 00:48:32.280"/>
</kw>
<status status="PASS" starttime="20211129 00:48:32.017" endtime="20211129 00:48:32.281"/>
</kw>
<kw name="E" library="bdd">
<arg>clicar no "Cadastrar"</arg>
<kw name="Run Keyword" library="BuiltIn">
<arg>@{Keywords}</arg>
<doc>Executes the given keyword with the given arguments.</doc>
<kw name="clicar no &quot;Cadastrar&quot;" library="keywords_campos" sourcename="clicar no &quot;${botão}&quot;">
<kw name="Get JSON" library="base">
<var>${elementos_json}</var>
<arg>elementos.json</arg>
<kw name="Get File" library="OperatingSystem">
<var>${file}</var>
<arg>${EXECDIR}/Files/${file_name}</arg>
<doc>Returns the contents of a specified file.</doc>
<msg timestamp="20211129 00:48:32.292" level="INFO" html="true">Getting file '&lt;a href="file:///home/m.calixta/Projeto sigsaúde/Files/elementos.json"&gt;/home/m.calixta/Projeto sigsaúde/Files/elementos.json&lt;/a&gt;'.</msg>
<msg timestamp="20211129 00:48:32.293" level="INFO">${file} = {

    "Tipo Sanguíneo":"inputTipoSanguineo",
    "Cor/Raça":"selectCorRaca",
    "Sexo":"selectSexo",
    "Estado civil":"selectEstadoCivil",
    "País de nascimento":"inputPaisNascimento",
    "UF d...</msg>
<status status="PASS" starttime="20211129 00:48:32.291" endtime="20211129 00:48:32.293"/>
</kw>
<kw name="Evaluate" library="BuiltIn">
<var>${super_var}</var>
<arg>json.loads($file)</arg>
<arg>json</arg>
<doc>Evaluates the given expression in Python and returns the result.</doc>
<msg timestamp="20211129 00:48:32.297" level="INFO">${super_var} = {'Tipo Sanguíneo': 'inputTipoSanguineo', 'Cor/Raça': 'selectCorRaca', 'Sexo': 'selectSexo', 'Estado civil': 'selectEstadoCivil', 'País de nascimento': 'inputPaisNascimento', 'UF de nascimento': 'input...</msg>
<status status="PASS" starttime="20211129 00:48:32.294" endtime="20211129 00:48:32.298"/>
</kw>
<msg timestamp="20211129 00:48:32.299" level="INFO">${elementos_json} = {'Tipo Sanguíneo': 'inputTipoSanguineo', 'Cor/Raça': 'selectCorRaca', 'Sexo': 'selectSexo', 'Estado civil': 'selectEstadoCivil', 'País de nascimento': 'inputPaisNascimento', 'UF de nascimento': 'input...</msg>
<status status="PASS" starttime="20211129 00:48:32.289" endtime="20211129 00:48:32.299"/>
</kw>
<kw name="Click" library="Browser">
<arg>id=${elementos_json["${botão}"]}</arg>
<tag>PageContent</tag>
<tag>Setter</tag>
<doc>Simulates mouse click on the element found by ``selector``.</doc>
<status status="PASS" starttime="20211129 00:48:32.301" endtime="20211129 00:48:32.887"/>
</kw>
<status status="PASS" starttime="20211129 00:48:32.287" endtime="20211129 00:48:32.889"/>
</kw>
<status status="PASS" starttime="20211129 00:48:32.286" endtime="20211129 00:48:32.890"/>
</kw>
<status status="PASS" starttime="20211129 00:48:32.282" endtime="20211129 00:48:32.892"/>
</kw>
<kw name="Então" library="bdd">
<arg>mensagem de cadastro realizado com sucesso</arg>
<kw name="Run Keyword" library="BuiltIn">
<arg>@{Keywords}</arg>
<doc>Executes the given keyword with the given arguments.</doc>
<kw name="mensagem de cadastro realizado com sucesso" library="keywords_campos">
<kw name="Wait For Elements State" library="Browser">
<arg>xpath=/html/body/div[2]/div</arg>
<arg>visible</arg>
<tag>PageContent</tag>
<tag>Wait</tag>
<doc>Waits for the element found by ``selector`` to satisfy state option.</doc>
<msg timestamp="20211129 00:48:34.099" level="INFO">Wait for Element with selector: xpath=/html/body/div[2]/div</msg>
<status status="PASS" starttime="20211129 00:48:32.915" endtime="20211129 00:48:34.099"/>
</kw>
<kw name="Click" library="Browser">
<arg>xpath=/html/body/div[2]/div/div[3]/div/button</arg>
<tag>PageContent</tag>
<tag>Setter</tag>
<doc>Simulates mouse click on the element found by ``selector``.</doc>
<status status="PASS" starttime="20211129 00:48:34.100" endtime="20211129 00:48:34.437"/>
</kw>
<status status="PASS" starttime="20211129 00:48:32.908" endtime="20211129 00:48:34.438"/>
</kw>
<status status="PASS" starttime="20211129 00:48:32.902" endtime="20211129 00:48:34.439"/>
</kw>
<status status="PASS" starttime="20211129 00:48:32.895" endtime="20211129 00:48:34.440"/>
</kw>
<kw name="Sleep" library="BuiltIn">
<arg>20s</arg>
<doc>Pauses the test executed for the given time.</doc>
<msg timestamp="20211129 00:48:54.444" level="INFO">Slept 20 seconds</msg>
<status status="PASS" starttime="20211129 00:48:34.441" endtime="20211129 00:48:54.446"/>
</kw>
<status status="PASS" starttime="20211129 00:48:29.311" endtime="20211129 00:48:54.449"/>
</test>
<doc>Teste Agendamento</doc>
<status status="PASS" starttime="20211129 00:48:22.681" endtime="20211129 00:48:54.475"/>
</suite>
<statistics>
<total>
<stat pass="1" fail="0" skip="0">All Tests</stat>
</total>
<tag>
</tag>
<suite>
<stat pass="1" fail="0" skip="0" id="s1" name="8 - Modalidade">8 - Modalidade</stat>
</suite>
</statistics>
<errors>
</errors>
</robot>
