<?xml version="1.0" encoding="UTF-8"?>
<robot generator="Robot 4.0.3 (Python 3.9.5 on win32)" generated="20220327 15:55:33.085" rpa="false" schemaversion="2">
<suite id="s1" name="Tests" source="C:\Users\Mayara\Documents\TCC\RobotFramework-Sigsaude\Tests">
<suite id="s1-s1" name="Formulario comum" source="C:\Users\Mayara\Documents\TCC\RobotFramework-Sigsaude\Tests\Formulario_comum.robot">
<kw name="iniciar navegador sessão &quot;Comum&quot;" library="base" type="SETUP" sourcename="iniciar navegador sessão &quot;${login_usuario}&quot;">
<kw name="iniciar Navegador" library="base">
<kw name="Get JSON" library="base">
<var>${config_json}</var>
<arg>config.json</arg>
<kw name="Get File" library="OperatingSystem">
<var>${file}</var>
<arg>${EXECDIR}/Files/${file_name}</arg>
<doc>Returns the contents of a specified file.</doc>
<msg timestamp="20220327 15:55:34.623" level="INFO" html="true">Getting file '&lt;a href="file://C:\Users\Mayara\Documents\TCC\RobotFramework-Sigsaude\Files\config.json"&gt;C:\Users\Mayara\Documents\TCC\RobotFramework-Sigsaude\Files\config.json&lt;/a&gt;'.</msg>
<msg timestamp="20220327 15:55:34.623" level="INFO">${file} = {
    "base_url":"https://homologacaosigsaude.imd.ufrn.br/sigsaude",
    "navegador":"chromium",
    "lelog":"https://lelog.netlify.app/"

}</msg>
<status status="PASS" starttime="20220327 15:55:34.623" endtime="20220327 15:55:34.623"/>
</kw>
<kw name="Evaluate" library="BuiltIn">
<var>${super_var}</var>
<arg>json.loads($file)</arg>
<arg>json</arg>
<doc>Evaluates the given expression in Python and returns the result.</doc>
<msg timestamp="20220327 15:55:34.623" level="INFO">${super_var} = {'base_url': 'https://homologacaosigsaude.imd.ufrn.br/sigsaude', 'navegador': 'chromium', 'lelog': 'https://lelog.netlify.app/'}</msg>
<status status="PASS" starttime="20220327 15:55:34.623" endtime="20220327 15:55:34.623"/>
</kw>
<msg timestamp="20220327 15:55:34.623" level="INFO">${config_json} = {'base_url': 'https://homologacaosigsaude.imd.ufrn.br/sigsaude', 'navegador': 'chromium', 'lelog': 'https://lelog.netlify.app/'}</msg>
<status status="PASS" starttime="20220327 15:55:34.607" endtime="20220327 15:55:34.623"/>
</kw>
<kw name="New Browser" library="Browser">
<arg>${config_json["navegador"]}</arg>
<arg>False</arg>
<tag>BrowserControl</tag>
<tag>Setter</tag>
<doc>Create a new playwright Browser with specified options.
See `Browser, Context and Page` for more information about Browser and related concepts.</doc>
<msg timestamp="20220327 15:55:34.623" level="INFO">{"browser": "chromium", "headless": false, "handleSIGINT": true, "handleSIGTERM": true, "handleSIGHUP": true, "timeout": 30000.0, "devtools": false, "slowMo": 0.0}</msg>
<msg timestamp="20220327 15:55:35.212" level="INFO">Successfully created browser with options: {"browser":"chromium","headless":false,"handleSIGINT":true,"handleSIGTERM":true,"handleSIGHUP":true,"timeout":30000,"devtools":false,"slowMo":0}</msg>
<status status="PASS" starttime="20220327 15:55:34.623" endtime="20220327 15:55:35.212"/>
</kw>
<status status="PASS" starttime="20220327 15:55:34.607" endtime="20220327 15:55:35.212"/>
</kw>
<kw name="Get JSON" library="base">
<var>${config_json}</var>
<arg>config.json</arg>
<kw name="Get File" library="OperatingSystem">
<var>${file}</var>
<arg>${EXECDIR}/Files/${file_name}</arg>
<doc>Returns the contents of a specified file.</doc>
<msg timestamp="20220327 15:55:35.212" level="INFO" html="true">Getting file '&lt;a href="file://C:\Users\Mayara\Documents\TCC\RobotFramework-Sigsaude\Files\config.json"&gt;C:\Users\Mayara\Documents\TCC\RobotFramework-Sigsaude\Files\config.json&lt;/a&gt;'.</msg>
<msg timestamp="20220327 15:55:35.212" level="INFO">${file} = {
    "base_url":"https://homologacaosigsaude.imd.ufrn.br/sigsaude",
    "navegador":"chromium",
    "lelog":"https://lelog.netlify.app/"

}</msg>
<status status="PASS" starttime="20220327 15:55:35.212" endtime="20220327 15:55:35.212"/>
</kw>
<kw name="Evaluate" library="BuiltIn">
<var>${super_var}</var>
<arg>json.loads($file)</arg>
<arg>json</arg>
<doc>Evaluates the given expression in Python and returns the result.</doc>
<msg timestamp="20220327 15:55:35.212" level="INFO">${super_var} = {'base_url': 'https://homologacaosigsaude.imd.ufrn.br/sigsaude', 'navegador': 'chromium', 'lelog': 'https://lelog.netlify.app/'}</msg>
<status status="PASS" starttime="20220327 15:55:35.212" endtime="20220327 15:55:35.212"/>
</kw>
<msg timestamp="20220327 15:55:35.212" level="INFO">${config_json} = {'base_url': 'https://homologacaosigsaude.imd.ufrn.br/sigsaude', 'navegador': 'chromium', 'lelog': 'https://lelog.netlify.app/'}</msg>
<status status="PASS" starttime="20220327 15:55:35.212" endtime="20220327 15:55:35.212"/>
</kw>
<kw name="New Page" library="Browser">
<arg>${config_json["base_url"]}</arg>
<tag>BrowserControl</tag>
<tag>Setter</tag>
<doc>Open a new Page. A Page is the Playwright equivalent to a tab.
See `Browser, Context and Page` for more information about Page concept.
Returns a stable identifier for the created page.</doc>
<msg timestamp="20220327 15:55:38.777" level="INFO">Successfully initialized new page object and opened url: https://homologacaosigsaude.imd.ufrn.br/sigsaude</msg>
<msg timestamp="20220327 15:55:38.778" level="INFO">No context was open. New context was automatically opened when this page is created.</msg>
<status status="PASS" starttime="20220327 15:55:35.212" endtime="20220327 15:55:38.778"/>
</kw>
<kw name="Direcionamento da tela &quot;login&quot;" library="nav" sourcename="Direcionamento da tela &quot;${page}&quot;">
<kw name="Get JSON" library="base">
<var>${telas_json}</var>
<arg>telas.json</arg>
<kw name="Get File" library="OperatingSystem">
<var>${file}</var>
<arg>${EXECDIR}/Files/${file_name}</arg>
<doc>Returns the contents of a specified file.</doc>
<msg timestamp="20220327 15:55:38.782" level="INFO" html="true">Getting file '&lt;a href="file://C:\Users\Mayara\Documents\TCC\RobotFramework-Sigsaude\Files\telas.json"&gt;C:\Users\Mayara\Documents\TCC\RobotFramework-Sigsaude\Files\telas.json&lt;/a&gt;'.</msg>
<msg timestamp="20220327 15:55:38.784" level="INFO">${file} = {
    "login":"/login",
    "novo usuario de serviço":"/paciente/cadastro",
    "listar usuarios de serviço":"/paciente",
    "cadastro de colaborador":"/colaborador/form",
    "agendamento":"/agendam...</msg>
<status status="PASS" starttime="20220327 15:55:38.781" endtime="20220327 15:55:38.784"/>
</kw>
<kw name="Evaluate" library="BuiltIn">
<var>${super_var}</var>
<arg>json.loads($file)</arg>
<arg>json</arg>
<doc>Evaluates the given expression in Python and returns the result.</doc>
<msg timestamp="20220327 15:55:38.788" level="INFO">${super_var} = {'login': '/login', 'novo usuario de serviço': '/paciente/cadastro', 'listar usuarios de serviço': '/paciente', 'cadastro de colaborador': '/colaborador/form', 'agendamento': '/agendamento', 'listar c...</msg>
<status status="PASS" starttime="20220327 15:55:38.787" endtime="20220327 15:55:38.788"/>
</kw>
<msg timestamp="20220327 15:55:38.788" level="INFO">${telas_json} = {'login': '/login', 'novo usuario de serviço': '/paciente/cadastro', 'listar usuarios de serviço': '/paciente', 'cadastro de colaborador': '/colaborador/form', 'agendamento': '/agendamento', 'listar c...</msg>
<status status="PASS" starttime="20220327 15:55:38.780" endtime="20220327 15:55:38.789"/>
</kw>
<kw name="Get JSON" library="base">
<var>${config_json}</var>
<arg>config.json</arg>
<kw name="Get File" library="OperatingSystem">
<var>${file}</var>
<arg>${EXECDIR}/Files/${file_name}</arg>
<doc>Returns the contents of a specified file.</doc>
<msg timestamp="20220327 15:55:38.790" level="INFO" html="true">Getting file '&lt;a href="file://C:\Users\Mayara\Documents\TCC\RobotFramework-Sigsaude\Files\config.json"&gt;C:\Users\Mayara\Documents\TCC\RobotFramework-Sigsaude\Files\config.json&lt;/a&gt;'.</msg>
<msg timestamp="20220327 15:55:38.790" level="INFO">${file} = {
    "base_url":"https://homologacaosigsaude.imd.ufrn.br/sigsaude",
    "navegador":"chromium",
    "lelog":"https://lelog.netlify.app/"

}</msg>
<status status="PASS" starttime="20220327 15:55:38.790" endtime="20220327 15:55:38.791"/>
</kw>
<kw name="Evaluate" library="BuiltIn">
<var>${super_var}</var>
<arg>json.loads($file)</arg>
<arg>json</arg>
<doc>Evaluates the given expression in Python and returns the result.</doc>
<msg timestamp="20220327 15:55:38.792" level="INFO">${super_var} = {'base_url': 'https://homologacaosigsaude.imd.ufrn.br/sigsaude', 'navegador': 'chromium', 'lelog': 'https://lelog.netlify.app/'}</msg>
<status status="PASS" starttime="20220327 15:55:38.791" endtime="20220327 15:55:38.792"/>
</kw>
<msg timestamp="20220327 15:55:38.792" level="INFO">${config_json} = {'base_url': 'https://homologacaosigsaude.imd.ufrn.br/sigsaude', 'navegador': 'chromium', 'lelog': 'https://lelog.netlify.app/'}</msg>
<status status="PASS" starttime="20220327 15:55:38.789" endtime="20220327 15:55:38.792"/>
</kw>
<kw name="Go To" library="Browser">
<arg>${config_json["base_url"]}${telas_json["${page}"]}</arg>
<tag>BrowserControl</tag>
<tag>Setter</tag>
<doc>Navigates to the given ``url``.</doc>
<msg timestamp="20220327 15:55:39.596" level="INFO">Succesfully opened URL https://homologacaosigsaude.imd.ufrn.br/sigsaude/login</msg>
<status status="PASS" starttime="20220327 15:55:38.792" endtime="20220327 15:55:39.596"/>
</kw>
<status status="PASS" starttime="20220327 15:55:38.779" endtime="20220327 15:55:39.596"/>
</kw>
<kw name="Get JSON" library="base">
<var>${login_json}</var>
<arg>login.json</arg>
<kw name="Get File" library="OperatingSystem">
<var>${file}</var>
<arg>${EXECDIR}/Files/${file_name}</arg>
<doc>Returns the contents of a specified file.</doc>
<msg timestamp="20220327 15:55:39.599" level="INFO" html="true">Getting file '&lt;a href="file://C:\Users\Mayara\Documents\TCC\RobotFramework-Sigsaude\Files\login.json"&gt;C:\Users\Mayara\Documents\TCC\RobotFramework-Sigsaude\Files\login.json&lt;/a&gt;'.</msg>
<msg timestamp="20220327 15:55:39.599" level="INFO">${file} = {

    "Psicologia":{
        "login": "drpsicologia",
        "senha": 85278120029
    },

    "Endocrinologia":{
        "login": "drendocrinologia",
        "senha": 98841863323
    },

	"Comum": {...</msg>
<status status="PASS" starttime="20220327 15:55:39.598" endtime="20220327 15:55:39.599"/>
</kw>
<kw name="Evaluate" library="BuiltIn">
<var>${super_var}</var>
<arg>json.loads($file)</arg>
<arg>json</arg>
<doc>Evaluates the given expression in Python and returns the result.</doc>
<msg timestamp="20220327 15:55:39.601" level="INFO">${super_var} = {'Psicologia': {'login': 'drpsicologia', 'senha': 85278120029}, 'Endocrinologia': {'login': 'drendocrinologia', 'senha': 98841863323}, 'Comum': {'login': 'uirakuleszatestes', 'senha': '02219235432'}}</msg>
<status status="PASS" starttime="20220327 15:55:39.600" endtime="20220327 15:55:39.601"/>
</kw>
<msg timestamp="20220327 15:55:39.601" level="INFO">${login_json} = {'Psicologia': {'login': 'drpsicologia', 'senha': 85278120029}, 'Endocrinologia': {'login': 'drendocrinologia', 'senha': 98841863323}, 'Comum': {'login': 'uirakuleszatestes', 'senha': '02219235432'}}</msg>
<status status="PASS" starttime="20220327 15:55:39.597" endtime="20220327 15:55:39.601"/>
</kw>
<kw name="Fill Text" library="Browser">
<arg>id=login-username</arg>
<arg>${login_json["${login_usuario}"]["login"]}</arg>
<tag>PageContent</tag>
<tag>Setter</tag>
<doc>Clears and fills the given ``text`` into the text field found by ``selector``.</doc>
<msg timestamp="20220327 15:55:39.602" level="INFO">Fills the text 'uirakuleszatestes' in the given field.</msg>
<status status="PASS" starttime="20220327 15:55:39.601" endtime="20220327 15:55:39.650"/>
</kw>
<kw name="Fill Text" library="Browser">
<arg>id=login-password</arg>
<arg>${login_json["${login_usuario}"]["senha"]}</arg>
<tag>PageContent</tag>
<tag>Setter</tag>
<doc>Clears and fills the given ``text`` into the text field found by ``selector``.</doc>
<msg timestamp="20220327 15:55:39.651" level="INFO">Fills the text '02219235432' in the given field.</msg>
<status status="PASS" starttime="20220327 15:55:39.650" endtime="20220327 15:55:39.678"/>
</kw>
<kw name="Click" library="Browser">
<arg>css=[value='Entrar']</arg>
<tag>PageContent</tag>
<tag>Setter</tag>
<doc>Simulates mouse click on the element found by ``selector``.</doc>
<status status="PASS" starttime="20220327 15:55:39.678" endtime="20220327 15:55:40.284"/>
</kw>
<status status="PASS" starttime="20220327 15:55:34.607" endtime="20220327 15:55:40.285"/>
</kw>
<test id="s1-s1-t1" name="[000] - Apenas um teste caralho">
<kw name="Dado" library="bdd">
<arg>que o usuario está na tela "minha agenda"</arg>
<kw name="Run Keyword" library="BuiltIn">
<arg>@{Keywords}</arg>
<doc>Executes the given keyword with the given arguments.</doc>
<kw name="que o usuario está na tela &quot;minha agenda&quot;" library="nav" sourcename="que o usuario está na tela &quot;${tela}&quot;">
<kw name="Direcionamento da tela &quot;${tela}&quot;" library="nav" sourcename="Direcionamento da tela &quot;${page}&quot;">
<kw name="Get JSON" library="base">
<var>${telas_json}</var>
<arg>telas.json</arg>
<kw name="Get File" library="OperatingSystem">
<var>${file}</var>
<arg>${EXECDIR}/Files/${file_name}</arg>
<doc>Returns the contents of a specified file.</doc>
<msg timestamp="20220327 15:55:40.317" level="INFO" html="true">Getting file '&lt;a href="file://C:\Users\Mayara\Documents\TCC\RobotFramework-Sigsaude\Files\telas.json"&gt;C:\Users\Mayara\Documents\TCC\RobotFramework-Sigsaude\Files\telas.json&lt;/a&gt;'.</msg>
<msg timestamp="20220327 15:55:40.317" level="INFO">${file} = {
    "login":"/login",
    "novo usuario de serviço":"/paciente/cadastro",
    "listar usuarios de serviço":"/paciente",
    "cadastro de colaborador":"/colaborador/form",
    "agendamento":"/agendam...</msg>
<status status="PASS" starttime="20220327 15:55:40.317" endtime="20220327 15:55:40.318"/>
</kw>
<kw name="Evaluate" library="BuiltIn">
<var>${super_var}</var>
<arg>json.loads($file)</arg>
<arg>json</arg>
<doc>Evaluates the given expression in Python and returns the result.</doc>
<msg timestamp="20220327 15:55:40.318" level="INFO">${super_var} = {'login': '/login', 'novo usuario de serviço': '/paciente/cadastro', 'listar usuarios de serviço': '/paciente', 'cadastro de colaborador': '/colaborador/form', 'agendamento': '/agendamento', 'listar c...</msg>
<status status="PASS" starttime="20220327 15:55:40.318" endtime="20220327 15:55:40.318"/>
</kw>
<msg timestamp="20220327 15:55:40.318" level="INFO">${telas_json} = {'login': '/login', 'novo usuario de serviço': '/paciente/cadastro', 'listar usuarios de serviço': '/paciente', 'cadastro de colaborador': '/colaborador/form', 'agendamento': '/agendamento', 'listar c...</msg>
<status status="PASS" starttime="20220327 15:55:40.316" endtime="20220327 15:55:40.318"/>
</kw>
<kw name="Get JSON" library="base">
<var>${config_json}</var>
<arg>config.json</arg>
<kw name="Get File" library="OperatingSystem">
<var>${file}</var>
<arg>${EXECDIR}/Files/${file_name}</arg>
<doc>Returns the contents of a specified file.</doc>
<msg timestamp="20220327 15:55:40.319" level="INFO" html="true">Getting file '&lt;a href="file://C:\Users\Mayara\Documents\TCC\RobotFramework-Sigsaude\Files\config.json"&gt;C:\Users\Mayara\Documents\TCC\RobotFramework-Sigsaude\Files\config.json&lt;/a&gt;'.</msg>
<msg timestamp="20220327 15:55:40.320" level="INFO">${file} = {
    "base_url":"https://homologacaosigsaude.imd.ufrn.br/sigsaude",
    "navegador":"chromium",
    "lelog":"https://lelog.netlify.app/"

}</msg>
<status status="PASS" starttime="20220327 15:55:40.319" endtime="20220327 15:55:40.320"/>
</kw>
<kw name="Evaluate" library="BuiltIn">
<var>${super_var}</var>
<arg>json.loads($file)</arg>
<arg>json</arg>
<doc>Evaluates the given expression in Python and returns the result.</doc>
<msg timestamp="20220327 15:55:40.320" level="INFO">${super_var} = {'base_url': 'https://homologacaosigsaude.imd.ufrn.br/sigsaude', 'navegador': 'chromium', 'lelog': 'https://lelog.netlify.app/'}</msg>
<status status="PASS" starttime="20220327 15:55:40.320" endtime="20220327 15:55:40.320"/>
</kw>
<msg timestamp="20220327 15:55:40.321" level="INFO">${config_json} = {'base_url': 'https://homologacaosigsaude.imd.ufrn.br/sigsaude', 'navegador': 'chromium', 'lelog': 'https://lelog.netlify.app/'}</msg>
<status status="PASS" starttime="20220327 15:55:40.319" endtime="20220327 15:55:40.321"/>
</kw>
<kw name="Go To" library="Browser">
<arg>${config_json["base_url"]}${telas_json["${page}"]}</arg>
<tag>BrowserControl</tag>
<tag>Setter</tag>
<doc>Navigates to the given ``url``.</doc>
<msg timestamp="20220327 15:55:42.051" level="INFO">Succesfully opened URL https://homologacaosigsaude.imd.ufrn.br/sigsaude/agenda/</msg>
<status status="PASS" starttime="20220327 15:55:40.322" endtime="20220327 15:55:42.051"/>
</kw>
<status status="PASS" starttime="20220327 15:55:40.316" endtime="20220327 15:55:42.052"/>
</kw>
<status status="PASS" starttime="20220327 15:55:40.316" endtime="20220327 15:55:42.052"/>
</kw>
<status status="PASS" starttime="20220327 15:55:40.315" endtime="20220327 15:55:42.052"/>
</kw>
<status status="PASS" starttime="20220327 15:55:40.315" endtime="20220327 15:55:42.052"/>
</kw>
<kw name="Quando" library="bdd">
<arg>preencher o ${Campos_agenda.data_listagem} com ${Valor_campos_agenda.data_listagem}</arg>
<kw name="Run Keyword" library="BuiltIn">
<arg>@{Keywords}</arg>
<doc>Executes the given keyword with the given arguments.</doc>
<kw name="preencher o dataListagem com 11032022" library="Page_profissão_cadastro" sourcename="preencher o ${CAMPO} com ${VALOR}">
<kw name="Type Text" library="Browser">
<arg>id=${CAMPO}</arg>
<arg>${VALOR}</arg>
<tag>PageContent</tag>
<tag>Setter</tag>
<doc>Types the given ``txt`` into the text field found by ``selector``.</doc>
<msg timestamp="20220327 15:55:42.059" level="INFO">Types the text '11032022' in the given field.</msg>
<status status="PASS" starttime="20220327 15:55:42.058" endtime="20220327 15:55:42.262"/>
</kw>
<status status="PASS" starttime="20220327 15:55:42.057" endtime="20220327 15:55:42.262"/>
</kw>
<status status="PASS" starttime="20220327 15:55:42.056" endtime="20220327 15:55:42.262"/>
</kw>
<status status="PASS" starttime="20220327 15:55:42.053" endtime="20220327 15:55:42.262"/>
</kw>
<kw name="E" library="bdd">
<arg>clicar em ${Buttons_agenda.pesquisar}</arg>
<kw name="Run Keyword" library="BuiltIn">
<arg>@{Keywords}</arg>
<doc>Executes the given keyword with the given arguments.</doc>
<kw name="clicar em //*[@id=&quot;formApp&quot;]/div/div[3]/button" library="Page_agendamento" sourcename="clicar em ${CAMPO}">
<kw name="Click" library="Browser">
<arg>xpath=${CAMPO}</arg>
<tag>PageContent</tag>
<tag>Setter</tag>
<doc>Simulates mouse click on the element found by ``selector``.</doc>
<status status="PASS" starttime="20220327 15:55:42.267" endtime="20220327 15:55:42.449"/>
</kw>
<status status="PASS" starttime="20220327 15:55:42.266" endtime="20220327 15:55:42.449"/>
</kw>
<status status="PASS" starttime="20220327 15:55:42.265" endtime="20220327 15:55:42.449"/>
</kw>
<status status="PASS" starttime="20220327 15:55:42.263" endtime="20220327 15:55:42.450"/>
</kw>
<kw name="E" library="bdd">
<arg>clicar em ${Buttons_agenda.DS}</arg>
<kw name="Run Keyword" library="BuiltIn">
<arg>@{Keywords}</arg>
<doc>Executes the given keyword with the given arguments.</doc>
<kw name="clicar em //*//*[@id=&quot;dataTable&quot;]/tbody/tr/td[5]/div/a[1]" library="Page_agendamento" sourcename="clicar em ${CAMPO}">
<kw name="Click" library="Browser">
<arg>xpath=${CAMPO}</arg>
<tag>PageContent</tag>
<tag>Setter</tag>
<doc>Simulates mouse click on the element found by ``selector``.</doc>
<status status="PASS" starttime="20220327 15:55:42.453" endtime="20220327 15:55:43.394"/>
</kw>
<status status="PASS" starttime="20220327 15:55:42.452" endtime="20220327 15:55:43.395"/>
</kw>
<status status="PASS" starttime="20220327 15:55:42.452" endtime="20220327 15:55:43.395"/>
</kw>
<status status="PASS" starttime="20220327 15:55:42.450" endtime="20220327 15:55:43.396"/>
</kw>
<kw name="Então" library="bdd">
<arg>preencher o ${Campos_DS.quantidade_de_moradores_da_residência} com ${Valor_campos_DS.quantidade_de_moradores_da_residência}</arg>
<kw name="Run Keyword" library="BuiltIn">
<arg>@{Keywords}</arg>
<doc>Executes the given keyword with the given arguments.</doc>
<kw name="preencher o quantidadeDeMoradores com 5" library="Page_profissão_cadastro" sourcename="preencher o ${CAMPO} com ${VALOR}">
<kw name="Type Text" library="Browser">
<arg>id=${CAMPO}</arg>
<arg>${VALOR}</arg>
<tag>PageContent</tag>
<tag>Setter</tag>
<doc>Types the given ``txt`` into the text field found by ``selector``.</doc>
<msg timestamp="20220327 15:55:43.416" level="INFO">Types the text '5' in the given field.</msg>
<status status="PASS" starttime="20220327 15:55:43.415" endtime="20220327 15:55:44.582"/>
</kw>
<status status="PASS" starttime="20220327 15:55:43.414" endtime="20220327 15:55:44.583"/>
</kw>
<status status="PASS" starttime="20220327 15:55:43.411" endtime="20220327 15:55:44.584"/>
</kw>
<status status="PASS" starttime="20220327 15:55:43.406" endtime="20220327 15:55:44.584"/>
</kw>
<kw name="E" library="bdd">
<arg>preencher o ${Campos_DS.quantidade_de_pessoas_que_trabalham} com ${Valor_campos_DS.quantidade_de_pessoas_que_trabalham}</arg>
<kw name="Run Keyword" library="BuiltIn">
<arg>@{Keywords}</arg>
<doc>Executes the given keyword with the given arguments.</doc>
<kw name="preencher o quantidadeTrabalhadores com 2" library="Page_profissão_cadastro" sourcename="preencher o ${CAMPO} com ${VALOR}">
<kw name="Type Text" library="Browser">
<arg>id=${CAMPO}</arg>
<arg>${VALOR}</arg>
<tag>PageContent</tag>
<tag>Setter</tag>
<doc>Types the given ``txt`` into the text field found by ``selector``.</doc>
<msg timestamp="20220327 15:55:44.596" level="INFO">Types the text '2' in the given field.</msg>
<status status="PASS" starttime="20220327 15:55:44.595" endtime="20220327 15:55:44.714"/>
</kw>
<status status="PASS" starttime="20220327 15:55:44.592" endtime="20220327 15:55:44.714"/>
</kw>
<status status="PASS" starttime="20220327 15:55:44.591" endtime="20220327 15:55:44.714"/>
</kw>
<status status="PASS" starttime="20220327 15:55:44.587" endtime="20220327 15:55:44.715"/>
</kw>
<kw name="E" library="bdd">
<arg>preencher o ${Campos_DS.renda_familiar_total} com ${Valor_campos_DS.renda_familiar_total}</arg>
<kw name="Run Keyword" library="BuiltIn">
<arg>@{Keywords}</arg>
<doc>Executes the given keyword with the given arguments.</doc>
<kw name="preencher o quantidadeSalarios com 1000" library="Page_profissão_cadastro" sourcename="preencher o ${CAMPO} com ${VALOR}">
<kw name="Type Text" library="Browser">
<arg>id=${CAMPO}</arg>
<arg>${VALOR}</arg>
<tag>PageContent</tag>
<tag>Setter</tag>
<doc>Types the given ``txt`` into the text field found by ``selector``.</doc>
<msg timestamp="20220327 15:55:44.721" level="INFO">Types the text '1000' in the given field.</msg>
<status status="PASS" starttime="20220327 15:55:44.720" endtime="20220327 15:55:44.807"/>
</kw>
<status status="PASS" starttime="20220327 15:55:44.719" endtime="20220327 15:55:44.807"/>
</kw>
<status status="PASS" starttime="20220327 15:55:44.719" endtime="20220327 15:55:44.807"/>
</kw>
<status status="PASS" starttime="20220327 15:55:44.716" endtime="20220327 15:55:44.807"/>
</kw>
<kw name="E" library="bdd">
<arg>selecionar o ${Valor_campos_DS.possui_beneficio_social} no ${Campos_DS.possui_beneficio_social}</arg>
<kw name="Run Keyword" library="BuiltIn">
<arg>@{Keywords}</arg>
<doc>Executes the given keyword with the given arguments.</doc>
<kw name="selecionar o SIM no possuiBeneficioSocial" library="Page_profissão_cadastro" sourcename="selecionar o ${VALOR} no ${CAMPO}">
<kw name="Convert To Upper Case" library="String">
<var>${VALOR2}</var>
<arg>${VALOR}</arg>
<doc>Converts string to upper case.</doc>
<msg timestamp="20220327 15:55:44.813" level="INFO">${VALOR2} = SIM</msg>
<status status="PASS" starttime="20220327 15:55:44.813" endtime="20220327 15:55:44.813"/>
</kw>
<kw name="Select Options By" library="Browser">
<arg>id=${CAMPO}</arg>
<arg>Text</arg>
<arg>${VALOR2}</arg>
<tag>PageContent</tag>
<tag>Setter</tag>
<doc>Selects options from select element found by ``selector``.</doc>
<status status="PASS" starttime="20220327 15:55:44.814" endtime="20220327 15:55:44.845"/>
</kw>
<status status="PASS" starttime="20220327 15:55:44.812" endtime="20220327 15:55:44.846"/>
</kw>
<status status="PASS" starttime="20220327 15:55:44.810" endtime="20220327 15:55:44.846"/>
</kw>
<status status="PASS" starttime="20220327 15:55:44.808" endtime="20220327 15:55:44.846"/>
</kw>
<kw name="E" library="bdd">
<arg>preencher o beneficio ${Valor_campos_DS.beneficios_sociais2}</arg>
<kw name="Run Keyword" library="BuiltIn">
<arg>@{Keywords}</arg>
<doc>Executes the given keyword with the given arguments.</doc>
<kw name="preencher o beneficio ÁGUA PARA TODOS" library="Page_DS" sourcename="preencher o beneficio ${VALOR}">
<kw name="Click" library="Browser">
<arg>xpath=${Campos_DS.beneficios_sociais1}</arg>
<tag>PageContent</tag>
<tag>Setter</tag>
<doc>Simulates mouse click on the element found by ``selector``.</doc>
<status status="PASS" starttime="20220327 15:55:44.851" endtime="20220327 15:55:45.391"/>
</kw>
<kw name="Fill Text" library="Browser">
<arg>xpath=${Campos_DS.beneficios_sociais2}</arg>
<arg>${VALOR}</arg>
<tag>PageContent</tag>
<tag>Setter</tag>
<doc>Clears and fills the given ``text`` into the text field found by ``selector``.</doc>
<msg timestamp="20220327 15:55:45.394" level="INFO">Fills the text 'ÁGUA PARA TODOS' in the given field.</msg>
<status status="PASS" starttime="20220327 15:55:45.391" endtime="20220327 15:55:45.480"/>
</kw>
<kw name="Click" library="Browser">
<arg>id=${Campos_DS.selecionar_beneficios_sociais}</arg>
<tag>PageContent</tag>
<tag>Setter</tag>
<doc>Simulates mouse click on the element found by ``selector``.</doc>
<status status="PASS" starttime="20220327 15:55:45.481" endtime="20220327 15:55:45.601"/>
</kw>
<status status="PASS" starttime="20220327 15:55:44.850" endtime="20220327 15:55:45.602"/>
</kw>
<status status="PASS" starttime="20220327 15:55:44.849" endtime="20220327 15:55:45.602"/>
</kw>
<status status="PASS" starttime="20220327 15:55:44.847" endtime="20220327 15:55:45.602"/>
</kw>
<kw name="Quando" library="bdd">
<arg>clicar no ${Buttons_DS.avançar}</arg>
<kw name="Run Keyword" library="BuiltIn">
<arg>@{Keywords}</arg>
<doc>Executes the given keyword with the given arguments.</doc>
<kw name="clicar no nextBtn" library="Page_profissão_cadastro" sourcename="clicar no ${Button}">
<kw name="Click" library="Browser">
<arg>id=${Button}</arg>
<tag>PageContent</tag>
<tag>Setter</tag>
<doc>Simulates mouse click on the element found by ``selector``.</doc>
<status status="PASS" starttime="20220327 15:55:45.605" endtime="20220327 15:55:45.823"/>
</kw>
<status status="PASS" starttime="20220327 15:55:45.604" endtime="20220327 15:55:45.823"/>
</kw>
<status status="PASS" starttime="20220327 15:55:45.604" endtime="20220327 15:55:45.823"/>
</kw>
<status status="PASS" starttime="20220327 15:55:45.603" endtime="20220327 15:55:45.823"/>
</kw>
<kw name="E" library="bdd">
<arg>selecionar o ${Valor_campos_DS.grau_de_escolaridade} no ${Campos_DS.grau_de_escolaridade}</arg>
<kw name="Run Keyword" library="BuiltIn">
<arg>@{Keywords}</arg>
<doc>Executes the given keyword with the given arguments.</doc>
<kw name="selecionar o SUPERIOR GRADUAÇÃO INCOMPLETO no grauEscolaridade" library="Page_profissão_cadastro" sourcename="selecionar o ${VALOR} no ${CAMPO}">
<kw name="Convert To Upper Case" library="String">
<var>${VALOR2}</var>
<arg>${VALOR}</arg>
<doc>Converts string to upper case.</doc>
<msg timestamp="20220327 15:55:45.831" level="INFO">${VALOR2} = SUPERIOR GRADUAÇÃO INCOMPLETO</msg>
<status status="PASS" starttime="20220327 15:55:45.830" endtime="20220327 15:55:45.831"/>
</kw>
<kw name="Select Options By" library="Browser">
<arg>id=${CAMPO}</arg>
<arg>Text</arg>
<arg>${VALOR2}</arg>
<tag>PageContent</tag>
<tag>Setter</tag>
<doc>Selects options from select element found by ``selector``.</doc>
<status status="PASS" starttime="20220327 15:55:45.832" endtime="20220327 15:55:45.868"/>
</kw>
<status status="PASS" starttime="20220327 15:55:45.829" endtime="20220327 15:55:45.868"/>
</kw>
<status status="PASS" starttime="20220327 15:55:45.828" endtime="20220327 15:55:45.869"/>
</kw>
<status status="PASS" starttime="20220327 15:55:45.824" endtime="20220327 15:55:45.869"/>
</kw>
<kw name="E" library="bdd">
<arg>selecionar o ${Valor_campos_DS.instituição_de_ensino} no ${Campos_DS.instituição_de_ensino}</arg>
<kw name="Run Keyword" library="BuiltIn">
<arg>@{Keywords}</arg>
<doc>Executes the given keyword with the given arguments.</doc>
<kw name="selecionar o MUNICIPAL no instituicao" library="Page_profissão_cadastro" sourcename="selecionar o ${VALOR} no ${CAMPO}">
<kw name="Convert To Upper Case" library="String">
<var>${VALOR2}</var>
<arg>${VALOR}</arg>
<doc>Converts string to upper case.</doc>
<msg timestamp="20220327 15:55:45.873" level="INFO">${VALOR2} = MUNICIPAL</msg>
<status status="PASS" starttime="20220327 15:55:45.872" endtime="20220327 15:55:45.873"/>
</kw>
<kw name="Select Options By" library="Browser">
<arg>id=${CAMPO}</arg>
<arg>Text</arg>
<arg>${VALOR2}</arg>
<tag>PageContent</tag>
<tag>Setter</tag>
<doc>Selects options from select element found by ``selector``.</doc>
<status status="PASS" starttime="20220327 15:55:45.873" endtime="20220327 15:55:45.915"/>
</kw>
<status status="PASS" starttime="20220327 15:55:45.872" endtime="20220327 15:55:45.916"/>
</kw>
<status status="PASS" starttime="20220327 15:55:45.871" endtime="20220327 15:55:45.916"/>
</kw>
<status status="PASS" starttime="20220327 15:55:45.869" endtime="20220327 15:55:45.916"/>
</kw>
<kw name="E" library="bdd">
<arg>preencher o ${Campos_DS.curso} com ${Valor_campos_DS.curso}</arg>
<kw name="Run Keyword" library="BuiltIn">
<arg>@{Keywords}</arg>
<doc>Executes the given keyword with the given arguments.</doc>
<kw name="preencher o curso com TESTE AUTOMATIZADO" library="Page_profissão_cadastro" sourcename="preencher o ${CAMPO} com ${VALOR}">
<kw name="Type Text" library="Browser">
<arg>id=${CAMPO}</arg>
<arg>${VALOR}</arg>
<tag>PageContent</tag>
<tag>Setter</tag>
<doc>Types the given ``txt`` into the text field found by ``selector``.</doc>
<msg timestamp="20220327 15:55:45.920" level="INFO">Types the text 'TESTE AUTOMATIZADO' in the given field.</msg>
<status status="PASS" starttime="20220327 15:55:45.919" endtime="20220327 15:55:46.048"/>
</kw>
<status status="PASS" starttime="20220327 15:55:45.919" endtime="20220327 15:55:46.048"/>
</kw>
<status status="PASS" starttime="20220327 15:55:45.918" endtime="20220327 15:55:46.049"/>
</kw>
<status status="PASS" starttime="20220327 15:55:45.916" endtime="20220327 15:55:46.049"/>
</kw>
<kw name="E" library="bdd">
<arg>informar a profissao ${Valor_campos_DS.profissoes2}</arg>
<kw name="Run Keyword" library="BuiltIn">
<arg>@{Keywords}</arg>
<doc>Executes the given keyword with the given arguments.</doc>
<kw name="informar a profissao OUTRA PROFISSÃO" library="Page_DS" sourcename="informar a profissao ${VALOR}">
<kw name="Click" library="Browser">
<arg>xpath=${Campos_DS.profissoes1}</arg>
<tag>PageContent</tag>
<tag>Setter</tag>
<doc>Simulates mouse click on the element found by ``selector``.</doc>
<status status="PASS" starttime="20220327 15:55:46.052" endtime="20220327 15:55:46.154"/>
</kw>
<kw name="Fill Text" library="Browser">
<arg>xpath=${Campos_DS.profissoes2}</arg>
<arg>${VALOR}</arg>
<tag>PageContent</tag>
<tag>Setter</tag>
<doc>Clears and fills the given ``text`` into the text field found by ``selector``.</doc>
<msg timestamp="20220327 15:55:46.155" level="INFO">Fills the text 'OUTRA PROFISSÃO' in the given field.</msg>
<status status="PASS" starttime="20220327 15:55:46.154" endtime="20220327 15:55:46.204"/>
</kw>
<kw name="Click" library="Browser">
<arg>xpath=${Campos_DS.selecionar_profissoes}</arg>
<tag>PageContent</tag>
<tag>Setter</tag>
<doc>Simulates mouse click on the element found by ``selector``.</doc>
<status status="PASS" starttime="20220327 15:55:46.204" endtime="20220327 15:55:46.293"/>
</kw>
<kw name="Click" library="Browser">
<arg>xpath= //*[@id="multistepFormDS"]/div[3]/div[2]/div[2]/div[3]/label</arg>
<tag>PageContent</tag>
<tag>Setter</tag>
<doc>Simulates mouse click on the element found by ``selector``.</doc>
<status status="PASS" starttime="20220327 15:55:46.294" endtime="20220327 15:55:46.400"/>
</kw>
<status status="PASS" starttime="20220327 15:55:46.051" endtime="20220327 15:55:46.400"/>
</kw>
<status status="PASS" starttime="20220327 15:55:46.051" endtime="20220327 15:55:46.400"/>
</kw>
<status status="PASS" starttime="20220327 15:55:46.050" endtime="20220327 15:55:46.400"/>
</kw>
<kw name="E" library="bdd">
<arg>preencher o ${Campos_DS.outra_profissao} com ${Valor_campos_DS.outra_profissao}</arg>
<kw name="Run Keyword" library="BuiltIn">
<arg>@{Keywords}</arg>
<doc>Executes the given keyword with the given arguments.</doc>
<kw name="preencher o outraProfissao com TESTE AUTOMATIZADO" library="Page_profissão_cadastro" sourcename="preencher o ${CAMPO} com ${VALOR}">
<kw name="Type Text" library="Browser">
<arg>id=${CAMPO}</arg>
<arg>${VALOR}</arg>
<tag>PageContent</tag>
<tag>Setter</tag>
<doc>Types the given ``txt`` into the text field found by ``selector``.</doc>
<msg timestamp="20220327 15:55:46.405" level="INFO">Types the text 'TESTE AUTOMATIZADO' in the given field.</msg>
<status status="PASS" starttime="20220327 15:55:46.405" endtime="20220327 15:55:46.540"/>
</kw>
<status status="PASS" starttime="20220327 15:55:46.404" endtime="20220327 15:55:46.540"/>
</kw>
<status status="PASS" starttime="20220327 15:55:46.403" endtime="20220327 15:55:46.540"/>
</kw>
<status status="PASS" starttime="20220327 15:55:46.401" endtime="20220327 15:55:46.541"/>
</kw>
<kw name="E" library="bdd">
<arg>informar a ocupacao ${Valor_campos_DS.ocupacoes2}</arg>
<kw name="Run Keyword" library="BuiltIn">
<arg>@{Keywords}</arg>
<doc>Executes the given keyword with the given arguments.</doc>
<kw name="informar a ocupacao OUTRA OCUPAÇÃO" library="Page_DS" sourcename="informar a ocupacao ${VALOR}">
<kw name="Click" library="Browser">
<arg>xpath=${Campos_DS.ocupacoes1}</arg>
<tag>PageContent</tag>
<tag>Setter</tag>
<doc>Simulates mouse click on the element found by ``selector``.</doc>
<status status="PASS" starttime="20220327 15:55:46.543" endtime="20220327 15:55:46.642"/>
</kw>
<kw name="Fill Text" library="Browser">
<arg>xpath=${Campos_DS.ocupacoes2}</arg>
<arg>${VALOR}</arg>
<tag>PageContent</tag>
<tag>Setter</tag>
<doc>Clears and fills the given ``text`` into the text field found by ``selector``.</doc>
<msg timestamp="20220327 15:55:46.645" level="INFO">Fills the text 'OUTRA OCUPAÇÃO' in the given field.</msg>
<status status="PASS" starttime="20220327 15:55:46.643" endtime="20220327 15:55:46.691"/>
</kw>
<kw name="Click" library="Browser">
<arg>xpath=${Campos_DS.selecionar_ocupacoes}</arg>
<tag>PageContent</tag>
<tag>Setter</tag>
<doc>Simulates mouse click on the element found by ``selector``.</doc>
<status status="PASS" starttime="20220327 15:55:46.691" endtime="20220327 15:55:46.792"/>
</kw>
<kw name="Click" library="Browser">
<arg>xpath= //*[@id="multistepFormDS"]/div[3]/div[2]/div[2]/div[3]/label</arg>
<tag>PageContent</tag>
<tag>Setter</tag>
<doc>Simulates mouse click on the element found by ``selector``.</doc>
<status status="PASS" starttime="20220327 15:55:46.793" endtime="20220327 15:55:46.884"/>
</kw>
<status status="PASS" starttime="20220327 15:55:46.543" endtime="20220327 15:55:46.884"/>
</kw>
<status status="PASS" starttime="20220327 15:55:46.543" endtime="20220327 15:55:46.884"/>
</kw>
<status status="PASS" starttime="20220327 15:55:46.541" endtime="20220327 15:55:46.884"/>
</kw>
<kw name="E" library="bdd">
<arg>preencher o ${Campos_DS.outra_ocupacao} com ${Valor_campos_DS.outra_ocupacao}</arg>
<kw name="Run Keyword" library="BuiltIn">
<arg>@{Keywords}</arg>
<doc>Executes the given keyword with the given arguments.</doc>
<kw name="preencher o outraOcupacao com TESTE AUTOMATIZADO" library="Page_profissão_cadastro" sourcename="preencher o ${CAMPO} com ${VALOR}">
<kw name="Type Text" library="Browser">
<arg>id=${CAMPO}</arg>
<arg>${VALOR}</arg>
<tag>PageContent</tag>
<tag>Setter</tag>
<doc>Types the given ``txt`` into the text field found by ``selector``.</doc>
<msg timestamp="20220327 15:55:46.889" level="INFO">Types the text 'TESTE AUTOMATIZADO' in the given field.</msg>
<status status="PASS" starttime="20220327 15:55:46.889" endtime="20220327 15:55:47.019"/>
</kw>
<status status="PASS" starttime="20220327 15:55:46.888" endtime="20220327 15:55:47.019"/>
</kw>
<status status="PASS" starttime="20220327 15:55:46.887" endtime="20220327 15:55:47.019"/>
</kw>
<status status="PASS" starttime="20220327 15:55:46.885" endtime="20220327 15:55:47.019"/>
</kw>
<kw name="Quando" library="bdd">
<arg>clicar no ${Buttons_DS.avançar}</arg>
<kw name="Run Keyword" library="BuiltIn">
<arg>@{Keywords}</arg>
<doc>Executes the given keyword with the given arguments.</doc>
<kw name="clicar no nextBtn" library="Page_profissão_cadastro" sourcename="clicar no ${Button}">
<kw name="Click" library="Browser">
<arg>id=${Button}</arg>
<tag>PageContent</tag>
<tag>Setter</tag>
<doc>Simulates mouse click on the element found by ``selector``.</doc>
<status status="PASS" starttime="20220327 15:55:47.023" endtime="20220327 15:55:47.150"/>
</kw>
<status status="PASS" starttime="20220327 15:55:47.022" endtime="20220327 15:55:47.150"/>
</kw>
<status status="PASS" starttime="20220327 15:55:47.021" endtime="20220327 15:55:47.150"/>
</kw>
<status status="PASS" starttime="20220327 15:55:47.020" endtime="20220327 15:55:47.151"/>
</kw>
<kw name="Então" library="bdd">
<arg>preencher o ${Campos_DS.informacoes_adicionais} com ${Valor_campos_DS.informacoes_adicionais}</arg>
<kw name="Run Keyword" library="BuiltIn">
<arg>@{Keywords}</arg>
<doc>Executes the given keyword with the given arguments.</doc>
<kw name="preencher o informacoesAdicionais com TESTE AUTOMATIZADO" library="Page_profissão_cadastro" sourcename="preencher o ${CAMPO} com ${VALOR}">
<kw name="Type Text" library="Browser">
<arg>id=${CAMPO}</arg>
<arg>${VALOR}</arg>
<tag>PageContent</tag>
<tag>Setter</tag>
<doc>Types the given ``txt`` into the text field found by ``selector``.</doc>
<msg timestamp="20220327 15:55:47.157" level="INFO">Types the text 'TESTE AUTOMATIZADO' in the given field.</msg>
<status status="PASS" starttime="20220327 15:55:47.156" endtime="20220327 15:55:47.249"/>
</kw>
<status status="PASS" starttime="20220327 15:55:47.156" endtime="20220327 15:55:47.249"/>
</kw>
<status status="PASS" starttime="20220327 15:55:47.155" endtime="20220327 15:55:47.250"/>
</kw>
<status status="PASS" starttime="20220327 15:55:47.152" endtime="20220327 15:55:47.250"/>
</kw>
<kw name="E" library="bdd">
<arg>clicar no ${Buttons_DS.avançar}</arg>
<kw name="Run Keyword" library="BuiltIn">
<arg>@{Keywords}</arg>
<doc>Executes the given keyword with the given arguments.</doc>
<kw name="clicar no nextBtn" library="Page_profissão_cadastro" sourcename="clicar no ${Button}">
<kw name="Click" library="Browser">
<arg>id=${Button}</arg>
<tag>PageContent</tag>
<tag>Setter</tag>
<doc>Simulates mouse click on the element found by ``selector``.</doc>
<status status="PASS" starttime="20220327 15:55:47.254" endtime="20220327 15:55:47.667"/>
</kw>
<status status="PASS" starttime="20220327 15:55:47.253" endtime="20220327 15:55:47.667"/>
</kw>
<status status="PASS" starttime="20220327 15:55:47.252" endtime="20220327 15:55:47.667"/>
</kw>
<status status="PASS" starttime="20220327 15:55:47.250" endtime="20220327 15:55:47.668"/>
</kw>
<kw name="Quando" library="bdd">
<arg>clicar no ${Buttons_oferta.salvar}</arg>
<kw name="Run Keyword" library="BuiltIn">
<arg>@{Keywords}</arg>
<doc>Executes the given keyword with the given arguments.</doc>
<kw name="clicar no nextBtn" library="Page_profissão_cadastro" sourcename="clicar no ${Button}">
<kw name="Click" library="Browser">
<arg>id=${Button}</arg>
<tag>PageContent</tag>
<tag>Setter</tag>
<doc>Simulates mouse click on the element found by ``selector``.</doc>
<status status="PASS" starttime="20220327 15:55:47.671" endtime="20220327 15:55:48.118"/>
</kw>
<status status="PASS" starttime="20220327 15:55:47.670" endtime="20220327 15:55:48.119"/>
</kw>
<status status="PASS" starttime="20220327 15:55:47.670" endtime="20220327 15:55:48.119"/>
</kw>
<status status="PASS" starttime="20220327 15:55:47.668" endtime="20220327 15:55:48.119"/>
</kw>
<kw name="Então" library="bdd">
<arg>mensagem de cadastro realizado com sucesso é exibida</arg>
<kw name="Run Keyword" library="BuiltIn">
<arg>@{Keywords}</arg>
<doc>Executes the given keyword with the given arguments.</doc>
<kw name="mensagem de cadastro realizado com sucesso é exibida" library="Page_profissão_cadastro">
<kw name="Wait For Elements State" library="Browser">
<arg>css=.swal-modal</arg>
<arg>visible</arg>
<tag>PageContent</tag>
<tag>Wait</tag>
<doc>Waits for the element found by ``selector`` to satisfy state option.</doc>
<msg timestamp="20220327 15:55:48.913" level="INFO">Wait for Element with selector: css=.swal-modal</msg>
<status status="PASS" starttime="20220327 15:55:48.130" endtime="20220327 15:55:48.914"/>
</kw>
<kw name="Click" library="Browser">
<arg>xpath=${Buttons.OK}</arg>
<tag>PageContent</tag>
<tag>Setter</tag>
<doc>Simulates mouse click on the element found by ``selector``.</doc>
<status status="PASS" starttime="20220327 15:55:48.915" endtime="20220327 15:55:49.278"/>
</kw>
<status status="PASS" starttime="20220327 15:55:48.128" endtime="20220327 15:55:49.278"/>
</kw>
<status status="PASS" starttime="20220327 15:55:48.128" endtime="20220327 15:55:49.278"/>
</kw>
<status status="PASS" starttime="20220327 15:55:48.126" endtime="20220327 15:55:49.279"/>
</kw>
<kw name="Sleep" library="BuiltIn">
<arg>30s</arg>
<doc>Pauses the test executed for the given time.</doc>
<msg timestamp="20220327 15:56:19.291" level="INFO">Slept 30 seconds</msg>
<status status="PASS" starttime="20220327 15:55:49.279" endtime="20220327 15:56:19.292"/>
</kw>
<tag>comum</tag>
<status status="PASS" starttime="20220327 15:55:40.285" endtime="20220327 15:56:19.292"/>
</test>
<doc>Formulario comum</doc>
<status status="PASS" starttime="20220327 15:55:33.132" endtime="20220327 15:56:19.303"/>
</suite>
<status status="PASS" starttime="20220327 15:55:33.085" endtime="20220327 15:56:19.402"/>
</suite>
<statistics>
<total>
<stat pass="1" fail="0" skip="0">All Tests</stat>
</total>
<tag>
<stat pass="1" fail="0" skip="0">comum</stat>
</tag>
<suite>
<stat pass="1" fail="0" skip="0" id="s1" name="Tests">Tests</stat>
<stat pass="1" fail="0" skip="0" id="s1-s1" name="Formulario comum">Tests.Formulario comum</stat>
</suite>
</statistics>
<errors>
<msg timestamp="20220327 15:55:33.982" level="ERROR">Error in file 'C:\Users\Mayara\Documents\TCC\RobotFramework-Sigsaude\Resources\Page_datastudio.robot' on line 4: Importing library 'RPA.Cloud.Google' failed: ModuleNotFoundError: No module named 'RPA'
Traceback (most recent call last):
  None
PYTHONPATH:
  C:\Users\Mayara\AppData\Roaming\Python\Python39\Scripts\robot.exe
  c:\program files\python39\python39.zip
  c:\program files\python39\DLLs
  c:\program files\python39\lib
  c:\program files\python39
  C:\Users\Mayara\AppData\Roaming\Python\Python39\site-packages
  c:\program files\python39\lib\site-packages</msg>
<msg timestamp="20220327 15:55:33.999" level="ERROR">Error in file 'C:\Users\Mayara\Documents\TCC\RobotFramework-Sigsaude\Resources\Page_capturar_dados.robot' on line 2: Importing library 'RPA.Tables' failed: ModuleNotFoundError: No module named 'RPA'
Traceback (most recent call last):
  None
PYTHONPATH:
  C:\Users\Mayara\AppData\Roaming\Python\Python39\Scripts\robot.exe
  c:\program files\python39\python39.zip
  c:\program files\python39\DLLs
  c:\program files\python39\lib
  c:\program files\python39
  C:\Users\Mayara\AppData\Roaming\Python\Python39\site-packages
  c:\program files\python39\lib\site-packages</msg>
<msg timestamp="20220327 15:55:34.006" level="ERROR">Error in file 'C:\Users\Mayara\Documents\TCC\RobotFramework-Sigsaude\Resources\Page_capturar_dados.robot' on line 3: Importing library 'RPA.Excel.Files' failed: ModuleNotFoundError: No module named 'RPA'
Traceback (most recent call last):
  None
PYTHONPATH:
  C:\Users\Mayara\AppData\Roaming\Python\Python39\Scripts\robot.exe
  c:\program files\python39\python39.zip
  c:\program files\python39\DLLs
  c:\program files\python39\lib
  c:\program files\python39
  C:\Users\Mayara\AppData\Roaming\Python\Python39\site-packages
  c:\program files\python39\lib\site-packages</msg>
</errors>
</robot>
