<?xml version="1.0" encoding="UTF-8"?>
<robot generator="Robot 4.0.3 (Python 3.9.5 on win32)" generated="20220329 01:19:38.579" rpa="false" schemaversion="2">
<suite id="s1" name="Tests" source="C:\Users\Mayara\Documents\TCC\RobotFramework-Sigsaude\Tests">
<suite id="s1-s1" name="Formulario comum" source="C:\Users\Mayara\Documents\TCC\RobotFramework-Sigsaude\Tests\Formulario_comum.robot">
<kw name="iniciar navegador sessão &quot;Comum&quot;" library="base" type="SETUP" sourcename="iniciar navegador sessão &quot;${login_usuario}&quot;">
<kw name="iniciar Navegador" library="base">
<kw name="Get JSON" library="base">
<var>${config_json}</var>
<arg>config.json</arg>
<kw name="Get File" library="OperatingSystem">
<var>${file}</var>
<arg>${EXECDIR}/Files/${file_name}</arg>
<doc>Returns the contents of a specified file.</doc>
<msg timestamp="20220329 01:19:39.625" level="INFO" html="true">Getting file '&lt;a href="file://C:\Users\Mayara\Documents\TCC\RobotFramework-Sigsaude\Files\config.json"&gt;C:\Users\Mayara\Documents\TCC\RobotFramework-Sigsaude\Files\config.json&lt;/a&gt;'.</msg>
<msg timestamp="20220329 01:19:39.625" level="INFO">${file} = {
    "base_url":"https://homologacaosigsaude.imd.ufrn.br/sigsaude",
    "navegador":"chromium",
    "lelog":"https://lelog.netlify.app/"

}</msg>
<status status="PASS" starttime="20220329 01:19:39.625" endtime="20220329 01:19:39.625"/>
</kw>
<kw name="Evaluate" library="BuiltIn">
<var>${super_var}</var>
<arg>json.loads($file)</arg>
<arg>json</arg>
<doc>Evaluates the given expression in Python and returns the result.</doc>
<msg timestamp="20220329 01:19:39.625" level="INFO">${super_var} = {'base_url': 'https://homologacaosigsaude.imd.ufrn.br/sigsaude', 'navegador': 'chromium', 'lelog': 'https://lelog.netlify.app/'}</msg>
<status status="PASS" starttime="20220329 01:19:39.625" endtime="20220329 01:19:39.625"/>
</kw>
<msg timestamp="20220329 01:19:39.625" level="INFO">${config_json} = {'base_url': 'https://homologacaosigsaude.imd.ufrn.br/sigsaude', 'navegador': 'chromium', 'lelog': 'https://lelog.netlify.app/'}</msg>
<status status="PASS" starttime="20220329 01:19:39.625" endtime="20220329 01:19:39.625"/>
</kw>
<kw name="New Browser" library="Browser">
<arg>${config_json["navegador"]}</arg>
<arg>False</arg>
<tag>BrowserControl</tag>
<tag>Setter</tag>
<doc>Create a new playwright Browser with specified options.
See `Browser, Context and Page` for more information about Browser and related concepts.</doc>
<msg timestamp="20220329 01:19:39.625" level="INFO">{"browser": "chromium", "headless": false, "handleSIGINT": true, "handleSIGTERM": true, "handleSIGHUP": true, "timeout": 30000.0, "devtools": false, "slowMo": 0.0}</msg>
<msg timestamp="20220329 01:19:40.145" level="INFO">Successfully created browser with options: {"browser":"chromium","headless":false,"handleSIGINT":true,"handleSIGTERM":true,"handleSIGHUP":true,"timeout":30000,"devtools":false,"slowMo":0}</msg>
<status status="PASS" starttime="20220329 01:19:39.625" endtime="20220329 01:19:40.145"/>
</kw>
<status status="PASS" starttime="20220329 01:19:39.625" endtime="20220329 01:19:40.145"/>
</kw>
<kw name="Get JSON" library="base">
<var>${config_json}</var>
<arg>config.json</arg>
<kw name="Get File" library="OperatingSystem">
<var>${file}</var>
<arg>${EXECDIR}/Files/${file_name}</arg>
<doc>Returns the contents of a specified file.</doc>
<msg timestamp="20220329 01:19:40.161" level="INFO" html="true">Getting file '&lt;a href="file://C:\Users\Mayara\Documents\TCC\RobotFramework-Sigsaude\Files\config.json"&gt;C:\Users\Mayara\Documents\TCC\RobotFramework-Sigsaude\Files\config.json&lt;/a&gt;'.</msg>
<msg timestamp="20220329 01:19:40.162" level="INFO">${file} = {
    "base_url":"https://homologacaosigsaude.imd.ufrn.br/sigsaude",
    "navegador":"chromium",
    "lelog":"https://lelog.netlify.app/"

}</msg>
<status status="PASS" starttime="20220329 01:19:40.145" endtime="20220329 01:19:40.162"/>
</kw>
<kw name="Evaluate" library="BuiltIn">
<var>${super_var}</var>
<arg>json.loads($file)</arg>
<arg>json</arg>
<doc>Evaluates the given expression in Python and returns the result.</doc>
<msg timestamp="20220329 01:19:40.163" level="INFO">${super_var} = {'base_url': 'https://homologacaosigsaude.imd.ufrn.br/sigsaude', 'navegador': 'chromium', 'lelog': 'https://lelog.netlify.app/'}</msg>
<status status="PASS" starttime="20220329 01:19:40.162" endtime="20220329 01:19:40.163"/>
</kw>
<msg timestamp="20220329 01:19:40.163" level="INFO">${config_json} = {'base_url': 'https://homologacaosigsaude.imd.ufrn.br/sigsaude', 'navegador': 'chromium', 'lelog': 'https://lelog.netlify.app/'}</msg>
<status status="PASS" starttime="20220329 01:19:40.145" endtime="20220329 01:19:40.163"/>
</kw>
<kw name="New Page" library="Browser">
<arg>${config_json["base_url"]}</arg>
<tag>BrowserControl</tag>
<tag>Setter</tag>
<doc>Open a new Page. A Page is the Playwright equivalent to a tab.
See `Browser, Context and Page` for more information about Page concept.
Returns a stable identifier for the created page.</doc>
<msg timestamp="20220329 01:19:43.789" level="INFO">Successfully initialized new page object and opened url: https://homologacaosigsaude.imd.ufrn.br/sigsaude</msg>
<msg timestamp="20220329 01:19:43.789" level="INFO">No context was open. New context was automatically opened when this page is created.</msg>
<status status="PASS" starttime="20220329 01:19:40.163" endtime="20220329 01:19:43.789"/>
</kw>
<kw name="Direcionamento da tela &quot;login&quot;" library="nav" sourcename="Direcionamento da tela &quot;${page}&quot;">
<kw name="Get JSON" library="base">
<var>${telas_json}</var>
<arg>telas.json</arg>
<kw name="Get File" library="OperatingSystem">
<var>${file}</var>
<arg>${EXECDIR}/Files/${file_name}</arg>
<doc>Returns the contents of a specified file.</doc>
<msg timestamp="20220329 01:19:43.792" level="INFO" html="true">Getting file '&lt;a href="file://C:\Users\Mayara\Documents\TCC\RobotFramework-Sigsaude\Files\telas.json"&gt;C:\Users\Mayara\Documents\TCC\RobotFramework-Sigsaude\Files\telas.json&lt;/a&gt;'.</msg>
<msg timestamp="20220329 01:19:43.792" level="INFO">${file} = {
    "login":"/login",
    "novo usuario de serviço":"/paciente/cadastro",
    "listar usuarios de serviço":"/paciente",
    "cadastro de colaborador":"/colaborador/form",
    "agendamento":"/agendam...</msg>
<status status="PASS" starttime="20220329 01:19:43.791" endtime="20220329 01:19:43.792"/>
</kw>
<kw name="Evaluate" library="BuiltIn">
<var>${super_var}</var>
<arg>json.loads($file)</arg>
<arg>json</arg>
<doc>Evaluates the given expression in Python and returns the result.</doc>
<msg timestamp="20220329 01:19:43.794" level="INFO">${super_var} = {'login': '/login', 'novo usuario de serviço': '/paciente/cadastro', 'listar usuarios de serviço': '/paciente', 'cadastro de colaborador': '/colaborador/form', 'agendamento': '/agendamento', 'listar c...</msg>
<status status="PASS" starttime="20220329 01:19:43.793" endtime="20220329 01:19:43.794"/>
</kw>
<msg timestamp="20220329 01:19:43.795" level="INFO">${telas_json} = {'login': '/login', 'novo usuario de serviço': '/paciente/cadastro', 'listar usuarios de serviço': '/paciente', 'cadastro de colaborador': '/colaborador/form', 'agendamento': '/agendamento', 'listar c...</msg>
<status status="PASS" starttime="20220329 01:19:43.790" endtime="20220329 01:19:43.795"/>
</kw>
<kw name="Get JSON" library="base">
<var>${config_json}</var>
<arg>config.json</arg>
<kw name="Get File" library="OperatingSystem">
<var>${file}</var>
<arg>${EXECDIR}/Files/${file_name}</arg>
<doc>Returns the contents of a specified file.</doc>
<msg timestamp="20220329 01:19:43.799" level="INFO" html="true">Getting file '&lt;a href="file://C:\Users\Mayara\Documents\TCC\RobotFramework-Sigsaude\Files\config.json"&gt;C:\Users\Mayara\Documents\TCC\RobotFramework-Sigsaude\Files\config.json&lt;/a&gt;'.</msg>
<msg timestamp="20220329 01:19:43.799" level="INFO">${file} = {
    "base_url":"https://homologacaosigsaude.imd.ufrn.br/sigsaude",
    "navegador":"chromium",
    "lelog":"https://lelog.netlify.app/"

}</msg>
<status status="PASS" starttime="20220329 01:19:43.798" endtime="20220329 01:19:43.799"/>
</kw>
<kw name="Evaluate" library="BuiltIn">
<var>${super_var}</var>
<arg>json.loads($file)</arg>
<arg>json</arg>
<doc>Evaluates the given expression in Python and returns the result.</doc>
<msg timestamp="20220329 01:19:43.800" level="INFO">${super_var} = {'base_url': 'https://homologacaosigsaude.imd.ufrn.br/sigsaude', 'navegador': 'chromium', 'lelog': 'https://lelog.netlify.app/'}</msg>
<status status="PASS" starttime="20220329 01:19:43.800" endtime="20220329 01:19:43.800"/>
</kw>
<msg timestamp="20220329 01:19:43.801" level="INFO">${config_json} = {'base_url': 'https://homologacaosigsaude.imd.ufrn.br/sigsaude', 'navegador': 'chromium', 'lelog': 'https://lelog.netlify.app/'}</msg>
<status status="PASS" starttime="20220329 01:19:43.796" endtime="20220329 01:19:43.801"/>
</kw>
<kw name="Go To" library="Browser">
<arg>${config_json["base_url"]}${telas_json["${page}"]}</arg>
<tag>BrowserControl</tag>
<tag>Setter</tag>
<doc>Navigates to the given ``url``.</doc>
<msg timestamp="20220329 01:19:44.635" level="INFO">Succesfully opened URL https://homologacaosigsaude.imd.ufrn.br/sigsaude/login</msg>
<status status="PASS" starttime="20220329 01:19:43.801" endtime="20220329 01:19:44.635"/>
</kw>
<status status="PASS" starttime="20220329 01:19:43.789" endtime="20220329 01:19:44.636"/>
</kw>
<kw name="Get JSON" library="base">
<var>${login_json}</var>
<arg>login.json</arg>
<kw name="Get File" library="OperatingSystem">
<var>${file}</var>
<arg>${EXECDIR}/Files/${file_name}</arg>
<doc>Returns the contents of a specified file.</doc>
<msg timestamp="20220329 01:19:44.638" level="INFO" html="true">Getting file '&lt;a href="file://C:\Users\Mayara\Documents\TCC\RobotFramework-Sigsaude\Files\login.json"&gt;C:\Users\Mayara\Documents\TCC\RobotFramework-Sigsaude\Files\login.json&lt;/a&gt;'.</msg>
<msg timestamp="20220329 01:19:44.638" level="INFO">${file} = {

    "Psicologia":{
        "login": "drpsicologia",
        "senha": 85278120029
    },

    "Endocrinologia":{
        "login": "drendocrinologia",
        "senha": 98841863323
    },

	"Comum": {...</msg>
<status status="PASS" starttime="20220329 01:19:44.637" endtime="20220329 01:19:44.639"/>
</kw>
<kw name="Evaluate" library="BuiltIn">
<var>${super_var}</var>
<arg>json.loads($file)</arg>
<arg>json</arg>
<doc>Evaluates the given expression in Python and returns the result.</doc>
<msg timestamp="20220329 01:19:44.640" level="INFO">${super_var} = {'Psicologia': {'login': 'drpsicologia', 'senha': 85278120029}, 'Endocrinologia': {'login': 'drendocrinologia', 'senha': 98841863323}, 'Comum': {'login': 'uirakuleszatestes', 'senha': '02219235432'}}</msg>
<status status="PASS" starttime="20220329 01:19:44.639" endtime="20220329 01:19:44.640"/>
</kw>
<msg timestamp="20220329 01:19:44.641" level="INFO">${login_json} = {'Psicologia': {'login': 'drpsicologia', 'senha': 85278120029}, 'Endocrinologia': {'login': 'drendocrinologia', 'senha': 98841863323}, 'Comum': {'login': 'uirakuleszatestes', 'senha': '02219235432'}}</msg>
<status status="PASS" starttime="20220329 01:19:44.636" endtime="20220329 01:19:44.641"/>
</kw>
<kw name="Fill Text" library="Browser">
<arg>id=login-username</arg>
<arg>${login_json["${login_usuario}"]["login"]}</arg>
<tag>PageContent</tag>
<tag>Setter</tag>
<doc>Clears and fills the given ``text`` into the text field found by ``selector``.</doc>
<msg timestamp="20220329 01:19:44.644" level="INFO">Fills the text 'uirakuleszatestes' in the given field.</msg>
<status status="PASS" starttime="20220329 01:19:44.641" endtime="20220329 01:19:44.682"/>
</kw>
<kw name="Fill Text" library="Browser">
<arg>id=login-password</arg>
<arg>${login_json["${login_usuario}"]["senha"]}</arg>
<tag>PageContent</tag>
<tag>Setter</tag>
<doc>Clears and fills the given ``text`` into the text field found by ``selector``.</doc>
<msg timestamp="20220329 01:19:44.684" level="INFO">Fills the text '02219235432' in the given field.</msg>
<status status="PASS" starttime="20220329 01:19:44.682" endtime="20220329 01:19:44.711"/>
</kw>
<kw name="Click" library="Browser">
<arg>css=[value='Entrar']</arg>
<tag>PageContent</tag>
<tag>Setter</tag>
<doc>Simulates mouse click on the element found by ``selector``.</doc>
<status status="PASS" starttime="20220329 01:19:44.711" endtime="20220329 01:19:45.364"/>
</kw>
<status status="PASS" starttime="20220329 01:19:39.625" endtime="20220329 01:19:45.365"/>
</kw>
<test id="s1-s1-t1" name="[005] - Evoluçao">
<kw name="configurações iniciais fora do horario formulario comum" library="Page_config_iniciais" type="SETUP">
<kw name="Dado" library="bdd">
<arg>que o usuario está na tela "minha agenda"</arg>
<kw name="Run Keyword" library="BuiltIn">
<arg>@{Keywords}</arg>
<doc>Executes the given keyword with the given arguments.</doc>
<kw name="que o usuario está na tela &quot;minha agenda&quot;" library="nav" sourcename="que o usuario está na tela &quot;${tela}&quot;">
<kw name="Direcionamento da tela &quot;${tela}&quot;" library="nav" sourcename="Direcionamento da tela &quot;${page}&quot;">
<kw name="Get JSON" library="base">
<var>${telas_json}</var>
<arg>telas.json</arg>
<kw name="Get File" library="OperatingSystem">
<var>${file}</var>
<arg>${EXECDIR}/Files/${file_name}</arg>
<doc>Returns the contents of a specified file.</doc>
<msg timestamp="20220329 01:19:45.402" level="INFO" html="true">Getting file '&lt;a href="file://C:\Users\Mayara\Documents\TCC\RobotFramework-Sigsaude\Files\telas.json"&gt;C:\Users\Mayara\Documents\TCC\RobotFramework-Sigsaude\Files\telas.json&lt;/a&gt;'.</msg>
<msg timestamp="20220329 01:19:45.403" level="INFO">${file} = {
    "login":"/login",
    "novo usuario de serviço":"/paciente/cadastro",
    "listar usuarios de serviço":"/paciente",
    "cadastro de colaborador":"/colaborador/form",
    "agendamento":"/agendam...</msg>
<status status="PASS" starttime="20220329 01:19:45.402" endtime="20220329 01:19:45.403"/>
</kw>
<kw name="Evaluate" library="BuiltIn">
<var>${super_var}</var>
<arg>json.loads($file)</arg>
<arg>json</arg>
<doc>Evaluates the given expression in Python and returns the result.</doc>
<msg timestamp="20220329 01:19:45.403" level="INFO">${super_var} = {'login': '/login', 'novo usuario de serviço': '/paciente/cadastro', 'listar usuarios de serviço': '/paciente', 'cadastro de colaborador': '/colaborador/form', 'agendamento': '/agendamento', 'listar c...</msg>
<status status="PASS" starttime="20220329 01:19:45.403" endtime="20220329 01:19:45.403"/>
</kw>
<msg timestamp="20220329 01:19:45.404" level="INFO">${telas_json} = {'login': '/login', 'novo usuario de serviço': '/paciente/cadastro', 'listar usuarios de serviço': '/paciente', 'cadastro de colaborador': '/colaborador/form', 'agendamento': '/agendamento', 'listar c...</msg>
<status status="PASS" starttime="20220329 01:19:45.401" endtime="20220329 01:19:45.404"/>
</kw>
<kw name="Get JSON" library="base">
<var>${config_json}</var>
<arg>config.json</arg>
<kw name="Get File" library="OperatingSystem">
<var>${file}</var>
<arg>${EXECDIR}/Files/${file_name}</arg>
<doc>Returns the contents of a specified file.</doc>
<msg timestamp="20220329 01:19:45.405" level="INFO" html="true">Getting file '&lt;a href="file://C:\Users\Mayara\Documents\TCC\RobotFramework-Sigsaude\Files\config.json"&gt;C:\Users\Mayara\Documents\TCC\RobotFramework-Sigsaude\Files\config.json&lt;/a&gt;'.</msg>
<msg timestamp="20220329 01:19:45.405" level="INFO">${file} = {
    "base_url":"https://homologacaosigsaude.imd.ufrn.br/sigsaude",
    "navegador":"chromium",
    "lelog":"https://lelog.netlify.app/"

}</msg>
<status status="PASS" starttime="20220329 01:19:45.404" endtime="20220329 01:19:45.405"/>
</kw>
<kw name="Evaluate" library="BuiltIn">
<var>${super_var}</var>
<arg>json.loads($file)</arg>
<arg>json</arg>
<doc>Evaluates the given expression in Python and returns the result.</doc>
<msg timestamp="20220329 01:19:45.406" level="INFO">${super_var} = {'base_url': 'https://homologacaosigsaude.imd.ufrn.br/sigsaude', 'navegador': 'chromium', 'lelog': 'https://lelog.netlify.app/'}</msg>
<status status="PASS" starttime="20220329 01:19:45.405" endtime="20220329 01:19:45.406"/>
</kw>
<msg timestamp="20220329 01:19:45.406" level="INFO">${config_json} = {'base_url': 'https://homologacaosigsaude.imd.ufrn.br/sigsaude', 'navegador': 'chromium', 'lelog': 'https://lelog.netlify.app/'}</msg>
<status status="PASS" starttime="20220329 01:19:45.404" endtime="20220329 01:19:45.406"/>
</kw>
<kw name="Go To" library="Browser">
<arg>${config_json["base_url"]}${telas_json["${page}"]}</arg>
<tag>BrowserControl</tag>
<tag>Setter</tag>
<doc>Navigates to the given ``url``.</doc>
<msg timestamp="20220329 01:19:47.331" level="INFO">Succesfully opened URL https://homologacaosigsaude.imd.ufrn.br/sigsaude/agenda/</msg>
<status status="PASS" starttime="20220329 01:19:45.407" endtime="20220329 01:19:47.331"/>
</kw>
<status status="PASS" starttime="20220329 01:19:45.400" endtime="20220329 01:19:47.331"/>
</kw>
<status status="PASS" starttime="20220329 01:19:45.400" endtime="20220329 01:19:47.332"/>
</kw>
<status status="PASS" starttime="20220329 01:19:45.399" endtime="20220329 01:19:47.332"/>
</kw>
<status status="PASS" starttime="20220329 01:19:45.398" endtime="20220329 01:19:47.332"/>
</kw>
<kw name="Quando" library="bdd">
<arg>preencher o ${Campos_agenda.data_listagem} com ${Valor_campos_agenda.data_listagem}</arg>
<kw name="Run Keyword" library="BuiltIn">
<arg>@{Keywords}</arg>
<doc>Executes the given keyword with the given arguments.</doc>
<kw name="preencher o dataListagem com 30032022" library="Page_profissão_cadastro" sourcename="preencher o ${CAMPO} com ${VALOR}">
<kw name="Type Text" library="Browser">
<arg>id=${CAMPO}</arg>
<arg>${VALOR}</arg>
<tag>PageContent</tag>
<tag>Setter</tag>
<doc>Types the given ``txt`` into the text field found by ``selector``.</doc>
<msg timestamp="20220329 01:19:47.338" level="INFO">Types the text '30032022' in the given field.</msg>
<status status="PASS" starttime="20220329 01:19:47.337" endtime="20220329 01:19:47.522"/>
</kw>
<status status="PASS" starttime="20220329 01:19:47.336" endtime="20220329 01:19:47.522"/>
</kw>
<status status="PASS" starttime="20220329 01:19:47.336" endtime="20220329 01:19:47.522"/>
</kw>
<status status="PASS" starttime="20220329 01:19:47.332" endtime="20220329 01:19:47.522"/>
</kw>
<kw name="E" library="bdd">
<arg>clicar em ${Buttons_agenda.pesquisar}</arg>
<kw name="Run Keyword" library="BuiltIn">
<arg>@{Keywords}</arg>
<doc>Executes the given keyword with the given arguments.</doc>
<kw name="clicar em //*[@id=&quot;formApp&quot;]/div/div[3]/button" library="Page_agendamento" sourcename="clicar em ${CAMPO}">
<kw name="Click" library="Browser">
<arg>xpath=${CAMPO}</arg>
<tag>PageContent</tag>
<tag>Setter</tag>
<doc>Simulates mouse click on the element found by ``selector``.</doc>
<status status="PASS" starttime="20220329 01:19:47.528" endtime="20220329 01:19:47.633"/>
</kw>
<status status="PASS" starttime="20220329 01:19:47.527" endtime="20220329 01:19:47.633"/>
</kw>
<status status="PASS" starttime="20220329 01:19:47.525" endtime="20220329 01:19:47.633"/>
</kw>
<status status="PASS" starttime="20220329 01:19:47.523" endtime="20220329 01:19:47.633"/>
</kw>
<kw name="E" library="bdd">
<arg>clicar em ${Buttons_agenda.atendimento}</arg>
<kw name="Run Keyword" library="BuiltIn">
<arg>@{Keywords}</arg>
<doc>Executes the given keyword with the given arguments.</doc>
<kw name="clicar em /html/body/div[1]/div[2]/div/div/section/div/div[2]/div/div/div/div[3]/div[2]/div[2]/div/table/tbody/tr/td[5]/div/a[3]" library="Page_agendamento" sourcename="clicar em ${CAMPO}">
<kw name="Click" library="Browser">
<arg>xpath=${CAMPO}</arg>
<tag>PageContent</tag>
<tag>Setter</tag>
<doc>Simulates mouse click on the element found by ``selector``.</doc>
<status status="PASS" starttime="20220329 01:19:47.638" endtime="20220329 01:19:47.803"/>
</kw>
<status status="PASS" starttime="20220329 01:19:47.637" endtime="20220329 01:19:47.803"/>
</kw>
<status status="PASS" starttime="20220329 01:19:47.636" endtime="20220329 01:19:47.804"/>
</kw>
<status status="PASS" starttime="20220329 01:19:47.634" endtime="20220329 01:19:47.804"/>
</kw>
<kw name="E" library="bdd">
<arg>iniciar atendimento</arg>
<kw name="Run Keyword" library="BuiltIn">
<arg>@{Keywords}</arg>
<doc>Executes the given keyword with the given arguments.</doc>
<kw name="iniciar atendimento" library="Page_minha_agenda">
<kw name="Click" library="Browser">
<arg>xpath=${Buttons_agenda.sim}</arg>
<tag>PageContent</tag>
<tag>Setter</tag>
<doc>Simulates mouse click on the element found by ``selector``.</doc>
<status status="PASS" starttime="20220329 01:19:47.807" endtime="20220329 01:19:52.043"/>
</kw>
<status status="PASS" starttime="20220329 01:19:47.806" endtime="20220329 01:19:52.043"/>
</kw>
<status status="PASS" starttime="20220329 01:19:47.806" endtime="20220329 01:19:52.043"/>
</kw>
<status status="PASS" starttime="20220329 01:19:47.804" endtime="20220329 01:19:52.043"/>
</kw>
<kw name="E" library="bdd">
<arg>fora do horario</arg>
<kw name="Run Keyword" library="BuiltIn">
<arg>@{Keywords}</arg>
<doc>Executes the given keyword with the given arguments.</doc>
<kw name="fora do horario" library="Page_minha_agenda">
<kw name="Click" library="Browser">
<arg>xpath=${Buttons_agenda.sim}</arg>
<tag>PageContent</tag>
<tag>Setter</tag>
<doc>Simulates mouse click on the element found by ``selector``.</doc>
<status status="PASS" starttime="20220329 01:19:52.045" endtime="20220329 01:19:53.753"/>
</kw>
<status status="PASS" starttime="20220329 01:19:52.044" endtime="20220329 01:19:53.753"/>
</kw>
<status status="PASS" starttime="20220329 01:19:52.044" endtime="20220329 01:19:53.753"/>
</kw>
<status status="PASS" starttime="20220329 01:19:52.043" endtime="20220329 01:19:53.754"/>
</kw>
<status status="PASS" starttime="20220329 01:19:45.398" endtime="20220329 01:19:53.754"/>
</kw>
<kw name="Dado" library="bdd">
<arg>iniciar evolucao</arg>
<kw name="Run Keyword" library="BuiltIn">
<arg>@{Keywords}</arg>
<doc>Executes the given keyword with the given arguments.</doc>
<kw name="iniciar evolucao" library="Page_evolucao">
<kw name="clicar no ${Buttons_EVO.evolucao}" library="Page_profissão_cadastro" sourcename="clicar no ${Button}">
<kw name="Click" library="Browser">
<arg>id=${Button}</arg>
<tag>PageContent</tag>
<tag>Setter</tag>
<doc>Simulates mouse click on the element found by ``selector``.</doc>
<status status="PASS" starttime="20220329 01:19:53.776" endtime="20220329 01:19:58.317"/>
</kw>
<status status="PASS" starttime="20220329 01:19:53.775" endtime="20220329 01:19:58.317"/>
</kw>
<status status="PASS" starttime="20220329 01:19:53.773" endtime="20220329 01:19:58.318"/>
</kw>
<status status="PASS" starttime="20220329 01:19:53.773" endtime="20220329 01:19:58.318"/>
</kw>
<status status="PASS" starttime="20220329 01:19:53.772" endtime="20220329 01:19:58.318"/>
</kw>
<kw name="Quando" library="bdd">
<arg>informar descrição da conduta</arg>
<kw name="Run Keyword" library="BuiltIn">
<arg>@{Keywords}</arg>
<doc>Executes the given keyword with the given arguments.</doc>
<kw name="informar descrição da conduta" library="Page_evolucao">
<kw name="preencher o ${Campos_EVO.descricao_evolucao} com ${Valor_campos_EVO.descricao_evolucao}" library="Page_profissão_cadastro" sourcename="preencher o ${CAMPO} com ${VALOR}">
<kw name="Type Text" library="Browser">
<arg>id=${CAMPO}</arg>
<arg>${VALOR}</arg>
<tag>PageContent</tag>
<tag>Setter</tag>
<doc>Types the given ``txt`` into the text field found by ``selector``.</doc>
<msg timestamp="20220329 01:19:58.326" level="INFO">Types the text 'Teste automatizado' in the given field.</msg>
<status status="PASS" starttime="20220329 01:19:58.325" endtime="20220329 01:19:58.600"/>
</kw>
<status status="PASS" starttime="20220329 01:19:58.322" endtime="20220329 01:19:58.601"/>
</kw>
<status status="PASS" starttime="20220329 01:19:58.320" endtime="20220329 01:19:58.601"/>
</kw>
<status status="PASS" starttime="20220329 01:19:58.320" endtime="20220329 01:19:58.601"/>
</kw>
<status status="PASS" starttime="20220329 01:19:58.319" endtime="20220329 01:19:58.601"/>
</kw>
<kw name="E" library="bdd">
<arg>clicar em ${Buttons_EVO.avançar}</arg>
<kw name="Run Keyword" library="BuiltIn">
<arg>@{Keywords}</arg>
<doc>Executes the given keyword with the given arguments.</doc>
<kw name="clicar em /html/body/div/div[2]/div/div/section/div[2]/div[3]/div[2]/div/div/div[2]/div/div[5]/div/div/div[1]/form/div[3]/div/button[2]" library="Page_agendamento" sourcename="clicar em ${CAMPO}">
<kw name="Click" library="Browser">
<arg>xpath=${CAMPO}</arg>
<tag>PageContent</tag>
<tag>Setter</tag>
<doc>Simulates mouse click on the element found by ``selector``.</doc>
<status status="PASS" starttime="20220329 01:19:58.608" endtime="20220329 01:19:58.703"/>
</kw>
<status status="PASS" starttime="20220329 01:19:58.607" endtime="20220329 01:19:58.704"/>
</kw>
<status status="PASS" starttime="20220329 01:19:58.606" endtime="20220329 01:19:58.704"/>
</kw>
<status status="PASS" starttime="20220329 01:19:58.602" endtime="20220329 01:19:58.704"/>
</kw>
<kw name="E" library="bdd">
<arg>informar os documentos da conduta</arg>
<kw name="Run Keyword" library="BuiltIn">
<arg>@{Keywords}</arg>
<doc>Executes the given keyword with the given arguments.</doc>
<kw name="informar os documentos da conduta" library="Page_evolucao">
<kw name="preencher o ${Campos_EVO.desc_doc_evolucao} com ${Valor_campos_EVO.desc_doc_evolucao}" library="Page_profissão_cadastro" sourcename="preencher o ${CAMPO} com ${VALOR}">
<kw name="Type Text" library="Browser">
<arg>id=${CAMPO}</arg>
<arg>${VALOR}</arg>
<tag>PageContent</tag>
<tag>Setter</tag>
<doc>Types the given ``txt`` into the text field found by ``selector``.</doc>
<msg timestamp="20220329 01:19:58.712" level="INFO">Types the text 'Teste automatizado' in the given field.</msg>
<status status="PASS" starttime="20220329 01:19:58.711" endtime="20220329 01:19:58.887"/>
</kw>
<status status="PASS" starttime="20220329 01:19:58.709" endtime="20220329 01:19:58.888"/>
</kw>
<kw name="upload de arquivo ${Buttons_EVO.add_doc_evo}" library="Page_dignostico" sourcename="upload de arquivo ${CAMPO}">
<kw name="Promise To Upload File" library="Browser">
<var>${promise}</var>
<arg>C:/Users/Mayara/Documents/TCC/RobotFramework-Sigsaude/Resources/Arquivos/b.png</arg>
<tag>PageContent</tag>
<tag>Setter</tag>
<doc>Returns a promise that resolves when file from ``path`` has been uploaded.
Fails if the upload has not happened during timeout.</doc>
<msg timestamp="20220329 01:19:58.893" level="INFO">${promise} = &lt;Future at 0x1e0e203b7c0 state=running&gt;</msg>
<status status="PASS" starttime="20220329 01:19:58.892" endtime="20220329 01:19:58.893"/>
</kw>
<kw name="Click" library="Browser">
<arg>id=${CAMPO}</arg>
<tag>PageContent</tag>
<tag>Setter</tag>
<doc>Simulates mouse click on the element found by ``selector``.</doc>
<status status="PASS" starttime="20220329 01:19:58.894" endtime="20220329 01:19:59.009"/>
</kw>
<kw name="Wait For" library="Browser">
<var>${upload_result}</var>
<arg>${promise}</arg>
<tag>Wait</tag>
<doc>Waits for promises to finish and returns results from them.
Returns one result if one promise waited. Otherwise returns an array of results.
If one fails, then this keyword will fail.</doc>
<msg timestamp="20220329 01:19:59.027" level="INFO">${upload_result} = None</msg>
<status status="PASS" starttime="20220329 01:19:59.009" endtime="20220329 01:19:59.027"/>
</kw>
<status status="PASS" starttime="20220329 01:19:58.889" endtime="20220329 01:19:59.028"/>
</kw>
<kw name="clicar em ${Buttons_EVO.add_up_doc}" library="Page_agendamento" sourcename="clicar em ${CAMPO}">
<kw name="Click" library="Browser">
<arg>xpath=${CAMPO}</arg>
<tag>PageContent</tag>
<tag>Setter</tag>
<doc>Simulates mouse click on the element found by ``selector``.</doc>
<status status="PASS" starttime="20220329 01:19:59.030" endtime="20220329 01:19:59.117"/>
</kw>
<status status="PASS" starttime="20220329 01:19:59.028" endtime="20220329 01:19:59.117"/>
</kw>
<status status="PASS" starttime="20220329 01:19:58.708" endtime="20220329 01:19:59.117"/>
</kw>
<status status="PASS" starttime="20220329 01:19:58.706" endtime="20220329 01:19:59.117"/>
</kw>
<status status="PASS" starttime="20220329 01:19:58.705" endtime="20220329 01:19:59.118"/>
</kw>
<kw name="E" library="bdd">
<arg>clicar em ${Buttons_EVO.cadastrar}</arg>
<kw name="Run Keyword" library="BuiltIn">
<arg>@{Keywords}</arg>
<doc>Executes the given keyword with the given arguments.</doc>
<kw name="clicar em /html/body/div/div[2]/div/div/section/div[2]/div[3]/div[2]/div/div/div[2]/div/div[5]/div/div/div[1]/form/div[3]/div/button[2]" library="Page_agendamento" sourcename="clicar em ${CAMPO}">
<kw name="Click" library="Browser">
<arg>xpath=${CAMPO}</arg>
<tag>PageContent</tag>
<tag>Setter</tag>
<doc>Simulates mouse click on the element found by ``selector``.</doc>
<status status="PASS" starttime="20220329 01:19:59.123" endtime="20220329 01:19:59.215"/>
</kw>
<status status="PASS" starttime="20220329 01:19:59.122" endtime="20220329 01:19:59.216"/>
</kw>
<status status="PASS" starttime="20220329 01:19:59.121" endtime="20220329 01:19:59.216"/>
</kw>
<status status="PASS" starttime="20220329 01:19:59.118" endtime="20220329 01:19:59.216"/>
</kw>
<kw name="Sleep" library="BuiltIn">
<arg>60s</arg>
<doc>Pauses the test executed for the given time.</doc>
<msg timestamp="20220329 01:20:59.227" level="INFO">Slept 1 minute</msg>
<status status="PASS" starttime="20220329 01:19:59.217" endtime="20220329 01:20:59.227"/>
</kw>
<tag>Teste</tag>
<status status="PASS" starttime="20220329 01:19:45.366" endtime="20220329 01:20:59.228"/>
</test>
<doc>Formulario comum</doc>
<status status="PASS" starttime="20220329 01:19:38.626" endtime="20220329 01:20:59.241"/>
</suite>
<status status="PASS" starttime="20220329 01:19:38.594" endtime="20220329 01:20:59.354"/>
</suite>
<statistics>
<total>
<stat pass="1" fail="0" skip="0">All Tests</stat>
</total>
<tag>
<stat pass="1" fail="0" skip="0">Teste</stat>
</tag>
<suite>
<stat pass="1" fail="0" skip="0" id="s1" name="Tests">Tests</stat>
<stat pass="1" fail="0" skip="0" id="s1-s1" name="Formulario comum">Tests.Formulario comum</stat>
</suite>
</statistics>
<errors>
<msg timestamp="20220329 01:19:38.644" level="ERROR">Error in file 'C:\Users\Mayara\Documents\TCC\RobotFramework-Sigsaude\Resources\Keywords.robot' on line 6: Resource file 'C:\Users\Mayara\Documents\TCC\RobotFramework-Sigsaude\Resources\cadastros.robot' does not exist.</msg>
<msg timestamp="20220329 01:19:38.645" level="ERROR">Error in file 'C:\Users\Mayara\Documents\TCC\RobotFramework-Sigsaude\Resources\Keywords.robot' on line 7: Resource file 'C:\Users\Mayara\Documents\TCC\RobotFramework-Sigsaude\Resources\keywords_cadastros.robot' does not exist.</msg>
<msg timestamp="20220329 01:19:38.646" level="ERROR">Error in file 'C:\Users\Mayara\Documents\TCC\RobotFramework-Sigsaude\Resources\Keywords.robot' on line 8: Resource file 'C:\Users\Mayara\Documents\TCC\RobotFramework-Sigsaude\Resources\keywords_campos.robot' does not exist.</msg>
<msg timestamp="20220329 01:19:38.653" level="ERROR">Error in file 'C:\Users\Mayara\Documents\TCC\RobotFramework-Sigsaude\Resources\Keywords.robot' on line 11: Resource file 'C:\Users\Mayara\Documents\TCC\RobotFramework-Sigsaude\Resources\keywords_mensagens.robot' does not exist.</msg>
<msg timestamp="20220329 01:19:38.654" level="ERROR">Error in file 'C:\Users\Mayara\Documents\TCC\RobotFramework-Sigsaude\Resources\Keywords.robot' on line 12: Resource file 'C:\Users\Mayara\Documents\TCC\RobotFramework-Sigsaude\Resources\keywords_agendamento.robot' does not exist.</msg>
<msg timestamp="20220329 01:19:38.971" level="ERROR">Error in file 'C:\Users\Mayara\Documents\TCC\RobotFramework-Sigsaude\Resources\Page_datastudio.robot' on line 4: Importing library 'RPA.Cloud.Google' failed: ModuleNotFoundError: No module named 'RPA'
Traceback (most recent call last):
  None
PYTHONPATH:
  C:\Users\Mayara\AppData\Roaming\Python\Python39\Scripts\robot.exe
  c:\program files\python39\python39.zip
  c:\program files\python39\DLLs
  c:\program files\python39\lib
  c:\program files\python39
  C:\Users\Mayara\AppData\Roaming\Python\Python39\site-packages
  c:\program files\python39\lib\site-packages</msg>
<msg timestamp="20220329 01:19:38.990" level="ERROR">Error in file 'C:\Users\Mayara\Documents\TCC\RobotFramework-Sigsaude\Resources\Page_capturar_dados.robot' on line 2: Importing library 'RPA.Tables' failed: ModuleNotFoundError: No module named 'RPA'
Traceback (most recent call last):
  None
PYTHONPATH:
  C:\Users\Mayara\AppData\Roaming\Python\Python39\Scripts\robot.exe
  c:\program files\python39\python39.zip
  c:\program files\python39\DLLs
  c:\program files\python39\lib
  c:\program files\python39
  C:\Users\Mayara\AppData\Roaming\Python\Python39\site-packages
  c:\program files\python39\lib\site-packages</msg>
<msg timestamp="20220329 01:19:38.995" level="ERROR">Error in file 'C:\Users\Mayara\Documents\TCC\RobotFramework-Sigsaude\Resources\Page_capturar_dados.robot' on line 3: Importing library 'RPA.Excel.Files' failed: ModuleNotFoundError: No module named 'RPA'
Traceback (most recent call last):
  None
PYTHONPATH:
  C:\Users\Mayara\AppData\Roaming\Python\Python39\Scripts\robot.exe
  c:\program files\python39\python39.zip
  c:\program files\python39\DLLs
  c:\program files\python39\lib
  c:\program files\python39
  C:\Users\Mayara\AppData\Roaming\Python\Python39\site-packages
  c:\program files\python39\lib\site-packages</msg>
</errors>
</robot>
