<?xml version="1.0" encoding="UTF-8"?>
<robot generator="Robot 4.0.3 (Python 3.8.10 on linux)" generated="20211204 21:52:40.628" rpa="false" schemaversion="2">
<suite id="s1" name="11 - Oferta" source="/home/m.calixta/Projeto sigsaúde/Tests/11 - Oferta.robot">
<kw name="iniciar navegador sessão &quot;Endocrinologia&quot;" library="base" type="SETUP" sourcename="iniciar navegador sessão &quot;${login_usuario}&quot;">
<kw name="iniciar Navegador" library="base">
<kw name="Get JSON" library="base">
<var>${config_json}</var>
<arg>config.json</arg>
<kw name="Get File" library="OperatingSystem">
<var>${file}</var>
<arg>${EXECDIR}/Files/${file_name}</arg>
<doc>Returns the contents of a specified file.</doc>
<msg timestamp="20211204 21:52:42.021" level="INFO" html="true">Getting file '&lt;a href="file:///home/m.calixta/Projeto sigsaúde/Files/config.json"&gt;/home/m.calixta/Projeto sigsaúde/Files/config.json&lt;/a&gt;'.</msg>
<msg timestamp="20211204 21:52:42.022" level="INFO">${file} = {
    "base_url":"https://homologacaosigsaude.imd.ufrn.br/sigsaude",
    "navegador":"chromium"
}</msg>
<status status="PASS" starttime="20211204 21:52:42.020" endtime="20211204 21:52:42.022"/>
</kw>
<kw name="Evaluate" library="BuiltIn">
<var>${super_var}</var>
<arg>json.loads($file)</arg>
<arg>json</arg>
<doc>Evaluates the given expression in Python and returns the result.</doc>
<msg timestamp="20211204 21:52:42.035" level="INFO">${super_var} = {'base_url': 'https://homologacaosigsaude.imd.ufrn.br/sigsaude', 'navegador': 'chromium'}</msg>
<status status="PASS" starttime="20211204 21:52:42.022" endtime="20211204 21:52:42.035"/>
</kw>
<msg timestamp="20211204 21:52:42.035" level="INFO">${config_json} = {'base_url': 'https://homologacaosigsaude.imd.ufrn.br/sigsaude', 'navegador': 'chromium'}</msg>
<status status="PASS" starttime="20211204 21:52:42.019" endtime="20211204 21:52:42.036"/>
</kw>
<kw name="New Browser" library="Browser">
<arg>${config_json["navegador"]}</arg>
<arg>False</arg>
<tag>BrowserControl</tag>
<tag>Setter</tag>
<doc>Create a new playwright Browser with specified options.
See `Browser, Context and Page` for more information about Browser and related concepts.</doc>
<msg timestamp="20211204 21:52:42.040" level="INFO">{"browser": "chromium", "headless": false, "handleSIGINT": true, "handleSIGTERM": true, "handleSIGHUP": true, "timeout": 30000.0, "devtools": false, "slowMo": 0.0}</msg>
<msg timestamp="20211204 21:52:42.260" level="INFO">Successfully created browser with options: {"browser":"chromium","headless":false,"handleSIGINT":true,"handleSIGTERM":true,"handleSIGHUP":true,"timeout":30000,"devtools":false,"slowMo":0}</msg>
<status status="PASS" starttime="20211204 21:52:42.036" endtime="20211204 21:52:42.261"/>
</kw>
<status status="PASS" starttime="20211204 21:52:42.018" endtime="20211204 21:52:42.261"/>
</kw>
<kw name="Get JSON" library="base">
<var>${config_json}</var>
<arg>config.json</arg>
<kw name="Get File" library="OperatingSystem">
<var>${file}</var>
<arg>${EXECDIR}/Files/${file_name}</arg>
<doc>Returns the contents of a specified file.</doc>
<msg timestamp="20211204 21:52:42.264" level="INFO" html="true">Getting file '&lt;a href="file:///home/m.calixta/Projeto sigsaúde/Files/config.json"&gt;/home/m.calixta/Projeto sigsaúde/Files/config.json&lt;/a&gt;'.</msg>
<msg timestamp="20211204 21:52:42.264" level="INFO">${file} = {
    "base_url":"https://homologacaosigsaude.imd.ufrn.br/sigsaude",
    "navegador":"chromium"
}</msg>
<status status="PASS" starttime="20211204 21:52:42.263" endtime="20211204 21:52:42.265"/>
</kw>
<kw name="Evaluate" library="BuiltIn">
<var>${super_var}</var>
<arg>json.loads($file)</arg>
<arg>json</arg>
<doc>Evaluates the given expression in Python and returns the result.</doc>
<msg timestamp="20211204 21:52:42.266" level="INFO">${super_var} = {'base_url': 'https://homologacaosigsaude.imd.ufrn.br/sigsaude', 'navegador': 'chromium'}</msg>
<status status="PASS" starttime="20211204 21:52:42.265" endtime="20211204 21:52:42.266"/>
</kw>
<msg timestamp="20211204 21:52:42.267" level="INFO">${config_json} = {'base_url': 'https://homologacaosigsaude.imd.ufrn.br/sigsaude', 'navegador': 'chromium'}</msg>
<status status="PASS" starttime="20211204 21:52:42.262" endtime="20211204 21:52:42.267"/>
</kw>
<kw name="New Page" library="Browser">
<arg>${config_json["base_url"]}</arg>
<tag>BrowserControl</tag>
<tag>Setter</tag>
<doc>Open a new Page. A Page is the Playwright equivalent to a tab.
See `Browser, Context and Page` for more information about Page concept.
Returns a stable identifier for the created page.</doc>
<msg timestamp="20211204 21:52:46.254" level="INFO">Successfully initialized new page object and opened url: https://homologacaosigsaude.imd.ufrn.br/sigsaude</msg>
<msg timestamp="20211204 21:52:46.254" level="INFO">No context was open. New context was automatically opened when this page is created.</msg>
<status status="PASS" starttime="20211204 21:52:42.268" endtime="20211204 21:52:46.255"/>
</kw>
<kw name="Direcionamento da tela &quot;login&quot;" library="nav" sourcename="Direcionamento da tela &quot;${page}&quot;">
<kw name="Get JSON" library="base">
<var>${telas_json}</var>
<arg>telas.json</arg>
<kw name="Get File" library="OperatingSystem">
<var>${file}</var>
<arg>${EXECDIR}/Files/${file_name}</arg>
<doc>Returns the contents of a specified file.</doc>
<msg timestamp="20211204 21:52:46.262" level="INFO" html="true">Getting file '&lt;a href="file:///home/m.calixta/Projeto sigsaúde/Files/telas.json"&gt;/home/m.calixta/Projeto sigsaúde/Files/telas.json&lt;/a&gt;'.</msg>
<msg timestamp="20211204 21:52:46.263" level="INFO">${file} = {
    "login":"/login",
    "novo usuario de serviço":"/paciente/cadastro",
    "listar usuarios de serviço":"/paciente",
    "cadastro de colaborador":"/colaborador/form",
    "agendamento":"/agendam...</msg>
<status status="PASS" starttime="20211204 21:52:46.261" endtime="20211204 21:52:46.263"/>
</kw>
<kw name="Evaluate" library="BuiltIn">
<var>${super_var}</var>
<arg>json.loads($file)</arg>
<arg>json</arg>
<doc>Evaluates the given expression in Python and returns the result.</doc>
<msg timestamp="20211204 21:52:46.265" level="INFO">${super_var} = {'login': '/login', 'novo usuario de serviço': '/paciente/cadastro', 'listar usuarios de serviço': '/paciente', 'cadastro de colaborador': '/colaborador/form', 'agendamento': '/agendamento', 'listar c...</msg>
<status status="PASS" starttime="20211204 21:52:46.264" endtime="20211204 21:52:46.265"/>
</kw>
<msg timestamp="20211204 21:52:46.267" level="INFO">${telas_json} = {'login': '/login', 'novo usuario de serviço': '/paciente/cadastro', 'listar usuarios de serviço': '/paciente', 'cadastro de colaborador': '/colaborador/form', 'agendamento': '/agendamento', 'listar c...</msg>
<status status="PASS" starttime="20211204 21:52:46.258" endtime="20211204 21:52:46.267"/>
</kw>
<kw name="Get JSON" library="base">
<var>${config_json}</var>
<arg>config.json</arg>
<kw name="Get File" library="OperatingSystem">
<var>${file}</var>
<arg>${EXECDIR}/Files/${file_name}</arg>
<doc>Returns the contents of a specified file.</doc>
<msg timestamp="20211204 21:52:46.271" level="INFO" html="true">Getting file '&lt;a href="file:///home/m.calixta/Projeto sigsaúde/Files/config.json"&gt;/home/m.calixta/Projeto sigsaúde/Files/config.json&lt;/a&gt;'.</msg>
<msg timestamp="20211204 21:52:46.271" level="INFO">${file} = {
    "base_url":"https://homologacaosigsaude.imd.ufrn.br/sigsaude",
    "navegador":"chromium"
}</msg>
<status status="PASS" starttime="20211204 21:52:46.270" endtime="20211204 21:52:46.271"/>
</kw>
<kw name="Evaluate" library="BuiltIn">
<var>${super_var}</var>
<arg>json.loads($file)</arg>
<arg>json</arg>
<doc>Evaluates the given expression in Python and returns the result.</doc>
<msg timestamp="20211204 21:52:46.273" level="INFO">${super_var} = {'base_url': 'https://homologacaosigsaude.imd.ufrn.br/sigsaude', 'navegador': 'chromium'}</msg>
<status status="PASS" starttime="20211204 21:52:46.272" endtime="20211204 21:52:46.274"/>
</kw>
<msg timestamp="20211204 21:52:46.274" level="INFO">${config_json} = {'base_url': 'https://homologacaosigsaude.imd.ufrn.br/sigsaude', 'navegador': 'chromium'}</msg>
<status status="PASS" starttime="20211204 21:52:46.268" endtime="20211204 21:52:46.274"/>
</kw>
<kw name="Go To" library="Browser">
<arg>${config_json["base_url"]}${telas_json["${page}"]}</arg>
<tag>BrowserControl</tag>
<tag>Setter</tag>
<doc>Navigates to the given ``url``.</doc>
<msg timestamp="20211204 21:52:47.071" level="INFO">Succesfully opened URL https://homologacaosigsaude.imd.ufrn.br/sigsaude/login</msg>
<status status="PASS" starttime="20211204 21:52:46.275" endtime="20211204 21:52:47.072"/>
</kw>
<status status="PASS" starttime="20211204 21:52:46.256" endtime="20211204 21:52:47.072"/>
</kw>
<kw name="Get JSON" library="base">
<var>${login_json}</var>
<arg>login.json</arg>
<kw name="Get File" library="OperatingSystem">
<var>${file}</var>
<arg>${EXECDIR}/Files/${file_name}</arg>
<doc>Returns the contents of a specified file.</doc>
<msg timestamp="20211204 21:52:47.075" level="INFO" html="true">Getting file '&lt;a href="file:///home/m.calixta/Projeto sigsaúde/Files/login.json"&gt;/home/m.calixta/Projeto sigsaúde/Files/login.json&lt;/a&gt;'.</msg>
<msg timestamp="20211204 21:52:47.075" level="INFO">${file} = {

    "Psicologia":{
        "login": "drpsicologia",
        "senha": 85278120029
    },

    "Endocrinologia":{
        "login": "drendocrinologia",
        "senha": 98841863323
    }
}</msg>
<status status="PASS" starttime="20211204 21:52:47.074" endtime="20211204 21:52:47.075"/>
</kw>
<kw name="Evaluate" library="BuiltIn">
<var>${super_var}</var>
<arg>json.loads($file)</arg>
<arg>json</arg>
<doc>Evaluates the given expression in Python and returns the result.</doc>
<msg timestamp="20211204 21:52:47.077" level="INFO">${super_var} = {'Psicologia': {'login': 'drpsicologia', 'senha': 85278120029}, 'Endocrinologia': {'login': 'drendocrinologia', 'senha': 98841863323}}</msg>
<status status="PASS" starttime="20211204 21:52:47.076" endtime="20211204 21:52:47.077"/>
</kw>
<msg timestamp="20211204 21:52:47.078" level="INFO">${login_json} = {'Psicologia': {'login': 'drpsicologia', 'senha': 85278120029}, 'Endocrinologia': {'login': 'drendocrinologia', 'senha': 98841863323}}</msg>
<status status="PASS" starttime="20211204 21:52:47.073" endtime="20211204 21:52:47.078"/>
</kw>
<kw name="Fill Text" library="Browser">
<arg>id=login-username</arg>
<arg>${login_json["${login_usuario}"]["login"]}</arg>
<tag>PageContent</tag>
<tag>Setter</tag>
<doc>Clears and fills the given ``text`` into the text field found by ``selector``.</doc>
<msg timestamp="20211204 21:52:47.083" level="INFO">Fills the text 'drendocrinologia' in the given field.</msg>
<status status="PASS" starttime="20211204 21:52:47.079" endtime="20211204 21:52:47.117"/>
</kw>
<kw name="Fill Text" library="Browser">
<arg>id=login-password</arg>
<arg>${login_json["${login_usuario}"]["senha"]}</arg>
<tag>PageContent</tag>
<tag>Setter</tag>
<doc>Clears and fills the given ``text`` into the text field found by ``selector``.</doc>
<msg timestamp="20211204 21:52:47.121" level="INFO">Fills the text '98841863323' in the given field.</msg>
<status status="PASS" starttime="20211204 21:52:47.118" endtime="20211204 21:52:47.138"/>
</kw>
<kw name="Click" library="Browser">
<arg>css=[value='Entrar']</arg>
<tag>PageContent</tag>
<tag>Setter</tag>
<doc>Simulates mouse click on the element found by ``selector``.</doc>
<status status="PASS" starttime="20211204 21:52:47.139" endtime="20211204 21:52:47.701"/>
</kw>
<status status="PASS" starttime="20211204 21:52:42.017" endtime="20211204 21:52:47.703"/>
</kw>
<test id="s1-t1" name="[001] -Cadastro de oferta (Completo)">
<kw name="Dado" library="bdd">
<arg>que o usuario está na tela "cadastro oferta"</arg>
<kw name="Run Keyword" library="BuiltIn">
<arg>@{Keywords}</arg>
<doc>Executes the given keyword with the given arguments.</doc>
<kw name="que o usuario está na tela &quot;cadastro oferta&quot;" library="nav" sourcename="que o usuario está na tela &quot;${tela}&quot;">
<kw name="Direcionamento da tela &quot;${tela}&quot;" library="nav" sourcename="Direcionamento da tela &quot;${page}&quot;">
<kw name="Get JSON" library="base">
<var>${telas_json}</var>
<arg>telas.json</arg>
<kw name="Get File" library="OperatingSystem">
<var>${file}</var>
<arg>${EXECDIR}/Files/${file_name}</arg>
<doc>Returns the contents of a specified file.</doc>
<msg timestamp="20211204 21:52:47.735" level="INFO" html="true">Getting file '&lt;a href="file:///home/m.calixta/Projeto sigsaúde/Files/telas.json"&gt;/home/m.calixta/Projeto sigsaúde/Files/telas.json&lt;/a&gt;'.</msg>
<msg timestamp="20211204 21:52:47.736" level="INFO">${file} = {
    "login":"/login",
    "novo usuario de serviço":"/paciente/cadastro",
    "listar usuarios de serviço":"/paciente",
    "cadastro de colaborador":"/colaborador/form",
    "agendamento":"/agendam...</msg>
<status status="PASS" starttime="20211204 21:52:47.734" endtime="20211204 21:52:47.736"/>
</kw>
<kw name="Evaluate" library="BuiltIn">
<var>${super_var}</var>
<arg>json.loads($file)</arg>
<arg>json</arg>
<doc>Evaluates the given expression in Python and returns the result.</doc>
<msg timestamp="20211204 21:52:47.737" level="INFO">${super_var} = {'login': '/login', 'novo usuario de serviço': '/paciente/cadastro', 'listar usuarios de serviço': '/paciente', 'cadastro de colaborador': '/colaborador/form', 'agendamento': '/agendamento', 'listar c...</msg>
<status status="PASS" starttime="20211204 21:52:47.736" endtime="20211204 21:52:47.737"/>
</kw>
<msg timestamp="20211204 21:52:47.738" level="INFO">${telas_json} = {'login': '/login', 'novo usuario de serviço': '/paciente/cadastro', 'listar usuarios de serviço': '/paciente', 'cadastro de colaborador': '/colaborador/form', 'agendamento': '/agendamento', 'listar c...</msg>
<status status="PASS" starttime="20211204 21:52:47.733" endtime="20211204 21:52:47.738"/>
</kw>
<kw name="Get JSON" library="base">
<var>${config_json}</var>
<arg>config.json</arg>
<kw name="Get File" library="OperatingSystem">
<var>${file}</var>
<arg>${EXECDIR}/Files/${file_name}</arg>
<doc>Returns the contents of a specified file.</doc>
<msg timestamp="20211204 21:52:47.741" level="INFO" html="true">Getting file '&lt;a href="file:///home/m.calixta/Projeto sigsaúde/Files/config.json"&gt;/home/m.calixta/Projeto sigsaúde/Files/config.json&lt;/a&gt;'.</msg>
<msg timestamp="20211204 21:52:47.741" level="INFO">${file} = {
    "base_url":"https://homologacaosigsaude.imd.ufrn.br/sigsaude",
    "navegador":"chromium"
}</msg>
<status status="PASS" starttime="20211204 21:52:47.740" endtime="20211204 21:52:47.741"/>
</kw>
<kw name="Evaluate" library="BuiltIn">
<var>${super_var}</var>
<arg>json.loads($file)</arg>
<arg>json</arg>
<doc>Evaluates the given expression in Python and returns the result.</doc>
<msg timestamp="20211204 21:52:47.744" level="INFO">${super_var} = {'base_url': 'https://homologacaosigsaude.imd.ufrn.br/sigsaude', 'navegador': 'chromium'}</msg>
<status status="PASS" starttime="20211204 21:52:47.742" endtime="20211204 21:52:47.744"/>
</kw>
<msg timestamp="20211204 21:52:47.744" level="INFO">${config_json} = {'base_url': 'https://homologacaosigsaude.imd.ufrn.br/sigsaude', 'navegador': 'chromium'}</msg>
<status status="PASS" starttime="20211204 21:52:47.739" endtime="20211204 21:52:47.744"/>
</kw>
<kw name="Go To" library="Browser">
<arg>${config_json["base_url"]}${telas_json["${page}"]}</arg>
<tag>BrowserControl</tag>
<tag>Setter</tag>
<doc>Navigates to the given ``url``.</doc>
<msg timestamp="20211204 21:52:49.703" level="INFO">Succesfully opened URL https://homologacaosigsaude.imd.ufrn.br/sigsaude/ofertaAtendimento/form</msg>
<status status="PASS" starttime="20211204 21:52:47.745" endtime="20211204 21:52:49.703"/>
</kw>
<status status="PASS" starttime="20211204 21:52:47.731" endtime="20211204 21:52:49.704"/>
</kw>
<status status="PASS" starttime="20211204 21:52:47.730" endtime="20211204 21:52:49.704"/>
</kw>
<status status="PASS" starttime="20211204 21:52:47.728" endtime="20211204 21:52:49.704"/>
</kw>
<status status="PASS" starttime="20211204 21:52:47.726" endtime="20211204 21:52:49.705"/>
</kw>
<kw name="E" library="bdd">
<arg>preenchido o "Denominação" com o "Oferta endo"</arg>
<kw name="Run Keyword" library="BuiltIn">
<arg>@{Keywords}</arg>
<doc>Executes the given keyword with the given arguments.</doc>
<kw name="preenchido o &quot;Denominação&quot; com o &quot;Oferta endo&quot;" library="keywords_campos" sourcename="preenchido o &quot;${campo}&quot; com o &quot;${valor}&quot;">
<kw name="Get JSON" library="base">
<var>${elementos_json}</var>
<arg>elementos.json</arg>
<kw name="Get File" library="OperatingSystem">
<var>${file}</var>
<arg>${EXECDIR}/Files/${file_name}</arg>
<doc>Returns the contents of a specified file.</doc>
<msg timestamp="20211204 21:52:49.715" level="INFO" html="true">Getting file '&lt;a href="file:///home/m.calixta/Projeto sigsaúde/Files/elementos.json"&gt;/home/m.calixta/Projeto sigsaúde/Files/elementos.json&lt;/a&gt;'.</msg>
<msg timestamp="20211204 21:52:49.716" level="INFO">${file} = {

    "Tipo Sanguíneo":"inputTipoSanguineo",
    "Cor/Raça":"selectCorRaca",
    "Sexo":"selectSexo",
    "Estado civil":"selectEstadoCivil",
    "País de nascimento":"inputPaisNascimento",
    "UF d...</msg>
<status status="PASS" starttime="20211204 21:52:49.714" endtime="20211204 21:52:49.716"/>
</kw>
<kw name="Evaluate" library="BuiltIn">
<var>${super_var}</var>
<arg>json.loads($file)</arg>
<arg>json</arg>
<doc>Evaluates the given expression in Python and returns the result.</doc>
<msg timestamp="20211204 21:52:49.719" level="INFO">${super_var} = {'Tipo Sanguíneo': 'inputTipoSanguineo', 'Cor/Raça': 'selectCorRaca', 'Sexo': 'selectSexo', 'Estado civil': 'selectEstadoCivil', 'País de nascimento': 'inputPaisNascimento', 'UF de nascimento': 'input...</msg>
<status status="PASS" starttime="20211204 21:52:49.717" endtime="20211204 21:52:49.720"/>
</kw>
<msg timestamp="20211204 21:52:49.722" level="INFO">${elementos_json} = {'Tipo Sanguíneo': 'inputTipoSanguineo', 'Cor/Raça': 'selectCorRaca', 'Sexo': 'selectSexo', 'Estado civil': 'selectEstadoCivil', 'País de nascimento': 'inputPaisNascimento', 'UF de nascimento': 'input...</msg>
<status status="PASS" starttime="20211204 21:52:49.711" endtime="20211204 21:52:49.722"/>
</kw>
<kw name="Type Text" library="Browser">
<arg>id=${elementos_json["${campo}"]}</arg>
<arg>${valor}</arg>
<tag>PageContent</tag>
<tag>Setter</tag>
<doc>Types the given ``txt`` into the text field found by ``selector``.</doc>
<msg timestamp="20211204 21:52:49.728" level="INFO">Types the text 'Oferta endo' in the given field.</msg>
<status status="PASS" starttime="20211204 21:52:49.723" endtime="20211204 21:52:49.799"/>
</kw>
<status status="PASS" starttime="20211204 21:52:49.710" endtime="20211204 21:52:49.800"/>
</kw>
<status status="PASS" starttime="20211204 21:52:49.707" endtime="20211204 21:52:49.800"/>
</kw>
<status status="PASS" starttime="20211204 21:52:49.706" endtime="20211204 21:52:49.800"/>
</kw>
<kw name="E" library="bdd">
<arg>inserir no "Data Inicio" o dia:"06",mês:"12" e ano:"2021"</arg>
<kw name="Run Keyword" library="BuiltIn">
<arg>@{Keywords}</arg>
<doc>Executes the given keyword with the given arguments.</doc>
<kw name="inserir no &quot;Data Inicio&quot; o dia:&quot;06&quot;,mês:&quot;12&quot; e ano:&quot;2021&quot;" library="keywords_campos" sourcename="inserir no &quot;${data}&quot; o dia:&quot;${dia}&quot;,mês:&quot;${mes}&quot; e ano:&quot;${ano}&quot;">
<kw name="Get JSON" library="base">
<var>${elementos_json}</var>
<arg>elementos.json</arg>
<kw name="Get File" library="OperatingSystem">
<var>${file}</var>
<arg>${EXECDIR}/Files/${file_name}</arg>
<doc>Returns the contents of a specified file.</doc>
<msg timestamp="20211204 21:52:49.809" level="INFO" html="true">Getting file '&lt;a href="file:///home/m.calixta/Projeto sigsaúde/Files/elementos.json"&gt;/home/m.calixta/Projeto sigsaúde/Files/elementos.json&lt;/a&gt;'.</msg>
<msg timestamp="20211204 21:52:49.810" level="INFO">${file} = {

    "Tipo Sanguíneo":"inputTipoSanguineo",
    "Cor/Raça":"selectCorRaca",
    "Sexo":"selectSexo",
    "Estado civil":"selectEstadoCivil",
    "País de nascimento":"inputPaisNascimento",
    "UF d...</msg>
<status status="PASS" starttime="20211204 21:52:49.808" endtime="20211204 21:52:49.810"/>
</kw>
<kw name="Evaluate" library="BuiltIn">
<var>${super_var}</var>
<arg>json.loads($file)</arg>
<arg>json</arg>
<doc>Evaluates the given expression in Python and returns the result.</doc>
<msg timestamp="20211204 21:52:49.813" level="INFO">${super_var} = {'Tipo Sanguíneo': 'inputTipoSanguineo', 'Cor/Raça': 'selectCorRaca', 'Sexo': 'selectSexo', 'Estado civil': 'selectEstadoCivil', 'País de nascimento': 'inputPaisNascimento', 'UF de nascimento': 'input...</msg>
<status status="PASS" starttime="20211204 21:52:49.811" endtime="20211204 21:52:49.813"/>
</kw>
<msg timestamp="20211204 21:52:49.814" level="INFO">${elementos_json} = {'Tipo Sanguíneo': 'inputTipoSanguineo', 'Cor/Raça': 'selectCorRaca', 'Sexo': 'selectSexo', 'Estado civil': 'selectEstadoCivil', 'País de nascimento': 'inputPaisNascimento', 'UF de nascimento': 'input...</msg>
<status status="PASS" starttime="20211204 21:52:49.806" endtime="20211204 21:52:49.814"/>
</kw>
<kw name="Type Text" library="Browser">
<arg>id=${elementos_json["${data}"]}</arg>
<arg>${dia}${mes}${ano}</arg>
<tag>PageContent</tag>
<tag>Setter</tag>
<doc>Types the given ``txt`` into the text field found by ``selector``.</doc>
<msg timestamp="20211204 21:52:49.821" level="INFO">Types the text '06122021' in the given field.</msg>
<status status="PASS" starttime="20211204 21:52:49.815" endtime="20211204 21:52:49.872"/>
</kw>
<status status="PASS" starttime="20211204 21:52:49.805" endtime="20211204 21:52:49.873"/>
</kw>
<status status="PASS" starttime="20211204 21:52:49.803" endtime="20211204 21:52:49.873"/>
</kw>
<status status="PASS" starttime="20211204 21:52:49.801" endtime="20211204 21:52:49.874"/>
</kw>
<kw name="E" library="bdd">
<arg>inserir no "Data Final" o dia:"10",mês:"02" e ano:"2022"</arg>
<kw name="Run Keyword" library="BuiltIn">
<arg>@{Keywords}</arg>
<doc>Executes the given keyword with the given arguments.</doc>
<kw name="inserir no &quot;Data Final&quot; o dia:&quot;10&quot;,mês:&quot;02&quot; e ano:&quot;2022&quot;" library="keywords_campos" sourcename="inserir no &quot;${data}&quot; o dia:&quot;${dia}&quot;,mês:&quot;${mes}&quot; e ano:&quot;${ano}&quot;">
<kw name="Get JSON" library="base">
<var>${elementos_json}</var>
<arg>elementos.json</arg>
<kw name="Get File" library="OperatingSystem">
<var>${file}</var>
<arg>${EXECDIR}/Files/${file_name}</arg>
<doc>Returns the contents of a specified file.</doc>
<msg timestamp="20211204 21:52:49.883" level="INFO" html="true">Getting file '&lt;a href="file:///home/m.calixta/Projeto sigsaúde/Files/elementos.json"&gt;/home/m.calixta/Projeto sigsaúde/Files/elementos.json&lt;/a&gt;'.</msg>
<msg timestamp="20211204 21:52:49.883" level="INFO">${file} = {

    "Tipo Sanguíneo":"inputTipoSanguineo",
    "Cor/Raça":"selectCorRaca",
    "Sexo":"selectSexo",
    "Estado civil":"selectEstadoCivil",
    "País de nascimento":"inputPaisNascimento",
    "UF d...</msg>
<status status="PASS" starttime="20211204 21:52:49.881" endtime="20211204 21:52:49.883"/>
</kw>
<kw name="Evaluate" library="BuiltIn">
<var>${super_var}</var>
<arg>json.loads($file)</arg>
<arg>json</arg>
<doc>Evaluates the given expression in Python and returns the result.</doc>
<msg timestamp="20211204 21:52:49.886" level="INFO">${super_var} = {'Tipo Sanguíneo': 'inputTipoSanguineo', 'Cor/Raça': 'selectCorRaca', 'Sexo': 'selectSexo', 'Estado civil': 'selectEstadoCivil', 'País de nascimento': 'inputPaisNascimento', 'UF de nascimento': 'input...</msg>
<status status="PASS" starttime="20211204 21:52:49.884" endtime="20211204 21:52:49.886"/>
</kw>
<msg timestamp="20211204 21:52:49.887" level="INFO">${elementos_json} = {'Tipo Sanguíneo': 'inputTipoSanguineo', 'Cor/Raça': 'selectCorRaca', 'Sexo': 'selectSexo', 'Estado civil': 'selectEstadoCivil', 'País de nascimento': 'inputPaisNascimento', 'UF de nascimento': 'input...</msg>
<status status="PASS" starttime="20211204 21:52:49.879" endtime="20211204 21:52:49.888"/>
</kw>
<kw name="Type Text" library="Browser">
<arg>id=${elementos_json["${data}"]}</arg>
<arg>${dia}${mes}${ano}</arg>
<tag>PageContent</tag>
<tag>Setter</tag>
<doc>Types the given ``txt`` into the text field found by ``selector``.</doc>
<msg timestamp="20211204 21:52:49.894" level="INFO">Types the text '10022022' in the given field.</msg>
<status status="PASS" starttime="20211204 21:52:49.889" endtime="20211204 21:52:49.943"/>
</kw>
<status status="PASS" starttime="20211204 21:52:49.877" endtime="20211204 21:52:49.943"/>
</kw>
<status status="PASS" starttime="20211204 21:52:49.876" endtime="20211204 21:52:49.944"/>
</kw>
<status status="PASS" starttime="20211204 21:52:49.874" endtime="20211204 21:52:49.944"/>
</kw>
<kw name="E" library="bdd">
<arg>inserir no "Inicio do expediente" a hora:"10",minutos:"00"</arg>
<kw name="Run Keyword" library="BuiltIn">
<arg>@{Keywords}</arg>
<doc>Executes the given keyword with the given arguments.</doc>
<kw name="inserir no &quot;Inicio do expediente&quot; a hora:&quot;10&quot;,minutos:&quot;00&quot;" library="keywords_campos" sourcename="inserir no &quot;${horario}&quot; a hora:&quot;${hora}&quot;,minutos:&quot;${minutos}&quot;">
<kw name="Get JSON" library="base">
<var>${elementos_json}</var>
<arg>elementos.json</arg>
<kw name="Get File" library="OperatingSystem">
<var>${file}</var>
<arg>${EXECDIR}/Files/${file_name}</arg>
<doc>Returns the contents of a specified file.</doc>
<msg timestamp="20211204 21:52:49.954" level="INFO" html="true">Getting file '&lt;a href="file:///home/m.calixta/Projeto sigsaúde/Files/elementos.json"&gt;/home/m.calixta/Projeto sigsaúde/Files/elementos.json&lt;/a&gt;'.</msg>
<msg timestamp="20211204 21:52:49.955" level="INFO">${file} = {

    "Tipo Sanguíneo":"inputTipoSanguineo",
    "Cor/Raça":"selectCorRaca",
    "Sexo":"selectSexo",
    "Estado civil":"selectEstadoCivil",
    "País de nascimento":"inputPaisNascimento",
    "UF d...</msg>
<status status="PASS" starttime="20211204 21:52:49.953" endtime="20211204 21:52:49.955"/>
</kw>
<kw name="Evaluate" library="BuiltIn">
<var>${super_var}</var>
<arg>json.loads($file)</arg>
<arg>json</arg>
<doc>Evaluates the given expression in Python and returns the result.</doc>
<msg timestamp="20211204 21:52:49.957" level="INFO">${super_var} = {'Tipo Sanguíneo': 'inputTipoSanguineo', 'Cor/Raça': 'selectCorRaca', 'Sexo': 'selectSexo', 'Estado civil': 'selectEstadoCivil', 'País de nascimento': 'inputPaisNascimento', 'UF de nascimento': 'input...</msg>
<status status="PASS" starttime="20211204 21:52:49.956" endtime="20211204 21:52:49.957"/>
</kw>
<msg timestamp="20211204 21:52:49.958" level="INFO">${elementos_json} = {'Tipo Sanguíneo': 'inputTipoSanguineo', 'Cor/Raça': 'selectCorRaca', 'Sexo': 'selectSexo', 'Estado civil': 'selectEstadoCivil', 'País de nascimento': 'inputPaisNascimento', 'UF de nascimento': 'input...</msg>
<status status="PASS" starttime="20211204 21:52:49.950" endtime="20211204 21:52:49.958"/>
</kw>
<kw name="Type Text" library="Browser">
<arg>id=${elementos_json["${horario}"]}</arg>
<arg>${hora}${minutos}</arg>
<tag>PageContent</tag>
<tag>Setter</tag>
<doc>Types the given ``txt`` into the text field found by ``selector``.</doc>
<msg timestamp="20211204 21:52:49.965" level="INFO">Types the text '1000' in the given field.</msg>
<status status="PASS" starttime="20211204 21:52:49.959" endtime="20211204 21:52:49.999"/>
</kw>
<status status="PASS" starttime="20211204 21:52:49.948" endtime="20211204 21:52:49.999"/>
</kw>
<status status="PASS" starttime="20211204 21:52:49.947" endtime="20211204 21:52:50.000"/>
</kw>
<status status="PASS" starttime="20211204 21:52:49.945" endtime="20211204 21:52:50.000"/>
</kw>
<kw name="E" library="bdd">
<arg>inserir no "Fim do expediente" a hora:"23",minutos:"00"</arg>
<kw name="Run Keyword" library="BuiltIn">
<arg>@{Keywords}</arg>
<doc>Executes the given keyword with the given arguments.</doc>
<kw name="inserir no &quot;Fim do expediente&quot; a hora:&quot;23&quot;,minutos:&quot;00&quot;" library="keywords_campos" sourcename="inserir no &quot;${horario}&quot; a hora:&quot;${hora}&quot;,minutos:&quot;${minutos}&quot;">
<kw name="Get JSON" library="base">
<var>${elementos_json}</var>
<arg>elementos.json</arg>
<kw name="Get File" library="OperatingSystem">
<var>${file}</var>
<arg>${EXECDIR}/Files/${file_name}</arg>
<doc>Returns the contents of a specified file.</doc>
<msg timestamp="20211204 21:52:50.009" level="INFO" html="true">Getting file '&lt;a href="file:///home/m.calixta/Projeto sigsaúde/Files/elementos.json"&gt;/home/m.calixta/Projeto sigsaúde/Files/elementos.json&lt;/a&gt;'.</msg>
<msg timestamp="20211204 21:52:50.009" level="INFO">${file} = {

    "Tipo Sanguíneo":"inputTipoSanguineo",
    "Cor/Raça":"selectCorRaca",
    "Sexo":"selectSexo",
    "Estado civil":"selectEstadoCivil",
    "País de nascimento":"inputPaisNascimento",
    "UF d...</msg>
<status status="PASS" starttime="20211204 21:52:50.008" endtime="20211204 21:52:50.009"/>
</kw>
<kw name="Evaluate" library="BuiltIn">
<var>${super_var}</var>
<arg>json.loads($file)</arg>
<arg>json</arg>
<doc>Evaluates the given expression in Python and returns the result.</doc>
<msg timestamp="20211204 21:52:50.012" level="INFO">${super_var} = {'Tipo Sanguíneo': 'inputTipoSanguineo', 'Cor/Raça': 'selectCorRaca', 'Sexo': 'selectSexo', 'Estado civil': 'selectEstadoCivil', 'País de nascimento': 'inputPaisNascimento', 'UF de nascimento': 'input...</msg>
<status status="PASS" starttime="20211204 21:52:50.010" endtime="20211204 21:52:50.012"/>
</kw>
<msg timestamp="20211204 21:52:50.013" level="INFO">${elementos_json} = {'Tipo Sanguíneo': 'inputTipoSanguineo', 'Cor/Raça': 'selectCorRaca', 'Sexo': 'selectSexo', 'Estado civil': 'selectEstadoCivil', 'País de nascimento': 'inputPaisNascimento', 'UF de nascimento': 'input...</msg>
<status status="PASS" starttime="20211204 21:52:50.006" endtime="20211204 21:52:50.014"/>
</kw>
<kw name="Type Text" library="Browser">
<arg>id=${elementos_json["${horario}"]}</arg>
<arg>${hora}${minutos}</arg>
<tag>PageContent</tag>
<tag>Setter</tag>
<doc>Types the given ``txt`` into the text field found by ``selector``.</doc>
<msg timestamp="20211204 21:52:50.020" level="INFO">Types the text '2300' in the given field.</msg>
<status status="PASS" starttime="20211204 21:52:50.015" endtime="20211204 21:52:50.053"/>
</kw>
<status status="PASS" starttime="20211204 21:52:50.004" endtime="20211204 21:52:50.054"/>
</kw>
<status status="PASS" starttime="20211204 21:52:50.003" endtime="20211204 21:52:50.054"/>
</kw>
<status status="PASS" starttime="20211204 21:52:50.001" endtime="20211204 21:52:50.054"/>
</kw>
<kw name="Quando" library="bdd">
<arg>clicar no "Avançar"</arg>
<kw name="Run Keyword" library="BuiltIn">
<arg>@{Keywords}</arg>
<doc>Executes the given keyword with the given arguments.</doc>
<kw name="clicar no &quot;Avançar&quot;" library="keywords_campos" sourcename="clicar no &quot;${botão}&quot;">
<kw name="Get JSON" library="base">
<var>${elementos_json}</var>
<arg>elementos.json</arg>
<kw name="Get File" library="OperatingSystem">
<var>${file}</var>
<arg>${EXECDIR}/Files/${file_name}</arg>
<doc>Returns the contents of a specified file.</doc>
<msg timestamp="20211204 21:52:50.064" level="INFO" html="true">Getting file '&lt;a href="file:///home/m.calixta/Projeto sigsaúde/Files/elementos.json"&gt;/home/m.calixta/Projeto sigsaúde/Files/elementos.json&lt;/a&gt;'.</msg>
<msg timestamp="20211204 21:52:50.064" level="INFO">${file} = {

    "Tipo Sanguíneo":"inputTipoSanguineo",
    "Cor/Raça":"selectCorRaca",
    "Sexo":"selectSexo",
    "Estado civil":"selectEstadoCivil",
    "País de nascimento":"inputPaisNascimento",
    "UF d...</msg>
<status status="PASS" starttime="20211204 21:52:50.062" endtime="20211204 21:52:50.065"/>
</kw>
<kw name="Evaluate" library="BuiltIn">
<var>${super_var}</var>
<arg>json.loads($file)</arg>
<arg>json</arg>
<doc>Evaluates the given expression in Python and returns the result.</doc>
<msg timestamp="20211204 21:52:50.067" level="INFO">${super_var} = {'Tipo Sanguíneo': 'inputTipoSanguineo', 'Cor/Raça': 'selectCorRaca', 'Sexo': 'selectSexo', 'Estado civil': 'selectEstadoCivil', 'País de nascimento': 'inputPaisNascimento', 'UF de nascimento': 'input...</msg>
<status status="PASS" starttime="20211204 21:52:50.066" endtime="20211204 21:52:50.067"/>
</kw>
<msg timestamp="20211204 21:52:50.068" level="INFO">${elementos_json} = {'Tipo Sanguíneo': 'inputTipoSanguineo', 'Cor/Raça': 'selectCorRaca', 'Sexo': 'selectSexo', 'Estado civil': 'selectEstadoCivil', 'País de nascimento': 'inputPaisNascimento', 'UF de nascimento': 'input...</msg>
<status status="PASS" starttime="20211204 21:52:50.060" endtime="20211204 21:52:50.068"/>
</kw>
<kw name="Click" library="Browser">
<arg>id=${elementos_json["${botão}"]}</arg>
<tag>PageContent</tag>
<tag>Setter</tag>
<doc>Simulates mouse click on the element found by ``selector``.</doc>
<status status="PASS" starttime="20211204 21:52:50.070" endtime="20211204 21:52:50.478"/>
</kw>
<status status="PASS" starttime="20211204 21:52:50.058" endtime="20211204 21:52:50.478"/>
</kw>
<status status="PASS" starttime="20211204 21:52:50.057" endtime="20211204 21:52:50.478"/>
</kw>
<status status="PASS" starttime="20211204 21:52:50.055" endtime="20211204 21:52:50.479"/>
</kw>
<kw name="Então" library="bdd">
<arg>inserir no campo "Modalidade de Atendimento" com o "ENDOCRINOLOGIA_ALUNO UFRN"</arg>
<kw name="Run Keyword" library="BuiltIn">
<arg>@{Keywords}</arg>
<doc>Executes the given keyword with the given arguments.</doc>
<kw name="inserir no campo &quot;Modalidade de Atendimento&quot; com o &quot;ENDOCRINOLOGIA_ALUNO UFRN&quot;" library="keywords_campos" sourcename="inserir no campo &quot;${campo}&quot; com o &quot;${opções}&quot;">
<kw name="Get JSON" library="base">
<var>${elementos_json}</var>
<arg>elementos.json</arg>
<kw name="Get File" library="OperatingSystem">
<var>${file}</var>
<arg>${EXECDIR}/Files/${file_name}</arg>
<doc>Returns the contents of a specified file.</doc>
<msg timestamp="20211204 21:52:50.486" level="INFO" html="true">Getting file '&lt;a href="file:///home/m.calixta/Projeto sigsaúde/Files/elementos.json"&gt;/home/m.calixta/Projeto sigsaúde/Files/elementos.json&lt;/a&gt;'.</msg>
<msg timestamp="20211204 21:52:50.486" level="INFO">${file} = {

    "Tipo Sanguíneo":"inputTipoSanguineo",
    "Cor/Raça":"selectCorRaca",
    "Sexo":"selectSexo",
    "Estado civil":"selectEstadoCivil",
    "País de nascimento":"inputPaisNascimento",
    "UF d...</msg>
<status status="PASS" starttime="20211204 21:52:50.485" endtime="20211204 21:52:50.486"/>
</kw>
<kw name="Evaluate" library="BuiltIn">
<var>${super_var}</var>
<arg>json.loads($file)</arg>
<arg>json</arg>
<doc>Evaluates the given expression in Python and returns the result.</doc>
<msg timestamp="20211204 21:52:50.488" level="INFO">${super_var} = {'Tipo Sanguíneo': 'inputTipoSanguineo', 'Cor/Raça': 'selectCorRaca', 'Sexo': 'selectSexo', 'Estado civil': 'selectEstadoCivil', 'País de nascimento': 'inputPaisNascimento', 'UF de nascimento': 'input...</msg>
<status status="PASS" starttime="20211204 21:52:50.487" endtime="20211204 21:52:50.488"/>
</kw>
<msg timestamp="20211204 21:52:50.489" level="INFO">${elementos_json} = {'Tipo Sanguíneo': 'inputTipoSanguineo', 'Cor/Raça': 'selectCorRaca', 'Sexo': 'selectSexo', 'Estado civil': 'selectEstadoCivil', 'País de nascimento': 'inputPaisNascimento', 'UF de nascimento': 'input...</msg>
<status status="PASS" starttime="20211204 21:52:50.484" endtime="20211204 21:52:50.489"/>
</kw>
<kw name="Click" library="Browser">
<arg>css=${elementos_json["${campo}"]}</arg>
<tag>PageContent</tag>
<tag>Setter</tag>
<doc>Simulates mouse click on the element found by ``selector``.</doc>
<status status="PASS" starttime="20211204 21:52:50.489" endtime="20211204 21:52:50.773"/>
</kw>
<kw name="Fill Text" library="Browser">
<arg>css=${elementos_json["${campo}"]}</arg>
<arg>${opções}</arg>
<tag>PageContent</tag>
<tag>Setter</tag>
<doc>Clears and fills the given ``text`` into the text field found by ``selector``.</doc>
<msg timestamp="20211204 21:52:50.777" level="INFO">Fills the text 'ENDOCRINOLOGIA_ALUNO UFRN' in the given field.</msg>
<msg timestamp="20211204 21:52:50.928" level="INFO" html="true">&lt;/td&gt;&lt;/tr&gt;&lt;tr&gt;&lt;td colspan="3"&gt;&lt;a href="001_-Cadastro_de_oferta_%28Completo%29_FAILURE_SCREENSHOT_7.png"&gt;&lt;img src="001_-Cadastro_de_oferta_%28Completo%29_FAILURE_SCREENSHOT_7.png" width="800px"&gt;&lt;/a&gt;</msg>
<msg timestamp="20211204 21:52:50.930" level="FAIL">Error: page.fill: Error: Element is not an &lt;input&gt;, &lt;textarea&gt; or [contenteditable] element
=========================== logs ===========================
waiting for selector "css=#formConvenioApp &gt; div.card &gt; div.card-body &gt; div &gt; div:nth-child(1) &gt; div &gt; div &gt; div.form-group.col-md-11"
  selector resolved to visible &lt;div class="form-group col-md-11"&gt;…&lt;/div&gt;
elementHandle.fill("ENDOCRINOLOGIA_ALUNO UFRN")
  waiting for element to be visible, enabled and editable
  Element is not an &lt;input&gt;, &lt;textarea&gt; or [contenteditable] element
============================================================</msg>
<status status="FAIL" starttime="20211204 21:52:50.774" endtime="20211204 21:52:50.930"/>
</kw>
<status status="FAIL" starttime="20211204 21:52:50.483" endtime="20211204 21:52:50.931"/>
</kw>
<status status="FAIL" starttime="20211204 21:52:50.482" endtime="20211204 21:52:50.931"/>
</kw>
<status status="FAIL" starttime="20211204 21:52:50.480" endtime="20211204 21:52:50.931"/>
</kw>
<kw name="Sleep" library="BuiltIn">
<arg>30s</arg>
<doc>Pauses the test executed for the given time.</doc>
<status status="NOT RUN" starttime="20211204 21:52:50.932" endtime="20211204 21:52:50.932"/>
</kw>
<status status="FAIL" starttime="20211204 21:52:47.704" endtime="20211204 21:52:50.933">Error: page.fill: Error: Element is not an &lt;input&gt;, &lt;textarea&gt; or [contenteditable] element
=========================== logs ===========================
waiting for selector "css=#formConvenioApp &gt; div.card &gt; div.card-body &gt; div &gt; div:nth-child(1) &gt; div &gt; div &gt; div.form-group.col-md-11"
  selector resolved to visible &lt;div class="form-group col-md-11"&gt;…&lt;/div&gt;
elementHandle.fill("ENDOCRINOLOGIA_ALUNO UFRN")
  waiting for element to be visible, enabled and editable
  Element is not an &lt;input&gt;, &lt;textarea&gt; or [contenteditable] element
============================================================</status>
</test>
<doc>Teste Agendamento</doc>
<status status="FAIL" starttime="20211204 21:52:40.641" endtime="20211204 21:52:50.942"/>
</suite>
<statistics>
<total>
<stat pass="0" fail="1" skip="0">All Tests</stat>
</total>
<tag>
</tag>
<suite>
<stat pass="0" fail="1" skip="0" id="s1" name="11 - Oferta">11 - Oferta</stat>
</suite>
</statistics>
<errors>
</errors>
</robot>
