<?xml version="1.0" encoding="UTF-8"?>
<robot generator="Robot 4.0.3 (Python 3.8.10 on linux)" generated="20220309 21:32:07.310" rpa="false" schemaversion="2">
<suite id="s1" name="Caminho feliz" source="/home/m.calixta/RobotFramework-Sigsaude/Tests/Caminho feliz.robot">
<kw name="iniciar navegador sessão &quot;Endocrinologia&quot;" library="base" type="SETUP" sourcename="iniciar navegador sessão &quot;${login_usuario}&quot;">
<kw name="iniciar Navegador" library="base">
<kw name="Get JSON" library="base">
<var>${config_json}</var>
<arg>config.json</arg>
<kw name="Get File" library="OperatingSystem">
<var>${file}</var>
<arg>${EXECDIR}/Files/${file_name}</arg>
<doc>Returns the contents of a specified file.</doc>
<msg timestamp="20220309 21:32:08.572" level="INFO" html="true">Getting file '&lt;a href="file:///home/m.calixta/RobotFramework-Sigsaude/Files/config.json"&gt;/home/m.calixta/RobotFramework-Sigsaude/Files/config.json&lt;/a&gt;'.</msg>
<msg timestamp="20220309 21:32:08.572" level="INFO">${file} = {
    "base_url":"https://homologacaosigsaude.imd.ufrn.br/sigsaude",
    "navegador":"chromium",
    "lelog":"https://lelog.netlify.app/"

}</msg>
<status status="PASS" starttime="20220309 21:32:08.570" endtime="20220309 21:32:08.572"/>
</kw>
<kw name="Evaluate" library="BuiltIn">
<var>${super_var}</var>
<arg>json.loads($file)</arg>
<arg>json</arg>
<doc>Evaluates the given expression in Python and returns the result.</doc>
<msg timestamp="20220309 21:32:08.586" level="INFO">${super_var} = {'base_url': 'https://homologacaosigsaude.imd.ufrn.br/sigsaude', 'navegador': 'chromium', 'lelog': 'https://lelog.netlify.app/'}</msg>
<status status="PASS" starttime="20220309 21:32:08.573" endtime="20220309 21:32:08.586"/>
</kw>
<msg timestamp="20220309 21:32:08.586" level="INFO">${config_json} = {'base_url': 'https://homologacaosigsaude.imd.ufrn.br/sigsaude', 'navegador': 'chromium', 'lelog': 'https://lelog.netlify.app/'}</msg>
<status status="PASS" starttime="20220309 21:32:08.569" endtime="20220309 21:32:08.587"/>
</kw>
<kw name="New Browser" library="Browser">
<arg>${config_json["navegador"]}</arg>
<arg>False</arg>
<tag>BrowserControl</tag>
<tag>Setter</tag>
<doc>Create a new playwright Browser with specified options.
See `Browser, Context and Page` for more information about Browser and related concepts.</doc>
<msg timestamp="20220309 21:32:08.590" level="INFO">{"browser": "chromium", "headless": false, "handleSIGINT": true, "handleSIGTERM": true, "handleSIGHUP": true, "timeout": 30000.0, "devtools": false, "slowMo": 0.0}</msg>
<msg timestamp="20220309 21:32:08.857" level="INFO">Successfully created browser with options: {"browser":"chromium","headless":false,"handleSIGINT":true,"handleSIGTERM":true,"handleSIGHUP":true,"timeout":30000,"devtools":false,"slowMo":0}</msg>
<status status="PASS" starttime="20220309 21:32:08.587" endtime="20220309 21:32:08.857"/>
</kw>
<status status="PASS" starttime="20220309 21:32:08.568" endtime="20220309 21:32:08.858"/>
</kw>
<kw name="Get JSON" library="base">
<var>${config_json}</var>
<arg>config.json</arg>
<kw name="Get File" library="OperatingSystem">
<var>${file}</var>
<arg>${EXECDIR}/Files/${file_name}</arg>
<doc>Returns the contents of a specified file.</doc>
<msg timestamp="20220309 21:32:08.861" level="INFO" html="true">Getting file '&lt;a href="file:///home/m.calixta/RobotFramework-Sigsaude/Files/config.json"&gt;/home/m.calixta/RobotFramework-Sigsaude/Files/config.json&lt;/a&gt;'.</msg>
<msg timestamp="20220309 21:32:08.861" level="INFO">${file} = {
    "base_url":"https://homologacaosigsaude.imd.ufrn.br/sigsaude",
    "navegador":"chromium",
    "lelog":"https://lelog.netlify.app/"

}</msg>
<status status="PASS" starttime="20220309 21:32:08.860" endtime="20220309 21:32:08.862"/>
</kw>
<kw name="Evaluate" library="BuiltIn">
<var>${super_var}</var>
<arg>json.loads($file)</arg>
<arg>json</arg>
<doc>Evaluates the given expression in Python and returns the result.</doc>
<msg timestamp="20220309 21:32:08.863" level="INFO">${super_var} = {'base_url': 'https://homologacaosigsaude.imd.ufrn.br/sigsaude', 'navegador': 'chromium', 'lelog': 'https://lelog.netlify.app/'}</msg>
<status status="PASS" starttime="20220309 21:32:08.862" endtime="20220309 21:32:08.864"/>
</kw>
<msg timestamp="20220309 21:32:08.864" level="INFO">${config_json} = {'base_url': 'https://homologacaosigsaude.imd.ufrn.br/sigsaude', 'navegador': 'chromium', 'lelog': 'https://lelog.netlify.app/'}</msg>
<status status="PASS" starttime="20220309 21:32:08.859" endtime="20220309 21:32:08.864"/>
</kw>
<kw name="New Page" library="Browser">
<arg>${config_json["base_url"]}</arg>
<tag>BrowserControl</tag>
<tag>Setter</tag>
<doc>Open a new Page. A Page is the Playwright equivalent to a tab.
See `Browser, Context and Page` for more information about Page concept.
Returns a stable identifier for the created page.</doc>
<msg timestamp="20220309 21:32:17.286" level="INFO">Successfully initialized new page object and opened url: https://homologacaosigsaude.imd.ufrn.br/sigsaude</msg>
<msg timestamp="20220309 21:32:17.286" level="INFO">No context was open. New context was automatically opened when this page is created.</msg>
<status status="PASS" starttime="20220309 21:32:08.865" endtime="20220309 21:32:17.287"/>
</kw>
<kw name="Direcionamento da tela &quot;login&quot;" library="nav" sourcename="Direcionamento da tela &quot;${page}&quot;">
<kw name="Get JSON" library="base">
<var>${telas_json}</var>
<arg>telas.json</arg>
<kw name="Get File" library="OperatingSystem">
<var>${file}</var>
<arg>${EXECDIR}/Files/${file_name}</arg>
<doc>Returns the contents of a specified file.</doc>
<msg timestamp="20220309 21:32:17.296" level="INFO" html="true">Getting file '&lt;a href="file:///home/m.calixta/RobotFramework-Sigsaude/Files/telas.json"&gt;/home/m.calixta/RobotFramework-Sigsaude/Files/telas.json&lt;/a&gt;'.</msg>
<msg timestamp="20220309 21:32:17.297" level="INFO">${file} = {
    "login":"/login",
    "novo usuario de serviço":"/paciente/cadastro",
    "listar usuarios de serviço":"/paciente",
    "cadastro de colaborador":"/colaborador/form",
    "agendamento":"/agendam...</msg>
<status status="PASS" starttime="20220309 21:32:17.294" endtime="20220309 21:32:17.297"/>
</kw>
<kw name="Evaluate" library="BuiltIn">
<var>${super_var}</var>
<arg>json.loads($file)</arg>
<arg>json</arg>
<doc>Evaluates the given expression in Python and returns the result.</doc>
<msg timestamp="20220309 21:32:17.301" level="INFO">${super_var} = {'login': '/login', 'novo usuario de serviço': '/paciente/cadastro', 'listar usuarios de serviço': '/paciente', 'cadastro de colaborador': '/colaborador/form', 'agendamento': '/agendamento', 'listar c...</msg>
<status status="PASS" starttime="20220309 21:32:17.298" endtime="20220309 21:32:17.301"/>
</kw>
<msg timestamp="20220309 21:32:17.303" level="INFO">${telas_json} = {'login': '/login', 'novo usuario de serviço': '/paciente/cadastro', 'listar usuarios de serviço': '/paciente', 'cadastro de colaborador': '/colaborador/form', 'agendamento': '/agendamento', 'listar c...</msg>
<status status="PASS" starttime="20220309 21:32:17.291" endtime="20220309 21:32:17.303"/>
</kw>
<kw name="Get JSON" library="base">
<var>${config_json}</var>
<arg>config.json</arg>
<kw name="Get File" library="OperatingSystem">
<var>${file}</var>
<arg>${EXECDIR}/Files/${file_name}</arg>
<doc>Returns the contents of a specified file.</doc>
<msg timestamp="20220309 21:32:17.309" level="INFO" html="true">Getting file '&lt;a href="file:///home/m.calixta/RobotFramework-Sigsaude/Files/config.json"&gt;/home/m.calixta/RobotFramework-Sigsaude/Files/config.json&lt;/a&gt;'.</msg>
<msg timestamp="20220309 21:32:17.310" level="INFO">${file} = {
    "base_url":"https://homologacaosigsaude.imd.ufrn.br/sigsaude",
    "navegador":"chromium",
    "lelog":"https://lelog.netlify.app/"

}</msg>
<status status="PASS" starttime="20220309 21:32:17.307" endtime="20220309 21:32:17.310"/>
</kw>
<kw name="Evaluate" library="BuiltIn">
<var>${super_var}</var>
<arg>json.loads($file)</arg>
<arg>json</arg>
<doc>Evaluates the given expression in Python and returns the result.</doc>
<msg timestamp="20220309 21:32:17.315" level="INFO">${super_var} = {'base_url': 'https://homologacaosigsaude.imd.ufrn.br/sigsaude', 'navegador': 'chromium', 'lelog': 'https://lelog.netlify.app/'}</msg>
<status status="PASS" starttime="20220309 21:32:17.312" endtime="20220309 21:32:17.316"/>
</kw>
<msg timestamp="20220309 21:32:17.319" level="INFO">${config_json} = {'base_url': 'https://homologacaosigsaude.imd.ufrn.br/sigsaude', 'navegador': 'chromium', 'lelog': 'https://lelog.netlify.app/'}</msg>
<status status="PASS" starttime="20220309 21:32:17.305" endtime="20220309 21:32:17.319"/>
</kw>
<kw name="Go To" library="Browser">
<arg>${config_json["base_url"]}${telas_json["${page}"]}</arg>
<tag>BrowserControl</tag>
<tag>Setter</tag>
<doc>Navigates to the given ``url``.</doc>
<msg timestamp="20220309 21:32:18.823" level="INFO">Succesfully opened URL https://homologacaosigsaude.imd.ufrn.br/sigsaude/login</msg>
<status status="PASS" starttime="20220309 21:32:17.323" endtime="20220309 21:32:18.823"/>
</kw>
<status status="PASS" starttime="20220309 21:32:17.289" endtime="20220309 21:32:18.824"/>
</kw>
<kw name="Get JSON" library="base">
<var>${login_json}</var>
<arg>login.json</arg>
<kw name="Get File" library="OperatingSystem">
<var>${file}</var>
<arg>${EXECDIR}/Files/${file_name}</arg>
<doc>Returns the contents of a specified file.</doc>
<msg timestamp="20220309 21:32:18.828" level="INFO" html="true">Getting file '&lt;a href="file:///home/m.calixta/RobotFramework-Sigsaude/Files/login.json"&gt;/home/m.calixta/RobotFramework-Sigsaude/Files/login.json&lt;/a&gt;'.</msg>
<msg timestamp="20220309 21:32:18.828" level="INFO">${file} = {

    "Psicologia":{
        "login": "drpsicologia",
        "senha": 85278120029
    },

    "Endocrinologia":{
        "login": "drendocrinologia",
        "senha": 98841863323
    }
}</msg>
<status status="PASS" starttime="20220309 21:32:18.827" endtime="20220309 21:32:18.828"/>
</kw>
<kw name="Evaluate" library="BuiltIn">
<var>${super_var}</var>
<arg>json.loads($file)</arg>
<arg>json</arg>
<doc>Evaluates the given expression in Python and returns the result.</doc>
<msg timestamp="20220309 21:32:18.830" level="INFO">${super_var} = {'Psicologia': {'login': 'drpsicologia', 'senha': 85278120029}, 'Endocrinologia': {'login': 'drendocrinologia', 'senha': 98841863323}}</msg>
<status status="PASS" starttime="20220309 21:32:18.829" endtime="20220309 21:32:18.830"/>
</kw>
<msg timestamp="20220309 21:32:18.831" level="INFO">${login_json} = {'Psicologia': {'login': 'drpsicologia', 'senha': 85278120029}, 'Endocrinologia': {'login': 'drendocrinologia', 'senha': 98841863323}}</msg>
<status status="PASS" starttime="20220309 21:32:18.825" endtime="20220309 21:32:18.831"/>
</kw>
<kw name="Fill Text" library="Browser">
<arg>id=login-username</arg>
<arg>${login_json["${login_usuario}"]["login"]}</arg>
<tag>PageContent</tag>
<tag>Setter</tag>
<doc>Clears and fills the given ``text`` into the text field found by ``selector``.</doc>
<msg timestamp="20220309 21:32:18.835" level="INFO">Fills the text 'drendocrinologia' in the given field.</msg>
<status status="PASS" starttime="20220309 21:32:18.832" endtime="20220309 21:32:18.868"/>
</kw>
<kw name="Fill Text" library="Browser">
<arg>id=login-password</arg>
<arg>${login_json["${login_usuario}"]["senha"]}</arg>
<tag>PageContent</tag>
<tag>Setter</tag>
<doc>Clears and fills the given ``text`` into the text field found by ``selector``.</doc>
<msg timestamp="20220309 21:32:18.872" level="INFO">Fills the text '98841863323' in the given field.</msg>
<status status="PASS" starttime="20220309 21:32:18.869" endtime="20220309 21:32:18.888"/>
</kw>
<kw name="Click" library="Browser">
<arg>css=[value='Entrar']</arg>
<tag>PageContent</tag>
<tag>Setter</tag>
<doc>Simulates mouse click on the element found by ``selector``.</doc>
<status status="PASS" starttime="20220309 21:32:18.889" endtime="20220309 21:32:19.478"/>
</kw>
<status status="PASS" starttime="20220309 21:32:08.566" endtime="20220309 21:32:19.479"/>
</kw>
<test id="s1-t1" name="[010] - Realizar agendamento (Completo)">
<kw name="Dado" library="bdd">
<arg>que o usuario está na tela "agendamento"</arg>
<kw name="Run Keyword" library="BuiltIn">
<arg>@{Keywords}</arg>
<doc>Executes the given keyword with the given arguments.</doc>
<kw name="que o usuario está na tela &quot;agendamento&quot;" library="nav" sourcename="que o usuario está na tela &quot;${tela}&quot;">
<kw name="Direcionamento da tela &quot;${tela}&quot;" library="nav" sourcename="Direcionamento da tela &quot;${page}&quot;">
<kw name="Get JSON" library="base">
<var>${telas_json}</var>
<arg>telas.json</arg>
<kw name="Get File" library="OperatingSystem">
<var>${file}</var>
<arg>${EXECDIR}/Files/${file_name}</arg>
<doc>Returns the contents of a specified file.</doc>
<msg timestamp="20220309 21:32:19.510" level="INFO" html="true">Getting file '&lt;a href="file:///home/m.calixta/RobotFramework-Sigsaude/Files/telas.json"&gt;/home/m.calixta/RobotFramework-Sigsaude/Files/telas.json&lt;/a&gt;'.</msg>
<msg timestamp="20220309 21:32:19.511" level="INFO">${file} = {
    "login":"/login",
    "novo usuario de serviço":"/paciente/cadastro",
    "listar usuarios de serviço":"/paciente",
    "cadastro de colaborador":"/colaborador/form",
    "agendamento":"/agendam...</msg>
<status status="PASS" starttime="20220309 21:32:19.509" endtime="20220309 21:32:19.511"/>
</kw>
<kw name="Evaluate" library="BuiltIn">
<var>${super_var}</var>
<arg>json.loads($file)</arg>
<arg>json</arg>
<doc>Evaluates the given expression in Python and returns the result.</doc>
<msg timestamp="20220309 21:32:19.513" level="INFO">${super_var} = {'login': '/login', 'novo usuario de serviço': '/paciente/cadastro', 'listar usuarios de serviço': '/paciente', 'cadastro de colaborador': '/colaborador/form', 'agendamento': '/agendamento', 'listar c...</msg>
<status status="PASS" starttime="20220309 21:32:19.512" endtime="20220309 21:32:19.514"/>
</kw>
<msg timestamp="20220309 21:32:19.514" level="INFO">${telas_json} = {'login': '/login', 'novo usuario de serviço': '/paciente/cadastro', 'listar usuarios de serviço': '/paciente', 'cadastro de colaborador': '/colaborador/form', 'agendamento': '/agendamento', 'listar c...</msg>
<status status="PASS" starttime="20220309 21:32:19.507" endtime="20220309 21:32:19.515"/>
</kw>
<kw name="Get JSON" library="base">
<var>${config_json}</var>
<arg>config.json</arg>
<kw name="Get File" library="OperatingSystem">
<var>${file}</var>
<arg>${EXECDIR}/Files/${file_name}</arg>
<doc>Returns the contents of a specified file.</doc>
<msg timestamp="20220309 21:32:19.518" level="INFO" html="true">Getting file '&lt;a href="file:///home/m.calixta/RobotFramework-Sigsaude/Files/config.json"&gt;/home/m.calixta/RobotFramework-Sigsaude/Files/config.json&lt;/a&gt;'.</msg>
<msg timestamp="20220309 21:32:19.518" level="INFO">${file} = {
    "base_url":"https://homologacaosigsaude.imd.ufrn.br/sigsaude",
    "navegador":"chromium",
    "lelog":"https://lelog.netlify.app/"

}</msg>
<status status="PASS" starttime="20220309 21:32:19.517" endtime="20220309 21:32:19.518"/>
</kw>
<kw name="Evaluate" library="BuiltIn">
<var>${super_var}</var>
<arg>json.loads($file)</arg>
<arg>json</arg>
<doc>Evaluates the given expression in Python and returns the result.</doc>
<msg timestamp="20220309 21:32:19.520" level="INFO">${super_var} = {'base_url': 'https://homologacaosigsaude.imd.ufrn.br/sigsaude', 'navegador': 'chromium', 'lelog': 'https://lelog.netlify.app/'}</msg>
<status status="PASS" starttime="20220309 21:32:19.519" endtime="20220309 21:32:19.520"/>
</kw>
<msg timestamp="20220309 21:32:19.521" level="INFO">${config_json} = {'base_url': 'https://homologacaosigsaude.imd.ufrn.br/sigsaude', 'navegador': 'chromium', 'lelog': 'https://lelog.netlify.app/'}</msg>
<status status="PASS" starttime="20220309 21:32:19.516" endtime="20220309 21:32:19.521"/>
</kw>
<kw name="Go To" library="Browser">
<arg>${config_json["base_url"]}${telas_json["${page}"]}</arg>
<tag>BrowserControl</tag>
<tag>Setter</tag>
<doc>Navigates to the given ``url``.</doc>
<msg timestamp="20220309 21:32:22.378" level="INFO">Succesfully opened URL https://homologacaosigsaude.imd.ufrn.br/sigsaude/agendamento</msg>
<status status="PASS" starttime="20220309 21:32:19.522" endtime="20220309 21:32:22.378"/>
</kw>
<status status="PASS" starttime="20220309 21:32:19.505" endtime="20220309 21:32:22.379"/>
</kw>
<status status="PASS" starttime="20220309 21:32:19.504" endtime="20220309 21:32:22.379"/>
</kw>
<status status="PASS" starttime="20220309 21:32:19.502" endtime="20220309 21:32:22.380"/>
</kw>
<status status="PASS" starttime="20220309 21:32:19.499" endtime="20220309 21:32:22.380"/>
</kw>
<kw name="E" library="bdd">
<arg>informar modalidade para o filtro ${Valor_campos_agendamento.filtro_modalidade}</arg>
<kw name="Run Keyword" library="BuiltIn">
<arg>@{Keywords}</arg>
<doc>Executes the given keyword with the given arguments.</doc>
<kw name="informar modalidade para o filtro TESTE MODALIDADE PSI" library="Page_agendamento" sourcename="informar modalidade para o filtro ${VALOR}">
<kw name="Click" library="Browser">
<arg>xpath=${Buttons_agendamento.filtro_busca}</arg>
<tag>PageContent</tag>
<tag>Setter</tag>
<doc>Simulates mouse click on the element found by ``selector``.</doc>
<status status="PASS" starttime="20220309 21:32:22.392" endtime="20220309 21:32:23.463"/>
</kw>
<kw name="Click" library="Browser">
<arg>xpath=${Buttons_agendamento.filtro_modalidade}</arg>
<tag>PageContent</tag>
<tag>Setter</tag>
<doc>Simulates mouse click on the element found by ``selector``.</doc>
<status status="PASS" starttime="20220309 21:32:23.464" endtime="20220309 21:32:23.993"/>
</kw>
<kw name="Click" library="Browser">
<arg>xpath=${Buttons_agendamento.deselecionar_todas}</arg>
<tag>PageContent</tag>
<tag>Setter</tag>
<doc>Simulates mouse click on the element found by ``selector``.</doc>
<status status="PASS" starttime="20220309 21:32:23.994" endtime="20220309 21:32:24.220"/>
</kw>
<kw name="Type Text" library="Browser">
<arg>xpath=${Campos_agendamento.filtro_modalidade_inseir}</arg>
<arg>${VALOR}</arg>
<tag>PageContent</tag>
<tag>Setter</tag>
<doc>Types the given ``txt`` into the text field found by ``selector``.</doc>
<msg timestamp="20220309 21:32:24.224" level="INFO">Types the text 'TESTE MODALIDADE PSI' in the given field.</msg>
<status status="PASS" starttime="20220309 21:32:24.221" endtime="20220309 21:32:24.487"/>
</kw>
<kw name="Click" library="Browser">
<arg>xpath=//*[@id="bs-select-5"]</arg>
<tag>PageContent</tag>
<tag>Setter</tag>
<doc>Simulates mouse click on the element found by ``selector``.</doc>
<status status="PASS" starttime="20220309 21:32:24.488" endtime="20220309 21:32:24.549"/>
</kw>
<kw name="Click" library="Browser">
<arg>xpath=${Buttons_agendamento.aplicar_filtro}</arg>
<tag>PageContent</tag>
<tag>Setter</tag>
<doc>Simulates mouse click on the element found by ``selector``.</doc>
<status status="PASS" starttime="20220309 21:32:24.550" endtime="20220309 21:32:24.768"/>
</kw>
<status status="PASS" starttime="20220309 21:32:22.390" endtime="20220309 21:32:24.769"/>
</kw>
<status status="PASS" starttime="20220309 21:32:22.387" endtime="20220309 21:32:24.769"/>
</kw>
<status status="PASS" starttime="20220309 21:32:22.382" endtime="20220309 21:32:24.769"/>
</kw>
<kw name="E" library="bdd">
<arg>filtrar ${Filtro_agendamentos.disponiveis}</arg>
<kw name="Run Keyword" library="BuiltIn">
<arg>@{Keywords}</arg>
<doc>Executes the given keyword with the given arguments.</doc>
<kw name="filtrar DISPONIVEIS" library="Page_agendamento" sourcename="filtrar ${VALOR}">
<if>
<branch type="IF" condition="&quot;${VALOR}&quot; == &quot;${Filtro_agendamentos.disponiveis}&quot;">
<for flavor="IN RANGE">
<var>${contador}</var>
<value>2</value>
<value>6</value>
<iter>
<var name="${contador}">2</var>
<kw name="Click" library="Browser">
<arg>xpath=${Filtro_agendamentos.identificador}span[${contador}]</arg>
<tag>PageContent</tag>
<tag>Setter</tag>
<doc>Simulates mouse click on the element found by ``selector``.</doc>
<status status="PASS" starttime="20220309 21:32:24.784" endtime="20220309 21:32:25.378"/>
</kw>
<status status="PASS" starttime="20220309 21:32:24.783" endtime="20220309 21:32:25.378"/>
</iter>
<iter>
<var name="${contador}">3</var>
<kw name="Click" library="Browser">
<arg>xpath=${Filtro_agendamentos.identificador}span[${contador}]</arg>
<tag>PageContent</tag>
<tag>Setter</tag>
<doc>Simulates mouse click on the element found by ``selector``.</doc>
<status status="PASS" starttime="20220309 21:32:25.380" endtime="20220309 21:32:25.462"/>
</kw>
<status status="PASS" starttime="20220309 21:32:25.378" endtime="20220309 21:32:25.462"/>
</iter>
<iter>
<var name="${contador}">4</var>
<kw name="Click" library="Browser">
<arg>xpath=${Filtro_agendamentos.identificador}span[${contador}]</arg>
<tag>PageContent</tag>
<tag>Setter</tag>
<doc>Simulates mouse click on the element found by ``selector``.</doc>
<status status="PASS" starttime="20220309 21:32:25.463" endtime="20220309 21:32:25.549"/>
</kw>
<status status="PASS" starttime="20220309 21:32:25.462" endtime="20220309 21:32:25.549"/>
</iter>
<iter>
<var name="${contador}">5</var>
<kw name="Click" library="Browser">
<arg>xpath=${Filtro_agendamentos.identificador}span[${contador}]</arg>
<tag>PageContent</tag>
<tag>Setter</tag>
<doc>Simulates mouse click on the element found by ``selector``.</doc>
<status status="PASS" starttime="20220309 21:32:25.551" endtime="20220309 21:32:25.641"/>
</kw>
<status status="PASS" starttime="20220309 21:32:25.549" endtime="20220309 21:32:25.641"/>
</iter>
<status status="PASS" starttime="20220309 21:32:24.782" endtime="20220309 21:32:25.641"/>
</for>
<status status="PASS" starttime="20220309 21:32:24.781" endtime="20220309 21:32:25.642"/>
</branch>
<branch type="ELSE IF" condition="&quot;${VALOR}&quot; == &quot;${Filtro_agendamentos.agendados}&quot;">
<for flavor="IN RANGE">
<var>${contador}</var>
<value>3</value>
<value>7</value>
<iter>
<var name="${contador}">${contador}</var>
<kw name="Click" library="Browser">
<arg>xpath=${Filtro_agendamentos.identificador}span[${contador}]</arg>
<tag>PageContent</tag>
<tag>Setter</tag>
<doc>Simulates mouse click on the element found by ``selector``.</doc>
<status status="NOT RUN" starttime="20220309 21:32:25.643" endtime="20220309 21:32:25.643"/>
</kw>
<status status="NOT RUN" starttime="20220309 21:32:25.642" endtime="20220309 21:32:25.643"/>
</iter>
<status status="NOT RUN" starttime="20220309 21:32:25.642" endtime="20220309 21:32:25.643"/>
</for>
<status status="NOT RUN" starttime="20220309 21:32:25.642" endtime="20220309 21:32:25.643"/>
</branch>
<status status="PASS" starttime="20220309 21:32:24.777" endtime="20220309 21:32:25.644"/>
</if>
<status status="PASS" starttime="20220309 21:32:24.776" endtime="20220309 21:32:25.644"/>
</kw>
<status status="PASS" starttime="20220309 21:32:24.775" endtime="20220309 21:32:25.644"/>
</kw>
<status status="PASS" starttime="20220309 21:32:24.770" endtime="20220309 21:32:25.645"/>
</kw>
<kw name="E" library="bdd">
<arg>realizar agendamento</arg>
<kw name="Run Keyword" library="BuiltIn">
<arg>@{Keywords}</arg>
<doc>Executes the given keyword with the given arguments.</doc>
<kw name="realizar agendamento" library="Page_agendamento">
<for flavor="IN RANGE">
<var>${i}</var>
<value>9999999</value>
<iter>
<var name="${i}">0</var>
<kw name="Get Text" library="Browser">
<var>${mes_agendamento}</var>
<arg>id=${Agendamento.mes_do_agendamento}</arg>
<tag>Assertion</tag>
<tag>Getter</tag>
<tag>PageContent</tag>
<doc>Returns text attribute of the element found by ``selector``.
See the `Finding elements` section for details about the selectors.</doc>
<msg timestamp="20220309 21:32:25.869" level="INFO">${mes_agendamento} = Março de 2022</msg>
<status status="PASS" starttime="20220309 21:32:25.843" endtime="20220309 21:32:25.869"/>
</kw>
<kw name="Split String" library="String">
<var>@{lista_mes_agendamento}</var>
<arg>${mes_agendamento}</arg>
<doc>Splits the ``string`` using ``separator`` as a delimiter string.</doc>
<msg timestamp="20220309 21:32:25.873" level="INFO">@{lista_mes_agendamento} = [ Março | de | 2022 ]</msg>
<status status="PASS" starttime="20220309 21:32:25.871" endtime="20220309 21:32:25.873"/>
</kw>
<kw name="Retirar Zero Esquerda" library="verificacoes">
<var>${mes_aux}</var>
<arg>${Valor_campos_agendamento.mes}</arg>
<msg timestamp="20220309 21:32:25.878" level="INFO">${mes_aux} = 5</msg>
<status status="PASS" starttime="20220309 21:32:25.874" endtime="20220309 21:32:25.878"/>
</kw>
<kw name="Mês Convertion" library="Page_agendamento_functions">
<var>${mes_aux2}</var>
<arg>${mes_aux}</arg>
<if>
<branch type="IF" condition="'${mes}' == '1'">
<kw name="Set Variable" library="BuiltIn">
<var>${mes}</var>
<arg>Janeiro</arg>
<doc>Returns the given values which can then be assigned to a variables.</doc>
<status status="NOT RUN" starttime="20220309 21:32:25.880" endtime="20220309 21:32:25.880"/>
</kw>
<status status="NOT RUN" starttime="20220309 21:32:25.880" endtime="20220309 21:32:25.881"/>
</branch>
<branch type="ELSE IF" condition="'${mes}' == '2'">
<kw name="Set Variable" library="BuiltIn">
<var>${mes}</var>
<arg>Fevereiro</arg>
<doc>Returns the given values which can then be assigned to a variables.</doc>
<status status="NOT RUN" starttime="20220309 21:32:25.882" endtime="20220309 21:32:25.882"/>
</kw>
<status status="NOT RUN" starttime="20220309 21:32:25.881" endtime="20220309 21:32:25.882"/>
</branch>
<branch type="ELSE IF" condition="'${mes}' == '3'">
<kw name="mes Variable">
<var>${mes}</var>
<arg>Março</arg>
<status status="NOT RUN" starttime="20220309 21:32:25.976" endtime="20220309 21:32:25.976"/>
</kw>
<status status="NOT RUN" starttime="20220309 21:32:25.882" endtime="20220309 21:32:25.976"/>
</branch>
<branch type="ELSE IF" condition="'${mes}' == '4'">
<kw name="Set Variable" library="BuiltIn">
<var>${mes}</var>
<arg>Abril</arg>
<doc>Returns the given values which can then be assigned to a variables.</doc>
<status status="NOT RUN" starttime="20220309 21:32:25.977" endtime="20220309 21:32:25.977"/>
</kw>
<status status="NOT RUN" starttime="20220309 21:32:25.976" endtime="20220309 21:32:25.977"/>
</branch>
<branch type="ELSE IF" condition="'${mes}' == '5'">
<kw name="Set Variable" library="BuiltIn">
<var>${mes}</var>
<arg>Maio</arg>
<doc>Returns the given values which can then be assigned to a variables.</doc>
<msg timestamp="20220309 21:32:25.979" level="INFO">${mes} = Maio</msg>
<status status="PASS" starttime="20220309 21:32:25.978" endtime="20220309 21:32:25.979"/>
</kw>
<status status="PASS" starttime="20220309 21:32:25.978" endtime="20220309 21:32:25.979"/>
</branch>
<branch type="ELSE IF" condition="'${mes}' == '6'">
<kw name="Set Variable" library="BuiltIn">
<var>${mes}</var>
<arg>Junho</arg>
<doc>Returns the given values which can then be assigned to a variables.</doc>
<status status="NOT RUN" starttime="20220309 21:32:25.980" endtime="20220309 21:32:25.980"/>
</kw>
<status status="NOT RUN" starttime="20220309 21:32:25.979" endtime="20220309 21:32:25.980"/>
</branch>
<branch type="ELSE IF" condition="'${mes}' == '7'">
<kw name="Set Variable" library="BuiltIn">
<var>${mes}</var>
<arg>Julho</arg>
<doc>Returns the given values which can then be assigned to a variables.</doc>
<status status="NOT RUN" starttime="20220309 21:32:25.981" endtime="20220309 21:32:25.981"/>
</kw>
<status status="NOT RUN" starttime="20220309 21:32:25.980" endtime="20220309 21:32:25.981"/>
</branch>
<branch type="ELSE IF" condition="'${mes}'== '8'">
<kw name="mes Variable">
<var>${mes}</var>
<arg>Agosto</arg>
<status status="NOT RUN" starttime="20220309 21:32:26.007" endtime="20220309 21:32:26.008"/>
</kw>
<status status="NOT RUN" starttime="20220309 21:32:25.981" endtime="20220309 21:32:26.008"/>
</branch>
<branch type="ELSE IF" condition="'${mes}' == '9'">
<kw name="Set Variable" library="BuiltIn">
<var>${mes}</var>
<arg>Setembro</arg>
<doc>Returns the given values which can then be assigned to a variables.</doc>
<status status="NOT RUN" starttime="20220309 21:32:26.009" endtime="20220309 21:32:26.009"/>
</kw>
<status status="NOT RUN" starttime="20220309 21:32:26.008" endtime="20220309 21:32:26.009"/>
</branch>
<branch type="ELSE IF" condition="'${mes}' == '10'">
<kw name="Set Variable" library="BuiltIn">
<var>${mes}</var>
<arg>Outubro</arg>
<doc>Returns the given values which can then be assigned to a variables.</doc>
<status status="NOT RUN" starttime="20220309 21:32:26.010" endtime="20220309 21:32:26.010"/>
</kw>
<status status="NOT RUN" starttime="20220309 21:32:26.009" endtime="20220309 21:32:26.010"/>
</branch>
<branch type="ELSE IF" condition="'${mes}' == '11'">
<kw name="Set Variable" library="BuiltIn">
<var>${mes}</var>
<arg>Novembro</arg>
<doc>Returns the given values which can then be assigned to a variables.</doc>
<status status="NOT RUN" starttime="20220309 21:32:26.011" endtime="20220309 21:32:26.011"/>
</kw>
<status status="NOT RUN" starttime="20220309 21:32:26.010" endtime="20220309 21:32:26.011"/>
</branch>
<branch type="ELSE IF" condition="'${mes}' == '12'">
<kw name="Set Variable" library="BuiltIn">
<var>${mes}</var>
<arg>Dezembro</arg>
<doc>Returns the given values which can then be assigned to a variables.</doc>
<status status="NOT RUN" starttime="20220309 21:32:26.012" endtime="20220309 21:32:26.012"/>
</kw>
<status status="NOT RUN" starttime="20220309 21:32:26.011" endtime="20220309 21:32:26.012"/>
</branch>
<status status="PASS" starttime="20220309 21:32:25.879" endtime="20220309 21:32:26.012"/>
</if>
<msg timestamp="20220309 21:32:26.013" level="INFO">${mes_aux2} = Maio</msg>
<status status="PASS" starttime="20220309 21:32:25.878" endtime="20220309 21:32:26.013"/>
</kw>
<kw name="Exit For Loop If" library="BuiltIn">
<arg>'${lista_mes_agendamento[0]}' == '${mes_aux2}' and '${lista_mes_agendamento[2]}' == '${Valor_campos_agendamento.ano}'</arg>
<doc>Stops executing the enclosing for loop if the ``condition`` is true.</doc>
<status status="PASS" starttime="20220309 21:32:26.014" endtime="20220309 21:32:26.024"/>
</kw>
<kw name="Get Current Date" library="DateTime">
<var>${mes_ver}</var>
<arg>result_format=%m</arg>
<doc>Returns current local or UTC time with an optional increment.</doc>
<msg timestamp="20220309 21:32:26.026" level="INFO">${mes_ver} = 03</msg>
<status status="PASS" starttime="20220309 21:32:26.025" endtime="20220309 21:32:26.026"/>
</kw>
<kw name="Retirar Zero Esquerda" library="verificacoes">
<var>${mes_ver}</var>
<arg>${mes_ver}</arg>
<msg timestamp="20220309 21:32:26.027" level="INFO">${mes_ver} = 3</msg>
<status status="PASS" starttime="20220309 21:32:26.027" endtime="20220309 21:32:26.028"/>
</kw>
<kw name="Retirar Zero Esquerda" library="verificacoes">
<var>${mes_ver2}</var>
<arg>${Valor_campos_agendamento.mes}</arg>
<msg timestamp="20220309 21:32:26.031" level="INFO">${mes_ver2} = 5</msg>
<status status="PASS" starttime="20220309 21:32:26.028" endtime="20220309 21:32:26.031"/>
</kw>
<if>
<branch type="IF" condition="${mes_ver2} &gt; ${mes_ver}">
<kw name="Click" library="Browser">
<arg>id=${Agendamento.avancar}</arg>
<tag>PageContent</tag>
<tag>Setter</tag>
<doc>Simulates mouse click on the element found by ``selector``.</doc>
<status status="PASS" starttime="20220309 21:32:26.033" endtime="20220309 21:32:26.115"/>
</kw>
<status status="PASS" starttime="20220309 21:32:26.032" endtime="20220309 21:32:26.115"/>
</branch>
<branch type="ELSE IF" condition="${mes_ver2} &lt; ${mes_ver}">
<kw name="Click" library="Browser">
<arg>id=${Agendamento.voltar}</arg>
<tag>PageContent</tag>
<tag>Setter</tag>
<doc>Simulates mouse click on the element found by ``selector``.</doc>
<status status="NOT RUN" starttime="20220309 21:32:26.116" endtime="20220309 21:32:26.116"/>
</kw>
<status status="NOT RUN" starttime="20220309 21:32:26.115" endtime="20220309 21:32:26.116"/>
</branch>
<status status="PASS" starttime="20220309 21:32:26.032" endtime="20220309 21:32:26.116"/>
</if>
<status status="PASS" starttime="20220309 21:32:25.842" endtime="20220309 21:32:26.116"/>
</iter>
<iter>
<var name="${i}">1</var>
<kw name="Get Text" library="Browser">
<var>${mes_agendamento}</var>
<arg>id=${Agendamento.mes_do_agendamento}</arg>
<tag>Assertion</tag>
<tag>Getter</tag>
<tag>PageContent</tag>
<doc>Returns text attribute of the element found by ``selector``.
See the `Finding elements` section for details about the selectors.</doc>
<msg timestamp="20220309 21:32:26.138" level="INFO">${mes_agendamento} = Abril de 2022</msg>
<status status="PASS" starttime="20220309 21:32:26.117" endtime="20220309 21:32:26.138"/>
</kw>
<kw name="Split String" library="String">
<var>@{lista_mes_agendamento}</var>
<arg>${mes_agendamento}</arg>
<doc>Splits the ``string`` using ``separator`` as a delimiter string.</doc>
<msg timestamp="20220309 21:32:26.141" level="INFO">@{lista_mes_agendamento} = [ Abril | de | 2022 ]</msg>
<status status="PASS" starttime="20220309 21:32:26.140" endtime="20220309 21:32:26.141"/>
</kw>
<kw name="Retirar Zero Esquerda" library="verificacoes">
<var>${mes_aux}</var>
<arg>${Valor_campos_agendamento.mes}</arg>
<msg timestamp="20220309 21:32:26.148" level="INFO">${mes_aux} = 5</msg>
<status status="PASS" starttime="20220309 21:32:26.143" endtime="20220309 21:32:26.148"/>
</kw>
<kw name="Mês Convertion" library="Page_agendamento_functions">
<var>${mes_aux2}</var>
<arg>${mes_aux}</arg>
<if>
<branch type="IF" condition="'${mes}' == '1'">
<kw name="Set Variable" library="BuiltIn">
<var>${mes}</var>
<arg>Janeiro</arg>
<doc>Returns the given values which can then be assigned to a variables.</doc>
<status status="NOT RUN" starttime="20220309 21:32:26.153" endtime="20220309 21:32:26.154"/>
</kw>
<status status="NOT RUN" starttime="20220309 21:32:26.152" endtime="20220309 21:32:26.154"/>
</branch>
<branch type="ELSE IF" condition="'${mes}' == '2'">
<kw name="Set Variable" library="BuiltIn">
<var>${mes}</var>
<arg>Fevereiro</arg>
<doc>Returns the given values which can then be assigned to a variables.</doc>
<status status="NOT RUN" starttime="20220309 21:32:26.156" endtime="20220309 21:32:26.156"/>
</kw>
<status status="NOT RUN" starttime="20220309 21:32:26.154" endtime="20220309 21:32:26.156"/>
</branch>
<branch type="ELSE IF" condition="'${mes}' == '3'">
<kw name="mes Variable">
<var>${mes}</var>
<arg>Março</arg>
<status status="NOT RUN" starttime="20220309 21:32:26.252" endtime="20220309 21:32:26.253"/>
</kw>
<status status="NOT RUN" starttime="20220309 21:32:26.157" endtime="20220309 21:32:26.253"/>
</branch>
<branch type="ELSE IF" condition="'${mes}' == '4'">
<kw name="Set Variable" library="BuiltIn">
<var>${mes}</var>
<arg>Abril</arg>
<doc>Returns the given values which can then be assigned to a variables.</doc>
<status status="NOT RUN" starttime="20220309 21:32:26.254" endtime="20220309 21:32:26.254"/>
</kw>
<status status="NOT RUN" starttime="20220309 21:32:26.253" endtime="20220309 21:32:26.254"/>
</branch>
<branch type="ELSE IF" condition="'${mes}' == '5'">
<kw name="Set Variable" library="BuiltIn">
<var>${mes}</var>
<arg>Maio</arg>
<doc>Returns the given values which can then be assigned to a variables.</doc>
<msg timestamp="20220309 21:32:26.256" level="INFO">${mes} = Maio</msg>
<status status="PASS" starttime="20220309 21:32:26.255" endtime="20220309 21:32:26.256"/>
</kw>
<status status="PASS" starttime="20220309 21:32:26.255" endtime="20220309 21:32:26.256"/>
</branch>
<branch type="ELSE IF" condition="'${mes}' == '6'">
<kw name="Set Variable" library="BuiltIn">
<var>${mes}</var>
<arg>Junho</arg>
<doc>Returns the given values which can then be assigned to a variables.</doc>
<status status="NOT RUN" starttime="20220309 21:32:26.257" endtime="20220309 21:32:26.257"/>
</kw>
<status status="NOT RUN" starttime="20220309 21:32:26.256" endtime="20220309 21:32:26.257"/>
</branch>
<branch type="ELSE IF" condition="'${mes}' == '7'">
<kw name="Set Variable" library="BuiltIn">
<var>${mes}</var>
<arg>Julho</arg>
<doc>Returns the given values which can then be assigned to a variables.</doc>
<status status="NOT RUN" starttime="20220309 21:32:26.258" endtime="20220309 21:32:26.258"/>
</kw>
<status status="NOT RUN" starttime="20220309 21:32:26.257" endtime="20220309 21:32:26.258"/>
</branch>
<branch type="ELSE IF" condition="'${mes}'== '8'">
<kw name="mes Variable">
<var>${mes}</var>
<arg>Agosto</arg>
<status status="NOT RUN" starttime="20220309 21:32:26.285" endtime="20220309 21:32:26.285"/>
</kw>
<status status="NOT RUN" starttime="20220309 21:32:26.258" endtime="20220309 21:32:26.285"/>
</branch>
<branch type="ELSE IF" condition="'${mes}' == '9'">
<kw name="Set Variable" library="BuiltIn">
<var>${mes}</var>
<arg>Setembro</arg>
<doc>Returns the given values which can then be assigned to a variables.</doc>
<status status="NOT RUN" starttime="20220309 21:32:26.286" endtime="20220309 21:32:26.287"/>
</kw>
<status status="NOT RUN" starttime="20220309 21:32:26.286" endtime="20220309 21:32:26.287"/>
</branch>
<branch type="ELSE IF" condition="'${mes}' == '10'">
<kw name="Set Variable" library="BuiltIn">
<var>${mes}</var>
<arg>Outubro</arg>
<doc>Returns the given values which can then be assigned to a variables.</doc>
<status status="NOT RUN" starttime="20220309 21:32:26.287" endtime="20220309 21:32:26.288"/>
</kw>
<status status="NOT RUN" starttime="20220309 21:32:26.287" endtime="20220309 21:32:26.288"/>
</branch>
<branch type="ELSE IF" condition="'${mes}' == '11'">
<kw name="Set Variable" library="BuiltIn">
<var>${mes}</var>
<arg>Novembro</arg>
<doc>Returns the given values which can then be assigned to a variables.</doc>
<status status="NOT RUN" starttime="20220309 21:32:26.288" endtime="20220309 21:32:26.289"/>
</kw>
<status status="NOT RUN" starttime="20220309 21:32:26.288" endtime="20220309 21:32:26.289"/>
</branch>
<branch type="ELSE IF" condition="'${mes}' == '12'">
<kw name="Set Variable" library="BuiltIn">
<var>${mes}</var>
<arg>Dezembro</arg>
<doc>Returns the given values which can then be assigned to a variables.</doc>
<status status="NOT RUN" starttime="20220309 21:32:26.289" endtime="20220309 21:32:26.290"/>
</kw>
<status status="NOT RUN" starttime="20220309 21:32:26.289" endtime="20220309 21:32:26.290"/>
</branch>
<status status="PASS" starttime="20220309 21:32:26.151" endtime="20220309 21:32:26.290"/>
</if>
<msg timestamp="20220309 21:32:26.290" level="INFO">${mes_aux2} = Maio</msg>
<status status="PASS" starttime="20220309 21:32:26.150" endtime="20220309 21:32:26.290"/>
</kw>
<kw name="Exit For Loop If" library="BuiltIn">
<arg>'${lista_mes_agendamento[0]}' == '${mes_aux2}' and '${lista_mes_agendamento[2]}' == '${Valor_campos_agendamento.ano}'</arg>
<doc>Stops executing the enclosing for loop if the ``condition`` is true.</doc>
<status status="PASS" starttime="20220309 21:32:26.291" endtime="20220309 21:32:26.302"/>
</kw>
<kw name="Get Current Date" library="DateTime">
<var>${mes_ver}</var>
<arg>result_format=%m</arg>
<doc>Returns current local or UTC time with an optional increment.</doc>
<msg timestamp="20220309 21:32:26.304" level="INFO">${mes_ver} = 03</msg>
<status status="PASS" starttime="20220309 21:32:26.303" endtime="20220309 21:32:26.304"/>
</kw>
<kw name="Retirar Zero Esquerda" library="verificacoes">
<var>${mes_ver}</var>
<arg>${mes_ver}</arg>
<msg timestamp="20220309 21:32:26.306" level="INFO">${mes_ver} = 3</msg>
<status status="PASS" starttime="20220309 21:32:26.305" endtime="20220309 21:32:26.306"/>
</kw>
<kw name="Retirar Zero Esquerda" library="verificacoes">
<var>${mes_ver2}</var>
<arg>${Valor_campos_agendamento.mes}</arg>
<msg timestamp="20220309 21:32:26.309" level="INFO">${mes_ver2} = 5</msg>
<status status="PASS" starttime="20220309 21:32:26.306" endtime="20220309 21:32:26.309"/>
</kw>
<if>
<branch type="IF" condition="${mes_ver2} &gt; ${mes_ver}">
<kw name="Click" library="Browser">
<arg>id=${Agendamento.avancar}</arg>
<tag>PageContent</tag>
<tag>Setter</tag>
<doc>Simulates mouse click on the element found by ``selector``.</doc>
<status status="PASS" starttime="20220309 21:32:26.311" endtime="20220309 21:32:26.496"/>
</kw>
<status status="PASS" starttime="20220309 21:32:26.310" endtime="20220309 21:32:26.496"/>
</branch>
<branch type="ELSE IF" condition="${mes_ver2} &lt; ${mes_ver}">
<kw name="Click" library="Browser">
<arg>id=${Agendamento.voltar}</arg>
<tag>PageContent</tag>
<tag>Setter</tag>
<doc>Simulates mouse click on the element found by ``selector``.</doc>
<status status="NOT RUN" starttime="20220309 21:32:26.497" endtime="20220309 21:32:26.497"/>
</kw>
<status status="NOT RUN" starttime="20220309 21:32:26.496" endtime="20220309 21:32:26.497"/>
</branch>
<status status="PASS" starttime="20220309 21:32:26.309" endtime="20220309 21:32:26.497"/>
</if>
<status status="PASS" starttime="20220309 21:32:26.117" endtime="20220309 21:32:26.497"/>
</iter>
<iter>
<var name="${i}">2</var>
<kw name="Get Text" library="Browser">
<var>${mes_agendamento}</var>
<arg>id=${Agendamento.mes_do_agendamento}</arg>
<tag>Assertion</tag>
<tag>Getter</tag>
<tag>PageContent</tag>
<doc>Returns text attribute of the element found by ``selector``.
See the `Finding elements` section for details about the selectors.</doc>
<msg timestamp="20220309 21:32:26.519" level="INFO">${mes_agendamento} = Maio de 2022</msg>
<status status="PASS" starttime="20220309 21:32:26.499" endtime="20220309 21:32:26.519"/>
</kw>
<kw name="Split String" library="String">
<var>@{lista_mes_agendamento}</var>
<arg>${mes_agendamento}</arg>
<doc>Splits the ``string`` using ``separator`` as a delimiter string.</doc>
<msg timestamp="20220309 21:32:26.521" level="INFO">@{lista_mes_agendamento} = [ Maio | de | 2022 ]</msg>
<status status="PASS" starttime="20220309 21:32:26.520" endtime="20220309 21:32:26.521"/>
</kw>
<kw name="Retirar Zero Esquerda" library="verificacoes">
<var>${mes_aux}</var>
<arg>${Valor_campos_agendamento.mes}</arg>
<msg timestamp="20220309 21:32:26.525" level="INFO">${mes_aux} = 5</msg>
<status status="PASS" starttime="20220309 21:32:26.522" endtime="20220309 21:32:26.525"/>
</kw>
<kw name="Mês Convertion" library="Page_agendamento_functions">
<var>${mes_aux2}</var>
<arg>${mes_aux}</arg>
<if>
<branch type="IF" condition="'${mes}' == '1'">
<kw name="Set Variable" library="BuiltIn">
<var>${mes}</var>
<arg>Janeiro</arg>
<doc>Returns the given values which can then be assigned to a variables.</doc>
<status status="NOT RUN" starttime="20220309 21:32:26.528" endtime="20220309 21:32:26.528"/>
</kw>
<status status="NOT RUN" starttime="20220309 21:32:26.527" endtime="20220309 21:32:26.528"/>
</branch>
<branch type="ELSE IF" condition="'${mes}' == '2'">
<kw name="Set Variable" library="BuiltIn">
<var>${mes}</var>
<arg>Fevereiro</arg>
<doc>Returns the given values which can then be assigned to a variables.</doc>
<status status="NOT RUN" starttime="20220309 21:32:26.529" endtime="20220309 21:32:26.529"/>
</kw>
<status status="NOT RUN" starttime="20220309 21:32:26.528" endtime="20220309 21:32:26.530"/>
</branch>
<branch type="ELSE IF" condition="'${mes}' == '3'">
<kw name="mes Variable">
<var>${mes}</var>
<arg>Março</arg>
<status status="NOT RUN" starttime="20220309 21:32:26.558" endtime="20220309 21:32:26.558"/>
</kw>
<status status="NOT RUN" starttime="20220309 21:32:26.530" endtime="20220309 21:32:26.559"/>
</branch>
<branch type="ELSE IF" condition="'${mes}' == '4'">
<kw name="Set Variable" library="BuiltIn">
<var>${mes}</var>
<arg>Abril</arg>
<doc>Returns the given values which can then be assigned to a variables.</doc>
<status status="NOT RUN" starttime="20220309 21:32:26.560" endtime="20220309 21:32:26.560"/>
</kw>
<status status="NOT RUN" starttime="20220309 21:32:26.559" endtime="20220309 21:32:26.560"/>
</branch>
<branch type="ELSE IF" condition="'${mes}' == '5'">
<kw name="Set Variable" library="BuiltIn">
<var>${mes}</var>
<arg>Maio</arg>
<doc>Returns the given values which can then be assigned to a variables.</doc>
<msg timestamp="20220309 21:32:26.562" level="INFO">${mes} = Maio</msg>
<status status="PASS" starttime="20220309 21:32:26.561" endtime="20220309 21:32:26.562"/>
</kw>
<status status="PASS" starttime="20220309 21:32:26.560" endtime="20220309 21:32:26.562"/>
</branch>
<branch type="ELSE IF" condition="'${mes}' == '6'">
<kw name="Set Variable" library="BuiltIn">
<var>${mes}</var>
<arg>Junho</arg>
<doc>Returns the given values which can then be assigned to a variables.</doc>
<status status="NOT RUN" starttime="20220309 21:32:26.563" endtime="20220309 21:32:26.563"/>
</kw>
<status status="NOT RUN" starttime="20220309 21:32:26.562" endtime="20220309 21:32:26.563"/>
</branch>
<branch type="ELSE IF" condition="'${mes}' == '7'">
<kw name="Set Variable" library="BuiltIn">
<var>${mes}</var>
<arg>Julho</arg>
<doc>Returns the given values which can then be assigned to a variables.</doc>
<status status="NOT RUN" starttime="20220309 21:32:26.564" endtime="20220309 21:32:26.564"/>
</kw>
<status status="NOT RUN" starttime="20220309 21:32:26.563" endtime="20220309 21:32:26.564"/>
</branch>
<branch type="ELSE IF" condition="'${mes}'== '8'">
<kw name="mes Variable">
<var>${mes}</var>
<arg>Agosto</arg>
<status status="NOT RUN" starttime="20220309 21:32:26.591" endtime="20220309 21:32:26.592"/>
</kw>
<status status="NOT RUN" starttime="20220309 21:32:26.564" endtime="20220309 21:32:26.592"/>
</branch>
<branch type="ELSE IF" condition="'${mes}' == '9'">
<kw name="Set Variable" library="BuiltIn">
<var>${mes}</var>
<arg>Setembro</arg>
<doc>Returns the given values which can then be assigned to a variables.</doc>
<status status="NOT RUN" starttime="20220309 21:32:26.592" endtime="20220309 21:32:26.593"/>
</kw>
<status status="NOT RUN" starttime="20220309 21:32:26.592" endtime="20220309 21:32:26.593"/>
</branch>
<branch type="ELSE IF" condition="'${mes}' == '10'">
<kw name="Set Variable" library="BuiltIn">
<var>${mes}</var>
<arg>Outubro</arg>
<doc>Returns the given values which can then be assigned to a variables.</doc>
<status status="NOT RUN" starttime="20220309 21:32:26.594" endtime="20220309 21:32:26.594"/>
</kw>
<status status="NOT RUN" starttime="20220309 21:32:26.593" endtime="20220309 21:32:26.594"/>
</branch>
<branch type="ELSE IF" condition="'${mes}' == '11'">
<kw name="Set Variable" library="BuiltIn">
<var>${mes}</var>
<arg>Novembro</arg>
<doc>Returns the given values which can then be assigned to a variables.</doc>
<status status="NOT RUN" starttime="20220309 21:32:26.595" endtime="20220309 21:32:26.595"/>
</kw>
<status status="NOT RUN" starttime="20220309 21:32:26.594" endtime="20220309 21:32:26.595"/>
</branch>
<branch type="ELSE IF" condition="'${mes}' == '12'">
<kw name="Set Variable" library="BuiltIn">
<var>${mes}</var>
<arg>Dezembro</arg>
<doc>Returns the given values which can then be assigned to a variables.</doc>
<status status="NOT RUN" starttime="20220309 21:32:26.596" endtime="20220309 21:32:26.596"/>
</kw>
<status status="NOT RUN" starttime="20220309 21:32:26.595" endtime="20220309 21:32:26.596"/>
</branch>
<status status="PASS" starttime="20220309 21:32:26.526" endtime="20220309 21:32:26.596"/>
</if>
<msg timestamp="20220309 21:32:26.597" level="INFO">${mes_aux2} = Maio</msg>
<status status="PASS" starttime="20220309 21:32:26.525" endtime="20220309 21:32:26.597"/>
</kw>
<kw name="Exit For Loop If" library="BuiltIn">
<arg>'${lista_mes_agendamento[0]}' == '${mes_aux2}' and '${lista_mes_agendamento[2]}' == '${Valor_campos_agendamento.ano}'</arg>
<doc>Stops executing the enclosing for loop if the ``condition`` is true.</doc>
<msg timestamp="20220309 21:32:26.609" level="INFO">Exiting for loop altogether.</msg>
<status status="PASS" starttime="20220309 21:32:26.598" endtime="20220309 21:32:26.609"/>
</kw>
<status status="PASS" starttime="20220309 21:32:26.498" endtime="20220309 21:32:26.610"/>
</iter>
<status status="PASS" starttime="20220309 21:32:25.649" endtime="20220309 21:32:26.688"/>
</for>
<kw name="Date Convertion" library="Page_agendamento_functions">
<var>${diadasemana}</var>
<arg>${Valor_campos_agendamento.ano}/${Valor_campos_agendamento.mes}/${Valor_campos_agendamento.dia}</arg>
<kw name="Convert Date" library="DateTime">
<var>${day}</var>
<arg>${Date}</arg>
<arg>result_format=%a</arg>
<doc>Converts between supported `date formats`.</doc>
<msg timestamp="20220309 21:32:26.703" level="INFO">${day} = Thu</msg>
<status status="PASS" starttime="20220309 21:32:26.697" endtime="20220309 21:32:26.703"/>
</kw>
<if>
<branch type="IF" condition="'${day}' == 'Mon'">
<kw name="Set Variable" library="BuiltIn">
<var>${day}</var>
<arg>Segunda-feira</arg>
<doc>Returns the given values which can then be assigned to a variables.</doc>
<status status="NOT RUN" starttime="20220309 21:32:26.705" endtime="20220309 21:32:26.705"/>
</kw>
<status status="NOT RUN" starttime="20220309 21:32:26.704" endtime="20220309 21:32:26.705"/>
</branch>
<branch type="ELSE IF" condition="'${day}' == 'Tue'">
<kw name="Set Variable" library="BuiltIn">
<var>${day}</var>
<arg>Terça-feira</arg>
<doc>Returns the given values which can then be assigned to a variables.</doc>
<status status="NOT RUN" starttime="20220309 21:32:26.706" endtime="20220309 21:32:26.706"/>
</kw>
<status status="NOT RUN" starttime="20220309 21:32:26.705" endtime="20220309 21:32:26.706"/>
</branch>
<branch type="ELSE IF" condition="'${day}' == 'Wed'">
<kw name="Set Variable" library="BuiltIn">
<var>${day}</var>
<arg>Quarta-feira</arg>
<doc>Returns the given values which can then be assigned to a variables.</doc>
<status status="NOT RUN" starttime="20220309 21:32:26.708" endtime="20220309 21:32:26.708"/>
</kw>
<status status="NOT RUN" starttime="20220309 21:32:26.707" endtime="20220309 21:32:26.708"/>
</branch>
<branch type="ELSE IF" condition="'${day}' == 'Thu'">
<kw name="Set Variable" library="BuiltIn">
<var>${day}</var>
<arg>Quinta-feira</arg>
<doc>Returns the given values which can then be assigned to a variables.</doc>
<msg timestamp="20220309 21:32:26.710" level="INFO">${day} = Quinta-feira</msg>
<status status="PASS" starttime="20220309 21:32:26.709" endtime="20220309 21:32:26.710"/>
</kw>
<status status="PASS" starttime="20220309 21:32:26.709" endtime="20220309 21:32:26.710"/>
</branch>
<branch type="ELSE IF" condition="'${day}' == 'Fri'">
<kw name="Set Variable" library="BuiltIn">
<var>${day}</var>
<arg>Sexta-feira</arg>
<doc>Returns the given values which can then be assigned to a variables.</doc>
<status status="NOT RUN" starttime="20220309 21:32:26.711" endtime="20220309 21:32:26.711"/>
</kw>
<status status="NOT RUN" starttime="20220309 21:32:26.710" endtime="20220309 21:32:26.711"/>
</branch>
<branch type="ELSE IF" condition="'${day}' == 'Sat'">
<kw name="Set Variable" library="BuiltIn">
<var>${day}</var>
<arg>Sábado</arg>
<doc>Returns the given values which can then be assigned to a variables.</doc>
<status status="NOT RUN" starttime="20220309 21:32:26.712" endtime="20220309 21:32:26.712"/>
</kw>
<status status="NOT RUN" starttime="20220309 21:32:26.711" endtime="20220309 21:32:26.712"/>
</branch>
<branch type="ELSE IF" condition="'${day}' == 'Sun'">
<kw name="Set Variable" library="BuiltIn">
<var>${day}</var>
<arg>Domingo</arg>
<doc>Returns the given values which can then be assigned to a variables.</doc>
<status status="NOT RUN" starttime="20220309 21:32:26.713" endtime="20220309 21:32:26.713"/>
</kw>
<status status="NOT RUN" starttime="20220309 21:32:26.712" endtime="20220309 21:32:26.713"/>
</branch>
<status status="PASS" starttime="20220309 21:32:26.703" endtime="20220309 21:32:26.713"/>
</if>
<msg timestamp="20220309 21:32:26.714" level="INFO">${diadasemana} = Quinta-feira</msg>
<status status="PASS" starttime="20220309 21:32:26.689" endtime="20220309 21:32:26.714"/>
</kw>
<if>
<branch type="IF" condition="'${diadasemana}' == 'Segunda-feira'">
<kw name="Set Variable" library="BuiltIn">
<var>${aux}</var>
<arg>1</arg>
<doc>Returns the given values which can then be assigned to a variables.</doc>
<status status="NOT RUN" starttime="20220309 21:32:26.715" endtime="20220309 21:32:26.715"/>
</kw>
<kw name="Procura dia" library="Page_agendamento_functions">
<var>${cont}</var>
<arg>${Valor_campos_agendamento.dia}</arg>
<arg>${aux}</arg>
<status status="NOT RUN" starttime="20220309 21:32:26.716" endtime="20220309 21:32:26.716"/>
</kw>
<kw name="Click" library="Browser">
<arg>xpath=${table}div[${cont}]/div[2]/table/tbody/tr[1]/td[1]${fim}</arg>
<tag>PageContent</tag>
<tag>Setter</tag>
<doc>Simulates mouse click on the element found by ``selector``.</doc>
<status status="NOT RUN" starttime="20220309 21:32:26.717" endtime="20220309 21:32:26.717"/>
</kw>
<status status="NOT RUN" starttime="20220309 21:32:26.714" endtime="20220309 21:32:26.718"/>
</branch>
<branch type="ELSE IF" condition="'${diadasemana}' == 'Terça-feira'">
<kw name="Set Variable" library="BuiltIn">
<var>${aux}</var>
<arg>2</arg>
<doc>Returns the given values which can then be assigned to a variables.</doc>
<status status="NOT RUN" starttime="20220309 21:32:26.719" endtime="20220309 21:32:26.719"/>
</kw>
<kw name="Procura dia" library="Page_agendamento_functions">
<var>${cont}</var>
<arg>${Valor_campos_agendamento.dia}</arg>
<arg>${aux}</arg>
<status status="NOT RUN" starttime="20220309 21:32:26.720" endtime="20220309 21:32:26.720"/>
</kw>
<kw name="Click" library="Browser">
<arg>xpath=${table}div[${cont}]/div[2]/table/tbody/tr[1]/td[2]${fim}</arg>
<tag>PageContent</tag>
<tag>Setter</tag>
<doc>Simulates mouse click on the element found by ``selector``.</doc>
<status status="NOT RUN" starttime="20220309 21:32:26.721" endtime="20220309 21:32:26.721"/>
</kw>
<status status="NOT RUN" starttime="20220309 21:32:26.718" endtime="20220309 21:32:26.721"/>
</branch>
<branch type="ELSE IF" condition="'${diadasemana}' == 'Quarta-feira'">
<kw name="Set Variable" library="BuiltIn">
<var>${aux}</var>
<arg>3</arg>
<doc>Returns the given values which can then be assigned to a variables.</doc>
<status status="NOT RUN" starttime="20220309 21:32:26.722" endtime="20220309 21:32:26.722"/>
</kw>
<kw name="Procura dia" library="Page_agendamento_functions">
<var>${cont}</var>
<arg>${Valor_campos_agendamento.dia}</arg>
<arg>${aux}</arg>
<status status="NOT RUN" starttime="20220309 21:32:26.723" endtime="20220309 21:32:26.723"/>
</kw>
<kw name="Click" library="Browser">
<arg>xpath=${table}div[${cont}]/div[2]/table/tbody/tr[1]/td[3]${fim}</arg>
<tag>PageContent</tag>
<tag>Setter</tag>
<doc>Simulates mouse click on the element found by ``selector``.</doc>
<status status="NOT RUN" starttime="20220309 21:32:26.724" endtime="20220309 21:32:26.724"/>
</kw>
<status status="NOT RUN" starttime="20220309 21:32:26.721" endtime="20220309 21:32:26.724"/>
</branch>
<branch type="ELSE IF" condition="'${diadasemana}' == 'Quinta-feira'">
<kw name="Set Variable" library="BuiltIn">
<var>${aux}</var>
<arg>4</arg>
<doc>Returns the given values which can then be assigned to a variables.</doc>
<msg timestamp="20220309 21:32:26.726" level="INFO">${aux} = 4</msg>
<status status="PASS" starttime="20220309 21:32:26.725" endtime="20220309 21:32:26.726"/>
</kw>
<kw name="Procura dia" library="Page_agendamento_functions">
<var>${cont}</var>
<arg>${Valor_campos_agendamento.dia}</arg>
<arg>${aux}</arg>
<for flavor="IN RANGE">
<var>${contador3}</var>
<value>1</value>
<value>7</value>
<iter>
<var name="${contador3}">1</var>
<kw name="Get Text" library="Browser">
<var>${aux_2}</var>
<arg>xpath=//*[@id="calendar"]/div/div/table/tbody/tr/td/div/div/div[${contador3}]/div[2]/table/thead/tr/td[${aux}]/a</arg>
<tag>Assertion</tag>
<tag>Getter</tag>
<tag>PageContent</tag>
<doc>Returns text attribute of the element found by ``selector``.
See the `Finding elements` section for details about the selectors.</doc>
<msg timestamp="20220309 21:32:26.747" level="INFO">${aux_2} = 5</msg>
<status status="PASS" starttime="20220309 21:32:26.731" endtime="20220309 21:32:26.747"/>
</kw>
<if>
<branch type="IF" condition="${aux_2} &lt; 10">
<kw name="Set Variable" library="BuiltIn">
<var>${aux_2}</var>
<arg>0${aux_2}</arg>
<doc>Returns the given values which can then be assigned to a variables.</doc>
<msg timestamp="20220309 21:32:26.749" level="INFO">${aux_2} = 05</msg>
<status status="PASS" starttime="20220309 21:32:26.748" endtime="20220309 21:32:26.749"/>
</kw>
<status status="PASS" starttime="20220309 21:32:26.747" endtime="20220309 21:32:26.749"/>
</branch>
<status status="PASS" starttime="20220309 21:32:26.747" endtime="20220309 21:32:26.750"/>
</if>
<if>
<branch type="IF" condition="'${dia}' == '${aux_2}'">
<kw name="Exit For Loop" library="BuiltIn">
<doc>Stops executing the enclosing for loop.</doc>
<msg timestamp="20220309 21:32:26.751" level="INFO">Exiting for loop altogether.</msg>
<status status="PASS" starttime="20220309 21:32:26.751" endtime="20220309 21:32:26.752"/>
</kw>
<status status="PASS" starttime="20220309 21:32:26.750" endtime="20220309 21:32:26.752"/>
</branch>
<status status="PASS" starttime="20220309 21:32:26.750" endtime="20220309 21:32:26.752"/>
</if>
<status status="PASS" starttime="20220309 21:32:26.730" endtime="20220309 21:32:26.752"/>
</iter>
<status status="PASS" starttime="20220309 21:32:26.730" endtime="20220309 21:32:26.752"/>
</for>
<msg timestamp="20220309 21:32:26.753" level="INFO">${cont} = 1</msg>
<status status="PASS" starttime="20220309 21:32:26.727" endtime="20220309 21:32:26.753"/>
</kw>
<kw name="Click" library="Browser">
<arg>xpath=${table}div[${cont}]/div[2]/table/tbody/tr[1]/td[4]${fim}</arg>
<tag>PageContent</tag>
<tag>Setter</tag>
<doc>Simulates mouse click on the element found by ``selector``.</doc>
<status status="PASS" starttime="20220309 21:32:26.754" endtime="20220309 21:32:26.995"/>
</kw>
<status status="PASS" starttime="20220309 21:32:26.725" endtime="20220309 21:32:26.995"/>
</branch>
<branch type="ELSE IF" condition="'${diadasemana}' == 'Sexta-feira'">
<kw name="Set Variable" library="BuiltIn">
<var>${aux}</var>
<arg>5</arg>
<doc>Returns the given values which can then be assigned to a variables.</doc>
<status status="NOT RUN" starttime="20220309 21:32:26.996" endtime="20220309 21:32:26.997"/>
</kw>
<kw name="Procura dia" library="Page_agendamento_functions">
<var>${cont}</var>
<arg>${Valor_campos_agendamento.dia}</arg>
<arg>${aux}</arg>
<status status="NOT RUN" starttime="20220309 21:32:26.998" endtime="20220309 21:32:26.998"/>
</kw>
<kw name="Click" library="Browser">
<arg>xpath=${table}div[${cont}]/div[2]/table/tbody/tr[1]/td[5]${fim}</arg>
<tag>PageContent</tag>
<tag>Setter</tag>
<doc>Simulates mouse click on the element found by ``selector``.</doc>
<status status="NOT RUN" starttime="20220309 21:32:27.000" endtime="20220309 21:32:27.000"/>
</kw>
<status status="NOT RUN" starttime="20220309 21:32:26.995" endtime="20220309 21:32:27.000"/>
</branch>
<status status="PASS" starttime="20220309 21:32:26.714" endtime="20220309 21:32:27.000"/>
</if>
<status status="PASS" starttime="20220309 21:32:25.648" endtime="20220309 21:32:27.001"/>
</kw>
<status status="PASS" starttime="20220309 21:32:25.647" endtime="20220309 21:32:27.001"/>
</kw>
<status status="PASS" starttime="20220309 21:32:25.645" endtime="20220309 21:32:27.002"/>
</kw>
<kw name="E" library="bdd">
<arg>informar qual o tipo de consulta ${Valor_campos_agendamento.consulta_primeira_vez}</arg>
<kw name="Run Keyword" library="BuiltIn">
<arg>@{Keywords}</arg>
<doc>Executes the given keyword with the given arguments.</doc>
<kw name="informar qual o tipo de consulta primeira vez" library="Page_agendamento" sourcename="informar qual o tipo de consulta ${VALOR}">
<kw name="Click" library="Browser">
<arg>xpath=${Campos_agendamento.consulta}</arg>
<tag>PageContent</tag>
<tag>Setter</tag>
<doc>Simulates mouse click on the element found by ``selector``.</doc>
<status status="PASS" starttime="20220309 21:32:27.012" endtime="20220309 21:32:27.509"/>
</kw>
<kw name="Convert To Upper Case" library="String">
<var>${VALOR}</var>
<arg>${VALOR}</arg>
<doc>Converts string to upper case.</doc>
<msg timestamp="20220309 21:32:27.512" level="INFO">${VALOR} = PRIMEIRA VEZ</msg>
<status status="PASS" starttime="20220309 21:32:27.510" endtime="20220309 21:32:27.512"/>
</kw>
<kw name="Log To Console" library="BuiltIn">
<arg>${VALOR}</arg>
<doc>Logs the given message to the console.</doc>
<status status="PASS" starttime="20220309 21:32:27.513" endtime="20220309 21:32:27.515"/>
</kw>
<if>
<branch type="IF" condition="'${VALOR}' == 'PRIMEIRA VEZ'">
<kw name="Set Variable" library="BuiltIn">
<var>${idconsultas}</var>
<arg>1</arg>
<doc>Returns the given values which can then be assigned to a variables.</doc>
<msg timestamp="20220309 21:32:27.517" level="INFO">${idconsultas} = 1</msg>
<status status="PASS" starttime="20220309 21:32:27.517" endtime="20220309 21:32:27.517"/>
</kw>
<kw name="Click" library="Browser">
<arg>xpath=${Campos_agendamento.identificador_consulta}/a[${idconsultas}]</arg>
<tag>PageContent</tag>
<tag>Setter</tag>
<doc>Simulates mouse click on the element found by ``selector``.</doc>
<status status="PASS" starttime="20220309 21:32:27.518" endtime="20220309 21:32:27.577"/>
</kw>
<status status="PASS" starttime="20220309 21:32:27.516" endtime="20220309 21:32:27.578"/>
</branch>
<branch type="ELSE IF" condition="'${VALOR}' == 'RETORNO'">
<kw name="Set Variable" library="BuiltIn">
<var>${idconsultas}</var>
<arg>2</arg>
<doc>Returns the given values which can then be assigned to a variables.</doc>
<status status="NOT RUN" starttime="20220309 21:32:27.579" endtime="20220309 21:32:27.579"/>
</kw>
<kw name="Click" library="Browser">
<arg>xpath=${Campos_agendamento.identificador_consulta}/a[${idconsultas}]</arg>
<tag>PageContent</tag>
<tag>Setter</tag>
<doc>Simulates mouse click on the element found by ``selector``.</doc>
<status status="NOT RUN" starttime="20220309 21:32:27.581" endtime="20220309 21:32:27.581"/>
</kw>
<status status="NOT RUN" starttime="20220309 21:32:27.578" endtime="20220309 21:32:27.582"/>
</branch>
<branch type="ELSE">
<kw name="Set Variable" library="BuiltIn">
<var>${idconsultas}</var>
<arg>3</arg>
<doc>Returns the given values which can then be assigned to a variables.</doc>
<status status="NOT RUN" starttime="20220309 21:32:27.583" endtime="20220309 21:32:27.584"/>
</kw>
<kw name="Click" library="Browser">
<arg>xpath=${Campos_agendamento.identificador_consulta}/a[${idconsultas}]</arg>
<tag>PageContent</tag>
<tag>Setter</tag>
<doc>Simulates mouse click on the element found by ``selector``.</doc>
<status status="NOT RUN" starttime="20220309 21:32:27.585" endtime="20220309 21:32:27.585"/>
</kw>
<status status="NOT RUN" starttime="20220309 21:32:27.582" endtime="20220309 21:32:27.585"/>
</branch>
<status status="PASS" starttime="20220309 21:32:27.515" endtime="20220309 21:32:27.586"/>
</if>
<status status="PASS" starttime="20220309 21:32:27.010" endtime="20220309 21:32:27.586"/>
</kw>
<status status="PASS" starttime="20220309 21:32:27.009" endtime="20220309 21:32:27.587"/>
</kw>
<status status="PASS" starttime="20220309 21:32:27.003" endtime="20220309 21:32:27.587"/>
</kw>
<kw name="E" library="bdd">
<arg>informe o usuario de serviço ${Valor_campos_agendamento.usuario_de_servico2}</arg>
<kw name="Run Keyword" library="BuiltIn">
<arg>@{Keywords}</arg>
<doc>Executes the given keyword with the given arguments.</doc>
<kw name="informe o usuario de serviço Mayara" library="Page_agendamento" sourcename="informe o usuario de serviço ${VALOR}">
<kw name="Click" library="Browser">
<arg>xpath=${Campos_agendamento.usuario_de_servico1}</arg>
<tag>PageContent</tag>
<tag>Setter</tag>
<doc>Simulates mouse click on the element found by ``selector``.</doc>
<status status="PASS" starttime="20220309 21:32:27.598" endtime="20220309 21:32:27.661"/>
</kw>
<kw name="Type Text" library="Browser">
<arg>xpath=${Campos_agendamento.usuario_de_servico2}</arg>
<arg>${VALOR}</arg>
<tag>PageContent</tag>
<tag>Setter</tag>
<doc>Types the given ``txt`` into the text field found by ``selector``.</doc>
<msg timestamp="20220309 21:32:27.667" level="INFO">Types the text 'Mayara' in the given field.</msg>
<status status="PASS" starttime="20220309 21:32:27.662" endtime="20220309 21:32:27.715"/>
</kw>
<kw name="Sleep" library="BuiltIn">
<arg>3s</arg>
<doc>Pauses the test executed for the given time.</doc>
<msg timestamp="20220309 21:32:30.718" level="INFO">Slept 3 seconds</msg>
<status status="PASS" starttime="20220309 21:32:27.716" endtime="20220309 21:32:30.719"/>
</kw>
<kw name="Click" library="Browser">
<arg>id=${Buttons_agendamento.selecionar_usuario}</arg>
<tag>PageContent</tag>
<tag>Setter</tag>
<doc>Simulates mouse click on the element found by ``selector``.</doc>
<status status="PASS" starttime="20220309 21:32:30.723" endtime="20220309 21:32:30.809"/>
</kw>
<status status="PASS" starttime="20220309 21:32:27.596" endtime="20220309 21:32:30.809"/>
</kw>
<status status="PASS" starttime="20220309 21:32:27.594" endtime="20220309 21:32:30.809"/>
</kw>
<status status="PASS" starttime="20220309 21:32:27.589" endtime="20220309 21:32:30.810"/>
</kw>
<kw name="E" library="bdd">
<arg>adicionar observação ao comprovante de agendamento e e-mail</arg>
<kw name="Run Keyword" library="BuiltIn">
<arg>@{Keywords}</arg>
<doc>Executes the given keyword with the given arguments.</doc>
<kw name="adicionar observação ao comprovante de agendamento e e-mail" library="Page_agendamento">
<kw name="Click" library="Browser">
<arg>xpath=${Buttons_agendamento.adicionar_observacao}</arg>
<tag>PageContent</tag>
<tag>Setter</tag>
<doc>Simulates mouse click on the element found by ``selector``.</doc>
<status status="PASS" starttime="20220309 21:32:30.817" endtime="20220309 21:32:30.872"/>
</kw>
<status status="PASS" starttime="20220309 21:32:30.815" endtime="20220309 21:32:30.872"/>
</kw>
<status status="PASS" starttime="20220309 21:32:30.813" endtime="20220309 21:32:30.872"/>
</kw>
<status status="PASS" starttime="20220309 21:32:30.811" endtime="20220309 21:32:30.873"/>
</kw>
<kw name="E" library="bdd">
<arg>informar a observação do ${Valor_campos_agendamento.observacao}</arg>
<kw name="Run Keyword" library="BuiltIn">
<arg>@{Keywords}</arg>
<doc>Executes the given keyword with the given arguments.</doc>
<kw name="informar a observação do Teste automatizado" library="Page_agendamento" sourcename="informar a observação do ${VALOR}">
<kw name="Fill Text" library="Browser">
<arg>xpath=${Campos_agendamento.observacao}</arg>
<arg>${VALOR}</arg>
<tag>PageContent</tag>
<tag>Setter</tag>
<doc>Clears and fills the given ``text`` into the text field found by ``selector``.</doc>
<msg timestamp="20220309 21:32:30.886" level="INFO">Fills the text 'Teste automatizado' in the given field.</msg>
<status status="PASS" starttime="20220309 21:32:30.881" endtime="20220309 21:32:30.909"/>
</kw>
<status status="PASS" starttime="20220309 21:32:30.879" endtime="20220309 21:32:30.909"/>
</kw>
<status status="PASS" starttime="20220309 21:32:30.878" endtime="20220309 21:32:30.909"/>
</kw>
<status status="PASS" starttime="20220309 21:32:30.873" endtime="20220309 21:32:30.910"/>
</kw>
<kw name="E" library="bdd">
<arg>clicar em ${Buttons_agendamento.salvar}</arg>
<kw name="Run Keyword" library="BuiltIn">
<arg>@{Keywords}</arg>
<doc>Executes the given keyword with the given arguments.</doc>
<kw name="clicar em //*[@id=&quot;botoesModal&quot;]/button[1]" library="Page_agendamento" sourcename="clicar em ${CAMPO}">
<kw name="Click" library="Browser">
<arg>xpath=${CAMPO}</arg>
<tag>PageContent</tag>
<tag>Setter</tag>
<doc>Simulates mouse click on the element found by ``selector``.</doc>
<status status="PASS" starttime="20220309 21:32:30.920" endtime="20220309 21:32:30.975"/>
</kw>
<status status="PASS" starttime="20220309 21:32:30.918" endtime="20220309 21:32:30.976"/>
</kw>
<status status="PASS" starttime="20220309 21:32:30.916" endtime="20220309 21:32:30.976"/>
</kw>
<status status="PASS" starttime="20220309 21:32:30.911" endtime="20220309 21:32:30.977"/>
</kw>
<kw name="Quando" library="bdd">
<arg>imprimir comprovante de agendamento ${Buttons_agendamento.sim}</arg>
<kw name="Run Keyword" library="BuiltIn">
<arg>@{Keywords}</arg>
<doc>Executes the given keyword with the given arguments.</doc>
<kw name="imprimir comprovante de agendamento /html/body/div[5]/div/div[4]/div[2]/button" library="Page_agendamento" sourcename="imprimir comprovante de agendamento ${CAMPO}">
<kw name="Click" library="Browser">
<arg>xpath=${CAMPO}</arg>
<tag>PageContent</tag>
<tag>Setter</tag>
<doc>Simulates mouse click on the element found by ``selector``.</doc>
<status status="PASS" starttime="20220309 21:32:30.993" endtime="20220309 21:32:31.691"/>
</kw>
<kw name="Switch Page" library="Browser">
<var>${previous}</var>
<arg>NEW</arg>
<tag>BrowserControl</tag>
<tag>Setter</tag>
<doc>Switches the active browser page to another open page by ``id`` or ``NEW``.
Returns a stable identifier ``id`` for the previous page.
See `Browser, Context and Page` for more information about Page and related concepts.</doc>
<msg timestamp="20220309 21:32:32.080" level="INFO">Activated new page page=dbe8b8ba-4b00-4a08-8589-8ce26965156b</msg>
<msg timestamp="20220309 21:32:32.080" level="INFO">${previous} = page=24b7b025-30fe-4fb1-8e8b-11a5c372cff5</msg>
<status status="PASS" starttime="20220309 21:32:31.692" endtime="20220309 21:32:32.080"/>
</kw>
<kw name="Close Page" library="Browser">
<arg>CURRENT</arg>
<tag>BrowserControl</tag>
<tag>Setter</tag>
<doc>Closes the ``page`` in ``context`` in ``browser``. Defaults to current for all three.
Activated page is set to first active page.
See `Browser, Context and Page` for more information about Page and related concepts.</doc>
<msg timestamp="20220309 21:32:32.087" level="INFO">[{"type": "chromium", "id": "browser=591a928e-7b8d-4e1c-8d68-63a4677e8d85", "contexts": [{"type": "context", "id": "context=61acf9da-3dbb-46b1-a365-ec52ad678eea", "activePage": "page=dbe8b8ba-4b00-4a08-8589-8ce26965156b", "pages": [{"type": "page", "title": "SigSa\u00fade | Consultar agenda", "url": "https://homologacaosigsaude.imd.ufrn.br/sigsaude/agendamento#", "id": "page=24b7b025-30fe-4fb1-8e8b-11a5c372cff5", "timestamp": 1646872329.02}, {"type": "page", "title": "Protocolo de Agendamento | PDF", "url": "https://homologacaosigsaude.imd.ufrn.br/sigsaude/9518/protocoloAgendamento/true", "id": "page=dbe8b8ba-4b00-4a08-8589-8ce26965156b", "timestamp": 1646872352.074}]}], "activeContext": "context=61acf9da-3dbb-46b1-a365-ec52ad678eea", "activeBrowser": true}]</msg>
<msg timestamp="20220309 21:32:32.089" level="INFO">Active context id</msg>
<msg timestamp="20220309 21:32:32.091" level="INFO">Successfully changed active browser</msg>
<msg timestamp="20220309 21:32:32.093" level="INFO">Returned active context id</msg>
<msg timestamp="20220309 21:32:32.096" level="INFO">Successfully changed active context</msg>
<msg timestamp="20220309 21:32:32.105" level="INFO">Successfully closed Page</msg>
<status status="PASS" starttime="20220309 21:32:32.081" endtime="20220309 21:32:32.105"/>
</kw>
<status status="PASS" starttime="20220309 21:32:30.987" endtime="20220309 21:32:32.105"/>
</kw>
<status status="PASS" starttime="20220309 21:32:30.983" endtime="20220309 21:32:32.106"/>
</kw>
<status status="PASS" starttime="20220309 21:32:30.978" endtime="20220309 21:32:32.106"/>
</kw>
<kw name="Então" library="bdd">
<arg>avisar por email ${Buttons_agendamento.sim}</arg>
<kw name="Run Keyword" library="BuiltIn">
<arg>@{Keywords}</arg>
<doc>Executes the given keyword with the given arguments.</doc>
<kw name="avisar por email /html/body/div[5]/div/div[4]/div[2]/button" library="Page_agendamento" sourcename="avisar por email ${CAMPO}">
<kw name="Click" library="Browser">
<arg>xpath=${CAMPO}</arg>
<tag>PageContent</tag>
<tag>Setter</tag>
<doc>Simulates mouse click on the element found by ``selector``.</doc>
<status status="PASS" starttime="20220309 21:32:32.116" endtime="20220309 21:32:32.164"/>
</kw>
<status status="PASS" starttime="20220309 21:32:32.114" endtime="20220309 21:32:32.164"/>
</kw>
<status status="PASS" starttime="20220309 21:32:32.112" endtime="20220309 21:32:32.165"/>
</kw>
<status status="PASS" starttime="20220309 21:32:32.107" endtime="20220309 21:32:32.165"/>
</kw>
<status status="PASS" starttime="20220309 21:32:19.479" endtime="20220309 21:32:32.166"/>
</test>
<test id="s1-t2" name="[011] - Cancelar agendamento (Completo)">
<kw name="Dado" library="bdd">
<arg>que o usuario está na tela "agendamento"</arg>
<kw name="Run Keyword" library="BuiltIn">
<arg>@{Keywords}</arg>
<doc>Executes the given keyword with the given arguments.</doc>
<kw name="que o usuario está na tela &quot;agendamento&quot;" library="nav" sourcename="que o usuario está na tela &quot;${tela}&quot;">
<kw name="Direcionamento da tela &quot;${tela}&quot;" library="nav" sourcename="Direcionamento da tela &quot;${page}&quot;">
<kw name="Get JSON" library="base">
<var>${telas_json}</var>
<arg>telas.json</arg>
<kw name="Get File" library="OperatingSystem">
<var>${file}</var>
<arg>${EXECDIR}/Files/${file_name}</arg>
<doc>Returns the contents of a specified file.</doc>
<msg timestamp="20220309 21:32:32.188" level="INFO" html="true">Getting file '&lt;a href="file:///home/m.calixta/RobotFramework-Sigsaude/Files/telas.json"&gt;/home/m.calixta/RobotFramework-Sigsaude/Files/telas.json&lt;/a&gt;'.</msg>
<msg timestamp="20220309 21:32:32.189" level="INFO">${file} = {
    "login":"/login",
    "novo usuario de serviço":"/paciente/cadastro",
    "listar usuarios de serviço":"/paciente",
    "cadastro de colaborador":"/colaborador/form",
    "agendamento":"/agendam...</msg>
<status status="PASS" starttime="20220309 21:32:32.187" endtime="20220309 21:32:32.189"/>
</kw>
<kw name="Evaluate" library="BuiltIn">
<var>${super_var}</var>
<arg>json.loads($file)</arg>
<arg>json</arg>
<doc>Evaluates the given expression in Python and returns the result.</doc>
<msg timestamp="20220309 21:32:32.192" level="INFO">${super_var} = {'login': '/login', 'novo usuario de serviço': '/paciente/cadastro', 'listar usuarios de serviço': '/paciente', 'cadastro de colaborador': '/colaborador/form', 'agendamento': '/agendamento', 'listar c...</msg>
<status status="PASS" starttime="20220309 21:32:32.190" endtime="20220309 21:32:32.192"/>
</kw>
<msg timestamp="20220309 21:32:32.193" level="INFO">${telas_json} = {'login': '/login', 'novo usuario de serviço': '/paciente/cadastro', 'listar usuarios de serviço': '/paciente', 'cadastro de colaborador': '/colaborador/form', 'agendamento': '/agendamento', 'listar c...</msg>
<status status="PASS" starttime="20220309 21:32:32.185" endtime="20220309 21:32:32.194"/>
</kw>
<kw name="Get JSON" library="base">
<var>${config_json}</var>
<arg>config.json</arg>
<kw name="Get File" library="OperatingSystem">
<var>${file}</var>
<arg>${EXECDIR}/Files/${file_name}</arg>
<doc>Returns the contents of a specified file.</doc>
<msg timestamp="20220309 21:32:32.198" level="INFO" html="true">Getting file '&lt;a href="file:///home/m.calixta/RobotFramework-Sigsaude/Files/config.json"&gt;/home/m.calixta/RobotFramework-Sigsaude/Files/config.json&lt;/a&gt;'.</msg>
<msg timestamp="20220309 21:32:32.199" level="INFO">${file} = {
    "base_url":"https://homologacaosigsaude.imd.ufrn.br/sigsaude",
    "navegador":"chromium",
    "lelog":"https://lelog.netlify.app/"

}</msg>
<status status="PASS" starttime="20220309 21:32:32.197" endtime="20220309 21:32:32.200"/>
</kw>
<kw name="Evaluate" library="BuiltIn">
<var>${super_var}</var>
<arg>json.loads($file)</arg>
<arg>json</arg>
<doc>Evaluates the given expression in Python and returns the result.</doc>
<msg timestamp="20220309 21:32:32.203" level="INFO">${super_var} = {'base_url': 'https://homologacaosigsaude.imd.ufrn.br/sigsaude', 'navegador': 'chromium', 'lelog': 'https://lelog.netlify.app/'}</msg>
<status status="PASS" starttime="20220309 21:32:32.201" endtime="20220309 21:32:32.203"/>
</kw>
<msg timestamp="20220309 21:32:32.204" level="INFO">${config_json} = {'base_url': 'https://homologacaosigsaude.imd.ufrn.br/sigsaude', 'navegador': 'chromium', 'lelog': 'https://lelog.netlify.app/'}</msg>
<status status="PASS" starttime="20220309 21:32:32.195" endtime="20220309 21:32:32.205"/>
</kw>
<kw name="Go To" library="Browser">
<arg>${config_json["base_url"]}${telas_json["${page}"]}</arg>
<tag>BrowserControl</tag>
<tag>Setter</tag>
<doc>Navigates to the given ``url``.</doc>
<msg timestamp="20220309 21:32:35.359" level="INFO">Succesfully opened URL https://homologacaosigsaude.imd.ufrn.br/sigsaude/agendamento</msg>
<status status="PASS" starttime="20220309 21:32:32.206" endtime="20220309 21:32:35.359"/>
</kw>
<status status="PASS" starttime="20220309 21:32:32.184" endtime="20220309 21:32:35.360"/>
</kw>
<status status="PASS" starttime="20220309 21:32:32.181" endtime="20220309 21:32:35.360"/>
</kw>
<status status="PASS" starttime="20220309 21:32:32.180" endtime="20220309 21:32:35.360"/>
</kw>
<status status="PASS" starttime="20220309 21:32:32.178" endtime="20220309 21:32:35.361"/>
</kw>
<kw name="E" library="bdd">
<arg>filtrar ${Filtro_agendamentos.agendados}</arg>
<kw name="Run Keyword" library="BuiltIn">
<arg>@{Keywords}</arg>
<doc>Executes the given keyword with the given arguments.</doc>
<kw name="filtrar AGENDADOS" library="Page_agendamento" sourcename="filtrar ${VALOR}">
<if>
<branch type="IF" condition="&quot;${VALOR}&quot; == &quot;${Filtro_agendamentos.disponiveis}&quot;">
<for flavor="IN RANGE">
<var>${contador}</var>
<value>2</value>
<value>6</value>
<iter>
<var name="${contador}">${contador}</var>
<kw name="Click" library="Browser">
<arg>xpath=${Filtro_agendamentos.identificador}span[${contador}]</arg>
<tag>PageContent</tag>
<tag>Setter</tag>
<doc>Simulates mouse click on the element found by ``selector``.</doc>
<status status="NOT RUN" starttime="20220309 21:32:35.379" endtime="20220309 21:32:35.380"/>
</kw>
<status status="NOT RUN" starttime="20220309 21:32:35.377" endtime="20220309 21:32:35.380"/>
</iter>
<status status="NOT RUN" starttime="20220309 21:32:35.377" endtime="20220309 21:32:35.380"/>
</for>
<status status="NOT RUN" starttime="20220309 21:32:35.376" endtime="20220309 21:32:35.381"/>
</branch>
<branch type="ELSE IF" condition="&quot;${VALOR}&quot; == &quot;${Filtro_agendamentos.agendados}&quot;">
<for flavor="IN RANGE">
<var>${contador}</var>
<value>3</value>
<value>7</value>
<iter>
<var name="${contador}">3</var>
<kw name="Click" library="Browser">
<arg>xpath=${Filtro_agendamentos.identificador}span[${contador}]</arg>
<tag>PageContent</tag>
<tag>Setter</tag>
<doc>Simulates mouse click on the element found by ``selector``.</doc>
<status status="PASS" starttime="20220309 21:32:35.388" endtime="20220309 21:32:36.442"/>
</kw>
<status status="PASS" starttime="20220309 21:32:35.387" endtime="20220309 21:32:36.442"/>
</iter>
<iter>
<var name="${contador}">4</var>
<kw name="Click" library="Browser">
<arg>xpath=${Filtro_agendamentos.identificador}span[${contador}]</arg>
<tag>PageContent</tag>
<tag>Setter</tag>
<doc>Simulates mouse click on the element found by ``selector``.</doc>
<status status="PASS" starttime="20220309 21:32:36.443" endtime="20220309 21:32:36.559"/>
</kw>
<status status="PASS" starttime="20220309 21:32:36.442" endtime="20220309 21:32:36.559"/>
</iter>
<iter>
<var name="${contador}">5</var>
<kw name="Click" library="Browser">
<arg>xpath=${Filtro_agendamentos.identificador}span[${contador}]</arg>
<tag>PageContent</tag>
<tag>Setter</tag>
<doc>Simulates mouse click on the element found by ``selector``.</doc>
<status status="PASS" starttime="20220309 21:32:36.561" endtime="20220309 21:32:36.676"/>
</kw>
<status status="PASS" starttime="20220309 21:32:36.559" endtime="20220309 21:32:36.677"/>
</iter>
<iter>
<var name="${contador}">6</var>
<kw name="Click" library="Browser">
<arg>xpath=${Filtro_agendamentos.identificador}span[${contador}]</arg>
[...]
</kw>
<status status="PASS" starttime="20220309 21:32:38.479" endtime="20220309 21:32:38.679"/>
</iter>
<status status="PASS" starttime="20220309 21:32:36.772" endtime="20220309 21:32:38.761"/>
</for>
<kw name="Date Convertion" library="Page_agendamento_functions">
<var>${diadasemana}</var>
<arg>${Valor_campos_agendamento.ano_c}/${Valor_campos_agendamento.mes_c}/${Valor_campos_agendamento.dia_c}</arg>
<kw name="Convert Date" library="DateTime">
<var>${day}</var>
<arg>${Date}</arg>
<arg>result_format=%a</arg>
<doc>Converts between supported `date formats`.</doc>
<msg timestamp="20220309 21:32:38.773" level="INFO">${day} = Thu</msg>
<status status="PASS" starttime="20220309 21:32:38.772" endtime="20220309 21:32:38.773"/>
</kw>
<if>
<branch type="IF" condition="'${day}' == 'Mon'">
<kw name="Set Variable" library="BuiltIn">
<var>${day}</var>
<arg>Segunda-feira</arg>
<doc>Returns the given values which can then be assigned to a variables.</doc>
<status status="NOT RUN" starttime="20220309 21:32:38.774" endtime="20220309 21:32:38.774"/>
</kw>
<status status="NOT RUN" starttime="20220309 21:32:38.773" endtime="20220309 21:32:38.774"/>
</branch>
<branch type="ELSE IF" condition="'${day}' == 'Tue'">
<kw name="Set Variable" library="BuiltIn">
<var>${day}</var>
<arg>Terça-feira</arg>
<doc>Returns the given values which can then be assigned to a variables.</doc>
<status status="NOT RUN" starttime="20220309 21:32:38.776" endtime="20220309 21:32:38.776"/>
</kw>
<status status="NOT RUN" starttime="20220309 21:32:38.775" endtime="20220309 21:32:38.776"/>
</branch>
<branch type="ELSE IF" condition="'${day}' == 'Wed'">
<kw name="Set Variable" library="BuiltIn">
<var>${day}</var>
<arg>Quarta-feira</arg>
<doc>Returns the given values which can then be assigned to a variables.</doc>
<status status="NOT RUN" starttime="20220309 21:32:38.777" endtime="20220309 21:32:38.777"/>
</kw>
<status status="NOT RUN" starttime="20220309 21:32:38.776" endtime="20220309 21:32:38.777"/>
</branch>
<branch type="ELSE IF" condition="'${day}' == 'Thu'">
<kw name="Set Variable" library="BuiltIn">
<var>${day}</var>
<arg>Quinta-feira</arg>
<doc>Returns the given values which can then be assigned to a variables.</doc>
<msg timestamp="20220309 21:32:38.779" level="INFO">${day} = Quinta-feira</msg>
<status status="PASS" starttime="20220309 21:32:38.778" endtime="20220309 21:32:38.779"/>
</kw>
<status status="PASS" starttime="20220309 21:32:38.777" endtime="20220309 21:32:38.779"/>
</branch>
<branch type="ELSE IF" condition="'${day}' == 'Fri'">
<kw name="Set Variable" library="BuiltIn">
<var>${day}</var>
<arg>Sexta-feira</arg>
<doc>Returns the given values which can then be assigned to a variables.</doc>
<status status="NOT RUN" starttime="20220309 21:32:38.780" endtime="20220309 21:32:38.780"/>
</kw>
<status status="NOT RUN" starttime="20220309 21:32:38.779" endtime="20220309 21:32:38.780"/>
</branch>
<branch type="ELSE IF" condition="'${day}' == 'Sat'">
<kw name="Set Variable" library="BuiltIn">
<var>${day}</var>
<arg>Sábado</arg>
<doc>Returns the given values which can then be assigned to a variables.</doc>
<status status="NOT RUN" starttime="20220309 21:32:38.781" endtime="20220309 21:32:38.782"/>
</kw>
<status status="NOT RUN" starttime="20220309 21:32:38.780" endtime="20220309 21:32:38.782"/>
</branch>
<branch type="ELSE IF" condition="'${day}' == 'Sun'">
<kw name="Set Variable" library="BuiltIn">
<var>${day}</var>
<arg>Domingo</arg>
<doc>Returns the given values which can then be assigned to a variables.</doc>
<status status="NOT RUN" starttime="20220309 21:32:38.782" endtime="20220309 21:32:38.783"/>
</kw>
<status status="NOT RUN" starttime="20220309 21:32:38.782" endtime="20220309 21:32:38.783"/>
</branch>
<status status="PASS" starttime="20220309 21:32:38.773" endtime="20220309 21:32:38.783"/>
</if>
<msg timestamp="20220309 21:32:38.784" level="INFO">${diadasemana} = Quinta-feira</msg>
<status status="PASS" starttime="20220309 21:32:38.762" endtime="20220309 21:32:38.784"/>
</kw>
<if>
<branch type="IF" condition="'${diadasemana}' == 'Segunda-feira'">
<kw name="Set Variable" library="BuiltIn">
<var>${aux}</var>
<arg>1</arg>
<doc>Returns the given values which can then be assigned to a variables.</doc>
<status status="NOT RUN" starttime="20220309 21:32:38.785" endtime="20220309 21:32:38.785"/>
</kw>
<kw name="Procura dia" library="Page_agendamento_functions">
<var>${cont}</var>
<arg>${Valor_campos_agendamento.dia}</arg>
<arg>${aux}</arg>
<status status="NOT RUN" starttime="20220309 21:32:38.785" endtime="20220309 21:32:38.786"/>
</kw>
<kw name="Click" library="Browser">
<arg>xpath=${table}div[${cont}]/div[2]/table/tbody/tr[1]/td[1]${fim}</arg>
<tag>PageContent</tag>
<tag>Setter</tag>
<doc>Simulates mouse click on the element found by ``selector``.</doc>
<status status="NOT RUN" starttime="20220309 21:32:38.786" endtime="20220309 21:32:38.787"/>
</kw>
<status status="NOT RUN" starttime="20220309 21:32:38.784" endtime="20220309 21:32:38.787"/>
</branch>
<branch type="ELSE IF" condition="'${diadasemana}' == 'Terça-feira'">
<kw name="Set Variable" library="BuiltIn">
<var>${aux}</var>
<arg>2</arg>
<doc>Returns the given values which can then be assigned to a variables.</doc>
<status status="NOT RUN" starttime="20220309 21:32:38.788" endtime="20220309 21:32:38.788"/>
</kw>
<kw name="Procura dia" library="Page_agendamento_functions">
<var>${cont}</var>
<arg>${Valor_campos_agendamento.dia}</arg>
<arg>${aux}</arg>
<status status="NOT RUN" starttime="20220309 21:32:38.789" endtime="20220309 21:32:38.789"/>
</kw>
<kw name="Click" library="Browser">
<arg>xpath=${table}div[${cont}]/div[2]/table/tbody/tr[1]/td[2]${fim}</arg>
<tag>PageContent</tag>
<tag>Setter</tag>
<doc>Simulates mouse click on the element found by ``selector``.</doc>
<status status="NOT RUN" starttime="20220309 21:32:38.790" endtime="20220309 21:32:38.790"/>
</kw>
<status status="NOT RUN" starttime="20220309 21:32:38.787" endtime="20220309 21:32:38.790"/>
</branch>
<branch type="ELSE IF" condition="'${diadasemana}' == 'Quarta-feira'">
<kw name="Set Variable" library="BuiltIn">
<var>${aux}</var>
<arg>3</arg>
<doc>Returns the given values which can then be assigned to a variables.</doc>
<status status="NOT RUN" starttime="20220309 21:32:38.791" endtime="20220309 21:32:38.791"/>
</kw>
<kw name="Procura dia" library="Page_agendamento_functions">
<var>${cont}</var>
<arg>${Valor_campos_agendamento.dia}</arg>
<arg>${aux}</arg>
<status status="NOT RUN" starttime="20220309 21:32:38.792" endtime="20220309 21:32:38.792"/>
</kw>
<kw name="Click" library="Browser">
<arg>xpath=${table}div[${cont}]/div[2]/table/tbody/tr[1]/td[3]${fim}</arg>
<tag>PageContent</tag>
<tag>Setter</tag>
<doc>Simulates mouse click on the element found by ``selector``.</doc>
<status status="NOT RUN" starttime="20220309 21:32:38.792" endtime="20220309 21:32:38.793"/>
</kw>
<status status="NOT RUN" starttime="20220309 21:32:38.790" endtime="20220309 21:32:38.793"/>
</branch>
<branch type="ELSE IF" condition="'${diadasemana}' == 'Quinta-feira'">
<kw name="Set Variable" library="BuiltIn">
<var>${aux}</var>
<arg>4</arg>
<doc>Returns the given values which can then be assigned to a variables.</doc>
<msg timestamp="20220309 21:32:38.794" level="INFO">${aux} = 4</msg>
<status status="PASS" starttime="20220309 21:32:38.794" endtime="20220309 21:32:38.794"/>
</kw>
<kw name="Procura dia" library="Page_agendamento_functions">
<var>${cont}</var>
<arg>${Valor_campos_agendamento.dia}</arg>
<arg>${aux}</arg>
<for flavor="IN RANGE">
<var>${contador3}</var>
<value>1</value>
<value>7</value>
<iter>
<var name="${contador3}">1</var>
<kw name="Get Text" library="Browser">
<var>${aux_2}</var>
<arg>xpath=//*[@id="calendar"]/div/div/table/tbody/tr/td/div/div/div[${contador3}]/div[2]/table/thead/tr/td[${aux}]/a</arg>
<tag>Assertion</tag>
<tag>Getter</tag>
<tag>PageContent</tag>
<doc>Returns text attribute of the element found by ``selector``.
See the `Finding elements` section for details about the selectors.</doc>
<msg timestamp="20220309 21:32:38.816" level="INFO">${aux_2} = 5</msg>
<status status="PASS" starttime="20220309 21:32:38.801" endtime="20220309 21:32:38.816"/>
</kw>
<if>
<branch type="IF" condition="${aux_2} &lt; 10">
<kw name="Set Variable" library="BuiltIn">
<var>${aux_2}</var>
<arg>0${aux_2}</arg>
<doc>Returns the given values which can then be assigned to a variables.</doc>
<msg timestamp="20220309 21:32:38.818" level="INFO">${aux_2} = 05</msg>
<status status="PASS" starttime="20220309 21:32:38.817" endtime="20220309 21:32:38.818"/>
</kw>
<status status="PASS" starttime="20220309 21:32:38.817" endtime="20220309 21:32:38.818"/>
</branch>
<status status="PASS" starttime="20220309 21:32:38.816" endtime="20220309 21:32:38.818"/>
</if>
<if>
<branch type="IF" condition="'${dia}' == '${aux_2}'">
<kw name="Exit For Loop" library="BuiltIn">
<doc>Stops executing the enclosing for loop.</doc>
<msg timestamp="20220309 21:32:38.821" level="INFO">Exiting for loop altogether.</msg>
<status status="PASS" starttime="20220309 21:32:38.820" endtime="20220309 21:32:38.821"/>
</kw>
<status status="PASS" starttime="20220309 21:32:38.819" endtime="20220309 21:32:38.821"/>
</branch>
<status status="PASS" starttime="20220309 21:32:38.819" endtime="20220309 21:32:38.821"/>
</if>
<status status="PASS" starttime="20220309 21:32:38.800" endtime="20220309 21:32:38.821"/>
</iter>
<status status="PASS" starttime="20220309 21:32:38.800" endtime="20220309 21:32:38.822"/>
</for>
<msg timestamp="20220309 21:32:38.822" level="INFO">${cont} = 1</msg>
<status status="PASS" starttime="20220309 21:32:38.795" endtime="20220309 21:32:38.822"/>
</kw>
<kw name="Click" library="Browser">
<arg>xpath=${table}div[${cont}]/div[2]/table/tbody/tr[1]/td[4]${fim}</arg>
<tag>PageContent</tag>
<tag>Setter</tag>
<doc>Simulates mouse click on the element found by ``selector``.</doc>
<status status="PASS" starttime="20220309 21:32:38.823" endtime="20220309 21:32:39.247"/>
</kw>
<status status="PASS" starttime="20220309 21:32:38.793" endtime="20220309 21:32:39.248"/>
</branch>
<branch type="ELSE IF" condition="'${diadasemana}' == 'Sexta-feira'">
<kw name="Set Variable" library="BuiltIn">
<var>${aux}</var>
<arg>5</arg>
<doc>Returns the given values which can then be assigned to a variables.</doc>
<status status="NOT RUN" starttime="20220309 21:32:39.249" endtime="20220309 21:32:39.249"/>
</kw>
<kw name="Procura dia" library="Page_agendamento_functions">
<var>${cont}</var>
<arg>${Valor_campos_agendamento.dia}</arg>
<arg>${aux}</arg>
<status status="NOT RUN" starttime="20220309 21:32:39.250" endtime="20220309 21:32:39.250"/>
</kw>
<kw name="Click" library="Browser">
<arg>xpath=${table}div[${cont}]/div[2]/table/tbody/tr[1]/td[5]${fim}</arg>
<tag>PageContent</tag>
<tag>Setter</tag>
<doc>Simulates mouse click on the element found by ``selector``.</doc>
<status status="NOT RUN" starttime="20220309 21:32:39.251" endtime="20220309 21:32:39.251"/>
</kw>
<status status="NOT RUN" starttime="20220309 21:32:39.248" endtime="20220309 21:32:39.251"/>
</branch>
<status status="PASS" starttime="20220309 21:32:38.784" endtime="20220309 21:32:39.251"/>
</if>
<status status="PASS" starttime="20220309 21:32:36.771" endtime="20220309 21:32:39.251"/>
</kw>
<status status="PASS" starttime="20220309 21:32:36.770" endtime="20220309 21:32:39.252"/>
</kw>
<status status="PASS" starttime="20220309 21:32:36.768" endtime="20220309 21:32:39.252"/>
</kw>
<kw name="E" library="bdd">
<arg>informar os status do agendamento ${Valor_campos_agendamento.status_cancelado}</arg>
<kw name="Run Keyword" library="BuiltIn">
<arg>@{Keywords}</arg>
<doc>Executes the given keyword with the given arguments.</doc>
<kw name="informar os status do agendamento cancelado" library="Page_agendamento" sourcename="informar os status do agendamento ${VALOR}">
<kw name="Click" library="Browser">
<arg>id=${Buttons_agendamento.status}</arg>
<tag>PageContent</tag>
<tag>Setter</tag>
<doc>Simulates mouse click on the element found by ``selector``.</doc>
<status status="PASS" starttime="20220309 21:32:39.263" endtime="20220309 21:32:39.763"/>
</kw>
<kw name="Convert To Upper Case" library="String">
<var>${VALOR}</var>
<arg>${VALOR}</arg>
<doc>Converts string to upper case.</doc>
<msg timestamp="20220309 21:32:39.765" level="INFO">${VALOR} = CANCELADO</msg>
<status status="PASS" starttime="20220309 21:32:39.764" endtime="20220309 21:32:39.765"/>
</kw>
<if>
<branch type="IF" condition="'${VALOR}'=='AGENDADO'">
<kw name="Set Variable" library="BuiltIn">
<var>${idstatus}</var>
<arg>1</arg>
<doc>Returns the given values which can then be assigned to a variables.</doc>
<status status="NOT RUN" starttime="20220309 21:32:39.766" endtime="20220309 21:32:39.766"/>
</kw>
<kw name="Click" library="Browser">
<arg>xpath=${Campos_agendamento.identificador_status}/a[${idstatus}]</arg>
<tag>PageContent</tag>
<tag>Setter</tag>
<doc>Simulates mouse click on the element found by ``selector``.</doc>
<status status="NOT RUN" starttime="20220309 21:32:39.768" endtime="20220309 21:32:39.768"/>
</kw>
<status status="NOT RUN" starttime="20220309 21:32:39.766" endtime="20220309 21:32:39.769"/>
</branch>
<branch type="ELSE IF" condition="'${VALOR}'=='ATENDIDO'">
<kw name="Set Variable" library="BuiltIn">
<var>${idstatus}</var>
<arg>2</arg>
<doc>Returns the given values which can then be assigned to a variables.</doc>
<status status="NOT RUN" starttime="20220309 21:32:39.770" endtime="20220309 21:32:39.770"/>
</kw>
<kw name="Click" library="Browser">
<arg>xpath=${Campos_agendamento.identificador_status}/a[${idstatus}]</arg>
<tag>PageContent</tag>
<tag>Setter</tag>
<doc>Simulates mouse click on the element found by ``selector``.</doc>
<status status="NOT RUN" starttime="20220309 21:32:39.771" endtime="20220309 21:32:39.771"/>
</kw>
<status status="NOT RUN" starttime="20220309 21:32:39.769" endtime="20220309 21:32:39.771"/>
</branch>
<branch type="ELSE IF" condition="'${VALOR}'=='CANCELADO'">
<kw name="Set Variable" library="BuiltIn">
<var>${idstatus}</var>
<arg>3</arg>
<doc>Returns the given values which can then be assigned to a variables.</doc>
<msg timestamp="20220309 21:32:39.773" level="INFO">${idstatus} = 3</msg>
<status status="PASS" starttime="20220309 21:32:39.772" endtime="20220309 21:32:39.773"/>
</kw>
<kw name="Click" library="Browser">
<arg>xpath=${Campos_agendamento.identificador_status}/a[${idstatus}]</arg>
<tag>PageContent</tag>
<tag>Setter</tag>
<doc>Simulates mouse click on the element found by ``selector``.</doc>
<status status="PASS" starttime="20220309 21:32:39.774" endtime="20220309 21:32:39.898"/>
</kw>
<status status="PASS" starttime="20220309 21:32:39.772" endtime="20220309 21:32:39.898"/>
</branch>
<branch type="ELSE IF" condition="'${VALOR}'=='COMPARECEU'">
<kw name="Set Variable" library="BuiltIn">
<var>${idstatus}</var>
<arg>4</arg>
<doc>Returns the given values which can then be assigned to a variables.</doc>
<status status="NOT RUN" starttime="20220309 21:32:39.900" endtime="20220309 21:32:39.901"/>
</kw>
<kw name="Click" library="Browser">
<arg>xpath=${Campos_agendamento.identificador_status}/a[${idstatus}]</arg>
<tag>PageContent</tag>
<tag>Setter</tag>
<doc>Simulates mouse click on the element found by ``selector``.</doc>
<status status="NOT RUN" starttime="20220309 21:32:39.902" endtime="20220309 21:32:39.902"/>
</kw>
<status status="NOT RUN" starttime="20220309 21:32:39.899" endtime="20220309 21:32:39.902"/>
</branch>
<branch type="ELSE">
<kw name="Set Variable" library="BuiltIn">
<var>${idstatus}</var>
<arg>5</arg>
<doc>Returns the given values which can then be assigned to a variables.</doc>
<status status="NOT RUN" starttime="20220309 21:32:39.904" endtime="20220309 21:32:39.904"/>
</kw>
<kw name="Click" library="Browser">
<arg>xpath=${Campos_agendamento.identificador_status}/a[${idstatus}]</arg>
<tag>PageContent</tag>
<tag>Setter</tag>
<doc>Simulates mouse click on the element found by ``selector``.</doc>
<status status="NOT RUN" starttime="20220309 21:32:39.905" endtime="20220309 21:32:39.906"/>
</kw>
<status status="NOT RUN" starttime="20220309 21:32:39.903" endtime="20220309 21:32:39.906"/>
</branch>
<status status="PASS" starttime="20220309 21:32:39.765" endtime="20220309 21:32:39.906"/>
</if>
<status status="PASS" starttime="20220309 21:32:39.261" endtime="20220309 21:32:39.906"/>
</kw>
<status status="PASS" starttime="20220309 21:32:39.259" endtime="20220309 21:32:39.907"/>
</kw>
<status status="PASS" starttime="20220309 21:32:39.253" endtime="20220309 21:32:39.907"/>
</kw>
<kw name="E" library="bdd">
<arg>informar a justificativa do cancelamento ${Valor_campos_agendamento.justificativa}</arg>
<kw name="Run Keyword" library="BuiltIn">
<arg>@{Keywords}</arg>
<doc>Executes the given keyword with the given arguments.</doc>
<kw name="informar a justificativa do cancelamento Teste automatizado" library="Page_agendamento" sourcename="informar a justificativa do cancelamento ${VALOR}">
<kw name="Fill Text" library="Browser">
<arg>xpath=${Campos_agendamento.justificativa}</arg>
<arg>${VALOR}</arg>
<tag>PageContent</tag>
<tag>Setter</tag>
<doc>Clears and fills the given ``text`` into the text field found by ``selector``.</doc>
<msg timestamp="20220309 21:32:39.922" level="INFO">Fills the text 'Teste automatizado' in the given field.</msg>
<status status="PASS" starttime="20220309 21:32:39.916" endtime="20220309 21:32:39.943"/>
</kw>
<status status="PASS" starttime="20220309 21:32:39.914" endtime="20220309 21:32:39.944"/>
</kw>
<status status="PASS" starttime="20220309 21:32:39.912" endtime="20220309 21:32:39.944"/>
</kw>
<status status="PASS" starttime="20220309 21:32:39.908" endtime="20220309 21:32:39.945"/>
</kw>
<kw name="E" library="bdd">
<arg>clicar em ${Buttons_agendamento.salvar}</arg>
<kw name="Run Keyword" library="BuiltIn">
<arg>@{Keywords}</arg>
<doc>Executes the given keyword with the given arguments.</doc>
<kw name="clicar em //*[@id=&quot;botoesModal&quot;]/button[1]" library="Page_agendamento" sourcename="clicar em ${CAMPO}">
<kw name="Click" library="Browser">
<arg>xpath=${CAMPO}</arg>
<tag>PageContent</tag>
<tag>Setter</tag>
<doc>Simulates mouse click on the element found by ``selector``.</doc>
<status status="PASS" starttime="20220309 21:32:39.953" endtime="20220309 21:32:40.004"/>
</kw>
<status status="PASS" starttime="20220309 21:32:39.952" endtime="20220309 21:32:40.004"/>
</kw>
<status status="PASS" starttime="20220309 21:32:39.951" endtime="20220309 21:32:40.005"/>
</kw>
<status status="PASS" starttime="20220309 21:32:39.946" endtime="20220309 21:32:40.005"/>
</kw>
<kw name="Então" library="bdd">
<arg>avisar por email ${Buttons_agendamento.sim}</arg>
<kw name="Run Keyword" library="BuiltIn">
<arg>@{Keywords}</arg>
<doc>Executes the given keyword with the given arguments.</doc>
<kw name="avisar por email /html/body/div[5]/div/div[4]/div[2]/button" library="Page_agendamento" sourcename="avisar por email ${CAMPO}">
<kw name="Click" library="Browser">
<arg>xpath=${CAMPO}</arg>
<tag>PageContent</tag>
<tag>Setter</tag>
<doc>Simulates mouse click on the element found by ``selector``.</doc>
<status status="PASS" starttime="20220309 21:32:40.013" endtime="20220309 21:32:46.095"/>
</kw>
<status status="PASS" starttime="20220309 21:32:40.011" endtime="20220309 21:32:46.096"/>
</kw>
<status status="PASS" starttime="20220309 21:32:40.010" endtime="20220309 21:32:46.096"/>
</kw>
<status status="PASS" starttime="20220309 21:32:40.006" endtime="20220309 21:32:46.096"/>
</kw>
<status status="PASS" starttime="20220309 21:32:32.172" endtime="20220309 21:32:46.097"/>
</test>
<doc>Cadastro profissão</doc>
<status status="PASS" starttime="20220309 21:32:07.325" endtime="20220309 21:32:46.105"/>
</suite>
<statistics>
<total>
<stat pass="2" fail="0" skip="0">All Tests</stat>
</total>
<tag>
</tag>
<suite>
<stat pass="2" fail="0" skip="0" id="s1" name="Caminho feliz">Caminho feliz</stat>
</suite>
</statistics>
<errors>
</errors>
</robot>
