<?xml version="1.0" encoding="UTF-8"?>
<robot generator="Robot 4.0.3 (Python 3.9.5 on win32)" generated="20220327 16:48:18.176" rpa="false" schemaversion="2">
<suite id="s1" name="Tests" source="C:\Users\Mayara\Documents\TCC\RobotFramework-Sigsaude\Tests">
<suite id="s1-s1" name="Formulario comum" source="C:\Users\Mayara\Documents\TCC\RobotFramework-Sigsaude\Tests\Formulario_comum.robot">
<kw name="iniciar navegador sessão &quot;Comum&quot;" library="base" type="SETUP" sourcename="iniciar navegador sessão &quot;${login_usuario}&quot;">
<kw name="iniciar Navegador" library="base">
<kw name="Get JSON" library="base">
<var>${config_json}</var>
<arg>config.json</arg>
<kw name="Get File" library="OperatingSystem">
<var>${file}</var>
<arg>${EXECDIR}/Files/${file_name}</arg>
<doc>Returns the contents of a specified file.</doc>
<msg timestamp="20220327 16:48:19.671" level="INFO" html="true">Getting file '&lt;a href="file://C:\Users\Mayara\Documents\TCC\RobotFramework-Sigsaude\Files\config.json"&gt;C:\Users\Mayara\Documents\TCC\RobotFramework-Sigsaude\Files\config.json&lt;/a&gt;'.</msg>
<msg timestamp="20220327 16:48:19.671" level="INFO">${file} = {
    "base_url":"https://homologacaosigsaude.imd.ufrn.br/sigsaude",
    "navegador":"chromium",
    "lelog":"https://lelog.netlify.app/"

}</msg>
<status status="PASS" starttime="20220327 16:48:19.671" endtime="20220327 16:48:19.671"/>
</kw>
<kw name="Evaluate" library="BuiltIn">
<var>${super_var}</var>
<arg>json.loads($file)</arg>
<arg>json</arg>
<doc>Evaluates the given expression in Python and returns the result.</doc>
<msg timestamp="20220327 16:48:19.671" level="INFO">${super_var} = {'base_url': 'https://homologacaosigsaude.imd.ufrn.br/sigsaude', 'navegador': 'chromium', 'lelog': 'https://lelog.netlify.app/'}</msg>
<status status="PASS" starttime="20220327 16:48:19.671" endtime="20220327 16:48:19.671"/>
</kw>
<msg timestamp="20220327 16:48:19.671" level="INFO">${config_json} = {'base_url': 'https://homologacaosigsaude.imd.ufrn.br/sigsaude', 'navegador': 'chromium', 'lelog': 'https://lelog.netlify.app/'}</msg>
<status status="PASS" starttime="20220327 16:48:19.671" endtime="20220327 16:48:19.671"/>
</kw>
<kw name="New Browser" library="Browser">
<arg>${config_json["navegador"]}</arg>
<arg>False</arg>
<tag>BrowserControl</tag>
<tag>Setter</tag>
<doc>Create a new playwright Browser with specified options.
See `Browser, Context and Page` for more information about Browser and related concepts.</doc>
<msg timestamp="20220327 16:48:19.687" level="INFO">{"browser": "chromium", "headless": false, "handleSIGINT": true, "handleSIGTERM": true, "handleSIGHUP": true, "timeout": 30000.0, "devtools": false, "slowMo": 0.0}</msg>
<msg timestamp="20220327 16:48:20.268" level="INFO">Successfully created browser with options: {"browser":"chromium","headless":false,"handleSIGINT":true,"handleSIGTERM":true,"handleSIGHUP":true,"timeout":30000,"devtools":false,"slowMo":0}</msg>
<status status="PASS" starttime="20220327 16:48:19.671" endtime="20220327 16:48:20.268"/>
</kw>
<status status="PASS" starttime="20220327 16:48:19.671" endtime="20220327 16:48:20.268"/>
</kw>
<kw name="Get JSON" library="base">
<var>${config_json}</var>
<arg>config.json</arg>
<kw name="Get File" library="OperatingSystem">
<var>${file}</var>
<arg>${EXECDIR}/Files/${file_name}</arg>
<doc>Returns the contents of a specified file.</doc>
<msg timestamp="20220327 16:48:20.268" level="INFO" html="true">Getting file '&lt;a href="file://C:\Users\Mayara\Documents\TCC\RobotFramework-Sigsaude\Files\config.json"&gt;C:\Users\Mayara\Documents\TCC\RobotFramework-Sigsaude\Files\config.json&lt;/a&gt;'.</msg>
<msg timestamp="20220327 16:48:20.268" level="INFO">${file} = {
    "base_url":"https://homologacaosigsaude.imd.ufrn.br/sigsaude",
    "navegador":"chromium",
    "lelog":"https://lelog.netlify.app/"

}</msg>
<status status="PASS" starttime="20220327 16:48:20.268" endtime="20220327 16:48:20.268"/>
</kw>
<kw name="Evaluate" library="BuiltIn">
<var>${super_var}</var>
<arg>json.loads($file)</arg>
<arg>json</arg>
<doc>Evaluates the given expression in Python and returns the result.</doc>
<msg timestamp="20220327 16:48:20.268" level="INFO">${super_var} = {'base_url': 'https://homologacaosigsaude.imd.ufrn.br/sigsaude', 'navegador': 'chromium', 'lelog': 'https://lelog.netlify.app/'}</msg>
<status status="PASS" starttime="20220327 16:48:20.268" endtime="20220327 16:48:20.268"/>
</kw>
<msg timestamp="20220327 16:48:20.268" level="INFO">${config_json} = {'base_url': 'https://homologacaosigsaude.imd.ufrn.br/sigsaude', 'navegador': 'chromium', 'lelog': 'https://lelog.netlify.app/'}</msg>
<status status="PASS" starttime="20220327 16:48:20.268" endtime="20220327 16:48:20.268"/>
</kw>
<kw name="New Page" library="Browser">
<arg>${config_json["base_url"]}</arg>
<tag>BrowserControl</tag>
<tag>Setter</tag>
<doc>Open a new Page. A Page is the Playwright equivalent to a tab.
See `Browser, Context and Page` for more information about Page concept.
Returns a stable identifier for the created page.</doc>
<msg timestamp="20220327 16:48:23.811" level="INFO">Successfully initialized new page object and opened url: https://homologacaosigsaude.imd.ufrn.br/sigsaude</msg>
<msg timestamp="20220327 16:48:23.812" level="INFO">No context was open. New context was automatically opened when this page is created.</msg>
<status status="PASS" starttime="20220327 16:48:20.268" endtime="20220327 16:48:23.813"/>
</kw>
<kw name="Direcionamento da tela &quot;login&quot;" library="nav" sourcename="Direcionamento da tela &quot;${page}&quot;">
<kw name="Get JSON" library="base">
<var>${telas_json}</var>
<arg>telas.json</arg>
<kw name="Get File" library="OperatingSystem">
<var>${file}</var>
<arg>${EXECDIR}/Files/${file_name}</arg>
<doc>Returns the contents of a specified file.</doc>
<msg timestamp="20220327 16:48:23.826" level="INFO" html="true">Getting file '&lt;a href="file://C:\Users\Mayara\Documents\TCC\RobotFramework-Sigsaude\Files\telas.json"&gt;C:\Users\Mayara\Documents\TCC\RobotFramework-Sigsaude\Files\telas.json&lt;/a&gt;'.</msg>
<msg timestamp="20220327 16:48:23.827" level="INFO">${file} = {
    "login":"/login",
    "novo usuario de serviço":"/paciente/cadastro",
    "listar usuarios de serviço":"/paciente",
    "cadastro de colaborador":"/colaborador/form",
    "agendamento":"/agendam...</msg>
<status status="PASS" starttime="20220327 16:48:23.821" endtime="20220327 16:48:23.827"/>
</kw>
<kw name="Evaluate" library="BuiltIn">
<var>${super_var}</var>
<arg>json.loads($file)</arg>
<arg>json</arg>
<doc>Evaluates the given expression in Python and returns the result.</doc>
<msg timestamp="20220327 16:48:23.829" level="INFO">${super_var} = {'login': '/login', 'novo usuario de serviço': '/paciente/cadastro', 'listar usuarios de serviço': '/paciente', 'cadastro de colaborador': '/colaborador/form', 'agendamento': '/agendamento', 'listar c...</msg>
<status status="PASS" starttime="20220327 16:48:23.828" endtime="20220327 16:48:23.829"/>
</kw>
<msg timestamp="20220327 16:48:23.830" level="INFO">${telas_json} = {'login': '/login', 'novo usuario de serviço': '/paciente/cadastro', 'listar usuarios de serviço': '/paciente', 'cadastro de colaborador': '/colaborador/form', 'agendamento': '/agendamento', 'listar c...</msg>
<status status="PASS" starttime="20220327 16:48:23.818" endtime="20220327 16:48:23.830"/>
</kw>
<kw name="Get JSON" library="base">
<var>${config_json}</var>
<arg>config.json</arg>
<kw name="Get File" library="OperatingSystem">
<var>${file}</var>
<arg>${EXECDIR}/Files/${file_name}</arg>
<doc>Returns the contents of a specified file.</doc>
<msg timestamp="20220327 16:48:23.832" level="INFO" html="true">Getting file '&lt;a href="file://C:\Users\Mayara\Documents\TCC\RobotFramework-Sigsaude\Files\config.json"&gt;C:\Users\Mayara\Documents\TCC\RobotFramework-Sigsaude\Files\config.json&lt;/a&gt;'.</msg>
<msg timestamp="20220327 16:48:23.833" level="INFO">${file} = {
    "base_url":"https://homologacaosigsaude.imd.ufrn.br/sigsaude",
    "navegador":"chromium",
    "lelog":"https://lelog.netlify.app/"

}</msg>
<status status="PASS" starttime="20220327 16:48:23.832" endtime="20220327 16:48:23.833"/>
</kw>
<kw name="Evaluate" library="BuiltIn">
<var>${super_var}</var>
<arg>json.loads($file)</arg>
<arg>json</arg>
<doc>Evaluates the given expression in Python and returns the result.</doc>
<msg timestamp="20220327 16:48:23.834" level="INFO">${super_var} = {'base_url': 'https://homologacaosigsaude.imd.ufrn.br/sigsaude', 'navegador': 'chromium', 'lelog': 'https://lelog.netlify.app/'}</msg>
<status status="PASS" starttime="20220327 16:48:23.833" endtime="20220327 16:48:23.834"/>
</kw>
<msg timestamp="20220327 16:48:23.835" level="INFO">${config_json} = {'base_url': 'https://homologacaosigsaude.imd.ufrn.br/sigsaude', 'navegador': 'chromium', 'lelog': 'https://lelog.netlify.app/'}</msg>
<status status="PASS" starttime="20220327 16:48:23.831" endtime="20220327 16:48:23.835"/>
</kw>
<kw name="Go To" library="Browser">
<arg>${config_json["base_url"]}${telas_json["${page}"]}</arg>
<tag>BrowserControl</tag>
<tag>Setter</tag>
<doc>Navigates to the given ``url``.</doc>
<msg timestamp="20220327 16:48:24.695" level="INFO">Succesfully opened URL https://homologacaosigsaude.imd.ufrn.br/sigsaude/login</msg>
<status status="PASS" starttime="20220327 16:48:23.835" endtime="20220327 16:48:24.695"/>
</kw>
<status status="PASS" starttime="20220327 16:48:23.816" endtime="20220327 16:48:24.696"/>
</kw>
<kw name="Get JSON" library="base">
<var>${login_json}</var>
<arg>login.json</arg>
<kw name="Get File" library="OperatingSystem">
<var>${file}</var>
<arg>${EXECDIR}/Files/${file_name}</arg>
<doc>Returns the contents of a specified file.</doc>
<msg timestamp="20220327 16:48:24.699" level="INFO" html="true">Getting file '&lt;a href="file://C:\Users\Mayara\Documents\TCC\RobotFramework-Sigsaude\Files\login.json"&gt;C:\Users\Mayara\Documents\TCC\RobotFramework-Sigsaude\Files\login.json&lt;/a&gt;'.</msg>
<msg timestamp="20220327 16:48:24.699" level="INFO">${file} = {

    "Psicologia":{
        "login": "drpsicologia",
        "senha": 85278120029
    },

    "Endocrinologia":{
        "login": "drendocrinologia",
        "senha": 98841863323
    },

	"Comum": {...</msg>
<status status="PASS" starttime="20220327 16:48:24.697" endtime="20220327 16:48:24.700"/>
</kw>
<kw name="Evaluate" library="BuiltIn">
<var>${super_var}</var>
<arg>json.loads($file)</arg>
<arg>json</arg>
<doc>Evaluates the given expression in Python and returns the result.</doc>
<msg timestamp="20220327 16:48:24.702" level="INFO">${super_var} = {'Psicologia': {'login': 'drpsicologia', 'senha': 85278120029}, 'Endocrinologia': {'login': 'drendocrinologia', 'senha': 98841863323}, 'Comum': {'login': 'uirakuleszatestes', 'senha': '02219235432'}}</msg>
<status status="PASS" starttime="20220327 16:48:24.700" endtime="20220327 16:48:24.702"/>
</kw>
<msg timestamp="20220327 16:48:24.702" level="INFO">${login_json} = {'Psicologia': {'login': 'drpsicologia', 'senha': 85278120029}, 'Endocrinologia': {'login': 'drendocrinologia', 'senha': 98841863323}, 'Comum': {'login': 'uirakuleszatestes', 'senha': '02219235432'}}</msg>
<status status="PASS" starttime="20220327 16:48:24.696" endtime="20220327 16:48:24.702"/>
</kw>
<kw name="Fill Text" library="Browser">
<arg>id=login-username</arg>
<arg>${login_json["${login_usuario}"]["login"]}</arg>
<tag>PageContent</tag>
<tag>Setter</tag>
<doc>Clears and fills the given ``text`` into the text field found by ``selector``.</doc>
<msg timestamp="20220327 16:48:24.704" level="INFO">Fills the text 'uirakuleszatestes' in the given field.</msg>
<status status="PASS" starttime="20220327 16:48:24.703" endtime="20220327 16:48:24.744"/>
</kw>
<kw name="Fill Text" library="Browser">
<arg>id=login-password</arg>
<arg>${login_json["${login_usuario}"]["senha"]}</arg>
<tag>PageContent</tag>
<tag>Setter</tag>
<doc>Clears and fills the given ``text`` into the text field found by ``selector``.</doc>
<msg timestamp="20220327 16:48:24.745" level="INFO">Fills the text '02219235432' in the given field.</msg>
<status status="PASS" starttime="20220327 16:48:24.744" endtime="20220327 16:48:24.774"/>
</kw>
<kw name="Click" library="Browser">
<arg>css=[value='Entrar']</arg>
<tag>PageContent</tag>
<tag>Setter</tag>
<doc>Simulates mouse click on the element found by ``selector``.</doc>
<status status="PASS" starttime="20220327 16:48:24.774" endtime="20220327 16:48:25.386"/>
</kw>
<status status="PASS" starttime="20220327 16:48:19.671" endtime="20220327 16:48:25.387"/>
</kw>
<test id="s1-s1-t1" name="[003] - Dados básicos para usuarios de serviço antigos">
<kw name="Dado" library="bdd">
<arg>que o usuario está na tela "minha agenda"</arg>
<kw name="Run Keyword" library="BuiltIn">
<arg>@{Keywords}</arg>
<doc>Executes the given keyword with the given arguments.</doc>
<kw name="que o usuario está na tela &quot;minha agenda&quot;" library="nav" sourcename="que o usuario está na tela &quot;${tela}&quot;">
<kw name="Direcionamento da tela &quot;${tela}&quot;" library="nav" sourcename="Direcionamento da tela &quot;${page}&quot;">
<kw name="Get JSON" library="base">
<var>${telas_json}</var>
<arg>telas.json</arg>
<kw name="Get File" library="OperatingSystem">
<var>${file}</var>
<arg>${EXECDIR}/Files/${file_name}</arg>
<doc>Returns the contents of a specified file.</doc>
<msg timestamp="20220327 16:48:25.423" level="INFO" html="true">Getting file '&lt;a href="file://C:\Users\Mayara\Documents\TCC\RobotFramework-Sigsaude\Files\telas.json"&gt;C:\Users\Mayara\Documents\TCC\RobotFramework-Sigsaude\Files\telas.json&lt;/a&gt;'.</msg>
<msg timestamp="20220327 16:48:25.423" level="INFO">${file} = {
    "login":"/login",
    "novo usuario de serviço":"/paciente/cadastro",
    "listar usuarios de serviço":"/paciente",
    "cadastro de colaborador":"/colaborador/form",
    "agendamento":"/agendam...</msg>
<status status="PASS" starttime="20220327 16:48:25.423" endtime="20220327 16:48:25.423"/>
</kw>
<kw name="Evaluate" library="BuiltIn">
<var>${super_var}</var>
<arg>json.loads($file)</arg>
<arg>json</arg>
<doc>Evaluates the given expression in Python and returns the result.</doc>
<msg timestamp="20220327 16:48:25.424" level="INFO">${super_var} = {'login': '/login', 'novo usuario de serviço': '/paciente/cadastro', 'listar usuarios de serviço': '/paciente', 'cadastro de colaborador': '/colaborador/form', 'agendamento': '/agendamento', 'listar c...</msg>
<status status="PASS" starttime="20220327 16:48:25.423" endtime="20220327 16:48:25.424"/>
</kw>
<msg timestamp="20220327 16:48:25.424" level="INFO">${telas_json} = {'login': '/login', 'novo usuario de serviço': '/paciente/cadastro', 'listar usuarios de serviço': '/paciente', 'cadastro de colaborador': '/colaborador/form', 'agendamento': '/agendamento', 'listar c...</msg>
<status status="PASS" starttime="20220327 16:48:25.422" endtime="20220327 16:48:25.425"/>
</kw>
<kw name="Get JSON" library="base">
<var>${config_json}</var>
<arg>config.json</arg>
<kw name="Get File" library="OperatingSystem">
<var>${file}</var>
<arg>${EXECDIR}/Files/${file_name}</arg>
<doc>Returns the contents of a specified file.</doc>
<msg timestamp="20220327 16:48:25.427" level="INFO" html="true">Getting file '&lt;a href="file://C:\Users\Mayara\Documents\TCC\RobotFramework-Sigsaude\Files\config.json"&gt;C:\Users\Mayara\Documents\TCC\RobotFramework-Sigsaude\Files\config.json&lt;/a&gt;'.</msg>
<msg timestamp="20220327 16:48:25.427" level="INFO">${file} = {
    "base_url":"https://homologacaosigsaude.imd.ufrn.br/sigsaude",
    "navegador":"chromium",
    "lelog":"https://lelog.netlify.app/"

}</msg>
<status status="PASS" starttime="20220327 16:48:25.427" endtime="20220327 16:48:25.428"/>
</kw>
<kw name="Evaluate" library="BuiltIn">
<var>${super_var}</var>
<arg>json.loads($file)</arg>
<arg>json</arg>
<doc>Evaluates the given expression in Python and returns the result.</doc>
<msg timestamp="20220327 16:48:25.428" level="INFO">${super_var} = {'base_url': 'https://homologacaosigsaude.imd.ufrn.br/sigsaude', 'navegador': 'chromium', 'lelog': 'https://lelog.netlify.app/'}</msg>
<status status="PASS" starttime="20220327 16:48:25.428" endtime="20220327 16:48:25.428"/>
</kw>
<msg timestamp="20220327 16:48:25.429" level="INFO">${config_json} = {'base_url': 'https://homologacaosigsaude.imd.ufrn.br/sigsaude', 'navegador': 'chromium', 'lelog': 'https://lelog.netlify.app/'}</msg>
<status status="PASS" starttime="20220327 16:48:25.425" endtime="20220327 16:48:25.429"/>
</kw>
<kw name="Go To" library="Browser">
<arg>${config_json["base_url"]}${telas_json["${page}"]}</arg>
<tag>BrowserControl</tag>
<tag>Setter</tag>
<doc>Navigates to the given ``url``.</doc>
<msg timestamp="20220327 16:48:27.298" level="INFO">Succesfully opened URL https://homologacaosigsaude.imd.ufrn.br/sigsaude/agenda/</msg>
<status status="PASS" starttime="20220327 16:48:25.429" endtime="20220327 16:48:27.299"/>
</kw>
<status status="PASS" starttime="20220327 16:48:25.422" endtime="20220327 16:48:27.299"/>
</kw>
<status status="PASS" starttime="20220327 16:48:25.421" endtime="20220327 16:48:27.299"/>
</kw>
<status status="PASS" starttime="20220327 16:48:25.421" endtime="20220327 16:48:27.300"/>
</kw>
<status status="PASS" starttime="20220327 16:48:25.421" endtime="20220327 16:48:27.301"/>
</kw>
<kw name="Quando" library="bdd">
<arg>preencher o ${Campos_agenda.data_listagem} com ${Valor_campos_agenda.data_listagem}</arg>
<kw name="Run Keyword" library="BuiltIn">
<arg>@{Keywords}</arg>
<doc>Executes the given keyword with the given arguments.</doc>
<kw name="preencher o dataListagem com 11032022" library="Page_profissão_cadastro" sourcename="preencher o ${CAMPO} com ${VALOR}">
<kw name="Type Text" library="Browser">
<arg>id=${CAMPO}</arg>
<arg>${VALOR}</arg>
<tag>PageContent</tag>
<tag>Setter</tag>
<doc>Types the given ``txt`` into the text field found by ``selector``.</doc>
<msg timestamp="20220327 16:48:27.308" level="INFO">Types the text '11032022' in the given field.</msg>
<status status="PASS" starttime="20220327 16:48:27.307" endtime="20220327 16:48:27.445"/>
</kw>
<status status="PASS" starttime="20220327 16:48:27.306" endtime="20220327 16:48:27.445"/>
</kw>
<status status="PASS" starttime="20220327 16:48:27.305" endtime="20220327 16:48:27.445"/>
</kw>
<status status="PASS" starttime="20220327 16:48:27.302" endtime="20220327 16:48:27.445"/>
</kw>
<kw name="E" library="bdd">
<arg>clicar em ${Buttons_agenda.pesquisar}</arg>
<kw name="Run Keyword" library="BuiltIn">
<arg>@{Keywords}</arg>
<doc>Executes the given keyword with the given arguments.</doc>
<kw name="clicar em //*[@id=&quot;formApp&quot;]/div/div[3]/button" library="Page_agendamento" sourcename="clicar em ${CAMPO}">
<kw name="Click" library="Browser">
<arg>xpath=${CAMPO}</arg>
<tag>PageContent</tag>
<tag>Setter</tag>
<doc>Simulates mouse click on the element found by ``selector``.</doc>
<status status="PASS" starttime="20220327 16:48:27.448" endtime="20220327 16:48:27.721"/>
</kw>
<status status="PASS" starttime="20220327 16:48:27.448" endtime="20220327 16:48:27.721"/>
</kw>
<status status="PASS" starttime="20220327 16:48:27.447" endtime="20220327 16:48:27.721"/>
</kw>
<status status="PASS" starttime="20220327 16:48:27.446" endtime="20220327 16:48:27.722"/>
</kw>
<kw name="E" library="bdd">
<arg>clicar em ${Buttons_agenda.DBS}</arg>
<kw name="Run Keyword" library="BuiltIn">
<arg>@{Keywords}</arg>
<doc>Executes the given keyword with the given arguments.</doc>
<kw name="clicar em //*[@id=&quot;dataTable&quot;]/tbody/tr/td[5]/div/a[2]" library="Page_agendamento" sourcename="clicar em ${CAMPO}">
<kw name="Click" library="Browser">
<arg>xpath=${CAMPO}</arg>
<tag>PageContent</tag>
<tag>Setter</tag>
<doc>Simulates mouse click on the element found by ``selector``.</doc>
<status status="PASS" starttime="20220327 16:48:27.727" endtime="20220327 16:48:28.287"/>
</kw>
<status status="PASS" starttime="20220327 16:48:27.726" endtime="20220327 16:48:28.288"/>
</kw>
<status status="PASS" starttime="20220327 16:48:27.725" endtime="20220327 16:48:28.289"/>
</kw>
<status status="PASS" starttime="20220327 16:48:27.724" endtime="20220327 16:48:28.289"/>
</kw>
<kw name="Então" library="bdd">
<arg>informar medidas e sinais vitais</arg>
<kw name="Run Keyword" library="BuiltIn">
<arg>@{Keywords}</arg>
<doc>Executes the given keyword with the given arguments.</doc>
<kw name="informar medidas e sinais vitais" library="Page_DBS">
<kw name="preencher o ${Campos_DBS.peso} com ${Valor_campos_DBS.peso}" library="Page_profissão_cadastro" sourcename="preencher o ${CAMPO} com ${VALOR}">
<kw name="Type Text" library="Browser">
<arg>id=${CAMPO}</arg>
<arg>${VALOR}</arg>
<tag>PageContent</tag>
<tag>Setter</tag>
<doc>Types the given ``txt`` into the text field found by ``selector``.</doc>
<msg timestamp="20220327 16:48:28.303" level="INFO">Types the text '10' in the given field.</msg>
<status status="PASS" starttime="20220327 16:48:28.302" endtime="20220327 16:48:29.647"/>
</kw>
<status status="PASS" starttime="20220327 16:48:28.297" endtime="20220327 16:48:29.647"/>
</kw>
<kw name="preencher o ${Campos_DBS.altura} com ${Valor_campos_DBS.altura}" library="Page_profissão_cadastro" sourcename="preencher o ${CAMPO} com ${VALOR}">
<kw name="Type Text" library="Browser">
<arg>id=${CAMPO}</arg>
<arg>${VALOR}</arg>
<tag>PageContent</tag>
<tag>Setter</tag>
<doc>Types the given ``txt`` into the text field found by ``selector``.</doc>
<msg timestamp="20220327 16:48:29.651" level="INFO">Types the text '10' in the given field.</msg>
<status status="PASS" starttime="20220327 16:48:29.650" endtime="20220327 16:48:29.720"/>
</kw>
<status status="PASS" starttime="20220327 16:48:29.647" endtime="20220327 16:48:29.721"/>
</kw>
<kw name="preencher o ${Campos_DBS.temperatura} com ${Valor_campos_DBS.temperatura}" library="Page_profissão_cadastro" sourcename="preencher o ${CAMPO} com ${VALOR}">
<kw name="Type Text" library="Browser">
<arg>id=${CAMPO}</arg>
<arg>${VALOR}</arg>
<tag>PageContent</tag>
<tag>Setter</tag>
<doc>Types the given ``txt`` into the text field found by ``selector``.</doc>
<msg timestamp="20220327 16:48:29.726" level="INFO">Types the text '10' in the given field.</msg>
<status status="PASS" starttime="20220327 16:48:29.725" endtime="20220327 16:48:29.800"/>
</kw>
<status status="PASS" starttime="20220327 16:48:29.721" endtime="20220327 16:48:29.800"/>
</kw>
<kw name="preencher o ${Campos_DBS.frequencia_respiratoria} com ${Valor_campos_DBS.frequencia_respiratoria}" library="Page_profissão_cadastro" sourcename="preencher o ${CAMPO} com ${VALOR}">
<kw name="Type Text" library="Browser">
<arg>id=${CAMPO}</arg>
<arg>${VALOR}</arg>
<tag>PageContent</tag>
<tag>Setter</tag>
<doc>Types the given ``txt`` into the text field found by ``selector``.</doc>
<msg timestamp="20220327 16:48:29.804" level="INFO">Types the text '10' in the given field.</msg>
<status status="PASS" starttime="20220327 16:48:29.803" endtime="20220327 16:48:29.851"/>
</kw>
<status status="PASS" starttime="20220327 16:48:29.801" endtime="20220327 16:48:29.851"/>
</kw>
<kw name="preencher o ${Campos_DBS.frequencia_cardiaca} com ${Valor_campos_DBS.frequencia_cardiaca}" library="Page_profissão_cadastro" sourcename="preencher o ${CAMPO} com ${VALOR}">
<kw name="Type Text" library="Browser">
<arg>id=${CAMPO}</arg>
<arg>${VALOR}</arg>
<tag>PageContent</tag>
<tag>Setter</tag>
<doc>Types the given ``txt`` into the text field found by ``selector``.</doc>
<msg timestamp="20220327 16:48:29.856" level="INFO">Types the text '10' in the given field.</msg>
<status status="PASS" starttime="20220327 16:48:29.855" endtime="20220327 16:48:29.908"/>
</kw>
<status status="PASS" starttime="20220327 16:48:29.852" endtime="20220327 16:48:29.908"/>
</kw>
<kw name="preencher o ${Campos_DBS.pressao_sistolica} com ${Valor_campos_DBS.pressao_sistolica}" library="Page_profissão_cadastro" sourcename="preencher o ${CAMPO} com ${VALOR}">
<kw name="Type Text" library="Browser">
<arg>id=${CAMPO}</arg>
<arg>${VALOR}</arg>
<tag>PageContent</tag>
<tag>Setter</tag>
<doc>Types the given ``txt`` into the text field found by ``selector``.</doc>
<msg timestamp="20220327 16:48:29.912" level="INFO">Types the text '10' in the given field.</msg>
<status status="PASS" starttime="20220327 16:48:29.911" endtime="20220327 16:48:29.970"/>
</kw>
<status status="PASS" starttime="20220327 16:48:29.909" endtime="20220327 16:48:29.970"/>
</kw>
<kw name="preencher o ${Campos_DBS.frequencia_diastolica} com ${Valor_campos_DBS.frequencia_diastolica}" library="Page_profissão_cadastro" sourcename="preencher o ${CAMPO} com ${VALOR}">
<kw name="Type Text" library="Browser">
<arg>id=${CAMPO}</arg>
<arg>${VALOR}</arg>
<tag>PageContent</tag>
<tag>Setter</tag>
<doc>Types the given ``txt`` into the text field found by ``selector``.</doc>
<msg timestamp="20220327 16:48:29.974" level="INFO">Types the text '10' in the given field.</msg>
<status status="PASS" starttime="20220327 16:48:29.974" endtime="20220327 16:48:30.030"/>
</kw>
<status status="PASS" starttime="20220327 16:48:29.971" endtime="20220327 16:48:30.030"/>
</kw>
<kw name="preencher o ${Campos_DBS.saturacaoO2} com ${Valor_campos_DBS.saturacaoO2}" library="Page_profissão_cadastro" sourcename="preencher o ${CAMPO} com ${VALOR}">
<kw name="Type Text" library="Browser">
<arg>id=${CAMPO}</arg>
<arg>${VALOR}</arg>
<tag>PageContent</tag>
<tag>Setter</tag>
<doc>Types the given ``txt`` into the text field found by ``selector``.</doc>
<msg timestamp="20220327 16:48:30.033" level="INFO">Types the text '10' in the given field.</msg>
<status status="PASS" starttime="20220327 16:48:30.032" endtime="20220327 16:48:30.082"/>
</kw>
<status status="PASS" starttime="20220327 16:48:30.030" endtime="20220327 16:48:30.082"/>
</kw>
<kw name="preencher o ${Campos_DBS.glicemia} com ${Valor_campos_DBS.glicemia}" library="Page_profissão_cadastro" sourcename="preencher o ${CAMPO} com ${VALOR}">
<kw name="Type Text" library="Browser">
<arg>id=${CAMPO}</arg>
<arg>${VALOR}</arg>
<tag>PageContent</tag>
<tag>Setter</tag>
<doc>Types the given ``txt`` into the text field found by ``selector``.</doc>
<msg timestamp="20220327 16:48:30.087" level="INFO">Types the text '10' in the given field.</msg>
<status status="PASS" starttime="20220327 16:48:30.086" endtime="20220327 16:48:30.131"/>
</kw>
<status status="PASS" starttime="20220327 16:48:30.083" endtime="20220327 16:48:30.131"/>
</kw>
<status status="PASS" starttime="20220327 16:48:28.296" endtime="20220327 16:48:30.131"/>
</kw>
<status status="PASS" starttime="20220327 16:48:28.295" endtime="20220327 16:48:30.131"/>
</kw>
<status status="PASS" starttime="20220327 16:48:28.294" endtime="20220327 16:48:30.131"/>
</kw>
<kw name="E" library="bdd">
<arg>clicar no ${Buttons_DBS.avançar}</arg>
<kw name="Run Keyword" library="BuiltIn">
<arg>@{Keywords}</arg>
<doc>Executes the given keyword with the given arguments.</doc>
<kw name="clicar no nextBtn" library="Page_profissão_cadastro" sourcename="clicar no ${Button}">
<kw name="Click" library="Browser">
<arg>id=${Button}</arg>
<tag>PageContent</tag>
<tag>Setter</tag>
<doc>Simulates mouse click on the element found by ``selector``.</doc>
<status status="PASS" starttime="20220327 16:48:30.135" endtime="20220327 16:48:30.221"/>
</kw>
<status status="PASS" starttime="20220327 16:48:30.134" endtime="20220327 16:48:30.221"/>
</kw>
<status status="PASS" starttime="20220327 16:48:30.133" endtime="20220327 16:48:30.221"/>
</kw>
<status status="PASS" starttime="20220327 16:48:30.132" endtime="20220327 16:48:30.221"/>
</kw>
<kw name="E" library="bdd">
<arg>informar procedência do usuário do serviço</arg>
<kw name="Run Keyword" library="BuiltIn">
<arg>@{Keywords}</arg>
<doc>Executes the given keyword with the given arguments.</doc>
<kw name="informar procedência do usuário do serviço" library="Page_DBS">
<kw name="selecionar o ${Valor_campos_DBS.tipo_iniciativa} no ${campos_DBS.tipo_procedencia}" library="Page_profissão_cadastro" sourcename="selecionar o ${VALOR} no ${CAMPO}">
<kw name="Convert To Upper Case" library="String">
<var>${VALOR2}</var>
<arg>${VALOR}</arg>
<doc>Converts string to upper case.</doc>
<msg timestamp="20220327 16:48:30.231" level="INFO">${VALOR2} = INICIATIVA PRÓPRIA</msg>
<status status="PASS" starttime="20220327 16:48:30.230" endtime="20220327 16:48:30.231"/>
</kw>
<kw name="Select Options By" library="Browser">
<arg>id=${CAMPO}</arg>
<arg>Text</arg>
<arg>${VALOR2}</arg>
<tag>PageContent</tag>
<tag>Setter</tag>
<doc>Selects options from select element found by ``selector``.</doc>
<status status="PASS" starttime="20220327 16:48:30.231" endtime="20220327 16:48:30.287"/>
</kw>
<status status="PASS" starttime="20220327 16:48:30.227" endtime="20220327 16:48:30.287"/>
</kw>
<status status="PASS" starttime="20220327 16:48:30.226" endtime="20220327 16:48:30.287"/>
</kw>
<status status="PASS" starttime="20220327 16:48:30.225" endtime="20220327 16:48:30.287"/>
</kw>
<status status="PASS" starttime="20220327 16:48:30.224" endtime="20220327 16:48:30.287"/>
</kw>
<kw name="E" library="bdd">
<arg>clicar no ${Buttons_DBS.avançar}</arg>
<kw name="Run Keyword" library="BuiltIn">
<arg>@{Keywords}</arg>
<doc>Executes the given keyword with the given arguments.</doc>
<kw name="clicar no nextBtn" library="Page_profissão_cadastro" sourcename="clicar no ${Button}">
<kw name="Click" library="Browser">
<arg>id=${Button}</arg>
<tag>PageContent</tag>
<tag>Setter</tag>
<doc>Simulates mouse click on the element found by ``selector``.</doc>
<status status="PASS" starttime="20220327 16:48:30.291" endtime="20220327 16:48:30.380"/>
</kw>
<status status="PASS" starttime="20220327 16:48:30.291" endtime="20220327 16:48:30.380"/>
</kw>
<status status="PASS" starttime="20220327 16:48:30.290" endtime="20220327 16:48:30.381"/>
</kw>
<status status="PASS" starttime="20220327 16:48:30.288" endtime="20220327 16:48:30.381"/>
</kw>
<kw name="E" library="bdd">
<arg>informar historia clinica</arg>
<kw name="Run Keyword" library="BuiltIn">
<arg>@{Keywords}</arg>
<doc>Executes the given keyword with the given arguments.</doc>
<kw name="informar historia clinica" library="Page_DBS">
<kw name="preencher o ${Campos_DBS.descricao_tratamento} com ${Valor_campos_DBS.descricao_tratamento}" library="Page_profissão_cadastro" sourcename="preencher o ${CAMPO} com ${VALOR}">
<kw name="Type Text" library="Browser">
<arg>id=${CAMPO}</arg>
<arg>${VALOR}</arg>
<tag>PageContent</tag>
<tag>Setter</tag>
<doc>Types the given ``txt`` into the text field found by ``selector``.</doc>
<msg timestamp="20220327 16:48:30.388" level="INFO">Types the text 'Teste automatizado' in the given field.</msg>
<status status="PASS" starttime="20220327 16:48:30.387" endtime="20220327 16:48:30.471"/>
</kw>
<status status="PASS" starttime="20220327 16:48:30.384" endtime="20220327 16:48:30.472"/>
</kw>
<status status="PASS" starttime="20220327 16:48:30.383" endtime="20220327 16:48:30.472"/>
</kw>
<status status="PASS" starttime="20220327 16:48:30.382" endtime="20220327 16:48:30.472"/>
</kw>
<status status="PASS" starttime="20220327 16:48:30.381" endtime="20220327 16:48:30.472"/>
</kw>
<kw name="E" library="bdd">
<arg>clicar no ${Buttons_DBS.avançar}</arg>
<kw name="Run Keyword" library="BuiltIn">
<arg>@{Keywords}</arg>
<doc>Executes the given keyword with the given arguments.</doc>
<kw name="clicar no nextBtn" library="Page_profissão_cadastro" sourcename="clicar no ${Button}">
<kw name="Click" library="Browser">
<arg>id=${Button}</arg>
<tag>PageContent</tag>
<tag>Setter</tag>
<doc>Simulates mouse click on the element found by ``selector``.</doc>
<status status="PASS" starttime="20220327 16:48:30.476" endtime="20220327 16:48:30.590"/>
</kw>
<status status="PASS" starttime="20220327 16:48:30.475" endtime="20220327 16:48:30.590"/>
</kw>
<status status="PASS" starttime="20220327 16:48:30.475" endtime="20220327 16:48:30.590"/>
</kw>
<status status="PASS" starttime="20220327 16:48:30.473" endtime="20220327 16:48:30.591"/>
</kw>
<kw name="E" library="bdd">
<arg>informar medicamentos</arg>
<kw name="Run Keyword" library="BuiltIn">
<arg>@{Keywords}</arg>
<doc>Executes the given keyword with the given arguments.</doc>
<kw name="informar medicamentos" library="Page_DBS">
<kw name="selecionar o ${Valor_campos_DBS.utiliza_medicamentos} no ${campos_DBS.utiliza_medicamentos}" library="Page_profissão_cadastro" sourcename="selecionar o ${VALOR} no ${CAMPO}">
<kw name="Convert To Upper Case" library="String">
<var>${VALOR2}</var>
<arg>${VALOR}</arg>
<doc>Converts string to upper case.</doc>
<msg timestamp="20220327 16:48:30.598" level="INFO">${VALOR2} = SIM</msg>
<status status="PASS" starttime="20220327 16:48:30.598" endtime="20220327 16:48:30.598"/>
</kw>
<kw name="Select Options By" library="Browser">
<arg>id=${CAMPO}</arg>
<arg>Text</arg>
<arg>${VALOR2}</arg>
<tag>PageContent</tag>
<tag>Setter</tag>
<doc>Selects options from select element found by ``selector``.</doc>
<status status="PASS" starttime="20220327 16:48:30.598" endtime="20220327 16:48:30.643"/>
</kw>
<status status="PASS" starttime="20220327 16:48:30.595" endtime="20220327 16:48:30.643"/>
</kw>
<kw name="preencher o ${Campos_DBS.medicamentos} com ${Valor_campos_DBS.medicamentos}" library="Page_profissão_cadastro" sourcename="preencher o ${CAMPO} com ${VALOR}">
<kw name="Type Text" library="Browser">
<arg>id=${CAMPO}</arg>
<arg>${VALOR}</arg>
<tag>PageContent</tag>
<tag>Setter</tag>
<doc>Types the given ``txt`` into the text field found by ``selector``.</doc>
<msg timestamp="20220327 16:48:30.646" level="INFO">Types the text 'Teste automatizados' in the given field.</msg>
<status status="PASS" starttime="20220327 16:48:30.645" endtime="20220327 16:48:30.797"/>
</kw>
<status status="PASS" starttime="20220327 16:48:30.644" endtime="20220327 16:48:30.797"/>
</kw>
<kw name="preencher o ${Campos_DBS.informacoes_adicionais} com ${Valor_campos_DBS.informacoes_adicionais}" library="Page_profissão_cadastro" sourcename="preencher o ${CAMPO} com ${VALOR}">
<kw name="Type Text" library="Browser">
<arg>id=${CAMPO}</arg>
<arg>${VALOR}</arg>
<tag>PageContent</tag>
<tag>Setter</tag>
<doc>Types the given ``txt`` into the text field found by ``selector``.</doc>
<msg timestamp="20220327 16:48:30.800" level="INFO">Types the text 'Teste automatizados' in the given field.</msg>
<status status="PASS" starttime="20220327 16:48:30.799" endtime="20220327 16:48:30.928"/>
</kw>
<status status="PASS" starttime="20220327 16:48:30.798" endtime="20220327 16:48:30.928"/>
</kw>
<kw name="clicar no ${Buttons_DBS.adicionar_medicamento}" library="Page_profissão_cadastro" sourcename="clicar no ${Button}">
<kw name="Click" library="Browser">
<arg>id=${Button}</arg>
<tag>PageContent</tag>
<tag>Setter</tag>
<doc>Simulates mouse click on the element found by ``selector``.</doc>
<status status="PASS" starttime="20220327 16:48:30.929" endtime="20220327 16:48:31.045"/>
</kw>
<status status="PASS" starttime="20220327 16:48:30.928" endtime="20220327 16:48:31.045"/>
</kw>
<status status="PASS" starttime="20220327 16:48:30.594" endtime="20220327 16:48:31.045"/>
</kw>
<status status="PASS" starttime="20220327 16:48:30.593" endtime="20220327 16:48:31.045"/>
</kw>
<status status="PASS" starttime="20220327 16:48:30.592" endtime="20220327 16:48:31.045"/>
</kw>
<kw name="E" library="bdd">
<arg>clicar no ${Buttons_DBS.avançar}</arg>
<kw name="Run Keyword" library="BuiltIn">
<arg>@{Keywords}</arg>
<doc>Executes the given keyword with the given arguments.</doc>
<kw name="clicar no nextBtn" library="Page_profissão_cadastro" sourcename="clicar no ${Button}">
<kw name="Click" library="Browser">
<arg>id=${Button}</arg>
<tag>PageContent</tag>
<tag>Setter</tag>
<doc>Simulates mouse click on the element found by ``selector``.</doc>
<status status="PASS" starttime="20220327 16:48:31.049" endtime="20220327 16:48:31.148"/>
</kw>
<status status="PASS" starttime="20220327 16:48:31.049" endtime="20220327 16:48:31.149"/>
</kw>
<status status="PASS" starttime="20220327 16:48:31.048" endtime="20220327 16:48:31.149"/>
</kw>
<status status="PASS" starttime="20220327 16:48:31.046" endtime="20220327 16:48:31.149"/>
</kw>
<kw name="E" library="bdd">
<arg>informar historia patologica pregressa</arg>
<kw name="Run Keyword" library="BuiltIn">
<arg>@{Keywords}</arg>
<doc>Executes the given keyword with the given arguments.</doc>
<kw name="informar historia patologica pregressa" library="Page_DBS">
<kw name="selecionar o ${Valor_campos_DBS.doenca_diagnosticada} no ${campos_DBS.doenca_diagnosticada}" library="Page_profissão_cadastro" sourcename="selecionar o ${VALOR} no ${CAMPO}">
<kw name="Convert To Upper Case" library="String">
<var>${VALOR2}</var>
<arg>${VALOR}</arg>
<doc>Converts string to upper case.</doc>
<msg timestamp="20220327 16:48:31.157" level="INFO">${VALOR2} = SIM</msg>
<status status="PASS" starttime="20220327 16:48:31.157" endtime="20220327 16:48:31.157"/>
</kw>
<kw name="Select Options By" library="Browser">
<arg>id=${CAMPO}</arg>
<arg>Text</arg>
<arg>${VALOR2}</arg>
<tag>PageContent</tag>
<tag>Setter</tag>
<doc>Selects options from select element found by ``selector``.</doc>
<status status="PASS" starttime="20220327 16:48:31.158" endtime="20220327 16:48:31.193"/>
</kw>
<status status="PASS" starttime="20220327 16:48:31.153" endtime="20220327 16:48:31.194"/>
</kw>
<kw name="informar a doença" library="Page_DBS">
<kw name="Click" library="Browser">
<arg>xpath=${Campos_DBS.doenca1}</arg>
<tag>PageContent</tag>
<tag>Setter</tag>
<doc>Simulates mouse click on the element found by ``selector``.</doc>
<status status="PASS" starttime="20220327 16:48:31.195" endtime="20220327 16:48:31.283"/>
</kw>
<kw name="Type Text" library="Browser">
<arg>xpath=${Campos_DBS.doenca2}</arg>
<arg>${Valor_campos_DBS.doenca2}</arg>
<tag>PageContent</tag>
<tag>Setter</tag>
<doc>Types the given ``txt`` into the text field found by ``selector``.</doc>
<msg timestamp="20220327 16:48:31.287" level="INFO">Types the text 'FEBRE AMARELA' in the given field.</msg>
<status status="PASS" starttime="20220327 16:48:31.283" endtime="20220327 16:48:31.502"/>
</kw>
<kw name="Sleep" library="BuiltIn">
<arg>3s</arg>
<doc>Pauses the test executed for the given time.</doc>
<msg timestamp="20220327 16:48:34.503" level="INFO">Slept 3 seconds</msg>
<status status="PASS" starttime="20220327 16:48:31.502" endtime="20220327 16:48:34.503"/>
</kw>
<kw name="Click" library="Browser">
<arg>id=${Campos_DBS.selecionar_doença}</arg>
<tag>PageContent</tag>
<tag>Setter</tag>
<doc>Simulates mouse click on the element found by ``selector``.</doc>
<status status="PASS" starttime="20220327 16:48:34.503" endtime="20220327 16:48:34.586"/>
</kw>
<status status="PASS" starttime="20220327 16:48:31.194" endtime="20220327 16:48:34.586"/>
</kw>
<kw name="clicar no ${Buttons_DBS.adicionar_diagnostico}" library="Page_profissão_cadastro" sourcename="clicar no ${Button}">
<kw name="Click" library="Browser">
<arg>id=${Button}</arg>
<tag>PageContent</tag>
<tag>Setter</tag>
<doc>Simulates mouse click on the element found by ``selector``.</doc>
<status status="PASS" starttime="20220327 16:48:34.593" endtime="20220327 16:48:34.690"/>
</kw>
<status status="PASS" starttime="20220327 16:48:34.587" endtime="20220327 16:48:34.691"/>
</kw>
<status status="PASS" starttime="20220327 16:48:31.152" endtime="20220327 16:48:34.691"/>
</kw>
<status status="PASS" starttime="20220327 16:48:31.151" endtime="20220327 16:48:34.691"/>
</kw>
<status status="PASS" starttime="20220327 16:48:31.150" endtime="20220327 16:48:34.692"/>
</kw>
<kw name="E" library="bdd">
<arg>clicar no ${Buttons_DBS.avançar}</arg>
<kw name="Run Keyword" library="BuiltIn">
<arg>@{Keywords}</arg>
<doc>Executes the given keyword with the given arguments.</doc>
<kw name="clicar no nextBtn" library="Page_profissão_cadastro" sourcename="clicar no ${Button}">
<kw name="Click" library="Browser">
<arg>id=${Button}</arg>
<tag>PageContent</tag>
<tag>Setter</tag>
<doc>Simulates mouse click on the element found by ``selector``.</doc>
<status status="PASS" starttime="20220327 16:48:34.696" endtime="20220327 16:48:34.772"/>
</kw>
<status status="PASS" starttime="20220327 16:48:34.695" endtime="20220327 16:48:34.772"/>
</kw>
<status status="PASS" starttime="20220327 16:48:34.695" endtime="20220327 16:48:34.772"/>
</kw>
<status status="PASS" starttime="20220327 16:48:34.693" endtime="20220327 16:48:34.772"/>
</kw>
<kw name="E" library="bdd">
<arg>informar historico médico familiar</arg>
<kw name="Run Keyword" library="BuiltIn">
<arg>@{Keywords}</arg>
<doc>Executes the given keyword with the given arguments.</doc>
<kw name="informar historico médico familiar" library="Page_DBS">
<kw name="selecionar o ${Valor_campos_DBS.grau_parentesco} no ${campos_DBS.grau_parentesco}" library="Page_profissão_cadastro" sourcename="selecionar o ${VALOR} no ${CAMPO}">
<kw name="Convert To Upper Case" library="String">
<var>${VALOR2}</var>
<arg>${VALOR}</arg>
<doc>Converts string to upper case.</doc>
<msg timestamp="20220327 16:48:34.779" level="INFO">${VALOR2} = OUTRO</msg>
<status status="PASS" starttime="20220327 16:48:34.779" endtime="20220327 16:48:34.779"/>
</kw>
<kw name="Select Options By" library="Browser">
<arg>id=${CAMPO}</arg>
<arg>Text</arg>
<arg>${VALOR2}</arg>
<tag>PageContent</tag>
<tag>Setter</tag>
<doc>Selects options from select element found by ``selector``.</doc>
<status status="PASS" starttime="20220327 16:48:34.780" endtime="20220327 16:48:34.803"/>
</kw>
<status status="PASS" starttime="20220327 16:48:34.776" endtime="20220327 16:48:34.803"/>
</kw>
<kw name="preencher o ${Campos_DBS.outro_parente} com ${Valor_campos_DBS.outro_parente}" library="Page_profissão_cadastro" sourcename="preencher o ${CAMPO} com ${VALOR}">
<kw name="Type Text" library="Browser">
<arg>id=${CAMPO}</arg>
<arg>${VALOR}</arg>
<tag>PageContent</tag>
<tag>Setter</tag>
<doc>Types the given ``txt`` into the text field found by ``selector``.</doc>
<msg timestamp="20220327 16:48:34.806" level="INFO">Types the text 'Teste automatizados' in the given field.</msg>
<status status="PASS" starttime="20220327 16:48:34.806" endtime="20220327 16:48:35.002"/>
</kw>
<status status="PASS" starttime="20220327 16:48:34.804" endtime="20220327 16:48:35.002"/>
</kw>
<kw name="preencher o ${Campos_DBS.descricao_doenca} com ${Valor_campos_DBS.descricao_doenca}" library="Page_profissão_cadastro" sourcename="preencher o ${CAMPO} com ${VALOR}">
<kw name="Type Text" library="Browser">
<arg>id=${CAMPO}</arg>
<arg>${VALOR}</arg>
<tag>PageContent</tag>
<tag>Setter</tag>
<doc>Types the given ``txt`` into the text field found by ``selector``.</doc>
<msg timestamp="20220327 16:48:35.005" level="INFO">Types the text 'Teste automatizados' in the given field.</msg>
<status status="PASS" starttime="20220327 16:48:35.005" endtime="20220327 16:48:35.152"/>
</kw>
<status status="PASS" starttime="20220327 16:48:35.003" endtime="20220327 16:48:35.152"/>
</kw>
<kw name="informar a doença familiar" library="Page_DBS">
<kw name="Click" library="Browser">
<arg>xpath=${Campos_DBS.doenca_familiar1}</arg>
<tag>PageContent</tag>
<tag>Setter</tag>
<doc>Simulates mouse click on the element found by ``selector``.</doc>
<status status="PASS" starttime="20220327 16:48:35.153" endtime="20220327 16:48:35.273"/>
</kw>
<kw name="Type Text" library="Browser">
<arg>xpath=${Campos_DBS.doenca_familiar2}</arg>
<arg>${Valor_campos_DBS.doenca_familiar2}</arg>
<tag>PageContent</tag>
<tag>Setter</tag>
<doc>Types the given ``txt`` into the text field found by ``selector``.</doc>
<msg timestamp="20220327 16:48:35.277" level="INFO">Types the text 'ALGUMAS AFECÇÕES ORIGINADAS NO PERÍODO PERINATAL' in the given field.</msg>
<status status="PASS" starttime="20220327 16:48:35.274" endtime="20220327 16:48:35.733"/>
</kw>
<kw name="Sleep" library="BuiltIn">
<arg>3s</arg>
<doc>Pauses the test executed for the given time.</doc>
<msg timestamp="20220327 16:48:38.736" level="INFO">Slept 3 seconds</msg>
<status status="PASS" starttime="20220327 16:48:35.733" endtime="20220327 16:48:38.736"/>
</kw>
<kw name="Click" library="Browser">
<arg>xpath=${Campos_DBS.selecionar_doenca_familiar}</arg>
<tag>PageContent</tag>
<tag>Setter</tag>
<doc>Simulates mouse click on the element found by ``selector``.</doc>
<status status="PASS" starttime="20220327 16:48:38.736" endtime="20220327 16:48:38.803"/>
</kw>
<status status="PASS" starttime="20220327 16:48:35.153" endtime="20220327 16:48:38.803"/>
</kw>
<kw name="clicar em ${Buttons_DBS.adicionar_doenca_familiar}" library="Page_agendamento" sourcename="clicar em ${CAMPO}">
<kw name="Click" library="Browser">
<arg>xpath=${CAMPO}</arg>
<tag>PageContent</tag>
<tag>Setter</tag>
<doc>Simulates mouse click on the element found by ``selector``.</doc>
<status status="PASS" starttime="20220327 16:48:38.805" endtime="20220327 16:48:38.921"/>
</kw>
<status status="PASS" starttime="20220327 16:48:38.804" endtime="20220327 16:48:38.922"/>
</kw>
<status status="PASS" starttime="20220327 16:48:34.775" endtime="20220327 16:48:38.922"/>
</kw>
<status status="PASS" starttime="20220327 16:48:34.774" endtime="20220327 16:48:38.922"/>
</kw>
<status status="PASS" starttime="20220327 16:48:34.773" endtime="20220327 16:48:38.922"/>
</kw>
<kw name="E" library="bdd">
<arg>clicar no ${Buttons_DBS.avançar}</arg>
<kw name="Run Keyword" library="BuiltIn">
<arg>@{Keywords}</arg>
<doc>Executes the given keyword with the given arguments.</doc>
<kw name="clicar no nextBtn" library="Page_profissão_cadastro" sourcename="clicar no ${Button}">
<kw name="Click" library="Browser">
<arg>id=${Button}</arg>
<tag>PageContent</tag>
<tag>Setter</tag>
<doc>Simulates mouse click on the element found by ``selector``.</doc>
<status status="PASS" starttime="20220327 16:48:38.925" endtime="20220327 16:48:38.990"/>
</kw>
<status status="PASS" starttime="20220327 16:48:38.924" endtime="20220327 16:48:38.990"/>
</kw>
<status status="PASS" starttime="20220327 16:48:38.924" endtime="20220327 16:48:38.990"/>
</kw>
<status status="PASS" starttime="20220327 16:48:38.923" endtime="20220327 16:48:38.991"/>
</kw>
<kw name="E" library="bdd">
<arg>informar observações adicionais</arg>
<kw name="Run Keyword" library="BuiltIn">
<arg>@{Keywords}</arg>
<doc>Executes the given keyword with the given arguments.</doc>
<kw name="informar observações adicionais" library="Page_DBS">
<kw name="preencher o ${Campos_DBS.observacoes_adicionais} com ${Valor_campos_DBS.observacoes_adicionais}" library="Page_profissão_cadastro" sourcename="preencher o ${CAMPO} com ${VALOR}">
<kw name="Type Text" library="Browser">
<arg>id=${CAMPO}</arg>
<arg>${VALOR}</arg>
<tag>PageContent</tag>
<tag>Setter</tag>
<doc>Types the given ``txt`` into the text field found by ``selector``.</doc>
<msg timestamp="20220327 16:48:38.999" level="INFO">Types the text ' Teste automatizado' in the given field.</msg>
<status status="PASS" starttime="20220327 16:48:38.998" endtime="20220327 16:48:39.109"/>
</kw>
<status status="PASS" starttime="20220327 16:48:38.994" endtime="20220327 16:48:39.109"/>
</kw>
<status status="PASS" starttime="20220327 16:48:38.993" endtime="20220327 16:48:39.109"/>
</kw>
<status status="PASS" starttime="20220327 16:48:38.993" endtime="20220327 16:48:39.109"/>
</kw>
<status status="PASS" starttime="20220327 16:48:38.991" endtime="20220327 16:48:39.109"/>
</kw>
<kw name="E" library="bdd">
<arg>clicar no ${Buttons_DBS.avançar}</arg>
<kw name="Run Keyword" library="BuiltIn">
<arg>@{Keywords}</arg>
<doc>Executes the given keyword with the given arguments.</doc>
<kw name="clicar no nextBtn" library="Page_profissão_cadastro" sourcename="clicar no ${Button}">
<kw name="Click" library="Browser">
<arg>id=${Button}</arg>
<tag>PageContent</tag>
<tag>Setter</tag>
<doc>Simulates mouse click on the element found by ``selector``.</doc>
<status status="PASS" starttime="20220327 16:48:39.114" endtime="20220327 16:48:39.268"/>
</kw>
<status status="PASS" starttime="20220327 16:48:39.112" endtime="20220327 16:48:39.268"/>
</kw>
<status status="PASS" starttime="20220327 16:48:39.111" endtime="20220327 16:48:39.268"/>
</kw>
<status status="PASS" starttime="20220327 16:48:39.110" endtime="20220327 16:48:39.268"/>
</kw>
<kw name="Sleep" library="BuiltIn">
<arg>30s</arg>
<doc>Pauses the test executed for the given time.</doc>
<msg timestamp="20220327 16:49:09.282" level="INFO">Slept 30 seconds</msg>
<status status="PASS" starttime="20220327 16:48:39.269" endtime="20220327 16:49:09.283"/>
</kw>
<tag>Testes</tag>
<status status="PASS" starttime="20220327 16:48:25.388" endtime="20220327 16:49:09.285"/>
</test>
<doc>Formulario comum</doc>
<status status="PASS" starttime="20220327 16:48:18.229" endtime="20220327 16:49:09.307"/>
</suite>
<status status="PASS" starttime="20220327 16:48:18.176" endtime="20220327 16:49:09.475"/>
</suite>
<statistics>
<total>
<stat pass="1" fail="0" skip="0">All Tests</stat>
</total>
<tag>
<stat pass="1" fail="0" skip="0">Testes</stat>
</tag>
<suite>
<stat pass="1" fail="0" skip="0" id="s1" name="Tests">Tests</stat>
<stat pass="1" fail="0" skip="0" id="s1-s1" name="Formulario comum">Tests.Formulario comum</stat>
</suite>
</statistics>
<errors>
<msg timestamp="20220327 16:48:19.060" level="ERROR">Error in file 'C:\Users\Mayara\Documents\TCC\RobotFramework-Sigsaude\Resources\Page_datastudio.robot' on line 4: Importing library 'RPA.Cloud.Google' failed: ModuleNotFoundError: No module named 'RPA'
Traceback (most recent call last):
  None
PYTHONPATH:
  C:\Users\Mayara\AppData\Roaming\Python\Python39\Scripts\robot.exe
  c:\program files\python39\python39.zip
  c:\program files\python39\DLLs
  c:\program files\python39\lib
  c:\program files\python39
  C:\Users\Mayara\AppData\Roaming\Python\Python39\site-packages
  c:\program files\python39\lib\site-packages</msg>
<msg timestamp="20220327 16:48:19.076" level="ERROR">Error in file 'C:\Users\Mayara\Documents\TCC\RobotFramework-Sigsaude\Resources\Page_capturar_dados.robot' on line 2: Importing library 'RPA.Tables' failed: ModuleNotFoundError: No module named 'RPA'
Traceback (most recent call last):
  None
PYTHONPATH:
  C:\Users\Mayara\AppData\Roaming\Python\Python39\Scripts\robot.exe
  c:\program files\python39\python39.zip
  c:\program files\python39\DLLs
  c:\program files\python39\lib
  c:\program files\python39
  C:\Users\Mayara\AppData\Roaming\Python\Python39\site-packages
  c:\program files\python39\lib\site-packages</msg>
<msg timestamp="20220327 16:48:19.085" level="ERROR">Error in file 'C:\Users\Mayara\Documents\TCC\RobotFramework-Sigsaude\Resources\Page_capturar_dados.robot' on line 3: Importing library 'RPA.Excel.Files' failed: ModuleNotFoundError: No module named 'RPA'
Traceback (most recent call last):
  None
PYTHONPATH:
  C:\Users\Mayara\AppData\Roaming\Python\Python39\Scripts\robot.exe
  c:\program files\python39\python39.zip
  c:\program files\python39\DLLs
  c:\program files\python39\lib
  c:\program files\python39
  C:\Users\Mayara\AppData\Roaming\Python\Python39\site-packages
  c:\program files\python39\lib\site-packages</msg>
</errors>
</robot>
