<?xml version="1.0" encoding="UTF-8"?>
<robot generator="Robot 4.0.3 (Python 3.8.10 on linux)" generated="20220228 20:49:25.965" rpa="false" schemaversion="2">
<suite id="s1" name="Caminho feliz" source="/home/m.calixta/RobotFramework-Sigsaude/Tests/Caminho feliz.robot">
<kw name="iniciar navegador sessão &quot;Endocrinologia&quot;" library="base" type="SETUP" sourcename="iniciar navegador sessão &quot;${login_usuario}&quot;">
<kw name="iniciar Navegador" library="base">
<kw name="Get JSON" library="base">
<var>${config_json}</var>
<arg>config.json</arg>
<kw name="Get File" library="OperatingSystem">
<var>${file}</var>
<arg>${EXECDIR}/Files/${file_name}</arg>
<doc>Returns the contents of a specified file.</doc>
<msg timestamp="20220228 20:49:27.111" level="INFO" html="true">Getting file '&lt;a href="file:///home/m.calixta/RobotFramework-Sigsaude/Files/config.json"&gt;/home/m.calixta/RobotFramework-Sigsaude/Files/config.json&lt;/a&gt;'.</msg>
<msg timestamp="20220228 20:49:27.111" level="INFO">${file} = {
    "base_url":"https://homologacaosigsaude.imd.ufrn.br/sigsaude",
    "navegador":"chromium"
}</msg>
<status status="PASS" starttime="20220228 20:49:27.110" endtime="20220228 20:49:27.111"/>
</kw>
<kw name="Evaluate" library="BuiltIn">
<var>${super_var}</var>
<arg>json.loads($file)</arg>
<arg>json</arg>
<doc>Evaluates the given expression in Python and returns the result.</doc>
<msg timestamp="20220228 20:49:27.125" level="INFO">${super_var} = {'base_url': 'https://homologacaosigsaude.imd.ufrn.br/sigsaude', 'navegador': 'chromium'}</msg>
<status status="PASS" starttime="20220228 20:49:27.112" endtime="20220228 20:49:27.125"/>
</kw>
<msg timestamp="20220228 20:49:27.126" level="INFO">${config_json} = {'base_url': 'https://homologacaosigsaude.imd.ufrn.br/sigsaude', 'navegador': 'chromium'}</msg>
<status status="PASS" starttime="20220228 20:49:27.108" endtime="20220228 20:49:27.126"/>
</kw>
<kw name="New Browser" library="Browser">
<arg>${config_json["navegador"]}</arg>
<arg>False</arg>
<tag>BrowserControl</tag>
<tag>Setter</tag>
<doc>Create a new playwright Browser with specified options.
See `Browser, Context and Page` for more information about Browser and related concepts.</doc>
<msg timestamp="20220228 20:49:27.130" level="INFO">{"browser": "chromium", "headless": false, "handleSIGINT": true, "handleSIGTERM": true, "handleSIGHUP": true, "timeout": 30000.0, "devtools": false, "slowMo": 0.0}</msg>
<msg timestamp="20220228 20:49:27.481" level="INFO">Successfully created browser with options: {"browser":"chromium","headless":false,"handleSIGINT":true,"handleSIGTERM":true,"handleSIGHUP":true,"timeout":30000,"devtools":false,"slowMo":0}</msg>
<status status="PASS" starttime="20220228 20:49:27.127" endtime="20220228 20:49:27.482"/>
</kw>
<status status="PASS" starttime="20220228 20:49:27.107" endtime="20220228 20:49:27.482"/>
</kw>
<kw name="Get JSON" library="base">
<var>${config_json}</var>
<arg>config.json</arg>
<kw name="Get File" library="OperatingSystem">
<var>${file}</var>
<arg>${EXECDIR}/Files/${file_name}</arg>
<doc>Returns the contents of a specified file.</doc>
<msg timestamp="20220228 20:49:27.487" level="INFO" html="true">Getting file '&lt;a href="file:///home/m.calixta/RobotFramework-Sigsaude/Files/config.json"&gt;/home/m.calixta/RobotFramework-Sigsaude/Files/config.json&lt;/a&gt;'.</msg>
<msg timestamp="20220228 20:49:27.487" level="INFO">${file} = {
    "base_url":"https://homologacaosigsaude.imd.ufrn.br/sigsaude",
    "navegador":"chromium"
}</msg>
<status status="PASS" starttime="20220228 20:49:27.485" endtime="20220228 20:49:27.487"/>
</kw>
<kw name="Evaluate" library="BuiltIn">
<var>${super_var}</var>
<arg>json.loads($file)</arg>
<arg>json</arg>
<doc>Evaluates the given expression in Python and returns the result.</doc>
<msg timestamp="20220228 20:49:27.490" level="INFO">${super_var} = {'base_url': 'https://homologacaosigsaude.imd.ufrn.br/sigsaude', 'navegador': 'chromium'}</msg>
<status status="PASS" starttime="20220228 20:49:27.489" endtime="20220228 20:49:27.491"/>
</kw>
<msg timestamp="20220228 20:49:27.492" level="INFO">${config_json} = {'base_url': 'https://homologacaosigsaude.imd.ufrn.br/sigsaude', 'navegador': 'chromium'}</msg>
<status status="PASS" starttime="20220228 20:49:27.483" endtime="20220228 20:49:27.492"/>
</kw>
<kw name="New Page" library="Browser">
<arg>${config_json["base_url"]}</arg>
<tag>BrowserControl</tag>
<tag>Setter</tag>
<doc>Open a new Page. A Page is the Playwright equivalent to a tab.
See `Browser, Context and Page` for more information about Page concept.
Returns a stable identifier for the created page.</doc>
<msg timestamp="20220228 20:49:31.871" level="INFO">Successfully initialized new page object and opened url: https://homologacaosigsaude.imd.ufrn.br/sigsaude</msg>
<msg timestamp="20220228 20:49:31.871" level="INFO">No context was open. New context was automatically opened when this page is created.</msg>
<status status="PASS" starttime="20220228 20:49:27.493" endtime="20220228 20:49:31.872"/>
</kw>
<kw name="Direcionamento da tela &quot;login&quot;" library="nav" sourcename="Direcionamento da tela &quot;${page}&quot;">
<kw name="Get JSON" library="base">
<var>${telas_json}</var>
<arg>telas.json</arg>
<kw name="Get File" library="OperatingSystem">
<var>${file}</var>
<arg>${EXECDIR}/Files/${file_name}</arg>
<doc>Returns the contents of a specified file.</doc>
<msg timestamp="20220228 20:49:31.880" level="INFO" html="true">Getting file '&lt;a href="file:///home/m.calixta/RobotFramework-Sigsaude/Files/telas.json"&gt;/home/m.calixta/RobotFramework-Sigsaude/Files/telas.json&lt;/a&gt;'.</msg>
<msg timestamp="20220228 20:49:31.881" level="INFO">${file} = {
    "login":"/login",
    "novo usuario de serviço":"/paciente/cadastro",
    "listar usuarios de serviço":"/paciente",
    "cadastro de colaborador":"/colaborador/form",
    "agendamento":"/agendam...</msg>
<status status="PASS" starttime="20220228 20:49:31.878" endtime="20220228 20:49:31.881"/>
</kw>
<kw name="Evaluate" library="BuiltIn">
<var>${super_var}</var>
<arg>json.loads($file)</arg>
<arg>json</arg>
<doc>Evaluates the given expression in Python and returns the result.</doc>
<msg timestamp="20220228 20:49:31.884" level="INFO">${super_var} = {'login': '/login', 'novo usuario de serviço': '/paciente/cadastro', 'listar usuarios de serviço': '/paciente', 'cadastro de colaborador': '/colaborador/form', 'agendamento': '/agendamento', 'listar c...</msg>
<status status="PASS" starttime="20220228 20:49:31.882" endtime="20220228 20:49:31.884"/>
</kw>
<msg timestamp="20220228 20:49:31.885" level="INFO">${telas_json} = {'login': '/login', 'novo usuario de serviço': '/paciente/cadastro', 'listar usuarios de serviço': '/paciente', 'cadastro de colaborador': '/colaborador/form', 'agendamento': '/agendamento', 'listar c...</msg>
<status status="PASS" starttime="20220228 20:49:31.876" endtime="20220228 20:49:31.885"/>
</kw>
<kw name="Get JSON" library="base">
<var>${config_json}</var>
<arg>config.json</arg>
<kw name="Get File" library="OperatingSystem">
<var>${file}</var>
<arg>${EXECDIR}/Files/${file_name}</arg>
<doc>Returns the contents of a specified file.</doc>
<msg timestamp="20220228 20:49:31.888" level="INFO" html="true">Getting file '&lt;a href="file:///home/m.calixta/RobotFramework-Sigsaude/Files/config.json"&gt;/home/m.calixta/RobotFramework-Sigsaude/Files/config.json&lt;/a&gt;'.</msg>
<msg timestamp="20220228 20:49:31.889" level="INFO">${file} = {
    "base_url":"https://homologacaosigsaude.imd.ufrn.br/sigsaude",
    "navegador":"chromium"
}</msg>
<status status="PASS" starttime="20220228 20:49:31.887" endtime="20220228 20:49:31.889"/>
</kw>
<kw name="Evaluate" library="BuiltIn">
<var>${super_var}</var>
<arg>json.loads($file)</arg>
<arg>json</arg>
<doc>Evaluates the given expression in Python and returns the result.</doc>
<msg timestamp="20220228 20:49:31.891" level="INFO">${super_var} = {'base_url': 'https://homologacaosigsaude.imd.ufrn.br/sigsaude', 'navegador': 'chromium'}</msg>
<status status="PASS" starttime="20220228 20:49:31.890" endtime="20220228 20:49:31.891"/>
</kw>
<msg timestamp="20220228 20:49:31.892" level="INFO">${config_json} = {'base_url': 'https://homologacaosigsaude.imd.ufrn.br/sigsaude', 'navegador': 'chromium'}</msg>
<status status="PASS" starttime="20220228 20:49:31.886" endtime="20220228 20:49:31.893"/>
</kw>
<kw name="Go To" library="Browser">
<arg>${config_json["base_url"]}${telas_json["${page}"]}</arg>
<tag>BrowserControl</tag>
<tag>Setter</tag>
<doc>Navigates to the given ``url``.</doc>
<msg timestamp="20220228 20:49:32.697" level="INFO">Succesfully opened URL https://homologacaosigsaude.imd.ufrn.br/sigsaude/login</msg>
<status status="PASS" starttime="20220228 20:49:31.894" endtime="20220228 20:49:32.698"/>
</kw>
<status status="PASS" starttime="20220228 20:49:31.874" endtime="20220228 20:49:32.700"/>
</kw>
<kw name="Get JSON" library="base">
<var>${login_json}</var>
<arg>login.json</arg>
<kw name="Get File" library="OperatingSystem">
<var>${file}</var>
<arg>${EXECDIR}/Files/${file_name}</arg>
<doc>Returns the contents of a specified file.</doc>
<msg timestamp="20220228 20:49:32.712" level="INFO" html="true">Getting file '&lt;a href="file:///home/m.calixta/RobotFramework-Sigsaude/Files/login.json"&gt;/home/m.calixta/RobotFramework-Sigsaude/Files/login.json&lt;/a&gt;'.</msg>
<msg timestamp="20220228 20:49:32.713" level="INFO">${file} = {

    "Psicologia":{
        "login": "drpsicologia",
        "senha": 85278120029
    },

    "Endocrinologia":{
        "login": "drendocrinologia",
        "senha": 98841863323
    }
}</msg>
<status status="PASS" starttime="20220228 20:49:32.708" endtime="20220228 20:49:32.713"/>
</kw>
<kw name="Evaluate" library="BuiltIn">
<var>${super_var}</var>
<arg>json.loads($file)</arg>
<arg>json</arg>
<doc>Evaluates the given expression in Python and returns the result.</doc>
<msg timestamp="20220228 20:49:32.717" level="INFO">${super_var} = {'Psicologia': {'login': 'drpsicologia', 'senha': 85278120029}, 'Endocrinologia': {'login': 'drendocrinologia', 'senha': 98841863323}}</msg>
<status status="PASS" starttime="20220228 20:49:32.715" endtime="20220228 20:49:32.717"/>
</kw>
<msg timestamp="20220228 20:49:32.718" level="INFO">${login_json} = {'Psicologia': {'login': 'drpsicologia', 'senha': 85278120029}, 'Endocrinologia': {'login': 'drendocrinologia', 'senha': 98841863323}}</msg>
<status status="PASS" starttime="20220228 20:49:32.703" endtime="20220228 20:49:32.718"/>
</kw>
<kw name="Fill Text" library="Browser">
<arg>id=login-username</arg>
<arg>${login_json["${login_usuario}"]["login"]}</arg>
<tag>PageContent</tag>
<tag>Setter</tag>
<doc>Clears and fills the given ``text`` into the text field found by ``selector``.</doc>
<msg timestamp="20220228 20:49:32.723" level="INFO">Fills the text 'drendocrinologia' in the given field.</msg>
<status status="PASS" starttime="20220228 20:49:32.719" endtime="20220228 20:49:32.758"/>
</kw>
<kw name="Fill Text" library="Browser">
<arg>id=login-password</arg>
<arg>${login_json["${login_usuario}"]["senha"]}</arg>
<tag>PageContent</tag>
<tag>Setter</tag>
<doc>Clears and fills the given ``text`` into the text field found by ``selector``.</doc>
<msg timestamp="20220228 20:49:32.762" level="INFO">Fills the text '98841863323' in the given field.</msg>
<status status="PASS" starttime="20220228 20:49:32.759" endtime="20220228 20:49:32.779"/>
</kw>
<kw name="Click" library="Browser">
<arg>css=[value='Entrar']</arg>
<tag>PageContent</tag>
<tag>Setter</tag>
<doc>Simulates mouse click on the element found by ``selector``.</doc>
<status status="PASS" starttime="20220228 20:49:32.780" endtime="20220228 20:49:33.309"/>
</kw>
<status status="PASS" starttime="20220228 20:49:27.106" endtime="20220228 20:49:33.310"/>
</kw>
<test id="s1-t1" name="[009] -Cadastro de profissional (Completo)">
<kw name="Dado" library="bdd">
<arg>que o usuario está na tela "cadastro oferta"</arg>
<kw name="Run Keyword" library="BuiltIn">
<arg>@{Keywords}</arg>
<doc>Executes the given keyword with the given arguments.</doc>
<kw name="que o usuario está na tela &quot;cadastro oferta&quot;" library="nav" sourcename="que o usuario está na tela &quot;${tela}&quot;">
<kw name="Direcionamento da tela &quot;${tela}&quot;" library="nav" sourcename="Direcionamento da tela &quot;${page}&quot;">
<kw name="Get JSON" library="base">
<var>${telas_json}</var>
<arg>telas.json</arg>
<kw name="Get File" library="OperatingSystem">
<var>${file}</var>
<arg>${EXECDIR}/Files/${file_name}</arg>
<doc>Returns the contents of a specified file.</doc>
<msg timestamp="20220228 20:49:33.335" level="INFO" html="true">Getting file '&lt;a href="file:///home/m.calixta/RobotFramework-Sigsaude/Files/telas.json"&gt;/home/m.calixta/RobotFramework-Sigsaude/Files/telas.json&lt;/a&gt;'.</msg>
<msg timestamp="20220228 20:49:33.336" level="INFO">${file} = {
    "login":"/login",
    "novo usuario de serviço":"/paciente/cadastro",
    "listar usuarios de serviço":"/paciente",
    "cadastro de colaborador":"/colaborador/form",
    "agendamento":"/agendam...</msg>
<status status="PASS" starttime="20220228 20:49:33.334" endtime="20220228 20:49:33.336"/>
</kw>
<kw name="Evaluate" library="BuiltIn">
<var>${super_var}</var>
<arg>json.loads($file)</arg>
<arg>json</arg>
<doc>Evaluates the given expression in Python and returns the result.</doc>
<msg timestamp="20220228 20:49:33.338" level="INFO">${super_var} = {'login': '/login', 'novo usuario de serviço': '/paciente/cadastro', 'listar usuarios de serviço': '/paciente', 'cadastro de colaborador': '/colaborador/form', 'agendamento': '/agendamento', 'listar c...</msg>
<status status="PASS" starttime="20220228 20:49:33.337" endtime="20220228 20:49:33.338"/>
</kw>
<msg timestamp="20220228 20:49:33.339" level="INFO">${telas_json} = {'login': '/login', 'novo usuario de serviço': '/paciente/cadastro', 'listar usuarios de serviço': '/paciente', 'cadastro de colaborador': '/colaborador/form', 'agendamento': '/agendamento', 'listar c...</msg>
<status status="PASS" starttime="20220228 20:49:33.332" endtime="20220228 20:49:33.339"/>
</kw>
<kw name="Get JSON" library="base">
<var>${config_json}</var>
<arg>config.json</arg>
<kw name="Get File" library="OperatingSystem">
<var>${file}</var>
<arg>${EXECDIR}/Files/${file_name}</arg>
<doc>Returns the contents of a specified file.</doc>
<msg timestamp="20220228 20:49:33.343" level="INFO" html="true">Getting file '&lt;a href="file:///home/m.calixta/RobotFramework-Sigsaude/Files/config.json"&gt;/home/m.calixta/RobotFramework-Sigsaude/Files/config.json&lt;/a&gt;'.</msg>
<msg timestamp="20220228 20:49:33.343" level="INFO">${file} = {
    "base_url":"https://homologacaosigsaude.imd.ufrn.br/sigsaude",
    "navegador":"chromium"
}</msg>
<status status="PASS" starttime="20220228 20:49:33.342" endtime="20220228 20:49:33.343"/>
</kw>
<kw name="Evaluate" library="BuiltIn">
<var>${super_var}</var>
<arg>json.loads($file)</arg>
<arg>json</arg>
<doc>Evaluates the given expression in Python and returns the result.</doc>
<msg timestamp="20220228 20:49:33.346" level="INFO">${super_var} = {'base_url': 'https://homologacaosigsaude.imd.ufrn.br/sigsaude', 'navegador': 'chromium'}</msg>
<status status="PASS" starttime="20220228 20:49:33.344" endtime="20220228 20:49:33.346"/>
</kw>
<msg timestamp="20220228 20:49:33.347" level="INFO">${config_json} = {'base_url': 'https://homologacaosigsaude.imd.ufrn.br/sigsaude', 'navegador': 'chromium'}</msg>
<status status="PASS" starttime="20220228 20:49:33.340" endtime="20220228 20:49:33.347"/>
</kw>
<kw name="Go To" library="Browser">
<arg>${config_json["base_url"]}${telas_json["${page}"]}</arg>
<tag>BrowserControl</tag>
<tag>Setter</tag>
<doc>Navigates to the given ``url``.</doc>
<msg timestamp="20220228 20:49:34.714" level="INFO">Succesfully opened URL https://homologacaosigsaude.imd.ufrn.br/sigsaude/ofertaAtendimento/form</msg>
<status status="PASS" starttime="20220228 20:49:33.348" endtime="20220228 20:49:34.715"/>
</kw>
<status status="PASS" starttime="20220228 20:49:33.330" endtime="20220228 20:49:34.715"/>
</kw>
<status status="PASS" starttime="20220228 20:49:33.329" endtime="20220228 20:49:34.716"/>
</kw>
<status status="PASS" starttime="20220228 20:49:33.327" endtime="20220228 20:49:34.716"/>
</kw>
<status status="PASS" starttime="20220228 20:49:33.325" endtime="20220228 20:49:34.717"/>
</kw>
<kw name="Então" library="bdd">
<arg>preencher o ${Campos_oferta.denominacao} com ${Valor_campos_oferta.denominacao}</arg>
<kw name="Run Keyword" library="BuiltIn">
<arg>@{Keywords}</arg>
<doc>Executes the given keyword with the given arguments.</doc>
<kw name="preencher o inputDenominacao com Oferta nutrição" library="Page_profissão_cadastro" sourcename="preencher o ${CAMPO} com ${VALOR}">
<kw name="Type Text" library="Browser">
<arg>id=${CAMPO}</arg>
<arg>${VALOR}</arg>
<tag>PageContent</tag>
<tag>Setter</tag>
<doc>Types the given ``txt`` into the text field found by ``selector``.</doc>
<msg timestamp="20220228 20:49:34.734" level="INFO">Types the text 'Oferta nutrição' in the given field.</msg>
<status status="PASS" starttime="20220228 20:49:34.732" endtime="20220228 20:49:34.811"/>
</kw>
<status status="PASS" starttime="20220228 20:49:34.730" endtime="20220228 20:49:34.811"/>
</kw>
<status status="PASS" starttime="20220228 20:49:34.729" endtime="20220228 20:49:34.811"/>
</kw>
<status status="PASS" starttime="20220228 20:49:34.719" endtime="20220228 20:49:34.812"/>
</kw>
<kw name="E" library="bdd">
<arg>preencher o ${Campos_oferta.data_inicio} com ${Valor_campos_oferta.data_inicio}</arg>
<kw name="Run Keyword" library="BuiltIn">
<arg>@{Keywords}</arg>
<doc>Executes the given keyword with the given arguments.</doc>
<kw name="preencher o inputDataInicio com 10032022" library="Page_profissão_cadastro" sourcename="preencher o ${CAMPO} com ${VALOR}">
<kw name="Type Text" library="Browser">
<arg>id=${CAMPO}</arg>
<arg>${VALOR}</arg>
<tag>PageContent</tag>
<tag>Setter</tag>
<doc>Types the given ``txt`` into the text field found by ``selector``.</doc>
<msg timestamp="20220228 20:49:34.823" level="INFO">Types the text '10032022' in the given field.</msg>
<status status="PASS" starttime="20220228 20:49:34.821" endtime="20220228 20:49:34.865"/>
</kw>
<status status="PASS" starttime="20220228 20:49:34.819" endtime="20220228 20:49:34.866"/>
</kw>
<status status="PASS" starttime="20220228 20:49:34.818" endtime="20220228 20:49:34.866"/>
</kw>
<status status="PASS" starttime="20220228 20:49:34.812" endtime="20220228 20:49:34.866"/>
</kw>
<kw name="E" library="bdd">
<arg>preencher o ${Campos_oferta.data_fim} com ${Valor_campos_oferta.data_fim}</arg>
<kw name="Run Keyword" library="BuiltIn">
<arg>@{Keywords}</arg>
<doc>Executes the given keyword with the given arguments.</doc>
<kw name="preencher o inputDataFim com 10082022" library="Page_profissão_cadastro" sourcename="preencher o ${CAMPO} com ${VALOR}">
<kw name="Type Text" library="Browser">
<arg>id=${CAMPO}</arg>
<arg>${VALOR}</arg>
<tag>PageContent</tag>
<tag>Setter</tag>
<doc>Types the given ``txt`` into the text field found by ``selector``.</doc>
<msg timestamp="20220228 20:49:34.878" level="INFO">Types the text '10082022' in the given field.</msg>
<status status="PASS" starttime="20220228 20:49:34.877" endtime="20220228 20:49:34.920"/>
</kw>
<status status="PASS" starttime="20220228 20:49:34.875" endtime="20220228 20:49:34.921"/>
</kw>
<status status="PASS" starttime="20220228 20:49:34.873" endtime="20220228 20:49:34.921"/>
</kw>
<status status="PASS" starttime="20220228 20:49:34.867" endtime="20220228 20:49:34.921"/>
</kw>
<kw name="E" library="bdd">
<arg>preencher o ${Campos_oferta.inicio_do_expediente} com ${Valor_campos_oferta.inicio_do_expediente}</arg>
<kw name="Run Keyword" library="BuiltIn">
<arg>@{Keywords}</arg>
<doc>Executes the given keyword with the given arguments.</doc>
<kw name="preencher o inputHorarioInicio com 1000" library="Page_profissão_cadastro" sourcename="preencher o ${CAMPO} com ${VALOR}">
<kw name="Type Text" library="Browser">
<arg>id=${CAMPO}</arg>
<arg>${VALOR}</arg>
<tag>PageContent</tag>
<tag>Setter</tag>
<doc>Types the given ``txt`` into the text field found by ``selector``.</doc>
<msg timestamp="20220228 20:49:34.931" level="INFO">Types the text '1000' in the given field.</msg>
<status status="PASS" starttime="20220228 20:49:34.930" endtime="20220228 20:49:34.963"/>
</kw>
<status status="PASS" starttime="20220228 20:49:34.929" endtime="20220228 20:49:34.964"/>
</kw>
<status status="PASS" starttime="20220228 20:49:34.928" endtime="20220228 20:49:34.964"/>
</kw>
<status status="PASS" starttime="20220228 20:49:34.922" endtime="20220228 20:49:34.964"/>
</kw>
<kw name="E" library="bdd">
<arg>preencher o ${Campos_oferta.fim_do_expediente} com ${Valor_campos_oferta.fim_do_expediente}</arg>
<kw name="Run Keyword" library="BuiltIn">
<arg>@{Keywords}</arg>
<doc>Executes the given keyword with the given arguments.</doc>
<kw name="preencher o inputHorarioFim com 2200" library="Page_profissão_cadastro" sourcename="preencher o ${CAMPO} com ${VALOR}">
<kw name="Type Text" library="Browser">
<arg>id=${CAMPO}</arg>
<arg>${VALOR}</arg>
<tag>PageContent</tag>
<tag>Setter</tag>
<doc>Types the given ``txt`` into the text field found by ``selector``.</doc>
<msg timestamp="20220228 20:49:34.978" level="INFO">Types the text '2200' in the given field.</msg>
<status status="PASS" starttime="20220228 20:49:34.977" endtime="20220228 20:49:35.004"/>
</kw>
<status status="PASS" starttime="20220228 20:49:34.975" endtime="20220228 20:49:35.004"/>
</kw>
<status status="PASS" starttime="20220228 20:49:34.973" endtime="20220228 20:49:35.005"/>
</kw>
<status status="PASS" starttime="20220228 20:49:34.965" endtime="20220228 20:49:35.005"/>
</kw>
<kw name="Quando" library="bdd">
<arg>clicar no ${Buttons.avançar}</arg>
<kw name="Run Keyword" library="BuiltIn">
<arg>@{Keywords}</arg>
<doc>Executes the given keyword with the given arguments.</doc>
<kw name="clicar no nextBtn" library="Page_profissão_cadastro" sourcename="clicar no ${Button}">
<kw name="Click" library="Browser">
<arg>id=${Button}</arg>
<tag>PageContent</tag>
<tag>Setter</tag>
<doc>Simulates mouse click on the element found by ``selector``.</doc>
<status status="PASS" starttime="20220228 20:49:35.014" endtime="20220228 20:49:35.293"/>
</kw>
<status status="PASS" starttime="20220228 20:49:35.012" endtime="20220228 20:49:35.294"/>
</kw>
<status status="PASS" starttime="20220228 20:49:35.011" endtime="20220228 20:49:35.294"/>
</kw>
<status status="PASS" starttime="20220228 20:49:35.006" endtime="20220228 20:49:35.294"/>
</kw>
<kw name="Então" library="bdd">
<arg>inserir modalidade ${Campos_oferta.modalidade1}</arg>
<kw name="Run Keyword" library="BuiltIn">
<arg>@{Keywords}</arg>
<doc>Executes the given keyword with the given arguments.</doc>
<kw name="inserir modalidade //*[@id=&quot;formConvenioApp&quot;]/div[2]/div[3]/div/div[1]/div/div/div[1]/div/div[2]" library="Page_oferta_cadastro" sourcename="inserir modalidade ${CAMPO}">
<kw name="Click" library="Browser">
<arg>xpath=${CAMPO}</arg>
<tag>PageContent</tag>
<tag>Setter</tag>
<doc>Simulates mouse click on the element found by ``selector``.</doc>
<status status="PASS" starttime="20220228 20:49:35.305" endtime="20220228 20:49:35.531"/>
</kw>
<kw name="Fill Text" library="Browser">
<arg>xpath=${Campos_oferta.modalidade2}</arg>
<arg>${Campos_oferta.modalidade3}</arg>
<tag>PageContent</tag>
<tag>Setter</tag>
<doc>Clears and fills the given ``text`` into the text field found by ``selector``.</doc>
<msg timestamp="20220228 20:49:35.539" level="INFO">Fills the text ' ACOMPANHAMENTO PSICOSSOCIAL DO ESTUDANTE UFRN - Especialidade: PSICOLOGIA SOCIAL' in the given field.</msg>
<status status="PASS" starttime="20220228 20:49:35.533" endtime="20220228 20:49:35.566"/>
</kw>
<kw name="Click" library="Browser">
<arg>xpath=${Buttons.adicionar}</arg>
<tag>PageContent</tag>
<tag>Setter</tag>
<doc>Simulates mouse click on the element found by ``selector``.</doc>
<msg timestamp="20220228 20:49:35.569" level="FAIL">Resolving variable '${Buttons.adicionar}' failed: AttributeError: adicionar</msg>
<status status="FAIL" starttime="20220228 20:49:35.566" endtime="20220228 20:49:35.569"/>
</kw>
<status status="FAIL" starttime="20220228 20:49:35.303" endtime="20220228 20:49:35.570"/>
</kw>
<status status="FAIL" starttime="20220228 20:49:35.301" endtime="20220228 20:49:35.570"/>
</kw>
<status status="FAIL" starttime="20220228 20:49:35.296" endtime="20220228 20:49:35.570"/>
</kw>
<kw name="Sleep" library="BuiltIn">
<arg>20s</arg>
<doc>Pauses the test executed for the given time.</doc>
<status status="NOT RUN" starttime="20220228 20:49:35.571" endtime="20220228 20:49:35.571"/>
</kw>
<status status="FAIL" starttime="20220228 20:49:33.311" endtime="20220228 20:49:35.573">Resolving variable '${Buttons.adicionar}' failed: AttributeError: adicionar</status>
</test>
<doc>Cadastro profissão</doc>
<status status="FAIL" starttime="20220228 20:49:25.978" endtime="20220228 20:49:35.581"/>
</suite>
<statistics>
<total>
<stat pass="0" fail="1" skip="0">All Tests</stat>
</total>
<tag>
</tag>
<suite>
<stat pass="0" fail="1" skip="0" id="s1" name="Caminho feliz">Caminho feliz</stat>
</suite>
</statistics>
<errors>
</errors>
</robot>
