<?xml version="1.0" encoding="UTF-8"?>
<robot generator="Robot 4.0.3 (Python 3.8.10 on linux)" generated="20211107 22:25:46.007" rpa="false" schemaversion="2">
<suite id="s1" name="Tests" source="/home/m.calixta/Projeto sigsaúde/Tests">
<suite id="s1-s1" name="1 -Login" source="/home/m.calixta/Projeto sigsaúde/Tests/1 -Login.robot">
<test id="s1-s1-t1" name="[001] - login com fluxo correto">
<kw name="Dado" library="bdd">
<arg>que o usuario está na tela login</arg>
<kw name="Run Keyword" library="BuiltIn">
<arg>@{Keywords}</arg>
<doc>Executes the given keyword with the given arguments.</doc>
<kw name="que o usuario está na tela login" library="login">
<kw name="iniciar Navegador" library="base">
<kw name="Get JSON" library="base">
<var>${config_json}</var>
<arg>config.json</arg>
<kw name="Get File" library="OperatingSystem">
<var>${file}</var>
<arg>${EXECDIR}/Files/${file_name}</arg>
<doc>Returns the contents of a specified file.</doc>
<msg timestamp="20211107 22:25:47.737" level="INFO" html="true">Getting file '&lt;a href="file:///home/m.calixta/Projeto sigsaúde/Files/config.json"&gt;/home/m.calixta/Projeto sigsaúde/Files/config.json&lt;/a&gt;'.</msg>
<msg timestamp="20211107 22:25:47.738" level="INFO">${file} = {
    "base_url":"http://177.20.147.8/sigsaude",
    "navegador":"chromium"
}</msg>
<status status="PASS" starttime="20211107 22:25:47.735" endtime="20211107 22:25:47.738"/>
</kw>
<kw name="Evaluate" library="BuiltIn">
<var>${super_var}</var>
<arg>json.loads($file)</arg>
<arg>json</arg>
<doc>Evaluates the given expression in Python and returns the result.</doc>
<msg timestamp="20211107 22:25:47.757" level="INFO">${super_var} = {'base_url': 'http://177.20.147.8/sigsaude', 'navegador': 'chromium'}</msg>
<status status="PASS" starttime="20211107 22:25:47.739" endtime="20211107 22:25:47.757"/>
</kw>
<msg timestamp="20211107 22:25:47.758" level="INFO">${config_json} = {'base_url': 'http://177.20.147.8/sigsaude', 'navegador': 'chromium'}</msg>
<status status="PASS" starttime="20211107 22:25:47.733" endtime="20211107 22:25:47.759"/>
</kw>
<kw name="New Browser" library="Browser">
<arg>${config_json["navegador"]}</arg>
<arg>False</arg>
<tag>BrowserControl</tag>
<tag>Setter</tag>
<doc>Create a new playwright Browser with specified options.
See `Browser, Context and Page` for more information about Browser and related concepts.</doc>
<msg timestamp="20211107 22:25:47.763" level="INFO">{"browser": "chromium", "headless": false, "handleSIGINT": true, "handleSIGTERM": true, "handleSIGHUP": true, "timeout": 30000.0, "devtools": false, "slowMo": 0.0}</msg>
<msg timestamp="20211107 22:25:48.047" level="INFO">Successfully created browser with options: {"browser":"chromium","headless":false,"handleSIGINT":true,"handleSIGTERM":true,"handleSIGHUP":true,"timeout":30000,"devtools":false,"slowMo":0}</msg>
<status status="PASS" starttime="20211107 22:25:47.759" endtime="20211107 22:25:48.048"/>
</kw>
<status status="PASS" starttime="20211107 22:25:47.732" endtime="20211107 22:25:48.049"/>
</kw>
<kw name="Get JSON" library="base">
<var>${config_json}</var>
<arg>config.json</arg>
<kw name="Get File" library="OperatingSystem">
<var>${file}</var>
<arg>${EXECDIR}/Files/${file_name}</arg>
<doc>Returns the contents of a specified file.</doc>
<msg timestamp="20211107 22:25:48.053" level="INFO" html="true">Getting file '&lt;a href="file:///home/m.calixta/Projeto sigsaúde/Files/config.json"&gt;/home/m.calixta/Projeto sigsaúde/Files/config.json&lt;/a&gt;'.</msg>
<msg timestamp="20211107 22:25:48.055" level="INFO">${file} = {
    "base_url":"http://177.20.147.8/sigsaude",
    "navegador":"chromium"
}</msg>
<status status="PASS" starttime="20211107 22:25:48.051" endtime="20211107 22:25:48.055"/>
</kw>
<kw name="Evaluate" library="BuiltIn">
<var>${super_var}</var>
<arg>json.loads($file)</arg>
<arg>json</arg>
<doc>Evaluates the given expression in Python and returns the result.</doc>
<msg timestamp="20211107 22:25:48.057" level="INFO">${super_var} = {'base_url': 'http://177.20.147.8/sigsaude', 'navegador': 'chromium'}</msg>
<status status="PASS" starttime="20211107 22:25:48.055" endtime="20211107 22:25:48.057"/>
</kw>
<msg timestamp="20211107 22:25:48.058" level="INFO">${config_json} = {'base_url': 'http://177.20.147.8/sigsaude', 'navegador': 'chromium'}</msg>
<status status="PASS" starttime="20211107 22:25:48.049" endtime="20211107 22:25:48.058"/>
</kw>
<kw name="New Page" library="Browser">
<arg>${config_json["base_url"]}</arg>
<tag>BrowserControl</tag>
<tag>Setter</tag>
<doc>Open a new Page. A Page is the Playwright equivalent to a tab.
See `Browser, Context and Page` for more information about Page concept.
Returns a stable identifier for the created page.</doc>
<msg timestamp="20211107 22:25:55.599" level="INFO">Successfully initialized new page object and opened url: http://177.20.147.8/sigsaude</msg>
<msg timestamp="20211107 22:25:55.600" level="INFO">No context was open. New context was automatically opened when this page is created.</msg>
<status status="PASS" starttime="20211107 22:25:48.059" endtime="20211107 22:25:55.603"/>
</kw>
<kw name="Direcionamento da tela &quot;login&quot;" library="nav" sourcename="Direcionamento da tela &quot;${page}&quot;">
<kw name="Get JSON" library="base">
<var>${telas_json}</var>
<arg>telas.json</arg>
<kw name="Get File" library="OperatingSystem">
<var>${file}</var>
<arg>${EXECDIR}/Files/${file_name}</arg>
<doc>Returns the contents of a specified file.</doc>
<msg timestamp="20211107 22:25:55.632" level="INFO" html="true">Getting file '&lt;a href="file:///home/m.calixta/Projeto sigsaúde/Files/telas.json"&gt;/home/m.calixta/Projeto sigsaúde/Files/telas.json&lt;/a&gt;'.</msg>
<msg timestamp="20211107 22:25:55.633" level="INFO">${file} = {
    "login":"/login",
    "novo usuario de serviço":"/paciente/cadastro",
    "listar usuarios de serviço":"/paciente",
    "cadastro de colaborador":"/colaborador/form",
    "agendamento":"/agendam...</msg>
<status status="PASS" starttime="20211107 22:25:55.627" endtime="20211107 22:25:55.633"/>
</kw>
<kw name="Evaluate" library="BuiltIn">
<var>${super_var}</var>
<arg>json.loads($file)</arg>
<arg>json</arg>
<doc>Evaluates the given expression in Python and returns the result.</doc>
<msg timestamp="20211107 22:25:55.639" level="INFO">${super_var} = {'login': '/login', 'novo usuario de serviço': '/paciente/cadastro', 'listar usuarios de serviço': '/paciente', 'cadastro de colaborador': '/colaborador/form', 'agendamento': '/agendamento', 'listar c...</msg>
<status status="PASS" starttime="20211107 22:25:55.634" endtime="20211107 22:25:55.640"/>
</kw>
<msg timestamp="20211107 22:25:55.643" level="INFO">${telas_json} = {'login': '/login', 'novo usuario de serviço': '/paciente/cadastro', 'listar usuarios de serviço': '/paciente', 'cadastro de colaborador': '/colaborador/form', 'agendamento': '/agendamento', 'listar c...</msg>
<status status="PASS" starttime="20211107 22:25:55.617" endtime="20211107 22:25:55.643"/>
</kw>
<kw name="Get JSON" library="base">
<var>${config_json}</var>
<arg>config.json</arg>
<kw name="Get File" library="OperatingSystem">
<var>${file}</var>
<arg>${EXECDIR}/Files/${file_name}</arg>
<doc>Returns the contents of a specified file.</doc>
<msg timestamp="20211107 22:25:55.653" level="INFO" html="true">Getting file '&lt;a href="file:///home/m.calixta/Projeto sigsaúde/Files/config.json"&gt;/home/m.calixta/Projeto sigsaúde/Files/config.json&lt;/a&gt;'.</msg>
<msg timestamp="20211107 22:25:55.654" level="INFO">${file} = {
    "base_url":"http://177.20.147.8/sigsaude",
    "navegador":"chromium"
}</msg>
<status status="PASS" starttime="20211107 22:25:55.650" endtime="20211107 22:25:55.654"/>
</kw>
<kw name="Evaluate" library="BuiltIn">
<var>${super_var}</var>
<arg>json.loads($file)</arg>
<arg>json</arg>
<doc>Evaluates the given expression in Python and returns the result.</doc>
<msg timestamp="20211107 22:25:55.660" level="INFO">${super_var} = {'base_url': 'http://177.20.147.8/sigsaude', 'navegador': 'chromium'}</msg>
<status status="PASS" starttime="20211107 22:25:55.656" endtime="20211107 22:25:55.660"/>
</kw>
<msg timestamp="20211107 22:25:55.662" level="INFO">${config_json} = {'base_url': 'http://177.20.147.8/sigsaude', 'navegador': 'chromium'}</msg>
<status status="PASS" starttime="20211107 22:25:55.646" endtime="20211107 22:25:55.662"/>
</kw>
<kw name="Go To" library="Browser">
<arg>${config_json["base_url"]}${telas_json["${page}"]}</arg>
<tag>BrowserControl</tag>
<tag>Setter</tag>
<doc>Navigates to the given ``url``.</doc>
<msg timestamp="20211107 22:25:56.618" level="INFO">Succesfully opened URL http://177.20.147.8/sigsaude/login</msg>
<status status="PASS" starttime="20211107 22:25:55.664" endtime="20211107 22:25:56.619"/>
</kw>
<status status="PASS" starttime="20211107 22:25:55.607" endtime="20211107 22:25:56.620"/>
</kw>
<status status="PASS" starttime="20211107 22:25:47.731" endtime="20211107 22:25:56.621"/>
</kw>
<status status="PASS" starttime="20211107 22:25:47.730" endtime="20211107 22:25:56.622"/>
</kw>
<status status="PASS" starttime="20211107 22:25:47.728" endtime="20211107 22:25:56.623"/>
</kw>
<kw name="Quando" library="bdd">
<arg>preecher os dados de login do usuario "Psicologia"</arg>
<kw name="Run Keyword" library="BuiltIn">
<arg>@{Keywords}</arg>
<doc>Executes the given keyword with the given arguments.</doc>
<kw name="preecher os dados de login do usuario &quot;Psicologia&quot;" library="login" sourcename="preecher os dados de login do usuario &quot;${login_usuario}&quot;">
<kw name="Get JSON" library="base">
<var>${login_json}</var>
<arg>login.json</arg>
<kw name="Get File" library="OperatingSystem">
<var>${file}</var>
<arg>${EXECDIR}/Files/${file_name}</arg>
<doc>Returns the contents of a specified file.</doc>
<msg timestamp="20211107 22:25:56.635" level="INFO" html="true">Getting file '&lt;a href="file:///home/m.calixta/Projeto sigsaúde/Files/login.json"&gt;/home/m.calixta/Projeto sigsaúde/Files/login.json&lt;/a&gt;'.</msg>
<msg timestamp="20211107 22:25:56.635" level="INFO">${file} = {

    "Psicologia":{
        "login": "drpsicologia",
        "senha": 85278120029
    },

    "Endocrinologia":{
        "login": "drendocrinologia",
        "senha": 98841863323
    }
}</msg>
<status status="PASS" starttime="20211107 22:25:56.634" endtime="20211107 22:25:56.635"/>
</kw>
<kw name="Evaluate" library="BuiltIn">
<var>${super_var}</var>
<arg>json.loads($file)</arg>
<arg>json</arg>
<doc>Evaluates the given expression in Python and returns the result.</doc>
<msg timestamp="20211107 22:25:56.640" level="INFO">${super_var} = {'Psicologia': {'login': 'drpsicologia', 'senha': 85278120029}, 'Endocrinologia': {'login': 'drendocrinologia', 'senha': 98841863323}}</msg>
<status status="PASS" starttime="20211107 22:25:56.637" endtime="20211107 22:25:56.640"/>
</kw>
<msg timestamp="20211107 22:25:56.641" level="INFO">${login_json} = {'Psicologia': {'login': 'drpsicologia', 'senha': 85278120029}, 'Endocrinologia': {'login': 'drendocrinologia', 'senha': 98841863323}}</msg>
<status status="PASS" starttime="20211107 22:25:56.632" endtime="20211107 22:25:56.642"/>
</kw>
<kw name="Fill Text" library="Browser">
<arg>id=login-username</arg>
<arg>${login_json["${login_usuario}"]["login"]}</arg>
<tag>PageContent</tag>
<tag>Setter</tag>
<doc>Clears and fills the given ``text`` into the text field found by ``selector``.</doc>
<msg timestamp="20211107 22:25:56.647" level="INFO">Fills the text 'drpsicologia' in the given field.</msg>
<status status="PASS" starttime="20211107 22:25:56.643" endtime="20211107 22:25:56.692"/>
</kw>
<kw name="Fill Text" library="Browser">
<arg>id=login-password</arg>
<arg>${login_json["${login_usuario}"]["senha"]}</arg>
<tag>PageContent</tag>
<tag>Setter</tag>
<doc>Clears and fills the given ``text`` into the text field found by ``selector``.</doc>
<msg timestamp="20211107 22:25:56.696" level="INFO">Fills the text '85278120029' in the given field.</msg>
<status status="PASS" starttime="20211107 22:25:56.693" endtime="20211107 22:25:56.712"/>
</kw>
<status status="PASS" starttime="20211107 22:25:56.630" endtime="20211107 22:25:56.712"/>
</kw>
<status status="PASS" starttime="20211107 22:25:56.628" endtime="20211107 22:25:56.712"/>
</kw>
<status status="PASS" starttime="20211107 22:25:56.626" endtime="20211107 22:25:56.713"/>
</kw>
<kw name="E" library="bdd">
<arg>clicar no botão "Entrar"</arg>
<kw name="Run Keyword" library="BuiltIn">
<arg>@{Keywords}</arg>
<doc>Executes the given keyword with the given arguments.</doc>
<kw name="clicar no botão &quot;Entrar&quot;" library="login" sourcename="clicar no botão &quot;${botão}&quot;">
<kw name="Click" library="Browser">
<arg>css=[value='${botão}']</arg>
<tag>PageContent</tag>
<tag>Setter</tag>
<doc>Simulates mouse click on the element found by ``selector``.</doc>
<status status="PASS" starttime="20211107 22:25:56.719" endtime="20211107 22:25:57.414"/>
</kw>
<status status="PASS" starttime="20211107 22:25:56.717" endtime="20211107 22:25:57.415"/>
</kw>
<status status="PASS" starttime="20211107 22:25:56.716" endtime="20211107 22:25:57.416"/>
</kw>
<status status="PASS" starttime="20211107 22:25:56.713" endtime="20211107 22:25:57.417"/>
</kw>
<kw name="Então" library="bdd">
<arg>mostra a tela inicial do sistema</arg>
<kw name="Run Keyword" library="BuiltIn">
<arg>@{Keywords}</arg>
<doc>Executes the given keyword with the given arguments.</doc>
<kw name="mostra a tela inicial do sistema" library="login">
<kw name="Wait For Elements State" library="Browser">
<arg>css=#nomeUser</arg>
<arg>visible</arg>
<arg>6</arg>
<tag>PageContent</tag>
<tag>Wait</tag>
<doc>Waits for the element found by ``selector`` to satisfy state option.</doc>
<msg timestamp="20211107 22:25:58.441" level="INFO">Wait for Element with selector: css=#nomeUser</msg>
<status status="PASS" starttime="20211107 22:25:57.439" endtime="20211107 22:25:58.441"/>
</kw>
<status status="PASS" starttime="20211107 22:25:57.435" endtime="20211107 22:25:58.442"/>
</kw>
<status status="PASS" starttime="20211107 22:25:57.432" endtime="20211107 22:25:58.442"/>
</kw>
<status status="PASS" starttime="20211107 22:25:57.427" endtime="20211107 22:25:58.442"/>
</kw>
<status status="PASS" starttime="20211107 22:25:47.723" endtime="20211107 22:25:58.443"/>
</test>
<doc>Teste login</doc>
<status status="PASS" starttime="20211107 22:25:46.077" endtime="20211107 22:25:58.561"/>
</suite>
<suite id="s1-s2" name="2 - Usuario Servico" source="/home/m.calixta/Projeto sigsaúde/Tests/2 - usuario_servico.robot">
<kw name="iniciar navegador sessão &quot;Psicologia&quot;" library="base" type="SETUP" sourcename="iniciar navegador sessão &quot;${login_usuario}&quot;">
<kw name="iniciar Navegador" library="base">
<kw name="Get JSON" library="base">
<var>${config_json}</var>
<arg>config.json</arg>
<kw name="Get File" library="OperatingSystem">
<var>${file}</var>
<arg>${EXECDIR}/Files/${file_name}</arg>
<doc>Returns the contents of a specified file.</doc>
<msg timestamp="20211107 22:25:58.636" level="INFO" html="true">Getting file '&lt;a href="file:///home/m.calixta/Projeto sigsaúde/Files/config.json"&gt;/home/m.calixta/Projeto sigsaúde/Files/config.json&lt;/a&gt;'.</msg>
<msg timestamp="20211107 22:25:58.637" level="INFO">${file} = {
    "base_url":"http://177.20.147.8/sigsaude",
    "navegador":"chromium"
}</msg>
<status status="PASS" starttime="20211107 22:25:58.635" endtime="20211107 22:25:58.637"/>
</kw>
<kw name="Evaluate" library="BuiltIn">
<var>${super_var}</var>
<arg>json.loads($file)</arg>
<arg>json</arg>
<doc>Evaluates the given expression in Python and returns the result.</doc>
<msg timestamp="20211107 22:25:58.642" level="INFO">${super_var} = {'base_url': 'http://177.20.147.8/sigsaude', 'navegador': 'chromium'}</msg>
<status status="PASS" starttime="20211107 22:25:58.638" endtime="20211107 22:25:58.642"/>
</kw>
<msg timestamp="20211107 22:25:58.644" level="INFO">${config_json} = {'base_url': 'http://177.20.147.8/sigsaude', 'navegador': 'chromium'}</msg>
<status status="PASS" starttime="20211107 22:25:58.634" endtime="20211107 22:25:58.644"/>
</kw>
<kw name="New Browser" library="Browser">
<arg>${config_json["navegador"]}</arg>
<arg>False</arg>
<tag>BrowserControl</tag>
<tag>Setter</tag>
<doc>Create a new playwright Browser with specified options.
See `Browser, Context and Page` for more information about Browser and related concepts.</doc>
<msg timestamp="20211107 22:25:58.648" level="INFO">{"browser": "chromium", "headless": false, "handleSIGINT": true, "handleSIGTERM": true, "handleSIGHUP": true, "timeout": 30000.0, "devtools": false, "slowMo": 0.0}</msg>
<msg timestamp="20211107 22:25:58.982" level="INFO">Successfully created browser with options: {"browser":"chromium","headless":false,"handleSIGINT":true,"handleSIGTERM":true,"handleSIGHUP":true,"timeout":30000,"devtools":false,"slowMo":0}</msg>
<status status="PASS" starttime="20211107 22:25:58.645" endtime="20211107 22:25:58.983"/>
</kw>
<status status="PASS" starttime="20211107 22:25:58.633" endtime="20211107 22:25:58.984"/>
</kw>
<kw name="Get JSON" library="base">
<var>${config_json}</var>
<arg>config.json</arg>
<kw name="Get File" library="OperatingSystem">
<var>${file}</var>
<arg>${EXECDIR}/Files/${file_name}</arg>
<doc>Returns the contents of a specified file.</doc>
<msg timestamp="20211107 22:25:58.988" level="INFO" html="true">Getting file '&lt;a href="file:///home/m.calixta/Projeto sigsaúde/Files/config.json"&gt;/home/m.calixta/Projeto sigsaúde/Files/config.json&lt;/a&gt;'.</msg>
<msg timestamp="20211107 22:25:58.989" level="INFO">${file} = {
    "base_url":"http://177.20.147.8/sigsaude",
    "navegador":"chromium"
}</msg>
<status status="PASS" starttime="20211107 22:25:58.987" endtime="20211107 22:25:58.989"/>
</kw>
<kw name="Evaluate" library="BuiltIn">
<var>${super_var}</var>
<arg>json.loads($file)</arg>
<arg>json</arg>
<doc>Evaluates the given expression in Python and returns the result.</doc>
<msg timestamp="20211107 22:25:58.992" level="INFO">${super_var} = {'base_url': 'http://177.20.147.8/sigsaude', 'navegador': 'chromium'}</msg>
<status status="PASS" starttime="20211107 22:25:58.990" endtime="20211107 22:25:58.992"/>
</kw>
<msg timestamp="20211107 22:25:58.994" level="INFO">${config_json} = {'base_url': 'http://177.20.147.8/sigsaude', 'navegador': 'chromium'}</msg>
<status status="PASS" starttime="20211107 22:25:58.984" endtime="20211107 22:25:58.994"/>
</kw>
<kw name="New Page" library="Browser">
<arg>${config_json["base_url"]}</arg>
<tag>BrowserControl</tag>
<tag>Setter</tag>
<doc>Open a new Page. A Page is the Playwright equivalent to a tab.
See `Browser, Context and Page` for more information about Page concept.
Returns a stable identifier for the created page.</doc>
<msg timestamp="20211107 22:26:06.364" level="INFO">Successfully initialized new page object and opened url: http://177.20.147.8/sigsaude</msg>
<msg timestamp="20211107 22:26:06.365" level="INFO">No context was open. New context was automatically opened when this page is created.</msg>
<status status="PASS" starttime="20211107 22:25:58.995" endtime="20211107 22:26:06.367"/>
</kw>
<kw name="Direcionamento da tela &quot;login&quot;" library="nav" sourcename="Direcionamento da tela &quot;${page}&quot;">
<kw name="Get JSON" library="base">
<var>${telas_json}</var>
<arg>telas.json</arg>
<kw name="Get File" library="OperatingSystem">
<var>${file}</var>
<arg>${EXECDIR}/Files/${file_name}</arg>
<doc>Returns the contents of a specified file.</doc>
<msg timestamp="20211107 22:26:06.387" level="INFO" html="true">Getting file '&lt;a href="file:///home/m.calixta/Projeto sigsaúde/Files/telas.json"&gt;/home/m.calixta/Projeto sigsaúde/Files/telas.json&lt;/a&gt;'.</msg>
<msg timestamp="20211107 22:26:06.390" level="INFO">${file} = {
    "login":"/login",
    "novo usuario de serviço":"/paciente/cadastro",
    "listar usuarios de serviço":"/paciente",
    "cadastro de colaborador":"/colaborador/form",
    "agendamento":"/agendam...</msg>
<status status="PASS" starttime="20211107 22:26:06.382" endtime="20211107 22:26:06.390"/>
</kw>
<kw name="Evaluate" library="BuiltIn">
<var>${super_var}</var>
<arg>json.loads($file)</arg>
<arg>json</arg>
<doc>Evaluates the given expression in Python and returns the result.</doc>
<msg timestamp="20211107 22:26:06.399" level="INFO">${super_var} = {'login': '/login', 'novo usuario de serviço': '/paciente/cadastro', 'listar usuarios de serviço': '/paciente', 'cadastro de colaborador': '/colaborador/form', 'agendamento': '/agendamento', 'listar c...</msg>
<status status="PASS" starttime="20211107 22:26:06.394" endtime="20211107 22:26:06.400"/>
</kw>
<msg timestamp="20211107 22:26:06.403" level="INFO">${telas_json} = {'login': '/login', 'novo usuario de serviço': '/paciente/cadastro', 'listar usuarios de serviço': '/paciente', 'cadastro de colaborador': '/colaborador/form', 'agendamento': '/agendamento', 'listar c...</msg>
<status status="PASS" starttime="20211107 22:26:06.376" endtime="20211107 22:26:06.404"/>
</kw>
<kw name="Get JSON" library="base">
<var>${config_json}</var>
<arg>config.json</arg>
<kw name="Get File" library="OperatingSystem">
<var>${file}</var>
<arg>${EXECDIR}/Files/${file_name}</arg>
<doc>Returns the contents of a specified file.</doc>
<msg timestamp="20211107 22:26:06.418" level="INFO" html="true">Getting file '&lt;a href="file:///home/m.calixta/Projeto sigsaúde/Files/config.json"&gt;/home/m.calixta/Projeto sigsaúde/Files/config.json&lt;/a&gt;'.</msg>
<msg timestamp="20211107 22:26:06.419" level="INFO">${file} = {
    "base_url":"http://177.20.147.8/sigsaude",
    "navegador":"chromium"
}</msg>
<status status="PASS" starttime="20211107 22:26:06.413" endtime="20211107 22:26:06.420"/>
</kw>
<kw name="Evaluate" library="BuiltIn">
<var>${super_var}</var>
<arg>json.loads($file)</arg>
<arg>json</arg>
<doc>Evaluates the given expression in Python and returns the result.</doc>
<msg timestamp="20211107 22:26:06.428" level="INFO">${super_var} = {'base_url': 'http://177.20.147.8/sigsaude', 'navegador': 'chromium'}</msg>
<status status="PASS" starttime="20211107 22:26:06.423" endtime="20211107 22:26:06.428"/>
</kw>
<msg timestamp="20211107 22:26:06.431" level="INFO">${config_json} = {'base_url': 'http://177.20.147.8/sigsaude', 'navegador': 'chromium'}</msg>
<status status="PASS" starttime="20211107 22:26:06.407" endtime="20211107 22:26:06.432"/>
</kw>
<kw name="Go To" library="Browser">
<arg>${config_json["base_url"]}${telas_json["${page}"]}</arg>
<tag>BrowserControl</tag>
<tag>Setter</tag>
<doc>Navigates to the given ``url``.</doc>
<msg timestamp="20211107 22:26:07.584" level="INFO">Succesfully opened URL http://177.20.147.8/sigsaude/login</msg>
<status status="PASS" starttime="20211107 22:26:06.434" endtime="20211107 22:26:07.584"/>
</kw>
<status status="PASS" starttime="20211107 22:26:06.370" endtime="20211107 22:26:07.585"/>
</kw>
<kw name="Get JSON" library="base">
<var>${login_json}</var>
<arg>login.json</arg>
<kw name="Get File" library="OperatingSystem">
<var>${file}</var>
<arg>${EXECDIR}/Files/${file_name}</arg>
<doc>Returns the contents of a specified file.</doc>
<msg timestamp="20211107 22:26:07.592" level="INFO" html="true">Getting file '&lt;a href="file:///home/m.calixta/Projeto sigsaúde/Files/login.json"&gt;/home/m.calixta/Projeto sigsaúde/Files/login.json&lt;/a&gt;'.</msg>
<msg timestamp="20211107 22:26:07.593" level="INFO">${file} = {

    "Psicologia":{
        "login": "drpsicologia",
        "senha": 85278120029
    },

    "Endocrinologia":{
        "login": "drendocrinologia",
        "senha": 98841863323
    }
}</msg>
<status status="PASS" starttime="20211107 22:26:07.590" endtime="20211107 22:26:07.593"/>
</kw>
<kw name="Evaluate" library="BuiltIn">
<var>${super_var}</var>
<arg>json.loads($file)</arg>
<arg>json</arg>
<doc>Evaluates the given expression in Python and returns the result.</doc>
<msg timestamp="20211107 22:26:07.596" level="INFO">${super_var} = {'Psicologia': {'login': 'drpsicologia', 'senha': 85278120029}, 'Endocrinologia': {'login': 'drendocrinologia', 'senha': 98841863323}}</msg>
<status status="PASS" starttime="20211107 22:26:07.594" endtime="20211107 22:26:07.596"/>
</kw>
<msg timestamp="20211107 22:26:07.597" level="INFO">${login_json} = {'Psicologia': {'login': 'drpsicologia', 'senha': 85278120029}, 'Endocrinologia': {'login': 'drendocrinologia', 'senha': 98841863323}}</msg>
<status status="PASS" starttime="20211107 22:26:07.586" endtime="20211107 22:26:07.597"/>
</kw>
<kw name="Fill Text" library="Browser">
<arg>id=login-username</arg>
<arg>${login_json["${login_usuario}"]["login"]}</arg>
<tag>PageContent</tag>
<tag>Setter</tag>
<doc>Clears and fills the given ``text`` into the text field found by ``selector``.</doc>
<msg timestamp="20211107 22:26:07.602" level="INFO">Fills the text 'drpsicologia' in the given field.</msg>
<status status="PASS" starttime="20211107 22:26:07.598" endtime="20211107 22:26:07.631"/>
</kw>
<kw name="Fill Text" library="Browser">
<arg>id=login-password</arg>
<arg>${login_json["${login_usuario}"]["senha"]}</arg>
<tag>PageContent</tag>
<tag>Setter</tag>
<doc>Clears and fills the given ``text`` into the text field found by ``selector``.</doc>
<msg timestamp="20211107 22:26:07.634" level="INFO">Fills the text '85278120029' in the given field.</msg>
<status status="PASS" starttime="20211107 22:26:07.632" endtime="20211107 22:26:07.650"/>
</kw>
<kw name="Click" library="Browser">
<arg>css=[value='Entrar']</arg>
<tag>PageContent</tag>
<tag>Setter</tag>
<doc>Simulates mouse click on the element found by ``selector``.</doc>
<status status="PASS" starttime="20211107 22:26:07.651" endtime="20211107 22:26:08.302"/>
</kw>
<status status="PASS" starttime="20211107 22:25:58.632" endtime="20211107 22:26:08.303"/>
</kw>
<test id="s1-s2-t1" name="[001] - Cadastro de um usuario de serviço-completo(Reponsavel)">
<kw name="Dado" library="bdd">
<arg>que o usuario está na tela "novo usuario de serviço"</arg>
<kw name="Run Keyword" library="BuiltIn">
<arg>@{Keywords}</arg>
<doc>Executes the given keyword with the given arguments.</doc>
<kw name="que o usuario está na tela &quot;novo usuario de serviço&quot;" library="nav" sourcename="que o usuario está na tela &quot;${tela}&quot;">
<kw name="Direcionamento da tela &quot;${tela}&quot;" library="nav" sourcename="Direcionamento da tela &quot;${page}&quot;">
<kw name="Get JSON" library="base">
<var>${telas_json}</var>
<arg>telas.json</arg>
<kw name="Get File" library="OperatingSystem">
<var>${file}</var>
<arg>${EXECDIR}/Files/${file_name}</arg>
<doc>Returns the contents of a specified file.</doc>
<msg timestamp="20211107 22:26:08.333" level="INFO" html="true">Getting file '&lt;a href="file:///home/m.calixta/Projeto sigsaúde/Files/telas.json"&gt;/home/m.calixta/Projeto sigsaúde/Files/telas.json&lt;/a&gt;'.</msg>
<msg timestamp="20211107 22:26:08.334" level="INFO">${file} = {
    "login":"/login",
    "novo usuario de serviço":"/paciente/cadastro",
    "listar usuarios de serviço":"/paciente",
    "cadastro de colaborador":"/colaborador/form",
    "agendamento":"/agendam...</msg>
<status status="PASS" starttime="20211107 22:26:08.332" endtime="20211107 22:26:08.334"/>
</kw>
<kw name="Evaluate" library="BuiltIn">
<var>${super_var}</var>
<arg>json.loads($file)</arg>
<arg>json</arg>
<doc>Evaluates the given expression in Python and returns the result.</doc>
<msg timestamp="20211107 22:26:08.336" level="INFO">${super_var} = {'login': '/login', 'novo usuario de serviço': '/paciente/cadastro', 'listar usuarios de serviço': '/paciente', 'cadastro de colaborador': '/colaborador/form', 'agendamento': '/agendamento', 'listar c...</msg>
<status status="PASS" starttime="20211107 22:26:08.334" endtime="20211107 22:26:08.336"/>
</kw>
<msg timestamp="20211107 22:26:08.337" level="INFO">${telas_json} = {'login': '/login', 'novo usuario de serviço': '/paciente/cadastro', 'listar usuarios de serviço': '/paciente', 'cadastro de colaborador': '/colaborador/form', 'agendamento': '/agendamento', 'listar c...</msg>
<status status="PASS" starttime="20211107 22:26:08.330" endtime="20211107 22:26:08.337"/>
</kw>
<kw name="Get JSON" library="base">
<var>${config_json}</var>
<arg>config.json</arg>
<kw name="Get File" library="OperatingSystem">
<var>${file}</var>
<arg>${EXECDIR}/Files/${file_name}</arg>
<doc>Returns the contents of a specified file.</doc>
<msg timestamp="20211107 22:26:08.342" level="INFO" html="true">Getting file '&lt;a href="file:///home/m.calixta/Projeto sigsaúde/Files/config.json"&gt;/home/m.calixta/Projeto sigsaúde/Files/config.json&lt;/a&gt;'.</msg>
<msg timestamp="20211107 22:26:08.342" level="INFO">${file} = {
    "base_url":"http://177.20.147.8/sigsaude",
    "navegador":"chromium"
}</msg>
<status status="PASS" starttime="20211107 22:26:08.340" endtime="20211107 22:26:08.342"/>
</kw>
<kw name="Evaluate" library="BuiltIn">
<var>${super_var}</var>
<arg>json.loads($file)</arg>
<arg>json</arg>
<doc>Evaluates the given expression in Python and returns the result.</doc>
<msg timestamp="20211107 22:26:08.344" level="INFO">${super_var} = {'base_url': 'http://177.20.147.8/sigsaude', 'navegador': 'chromium'}</msg>
<status status="PASS" starttime="20211107 22:26:08.343" endtime="20211107 22:26:08.345"/>
</kw>
<msg timestamp="20211107 22:26:08.345" level="INFO">${config_json} = {'base_url': 'http://177.20.147.8/sigsaude', 'navegador': 'chromium'}</msg>
<status status="PASS" starttime="20211107 22:26:08.338" endtime="20211107 22:26:08.346"/>
</kw>
<kw name="Go To" library="Browser">
<arg>${config_json["base_url"]}${telas_json["${page}"]}</arg>
<tag>BrowserControl</tag>
<tag>Setter</tag>
<doc>Navigates to the given ``url``.</doc>
<msg timestamp="20211107 22:26:10.837" level="INFO">Succesfully opened URL http://177.20.147.8/sigsaude/paciente/cadastro</msg>
<status status="PASS" starttime="20211107 22:26:08.346" endtime="20211107 22:26:10.838"/>
</kw>
<status status="PASS" starttime="20211107 22:26:08.329" endtime="20211107 22:26:10.838"/>
</kw>
<status status="PASS" starttime="20211107 22:26:08.327" endtime="20211107 22:26:10.840"/>
</kw>
<status status="PASS" starttime="20211107 22:26:08.325" endtime="20211107 22:26:10.841"/>
</kw>
<status status="PASS" starttime="20211107 22:26:08.322" endtime="20211107 22:26:10.843"/>
</kw>
<kw name="E" library="bdd">
<arg>informar os dados do "usuario de serviço"</arg>
<kw name="Run Keyword" library="BuiltIn">
<arg>@{Keywords}</arg>
<doc>Executes the given keyword with the given arguments.</doc>
<kw name="informar os dados do &quot;usuario de serviço&quot;" library="keywords_cadastros" sourcename="informar os dados do &quot;${tela}&quot;">
<kw name="Get JSON" library="base">
<var>${dados_json}</var>
<arg>cadastros.json</arg>
<kw name="Get File" library="OperatingSystem">
<var>${file}</var>
<arg>${EXECDIR}/Files/${file_name}</arg>
<doc>Returns the contents of a specified file.</doc>
<msg timestamp="20211107 22:26:10.855" level="INFO" html="true">Getting file '&lt;a href="file:///home/m.calixta/Projeto sigsaúde/Files/cadastros.json"&gt;/home/m.calixta/Projeto sigsaúde/Files/cadastros.json&lt;/a&gt;'.</msg>
<msg timestamp="20211107 22:26:10.856" level="INFO">${file} = {

	"usuario de serviço": [
		{			
			"checkboxDesconheceNomeMae":"",
			"checkboxDesconheceNomePai":"",
			"checkboxNomeSocial":"",
			"checkboxGenero":"",
			"checkboxDeficiente":"",
			"inputCPF":"...</msg>
<status status="PASS" starttime="20211107 22:26:10.853" endtime="20211107 22:26:10.856"/>
</kw>
<kw name="Evaluate" library="BuiltIn">
<var>${super_var}</var>
<arg>json.loads($file)</arg>
<arg>json</arg>
<doc>Evaluates the given expression in Python and returns the result.</doc>
<msg timestamp="20211107 22:26:10.859" level="INFO">${super_var} = {'usuario de serviço': [{'checkboxDesconheceNomeMae': '', 'checkboxDesconheceNomePai': '', 'checkboxNomeSocial': '', 'checkboxGenero': '', 'checkboxDeficiente': '', 'inputCPF': '', 'inputIdentidade': ...</msg>
<status status="PASS" starttime="20211107 22:26:10.857" endtime="20211107 22:26:10.859"/>
</kw>
<msg timestamp="20211107 22:26:10.860" level="INFO">${dados_json} = {'usuario de serviço': [{'checkboxDesconheceNomeMae': '', 'checkboxDesconheceNomePai': '', 'checkboxNomeSocial': '', 'checkboxGenero': '', 'checkboxDeficiente': '', 'inputCPF': '', 'inputIdentidade': ...</msg>
<status status="PASS" starttime="20211107 22:26:10.851" endtime="20211107 22:26:10.860"/>
</kw>
<kw name="Set Variable" library="BuiltIn">
<var>${dados}</var>
<arg>${dados_json["${tela}"]}</arg>
<doc>Returns the given values which can then be assigned to a variables.</doc>
<msg timestamp="20211107 22:26:10.864" level="INFO">${dados} = [{'checkboxDesconheceNomeMae': '', 'checkboxDesconheceNomePai': '', 'checkboxNomeSocial': '', 'checkboxGenero': '', 'checkboxDeficiente': '', 'inputCPF': '', 'inputIdentidade': '', 'inputOrgaoExpedido...</msg>
<status status="PASS" starttime="20211107 22:26:10.861" endtime="20211107 22:26:10.864"/>
</kw>
<for flavor="IN">
<var>${item}</var>
<value>@{dados}</value>
<iter>
<var name="${item}">{'checkboxDesconheceNomeMae': '', 'checkboxDesconheceNomePai': '', 'checkboxNomeSocial': '', 'checkboxGenero': '', 'checkboxDeficiente': '', 'inputCPF': '', 'inputIdentidade': '', 'inputOrgaoExpedidor...</var>
<for flavor="IN">
<var>${key}</var>
<value>@{item.keys()}</value>
<iter>
<var name="${key}">checkboxDesconheceNomeMae</var>
<if>
<branch type="IF" condition="'${key}' == 'checkboxDesconheceNomeMae' or '${key}' == 'checkboxDesconheceNomePai' or '${key}'== 'checkboxDeficiente' or '${key}' == 'checkboxNomeSocial' or '${key}' == 'checkboxGenero'">
<kw name="Click" library="Browser">
<arg>id=${key}</arg>
<tag>PageContent</tag>
<tag>Setter</tag>
<doc>Simulates mouse click on the element found by ``selector``.</doc>
<status status="PASS" starttime="20211107 22:26:10.871" endtime="20211107 22:26:10.918"/>
</kw>
<status status="PASS" starttime="20211107 22:26:10.870" endtime="20211107 22:26:10.919"/>
</branch>
<branch type="ELSE IF" condition="'${key}' == 'inputIdentidade' or '${key}' == 'inputSUSF'">
<kw name="Evaluate" library="BuiltIn">
<var>${numbers}</var>
<arg>random.randint(0, sys.maxsize)</arg>
<arg>random</arg>
<doc>Evaluates the given expression in Python and returns the result.</doc>
<status status="NOT RUN" starttime="20211107 22:26:10.919" endtime="20211107 22:26:10.920"/>
</kw>
<kw name="Type Text" library="Browser">
<arg>id=${key}</arg>
<arg>${numbers}</arg>
<tag>PageContent</tag>
<tag>Setter</tag>
<doc>Types the given ``txt`` into the text field found by ``selector``.</doc>
<status status="NOT RUN" starttime="20211107 22:26:10.920" endtime="20211107 22:26:10.920"/>
</kw>
<status status="NOT RUN" starttime="20211107 22:26:10.919" endtime="20211107 22:26:10.920"/>
</branch>
<branch type="ELSE IF" condition="'${key}' == 'inputEmail'">
<kw name="Email" library="FakerLibrary">
<var>${email}</var>
<status status="NOT RUN" starttime="20211107 22:26:10.922" endtime="20211107 22:26:10.922"/>
</kw>
<kw name="Type Text" library="Browser">
<arg>id=${key}</arg>
<arg>${email}</arg>
<tag>PageContent</tag>
<tag>Setter</tag>
<doc>Types the given ``txt`` into the text field found by ``selector``.</doc>
<status status="NOT RUN" starttime="20211107 22:26:10.923" endtime="20211107 22:26:10.923"/>
</kw>
<kw name="Set Global Variable" library="BuiltIn">
<arg>${email}</arg>
<doc>Makes a variable available globally in all tests and suites.</doc>
<status status="NOT RUN" starttime="20211107 22:26:10.924" endtime="20211107 22:26:10.924"/>
</kw>
<status status="NOT RUN" starttime="20211107 22:26:10.921" endtime="20211107 22:26:10.924"/>
</branch>
<branch type="ELSE IF" condition="'${key}' == 'inputCPF'">
<kw name="Cpf" library="FakerLibrary">
<var>${cpf}</var>
<status status="NOT RUN" starttime="20211107 22:26:10.925" endtime="20211107 22:26:10.925"/>
</kw>
<kw name="Type Text" library="Browser">
<arg>id=${key}</arg>
<arg>${cpf}</arg>
<tag>PageContent</tag>
<tag>Setter</tag>
<doc>Types the given ``txt`` into the text field found by ``selector``.</doc>
<status status="NOT RUN" starttime="20211107 22:26:10.926" endtime="20211107 22:26:10.926"/>
</kw>
<kw name="Set Global Variable" library="BuiltIn">
<arg>${cpf}</arg>
<doc>Makes a variable available globally in all tests and suites.</doc>
<status status="NOT RUN" starttime="20211107 22:26:10.927" endtime="20211107 22:26:10.927"/>
</kw>
<status status="NOT RUN" starttime="20211107 22:26:10.924" endtime="20211107 22:26:10.927"/>
</branch>
<branch type="ELSE IF" condition="'${key}' == 'inputLogin'">
<kw name="Word" library="FakerLibrary">
<var>${login_aux}</var>
<doc>Generate a word.</doc>
<status status="NOT RUN" starttime="20211107 22:26:10.928" endtime="20211107 22:26:10.928"/>
</kw>
<kw name="Set Variable" library="BuiltIn">
<var>${login_colaborador}</var>
<arg>${login_aux}_c1</arg>
<doc>Returns the given values which can then be assigned to a variables.</doc>
<status status="NOT RUN" starttime="20211107 22:26:10.928" endtime="20211107 22:26:10.928"/>
</kw>
<kw name="Type Text" library="Browser">
<arg>id=${key}</arg>
<arg>${login_colaborador}</arg>
<tag>PageContent</tag>
<tag>Setter</tag>
<doc>Types the given ``txt`` into the text field found by ``selector``.</doc>
<status status="NOT RUN" starttime="20211107 22:26:10.929" endtime="20211107 22:26:10.929"/>
</kw>
<kw name="Set Global Variable" library="BuiltIn">
<arg>${login_colaborador}</arg>
<doc>Makes a variable available globally in all tests and suites.</doc>
<status status="NOT RUN" starttime="20211107 22:26:10.930" endtime="20211107 22:26:10.930"/>
</kw>
<status status="NOT RUN" starttime="20211107 22:26:10.927" endtime="20211107 22:26:10.930"/>
</branch>
<branch type="ELSE">
<kw name="Type Text" library="Browser">
<arg>id=${key}</arg>
<arg>${item["${key}"]}</arg>
<tag>PageContent</tag>
<tag>Setter</tag>
<doc>Types the given ``txt`` into the text field found by ``selector``.</doc>
<status status="NOT RUN" starttime="20211107 22:26:10.931" endtime="20211107 22:26:10.931"/>
</kw>
<if>
<branch type="IF" condition="'${key}' == 'inputNome'">
<kw name="Set Global Variable" library="BuiltIn">
<arg>${nome}</arg>
<arg>${item["${key}"]}</arg>
<doc>Makes a variable available globally in all tests and suites.</doc>
<status status="NOT RUN" starttime="20211107 22:26:10.932" endtime="20211107 22:26:10.932"/>
</kw>
<status status="NOT RUN" starttime="20211107 22:26:10.931" endtime="20211107 22:26:10.932"/>
</branch>
<branch type="ELSE IF" condition="'${key}' == 'inputNomeSocial'">
<kw name="Set Global Variable" library="BuiltIn">
<arg>${nome_social}</arg>
<arg>${item["${key}"]}</arg>
<doc>Makes a variable available globally in all tests and suites.</doc>
<status status="NOT RUN" starttime="20211107 22:26:10.933" endtime="20211107 22:26:10.933"/>
</kw>
<status status="NOT RUN" starttime="20211107 22:26:10.932" endtime="20211107 22:26:10.933"/>
</branch>
<branch type="ELSE IF" condition="'${key}' == 'inputNomeMae'">
<kw name="Set Global Variable" library="BuiltIn">
<arg>${nome_filiação}</arg>
<arg>${item["${key}"]}</arg>
<doc>Makes a variable available globally in all tests and suites.</doc>
<status status="NOT RUN" starttime="20211107 22:26:10.933" endtime="20211107 22:26:10.934"/>
</kw>
<status status="NOT RUN" starttime="20211107 22:26:10.933" endtime="20211107 22:26:10.934"/>
</branch>
<status status="NOT RUN" starttime="20211107 22:26:10.931" endtime="20211107 22:26:10.934"/>
</if>
<status status="NOT RUN" starttime="20211107 22:26:10.930" endtime="20211107 22:26:10.934"/>
</branch>
<status status="PASS" starttime="20211107 22:26:10.869" endtime="20211107 22:26:10.934"/>
</if>
<status status="PASS" starttime="20211107 22:26:10.869" endtime="20211107 22:26:10.934"/>
</iter>
<iter>
<var name="${key}">checkboxDesconheceNomePai</var>
<if>
<branch type="IF" condition="'${key}' == 'checkboxDesconheceNomeMae' or '${key}' == 'checkboxDesconheceNomePai' or '${key}'== 'checkboxDeficiente' or '${key}' == 'checkboxNomeSocial' or '${key}' == 'checkboxGenero'">
<kw name="Click" library="Browser">
<arg>id=${key}</arg>
<tag>PageContent</tag>
<tag>Setter</tag>
<doc>Simulates mouse click on the element found by ``selector``.</doc>
<status status="PASS" starttime="20211107 22:26:10.936" endtime="20211107 22:26:10.966"/>
</kw>
<status status="PASS" starttime="20211107 22:26:10.935" endtime="20211107 22:26:10.966"/>
</branch>
<branch type="ELSE IF" condition="'${key}' == 'inputIdentidade' or '${key}' == 'inputSUSF'">
<kw name="Evaluate" library="BuiltIn">
<var>${numbers}</var>
<arg>random.randint(0, sys.maxsize)</arg>
<arg>random</arg>
<doc>Evaluates the given expression in Python and returns the result.</doc>
<status status="NOT RUN" starttime="20211107 22:26:10.967" endtime="20211107 22:26:10.967"/>
</kw>
<kw name="Type Text" library="Browser">
<arg>id=${key}</arg>
<arg>${numbers}</arg>
<tag>PageContent</tag>
<tag>Setter</tag>
<doc>Types the given ``txt`` into the text field found by ``selector``.</doc>
<status status="NOT RUN" starttime="20211107 22:26:10.968" endtime="20211107 22:26:10.968"/>
</kw>
<status status="NOT RUN" starttime="20211107 22:26:10.966" endtime="20211107 22:26:10.968"/>
</branch>
<branch type="ELSE IF" condition="'${key}' == 'inputEmail'">
<kw name="Email" library="FakerLibrary">
<var>${email}</var>
<status status="NOT RUN" starttime="20211107 22:26:10.969" endtime="20211107 22:26:10.969"/>
</kw>
<kw name="Type Text" library="Browser">
<arg>id=${key}</arg>
<arg>${email}</arg>
<tag>PageContent</tag>
<tag>Setter</tag>
<doc>Types the given ``txt`` into the text field found by ``selector``.</doc>
<status status="NOT RUN" starttime="20211107 22:26:10.970" endtime="20211107 22:26:10.970"/>
</kw>
<kw name="Set Global Variable" library="BuiltIn">
<arg>${email}</arg>
<doc>Makes a variable available globally in all tests and suites.</doc>
<status status="NOT RUN" starttime="20211107 22:26:10.970" endtime="20211107 22:26:10.971"/>
</kw>
<status status="NOT RUN" starttime="20211107 22:26:10.968" endtime="20211107 22:26:10.971"/>
</branch>
<branch type="ELSE IF" condition="'${key}' == 'inputCPF'">
<kw name="Cpf" library="FakerLibrary">
<var>${cpf}</var>
<status status="NOT RUN" starttime="20211107 22:26:10.972" endtime="20211107 22:26:10.972"/>
</kw>
<kw name="Type Text" library="Browser">
<arg>id=${key}</arg>
<arg>${cpf}</arg>
<tag>PageContent</tag>
<tag>Setter</tag>
<doc>Types the given ``txt`` into the text field found by ``selector``.</doc>
<status status="NOT RUN" starttime="20211107 22:26:10.973" endtime="20211107 22:26:10.973"/>
</kw>
<kw name="Set Global Variable" library="BuiltIn">
<arg>${cpf}</arg>
<doc>Makes a variable available globally in all tests and suites.</doc>
<status status="NOT RUN" starttime="20211107 22:26:10.974" endtime="20211107 22:26:10.974"/>
</kw>
<status status="NOT RUN" starttime="20211107 22:26:10.971" endtime="20211107 22:26:10.974"/>
</branch>
<branch type="ELSE IF" condition="'${key}' == 'inputLogin'">
<kw name="Word" library="FakerLibrary">
<var>${login_aux}</var>
<doc>Generate a word.</doc>
<status status="NOT RUN" starttime="20211107 22:26:10.975" endtime="20211107 22:26:10.975"/>
</kw>
<kw name="Set Variable" library="BuiltIn">
<var>${login_colaborador}</var>
<arg>${login_aux}_c1</arg>
<doc>Returns the given values which can then be assigned to a variables.</doc>
<status status="NOT RUN" starttime="20211107 22:26:10.977" endtime="20211107 22:26:10.977"/>
</kw>
<kw name="Type Text" library="Browser">
<arg>id=${key}</arg>
<arg>${login_colaborador}</arg>
<tag>PageContent</tag>
<tag>Setter</tag>
<doc>Types the given ``txt`` into the text field found by ``selector``.</doc>
<status status="NOT RUN" starttime="20211107 22:26:10.978" endtime="20211107 22:26:10.978"/>
</kw>
<kw name="Set Global Variable" library="BuiltIn">
<arg>${login_colaborador}</arg>
<doc>Makes a variable available globally in all tests and suites.</doc>
<status status="NOT RUN" starttime="20211107 22:26:10.979" endtime="20211107 22:26:10.979"/>
</kw>
<status status="NOT RUN" starttime="20211107 22:26:10.974" endtime="20211107 22:26:10.979"/>
</branch>
<branch type="ELSE">
<kw name="Type Text" library="Browser">
<arg>id=${key}</arg>
<arg>${item["${key}"]}</arg>
<tag>PageContent</tag>
<tag>Setter</tag>
<doc>Types the given ``txt`` into the text field found by ``selector``.</doc>
<status status="NOT RUN" starttime="20211107 22:26:10.980" endtime="20211107 22:26:10.980"/>
</kw>
<if>
<branch type="IF" condition="'${key}' == 'inputNome'">
<kw name="Set Global Variable" library="BuiltIn">
<arg>${nome}</arg>
<arg>${item["${key}"]}</arg>
<doc>Makes a variable available globally in all tests and suites.</doc>
<status status="NOT RUN" starttime="20211107 22:26:10.981" endtime="20211107 22:26:10.981"/>
</kw>
<status status="NOT RUN" starttime="20211107 22:26:10.980" endtime="20211107 22:26:10.981"/>
</branch>
<branch type="ELSE IF" condition="'${key}' == 'inputNomeSocial'">
<kw name="Set Global Variable" library="BuiltIn">
<arg>${nome_social}</arg>
<arg>${item["${key}"]}</arg>
<doc>Makes a variable available globally in all tests and suites.</doc>
<status status="NOT RUN" starttime="20211107 22:26:10.982" endtime="20211107 22:26:10.982"/>
</kw>
<status status="NOT RUN" starttime="20211107 22:26:10.981" endtime="20211107 22:26:10.982"/>
</branch>
<branch type="ELSE IF" condition="'${key}' == 'inputNomeMae'">
<kw name="Set Global Variable" library="BuiltIn">
<arg>${nome_filiação}</arg>
<arg>${item["${key}"]}</arg>
<doc>Makes a variable available globally in all tests and suites.</doc>
<status status="NOT RUN" starttime="20211107 22:26:10.983" endtime="20211107 22:26:10.983"/>
</kw>
<status status="NOT RUN" starttime="20211107 22:26:10.982" endtime="20211107 22:26:10.983"/>
</branch>
<status status="NOT RUN" starttime="20211107 22:26:10.980" endtime="20211107 22:26:10.983"/>
</if>
<status status="NOT RUN" starttime="20211107 22:26:10.979" endtime="20211107 22:26:10.983"/>
</branch>
<status status="PASS" starttime="20211107 22:26:10.934" endtime="20211107 22:26:10.983"/>
</if>
<status status="PASS" starttime="20211107 22:26:10.934" endtime="20211107 22:26:10.983"/>
</iter>
<iter>
<var name="${key}">checkboxNomeSocial</var>
<if>
<branch type="IF" condition="'${key}' == 'checkboxDesconheceNomeMae' or '${key}' == 'checkboxDesconheceNomePai' or '${key}'== 'checkboxDeficiente' or '${key}' == 'checkboxNomeSocial' or '${key}' == 'checkboxGenero'">
<kw name="Click" library="Browser">
<arg>id=${key}</arg>
<tag>PageContent</tag>
<tag>Setter</tag>
<doc>Simulates mouse click on the element found by ``selector``.</doc>
<status status="PASS" starttime="20211107 22:26:10.985" endtime="20211107 22:26:11.017"/>
</kw>
<status status="PASS" starttime="20211107 22:26:10.984" endtime="20211107 22:26:11.017"/>
</branch>
<branch type="ELSE IF" condition="'${key}' == 'inputIdentidade' or '${key}' == 'inputSUSF'">
<kw name="Evaluate" library="BuiltIn">
<var>${numbers}</var>
<arg>random.randint(0, sys.maxsize)</arg>
<arg>random</arg>
<doc>Evaluates the given expression in Python and returns the result.</doc>
<status status="NOT RUN" starttime="20211107 22:26:11.018" endtime="20211107 22:26:11.018"/>
</kw>
<kw name="Type Text" library="Browser">
<arg>id=${key}</arg>
<arg>${numbers}</arg>
<tag>PageContent</tag>
<tag>Setter</tag>
<doc>Types the given ``txt`` into the text field found by ``selector``.</doc>
<status status="NOT RUN" starttime="20211107 22:26:11.019" endtime="20211107 22:26:11.020"/>
</kw>
<status status="NOT RUN" starttime="20211107 22:26:11.017" endtime="20211107 22:26:11.020"/>
</branch>
<branch type="ELSE IF" condition="'${key}' == 'inputEmail'">
<kw name="Email" library="FakerLibrary">
<var>${email}</var>
<status status="NOT RUN" starttime="20211107 22:26:11.021" endtime="20211107 22:26:11.021"/>
</kw>
<kw name="Type Text" library="Browser">
<arg>id=${key}</arg>
<arg>${email}</arg>
<tag>PageContent</tag>
<tag>Setter</tag>
<doc>Types the given ``txt`` into the text field found by ``selector``.</doc>
<status status="NOT RUN" starttime="20211107 22:26:11.022" endtime="20211107 22:26:11.022"/>
</kw>
<kw name="Set Global Variable" library="BuiltIn">
<arg>${email}</arg>
<doc>Makes a variable available globally in all tests and suites.</doc>
<status status="NOT RUN" starttime="20211107 22:26:11.023" endtime="20211107 22:26:11.023"/>
</kw>
<status status="NOT RUN" starttime="20211107 22:26:11.020" endtime="20211107 22:26:11.023"/>
</branch>
<branch type="ELSE IF" condition="'${key}' == 'inputCPF'">
<kw name="Cpf" library="FakerLibrary">
<var>${cpf}</var>
<status status="NOT RUN" starttime="20211107 22:26:11.024" endtime="20211107 22:26:11.024"/>
</kw>
<kw name="Type Text" library="Browser">
<arg>id=${key}</arg>
<arg>${cpf}</arg>
<tag>PageContent</tag>
<tag>Setter</tag>
<doc>Types the given ``txt`` into the text field found by ``selector``.</doc>
<status status="NOT RUN" starttime="20211107 22:26:11.024" endtime="20211107 22:26:11.025"/>
</kw>
<kw name="Set Global Variable" library="BuiltIn">
<arg>${cpf}</arg>
<doc>Makes a variable available globally in all tests and suites.</doc>
<status status="NOT RUN" starttime="20211107 22:26:11.025" endtime="20211107 22:26:11.026"/>
</kw>
<status status="NOT RUN" starttime="20211107 22:26:11.023" endtime="20211107 22:26:11.026"/>
</branch>
<branch type="ELSE IF" condition="'${key}' == 'inputLogin'">
<kw name="Word" library="FakerLibrary">
<var>${login_aux}</var>
<doc>Generate a word.</doc>
<status status="NOT RUN" starttime="20211107 22:26:11.026" endtime="20211107 22:26:11.027"/>
</kw>
<kw name="Set Variable" library="BuiltIn">
<var>${login_colaborador}</var>
<arg>${login_aux}_c1</arg>
<doc>Returns the given values which can then be assigned to a variables.</doc>
<status status="NOT RUN" starttime="20211107 22:26:11.027" endtime="20211107 22:26:11.027"/>
</kw>
<kw name="Type Text" library="Browser">
<arg>id=${key}</arg>
<arg>${login_colaborador}</arg>
<tag>PageContent</tag>
<tag>Setter</tag>
<doc>Types the given ``txt`` into the text field found by ``selector``.</doc>
<status status="NOT RUN" starttime="20211107 22:26:11.028" endtime="20211107 22:26:11.028"/>
</kw>
<kw name="Set Global Variable" library="BuiltIn">
<arg>${login_colaborador}</arg>
<doc>Makes a variable available globally in all tests and suites.</doc>
<status status="NOT RUN" starttime="20211107 22:26:11.029" endtime="20211107 22:26:11.029"/>
</kw>
<status status="NOT RUN" starttime="20211107 22:26:11.026" endtime="20211107 22:26:11.029"/>
</branch>
<branch type="ELSE">
<kw name="Type Text" library="Browser">
<arg>id=${key}</arg>
<arg>${item["${key}"]}</arg>
<tag>PageContent</tag>
<tag>Setter</tag>
<doc>Types the given ``txt`` into the text field found by ``selector``.</doc>
<status status="NOT RUN" starttime="20211107 22:26:11.029" endtime="20211107 22:26:11.030"/>
</kw>
<if>
<branch type="IF" condition="'${key}' == 'inputNome'">
<kw name="Set Global Variable" library="BuiltIn">
<arg>${nome}</arg>
<arg>${item["${key}"]}</arg>
<doc>Makes a variable available globally in all tests and suites.</doc>
<status status="NOT RUN" starttime="20211107 22:26:11.030" endtime="20211107 22:26:11.031"/>
</kw>
<status status="NOT RUN" starttime="20211107 22:26:11.030" endtime="20211107 22:26:11.031"/>
</branch>
<branch type="ELSE IF" condition="'${key}' == 'inputNomeSocial'">
<kw name="Set Global Variable" library="BuiltIn">
<arg>${nome_social}</arg>
<arg>${item["${key}"]}</arg>
<doc>Makes a variable available globally in all tests and suites.</doc>
<status status="NOT RUN" starttime="20211107 22:26:11.031" endtime="20211107 22:26:11.032"/>
</kw>
<status status="NOT RUN" starttime="20211107 22:26:11.031" endtime="20211107 22:26:11.032"/>
</branch>
<branch type="ELSE IF" condition="'${key}' == 'inputNomeMae'">
<kw name="Set Global Variable" library="BuiltIn">
<arg>${nome_filiação}</arg>
<arg>${item["${key}"]}</arg>
<doc>Makes a variable available globally in all tests and suites.</doc>
<status status="NOT RUN" starttime="20211107 22:26:11.032" endtime="20211107 22:26:11.032"/>
</kw>
<status status="NOT RUN" starttime="20211107 22:26:11.032" endtime="20211107 22:26:11.032"/>
</branch>
<status status="NOT RUN" starttime="20211107 22:26:11.030" endtime="20211107 22:26:11.033"/>
</if>
<status status="NOT RUN" starttime="20211107 22:26:11.029" endtime="20211107 22:26:11.033"/>
</branch>
<status status="PASS" starttime="20211107 22:26:10.984" endtime="20211107 22:26:11.033"/>
</if>
<status status="PASS" starttime="20211107 22:26:10.983" endtime="20211107 22:26:11.033"/>
</iter>
<iter>
<var name="${key}">checkboxGenero</var>
<if>
<branch type="IF" condition="'${key}' == 'checkboxDesconheceNomeMae' or '${key}' == 'checkboxDesconheceNomePai' or '${key}'== 'checkboxDeficiente' or '${key}' == 'checkboxNomeSocial' or '${key}' == 'checkboxGenero'">
<kw name="Click" library="Browser">
<arg>id=${key}</arg>
<tag>PageContent</tag>
<tag>Setter</tag>
<doc>Simulates mouse click on the element found by ``selector``.</doc>
<status status="PASS" starttime="20211107 22:26:11.035" endtime="20211107 22:26:11.064"/>
</kw>
<status status="PASS" starttime="20211107 22:26:11.034" endtime="20211107 22:26:11.064"/>
</branch>
<branch type="ELSE IF" condition="'${key}' == 'inputIdentidade' or '${key}' == 'inputSUSF'">
<kw name="Evaluate" library="BuiltIn">
<var>${numbers}</var>
<arg>random.randint(0, sys.maxsize)</arg>
<arg>random</arg>
<doc>Evaluates the given expression in Python and returns the result.</doc>
<status status="NOT RUN" starttime="20211107 22:26:11.065" endtime="20211107 22:26:11.065"/>
</kw>
<kw name="Type Text" library="Browser">
<arg>id=${key}</arg>
<arg>${numbers}</arg>
<tag>PageContent</tag>
<tag>Setter</tag>
<doc>Types the given ``txt`` into the text field found by ``selector``.</doc>
<status status="NOT RUN" starttime="20211107 22:26:11.066" endtime="20211107 22:26:11.066"/>
</kw>
<status status="NOT RUN" starttime="20211107 22:26:11.065" endtime="20211107 22:26:11.066"/>
</branch>
<branch type="ELSE IF" condition="'${key}' == 'inputEmail'">
<kw name="Email" library="FakerLibrary">
<var>${email}</var>
<status status="NOT RUN" starttime="20211107 22:26:11.067" endtime="20211107 22:26:11.067"/>
</kw>
<kw name="Type Text" library="Browser">
<arg>id=${key}</arg>
<arg>${email}</arg>
<tag>PageContent</tag>
<tag>Setter</tag>
<doc>Types the given ``txt`` into the text field found by ``selector``.</doc>
<status status="NOT RUN" starttime="20211107 22:26:11.067" endtime="20211107 22:26:11.068"/>
</kw>
<kw name="Set Global Variable" library="BuiltIn">
<arg>${email}</arg>
<doc>Makes a variable available globally in all tests and suites.</doc>
<status status="NOT RUN" starttime="20211107 22:26:11.068" endtime="20211107 22:26:11.068"/>
</kw>
<status status="NOT RUN" starttime="20211107 22:26:11.066" endtime="20211107 22:26:11.069"/>
</branch>
<branch type="ELSE IF" condition="'${key}' == 'inputCPF'">
<kw name="Cpf" library="FakerLibrary">
<var>${cpf}</var>
<status status="NOT RUN" starttime="20211107 22:26:11.069" endtime="20211107 22:26:11.070"/>
</kw>
<kw name="Type Text" library="Browser">
<arg>id=${key}</arg>
<arg>${cpf}</arg>
<tag>PageContent</tag>
<tag>Setter</tag>
<doc>Types the given ``txt`` into the text field found by ``selector``.</doc>
<status status="NOT RUN" starttime="20211107 22:26:11.070" endtime="20211107 22:26:11.070"/>
</kw>
<kw name="Set Global Variable" library="BuiltIn">
<arg>${cpf}</arg>
<doc>Makes a variable available globally in all tests and suites.</doc>
<status status="NOT RUN" starttime="20211107 22:26:11.071" endtime="20211107 22:26:11.071"/>
</kw>
<status status="NOT RUN" starttime="20211107 22:26:11.069" endtime="20211107 22:26:11.071"/>
</branch>
<branch type="ELSE IF" condition="'${key}' == 'inputLogin'">
<kw name="Word" library="FakerLibrary">
<var>${login_aux}</var>
<doc>Generate a word.</doc>
<status status="NOT RUN" starttime="20211107 22:26:11.072" endtime="20211107 22:26:11.072"/>
</kw>
<kw name="Set Variable" library="BuiltIn">
<var>${login_colaborador}</var>
<arg>${login_aux}_c1</arg>
<doc>Returns the given values which can then be assigned to a variables.</doc>
<status status="NOT RUN" starttime="20211107 22:26:11.073" endtime="20211107 22:26:11.073"/>
</kw>
<kw name="Type Text" library="Browser">
<arg>id=${key}</arg>
<arg>${login_colaborador}</arg>
<tag>PageContent</tag>
<tag>Setter</tag>
<doc>Types the given ``txt`` into the text field found by ``selector``.</doc>
<status status="NOT RUN" starttime="20211107 22:26:11.074" endtime="20211107 22:26:11.074"/>
</kw>
<kw name="Set Global Variable" library="BuiltIn">
<arg>${login_colaborador}</arg>
<doc>Makes a variable available globally in all tests and suites.</doc>
<status status="NOT RUN" starttime="20211107 22:26:11.075" endtime="20211107 22:26:11.075"/>
</kw>
<status status="NOT RUN" starttime="20211107 22:26:11.072" endtime="20211107 22:26:11.075"/>
</branch>
<branch type="ELSE">
<kw name="Type Text" library="Browser">
<arg>id=${key}</arg>
<arg>${item["${key}"]}</arg>
<tag>PageContent</tag>
<tag>Setter</tag>
<doc>Types the given ``txt`` into the text field found by ``selector``.</doc>
<status status="NOT RUN" starttime="20211107 22:26:11.075" endtime="20211107 22:26:11.076"/>
</kw>
<if>
<branch type="IF" condition="'${key}' == 'inputNome'">
<kw name="Set Global Variable" library="BuiltIn">
<arg>${nome}</arg>
<arg>${item["${key}"]}</arg>
<doc>Makes a variable available globally in all tests and suites.</doc>
<status status="NOT RUN" starttime="20211107 22:26:11.077" endtime="20211107 22:26:11.077"/>
</kw>
<status status="NOT RUN" starttime="20211107 22:26:11.076" endtime="20211107 22:26:11.077"/>
</branch>
<branch type="ELSE IF" condition="'${key}' == 'inputNomeSocial'">
<kw name="Set Global Variable" library="BuiltIn">
<arg>${nome_social}</arg>
<arg>${item["${key}"]}</arg>
<doc>Makes a variable available globally in all tests and suites.</doc>
<status status="NOT RUN" starttime="20211107 22:26:11.078" endtime="20211107 22:26:11.078"/>
</kw>
<status status="NOT RUN" starttime="20211107 22:26:11.077" endtime="20211107 22:26:11.078"/>
</branch>
<branch type="ELSE IF" condition="'${key}' == 'inputNomeMae'">
<kw name="Set Global Variable" library="BuiltIn">
<arg>${nome_filiação}</arg>
<arg>${item["${key}"]}</arg>
<doc>Makes a variable available globally in all tests and suites.</doc>
<status status="NOT RUN" starttime="20211107 22:26:11.079" endtime="20211107 22:26:11.079"/>
</kw>
<status status="NOT RUN" starttime="20211107 22:26:11.078" endtime="20211107 22:26:11.079"/>
</branch>
<status status="NOT RUN" starttime="20211107 22:26:11.076" endtime="20211107 22:26:11.079"/>
</if>
<status status="NOT RUN" starttime="20211107 22:26:11.075" endtime="20211107 22:26:11.079"/>
</branch>
<status status="PASS" starttime="20211107 22:26:11.033" endtime="20211107 22:26:11.079"/>
</if>
<status status="PASS" starttime="20211107 22:26:11.033" endtime="20211107 22:26:11.080"/>
</iter>
<iter>
<var name="${key}">checkboxDeficiente</var>
<if>
<branch type="IF" condition="'${key}' == 'checkboxDesconheceNomeMae' or '${key}' == 'checkboxDesconheceNomePai' or '${key}'== 'checkboxDeficiente' or '${key}' == 'checkboxNomeSocial' or '${key}' == 'checkboxGenero'">
<kw name="Click" library="Browser">
<arg>id=${key}</arg>
<tag>PageContent</tag>
<tag>Setter</tag>
<doc>Simulates mouse click on the element found by ``selector``.</doc>
<status status="PASS" starttime="20211107 22:26:11.081" endtime="20211107 22:26:11.117"/>
</kw>
<status status="PASS" starttime="20211107 22:26:11.081" endtime="20211107 22:26:11.117"/>
</branch>
<branch type="ELSE IF" condition="'${key}' == 'inputIdentidade' or '${key}' == 'inputSUSF'">
<kw name="Evaluate" library="BuiltIn">
<var>${numbers}</var>
<arg>random.randint(0, sys.maxsize)</arg>
<arg>random</arg>
<doc>Evaluates the given expression in Python and returns the result.</doc>
<status status="NOT RUN" starttime="20211107 22:26:11.118" endtime="20211107 22:26:11.118"/>
</kw>
<kw name="Type Text" library="Browser">
<arg>id=${key}</arg>
<arg>${numbers}</arg>
<tag>PageContent</tag>
<tag>Setter</tag>
<doc>Types the given ``txt`` into the text field found by ``selector``.</doc>
<status status="NOT RUN" starttime="20211107 22:26:11.119" endtime="20211107 22:26:11.120"/>
</kw>
<status status="NOT RUN" starttime="20211107 22:26:11.118" endtime="20211107 22:26:11.120"/>
</branch>
<branch type="ELSE IF" condition="'${key}' == 'inputEmail'">
<kw name="Email" library="FakerLibrary">
<var>${email}</var>
<status status="NOT RUN" starttime="20211107 22:26:11.120" endtime="20211107 22:26:11.121"/>
</kw>
<kw name="Type Text" library="Browser">
<arg>id=${key}</arg>
<arg>${email}</arg>
<tag>PageContent</tag>
<tag>Setter</tag>
<doc>Types the given ``txt`` into the text field found by ``selector``.</doc>
<status status="NOT RUN" starttime="20211107 22:26:11.121" endtime="20211107 22:26:11.122"/>
</kw>
<kw name="Set Global Variable" library="BuiltIn">
<arg>${email}</arg>
<doc>Makes a variable available globally in all tests and suites.</doc>
<status status="NOT RUN" starttime="20211107 22:26:11.122" endtime="20211107 22:26:11.123"/>
</kw>
<status status="NOT RUN" starttime="20211107 22:26:11.120" endtime="20211107 22:26:11.123"/>
</branch>
<branch type="ELSE IF" condition="'${key}' == 'inputCPF'">
<kw name="Cpf" library="FakerLibrary">
<var>${cpf}</var>
<status status="NOT RUN" starttime="20211107 22:26:11.123" endtime="20211107 22:26:11.124"/>
</kw>
<kw name="Type Text" library="Browser">
<arg>id=${key}</arg>
<arg>${cpf}</arg>
<tag>PageContent</tag>
<tag>Setter</tag>
<doc>Types the given ``txt`` into the text field found by ``selector``.</doc>
<status status="NOT RUN" starttime="20211107 22:26:11.124" endtime="20211107 22:26:11.124"/>
</kw>
<kw name="Set Global Variable" library="BuiltIn">
<arg>${cpf}</arg>
<doc>Makes a variable available globally in all tests and suites.</doc>
<status status="NOT RUN" starttime="20211107 22:26:11.125" endtime="20211107 22:26:11.125"/>
</kw>
<status status="NOT RUN" starttime="20211107 22:26:11.123" endtime="20211107 22:26:11.125"/>
</branch>
<branch type="ELSE IF" condition="'${key}' == 'inputLogin'">
<kw name="Word" library="FakerLibrary">
<var>${login_aux}</var>
<doc>Generate a word.</doc>
<status status="NOT RUN" starttime="20211107 22:26:11.126" endtime="20211107 22:26:11.126"/>
</kw>
<kw name="Set Variable" library="BuiltIn">
<var>${login_colaborador}</var>
<arg>${login_aux}_c1</arg>
<doc>Returns the given values which can then be assigned to a variables.</doc>
<status status="NOT RUN" starttime="20211107 22:26:11.127" endtime="20211107 22:26:11.127"/>
</kw>
<kw name="Type Text" library="Browser">
<arg>id=${key}</arg>
<arg>${login_colaborador}</arg>
<tag>PageContent</tag>
<tag>Setter</tag>
<doc>Types the given ``txt`` into the text field found by ``selector``.</doc>
<status status="NOT RUN" starttime="20211107 22:26:11.127" endtime="20211107 22:26:11.128"/>
</kw>
<kw name="Set Global Variable" library="BuiltIn">
<arg>${login_colaborador}</arg>
<doc>Makes a variable available globally in all tests and suites.</doc>
<status status="NOT RUN" starttime="20211107 22:26:11.128" endtime="20211107 22:26:11.128"/>
</kw>
<status status="NOT RUN" starttime="20211107 22:26:11.125" endtime="20211107 22:26:11.128"/>
</branch>
<branch type="ELSE">
<kw name="Type Text" library="Browser">
<arg>id=${key}</arg>
<arg>${item["${key}"]}</arg>
<tag>PageContent</tag>
<tag>Setter</tag>
<doc>Types the given ``txt`` into the text field found by ``selector``.</doc>
<status status="NOT RUN" starttime="20211107 22:26:11.129" endtime="20211107 22:26:11.129"/>
</kw>
<if>
<branch type="IF" condition="'${key}' == 'inputNome'">
<kw name="Set Global Variable" library="BuiltIn">
<arg>${nome}</arg>
<arg>${item["${key}"]}</arg>
<doc>Makes a variable available globally in all tests and suites.</doc>
<status status="NOT RUN" starttime="20211107 22:26:11.130" endtime="20211107 22:26:11.130"/>
</kw>
<status status="NOT RUN" starttime="20211107 22:26:11.130" endtime="20211107 22:26:11.130"/>
</branch>
<branch type="ELSE IF" condition="'${key}' == 'inputNomeSocial'">
<kw name="Set Global Variable" library="BuiltIn">
<arg>${nome_social}</arg>
<arg>${item["${key}"]}</arg>
<doc>Makes a variable available globally in all tests and suites.</doc>
<status status="NOT RUN" starttime="20211107 22:26:11.131" endtime="20211107 22:26:11.131"/>
</kw>
<status status="NOT RUN" starttime="20211107 22:26:11.130" endtime="20211107 22:26:11.131"/>
</branch>
<branch type="ELSE IF" condition="'${key}' == 'inputNomeMae'">
<kw name="Set Global Variable" library="BuiltIn">
<arg>${nome_filiação}</arg>
<arg>${item["${key}"]}</arg>
<doc>Makes a variable available globally in all tests and suites.</doc>
<status status="NOT RUN" starttime="20211107 22:26:11.132" endtime="20211107 22:26:11.132"/>
</kw>
<status status="NOT RUN" starttime="20211107 22:26:11.132" endtime="20211107 22:26:11.132"/>
</branch>
<status status="NOT RUN" starttime="20211107 22:26:11.129" endtime="20211107 22:26:11.132"/>
</if>
<status status="NOT RUN" starttime="20211107 22:26:11.128" endtime="20211107 22:26:11.132"/>
</branch>
<status status="PASS" starttime="20211107 22:26:11.080" endtime="20211107 22:26:11.133"/>
</if>
<status status="PASS" starttime="20211107 22:26:11.080" endtime="20211107 22:26:11.133"/>
</iter>
<iter>
<var name="${key}">inputCPF</var>
<if>
<branch type="IF" condition="'${key}' == 'checkboxDesconheceNomeMae' or '${key}' == 'checkboxDesconheceNomePai' or '${key}'== 'checkboxDeficiente' or '${key}' == 'checkboxNomeSocial' or '${key}' == 'checkboxGenero'">
<kw name="Click" library="Browser">
<arg>id=${key}</arg>
<tag>PageContent</tag>
<tag>Setter</tag>
<doc>Simulates mouse click on the element found by ``selector``.</doc>
<status status="NOT RUN" starttime="20211107 22:26:11.135" endtime="20211107 22:26:11.135"/>
</kw>
<status status="NOT RUN" starttime="20211107 22:26:11.134" endtime="20211107 22:26:11.135"/>
</branch>
<branch type="ELSE IF" condition="'${key}' == 'inputIdentidade' or '${key}' == 'inputSUSF'">
<kw name="Evaluate" library="BuiltIn">
<var>${numbers}</var>
<arg>random.randint(0, sys.maxsize)</arg>
<arg>random</arg>
<doc>Evaluates the given expression in Python and returns the result.</doc>
<status status="NOT RUN" starttime="20211107 22:26:11.136" endtime="20211107 22:26:11.136"/>
</kw>
<kw name="Type Text" library="Browser">
<arg>id=${key}</arg>
<arg>${numbers}</arg>
<tag>PageContent</tag>
<tag>Setter</tag>
<doc>Types the given ``txt`` into the text field found by ``selector``.</doc>
<status status="NOT RUN" starttime="20211107 22:26:11.137" endtime="20211107 22:26:11.137"/>
</kw>
<status status="NOT RUN" starttime="20211107 22:26:11.135" endtime="20211107 22:26:11.137"/>
</branch>
<branch type="ELSE IF" condition="'${key}' == 'inputEmail'">
<kw name="Email" library="FakerLibrary">
<var>${email}</var>
<status status="NOT RUN" starttime="20211107 22:26:11.138" endtime="20211107 22:26:11.138"/>
</kw>
<kw name="Type Text" library="Browser">
<arg>id=${key}</arg>
<arg>${email}</arg>
<tag>PageContent</tag>
<tag>Setter</tag>
<doc>Types the given ``txt`` into the text field found by ``selector``.</doc>
<status status="NOT RUN" starttime="20211107 22:26:11.139" endtime="20211107 22:26:11.139"/>
</kw>
<kw name="Set Global Variable" library="BuiltIn">
<arg>${email}</arg>
<doc>Makes a variable available globally in all tests and suites.</doc>
<status status="NOT RUN" starttime="20211107 22:26:11.140" endtime="20211107 22:26:11.140"/>
</kw>
<status status="NOT RUN" starttime="20211107 22:26:11.137" endtime="20211107 22:26:11.140"/>
</branch>
<branch type="ELSE IF" condition="'${key}' == 'inputCPF'">
<kw name="Cpf" library="FakerLibrary">
<var>${cpf}</var>
<msg timestamp="20211107 22:26:11.142" level="INFO">${cpf} = 139.708.426-03</msg>
<status status="PASS" starttime="20211107 22:26:11.141" endtime="20211107 22:26:11.142"/>
</kw>
<kw name="Type Text" library="Browser">
<arg>id=${key}</arg>
<arg>${cpf}</arg>
<tag>PageContent</tag>
<tag>Setter</tag>
<doc>Types the given ``txt`` into the text field found by ``selector``.</doc>
<msg timestamp="20211107 22:26:11.144" level="INFO">Types the text '139.708.426-03' in the given field.</msg>
<status status="PASS" starttime="20211107 22:26:11.143" endtime="20211107 22:26:11.296"/>
</kw>
<kw name="Set Global Variable" library="BuiltIn">
<arg>${cpf}</arg>
<doc>Makes a variable available globally in all tests and suites.</doc>
<msg timestamp="20211107 22:26:11.298" level="INFO">${cpf} = 139.708.426-03</msg>
<status status="PASS" starttime="20211107 22:26:11.296" endtime="20211107 22:26:11.298"/>
</kw>
<status status="PASS" starttime="20211107 22:26:11.141" endtime="20211107 22:26:11.298"/>
</branch>
<branch type="ELSE IF" condition="'${key}' == 'inputLogin'">
<kw name="Word" library="FakerLibrary">
<var>${login_aux}</var>
<doc>Generate a word.</doc>
<status status="NOT RUN" starttime="20211107 22:26:11.299" endtime="20211107 22:26:11.300"/>
</kw>
<kw name="Set Variable" library="BuiltIn">
<var>${login_colaborador}</var>
<arg>${login_aux}_c1</arg>
<doc>Returns the given values which can then be assigned to a variables.</doc>
<status status="NOT RUN" starttime="20211107 22:26:11.300" endtime="20211107 22:26:11.300"/>
</kw>
<kw name="Type Text" library="Browser">
<arg>id=${key}</arg>
<arg>${login_colaborador}</arg>
<tag>PageContent</tag>
<tag>Setter</tag>
<doc>Types the given ``txt`` into the text field found by ``selector``.</doc>
<status status="NOT RUN" starttime="20211107 22:26:11.301" endtime="20211107 22:26:11.301"/>
</kw>
<kw name="Set Global Variable" library="BuiltIn">
<arg>${login_colaborador}</arg>
<doc>Makes a variable available globally in all tests and suites.</doc>
<status status="NOT RUN" starttime="20211107 22:26:11.302" endtime="20211107 22:26:11.302"/>
</kw>
<status status="NOT RUN" starttime="20211107 22:26:11.299" endtime="20211107 22:26:11.302"/>
</branch>
<branch type="ELSE">
<kw name="Type Text" library="Browser">
<arg>id=${key}</arg>
<arg>${item["${key}"]}</arg>
<tag>PageContent</tag>
<tag>Setter</tag>
<doc>Types the given ``txt`` into the text field found by ``selector``.</doc>
<status status="NOT RUN" starttime="20211107 22:26:11.303" endtime="20211107 22:26:11.303"/>
</kw>
<if>
<branch type="IF" condition="'${key}' == 'inputNome'">
<kw name="Set Global Variable" library="BuiltIn">
<arg>${nome}</arg>
<arg>${item["${key}"]}</arg>
<doc>Makes a variable available globally in all tests and suites.</doc>
<status status="NOT RUN" starttime="20211107 22:26:11.305" endtime="20211107 22:26:11.305"/>
</kw>
<status status="NOT RUN" starttime="20211107 22:26:11.304" endtime="20211107 22:26:11.305"/>
</branch>
<branch type="ELSE IF" condition="'${key}' == 'inputNomeSocial'">
<kw name="Set Global Variable" library="BuiltIn">
<arg>${nome_social}</arg>
<arg>${item["${key}"]}</arg>
<doc>Makes a variable available globally in all tests and suites.</doc>
<status status="NOT RUN" starttime="20211107 22:26:11.306" endtime="20211107 22:26:11.307"/>
</kw>
<status status="NOT RUN" starttime="20211107 22:26:11.305" endtime="20211107 22:26:11.307"/>
</branch>
<branch type="ELSE IF" condition="'${key}' == 'inputNomeMae'">
<kw name="Set Global Variable" library="BuiltIn">
<arg>${nome_filiação}</arg>
<arg>${item["${key}"]}</arg>
<doc>Makes a variable available globally in all tests and suites.</doc>
<status status="NOT RUN" starttime="20211107 22:26:11.308" endtime="20211107 22:26:11.308"/>
</kw>
<status status="NOT RUN" starttime="20211107 22:26:11.307" endtime="20211107 22:26:11.308"/>
</branch>
<status status="NOT RUN" starttime="20211107 22:26:11.304" endtime="20211107 22:26:11.308"/>
</if>
<status status="NOT RUN" starttime="20211107 22:26:11.302" endtime="20211107 22:26:11.308"/>
</branch>
<status status="PASS" starttime="20211107 22:26:11.133" endtime="20211107 22:26:11.308"/>
</if>
<status status="PASS" starttime="20211107 22:26:11.133" endtime="20211107 22:26:11.309"/>
</iter>
<iter>
<var name="${key}">inputIdentidade</var>
<if>
<branch type="IF" condition="'${key}' == 'checkboxDesconheceNomeMae' or '${key}' == 'checkboxDesconheceNomePai' or '${key}'== 'checkboxDeficiente' or '${key}' == 'checkboxNomeSocial' or '${key}' == 'checkboxGenero'">
<kw name="Click" library="Browser">
<arg>id=${key}</arg>
<tag>PageContent</tag>
<tag>Setter</tag>
<doc>Simulates mouse click on the element found by ``selector``.</doc>
<status status="NOT RUN" starttime="20211107 22:26:11.311" endtime="20211107 22:26:11.311"/>
</kw>
<status status="NOT RUN" starttime="20211107 22:26:11.310" endtime="20211107 22:26:11.311"/>
</branch>
<branch type="ELSE IF" condition="'${key}' == 'inputIdentidade' or '${key}' == 'inputSUSF'">
<kw name="Evaluate" library="BuiltIn">
<var>${numbers}</var>
<arg>random.randint(0, sys.maxsize)</arg>
<arg>random</arg>
<doc>Evaluates the given expression in Python and returns the result.</doc>
<msg timestamp="20211107 22:26:11.313" level="INFO">${numbers} = 7970594796697051553</msg>
<status status="PASS" starttime="20211107 22:26:11.312" endtime="20211107 22:26:11.313"/>
</kw>
<kw name="Type Text" library="Browser">
<arg>id=${key}</arg>
<arg>${numbers}</arg>
<tag>PageContent</tag>
<tag>Setter</tag>
<doc>Types the given ``txt`` into the text field found by ``selector``.</doc>
<msg timestamp="20211107 22:26:11.315" level="INFO">Types the text '7970594796697051553' in the given field.</msg>
<status status="PASS" starttime="20211107 22:26:11.314" endtime="20211107 22:26:11.464"/>
</kw>
<status status="PASS" starttime="20211107 22:26:11.312" endtime="20211107 22:26:11.464"/>
</branch>
<branch type="ELSE IF" condition="'${key}' == 'inputEmail'">
<kw name="Email" library="FakerLibrary">
<var>${email}</var>
<status status="NOT RUN" starttime="20211107 22:26:11.466" endtime="20211107 22:26:11.466"/>
</kw>
<kw name="Type Text" library="Browser">
<arg>id=${key}</arg>
<arg>${email}</arg>
<tag>PageContent</tag>
<tag>Setter</tag>
<doc>Types the given ``txt`` into the text field found by ``selector``.</doc>
<status status="NOT RUN" starttime="20211107 22:26:11.466" endtime="20211107 22:26:11.467"/>
</kw>
<kw name="Set Global Variable" library="BuiltIn">
<arg>${email}</arg>
<doc>Makes a variable available globally in all tests and suites.</doc>
<status status="NOT RUN" starttime="20211107 22:26:11.467" endtime="20211107 22:26:11.467"/>
</kw>
<status status="NOT RUN" starttime="20211107 22:26:11.464" endtime="20211107 22:26:11.468"/>
</branch>
<branch type="ELSE IF" condition="'${key}' == 'inputCPF'">
<kw name="Cpf" library="FakerLibrary">
<var>${cpf}</var>
<status status="NOT RUN" starttime="20211107 22:26:11.468" endtime="20211107 22:26:11.468"/>
</kw>
<kw name="Type Text" library="Browser">
<arg>id=${key}</arg>
<arg>${cpf}</arg>
<tag>PageContent</tag>
<tag>Setter</tag>
<doc>Types the given ``txt`` into the text field found by ``selector``.</doc>
<status status="NOT RUN" starttime="20211107 22:26:11.469" endtime="20211107 22:26:11.469"/>
</kw>
<kw name="Set Global Variable" library="BuiltIn">
<arg>${cpf}</arg>
<doc>Makes a variable available globally in all tests and suites.</doc>
<status status="NOT RUN" starttime="20211107 22:26:11.471" endtime="20211107 22:26:11.471"/>
</kw>
<status status="NOT RUN" starttime="20211107 22:26:11.468" endtime="20211107 22:26:11.471"/>
</branch>
<branch type="ELSE IF" condition="'${key}' == 'inputLogin'">
<kw name="Word" library="FakerLibrary">
<var>${login_aux}</var>
<doc>Generate a word.</doc>
<status status="NOT RUN" starttime="20211107 22:26:11.472" endtime="20211107 22:26:11.473"/>
</kw>
<kw name="Set Variable" library="BuiltIn">
<var>${login_colaborador}</var>
<arg>${login_aux}_c1</arg>
<doc>Returns the given values which can then be assigned to a variables.</doc>
<status status="NOT RUN" starttime="20211107 22:26:11.473" endtime="20211107 22:26:11.474"/>
</kw>
<kw name="Type Text" library="Browser">
<arg>id=${key}</arg>
<arg>${login_colaborador}</arg>
<tag>PageContent</tag>
<tag>Setter</tag>
<doc>Types the given ``txt`` into the text field found by ``selector``.</doc>
<status status="NOT RUN" starttime="20211107 22:26:11.475" endtime="20211107 22:26:11.475"/>
</kw>
<kw name="Set Global Variable" library="BuiltIn">
<arg>${login_colaborador}</arg>
<doc>Makes a variable available globally in all tests and suites.</doc>
<status status="NOT RUN" starttime="20211107 22:26:11.476" endtime="20211107 22:26:11.476"/>
</kw>
<status status="NOT RUN" starttime="20211107 22:26:11.472" endtime="20211107 22:26:11.476"/>
</branch>
<branch type="ELSE">
<kw name="Type Text" library="Browser">
<arg>id=${key}</arg>
<arg>${item["${key}"]}</arg>
<tag>PageContent</tag>
<tag>Setter</tag>
<doc>Types the given ``txt`` into the text field found by ``selector``.</doc>
<status status="NOT RUN" starttime="20211107 22:26:11.477" endtime="20211107 22:26:11.477"/>
</kw>
<if>
<branch type="IF" condition="'${key}' == 'inputNome'">
<kw name="Set Global Variable" library="BuiltIn">
<arg>${nome}</arg>
<arg>${item["${key}"]}</arg>
<doc>Makes a variable available globally in all tests and suites.</doc>
<status status="NOT RUN" starttime="20211107 22:26:11.478" endtime="20211107 22:26:11.478"/>
</kw>
<status status="NOT RUN" starttime="20211107 22:26:11.477" endtime="20211107 22:26:11.478"/>
</branch>
<branch type="ELSE IF" condition="'${key}' == 'inputNomeSocial'">
<kw name="Set Global Variable" library="BuiltIn">
<arg>${nome_social}</arg>
<arg>${item["${key}"]}</arg>
<doc>Makes a variable available globally in all tests and suites.</doc>
<status status="NOT RUN" starttime="20211107 22:26:11.479" endtime="20211107 22:26:11.479"/>
</kw>
<status status="NOT RUN" starttime="20211107 22:26:11.478" endtime="20211107 22:26:11.479"/>
</branch>
<branch type="ELSE IF" condition="'${key}' == 'inputNomeMae'">
<kw name="Set Global Variable" library="BuiltIn">
<arg>${nome_filiação}</arg>
<arg>${item["${key}"]}</arg>
<doc>Makes a variable available globally in all tests and suites.</doc>
<status status="NOT RUN" starttime="20211107 22:26:11.480" endtime="20211107 22:26:11.480"/>
</kw>
<status status="NOT RUN" starttime="20211107 22:26:11.479" endtime="20211107 22:26:11.480"/>
</branch>
<status status="NOT RUN" starttime="20211107 22:26:11.477" endtime="20211107 22:26:11.480"/>
</if>
<status status="NOT RUN" starttime="20211107 22:26:11.476" endtime="20211107 22:26:11.480"/>
</branch>
<status status="PASS" starttime="20211107 22:26:11.309" endtime="20211107 22:26:11.480"/>
</if>
<status status="PASS" starttime="20211107 22:26:11.309" endtime="20211107 22:26:11.481"/>
</iter>
<iter>
<var name="${key}">inputOrgaoExpedidor</var>
<if>
<branch type="IF" condition="'${key}' == 'checkboxDesconheceNomeMae' or '${key}' == 'checkboxDesconheceNomePai' or '${key}'== 'checkboxDeficiente' or '${key}' == 'checkboxNomeSocial' or '${key}' == 'checkboxGenero'">
<kw name="Click" library="Browser">
<arg>id=${key}</arg>
<tag>PageContent</tag>
<tag>Setter</tag>
<doc>Simulates mouse click on the element found by ``selector``.</doc>
<status status="NOT RUN" starttime="20211107 22:26:11.483" endtime="20211107 22:26:11.483"/>
</kw>
<status status="NOT RUN" starttime="20211107 22:26:11.482" endtime="20211107 22:26:11.483"/>
</branch>
<branch type="ELSE IF" condition="'${key}' == 'inputIdentidade' or '${key}' == 'inputSUSF'">
<kw name="Evaluate" library="BuiltIn">
<var>${numbers}</var>
<arg>random.randint(0, sys.maxsize)</arg>
<arg>random</arg>
<doc>Evaluates the given expression in Python and returns the result.</doc>
<status status="NOT RUN" starttime="20211107 22:26:11.484" endtime="20211107 22:26:11.484"/>
</kw>
<kw name="Type Text" library="Browser">
<arg>id=${key}</arg>
<arg>${numbers}</arg>
<tag>PageContent</tag>
<tag>Setter</tag>
<doc>Types the given ``txt`` into the text field found by ``selector``.</doc>
<status status="NOT RUN" starttime="20211107 22:26:11.485" endtime="20211107 22:26:11.485"/>
</kw>
[...]
<status status="PASS" starttime="20211107 22:28:14.177" endtime="20211107 22:28:15.176"/>
</kw>
<status status="PASS" starttime="20211107 22:28:14.158" endtime="20211107 22:28:15.176"/>
</kw>
<kw name="Get JSON" library="base">
<var>${login_json}</var>
<arg>login.json</arg>
<kw name="Get File" library="OperatingSystem">
<var>${file}</var>
<arg>${EXECDIR}/Files/${file_name}</arg>
<doc>Returns the contents of a specified file.</doc>
<msg timestamp="20211107 22:28:15.179" level="INFO" html="true">Getting file '&lt;a href="file:///home/m.calixta/Projeto sigsaúde/Files/login.json"&gt;/home/m.calixta/Projeto sigsaúde/Files/login.json&lt;/a&gt;'.</msg>
<msg timestamp="20211107 22:28:15.179" level="INFO">${file} = {

    "Psicologia":{
        "login": "drpsicologia",
        "senha": 85278120029
    },

    "Endocrinologia":{
        "login": "drendocrinologia",
        "senha": 98841863323
    }
}</msg>
<status status="PASS" starttime="20211107 22:28:15.178" endtime="20211107 22:28:15.179"/>
</kw>
<kw name="Evaluate" library="BuiltIn">
<var>${super_var}</var>
<arg>json.loads($file)</arg>
<arg>json</arg>
<doc>Evaluates the given expression in Python and returns the result.</doc>
<msg timestamp="20211107 22:28:15.182" level="INFO">${super_var} = {'Psicologia': {'login': 'drpsicologia', 'senha': 85278120029}, 'Endocrinologia': {'login': 'drendocrinologia', 'senha': 98841863323}}</msg>
<status status="PASS" starttime="20211107 22:28:15.180" endtime="20211107 22:28:15.182"/>
</kw>
<msg timestamp="20211107 22:28:15.183" level="INFO">${login_json} = {'Psicologia': {'login': 'drpsicologia', 'senha': 85278120029}, 'Endocrinologia': {'login': 'drendocrinologia', 'senha': 98841863323}}</msg>
<status status="PASS" starttime="20211107 22:28:15.177" endtime="20211107 22:28:15.183"/>
</kw>
<kw name="Fill Text" library="Browser">
<arg>id=login-username</arg>
<arg>${login_json["${login_usuario}"]["login"]}</arg>
<tag>PageContent</tag>
<tag>Setter</tag>
<doc>Clears and fills the given ``text`` into the text field found by ``selector``.</doc>
<msg timestamp="20211107 22:28:15.188" level="INFO">Fills the text 'drendocrinologia' in the given field.</msg>
<status status="PASS" starttime="20211107 22:28:15.184" endtime="20211107 22:28:15.220"/>
</kw>
<kw name="Fill Text" library="Browser">
<arg>id=login-password</arg>
<arg>${login_json["${login_usuario}"]["senha"]}</arg>
<tag>PageContent</tag>
<tag>Setter</tag>
<doc>Clears and fills the given ``text`` into the text field found by ``selector``.</doc>
<msg timestamp="20211107 22:28:15.224" level="INFO">Fills the text '98841863323' in the given field.</msg>
<status status="PASS" starttime="20211107 22:28:15.221" endtime="20211107 22:28:15.241"/>
</kw>
<kw name="Click" library="Browser">
<arg>css=[value='Entrar']</arg>
<tag>PageContent</tag>
<tag>Setter</tag>
<doc>Simulates mouse click on the element found by ``selector``.</doc>
<status status="PASS" starttime="20211107 22:28:15.241" endtime="20211107 22:28:15.881"/>
</kw>
<status status="PASS" starttime="20211107 22:28:08.578" endtime="20211107 22:28:15.881"/>
</kw>
<test id="s1-s5-t1" name="[001] - Realizar atendimento (Completo)">
<kw name="Dado" library="bdd">
<arg>que o usuario está na tela "atendimento"</arg>
<kw name="Run Keyword" library="BuiltIn">
<arg>@{Keywords}</arg>
<doc>Executes the given keyword with the given arguments.</doc>
<kw name="que o usuario está na tela &quot;atendimento&quot;" library="nav" sourcename="que o usuario está na tela &quot;${tela}&quot;">
<kw name="Direcionamento da tela &quot;${tela}&quot;" library="nav" sourcename="Direcionamento da tela &quot;${page}&quot;">
<kw name="Get JSON" library="base">
<var>${telas_json}</var>
<arg>telas.json</arg>
<kw name="Get File" library="OperatingSystem">
<var>${file}</var>
<arg>${EXECDIR}/Files/${file_name}</arg>
<doc>Returns the contents of a specified file.</doc>
<msg timestamp="20211107 22:28:15.903" level="INFO" html="true">Getting file '&lt;a href="file:///home/m.calixta/Projeto sigsaúde/Files/telas.json"&gt;/home/m.calixta/Projeto sigsaúde/Files/telas.json&lt;/a&gt;'.</msg>
<msg timestamp="20211107 22:28:15.904" level="INFO">${file} = {
    "login":"/login",
    "novo usuario de serviço":"/paciente/cadastro",
    "listar usuarios de serviço":"/paciente",
    "cadastro de colaborador":"/colaborador/form",
    "agendamento":"/agendam...</msg>
<status status="PASS" starttime="20211107 22:28:15.902" endtime="20211107 22:28:15.904"/>
</kw>
<kw name="Evaluate" library="BuiltIn">
<var>${super_var}</var>
<arg>json.loads($file)</arg>
<arg>json</arg>
<doc>Evaluates the given expression in Python and returns the result.</doc>
<msg timestamp="20211107 22:28:15.907" level="INFO">${super_var} = {'login': '/login', 'novo usuario de serviço': '/paciente/cadastro', 'listar usuarios de serviço': '/paciente', 'cadastro de colaborador': '/colaborador/form', 'agendamento': '/agendamento', 'listar c...</msg>
<status status="PASS" starttime="20211107 22:28:15.905" endtime="20211107 22:28:15.907"/>
</kw>
<msg timestamp="20211107 22:28:15.908" level="INFO">${telas_json} = {'login': '/login', 'novo usuario de serviço': '/paciente/cadastro', 'listar usuarios de serviço': '/paciente', 'cadastro de colaborador': '/colaborador/form', 'agendamento': '/agendamento', 'listar c...</msg>
<status status="PASS" starttime="20211107 22:28:15.900" endtime="20211107 22:28:15.908"/>
</kw>
<kw name="Get JSON" library="base">
<var>${config_json}</var>
<arg>config.json</arg>
<kw name="Get File" library="OperatingSystem">
<var>${file}</var>
<arg>${EXECDIR}/Files/${file_name}</arg>
<doc>Returns the contents of a specified file.</doc>
<msg timestamp="20211107 22:28:15.912" level="INFO" html="true">Getting file '&lt;a href="file:///home/m.calixta/Projeto sigsaúde/Files/config.json"&gt;/home/m.calixta/Projeto sigsaúde/Files/config.json&lt;/a&gt;'.</msg>
<msg timestamp="20211107 22:28:15.913" level="INFO">${file} = {
    "base_url":"http://177.20.147.8/sigsaude",
    "navegador":"chromium"
}</msg>
<status status="PASS" starttime="20211107 22:28:15.910" endtime="20211107 22:28:15.913"/>
</kw>
<kw name="Evaluate" library="BuiltIn">
<var>${super_var}</var>
<arg>json.loads($file)</arg>
<arg>json</arg>
<doc>Evaluates the given expression in Python and returns the result.</doc>
<msg timestamp="20211107 22:28:15.915" level="INFO">${super_var} = {'base_url': 'http://177.20.147.8/sigsaude', 'navegador': 'chromium'}</msg>
<status status="PASS" starttime="20211107 22:28:15.914" endtime="20211107 22:28:15.915"/>
</kw>
<msg timestamp="20211107 22:28:15.916" level="INFO">${config_json} = {'base_url': 'http://177.20.147.8/sigsaude', 'navegador': 'chromium'}</msg>
<status status="PASS" starttime="20211107 22:28:15.908" endtime="20211107 22:28:15.916"/>
</kw>
<kw name="Go To" library="Browser">
<arg>${config_json["base_url"]}${telas_json["${page}"]}</arg>
<tag>BrowserControl</tag>
<tag>Setter</tag>
<doc>Navigates to the given ``url``.</doc>
<msg timestamp="20211107 22:28:18.754" level="INFO">Succesfully opened URL http://177.20.147.8/sigsaude/agenda/</msg>
<status status="PASS" starttime="20211107 22:28:15.917" endtime="20211107 22:28:18.754"/>
</kw>
<status status="PASS" starttime="20211107 22:28:15.898" endtime="20211107 22:28:18.755"/>
</kw>
<status status="PASS" starttime="20211107 22:28:15.897" endtime="20211107 22:28:18.755"/>
</kw>
<status status="PASS" starttime="20211107 22:28:15.895" endtime="20211107 22:28:18.756"/>
</kw>
<status status="PASS" starttime="20211107 22:28:15.893" endtime="20211107 22:28:18.757"/>
</kw>
<kw name="E" library="bdd">
<arg>informar o campo "Data da listagem" com o "11112021"</arg>
<kw name="Run Keyword" library="BuiltIn">
<arg>@{Keywords}</arg>
<doc>Executes the given keyword with the given arguments.</doc>
<kw name="informar o campo &quot;Data da listagem&quot; com o &quot;11112021&quot;" library="keywords_atendimento" sourcename="informar o campo &quot;${campo}&quot; com o &quot;${valor}&quot;">
<kw name="Get JSON" library="base">
<var>${elementos_aten_json}</var>
<arg>elementos_aten.json</arg>
<kw name="Get File" library="OperatingSystem">
<var>${file}</var>
<arg>${EXECDIR}/Files/${file_name}</arg>
<doc>Returns the contents of a specified file.</doc>
<msg timestamp="20211107 22:28:18.774" level="INFO" html="true">Getting file '&lt;a href="file:///home/m.calixta/Projeto sigsaúde/Files/elementos_aten.json"&gt;/home/m.calixta/Projeto sigsaúde/Files/elementos_aten.json&lt;/a&gt;'.</msg>
<msg timestamp="20211107 22:28:18.775" level="INFO">${file} = {
    "Data da listagem":"dataListagem",
    "Pesquisar":"button[class='btn btn-success']",
    "Atendimento":"a[class='atendimento btn-sigsaude btnCorAtendimento']",
    "Sim":"button[class='swal-but...</msg>
<status status="PASS" starttime="20211107 22:28:18.772" endtime="20211107 22:28:18.775"/>
</kw>
<kw name="Evaluate" library="BuiltIn">
<var>${super_var}</var>
<arg>json.loads($file)</arg>
<arg>json</arg>
<doc>Evaluates the given expression in Python and returns the result.</doc>
<msg timestamp="20211107 22:28:18.780" level="INFO">${super_var} = {'Data da listagem': 'dataListagem', 'Pesquisar': "button[class='btn btn-success']", 'Atendimento': "a[class='atendimento btn-sigsaude btnCorAtendimento']", 'Sim': "button[class='swal-button swal-butt...</msg>
<status status="PASS" starttime="20211107 22:28:18.777" endtime="20211107 22:28:18.780"/>
</kw>
<msg timestamp="20211107 22:28:18.782" level="INFO">${elementos_aten_json} = {'Data da listagem': 'dataListagem', 'Pesquisar': "button[class='btn btn-success']", 'Atendimento': "a[class='atendimento btn-sigsaude btnCorAtendimento']", 'Sim': "button[class='swal-button swal-butt...</msg>
<status status="PASS" starttime="20211107 22:28:18.768" endtime="20211107 22:28:18.782"/>
</kw>
<kw name="Type Text" library="Browser">
<arg>id=${elementos_aten_json["${campo}"]}</arg>
<arg>${valor}</arg>
<tag>PageContent</tag>
<tag>Setter</tag>
<doc>Types the given ``txt`` into the text field found by ``selector``.</doc>
<msg timestamp="20211107 22:28:18.791" level="INFO">Types the text '11112021' in the given field.</msg>
<status status="PASS" starttime="20211107 22:28:18.783" endtime="20211107 22:28:18.914"/>
</kw>
<status status="PASS" starttime="20211107 22:28:18.765" endtime="20211107 22:28:18.914"/>
</kw>
<status status="PASS" starttime="20211107 22:28:18.762" endtime="20211107 22:28:18.914"/>
</kw>
<status status="PASS" starttime="20211107 22:28:18.759" endtime="20211107 22:28:18.915"/>
</kw>
<kw name="Quando" library="bdd">
<arg>pressionar o botão "Pesquisar"</arg>
<kw name="Run Keyword" library="BuiltIn">
<arg>@{Keywords}</arg>
<doc>Executes the given keyword with the given arguments.</doc>
<kw name="pressionar o botão &quot;Pesquisar&quot;" library="keywords_atendimento" sourcename="pressionar o botão &quot;${botão}&quot;">
<kw name="Get JSON" library="base">
<var>${elementos_aten_json}</var>
<arg>elementos_aten.json</arg>
<kw name="Get File" library="OperatingSystem">
<var>${file}</var>
<arg>${EXECDIR}/Files/${file_name}</arg>
<doc>Returns the contents of a specified file.</doc>
<msg timestamp="20211107 22:28:18.933" level="INFO" html="true">Getting file '&lt;a href="file:///home/m.calixta/Projeto sigsaúde/Files/elementos_aten.json"&gt;/home/m.calixta/Projeto sigsaúde/Files/elementos_aten.json&lt;/a&gt;'.</msg>
<msg timestamp="20211107 22:28:18.934" level="INFO">${file} = {
    "Data da listagem":"dataListagem",
    "Pesquisar":"button[class='btn btn-success']",
    "Atendimento":"a[class='atendimento btn-sigsaude btnCorAtendimento']",
    "Sim":"button[class='swal-but...</msg>
<status status="PASS" starttime="20211107 22:28:18.930" endtime="20211107 22:28:18.934"/>
</kw>
<kw name="Evaluate" library="BuiltIn">
<var>${super_var}</var>
<arg>json.loads($file)</arg>
<arg>json</arg>
<doc>Evaluates the given expression in Python and returns the result.</doc>
<msg timestamp="20211107 22:28:18.939" level="INFO">${super_var} = {'Data da listagem': 'dataListagem', 'Pesquisar': "button[class='btn btn-success']", 'Atendimento': "a[class='atendimento btn-sigsaude btnCorAtendimento']", 'Sim': "button[class='swal-button swal-butt...</msg>
<status status="PASS" starttime="20211107 22:28:18.936" endtime="20211107 22:28:18.940"/>
</kw>
<msg timestamp="20211107 22:28:18.942" level="INFO">${elementos_aten_json} = {'Data da listagem': 'dataListagem', 'Pesquisar': "button[class='btn btn-success']", 'Atendimento': "a[class='atendimento btn-sigsaude btnCorAtendimento']", 'Sim': "button[class='swal-button swal-butt...</msg>
<status status="PASS" starttime="20211107 22:28:18.927" endtime="20211107 22:28:18.942"/>
</kw>
<kw name="Click" library="Browser">
<arg>css=${elementos_aten_json["${botão}"]}</arg>
<tag>PageContent</tag>
<tag>Setter</tag>
<doc>Simulates mouse click on the element found by ``selector``.</doc>
<status status="PASS" starttime="20211107 22:28:18.943" endtime="20211107 22:28:19.040"/>
</kw>
<status status="PASS" starttime="20211107 22:28:18.923" endtime="20211107 22:28:19.041"/>
</kw>
<status status="PASS" starttime="20211107 22:28:18.920" endtime="20211107 22:28:19.041"/>
</kw>
<status status="PASS" starttime="20211107 22:28:18.916" endtime="20211107 22:28:19.041"/>
</kw>
<kw name="Então" library="bdd">
<arg>iniciar atendimento</arg>
<kw name="Run Keyword" library="BuiltIn">
<arg>@{Keywords}</arg>
<doc>Executes the given keyword with the given arguments.</doc>
<kw name="iniciar atendimento" library="keywords_atendimento">
<kw name="Get JSON" library="base">
<var>${elementos_aten_json}</var>
<arg>elementos_aten.json</arg>
<kw name="Get File" library="OperatingSystem">
<var>${file}</var>
<arg>${EXECDIR}/Files/${file_name}</arg>
<doc>Returns the contents of a specified file.</doc>
<msg timestamp="20211107 22:28:19.049" level="INFO" html="true">Getting file '&lt;a href="file:///home/m.calixta/Projeto sigsaúde/Files/elementos_aten.json"&gt;/home/m.calixta/Projeto sigsaúde/Files/elementos_aten.json&lt;/a&gt;'.</msg>
<msg timestamp="20211107 22:28:19.050" level="INFO">${file} = {
    "Data da listagem":"dataListagem",
    "Pesquisar":"button[class='btn btn-success']",
    "Atendimento":"a[class='atendimento btn-sigsaude btnCorAtendimento']",
    "Sim":"button[class='swal-but...</msg>
<status status="PASS" starttime="20211107 22:28:19.047" endtime="20211107 22:28:19.050"/>
</kw>
<kw name="Evaluate" library="BuiltIn">
<var>${super_var}</var>
<arg>json.loads($file)</arg>
<arg>json</arg>
<doc>Evaluates the given expression in Python and returns the result.</doc>
<msg timestamp="20211107 22:28:19.053" level="INFO">${super_var} = {'Data da listagem': 'dataListagem', 'Pesquisar': "button[class='btn btn-success']", 'Atendimento': "a[class='atendimento btn-sigsaude btnCorAtendimento']", 'Sim': "button[class='swal-button swal-butt...</msg>
<status status="PASS" starttime="20211107 22:28:19.051" endtime="20211107 22:28:19.053"/>
</kw>
<msg timestamp="20211107 22:28:19.055" level="INFO">${elementos_aten_json} = {'Data da listagem': 'dataListagem', 'Pesquisar': "button[class='btn btn-success']", 'Atendimento': "a[class='atendimento btn-sigsaude btnCorAtendimento']", 'Sim': "button[class='swal-button swal-butt...</msg>
<status status="PASS" starttime="20211107 22:28:19.046" endtime="20211107 22:28:19.055"/>
</kw>
<kw name="Click" library="Browser">
<arg>css=${elementos_aten_json["Atendimento"]}</arg>
<tag>PageContent</tag>
<tag>Setter</tag>
<doc>Simulates mouse click on the element found by ``selector``.</doc>
<msg timestamp="20211107 22:28:29.358" level="INFO" html="true">&lt;/td&gt;&lt;/tr&gt;&lt;tr&gt;&lt;td colspan="3"&gt;&lt;a href="001_-_Realizar_atendimento_%28Completo%29_FAILURE_SCREENSHOT_1.png"&gt;&lt;img src="001_-_Realizar_atendimento_%28Completo%29_FAILURE_SCREENSHOT_1.png" width="800px"&gt;&lt;/a&gt;</msg>
<msg timestamp="20211107 22:28:29.359" level="FAIL">TimeoutError: page.click: Timeout 10000ms exceeded.
=========================== logs ===========================
waiting for selector "css=a[class='atendimento btn-sigsaude btnCorAtendimento']"
============================================================</msg>
<status status="FAIL" starttime="20211107 22:28:19.056" endtime="20211107 22:28:29.359"/>
</kw>
<kw name="Wait For Elements State" library="Browser">
<arg>css=${elementos_aten_json["Tela de aviso"]}</arg>
<arg>visible</arg>
<arg>6s</arg>
<tag>PageContent</tag>
<tag>Wait</tag>
<doc>Waits for the element found by ``selector`` to satisfy state option.</doc>
<status status="NOT RUN" starttime="20211107 22:28:29.360" endtime="20211107 22:28:29.361"/>
</kw>
<for flavor="IN RANGE">
<var>${contador}</var>
<value>1</value>
<value>3</value>
<iter>
<var name="${contador}">${contador}</var>
<kw name="Click" library="Browser">
<arg>css=${elementos_aten_json["Sim"]}</arg>
<tag>PageContent</tag>
<tag>Setter</tag>
<doc>Simulates mouse click on the element found by ``selector``.</doc>
<status status="NOT RUN" starttime="20211107 22:28:29.362" endtime="20211107 22:28:29.362"/>
</kw>
<status status="NOT RUN" starttime="20211107 22:28:29.361" endtime="20211107 22:28:29.363"/>
</iter>
<status status="NOT RUN" starttime="20211107 22:28:29.361" endtime="20211107 22:28:29.363"/>
</for>
<status status="FAIL" starttime="20211107 22:28:19.044" endtime="20211107 22:28:29.364"/>
</kw>
<status status="FAIL" starttime="20211107 22:28:19.043" endtime="20211107 22:28:29.364"/>
</kw>
<status status="FAIL" starttime="20211107 22:28:19.042" endtime="20211107 22:28:29.365"/>
</kw>
<kw name="E" library="bdd">
<arg>informar dados socioeconômicos</arg>
<status status="NOT RUN" starttime="20211107 22:28:29.366" endtime="20211107 22:28:29.366"/>
</kw>
<kw name="E" library="bdd">
<arg>informar dados básicos de saúde</arg>
<status status="NOT RUN" starttime="20211107 22:28:29.368" endtime="20211107 22:28:29.368"/>
</kw>
<kw name="E" library="bdd">
<arg>informar dados de diagnóstico</arg>
<status status="NOT RUN" starttime="20211107 22:28:29.369" endtime="20211107 22:28:29.370"/>
</kw>
<kw name="E" library="bdd">
<arg>informar dados da conduta terapêutica</arg>
<status status="NOT RUN" starttime="20211107 22:28:29.371" endtime="20211107 22:28:29.372"/>
</kw>
<kw name="E" library="bdd">
<arg>informar dados da evolução</arg>
<status status="NOT RUN" starttime="20211107 22:28:29.373" endtime="20211107 22:28:29.373"/>
</kw>
<kw name="Sleep" library="BuiltIn">
<arg>10s</arg>
<doc>Pauses the test executed for the given time.</doc>
<status status="NOT RUN" starttime="20211107 22:28:29.375" endtime="20211107 22:28:29.375"/>
</kw>
<timeout value="10 minutes"/>
<status status="FAIL" starttime="20211107 22:28:15.882" endtime="20211107 22:28:29.376">TimeoutError: page.click: Timeout 10000ms exceeded.
=========================== logs ===========================
waiting for selector "css=a[class='atendimento btn-sigsaude btnCorAtendimento']"
============================================================</status>
</test>
<doc>Teste Agendamento</doc>
<status status="FAIL" starttime="20211107 22:28:08.378" endtime="20211107 22:28:29.394"/>
</suite>
<status status="FAIL" starttime="20211107 22:25:46.012" endtime="20211107 22:28:29.464"/>
</suite>
<statistics>
<total>
<stat pass="8" fail="9" skip="0">All Tests</stat>
</total>
<tag>
</tag>
<suite>
<stat pass="8" fail="9" skip="0" id="s1" name="Tests">Tests</stat>
<stat pass="1" fail="0" skip="0" id="s1-s1" name="1 -Login">Tests.1 -Login</stat>
<stat pass="1" fail="6" skip="0" id="s1-s2" name="2 - Usuario Servico">Tests.2 - Usuario Servico</stat>
<stat pass="6" fail="0" skip="0" id="s1-s3" name="3 - Cadastro Colaborador">Tests.3 - Cadastro Colaborador</stat>
<stat pass="0" fail="2" skip="0" id="s1-s4" name="4 - Agendamento">Tests.4 - Agendamento</stat>
<stat pass="0" fail="1" skip="0" id="s1-s5" name="5 - Atendimento endocrinologia">Tests.5 - Atendimento endocrinologia</stat>
</suite>
</statistics>
<errors>
</errors>
</robot>
