<?xml version="1.0" encoding="UTF-8"?>
<robot generator="Robot 4.0.3 (Python 3.8.10 on linux)" generated="20220307 15:43:11.336" rpa="false" schemaversion="2">
<suite id="s1" name="Caminho feliz" source="/home/m.calixta/RobotFramework-Sigsaude/Tests/Caminho feliz.robot">
<kw name="iniciar navegador sessão &quot;Endocrinologia&quot;" library="base" type="SETUP" sourcename="iniciar navegador sessão &quot;${login_usuario}&quot;">
<kw name="iniciar Navegador" library="base">
<kw name="Get JSON" library="base">
<var>${config_json}</var>
<arg>config.json</arg>
<kw name="Get File" library="OperatingSystem">
<var>${file}</var>
<arg>${EXECDIR}/Files/${file_name}</arg>
<doc>Returns the contents of a specified file.</doc>
<msg timestamp="20220307 15:43:12.497" level="INFO" html="true">Getting file '&lt;a href="file:///home/m.calixta/RobotFramework-Sigsaude/Files/config.json"&gt;/home/m.calixta/RobotFramework-Sigsaude/Files/config.json&lt;/a&gt;'.</msg>
<msg timestamp="20220307 15:43:12.498" level="INFO">${file} = {
    "base_url":"https://homologacaosigsaude.imd.ufrn.br/sigsaude",
    "navegador":"chromium"
}</msg>
<status status="PASS" starttime="20220307 15:43:12.496" endtime="20220307 15:43:12.498"/>
</kw>
<kw name="Evaluate" library="BuiltIn">
<var>${super_var}</var>
<arg>json.loads($file)</arg>
<arg>json</arg>
<doc>Evaluates the given expression in Python and returns the result.</doc>
<msg timestamp="20220307 15:43:12.511" level="INFO">${super_var} = {'base_url': 'https://homologacaosigsaude.imd.ufrn.br/sigsaude', 'navegador': 'chromium'}</msg>
<status status="PASS" starttime="20220307 15:43:12.498" endtime="20220307 15:43:12.511"/>
</kw>
<msg timestamp="20220307 15:43:12.511" level="INFO">${config_json} = {'base_url': 'https://homologacaosigsaude.imd.ufrn.br/sigsaude', 'navegador': 'chromium'}</msg>
<status status="PASS" starttime="20220307 15:43:12.495" endtime="20220307 15:43:12.512"/>
</kw>
<kw name="New Browser" library="Browser">
<arg>${config_json["navegador"]}</arg>
<arg>False</arg>
<tag>BrowserControl</tag>
<tag>Setter</tag>
<doc>Create a new playwright Browser with specified options.
See `Browser, Context and Page` for more information about Browser and related concepts.</doc>
<msg timestamp="20220307 15:43:12.515" level="INFO">{"browser": "chromium", "headless": false, "handleSIGINT": true, "handleSIGTERM": true, "handleSIGHUP": true, "timeout": 30000.0, "devtools": false, "slowMo": 0.0}</msg>
<msg timestamp="20220307 15:43:12.813" level="INFO">Successfully created browser with options: {"browser":"chromium","headless":false,"handleSIGINT":true,"handleSIGTERM":true,"handleSIGHUP":true,"timeout":30000,"devtools":false,"slowMo":0}</msg>
<status status="PASS" starttime="20220307 15:43:12.512" endtime="20220307 15:43:12.814"/>
</kw>
<status status="PASS" starttime="20220307 15:43:12.494" endtime="20220307 15:43:12.814"/>
</kw>
<kw name="Get JSON" library="base">
<var>${config_json}</var>
<arg>config.json</arg>
<kw name="Get File" library="OperatingSystem">
<var>${file}</var>
<arg>${EXECDIR}/Files/${file_name}</arg>
<doc>Returns the contents of a specified file.</doc>
<msg timestamp="20220307 15:43:12.817" level="INFO" html="true">Getting file '&lt;a href="file:///home/m.calixta/RobotFramework-Sigsaude/Files/config.json"&gt;/home/m.calixta/RobotFramework-Sigsaude/Files/config.json&lt;/a&gt;'.</msg>
<msg timestamp="20220307 15:43:12.817" level="INFO">${file} = {
    "base_url":"https://homologacaosigsaude.imd.ufrn.br/sigsaude",
    "navegador":"chromium"
}</msg>
<status status="PASS" starttime="20220307 15:43:12.816" endtime="20220307 15:43:12.818"/>
</kw>
<kw name="Evaluate" library="BuiltIn">
<var>${super_var}</var>
<arg>json.loads($file)</arg>
<arg>json</arg>
<doc>Evaluates the given expression in Python and returns the result.</doc>
<msg timestamp="20220307 15:43:12.819" level="INFO">${super_var} = {'base_url': 'https://homologacaosigsaude.imd.ufrn.br/sigsaude', 'navegador': 'chromium'}</msg>
<status status="PASS" starttime="20220307 15:43:12.818" endtime="20220307 15:43:12.819"/>
</kw>
<msg timestamp="20220307 15:43:12.820" level="INFO">${config_json} = {'base_url': 'https://homologacaosigsaude.imd.ufrn.br/sigsaude', 'navegador': 'chromium'}</msg>
<status status="PASS" starttime="20220307 15:43:12.815" endtime="20220307 15:43:12.820"/>
</kw>
<kw name="New Page" library="Browser">
<arg>${config_json["base_url"]}</arg>
<tag>BrowserControl</tag>
<tag>Setter</tag>
<doc>Open a new Page. A Page is the Playwright equivalent to a tab.
See `Browser, Context and Page` for more information about Page concept.
Returns a stable identifier for the created page.</doc>
<msg timestamp="20220307 15:43:16.656" level="INFO">Successfully initialized new page object and opened url: https://homologacaosigsaude.imd.ufrn.br/sigsaude</msg>
<msg timestamp="20220307 15:43:16.656" level="INFO">No context was open. New context was automatically opened when this page is created.</msg>
<status status="PASS" starttime="20220307 15:43:12.821" endtime="20220307 15:43:16.657"/>
</kw>
<kw name="Direcionamento da tela &quot;login&quot;" library="nav" sourcename="Direcionamento da tela &quot;${page}&quot;">
<kw name="Get JSON" library="base">
<var>${telas_json}</var>
<arg>telas.json</arg>
<kw name="Get File" library="OperatingSystem">
<var>${file}</var>
<arg>${EXECDIR}/Files/${file_name}</arg>
<doc>Returns the contents of a specified file.</doc>
<msg timestamp="20220307 15:43:16.663" level="INFO" html="true">Getting file '&lt;a href="file:///home/m.calixta/RobotFramework-Sigsaude/Files/telas.json"&gt;/home/m.calixta/RobotFramework-Sigsaude/Files/telas.json&lt;/a&gt;'.</msg>
<msg timestamp="20220307 15:43:16.663" level="INFO">${file} = {
    "login":"/login",
    "novo usuario de serviço":"/paciente/cadastro",
    "listar usuarios de serviço":"/paciente",
    "cadastro de colaborador":"/colaborador/form",
    "agendamento":"/agendam...</msg>
<status status="PASS" starttime="20220307 15:43:16.661" endtime="20220307 15:43:16.663"/>
</kw>
<kw name="Evaluate" library="BuiltIn">
<var>${super_var}</var>
<arg>json.loads($file)</arg>
<arg>json</arg>
<doc>Evaluates the given expression in Python and returns the result.</doc>
<msg timestamp="20220307 15:43:16.666" level="INFO">${super_var} = {'login': '/login', 'novo usuario de serviço': '/paciente/cadastro', 'listar usuarios de serviço': '/paciente', 'cadastro de colaborador': '/colaborador/form', 'agendamento': '/agendamento', 'listar c...</msg>
<status status="PASS" starttime="20220307 15:43:16.665" endtime="20220307 15:43:16.667"/>
</kw>
<msg timestamp="20220307 15:43:16.667" level="INFO">${telas_json} = {'login': '/login', 'novo usuario de serviço': '/paciente/cadastro', 'listar usuarios de serviço': '/paciente', 'cadastro de colaborador': '/colaborador/form', 'agendamento': '/agendamento', 'listar c...</msg>
<status status="PASS" starttime="20220307 15:43:16.660" endtime="20220307 15:43:16.667"/>
</kw>
<kw name="Get JSON" library="base">
<var>${config_json}</var>
<arg>config.json</arg>
<kw name="Get File" library="OperatingSystem">
<var>${file}</var>
<arg>${EXECDIR}/Files/${file_name}</arg>
<doc>Returns the contents of a specified file.</doc>
<msg timestamp="20220307 15:43:16.670" level="INFO" html="true">Getting file '&lt;a href="file:///home/m.calixta/RobotFramework-Sigsaude/Files/config.json"&gt;/home/m.calixta/RobotFramework-Sigsaude/Files/config.json&lt;/a&gt;'.</msg>
<msg timestamp="20220307 15:43:16.671" level="INFO">${file} = {
    "base_url":"https://homologacaosigsaude.imd.ufrn.br/sigsaude",
    "navegador":"chromium"
}</msg>
<status status="PASS" starttime="20220307 15:43:16.669" endtime="20220307 15:43:16.671"/>
</kw>
<kw name="Evaluate" library="BuiltIn">
<var>${super_var}</var>
<arg>json.loads($file)</arg>
<arg>json</arg>
<doc>Evaluates the given expression in Python and returns the result.</doc>
<msg timestamp="20220307 15:43:16.672" level="INFO">${super_var} = {'base_url': 'https://homologacaosigsaude.imd.ufrn.br/sigsaude', 'navegador': 'chromium'}</msg>
<status status="PASS" starttime="20220307 15:43:16.671" endtime="20220307 15:43:16.672"/>
</kw>
<msg timestamp="20220307 15:43:16.673" level="INFO">${config_json} = {'base_url': 'https://homologacaosigsaude.imd.ufrn.br/sigsaude', 'navegador': 'chromium'}</msg>
<status status="PASS" starttime="20220307 15:43:16.668" endtime="20220307 15:43:16.673"/>
</kw>
<kw name="Go To" library="Browser">
<arg>${config_json["base_url"]}${telas_json["${page}"]}</arg>
<tag>BrowserControl</tag>
<tag>Setter</tag>
<doc>Navigates to the given ``url``.</doc>
<msg timestamp="20220307 15:43:17.630" level="INFO">Succesfully opened URL https://homologacaosigsaude.imd.ufrn.br/sigsaude/login</msg>
<status status="PASS" starttime="20220307 15:43:16.674" endtime="20220307 15:43:17.631"/>
</kw>
<status status="PASS" starttime="20220307 15:43:16.658" endtime="20220307 15:43:17.631"/>
</kw>
<kw name="Get JSON" library="base">
<var>${login_json}</var>
<arg>login.json</arg>
<kw name="Get File" library="OperatingSystem">
<var>${file}</var>
<arg>${EXECDIR}/Files/${file_name}</arg>
<doc>Returns the contents of a specified file.</doc>
<msg timestamp="20220307 15:43:17.636" level="INFO" html="true">Getting file '&lt;a href="file:///home/m.calixta/RobotFramework-Sigsaude/Files/login.json"&gt;/home/m.calixta/RobotFramework-Sigsaude/Files/login.json&lt;/a&gt;'.</msg>
<msg timestamp="20220307 15:43:17.637" level="INFO">${file} = {

    "Psicologia":{
        "login": "drpsicologia",
        "senha": 85278120029
    },

    "Endocrinologia":{
        "login": "drendocrinologia",
        "senha": 98841863323
    }
}</msg>
<status status="PASS" starttime="20220307 15:43:17.635" endtime="20220307 15:43:17.637"/>
</kw>
<kw name="Evaluate" library="BuiltIn">
<var>${super_var}</var>
<arg>json.loads($file)</arg>
<arg>json</arg>
<doc>Evaluates the given expression in Python and returns the result.</doc>
<msg timestamp="20220307 15:43:17.640" level="INFO">${super_var} = {'Psicologia': {'login': 'drpsicologia', 'senha': 85278120029}, 'Endocrinologia': {'login': 'drendocrinologia', 'senha': 98841863323}}</msg>
<status status="PASS" starttime="20220307 15:43:17.638" endtime="20220307 15:43:17.640"/>
</kw>
<msg timestamp="20220307 15:43:17.640" level="INFO">${login_json} = {'Psicologia': {'login': 'drpsicologia', 'senha': 85278120029}, 'Endocrinologia': {'login': 'drendocrinologia', 'senha': 98841863323}}</msg>
<status status="PASS" starttime="20220307 15:43:17.633" endtime="20220307 15:43:17.640"/>
</kw>
<kw name="Fill Text" library="Browser">
<arg>id=login-username</arg>
<arg>${login_json["${login_usuario}"]["login"]}</arg>
<tag>PageContent</tag>
<tag>Setter</tag>
<doc>Clears and fills the given ``text`` into the text field found by ``selector``.</doc>
<msg timestamp="20220307 15:43:17.644" level="INFO">Fills the text 'drendocrinologia' in the given field.</msg>
<status status="PASS" starttime="20220307 15:43:17.641" endtime="20220307 15:43:17.678"/>
</kw>
<kw name="Fill Text" library="Browser">
<arg>id=login-password</arg>
<arg>${login_json["${login_usuario}"]["senha"]}</arg>
<tag>PageContent</tag>
<tag>Setter</tag>
<doc>Clears and fills the given ``text`` into the text field found by ``selector``.</doc>
<msg timestamp="20220307 15:43:17.681" level="INFO">Fills the text '98841863323' in the given field.</msg>
<status status="PASS" starttime="20220307 15:43:17.679" endtime="20220307 15:43:17.697"/>
</kw>
<kw name="Click" library="Browser">
<arg>css=[value='Entrar']</arg>
<tag>PageContent</tag>
<tag>Setter</tag>
<doc>Simulates mouse click on the element found by ``selector``.</doc>
<status status="PASS" starttime="20220307 15:43:17.698" endtime="20220307 15:43:18.400"/>
</kw>
<status status="PASS" starttime="20220307 15:43:12.492" endtime="20220307 15:43:18.402"/>
</kw>
<test id="s1-t1" name="[010] - Realizar agendamento (Completo)">
<kw name="Dado" library="bdd">
<arg>que o usuario está na tela "agendamento"</arg>
<kw name="Run Keyword" library="BuiltIn">
<arg>@{Keywords}</arg>
<doc>Executes the given keyword with the given arguments.</doc>
<kw name="que o usuario está na tela &quot;agendamento&quot;" library="nav" sourcename="que o usuario está na tela &quot;${tela}&quot;">
<kw name="Direcionamento da tela &quot;${tela}&quot;" library="nav" sourcename="Direcionamento da tela &quot;${page}&quot;">
<kw name="Get JSON" library="base">
<var>${telas_json}</var>
<arg>telas.json</arg>
<kw name="Get File" library="OperatingSystem">
<var>${file}</var>
<arg>${EXECDIR}/Files/${file_name}</arg>
<doc>Returns the contents of a specified file.</doc>
<msg timestamp="20220307 15:43:18.431" level="INFO" html="true">Getting file '&lt;a href="file:///home/m.calixta/RobotFramework-Sigsaude/Files/telas.json"&gt;/home/m.calixta/RobotFramework-Sigsaude/Files/telas.json&lt;/a&gt;'.</msg>
<msg timestamp="20220307 15:43:18.432" level="INFO">${file} = {
    "login":"/login",
    "novo usuario de serviço":"/paciente/cadastro",
    "listar usuarios de serviço":"/paciente",
    "cadastro de colaborador":"/colaborador/form",
    "agendamento":"/agendam...</msg>
<status status="PASS" starttime="20220307 15:43:18.430" endtime="20220307 15:43:18.432"/>
</kw>
<kw name="Evaluate" library="BuiltIn">
<var>${super_var}</var>
<arg>json.loads($file)</arg>
<arg>json</arg>
<doc>Evaluates the given expression in Python and returns the result.</doc>
<msg timestamp="20220307 15:43:18.435" level="INFO">${super_var} = {'login': '/login', 'novo usuario de serviço': '/paciente/cadastro', 'listar usuarios de serviço': '/paciente', 'cadastro de colaborador': '/colaborador/form', 'agendamento': '/agendamento', 'listar c...</msg>
<status status="PASS" starttime="20220307 15:43:18.433" endtime="20220307 15:43:18.435"/>
</kw>
<msg timestamp="20220307 15:43:18.436" level="INFO">${telas_json} = {'login': '/login', 'novo usuario de serviço': '/paciente/cadastro', 'listar usuarios de serviço': '/paciente', 'cadastro de colaborador': '/colaborador/form', 'agendamento': '/agendamento', 'listar c...</msg>
<status status="PASS" starttime="20220307 15:43:18.428" endtime="20220307 15:43:18.436"/>
</kw>
<kw name="Get JSON" library="base">
<var>${config_json}</var>
<arg>config.json</arg>
<kw name="Get File" library="OperatingSystem">
<var>${file}</var>
<arg>${EXECDIR}/Files/${file_name}</arg>
<doc>Returns the contents of a specified file.</doc>
<msg timestamp="20220307 15:43:18.439" level="INFO" html="true">Getting file '&lt;a href="file:///home/m.calixta/RobotFramework-Sigsaude/Files/config.json"&gt;/home/m.calixta/RobotFramework-Sigsaude/Files/config.json&lt;/a&gt;'.</msg>
<msg timestamp="20220307 15:43:18.440" level="INFO">${file} = {
    "base_url":"https://homologacaosigsaude.imd.ufrn.br/sigsaude",
    "navegador":"chromium"
}</msg>
<status status="PASS" starttime="20220307 15:43:18.438" endtime="20220307 15:43:18.440"/>
</kw>
<kw name="Evaluate" library="BuiltIn">
<var>${super_var}</var>
<arg>json.loads($file)</arg>
<arg>json</arg>
<doc>Evaluates the given expression in Python and returns the result.</doc>
<msg timestamp="20220307 15:43:18.442" level="INFO">${super_var} = {'base_url': 'https://homologacaosigsaude.imd.ufrn.br/sigsaude', 'navegador': 'chromium'}</msg>
<status status="PASS" starttime="20220307 15:43:18.441" endtime="20220307 15:43:18.442"/>
</kw>
<msg timestamp="20220307 15:43:18.443" level="INFO">${config_json} = {'base_url': 'https://homologacaosigsaude.imd.ufrn.br/sigsaude', 'navegador': 'chromium'}</msg>
<status status="PASS" starttime="20220307 15:43:18.437" endtime="20220307 15:43:18.443"/>
</kw>
<kw name="Go To" library="Browser">
<arg>${config_json["base_url"]}${telas_json["${page}"]}</arg>
<tag>BrowserControl</tag>
<tag>Setter</tag>
<doc>Navigates to the given ``url``.</doc>
<msg timestamp="20220307 15:43:21.068" level="INFO">Succesfully opened URL https://homologacaosigsaude.imd.ufrn.br/sigsaude/agendamento</msg>
<status status="PASS" starttime="20220307 15:43:18.444" endtime="20220307 15:43:21.068"/>
</kw>
<status status="PASS" starttime="20220307 15:43:18.426" endtime="20220307 15:43:21.069"/>
</kw>
<status status="PASS" starttime="20220307 15:43:18.425" endtime="20220307 15:43:21.070"/>
</kw>
<status status="PASS" starttime="20220307 15:43:18.423" endtime="20220307 15:43:21.070"/>
</kw>
<status status="PASS" starttime="20220307 15:43:18.420" endtime="20220307 15:43:21.070"/>
</kw>
<kw name="E" library="bdd">
<arg>informar modalidade para o filtro ${Valor_campos_agendamento.filtro_modalidade}</arg>
<kw name="Run Keyword" library="BuiltIn">
<arg>@{Keywords}</arg>
<doc>Executes the given keyword with the given arguments.</doc>
<kw name="informar modalidade para o filtro Nutrição" library="Page_agendamento" sourcename="informar modalidade para o filtro ${VALOR}">
<kw name="Click" library="Browser">
<arg>xpath=${Buttons_agendamento.filtro_busca}</arg>
<tag>PageContent</tag>
<tag>Setter</tag>
<doc>Simulates mouse click on the element found by ``selector``.</doc>
<status status="PASS" starttime="20220307 15:43:21.084" endtime="20220307 15:43:23.103"/>
</kw>
<kw name="Click" library="Browser">
<arg>xpath=${Buttons_agendamento.filtro_modalidade}</arg>
<tag>PageContent</tag>
<tag>Setter</tag>
<doc>Simulates mouse click on the element found by ``selector``.</doc>
<status status="PASS" starttime="20220307 15:43:23.104" endtime="20220307 15:43:23.642"/>
</kw>
<kw name="Click" library="Browser">
<arg>xpath=${Buttons_agendamento.deselecionar_todas}</arg>
<tag>PageContent</tag>
<tag>Setter</tag>
<doc>Simulates mouse click on the element found by ``selector``.</doc>
<status status="PASS" starttime="20220307 15:43:23.643" endtime="20220307 15:43:23.869"/>
</kw>
<kw name="Fill Text" library="Browser">
<arg>xpath=${Campos_agendamento.filtro_modalidade_inseir}</arg>
<arg>${VALOR}</arg>
<tag>PageContent</tag>
<tag>Setter</tag>
<doc>Clears and fills the given ``text`` into the text field found by ``selector``.</doc>
<msg timestamp="20220307 15:43:23.873" level="INFO">Fills the text 'Nutrição' in the given field.</msg>
<status status="PASS" starttime="20220307 15:43:23.870" endtime="20220307 15:43:23.896"/>
</kw>
<kw name="Click" library="Browser">
<arg>id=${Buttons_agendamento.selecionar_modalidade}</arg>
<tag>PageContent</tag>
<tag>Setter</tag>
<doc>Simulates mouse click on the element found by ``selector``.</doc>
<status status="PASS" starttime="20220307 15:43:23.897" endtime="20220307 15:43:24.022"/>
</kw>
<kw name="Click" library="Browser">
<arg>xpath=${Buttons_agendamento.aplicar_filtro}</arg>
<tag>PageContent</tag>
<tag>Setter</tag>
<doc>Simulates mouse click on the element found by ``selector``.</doc>
<status status="PASS" starttime="20220307 15:43:24.022" endtime="20220307 15:43:24.244"/>
</kw>
<status status="PASS" starttime="20220307 15:43:21.081" endtime="20220307 15:43:24.245"/>
</kw>
<status status="PASS" starttime="20220307 15:43:21.079" endtime="20220307 15:43:24.246"/>
</kw>
<status status="PASS" starttime="20220307 15:43:21.072" endtime="20220307 15:43:24.246"/>
</kw>
<kw name="E" library="bdd">
<arg>filtrar ${Filtro_agendamentos.disponiveis}</arg>
<kw name="Run Keyword" library="BuiltIn">
<arg>@{Keywords}</arg>
<doc>Executes the given keyword with the given arguments.</doc>
<kw name="filtrar DISPONIVEIS" library="Page_agendamento" sourcename="filtrar ${VALOR}">
<if>
<branch type="IF" condition="&quot;${VALOR}&quot; == &quot;${Filtro_agendamentos.disponiveis}&quot;">
<for flavor="IN RANGE">
<var>${contador}</var>
<value>1</value>
<value>6</value>
<iter>
<var name="${contador}">1</var>
<kw name="Click" library="Browser">
<arg>xpath=${Filtro_agendamentos.identificador}span[${contador}]</arg>
<tag>PageContent</tag>
<tag>Setter</tag>
<doc>Simulates mouse click on the element found by ``selector``.</doc>
<status status="PASS" starttime="20220307 15:43:24.265" endtime="20220307 15:43:25.107"/>
</kw>
<status status="PASS" starttime="20220307 15:43:24.264" endtime="20220307 15:43:25.107"/>
</iter>
<iter>
<var name="${contador}">2</var>
<kw name="Click" library="Browser">
<arg>xpath=${Filtro_agendamentos.identificador}span[${contador}]</arg>
<tag>PageContent</tag>
<tag>Setter</tag>
<doc>Simulates mouse click on the element found by ``selector``.</doc>
<status status="PASS" starttime="20220307 15:43:25.109" endtime="20220307 15:43:25.324"/>
</kw>
<status status="PASS" starttime="20220307 15:43:25.108" endtime="20220307 15:43:25.324"/>
</iter>
<iter>
<var name="${contador}">3</var>
<kw name="Click" library="Browser">
<arg>xpath=${Filtro_agendamentos.identificador}span[${contador}]</arg>
<tag>PageContent</tag>
<tag>Setter</tag>
<doc>Simulates mouse click on the element found by ``selector``.</doc>
<status status="PASS" starttime="20220307 15:43:25.325" endtime="20220307 15:43:25.534"/>
</kw>
<status status="PASS" starttime="20220307 15:43:25.324" endtime="20220307 15:43:25.534"/>
</iter>
<iter>
<var name="${contador}">4</var>
<kw name="Click" library="Browser">
<arg>xpath=${Filtro_agendamentos.identificador}span[${contador}]</arg>
<tag>PageContent</tag>
<tag>Setter</tag>
<doc>Simulates mouse click on the element found by ``selector``.</doc>
<status status="PASS" starttime="20220307 15:43:25.535" endtime="20220307 15:43:25.729"/>
</kw>
<status status="PASS" starttime="20220307 15:43:25.534" endtime="20220307 15:43:25.729"/>
</iter>
<iter>
<var name="${contador}">5</var>
<kw name="Click" library="Browser">
<arg>xpath=${Filtro_agendamentos.identificador}span[${contador}]</arg>
<tag>PageContent</tag>
<tag>Setter</tag>
<doc>Simulates mouse click on the element found by ``selector``.</doc>
<status status="PASS" starttime="20220307 15:43:25.730" endtime="20220307 15:43:25.935"/>
</kw>
<status status="PASS" starttime="20220307 15:43:25.729" endtime="20220307 15:43:25.935"/>
</iter>
<status status="PASS" starttime="20220307 15:43:24.263" endtime="20220307 15:43:25.936"/>
</for>
<status status="PASS" starttime="20220307 15:43:24.262" endtime="20220307 15:43:25.936"/>
</branch>
<branch type="ELSE IF" condition="&quot;${VALOR}&quot; == &quot;${Filtro_agendamentos.agendados}&quot;">
<for flavor="IN RANGE">
<var>${contador}</var>
<value>2</value>
<value>6</value>
<iter>
<var name="${contador}">${contador}</var>
<kw name="Click" library="Browser">
<arg>xpath==${Filtro_agendamentos.identificador}span[${contador}]</arg>
<tag>PageContent</tag>
<tag>Setter</tag>
<doc>Simulates mouse click on the element found by ``selector``.</doc>
<status status="NOT RUN" starttime="20220307 15:43:25.938" endtime="20220307 15:43:25.938"/>
</kw>
<status status="NOT RUN" starttime="20220307 15:43:25.937" endtime="20220307 15:43:25.939"/>
</iter>
<status status="NOT RUN" starttime="20220307 15:43:25.936" endtime="20220307 15:43:25.939"/>
</for>
<status status="NOT RUN" starttime="20220307 15:43:25.936" endtime="20220307 15:43:25.939"/>
</branch>
<status status="PASS" starttime="20220307 15:43:24.258" endtime="20220307 15:43:25.939"/>
</if>
<status status="PASS" starttime="20220307 15:43:24.256" endtime="20220307 15:43:25.940"/>
</kw>
<status status="PASS" starttime="20220307 15:43:24.254" endtime="20220307 15:43:25.940"/>
</kw>
<status status="PASS" starttime="20220307 15:43:24.248" endtime="20220307 15:43:25.941"/>
</kw>
<kw name="E" library="bdd">
<arg>realizar agendamento</arg>
<kw name="Run Keyword" library="BuiltIn">
<arg>@{Keywords}</arg>
<doc>Executes the given keyword with the given arguments.</doc>
<kw name="realizar agendamento" library="Page_agendamento">
<for flavor="IN RANGE">
<var>${i}</var>
<value>9999999</value>
<iter>
<var name="${i}">0</var>
<kw name="Get Text" library="Browser">
<var>${mes_agendamento}</var>
<arg>id=${Agendamento.mes_do_agendamento}</arg>
<tag>Assertion</tag>
<tag>Getter</tag>
<tag>PageContent</tag>
<doc>Returns text attribute of the element found by ``selector``.
See the `Finding elements` section for details about the selectors.</doc>
<msg timestamp="20220307 15:43:26.178" level="INFO">${mes_agendamento} = Março de 2022</msg>
<status status="PASS" starttime="20220307 15:43:26.147" endtime="20220307 15:43:26.178"/>
</kw>
<kw name="Split String" library="String">
<var>@{lista_mes_agendamento}</var>
<arg>${mes_agendamento}</arg>
<doc>Splits the ``string`` using ``separator`` as a delimiter string.</doc>
<msg timestamp="20220307 15:43:26.180" level="INFO">@{lista_mes_agendamento} = [ Março | de | 2022 ]</msg>
<status status="PASS" starttime="20220307 15:43:26.179" endtime="20220307 15:43:26.180"/>
</kw>
<kw name="Retirar Zero Esquerda" library="verificacoes">
<var>${mes_aux}</var>
<arg>${Valor_campos_agendamento.mes}</arg>
<msg timestamp="20220307 15:43:26.184" level="INFO">${mes_aux} = 5</msg>
<status status="PASS" starttime="20220307 15:43:26.180" endtime="20220307 15:43:26.184"/>
</kw>
<kw name="Mês Convertion" library="Page_agendamento_functions">
<var>${mes_aux2}</var>
<arg>${mes_aux}</arg>
<if>
<branch type="IF" condition="'${mes}' == '1'">
<kw name="Set Variable" library="BuiltIn">
<var>${mes}</var>
<arg>Janeiro</arg>
<doc>Returns the given values which can then be assigned to a variables.</doc>
<status status="NOT RUN" starttime="20220307 15:43:26.187" endtime="20220307 15:43:26.187"/>
</kw>
<status status="NOT RUN" starttime="20220307 15:43:26.186" endtime="20220307 15:43:26.187"/>
</branch>
<branch type="ELSE IF" condition="'${mes}' == '2'">
<kw name="Set Variable" library="BuiltIn">
<var>${mes}</var>
<arg>Fevereiro</arg>
<doc>Returns the given values which can then be assigned to a variables.</doc>
<status status="NOT RUN" starttime="20220307 15:43:26.188" endtime="20220307 15:43:26.188"/>
</kw>
<status status="NOT RUN" starttime="20220307 15:43:26.187" endtime="20220307 15:43:26.188"/>
</branch>
<branch type="ELSE IF" condition="'${mes}' == '3'">
<kw name="mes Variable">
<var>${mes}</var>
<arg>Março</arg>
<status status="NOT RUN" starttime="20220307 15:43:26.278" endtime="20220307 15:43:26.278"/>
</kw>
<status status="NOT RUN" starttime="20220307 15:43:26.188" endtime="20220307 15:43:26.279"/>
</branch>
<branch type="ELSE IF" condition="'${mes}' == '4'">
<kw name="Set Variable" library="BuiltIn">
<var>${mes}</var>
<arg>Abril</arg>
<doc>Returns the given values which can then be assigned to a variables.</doc>
<status status="NOT RUN" starttime="20220307 15:43:26.280" endtime="20220307 15:43:26.280"/>
</kw>
<status status="NOT RUN" starttime="20220307 15:43:26.279" endtime="20220307 15:43:26.280"/>
</branch>
<branch type="ELSE IF" condition="'${mes}' == '5'">
<kw name="Set Variable" library="BuiltIn">
<var>${mes}</var>
<arg>Maio</arg>
<doc>Returns the given values which can then be assigned to a variables.</doc>
<msg timestamp="20220307 15:43:26.281" level="INFO">${mes} = Maio</msg>
<status status="PASS" starttime="20220307 15:43:26.281" endtime="20220307 15:43:26.281"/>
</kw>
<status status="PASS" starttime="20220307 15:43:26.280" endtime="20220307 15:43:26.282"/>
</branch>
<branch type="ELSE IF" condition="'${mes}' == '6'">
<kw name="Set Variable" library="BuiltIn">
<var>${mes}</var>
<arg>Junho</arg>
<doc>Returns the given values which can then be assigned to a variables.</doc>
<status status="NOT RUN" starttime="20220307 15:43:26.282" endtime="20220307 15:43:26.283"/>
</kw>
<status status="NOT RUN" starttime="20220307 15:43:26.282" endtime="20220307 15:43:26.283"/>
</branch>
<branch type="ELSE IF" condition="'${mes}' == '7'">
<kw name="Set Variable" library="BuiltIn">
<var>${mes}</var>
<arg>Julho</arg>
<doc>Returns the given values which can then be assigned to a variables.</doc>
<status status="NOT RUN" starttime="20220307 15:43:26.283" endtime="20220307 15:43:26.283"/>
</kw>
<status status="NOT RUN" starttime="20220307 15:43:26.283" endtime="20220307 15:43:26.284"/>
</branch>
<branch type="ELSE IF" condition="'${mes}'== '8'">
<kw name="mes Variable">
<var>${mes}</var>
<arg>Agosto</arg>
<status status="NOT RUN" starttime="20220307 15:43:26.309" endtime="20220307 15:43:26.309"/>
</kw>
<status status="NOT RUN" starttime="20220307 15:43:26.284" endtime="20220307 15:43:26.309"/>
</branch>
<branch type="ELSE IF" condition="'${mes}' == '9'">
<kw name="Set Variable" library="BuiltIn">
<var>${mes}</var>
<arg>Setembro</arg>
<doc>Returns the given values which can then be assigned to a variables.</doc>
<status status="NOT RUN" starttime="20220307 15:43:26.310" endtime="20220307 15:43:26.310"/>
</kw>
<status status="NOT RUN" starttime="20220307 15:43:26.309" endtime="20220307 15:43:26.310"/>
</branch>
<branch type="ELSE IF" condition="'${mes}' == '10'">
<kw name="Set Variable" library="BuiltIn">
<var>${mes}</var>
<arg>Outubro</arg>
<doc>Returns the given values which can then be assigned to a variables.</doc>
<status status="NOT RUN" starttime="20220307 15:43:26.311" endtime="20220307 15:43:26.311"/>
</kw>
<status status="NOT RUN" starttime="20220307 15:43:26.310" endtime="20220307 15:43:26.311"/>
</branch>
<branch type="ELSE IF" condition="'${mes}' == '11'">
<kw name="Set Variable" library="BuiltIn">
<var>${mes}</var>
<arg>Novembro</arg>
<doc>Returns the given values which can then be assigned to a variables.</doc>
<status status="NOT RUN" starttime="20220307 15:43:26.312" endtime="20220307 15:43:26.312"/>
</kw>
<status status="NOT RUN" starttime="20220307 15:43:26.311" endtime="20220307 15:43:26.312"/>
</branch>
<branch type="ELSE IF" condition="'${mes}' == '12'">
<kw name="Set Variable" library="BuiltIn">
<var>${mes}</var>
<arg>Dezembro</arg>
<doc>Returns the given values which can then be assigned to a variables.</doc>
<status status="NOT RUN" starttime="20220307 15:43:26.312" endtime="20220307 15:43:26.313"/>
</kw>
<status status="NOT RUN" starttime="20220307 15:43:26.312" endtime="20220307 15:43:26.313"/>
</branch>
<status status="PASS" starttime="20220307 15:43:26.186" endtime="20220307 15:43:26.313"/>
</if>
<msg timestamp="20220307 15:43:26.313" level="INFO">${mes_aux2} = Maio</msg>
<status status="PASS" starttime="20220307 15:43:26.184" endtime="20220307 15:43:26.314"/>
</kw>
<kw name="Exit For Loop If" library="BuiltIn">
<arg>'${lista_mes_agendamento[0]}' == '${mes_aux2}' and '${lista_mes_agendamento[2]}' == '${Valor_campos_agendamento.ano}'</arg>
<doc>Stops executing the enclosing for loop if the ``condition`` is true.</doc>
<status status="PASS" starttime="20220307 15:43:26.314" endtime="20220307 15:43:26.324"/>
</kw>
<kw name="Get Current Date" library="DateTime">
<var>${mes_ver}</var>
<arg>result_format=%m</arg>
<doc>Returns current local or UTC time with an optional increment.</doc>
<msg timestamp="20220307 15:43:26.325" level="INFO">${mes_ver} = 03</msg>
<status status="PASS" starttime="20220307 15:43:26.325" endtime="20220307 15:43:26.326"/>
</kw>
<kw name="Retirar Zero Esquerda" library="verificacoes">
<var>${mes_ver}</var>
<arg>${mes_ver}</arg>
<msg timestamp="20220307 15:43:26.327" level="INFO">${mes_ver} = 3</msg>
<status status="PASS" starttime="20220307 15:43:26.326" endtime="20220307 15:43:26.327"/>
</kw>
<kw name="Retirar Zero Esquerda" library="verificacoes">
<var>${mes_ver2}</var>
<arg>${Valor_campos_agendamento.mes}</arg>
<msg timestamp="20220307 15:43:26.330" level="INFO">${mes_ver2} = 5</msg>
<status status="PASS" starttime="20220307 15:43:26.327" endtime="20220307 15:43:26.330"/>
</kw>
<if>
<branch type="IF" condition="${mes_ver2} &gt; ${mes_ver}">
<kw name="Click" library="Browser">
<arg>id=${Agendamento.avancar}</arg>
<tag>PageContent</tag>
<tag>Setter</tag>
<doc>Simulates mouse click on the element found by ``selector``.</doc>
<status status="PASS" starttime="20220307 15:43:26.331" endtime="20220307 15:43:26.455"/>
</kw>
<status status="PASS" starttime="20220307 15:43:26.331" endtime="20220307 15:43:26.455"/>
</branch>
<branch type="ELSE IF" condition="${mes_ver2} &lt; ${mes_ver}">
<kw name="Click" library="Browser">
<arg>id=${Agendamento.voltar}</arg>
<tag>PageContent</tag>
<tag>Setter</tag>
<doc>Simulates mouse click on the element found by ``selector``.</doc>
<status status="NOT RUN" starttime="20220307 15:43:26.456" endtime="20220307 15:43:26.456"/>
</kw>
<status status="NOT RUN" starttime="20220307 15:43:26.455" endtime="20220307 15:43:26.456"/>
</branch>
<status status="PASS" starttime="20220307 15:43:26.330" endtime="20220307 15:43:26.457"/>
</if>
<status status="PASS" starttime="20220307 15:43:26.147" endtime="20220307 15:43:26.457"/>
</iter>
<iter>
<var name="${i}">1</var>
<kw name="Get Text" library="Browser">
<var>${mes_agendamento}</var>
<arg>id=${Agendamento.mes_do_agendamento}</arg>
<tag>Assertion</tag>
<tag>Getter</tag>
<tag>PageContent</tag>
<doc>Returns text attribute of the element found by ``selector``.
See the `Finding elements` section for details about the selectors.</doc>
<msg timestamp="20220307 15:43:26.479" level="INFO">${mes_agendamento} = Abril de 2022</msg>
<status status="PASS" starttime="20220307 15:43:26.458" endtime="20220307 15:43:26.480"/>
</kw>
<kw name="Split String" library="String">
<var>@{lista_mes_agendamento}</var>
<arg>${mes_agendamento}</arg>
<doc>Splits the ``string`` using ``separator`` as a delimiter string.</doc>
<msg timestamp="20220307 15:43:26.482" level="INFO">@{lista_mes_agendamento} = [ Abril | de | 2022 ]</msg>
<status status="PASS" starttime="20220307 15:43:26.481" endtime="20220307 15:43:26.483"/>
</kw>
<kw name="Retirar Zero Esquerda" library="verificacoes">
<var>${mes_aux}</var>
<arg>${Valor_campos_agendamento.mes}</arg>
<msg timestamp="20220307 15:43:26.488" level="INFO">${mes_aux} = 5</msg>
<status status="PASS" starttime="20220307 15:43:26.484" endtime="20220307 15:43:26.488"/>
</kw>
<kw name="Mês Convertion" library="Page_agendamento_functions">
<var>${mes_aux2}</var>
<arg>${mes_aux}</arg>
<if>
<branch type="IF" condition="'${mes}' == '1'">
<kw name="Set Variable" library="BuiltIn">
<var>${mes}</var>
<arg>Janeiro</arg>
<doc>Returns the given values which can then be assigned to a variables.</doc>
<status status="NOT RUN" starttime="20220307 15:43:26.491" endtime="20220307 15:43:26.491"/>
</kw>
<status status="NOT RUN" starttime="20220307 15:43:26.490" endtime="20220307 15:43:26.491"/>
</branch>
<branch type="ELSE IF" condition="'${mes}' == '2'">
<kw name="Set Variable" library="BuiltIn">
<var>${mes}</var>
<arg>Fevereiro</arg>
<doc>Returns the given values which can then be assigned to a variables.</doc>
<status status="NOT RUN" starttime="20220307 15:43:26.492" endtime="20220307 15:43:26.492"/>
</kw>
<status status="NOT RUN" starttime="20220307 15:43:26.491" endtime="20220307 15:43:26.492"/>
</branch>
<branch type="ELSE IF" condition="'${mes}' == '3'">
<kw name="mes Variable">
<var>${mes}</var>
<arg>Março</arg>
<status status="NOT RUN" starttime="20220307 15:43:26.520" endtime="20220307 15:43:26.520"/>
</kw>
<status status="NOT RUN" starttime="20220307 15:43:26.492" endtime="20220307 15:43:26.521"/>
</branch>
<branch type="ELSE IF" condition="'${mes}' == '4'">
<kw name="Set Variable" library="BuiltIn">
<var>${mes}</var>
<arg>Abril</arg>
<doc>Returns the given values which can then be assigned to a variables.</doc>
<status status="NOT RUN" starttime="20220307 15:43:26.522" endtime="20220307 15:43:26.522"/>
</kw>
<status status="NOT RUN" starttime="20220307 15:43:26.521" endtime="20220307 15:43:26.522"/>
</branch>
<branch type="ELSE IF" condition="'${mes}' == '5'">
<kw name="Set Variable" library="BuiltIn">
<var>${mes}</var>
<arg>Maio</arg>
<doc>Returns the given values which can then be assigned to a variables.</doc>
<msg timestamp="20220307 15:43:26.523" level="INFO">${mes} = Maio</msg>
<status status="PASS" starttime="20220307 15:43:26.523" endtime="20220307 15:43:26.523"/>
</kw>
<status status="PASS" starttime="20220307 15:43:26.522" endtime="20220307 15:43:26.524"/>
</branch>
<branch type="ELSE IF" condition="'${mes}' == '6'">
<kw name="Set Variable" library="BuiltIn">
<var>${mes}</var>
<arg>Junho</arg>
<doc>Returns the given values which can then be assigned to a variables.</doc>
<status status="NOT RUN" starttime="20220307 15:43:26.524" endtime="20220307 15:43:26.524"/>
</kw>
<status status="NOT RUN" starttime="20220307 15:43:26.524" endtime="20220307 15:43:26.525"/>
</branch>
<branch type="ELSE IF" condition="'${mes}' == '7'">
<kw name="Set Variable" library="BuiltIn">
<var>${mes}</var>
<arg>Julho</arg>
<doc>Returns the given values which can then be assigned to a variables.</doc>
<status status="NOT RUN" starttime="20220307 15:43:26.525" endtime="20220307 15:43:26.525"/>
</kw>
<status status="NOT RUN" starttime="20220307 15:43:26.525" endtime="20220307 15:43:26.525"/>
</branch>
<branch type="ELSE IF" condition="'${mes}'== '8'">
<kw name="mes Variable">
<var>${mes}</var>
<arg>Agosto</arg>
<status status="NOT RUN" starttime="20220307 15:43:26.620" endtime="20220307 15:43:26.620"/>
</kw>
<status status="NOT RUN" starttime="20220307 15:43:26.526" endtime="20220307 15:43:26.620"/>
</branch>
<branch type="ELSE IF" condition="'${mes}' == '9'">
<kw name="Set Variable" library="BuiltIn">
<var>${mes}</var>
<arg>Setembro</arg>
<doc>Returns the given values which can then be assigned to a variables.</doc>
<status status="NOT RUN" starttime="20220307 15:43:26.621" endtime="20220307 15:43:26.621"/>
</kw>
<status status="NOT RUN" starttime="20220307 15:43:26.620" endtime="20220307 15:43:26.621"/>
</branch>
<branch type="ELSE IF" condition="'${mes}' == '10'">
<kw name="Set Variable" library="BuiltIn">
<var>${mes}</var>
<arg>Outubro</arg>
<doc>Returns the given values which can then be assigned to a variables.</doc>
<status status="NOT RUN" starttime="20220307 15:43:26.622" endtime="20220307 15:43:26.622"/>
</kw>
<status status="NOT RUN" starttime="20220307 15:43:26.621" endtime="20220307 15:43:26.622"/>
</branch>
<branch type="ELSE IF" condition="'${mes}' == '11'">
<kw name="Set Variable" library="BuiltIn">
<var>${mes}</var>
<arg>Novembro</arg>
<doc>Returns the given values which can then be assigned to a variables.</doc>
<status status="NOT RUN" starttime="20220307 15:43:26.623" endtime="20220307 15:43:26.623"/>
</kw>
<status status="NOT RUN" starttime="20220307 15:43:26.622" endtime="20220307 15:43:26.623"/>
</branch>
<branch type="ELSE IF" condition="'${mes}' == '12'">
<kw name="Set Variable" library="BuiltIn">
<var>${mes}</var>
<arg>Dezembro</arg>
<doc>Returns the given values which can then be assigned to a variables.</doc>
<status status="NOT RUN" starttime="20220307 15:43:26.624" endtime="20220307 15:43:26.624"/>
</kw>
<status status="NOT RUN" starttime="20220307 15:43:26.623" endtime="20220307 15:43:26.624"/>
</branch>
<status status="PASS" starttime="20220307 15:43:26.490" endtime="20220307 15:43:26.624"/>
</if>
<msg timestamp="20220307 15:43:26.625" level="INFO">${mes_aux2} = Maio</msg>
<status status="PASS" starttime="20220307 15:43:26.489" endtime="20220307 15:43:26.625"/>
</kw>
<kw name="Exit For Loop If" library="BuiltIn">
<arg>'${lista_mes_agendamento[0]}' == '${mes_aux2}' and '${lista_mes_agendamento[2]}' == '${Valor_campos_agendamento.ano}'</arg>
<doc>Stops executing the enclosing for loop if the ``condition`` is true.</doc>
<status status="PASS" starttime="20220307 15:43:26.625" endtime="20220307 15:43:26.637"/>
</kw>
<kw name="Get Current Date" library="DateTime">
<var>${mes_ver}</var>
<arg>result_format=%m</arg>
<doc>Returns current local or UTC time with an optional increment.</doc>
<msg timestamp="20220307 15:43:26.639" level="INFO">${mes_ver} = 03</msg>
<status status="PASS" starttime="20220307 15:43:26.638" endtime="20220307 15:43:26.639"/>
</kw>
<kw name="Retirar Zero Esquerda" library="verificacoes">
<var>${mes_ver}</var>
<arg>${mes_ver}</arg>
<msg timestamp="20220307 15:43:26.640" level="INFO">${mes_ver} = 3</msg>
<status status="PASS" starttime="20220307 15:43:26.639" endtime="20220307 15:43:26.640"/>
</kw>
<kw name="Retirar Zero Esquerda" library="verificacoes">
<var>${mes_ver2}</var>
<arg>${Valor_campos_agendamento.mes}</arg>
<msg timestamp="20220307 15:43:26.644" level="INFO">${mes_ver2} = 5</msg>
<status status="PASS" starttime="20220307 15:43:26.641" endtime="20220307 15:43:26.644"/>
</kw>
<if>
<branch type="IF" condition="${mes_ver2} &gt; ${mes_ver}">
<kw name="Click" library="Browser">
<arg>id=${Agendamento.avancar}</arg>
<tag>PageContent</tag>
<tag>Setter</tag>
<doc>Simulates mouse click on the element found by ``selector``.</doc>
<status status="PASS" starttime="20220307 15:43:26.645" endtime="20220307 15:43:27.366"/>
</kw>
<status status="PASS" starttime="20220307 15:43:26.644" endtime="20220307 15:43:27.366"/>
</branch>
<branch type="ELSE IF" condition="${mes_ver2} &lt; ${mes_ver}">
<kw name="Click" library="Browser">
<arg>id=${Agendamento.voltar}</arg>
<tag>PageContent</tag>
<tag>Setter</tag>
<doc>Simulates mouse click on the element found by ``selector``.</doc>
<status status="NOT RUN" starttime="20220307 15:43:27.367" endtime="20220307 15:43:27.367"/>
</kw>
<status status="NOT RUN" starttime="20220307 15:43:27.367" endtime="20220307 15:43:27.368"/>
</branch>
<status status="PASS" starttime="20220307 15:43:26.644" endtime="20220307 15:43:27.368"/>
</if>
<status status="PASS" starttime="20220307 15:43:26.457" endtime="20220307 15:43:27.368"/>
</iter>
<iter>
<var name="${i}">2</var>
<kw name="Get Text" library="Browser">
<var>${mes_agendamento}</var>
<arg>id=${Agendamento.mes_do_agendamento}</arg>
<tag>Assertion</tag>
<tag>Getter</tag>
<tag>PageContent</tag>
<doc>Returns text attribute of the element found by ``selector``.
See the `Finding elements` section for details about the selectors.</doc>
<msg timestamp="20220307 15:43:27.406" level="INFO">${mes_agendamento} = Maio de 2022</msg>
<status status="PASS" starttime="20220307 15:43:27.369" endtime="20220307 15:43:27.406"/>
</kw>
<kw name="Split String" library="String">
<var>@{lista_mes_agendamento}</var>
<arg>${mes_agendamento}</arg>
<doc>Splits the ``string`` using ``separator`` as a delimiter string.</doc>
<msg timestamp="20220307 15:43:27.407" level="INFO">@{lista_mes_agendamento} = [ Maio | de | 2022 ]</msg>
<status status="PASS" starttime="20220307 15:43:27.407" endtime="20220307 15:43:27.408"/>
</kw>
<kw name="Retirar Zero Esquerda" library="verificacoes">
<var>${mes_aux}</var>
<arg>${Valor_campos_agendamento.mes}</arg>
<msg timestamp="20220307 15:43:27.411" level="INFO">${mes_aux} = 5</msg>
<status status="PASS" starttime="20220307 15:43:27.408" endtime="20220307 15:43:27.411"/>
</kw>
<kw name="Mês Convertion" library="Page_agendamento_functions">
<var>${mes_aux2}</var>
<arg>${mes_aux}</arg>
<if>
<branch type="IF" condition="'${mes}' == '1'">
<kw name="Set Variable" library="BuiltIn">
<var>${mes}</var>
<arg>Janeiro</arg>
<doc>Returns the given values which can then be assigned to a variables.</doc>
<status status="NOT RUN" starttime="20220307 15:43:27.413" endtime="20220307 15:43:27.414"/>
</kw>
<status status="NOT RUN" starttime="20220307 15:43:27.413" endtime="20220307 15:43:27.414"/>
</branch>
<branch type="ELSE IF" condition="'${mes}' == '2'">
<kw name="Set Variable" library="BuiltIn">
<var>${mes}</var>
<arg>Fevereiro</arg>
<doc>Returns the given values which can then be assigned to a variables.</doc>
<status status="NOT RUN" starttime="20220307 15:43:27.415" endtime="20220307 15:43:27.415"/>
</kw>
<status status="NOT RUN" starttime="20220307 15:43:27.414" endtime="20220307 15:43:27.415"/>
</branch>
<branch type="ELSE IF" condition="'${mes}' == '3'">
<kw name="mes Variable">
<var>${mes}</var>
<arg>Março</arg>
<status status="NOT RUN" starttime="20220307 15:43:27.442" endtime="20220307 15:43:27.442"/>
</kw>
<status status="NOT RUN" starttime="20220307 15:43:27.415" endtime="20220307 15:43:27.442"/>
</branch>
<branch type="ELSE IF" condition="'${mes}' == '4'">
<kw name="Set Variable" library="BuiltIn">
<var>${mes}</var>
<arg>Abril</arg>
<doc>Returns the given values which can then be assigned to a variables.</doc>
<status status="NOT RUN" starttime="20220307 15:43:27.443" endtime="20220307 15:43:27.443"/>
</kw>
<status status="NOT RUN" starttime="20220307 15:43:27.442" endtime="20220307 15:43:27.443"/>
</branch>
<branch type="ELSE IF" condition="'${mes}' == '5'">
<kw name="Set Variable" library="BuiltIn">
<var>${mes}</var>
<arg>Maio</arg>
<doc>Returns the given values which can then be assigned to a variables.</doc>
<msg timestamp="20220307 15:43:27.445" level="INFO">${mes} = Maio</msg>
<status status="PASS" starttime="20220307 15:43:27.444" endtime="20220307 15:43:27.445"/>
</kw>
<status status="PASS" starttime="20220307 15:43:27.444" endtime="20220307 15:43:27.445"/>
</branch>
<branch type="ELSE IF" condition="'${mes}' == '6'">
<kw name="Set Variable" library="BuiltIn">
<var>${mes}</var>
<arg>Junho</arg>
<doc>Returns the given values which can then be assigned to a variables.</doc>
<status status="NOT RUN" starttime="20220307 15:43:27.446" endtime="20220307 15:43:27.446"/>
</kw>
<status status="NOT RUN" starttime="20220307 15:43:27.445" endtime="20220307 15:43:27.446"/>
</branch>
<branch type="ELSE IF" condition="'${mes}' == '7'">
<kw name="Set Variable" library="BuiltIn">
<var>${mes}</var>
<arg>Julho</arg>
<doc>Returns the given values which can then be assigned to a variables.</doc>
<status status="NOT RUN" starttime="20220307 15:43:27.447" endtime="20220307 15:43:27.447"/>
</kw>
<status status="NOT RUN" starttime="20220307 15:43:27.446" endtime="20220307 15:43:27.447"/>
</branch>
<branch type="ELSE IF" condition="'${mes}'== '8'">
<kw name="mes Variable">
<var>${mes}</var>
<arg>Agosto</arg>
<status status="NOT RUN" starttime="20220307 15:43:27.473" endtime="20220307 15:43:27.473"/>
</kw>
<status status="NOT RUN" starttime="20220307 15:43:27.447" endtime="20220307 15:43:27.473"/>
</branch>
<branch type="ELSE IF" condition="'${mes}' == '9'">
<kw name="Set Variable" library="BuiltIn">
<var>${mes}</var>
<arg>Setembro</arg>
<doc>Returns the given values which can then be assigned to a variables.</doc>
<status status="NOT RUN" starttime="20220307 15:43:27.474" endtime="20220307 15:43:27.474"/>
</kw>
<status status="NOT RUN" starttime="20220307 15:43:27.473" endtime="20220307 15:43:27.474"/>
</branch>
<branch type="ELSE IF" condition="'${mes}' == '10'">
<kw name="Set Variable" library="BuiltIn">
<var>${mes}</var>
<arg>Outubro</arg>
<doc>Returns the given values which can then be assigned to a variables.</doc>
<status status="NOT RUN" starttime="20220307 15:43:27.475" endtime="20220307 15:43:27.475"/>
</kw>
<status status="NOT RUN" starttime="20220307 15:43:27.474" endtime="20220307 15:43:27.475"/>
</branch>
<branch type="ELSE IF" condition="'${mes}' == '11'">
<kw name="Set Variable" library="BuiltIn">
<var>${mes}</var>
<arg>Novembro</arg>
<doc>Returns the given values which can then be assigned to a variables.</doc>
<status status="NOT RUN" starttime="20220307 15:43:27.476" endtime="20220307 15:43:27.476"/>
</kw>
<status status="NOT RUN" starttime="20220307 15:43:27.475" endtime="20220307 15:43:27.476"/>
</branch>
<branch type="ELSE IF" condition="'${mes}' == '12'">
<kw name="Set Variable" library="BuiltIn">
<var>${mes}</var>
<arg>Dezembro</arg>
<doc>Returns the given values which can then be assigned to a variables.</doc>
<status status="NOT RUN" starttime="20220307 15:43:27.477" endtime="20220307 15:43:27.477"/>
</kw>
<status status="NOT RUN" starttime="20220307 15:43:27.476" endtime="20220307 15:43:27.477"/>
</branch>
<status status="PASS" starttime="20220307 15:43:27.412" endtime="20220307 15:43:27.477"/>
</if>
<msg timestamp="20220307 15:43:27.478" level="INFO">${mes_aux2} = Maio</msg>
<status status="PASS" starttime="20220307 15:43:27.412" endtime="20220307 15:43:27.478"/>
</kw>
<kw name="Exit For Loop If" library="BuiltIn">
<arg>'${lista_mes_agendamento[0]}' == '${mes_aux2}' and '${lista_mes_agendamento[2]}' == '${Valor_campos_agendamento.ano}'</arg>
<doc>Stops executing the enclosing for loop if the ``condition`` is true.</doc>
<msg timestamp="20220307 15:43:27.489" level="INFO">Exiting for loop altogether.</msg>
<status status="PASS" starttime="20220307 15:43:27.479" endtime="20220307 15:43:27.490"/>
</kw>
<status status="PASS" starttime="20220307 15:43:27.368" endtime="20220307 15:43:27.490"/>
</iter>
<status status="PASS" starttime="20220307 15:43:25.946" endtime="20220307 15:43:27.576"/>
</for>
<kw name="Date Convertion" library="Page_agendamento_functions">
<var>${diadasemana}</var>
<arg>${Valor_campos_agendamento.ano}/${Valor_campos_agendamento.mes}/${Valor_campos_agendamento.dia}</arg>
<kw name="Convert Date" library="DateTime">
<var>${day}</var>
<arg>${Date}</arg>
<arg>result_format=%a</arg>
<doc>Converts between supported `date formats`.</doc>
<msg timestamp="20220307 15:43:27.590" level="INFO">${day} = Mon</msg>
<status status="PASS" starttime="20220307 15:43:27.585" endtime="20220307 15:43:27.590"/>
</kw>
<if>
<branch type="IF" condition="'${day}' == 'Mon'">
<kw name="Set Variable" library="BuiltIn">
<var>${day}</var>
<arg>Segunda-feira</arg>
<doc>Returns the given values which can then be assigned to a variables.</doc>
<msg timestamp="20220307 15:43:27.592" level="INFO">${day} = Segunda-feira</msg>
<status status="PASS" starttime="20220307 15:43:27.592" endtime="20220307 15:43:27.592"/>
</kw>
<status status="PASS" starttime="20220307 15:43:27.591" endtime="20220307 15:43:27.592"/>
</branch>
<branch type="ELSE IF" condition="'${day}' == 'Tue'">
<kw name="Set Variable" library="BuiltIn">
<var>${day}</var>
<arg>Terça-feira</arg>
<doc>Returns the given values which can then be assigned to a variables.</doc>
<status status="NOT RUN" starttime="20220307 15:43:27.593" endtime="20220307 15:43:27.593"/>
</kw>
<status status="NOT RUN" starttime="20220307 15:43:27.592" endtime="20220307 15:43:27.594"/>
</branch>
<branch type="ELSE IF" condition="'${day}' == 'Wed'">
<kw name="Set Variable" library="BuiltIn">
<var>${day}</var>
<arg>Quarta-feira</arg>
<doc>Returns the given values which can then be assigned to a variables.</doc>
<status status="NOT RUN" starttime="20220307 15:43:27.595" endtime="20220307 15:43:27.595"/>
</kw>
<status status="NOT RUN" starttime="20220307 15:43:27.594" endtime="20220307 15:43:27.595"/>
</branch>
<branch type="ELSE IF" condition="'${day}' == 'Thu'">
<kw name="Set Variable" library="BuiltIn">
<var>${day}</var>
<arg>Quinta-feira</arg>
<doc>Returns the given values which can then be assigned to a variables.</doc>
<status status="NOT RUN" starttime="20220307 15:43:27.596" endtime="20220307 15:43:27.596"/>
</kw>
<status status="NOT RUN" starttime="20220307 15:43:27.595" endtime="20220307 15:43:27.596"/>
</branch>
<branch type="ELSE IF" condition="'${day}' == 'Fri'">
<kw name="Set Variable" library="BuiltIn">
<var>${day}</var>
<arg>Sexta-feira</arg>
<doc>Returns the given values which can then be assigned to a variables.</doc>
<status status="NOT RUN" starttime="20220307 15:43:27.596" endtime="20220307 15:43:27.597"/>
</kw>
<status status="NOT RUN" starttime="20220307 15:43:27.596" endtime="20220307 15:43:27.597"/>
</branch>
<branch type="ELSE IF" condition="'${day}' == 'Sat'">
<kw name="Set Variable" library="BuiltIn">
<var>${day}</var>
<arg>Sábado</arg>
<doc>Returns the given values which can then be assigned to a variables.</doc>
<status status="NOT RUN" starttime="20220307 15:43:27.597" endtime="20220307 15:43:27.598"/>
</kw>
<status status="NOT RUN" starttime="20220307 15:43:27.597" endtime="20220307 15:43:27.598"/>
</branch>
<branch type="ELSE IF" condition="'${day}' == 'Sun'">
<kw name="Set Variable" library="BuiltIn">
<var>${day}</var>
<arg>Domingo</arg>
<doc>Returns the given values which can then be assigned to a variables.</doc>
<status status="NOT RUN" starttime="20220307 15:43:27.598" endtime="20220307 15:43:27.598"/>
</kw>
<status status="NOT RUN" starttime="20220307 15:43:27.598" endtime="20220307 15:43:27.599"/>
</branch>
<status status="PASS" starttime="20220307 15:43:27.591" endtime="20220307 15:43:27.599"/>
</if>
<msg timestamp="20220307 15:43:27.600" level="INFO">${diadasemana} = Segunda-feira</msg>
<status status="PASS" starttime="20220307 15:43:27.576" endtime="20220307 15:43:27.600"/>
</kw>
<if>
<branch type="IF" condition="'${diadasemana}' == 'Segunda-feira'">
<kw name="Set Variable" library="BuiltIn">
<var>${aux}</var>
<arg>2</arg>
<doc>Returns the given values which can then be assigned to a variables.</doc>
<msg timestamp="20220307 15:43:27.602" level="INFO">${aux} = 2</msg>
<status status="PASS" starttime="20220307 15:43:27.601" endtime="20220307 15:43:27.602"/>
</kw>
<kw name="Procura dia" library="Page_agendamento_functions">
<var>${cont}</var>
<arg>${Valor_campos_agendamento.dia}</arg>
<arg>${aux}</arg>
<for flavor="IN RANGE">
<var>${contador3}</var>
<value>1</value>
<value>7</value>
<iter>
<var name="${contador3}">1</var>
<kw name="Get Text" library="Browser">
<var>${aux_2}</var>
<arg>xpath=//*[@id="calendar"]/div/div/table/tbody/tr/td/div/div/div[${contador3}]/div[2]/table/thead/tr/td[${aux}]/a</arg>
<tag>Assertion</tag>
<tag>Getter</tag>
<tag>PageContent</tag>
<doc>Returns text attribute of the element found by ``selector``.
See the `Finding elements` section for details about the selectors.</doc>
<msg timestamp="20220307 15:43:27.623" level="INFO">${aux_2} = 3</msg>
<status status="PASS" starttime="20220307 15:43:27.607" endtime="20220307 15:43:27.623"/>
</kw>
<kw name="Retirar Zero Esquerda" library="verificacoes">
<var>${dia_2}</var>
<arg>${dia}</arg>
<msg timestamp="20220307 15:43:27.624" level="INFO">${dia_2} = 9</msg>
<status status="PASS" starttime="20220307 15:43:27.624" endtime="20220307 15:43:27.624"/>
</kw>
<kw name="Retirar Zero Esquerda" library="verificacoes">
<var>${aux_3}</var>
<arg>${aux_2}</arg>
<msg timestamp="20220307 15:43:27.626" level="INFO">${aux_3} = 3</msg>
<status status="PASS" starttime="20220307 15:43:27.625" endtime="20220307 15:43:27.626"/>
</kw>
<kw name="Convert To Number" library="BuiltIn">
<var>${dia_2}</var>
<arg>${dia_2}</arg>
<doc>Converts the given item to a floating point number.</doc>
<msg timestamp="20220307 15:43:27.627" level="INFO">${dia_2} = 9.0</msg>
<status status="PASS" starttime="20220307 15:43:27.626" endtime="20220307 15:43:27.627"/>
</kw>
<kw name="Convert To Number" library="BuiltIn">
<var>${aux_3}</var>
<arg>${aux_3}</arg>
<doc>Converts the given item to a floating point number.</doc>
<msg timestamp="20220307 15:43:27.629" level="INFO">${aux_3} = 3.0</msg>
<status status="PASS" starttime="20220307 15:43:27.628" endtime="20220307 15:43:27.629"/>
</kw>
<if>
<branch type="IF" condition="'${dia_2}'=='${aux_3}'">
<kw name="Exit For Loop" library="BuiltIn">
<doc>Stops executing the enclosing for loop.</doc>
<status status="NOT RUN" starttime="20220307 15:43:27.630" endtime="20220307 15:43:27.630"/>
</kw>
<status status="NOT RUN" starttime="20220307 15:43:27.629" endtime="20220307 15:43:27.630"/>
</branch>
<status status="PASS" starttime="20220307 15:43:27.629" endtime="20220307 15:43:27.630"/>
</if>
<status status="PASS" starttime="20220307 15:43:27.606" endtime="20220307 15:43:27.630"/>
</iter>
<iter>
<var name="${contador3}">2</var>
<kw name="Get Text" library="Browser">
<var>${aux_2}</var>
<arg>xpath=//*[@id="calendar"]/div/div/table/tbody/tr/td/div/div/div[${contador3}]/div[2]/table/thead/tr/td[${aux}]/a</arg>
<tag>Assertion</tag>
<tag>Getter</tag>
<tag>PageContent</tag>
<doc>Returns text attribute of the element found by ``selector``.
See the `Finding elements` section for details about the selectors.</doc>
<msg timestamp="20220307 15:43:27.645" level="INFO">${aux_2} = 10</msg>
<status status="PASS" starttime="20220307 15:43:27.631" endtime="20220307 15:43:27.645"/>
</kw>
<kw name="Retirar Zero Esquerda" library="verificacoes">
<var>${dia_2}</var>
<arg>${dia}</arg>
<msg timestamp="20220307 15:43:27.647" level="INFO">${dia_2} = 9</msg>
<status status="PASS" starttime="20220307 15:43:27.646" endtime="20220307 15:43:27.647"/>
</kw>
<kw name="Retirar Zero Esquerda" library="verificacoes">
<var>${aux_3}</var>
<arg>${aux_2}</arg>
<msg timestamp="20220307 15:43:27.649" level="INFO">${aux_3} = 10</msg>
<status status="PASS" starttime="20220307 15:43:27.648" endtime="20220307 15:43:27.650"/>
</kw>
<kw name="Convert To Number" library="BuiltIn">
<var>${dia_2}</var>
<arg>${dia_2}</arg>
<doc>Converts the given item to a floating point number.</doc>
<msg timestamp="20220307 15:43:27.651" level="INFO">${dia_2} = 9.0</msg>
<status status="PASS" starttime="20220307 15:43:27.650" endtime="20220307 15:43:27.651"/>
</kw>
<kw name="Convert To Number" library="BuiltIn">
<var>${aux_3}</var>
<arg>${aux_3}</arg>
<doc>Converts the given item to a floating point number.</doc>
<msg timestamp="20220307 15:43:27.653" level="INFO">${aux_3} = 10.0</msg>
<status status="PASS" starttime="20220307 15:43:27.652" endtime="20220307 15:43:27.653"/>
</kw>
<if>
<branch type="IF" condition="'${dia_2}'=='${aux_3}'">
<kw name="Exit For Loop" library="BuiltIn">
<doc>Stops executing the enclosing for loop.</doc>
<status status="NOT RUN" starttime="20220307 15:43:27.654" endtime="20220307 15:43:27.655"/>
</kw>
<status status="NOT RUN" starttime="20220307 15:43:27.654" endtime="20220307 15:43:27.655"/>
</branch>
<status status="PASS" starttime="20220307 15:43:27.653" endtime="20220307 15:43:27.655"/>
</if>
<status status="PASS" starttime="20220307 15:43:27.630" endtime="20220307 15:43:27.655"/>
</iter>
<iter>
<var name="${contador3}">3</var>
<kw name="Get Text" library="Browser">
<var>${aux_2}</var>
<arg>xpath=//*[@id="calendar"]/div/div/table/tbody/tr/td/div/div/div[${contador3}]/div[2]/table/thead/tr/td[${aux}]/a</arg>
<tag>Assertion</tag>
<tag>Getter</tag>
<tag>PageContent</tag>
<doc>Returns text attribute of the element found by ``selector``.
See the `Finding elements` section for details about the selectors.</doc>
<msg timestamp="20220307 15:43:27.673" level="INFO">${aux_2} = 17</msg>
<status status="PASS" starttime="20220307 15:43:27.656" endtime="20220307 15:43:27.673"/>
</kw>
<kw name="Retirar Zero Esquerda" library="verificacoes">
<var>${dia_2}</var>
<arg>${dia}</arg>
<msg timestamp="20220307 15:43:27.675" level="INFO">${dia_2} = 9</msg>
<status status="PASS" starttime="20220307 15:43:27.674" endtime="20220307 15:43:27.675"/>
</kw>
<kw name="Retirar Zero Esquerda" library="verificacoes">
<var>${aux_3}</var>
<arg>${aux_2}</arg>
<msg timestamp="20220307 15:43:27.676" level="INFO">${aux_3} = 17</msg>
<status status="PASS" starttime="20220307 15:43:27.676" endtime="20220307 15:43:27.676"/>
</kw>
<kw name="Convert To Number" library="BuiltIn">
<var>${dia_2}</var>
<arg>${dia_2}</arg>
<doc>Converts the given item to a floating point number.</doc>
<msg timestamp="20220307 15:43:27.678" level="INFO">${dia_2} = 9.0</msg>
<status status="PASS" starttime="20220307 15:43:27.677" endtime="20220307 15:43:27.678"/>
</kw>
<kw name="Convert To Number" library="BuiltIn">
<var>${aux_3}</var>
<arg>${aux_3}</arg>
<doc>Converts the given item to a floating point number.</doc>
<msg timestamp="20220307 15:43:27.680" level="INFO">${aux_3} = 17.0</msg>
<status status="PASS" starttime="20220307 15:43:27.679" endtime="20220307 15:43:27.680"/>
</kw>
<if>
<branch type="IF" condition="'${dia_2}'=='${aux_3}'">
<kw name="Exit For Loop" library="BuiltIn">
<doc>Stops executing the enclosing for loop.</doc>
<status status="NOT RUN" starttime="20220307 15:43:27.681" endtime="20220307 15:43:27.681"/>
</kw>
<status status="NOT RUN" starttime="20220307 15:43:27.680" endtime="20220307 15:43:27.681"/>
</branch>
<status status="PASS" starttime="20220307 15:43:27.680" endtime="20220307 15:43:27.682"/>
</if>
<status status="PASS" starttime="20220307 15:43:27.655" endtime="20220307 15:43:27.682"/>
</iter>
<iter>
<var name="${contador3}">4</var>
<kw name="Get Text" library="Browser">
<var>${aux_2}</var>
<arg>xpath=//*[@id="calendar"]/div/div/table/tbody/tr/td/div/div/div[${contador3}]/div[2]/table/thead/tr/td[${aux}]/a</arg>
<tag>Assertion</tag>
<tag>Getter</tag>
<tag>PageContent</tag>
<doc>Returns text attribute of the element found by ``selector``.
See the `Finding elements` section for details about the selectors.</doc>
<msg timestamp="20220307 15:43:27.695" level="INFO">${aux_2} = 24</msg>
<status status="PASS" starttime="20220307 15:43:27.683" endtime="20220307 15:43:27.695"/>
</kw>
<kw name="Retirar Zero Esquerda" library="verificacoes">
<var>${dia_2}</var>
<arg>${dia}</arg>
<msg timestamp="20220307 15:43:27.697" level="INFO">${dia_2} = 9</msg>
<status status="PASS" starttime="20220307 15:43:27.696" endtime="20220307 15:43:27.697"/>
</kw>
<kw name="Retirar Zero Esquerda" library="verificacoes">
<var>${aux_3}</var>
<arg>${aux_2}</arg>
<msg timestamp="20220307 15:43:27.698" level="INFO">${aux_3} = 24</msg>
<status status="PASS" starttime="20220307 15:43:27.698" endtime="20220307 15:43:27.699"/>
</kw>
<kw name="Convert To Number" library="BuiltIn">
<var>${dia_2}</var>
<arg>${dia_2}</arg>
<doc>Converts the given item to a floating point number.</doc>
<msg timestamp="20220307 15:43:27.700" level="INFO">${dia_2} = 9.0</msg>
<status status="PASS" starttime="20220307 15:43:27.699" endtime="20220307 15:43:27.700"/>
</kw>
<kw name="Convert To Number" library="BuiltIn">
<var>${aux_3}</var>
<arg>${aux_3}</arg>
<doc>Converts the given item to a floating point number.</doc>
<msg timestamp="20220307 15:43:27.702" level="INFO">${aux_3} = 24.0</msg>
<status status="PASS" starttime="20220307 15:43:27.701" endtime="20220307 15:43:27.702"/>
</kw>
<if>
<branch type="IF" condition="'${dia_2}'=='${aux_3}'">
<kw name="Exit For Loop" library="BuiltIn">
<doc>Stops executing the enclosing for loop.</doc>
<status status="NOT RUN" starttime="20220307 15:43:27.704" endtime="20220307 15:43:27.704"/>
</kw>
<status status="NOT RUN" starttime="20220307 15:43:27.703" endtime="20220307 15:43:27.704"/>
</branch>
<status status="PASS" starttime="20220307 15:43:27.702" endtime="20220307 15:43:27.704"/>
</if>
<status status="PASS" starttime="20220307 15:43:27.682" endtime="20220307 15:43:27.704"/>
</iter>
<iter>
<var name="${contador3}">5</var>
<kw name="Get Text" library="Browser">
<var>${aux_2}</var>
<arg>xpath=//*[@id="calendar"]/div/div/table/tbody/tr/td/div/div/div[${contador3}]/div[2]/table/thead/tr/td[${aux}]/a</arg>
<tag>Assertion</tag>
<tag>Getter</tag>
<tag>PageContent</tag>
<doc>Returns text attribute of the element found by ``selector``.
See the `Finding elements` section for details about the selectors.</doc>
<msg timestamp="20220307 15:43:27.718" level="INFO">${aux_2} = 31</msg>
<status status="PASS" starttime="20220307 15:43:27.705" endtime="20220307 15:43:27.718"/>
</kw>
<kw name="Retirar Zero Esquerda" library="verificacoes">
<var>${dia_2}</var>
<arg>${dia}</arg>
<msg timestamp="20220307 15:43:27.720" level="INFO">${dia_2} = 9</msg>
<status status="PASS" starttime="20220307 15:43:27.719" endtime="20220307 15:43:27.720"/>
</kw>
<kw name="Retirar Zero Esquerda" library="verificacoes">
<var>${aux_3}</var>
<arg>${aux_2}</arg>
<msg timestamp="20220307 15:43:27.721" level="INFO">${aux_3} = 31</msg>
<status status="PASS" starttime="20220307 15:43:27.721" endtime="20220307 15:43:27.722"/>
</kw>
<kw name="Convert To Number" library="BuiltIn">
<var>${dia_2}</var>
<arg>${dia_2}</arg>
<doc>Converts the given item to a floating point number.</doc>
<msg timestamp="20220307 15:43:27.723" level="INFO">${dia_2} = 9.0</msg>
<status status="PASS" starttime="20220307 15:43:27.722" endtime="20220307 15:43:27.723"/>
</kw>
<kw name="Convert To Number" library="BuiltIn">
<var>${aux_3}</var>
<arg>${aux_3}</arg>
<doc>Converts the given item to a floating point number.</doc>
<msg timestamp="20220307 15:43:27.724" level="INFO">${aux_3} = 31.0</msg>
<status status="PASS" starttime="20220307 15:43:27.724" endtime="20220307 15:43:27.724"/>
</kw>
<if>
<branch type="IF" condition="'${dia_2}'=='${aux_3}'">
<kw name="Exit For Loop" library="BuiltIn">
<doc>Stops executing the enclosing for loop.</doc>
<status status="NOT RUN" starttime="20220307 15:43:27.726" endtime="20220307 15:43:27.726"/>
</kw>
<status status="NOT RUN" starttime="20220307 15:43:27.725" endtime="20220307 15:43:27.726"/>
</branch>
<status status="PASS" starttime="20220307 15:43:27.724" endtime="20220307 15:43:27.726"/>
</if>
<status status="PASS" starttime="20220307 15:43:27.704" endtime="20220307 15:43:27.726"/>
</iter>
<iter>
<var name="${contador3}">6</var>
<kw name="Get Text" library="Browser">
<var>${aux_2}</var>
<arg>xpath=//*[@id="calendar"]/div/div/table/tbody/tr/td/div/div/div[${contador3}]/div[2]/table/thead/tr/td[${aux}]/a</arg>
<tag>Assertion</tag>
<tag>Getter</tag>
<tag>PageContent</tag>
<doc>Returns text attribute of the element found by ``selector``.
See the `Finding elements` section for details about the selectors.</doc>
<msg timestamp="20220307 15:43:27.740" level="INFO">${aux_2} = 7</msg>
<status status="PASS" starttime="20220307 15:43:27.727" endtime="20220307 15:43:27.740"/>
</kw>
<kw name="Retirar Zero Esquerda" library="verificacoes">
<var>${dia_2}</var>
<arg>${dia}</arg>
<msg timestamp="20220307 15:43:27.741" level="INFO">${dia_2} = 9</msg>
<status status="PASS" starttime="20220307 15:43:27.741" endtime="20220307 15:43:27.742"/>
</kw>
<kw name="Retirar Zero Esquerda" library="verificacoes">
<var>${aux_3}</var>
<arg>${aux_2}</arg>
<msg timestamp="20220307 15:43:27.743" level="INFO">${aux_3} = 7</msg>
<status status="PASS" starttime="20220307 15:43:27.742" endtime="20220307 15:43:27.743"/>
</kw>
<kw name="Convert To Number" library="BuiltIn">
<var>${dia_2}</var>
<arg>${dia_2}</arg>
<doc>Converts the given item to a floating point number.</doc>
<msg timestamp="20220307 15:43:27.745" level="INFO">${dia_2} = 9.0</msg>
<status status="PASS" starttime="20220307 15:43:27.744" endtime="20220307 15:43:27.745"/>
</kw>
<kw name="Convert To Number" library="BuiltIn">
<var>${aux_3}</var>
<arg>${aux_3}</arg>
<doc>Converts the given item to a floating point number.</doc>
<msg timestamp="20220307 15:43:27.746" level="INFO">${aux_3} = 7.0</msg>
<status status="PASS" starttime="20220307 15:43:27.745" endtime="20220307 15:43:27.746"/>
</kw>
<if>
<branch type="IF" condition="'${dia_2}'=='${aux_3}'">
<kw name="Exit For Loop" library="BuiltIn">
<doc>Stops executing the enclosing for loop.</doc>
<status status="NOT RUN" starttime="20220307 15:43:27.748" endtime="20220307 15:43:27.748"/>
</kw>
<status status="NOT RUN" starttime="20220307 15:43:27.747" endtime="20220307 15:43:27.748"/>
</branch>
<status status="PASS" starttime="20220307 15:43:27.747" endtime="20220307 15:43:27.748"/>
</if>
<status status="PASS" starttime="20220307 15:43:27.726" endtime="20220307 15:43:27.748"/>
</iter>
<status status="PASS" starttime="20220307 15:43:27.606" endtime="20220307 15:43:27.748"/>
</for>
<msg timestamp="20220307 15:43:27.749" level="INFO">${cont} = 6</msg>
<status status="PASS" starttime="20220307 15:43:27.602" endtime="20220307 15:43:27.749"/>
</kw>
<kw name="Click" library="Browser">
<arg>xpath=${table}div[${cont}]/div[2]/table/tbody/tr[1]/td[2]${fim}</arg>
<tag>PageContent</tag>
<tag>Setter</tag>
<doc>Simulates mouse click on the element found by ``selector``.</doc>
<status status="PASS" starttime="20220307 15:43:27.750" endtime="20220307 15:43:28.423"/>
</kw>
<status status="PASS" starttime="20220307 15:43:27.600" endtime="20220307 15:43:28.423"/>
</branch>
<branch type="ELSE IF" condition="'${diadasemana}' == 'Terça-feira'">
<kw name="Set Variable" library="BuiltIn">
<var>${aux}</var>
<arg>3</arg>
<doc>Returns the given values which can then be assigned to a variables.</doc>
<status status="NOT RUN" starttime="20220307 15:43:28.425" endtime="20220307 15:43:28.425"/>
</kw>
<kw name="Procura dia" library="Page_agendamento_functions">
<var>${cont}</var>
<arg>${Valor_campos_agendamento.dia}</arg>
<arg>${aux}</arg>
<status status="NOT RUN" starttime="20220307 15:43:28.426" endtime="20220307 15:43:28.426"/>
</kw>
<kw name="Click" library="Browser">
<arg>xpath=${table}div[${cont}]/div[2]/table/tbody/tr[1]/td[3]${fim}</arg>
<tag>PageContent</tag>
<tag>Setter</tag>
<doc>Simulates mouse click on the element found by ``selector``.</doc>
<status status="NOT RUN" starttime="20220307 15:43:28.428" endtime="20220307 15:43:28.428"/>
</kw>
<status status="NOT RUN" starttime="20220307 15:43:28.424" endtime="20220307 15:43:28.428"/>
</branch>
<branch type="ELSE IF" condition="'${diadasemana}' == 'Quarta-feira'">
<kw name="Set Variable" library="BuiltIn">
<var>${aux}</var>
<arg>4</arg>
<doc>Returns the given values which can then be assigned to a variables.</doc>
<status status="NOT RUN" starttime="20220307 15:43:28.429" endtime="20220307 15:43:28.430"/>
</kw>
<kw name="Procura dia" library="Page_agendamento_functions">
<var>${cont}</var>
<arg>${Valor_campos_agendamento.dia}</arg>
<arg>${aux}</arg>
<status status="NOT RUN" starttime="20220307 15:43:28.431" endtime="20220307 15:43:28.431"/>
</kw>
<kw name="Click" library="Browser">
<arg>xpath=${table}div[${cont}]/div[2]/table/tbody/tr[1]/td[4]${fim}</arg>
<tag>PageContent</tag>
<tag>Setter</tag>
<doc>Simulates mouse click on the element found by ``selector``.</doc>
<status status="NOT RUN" starttime="20220307 15:43:28.433" endtime="20220307 15:43:28.433"/>
</kw>
<status status="NOT RUN" starttime="20220307 15:43:28.428" endtime="20220307 15:43:28.433"/>
</branch>
<branch type="ELSE IF" condition="'${diadasemana}' == 'Quinta-feira'">
<kw name="Set Variable" library="BuiltIn">
<var>${aux}</var>
<arg>5</arg>
<doc>Returns the given values which can then be assigned to a variables.</doc>
<status status="NOT RUN" starttime="20220307 15:43:28.434" endtime="20220307 15:43:28.435"/>
</kw>
<kw name="Procura dia" library="Page_agendamento_functions">
<var>${cont}</var>
<arg>${Valor_campos_agendamento.dia}</arg>
<arg>${aux}</arg>
<status status="NOT RUN" starttime="20220307 15:43:28.436" endtime="20220307 15:43:28.436"/>
</kw>
<kw name="Click" library="Browser">
<arg>xpath=${table}div[${cont}]/div[2]/table/tbody/tr[1]/td[5]${fim}</arg>
<tag>PageContent</tag>
<tag>Setter</tag>
<doc>Simulates mouse click on the element found by ``selector``.</doc>
<status status="NOT RUN" starttime="20220307 15:43:28.437" endtime="20220307 15:43:28.437"/>
</kw>
<status status="NOT RUN" starttime="20220307 15:43:28.433" endtime="20220307 15:43:28.437"/>
</branch>
<branch type="ELSE IF" condition="'${diadasemana}' == 'Sexta-feira'">
<kw name="Set Variable" library="BuiltIn">
<var>${aux}</var>
<arg>6</arg>
<doc>Returns the given values which can then be assigned to a variables.</doc>
<status status="NOT RUN" starttime="20220307 15:43:28.438" endtime="20220307 15:43:28.438"/>
</kw>
<kw name="Procura dia" library="Page_agendamento_functions">
<var>${cont}</var>
<arg>${Valor_campos_agendamento.dia}</arg>
<arg>${aux}</arg>
<status status="NOT RUN" starttime="20220307 15:43:28.438" endtime="20220307 15:43:28.439"/>
</kw>
<kw name="Click" library="Browser">
<arg>xpath=${table}div[${cont}]/div[2]/table/tbody/tr[1]/td[6]${fim}</arg>
<tag>PageContent</tag>
<tag>Setter</tag>
<doc>Simulates mouse click on the element found by ``selector``.</doc>
<status status="NOT RUN" starttime="20220307 15:43:28.439" endtime="20220307 15:43:28.439"/>
</kw>
<status status="NOT RUN" starttime="20220307 15:43:28.437" endtime="20220307 15:43:28.440"/>
</branch>
<status status="PASS" starttime="20220307 15:43:27.600" endtime="20220307 15:43:28.440"/>
</if>
<status status="PASS" starttime="20220307 15:43:25.945" endtime="20220307 15:43:28.440"/>
</kw>
<status status="PASS" starttime="20220307 15:43:25.944" endtime="20220307 15:43:28.440"/>
</kw>
<status status="PASS" starttime="20220307 15:43:25.942" endtime="20220307 15:43:28.440"/>
</kw>
<kw name="E" library="bdd">
<arg>informe o usuario de serviço ${Valor_campos_agendamento.usuario_de_servico2}</arg>
<kw name="Run Keyword" library="BuiltIn">
<arg>@{Keywords}</arg>
<doc>Executes the given keyword with the given arguments.</doc>
<kw name="informe o usuario de serviço Mayara" library="Page_agendamento" sourcename="informe o usuario de serviço ${VALOR}">
<kw name="Click" library="Browser">
<arg>xpath=${Campos_agendamento.usuario_de_servico1}</arg>
<tag>PageContent</tag>
<tag>Setter</tag>
<doc>Simulates mouse click on the element found by ``selector``.</doc>
<status status="PASS" starttime="20220307 15:43:28.448" endtime="20220307 15:43:28.915"/>
</kw>
<kw name="Type Text" library="Browser">
<arg>xpath=${Campos_agendamento.usuario_de_servico2}</arg>
<arg>${VALOR}</arg>
<tag>PageContent</tag>
<tag>Setter</tag>
<doc>Types the given ``txt`` into the text field found by ``selector``.</doc>
<msg timestamp="20220307 15:43:28.919" level="INFO">Types the text 'Mayara' in the given field.</msg>
<status status="PASS" starttime="20220307 15:43:28.916" endtime="20220307 15:43:29.034"/>
</kw>
<kw name="Sleep" library="BuiltIn">
<arg>3s</arg>
<doc>Pauses the test executed for the given time.</doc>
<msg timestamp="20220307 15:43:32.036" level="INFO">Slept 3 seconds</msg>
<status status="PASS" starttime="20220307 15:43:29.035" endtime="20220307 15:43:32.036"/>
</kw>
<kw name="Click" library="Browser">
<arg>id=${Buttons_agendamento.selecionar_usuario}</arg>
<tag>PageContent</tag>
<tag>Setter</tag>
<doc>Simulates mouse click on the element found by ``selector``.</doc>
<status status="PASS" starttime="20220307 15:43:32.037" endtime="20220307 15:43:32.115"/>
</kw>
<status status="PASS" starttime="20220307 15:43:28.446" endtime="20220307 15:43:32.115"/>
</kw>
<status status="PASS" starttime="20220307 15:43:28.445" endtime="20220307 15:43:32.115"/>
</kw>
<status status="PASS" starttime="20220307 15:43:28.441" endtime="20220307 15:43:32.116"/>
</kw>
<kw name="E" library="bdd">
<arg>adicionar observação ao comprovante de agendamento e e-mail</arg>
<kw name="Run Keyword" library="BuiltIn">
<arg>@{Keywords}</arg>
<doc>Executes the given keyword with the given arguments.</doc>
<kw name="adicionar observação ao comprovante de agendamento e e-mail" library="Page_agendamento">
<kw name="Click" library="Browser">
<arg>xpath=${Buttons_agendamento.adicionar_observacao}</arg>
<tag>PageContent</tag>
<tag>Setter</tag>
<doc>Simulates mouse click on the element found by ``selector``.</doc>
<status status="PASS" starttime="20220307 15:43:32.123" endtime="20220307 15:43:32.194"/>
</kw>
<status status="PASS" starttime="20220307 15:43:32.121" endtime="20220307 15:43:32.195"/>
</kw>
<status status="PASS" starttime="20220307 15:43:32.120" endtime="20220307 15:43:32.195"/>
</kw>
<status status="PASS" starttime="20220307 15:43:32.117" endtime="20220307 15:43:32.195"/>
</kw>
<kw name="E" library="bdd">
<arg>informar a observação do ${Valor_campos_agendamento.observacao}</arg>
<kw name="Run Keyword" library="BuiltIn">
<arg>@{Keywords}</arg>
<doc>Executes the given keyword with the given arguments.</doc>
<kw name="informar a observação do Teste automatizado" library="Page_agendamento" sourcename="informar a observação do ${VALOR}">
<kw name="Fill Text" library="Browser">
<arg>xpath=${Campos_agendamento.observacao}</arg>
<arg>${VALOR}</arg>
<tag>PageContent</tag>
<tag>Setter</tag>
<doc>Clears and fills the given ``text`` into the text field found by ``selector``.</doc>
<msg timestamp="20220307 15:43:32.210" level="INFO">Fills the text 'Teste automatizado' in the given field.</msg>
<status status="PASS" starttime="20220307 15:43:32.206" endtime="20220307 15:43:32.231"/>
</kw>
<status status="PASS" starttime="20220307 15:43:32.203" endtime="20220307 15:43:32.231"/>
</kw>
<status status="PASS" starttime="20220307 15:43:32.201" endtime="20220307 15:43:32.231"/>
</kw>
<status status="PASS" starttime="20220307 15:43:32.196" endtime="20220307 15:43:32.232"/>
</kw>
<kw name="E" library="bdd">
<arg>clicar em ${Buttons_agendamento.salvar}</arg>
<kw name="Run Keyword" library="BuiltIn">
<arg>@{Keywords}</arg>
<doc>Executes the given keyword with the given arguments.</doc>
<kw name="clicar em //*[@id=&quot;botoesModal&quot;]/button[1]" library="Page_agendamento" sourcename="clicar em ${CAMPO}">
<kw name="Click" library="Browser">
<arg>xpath=${CAMPO}</arg>
<tag>PageContent</tag>
<tag>Setter</tag>
<doc>Simulates mouse click on the element found by ``selector``.</doc>
<status status="PASS" starttime="20220307 15:43:32.242" endtime="20220307 15:43:32.574"/>
</kw>
<status status="PASS" starttime="20220307 15:43:32.240" endtime="20220307 15:43:32.574"/>
</kw>
<status status="PASS" starttime="20220307 15:43:32.238" endtime="20220307 15:43:32.575"/>
</kw>
<status status="PASS" starttime="20220307 15:43:32.233" endtime="20220307 15:43:32.575"/>
</kw>
<kw name="Quando" library="bdd">
<arg>imprimir comprovante de agendamento ${Buttons_agendamento.sim}</arg>
<kw name="Run Keyword" library="BuiltIn">
<arg>@{Keywords}</arg>
<doc>Executes the given keyword with the given arguments.</doc>
<kw name="imprimir comprovante de agendamento /html/body/div[5]/div/div[4]/div[2]/button" library="Page_agendamento" sourcename="imprimir comprovante de agendamento ${CAMPO}">
<kw name="Click" library="Browser">
<arg>xpath=${CAMPO}</arg>
<tag>PageContent</tag>
<tag>Setter</tag>
<doc>Simulates mouse click on the element found by ``selector``.</doc>
<status status="PASS" starttime="20220307 15:43:32.592" endtime="20220307 15:43:33.371"/>
</kw>
<kw name="Switch Page" library="Browser">
<var>${previous}</var>
<arg>NEW</arg>
<tag>BrowserControl</tag>
<tag>Setter</tag>
<doc>Switches the active browser page to another open page by ``id`` or ``NEW``.
Returns a stable identifier ``id`` for the previous page.
See `Browser, Context and Page` for more information about Page and related concepts.</doc>
<msg timestamp="20220307 15:43:33.548" level="INFO">Activated new page page=9a867991-cf61-4fc9-9577-66990523e70a</msg>
<msg timestamp="20220307 15:43:33.548" level="INFO">${previous} = page=19dec787-6d86-44c6-928f-6d43576ccda1</msg>
<status status="PASS" starttime="20220307 15:43:33.372" endtime="20220307 15:43:33.548"/>
</kw>
<kw name="Close Page" library="Browser">
<arg>CURRENT</arg>
<tag>BrowserControl</tag>
<tag>Setter</tag>
<doc>Closes the ``page`` in ``context`` in ``browser``. Defaults to current for all three.
Activated page is set to first active page.
See `Browser, Context and Page` for more information about Page and related concepts.</doc>
<msg timestamp="20220307 15:43:33.705" level="INFO">[{"type": "chromium", "id": "browser=2f3df39a-56ad-4d99-b8ba-c45df9a72080", "contexts": [{"type": "context", "id": "context=0b0ec179-94bc-4f90-9fcf-7b2b482e2bbe", "activePage": "page=9a867991-cf61-4fc9-9577-66990523e70a", "pages": [{"type": "page", "title": null, "url": "https://homologacaosigsaude.imd.ufrn.br/sigsaude/agendamento", "id": "page=19dec787-6d86-44c6-928f-6d43576ccda1", "timestamp": 1646678592.962}, {"type": "page", "title": null, "url": "https://homologacaosigsaude.imd.ufrn.br/sigsaude/9505/protocoloAgendamento/true", "id": "page=9a867991-cf61-4fc9-9577-66990523e70a", "timestamp": 1646678613.539}]}], "activeContext": "context=0b0ec179-94bc-4f90-9fcf-7b2b482e2bbe", "activeBrowser": true}]</msg>
<msg timestamp="20220307 15:43:33.707" level="INFO">Active context id</msg>
<msg timestamp="20220307 15:43:33.709" level="INFO">Successfully changed active browser</msg>
<msg timestamp="20220307 15:43:33.711" level="INFO">Returned active context id</msg>
<msg timestamp="20220307 15:43:33.715" level="INFO">Successfully changed active context</msg>
<msg timestamp="20220307 15:43:33.749" level="INFO">Successfully closed Page</msg>
<status status="PASS" starttime="20220307 15:43:33.550" endtime="20220307 15:43:33.750"/>
</kw>
<status status="PASS" starttime="20220307 15:43:32.589" endtime="20220307 15:43:33.750"/>
</kw>
<status status="PASS" starttime="20220307 15:43:32.587" endtime="20220307 15:43:33.750"/>
</kw>
<status status="PASS" starttime="20220307 15:43:32.577" endtime="20220307 15:43:33.751"/>
</kw>
<kw name="Então" library="bdd">
<arg>avisar por email ${Buttons_agendamento.sim}</arg>
<kw name="Run Keyword" library="BuiltIn">
<arg>@{Keywords}</arg>
<doc>Executes the given keyword with the given arguments.</doc>
<kw name="avisar por email /html/body/div[5]/div/div[4]/div[2]/button" library="Page_agendamento" sourcename="avisar por email ${CAMPO}">
<kw name="Click" library="Browser">
<arg>xpath=${CAMPO}</arg>
<tag>PageContent</tag>
<tag>Setter</tag>
<doc>Simulates mouse click on the element found by ``selector``.</doc>
<status status="PASS" starttime="20220307 15:43:33.759" endtime="20220307 15:43:33.829"/>
</kw>
<status status="PASS" starttime="20220307 15:43:33.758" endtime="20220307 15:43:33.830"/>
</kw>
<status status="PASS" starttime="20220307 15:43:33.756" endtime="20220307 15:43:33.830"/>
</kw>
<status status="PASS" starttime="20220307 15:43:33.752" endtime="20220307 15:43:33.830"/>
</kw>
<kw name="Sleep" library="BuiltIn">
<arg>20s</arg>
<doc>Pauses the test executed for the given time.</doc>
<msg timestamp="20220307 15:43:53.832" level="INFO">Slept 20 seconds</msg>
<status status="PASS" starttime="20220307 15:43:33.831" endtime="20220307 15:43:53.833"/>
</kw>
<status status="PASS" starttime="20220307 15:43:18.403" endtime="20220307 15:43:53.836"/>
</test>
<doc>Cadastro profissão</doc>
<status status="PASS" starttime="20220307 15:43:11.350" endtime="20220307 15:43:53.859"/>
</suite>
<statistics>
<total>
<stat pass="1" fail="0" skip="0">All Tests</stat>
</total>
<tag>
</tag>
<suite>
<stat pass="1" fail="0" skip="0" id="s1" name="Caminho feliz">Caminho feliz</stat>
</suite>
</statistics>
<errors>
</errors>
</robot>
