<?xml version="1.0" encoding="UTF-8"?>
<robot generator="Robot 4.0.3 (Python 3.8.10 on linux)" generated="20211031 02:55:17.652" rpa="false" schemaversion="2">
<suite id="s1" name="5 - Atendimento endocrinologia" source="/home/m.calixta/Projeto sigsaúde/Tests/5 - Atendimento endocrinologia.robot">
<kw name="iniciar navegador sessão &quot;Endocrinologia&quot;" library="base" type="SETUP" sourcename="iniciar navegador sessão &quot;${login_usuario}&quot;">
<kw name="iniciar Navegador" library="base">
<kw name="Get JSON" library="base">
<var>${config_json}</var>
<arg>config.json</arg>
<kw name="Get File" library="OperatingSystem">
<var>${file}</var>
<arg>${EXECDIR}/Files/${file_name}</arg>
<doc>Returns the contents of a specified file.</doc>
<msg timestamp="20211031 02:55:19.134" level="INFO" html="true">Getting file '&lt;a href="file:///home/m.calixta/Projeto sigsaúde/Files/config.json"&gt;/home/m.calixta/Projeto sigsaúde/Files/config.json&lt;/a&gt;'.</msg>
<msg timestamp="20211031 02:55:19.134" level="INFO">${file} = {
    "base_url":"https://testessigsaude.imd.ufrn.br/sigsaude",
    "navegador":"chromium"
}</msg>
<status status="PASS" starttime="20211031 02:55:19.132" endtime="20211031 02:55:19.134"/>
</kw>
<kw name="Evaluate" library="BuiltIn">
<var>${super_var}</var>
<arg>json.loads($file)</arg>
<arg>json</arg>
<doc>Evaluates the given expression in Python and returns the result.</doc>
<msg timestamp="20211031 02:55:19.147" level="INFO">${super_var} = {'base_url': 'https://testessigsaude.imd.ufrn.br/sigsaude', 'navegador': 'chromium'}</msg>
<status status="PASS" starttime="20211031 02:55:19.135" endtime="20211031 02:55:19.147"/>
</kw>
<msg timestamp="20211031 02:55:19.148" level="INFO">${config_json} = {'base_url': 'https://testessigsaude.imd.ufrn.br/sigsaude', 'navegador': 'chromium'}</msg>
<status status="PASS" starttime="20211031 02:55:19.131" endtime="20211031 02:55:19.148"/>
</kw>
<kw name="New Browser" library="Browser">
<arg>${config_json["navegador"]}</arg>
<arg>False</arg>
<tag>BrowserControl</tag>
<tag>Setter</tag>
<doc>Create a new playwright Browser with specified options.
See `Browser, Context and Page` for more information about Browser and related concepts.</doc>
<msg timestamp="20211031 02:55:19.152" level="INFO">{"browser": "chromium", "headless": false, "handleSIGINT": true, "handleSIGTERM": true, "handleSIGHUP": true, "timeout": 30000.0, "devtools": false, "slowMo": 0.0}</msg>
<msg timestamp="20211031 02:55:19.375" level="INFO">Successfully created browser with options: {"browser":"chromium","headless":false,"handleSIGINT":true,"handleSIGTERM":true,"handleSIGHUP":true,"timeout":30000,"devtools":false,"slowMo":0}</msg>
<status status="PASS" starttime="20211031 02:55:19.149" endtime="20211031 02:55:19.376"/>
</kw>
<status status="PASS" starttime="20211031 02:55:19.130" endtime="20211031 02:55:19.376"/>
</kw>
<kw name="Get JSON" library="base">
<var>${config_json}</var>
<arg>config.json</arg>
<kw name="Get File" library="OperatingSystem">
<var>${file}</var>
<arg>${EXECDIR}/Files/${file_name}</arg>
<doc>Returns the contents of a specified file.</doc>
<msg timestamp="20211031 02:55:19.379" level="INFO" html="true">Getting file '&lt;a href="file:///home/m.calixta/Projeto sigsaúde/Files/config.json"&gt;/home/m.calixta/Projeto sigsaúde/Files/config.json&lt;/a&gt;'.</msg>
<msg timestamp="20211031 02:55:19.379" level="INFO">${file} = {
    "base_url":"https://testessigsaude.imd.ufrn.br/sigsaude",
    "navegador":"chromium"
}</msg>
<status status="PASS" starttime="20211031 02:55:19.378" endtime="20211031 02:55:19.380"/>
</kw>
<kw name="Evaluate" library="BuiltIn">
<var>${super_var}</var>
<arg>json.loads($file)</arg>
<arg>json</arg>
<doc>Evaluates the given expression in Python and returns the result.</doc>
<msg timestamp="20211031 02:55:19.382" level="INFO">${super_var} = {'base_url': 'https://testessigsaude.imd.ufrn.br/sigsaude', 'navegador': 'chromium'}</msg>
<status status="PASS" starttime="20211031 02:55:19.380" endtime="20211031 02:55:19.382"/>
</kw>
<msg timestamp="20211031 02:55:19.382" level="INFO">${config_json} = {'base_url': 'https://testessigsaude.imd.ufrn.br/sigsaude', 'navegador': 'chromium'}</msg>
<status status="PASS" starttime="20211031 02:55:19.377" endtime="20211031 02:55:19.382"/>
</kw>
<kw name="New Page" library="Browser">
<arg>${config_json["base_url"]}</arg>
<tag>BrowserControl</tag>
<tag>Setter</tag>
<doc>Open a new Page. A Page is the Playwright equivalent to a tab.
See `Browser, Context and Page` for more information about Page concept.
Returns a stable identifier for the created page.</doc>
<msg timestamp="20211031 02:55:25.536" level="INFO">Successfully initialized new page object and opened url: https://testessigsaude.imd.ufrn.br/sigsaude</msg>
<msg timestamp="20211031 02:55:25.537" level="INFO">No context was open. New context was automatically opened when this page is created.</msg>
<status status="PASS" starttime="20211031 02:55:19.383" endtime="20211031 02:55:25.537"/>
</kw>
<kw name="Direcionamento da tela &quot;login&quot;" library="nav" sourcename="Direcionamento da tela &quot;${page}&quot;">
<kw name="Get JSON" library="base">
<var>${telas_json}</var>
<arg>telas.json</arg>
<kw name="Get File" library="OperatingSystem">
<var>${file}</var>
<arg>${EXECDIR}/Files/${file_name}</arg>
<doc>Returns the contents of a specified file.</doc>
<msg timestamp="20211031 02:55:25.543" level="INFO" html="true">Getting file '&lt;a href="file:///home/m.calixta/Projeto sigsaúde/Files/telas.json"&gt;/home/m.calixta/Projeto sigsaúde/Files/telas.json&lt;/a&gt;'.</msg>
<msg timestamp="20211031 02:55:25.544" level="INFO">${file} = {
    "login":"/login",
    "novo usuario de serviço":"/paciente/cadastro",
    "listar usuarios de serviço":"/paciente",
    "cadastro de colaborador":"/colaborador/form",
    "agendamento":"/agendam...</msg>
<status status="PASS" starttime="20211031 02:55:25.542" endtime="20211031 02:55:25.544"/>
</kw>
<kw name="Evaluate" library="BuiltIn">
<var>${super_var}</var>
<arg>json.loads($file)</arg>
<arg>json</arg>
<doc>Evaluates the given expression in Python and returns the result.</doc>
<msg timestamp="20211031 02:55:25.546" level="INFO">${super_var} = {'login': '/login', 'novo usuario de serviço': '/paciente/cadastro', 'listar usuarios de serviço': '/paciente', 'cadastro de colaborador': '/colaborador/form', 'agendamento': '/agendamento', 'listar c...</msg>
<status status="PASS" starttime="20211031 02:55:25.545" endtime="20211031 02:55:25.546"/>
</kw>
<msg timestamp="20211031 02:55:25.547" level="INFO">${telas_json} = {'login': '/login', 'novo usuario de serviço': '/paciente/cadastro', 'listar usuarios de serviço': '/paciente', 'cadastro de colaborador': '/colaborador/form', 'agendamento': '/agendamento', 'listar c...</msg>
<status status="PASS" starttime="20211031 02:55:25.540" endtime="20211031 02:55:25.547"/>
</kw>
<kw name="Get JSON" library="base">
<var>${config_json}</var>
<arg>config.json</arg>
<kw name="Get File" library="OperatingSystem">
<var>${file}</var>
<arg>${EXECDIR}/Files/${file_name}</arg>
<doc>Returns the contents of a specified file.</doc>
<msg timestamp="20211031 02:55:25.551" level="INFO" html="true">Getting file '&lt;a href="file:///home/m.calixta/Projeto sigsaúde/Files/config.json"&gt;/home/m.calixta/Projeto sigsaúde/Files/config.json&lt;/a&gt;'.</msg>
<msg timestamp="20211031 02:55:25.551" level="INFO">${file} = {
    "base_url":"https://testessigsaude.imd.ufrn.br/sigsaude",
    "navegador":"chromium"
}</msg>
<status status="PASS" starttime="20211031 02:55:25.550" endtime="20211031 02:55:25.551"/>
</kw>
<kw name="Evaluate" library="BuiltIn">
<var>${super_var}</var>
<arg>json.loads($file)</arg>
<arg>json</arg>
<doc>Evaluates the given expression in Python and returns the result.</doc>
<msg timestamp="20211031 02:55:25.554" level="INFO">${super_var} = {'base_url': 'https://testessigsaude.imd.ufrn.br/sigsaude', 'navegador': 'chromium'}</msg>
<status status="PASS" starttime="20211031 02:55:25.552" endtime="20211031 02:55:25.554"/>
</kw>
<msg timestamp="20211031 02:55:25.554" level="INFO">${config_json} = {'base_url': 'https://testessigsaude.imd.ufrn.br/sigsaude', 'navegador': 'chromium'}</msg>
<status status="PASS" starttime="20211031 02:55:25.548" endtime="20211031 02:55:25.555"/>
</kw>
<kw name="Go To" library="Browser">
<arg>${config_json["base_url"]}${telas_json["${page}"]}</arg>
<tag>BrowserControl</tag>
<tag>Setter</tag>
<doc>Navigates to the given ``url``.</doc>
<msg timestamp="20211031 02:55:26.308" level="INFO">Succesfully opened URL https://testessigsaude.imd.ufrn.br/sigsaude/login</msg>
<status status="PASS" starttime="20211031 02:55:25.555" endtime="20211031 02:55:26.308"/>
</kw>
<status status="PASS" starttime="20211031 02:55:25.539" endtime="20211031 02:55:26.310"/>
</kw>
<kw name="Get JSON" library="base">
<var>${login_json}</var>
<arg>login.json</arg>
<kw name="Get File" library="OperatingSystem">
<var>${file}</var>
<arg>${EXECDIR}/Files/${file_name}</arg>
<doc>Returns the contents of a specified file.</doc>
<msg timestamp="20211031 02:55:26.314" level="INFO" html="true">Getting file '&lt;a href="file:///home/m.calixta/Projeto sigsaúde/Files/login.json"&gt;/home/m.calixta/Projeto sigsaúde/Files/login.json&lt;/a&gt;'.</msg>
<msg timestamp="20211031 02:55:26.314" level="INFO">${file} = {

    "Psicologia":{
        "login": "drpsicologia",
        "senha": 85278120029
    },

    "Endocrinologia":{
        "login": "drendocrinologia",
        "senha": 98841863323
    }
}</msg>
<status status="PASS" starttime="20211031 02:55:26.313" endtime="20211031 02:55:26.315"/>
</kw>
<kw name="Evaluate" library="BuiltIn">
<var>${super_var}</var>
<arg>json.loads($file)</arg>
<arg>json</arg>
<doc>Evaluates the given expression in Python and returns the result.</doc>
<msg timestamp="20211031 02:55:26.317" level="INFO">${super_var} = {'Psicologia': {'login': 'drpsicologia', 'senha': 85278120029}, 'Endocrinologia': {'login': 'drendocrinologia', 'senha': 98841863323}}</msg>
<status status="PASS" starttime="20211031 02:55:26.315" endtime="20211031 02:55:26.317"/>
</kw>
<msg timestamp="20211031 02:55:26.319" level="INFO">${login_json} = {'Psicologia': {'login': 'drpsicologia', 'senha': 85278120029}, 'Endocrinologia': {'login': 'drendocrinologia', 'senha': 98841863323}}</msg>
<status status="PASS" starttime="20211031 02:55:26.311" endtime="20211031 02:55:26.319"/>
</kw>
<kw name="Fill Text" library="Browser">
<arg>id=login-username</arg>
<arg>${login_json["${login_usuario}"]["login"]}</arg>
<tag>PageContent</tag>
<tag>Setter</tag>
<doc>Clears and fills the given ``text`` into the text field found by ``selector``.</doc>
<msg timestamp="20211031 02:55:26.323" level="INFO">Fills the text 'drendocrinologia' in the given field.</msg>
<status status="PASS" starttime="20211031 02:55:26.320" endtime="20211031 02:55:26.359"/>
</kw>
<kw name="Fill Text" library="Browser">
<arg>id=login-password</arg>
<arg>${login_json["${login_usuario}"]["senha"]}</arg>
<tag>PageContent</tag>
<tag>Setter</tag>
<doc>Clears and fills the given ``text`` into the text field found by ``selector``.</doc>
<msg timestamp="20211031 02:55:26.362" level="INFO">Fills the text '98841863323' in the given field.</msg>
<status status="PASS" starttime="20211031 02:55:26.360" endtime="20211031 02:55:26.377"/>
</kw>
<kw name="Click" library="Browser">
<arg>css=[value='Entrar']</arg>
<tag>PageContent</tag>
<tag>Setter</tag>
<doc>Simulates mouse click on the element found by ``selector``.</doc>
<status status="PASS" starttime="20211031 02:55:26.378" endtime="20211031 02:55:27.130"/>
</kw>
<status status="PASS" starttime="20211031 02:55:19.128" endtime="20211031 02:55:27.131"/>
</kw>
<test id="s1-t1" name="[001] - Realizar atendimento (Completo)">
<kw name="Dado" library="bdd">
<arg>que o usuario está na tela "atendimento"</arg>
<kw name="Run Keyword" library="BuiltIn">
<arg>@{Keywords}</arg>
<doc>Executes the given keyword with the given arguments.</doc>
<kw name="que o usuario está na tela &quot;atendimento&quot;" library="nav" sourcename="que o usuario está na tela &quot;${tela}&quot;">
<kw name="Direcionamento da tela &quot;${tela}&quot;" library="nav" sourcename="Direcionamento da tela &quot;${page}&quot;">
<kw name="Get JSON" library="base">
<var>${telas_json}</var>
<arg>telas.json</arg>
<kw name="Get File" library="OperatingSystem">
<var>${file}</var>
<arg>${EXECDIR}/Files/${file_name}</arg>
<doc>Returns the contents of a specified file.</doc>
<msg timestamp="20211031 02:55:27.159" level="INFO" html="true">Getting file '&lt;a href="file:///home/m.calixta/Projeto sigsaúde/Files/telas.json"&gt;/home/m.calixta/Projeto sigsaúde/Files/telas.json&lt;/a&gt;'.</msg>
<msg timestamp="20211031 02:55:27.159" level="INFO">${file} = {
    "login":"/login",
    "novo usuario de serviço":"/paciente/cadastro",
    "listar usuarios de serviço":"/paciente",
    "cadastro de colaborador":"/colaborador/form",
    "agendamento":"/agendam...</msg>
<status status="PASS" starttime="20211031 02:55:27.158" endtime="20211031 02:55:27.159"/>
</kw>
<kw name="Evaluate" library="BuiltIn">
<var>${super_var}</var>
<arg>json.loads($file)</arg>
<arg>json</arg>
<doc>Evaluates the given expression in Python and returns the result.</doc>
<msg timestamp="20211031 02:55:27.162" level="INFO">${super_var} = {'login': '/login', 'novo usuario de serviço': '/paciente/cadastro', 'listar usuarios de serviço': '/paciente', 'cadastro de colaborador': '/colaborador/form', 'agendamento': '/agendamento', 'listar c...</msg>
<status status="PASS" starttime="20211031 02:55:27.160" endtime="20211031 02:55:27.162"/>
</kw>
<msg timestamp="20211031 02:55:27.163" level="INFO">${telas_json} = {'login': '/login', 'novo usuario de serviço': '/paciente/cadastro', 'listar usuarios de serviço': '/paciente', 'cadastro de colaborador': '/colaborador/form', 'agendamento': '/agendamento', 'listar c...</msg>
<status status="PASS" starttime="20211031 02:55:27.156" endtime="20211031 02:55:27.163"/>
</kw>
<kw name="Get JSON" library="base">
<var>${config_json}</var>
<arg>config.json</arg>
<kw name="Get File" library="OperatingSystem">
<var>${file}</var>
<arg>${EXECDIR}/Files/${file_name}</arg>
<doc>Returns the contents of a specified file.</doc>
<msg timestamp="20211031 02:55:27.168" level="INFO" html="true">Getting file '&lt;a href="file:///home/m.calixta/Projeto sigsaúde/Files/config.json"&gt;/home/m.calixta/Projeto sigsaúde/Files/config.json&lt;/a&gt;'.</msg>
<msg timestamp="20211031 02:55:27.169" level="INFO">${file} = {
    "base_url":"https://testessigsaude.imd.ufrn.br/sigsaude",
    "navegador":"chromium"
}</msg>
<status status="PASS" starttime="20211031 02:55:27.167" endtime="20211031 02:55:27.169"/>
</kw>
<kw name="Evaluate" library="BuiltIn">
<var>${super_var}</var>
<arg>json.loads($file)</arg>
<arg>json</arg>
<doc>Evaluates the given expression in Python and returns the result.</doc>
<msg timestamp="20211031 02:55:27.171" level="INFO">${super_var} = {'base_url': 'https://testessigsaude.imd.ufrn.br/sigsaude', 'navegador': 'chromium'}</msg>
<status status="PASS" starttime="20211031 02:55:27.170" endtime="20211031 02:55:27.172"/>
</kw>
<msg timestamp="20211031 02:55:27.173" level="INFO">${config_json} = {'base_url': 'https://testessigsaude.imd.ufrn.br/sigsaude', 'navegador': 'chromium'}</msg>
<status status="PASS" starttime="20211031 02:55:27.164" endtime="20211031 02:55:27.173"/>
</kw>
<kw name="Go To" library="Browser">
<arg>${config_json["base_url"]}${telas_json["${page}"]}</arg>
<tag>BrowserControl</tag>
<tag>Setter</tag>
<doc>Navigates to the given ``url``.</doc>
<msg timestamp="20211031 02:55:29.349" level="INFO">Succesfully opened URL https://testessigsaude.imd.ufrn.br/sigsaude/agenda/</msg>
<status status="PASS" starttime="20211031 02:55:27.174" endtime="20211031 02:55:29.350"/>
</kw>
<status status="PASS" starttime="20211031 02:55:27.154" endtime="20211031 02:55:29.350"/>
</kw>
<status status="PASS" starttime="20211031 02:55:27.153" endtime="20211031 02:55:29.351"/>
</kw>
<status status="PASS" starttime="20211031 02:55:27.151" endtime="20211031 02:55:29.351"/>
</kw>
<status status="PASS" starttime="20211031 02:55:27.149" endtime="20211031 02:55:29.352"/>
</kw>
<kw name="E" library="bdd">
<arg>informar o campo "Data da listagem" com o "01112021"</arg>
<kw name="Run Keyword" library="BuiltIn">
<arg>@{Keywords}</arg>
<doc>Executes the given keyword with the given arguments.</doc>
<kw name="informar o campo &quot;Data da listagem&quot; com o &quot;01112021&quot;" library="keywords_atendimento" sourcename="informar o campo &quot;${campo}&quot; com o &quot;${valor}&quot;">
<kw name="Get JSON" library="base">
<var>${elementos_aten_json}</var>
<arg>elementos_aten.json</arg>
<kw name="Get File" library="OperatingSystem">
<var>${file}</var>
<arg>${EXECDIR}/Files/${file_name}</arg>
<doc>Returns the contents of a specified file.</doc>
<msg timestamp="20211031 02:55:29.363" level="INFO" html="true">Getting file '&lt;a href="file:///home/m.calixta/Projeto sigsaúde/Files/elementos_aten.json"&gt;/home/m.calixta/Projeto sigsaúde/Files/elementos_aten.json&lt;/a&gt;'.</msg>
<msg timestamp="20211031 02:55:29.364" level="INFO">${file} = {
    "Data da listagem":"dataListagem",
    "Pesquisar":"button[class='btn btn-success']",
    "Atendimento":"a[class='atendimento btn-sigsaude btnCorAtendimento']",
    "Sim":"button[class='swal-but...</msg>
<status status="PASS" starttime="20211031 02:55:29.362" endtime="20211031 02:55:29.364"/>
</kw>
<kw name="Evaluate" library="BuiltIn">
<var>${super_var}</var>
<arg>json.loads($file)</arg>
<arg>json</arg>
<doc>Evaluates the given expression in Python and returns the result.</doc>
<msg timestamp="20211031 02:55:29.366" level="INFO">${super_var} = {'Data da listagem': 'dataListagem', 'Pesquisar': "button[class='btn btn-success']", 'Atendimento': "a[class='atendimento btn-sigsaude btnCorAtendimento']", 'Sim': "button[class='swal-button swal-butt...</msg>
<status status="PASS" starttime="20211031 02:55:29.365" endtime="20211031 02:55:29.366"/>
</kw>
<msg timestamp="20211031 02:55:29.368" level="INFO">${elementos_aten_json} = {'Data da listagem': 'dataListagem', 'Pesquisar': "button[class='btn btn-success']", 'Atendimento': "a[class='atendimento btn-sigsaude btnCorAtendimento']", 'Sim': "button[class='swal-button swal-butt...</msg>
<status status="PASS" starttime="20211031 02:55:29.359" endtime="20211031 02:55:29.368"/>
</kw>
<kw name="Type Text" library="Browser">
<arg>id=${elementos_aten_json["${campo}"]}</arg>
<arg>${valor}</arg>
<tag>PageContent</tag>
<tag>Setter</tag>
<doc>Types the given ``txt`` into the text field found by ``selector``.</doc>
<msg timestamp="20211031 02:55:29.373" level="INFO">Types the text '01112021' in the given field.</msg>
<status status="PASS" starttime="20211031 02:55:29.369" endtime="20211031 02:55:29.467"/>
</kw>
<status status="PASS" starttime="20211031 02:55:29.357" endtime="20211031 02:55:29.467"/>
</kw>
<status status="PASS" starttime="20211031 02:55:29.355" endtime="20211031 02:55:29.467"/>
</kw>
<status status="PASS" starttime="20211031 02:55:29.352" endtime="20211031 02:55:29.468"/>
</kw>
<kw name="Quando" library="bdd">
<arg>pressionar o botão "Pesquisar"</arg>
<kw name="Run Keyword" library="BuiltIn">
<arg>@{Keywords}</arg>
<doc>Executes the given keyword with the given arguments.</doc>
<kw name="pressionar o botão &quot;Pesquisar&quot;" library="keywords_atendimento" sourcename="pressionar o botão &quot;${botão}&quot;">
<kw name="Get JSON" library="base">
<var>${elementos_aten_json}</var>
<arg>elementos_aten.json</arg>
<kw name="Get File" library="OperatingSystem">
<var>${file}</var>
<arg>${EXECDIR}/Files/${file_name}</arg>
<doc>Returns the contents of a specified file.</doc>
<msg timestamp="20211031 02:55:29.476" level="INFO" html="true">Getting file '&lt;a href="file:///home/m.calixta/Projeto sigsaúde/Files/elementos_aten.json"&gt;/home/m.calixta/Projeto sigsaúde/Files/elementos_aten.json&lt;/a&gt;'.</msg>
<msg timestamp="20211031 02:55:29.477" level="INFO">${file} = {
    "Data da listagem":"dataListagem",
    "Pesquisar":"button[class='btn btn-success']",
    "Atendimento":"a[class='atendimento btn-sigsaude btnCorAtendimento']",
    "Sim":"button[class='swal-but...</msg>
<status status="PASS" starttime="20211031 02:55:29.474" endtime="20211031 02:55:29.477"/>
</kw>
<kw name="Evaluate" library="BuiltIn">
<var>${super_var}</var>
<arg>json.loads($file)</arg>
<arg>json</arg>
<doc>Evaluates the given expression in Python and returns the result.</doc>
<msg timestamp="20211031 02:55:29.480" level="INFO">${super_var} = {'Data da listagem': 'dataListagem', 'Pesquisar': "button[class='btn btn-success']", 'Atendimento': "a[class='atendimento btn-sigsaude btnCorAtendimento']", 'Sim': "button[class='swal-button swal-butt...</msg>
<status status="PASS" starttime="20211031 02:55:29.478" endtime="20211031 02:55:29.481"/>
</kw>
<msg timestamp="20211031 02:55:29.482" level="INFO">${elementos_aten_json} = {'Data da listagem': 'dataListagem', 'Pesquisar': "button[class='btn btn-success']", 'Atendimento': "a[class='atendimento btn-sigsaude btnCorAtendimento']", 'Sim': "button[class='swal-button swal-butt...</msg>
<status status="PASS" starttime="20211031 02:55:29.473" endtime="20211031 02:55:29.482"/>
</kw>
<kw name="Click" library="Browser">
<arg>css=${elementos_aten_json["${botão}"]}</arg>
<tag>PageContent</tag>
<tag>Setter</tag>
<doc>Simulates mouse click on the element found by ``selector``.</doc>
<status status="PASS" starttime="20211031 02:55:29.483" endtime="20211031 02:55:29.553"/>
</kw>
<status status="PASS" starttime="20211031 02:55:29.471" endtime="20211031 02:55:29.554"/>
</kw>
<status status="PASS" starttime="20211031 02:55:29.470" endtime="20211031 02:55:29.554"/>
</kw>
<status status="PASS" starttime="20211031 02:55:29.468" endtime="20211031 02:55:29.555"/>
</kw>
<kw name="Então" library="bdd">
<arg>iniciar atendimento</arg>
<kw name="Run Keyword" library="BuiltIn">
<arg>@{Keywords}</arg>
<doc>Executes the given keyword with the given arguments.</doc>
<kw name="iniciar atendimento" library="keywords_atendimento">
<kw name="Get JSON" library="base">
<var>${elementos_aten_json}</var>
<arg>elementos_aten.json</arg>
<kw name="Get File" library="OperatingSystem">
<var>${file}</var>
<arg>${EXECDIR}/Files/${file_name}</arg>
<doc>Returns the contents of a specified file.</doc>
<msg timestamp="20211031 02:55:29.565" level="INFO" html="true">Getting file '&lt;a href="file:///home/m.calixta/Projeto sigsaúde/Files/elementos_aten.json"&gt;/home/m.calixta/Projeto sigsaúde/Files/elementos_aten.json&lt;/a&gt;'.</msg>
<msg timestamp="20211031 02:55:29.566" level="INFO">${file} = {
    "Data da listagem":"dataListagem",
    "Pesquisar":"button[class='btn btn-success']",
    "Atendimento":"a[class='atendimento btn-sigsaude btnCorAtendimento']",
    "Sim":"button[class='swal-but...</msg>
<status status="PASS" starttime="20211031 02:55:29.564" endtime="20211031 02:55:29.566"/>
</kw>
<kw name="Evaluate" library="BuiltIn">
<var>${super_var}</var>
<arg>json.loads($file)</arg>
<arg>json</arg>
<doc>Evaluates the given expression in Python and returns the result.</doc>
<msg timestamp="20211031 02:55:29.568" level="INFO">${super_var} = {'Data da listagem': 'dataListagem', 'Pesquisar': "button[class='btn btn-success']", 'Atendimento': "a[class='atendimento btn-sigsaude btnCorAtendimento']", 'Sim': "button[class='swal-button swal-butt...</msg>
<status status="PASS" starttime="20211031 02:55:29.567" endtime="20211031 02:55:29.568"/>
</kw>
<msg timestamp="20211031 02:55:29.569" level="INFO">${elementos_aten_json} = {'Data da listagem': 'dataListagem', 'Pesquisar': "button[class='btn btn-success']", 'Atendimento': "a[class='atendimento btn-sigsaude btnCorAtendimento']", 'Sim': "button[class='swal-button swal-butt...</msg>
<status status="PASS" starttime="20211031 02:55:29.561" endtime="20211031 02:55:29.569"/>
</kw>
<kw name="Click" library="Browser">
<arg>css=${elementos_aten_json["Atendimento"]}</arg>
<tag>PageContent</tag>
<tag>Setter</tag>
<doc>Simulates mouse click on the element found by ``selector``.</doc>
<status status="PASS" starttime="20211031 02:55:29.570" endtime="20211031 02:55:30.050"/>
</kw>
<kw name="Wait For Elements State" library="Browser">
<arg>css=${elementos_aten_json["Tela de aviso"]}</arg>
<arg>visible</arg>
<tag>PageContent</tag>
<tag>Wait</tag>
<doc>Waits for the element found by ``selector`` to satisfy state option.</doc>
<msg timestamp="20211031 02:55:30.132" level="INFO">Wait for Element with selector: css=.swal-modal</msg>
<status status="PASS" starttime="20211031 02:55:30.051" endtime="20211031 02:55:30.132"/>
</kw>
<for flavor="IN RANGE">
<var>${contador}</var>
<value>1</value>
<value>3</value>
<iter>
<var name="${contador}">1</var>
<kw name="Click" library="Browser">
<arg>css=${elementos_aten_json["Sim"]}</arg>
<tag>PageContent</tag>
<tag>Setter</tag>
<doc>Simulates mouse click on the element found by ``selector``.</doc>
<status status="PASS" starttime="20211031 02:55:30.134" endtime="20211031 02:55:30.494"/>
</kw>
<status status="PASS" starttime="20211031 02:55:30.133" endtime="20211031 02:55:30.494"/>
</iter>
<iter>
<var name="${contador}">2</var>
<kw name="Click" library="Browser">
<arg>css=${elementos_aten_json["Sim"]}</arg>
<tag>PageContent</tag>
<tag>Setter</tag>
<doc>Simulates mouse click on the element found by ``selector``.</doc>
<status status="PASS" starttime="20211031 02:55:30.496" endtime="20211031 02:55:31.745"/>
</kw>
<status status="PASS" starttime="20211031 02:55:30.494" endtime="20211031 02:55:31.746"/>
</iter>
<status status="PASS" starttime="20211031 02:55:30.132" endtime="20211031 02:55:31.746"/>
</for>
<status status="PASS" starttime="20211031 02:55:29.559" endtime="20211031 02:55:31.747"/>
</kw>
<status status="PASS" starttime="20211031 02:55:29.558" endtime="20211031 02:55:31.748"/>
</kw>
<status status="PASS" starttime="20211031 02:55:29.556" endtime="20211031 02:55:31.749"/>
</kw>
<kw name="E" library="bdd">
<arg>informar dados de diagnóstico</arg>
<kw name="Run Keyword" library="BuiltIn">
<arg>@{Keywords}</arg>
<doc>Executes the given keyword with the given arguments.</doc>
<kw name="informar dados de diagnóstico" library="keywords_atendimento">
<kw name="Get JSON" library="base">
<var>${elementos_aten_json}</var>
<arg>elementos_aten.json</arg>
<kw name="Get File" library="OperatingSystem">
<var>${file}</var>
<arg>${EXECDIR}/Files/${file_name}</arg>
<doc>Returns the contents of a specified file.</doc>
<msg timestamp="20211031 02:55:31.761" level="INFO" html="true">Getting file '&lt;a href="file:///home/m.calixta/Projeto sigsaúde/Files/elementos_aten.json"&gt;/home/m.calixta/Projeto sigsaúde/Files/elementos_aten.json&lt;/a&gt;'.</msg>
<msg timestamp="20211031 02:55:31.762" level="INFO">${file} = {
    "Data da listagem":"dataListagem",
    "Pesquisar":"button[class='btn btn-success']",
    "Atendimento":"a[class='atendimento btn-sigsaude btnCorAtendimento']",
    "Sim":"button[class='swal-but...</msg>
<status status="PASS" starttime="20211031 02:55:31.760" endtime="20211031 02:55:31.762"/>
</kw>
<kw name="Evaluate" library="BuiltIn">
<var>${super_var}</var>
<arg>json.loads($file)</arg>
<arg>json</arg>
<doc>Evaluates the given expression in Python and returns the result.</doc>
<msg timestamp="20211031 02:55:31.765" level="INFO">${super_var} = {'Data da listagem': 'dataListagem', 'Pesquisar': "button[class='btn btn-success']", 'Atendimento': "a[class='atendimento btn-sigsaude btnCorAtendimento']", 'Sim': "button[class='swal-button swal-butt...</msg>
<status status="PASS" starttime="20211031 02:55:31.763" endtime="20211031 02:55:31.765"/>
</kw>
<msg timestamp="20211031 02:55:31.766" level="INFO">${elementos_aten_json} = {'Data da listagem': 'dataListagem', 'Pesquisar': "button[class='btn btn-success']", 'Atendimento': "a[class='atendimento btn-sigsaude btnCorAtendimento']", 'Sim': "button[class='swal-button swal-butt...</msg>
<status status="PASS" starttime="20211031 02:55:31.757" endtime="20211031 02:55:31.766"/>
</kw>
<kw name="Click" library="Browser">
<arg>id=${elementos_aten_json["Dados de diagnóstico"]}</arg>
<tag>PageContent</tag>
<tag>Setter</tag>
<doc>Simulates mouse click on the element found by ``selector``.</doc>
<status status="PASS" starttime="20211031 02:55:31.767" endtime="20211031 02:55:35.619"/>
</kw>
<kw name="Padrão descrição" library="variaveis">
<var>${valor}</var>
<kw name="Get File" library="OperatingSystem">
<var>${descrição}</var>
<arg>${EXECDIR}/Resources/Auxiliar/descrição.txt</arg>
<arg>UTF-8</arg>
<arg>strict</arg>
<doc>Returns the contents of a specified file.</doc>
<msg timestamp="20211031 02:55:35.622" level="INFO" html="true">Getting file '&lt;a href="file:///home/m.calixta/Projeto sigsaúde/Resources/Auxiliar/descrição.txt"&gt;/home/m.calixta/Projeto sigsaúde/Resources/Auxiliar/descrição.txt&lt;/a&gt;'.</msg>
<msg timestamp="20211031 02:55:35.622" level="INFO">${descrição} = 
Lorem ipsum potenti semper orci quam luctus eget sollicitudin ipsum, sollicitudin dapibus fames etiam imperdiet rutrum ac ultricies, ipsum vivamus quam suspendisse imperdiet condimentum aptent proin....</msg>
<status status="PASS" starttime="20211031 02:55:35.621" endtime="20211031 02:55:35.622"/>
</kw>
<msg timestamp="20211031 02:55:35.623" level="INFO">${valor} = 
Lorem ipsum potenti semper orci quam luctus eget sollicitudin ipsum, sollicitudin dapibus fames etiam imperdiet rutrum ac ultricies, ipsum vivamus quam suspendisse imperdiet condimentum aptent proin....</msg>
<status status="PASS" starttime="20211031 02:55:35.620" endtime="20211031 02:55:35.623"/>
</kw>
<for flavor="IN RANGE">
<var>${contador}</var>
<value>1</value>
<value>4</value>
<iter>
<var name="${contador}">1</var>
<if>
<branch type="IF" condition="${contador}==1">
<kw name="Set Variable" library="BuiltIn">
<var>${campo}</var>
<arg>Possui HAS?</arg>
<doc>Returns the given values which can then be assigned to a variables.</doc>
<msg timestamp="20211031 02:55:35.627" level="INFO">${campo} = Possui HAS?</msg>
<status status="PASS" starttime="20211031 02:55:35.626" endtime="20211031 02:55:35.627"/>
</kw>
<kw name="Set Variable" library="BuiltIn">
<var>${descrição}</var>
<arg>Descrição da HAS</arg>
<doc>Returns the given values which can then be assigned to a variables.</doc>
<msg timestamp="20211031 02:55:35.630" level="INFO">${descrição} = Descrição da HAS</msg>
<status status="PASS" starttime="20211031 02:55:35.628" endtime="20211031 02:55:35.630"/>
</kw>
<status status="PASS" starttime="20211031 02:55:35.625" endtime="20211031 02:55:35.630"/>
</branch>
<branch type="ELSE IF" condition="${contador}==2">
<kw name="Set Variable" library="BuiltIn">
<var>${campo}</var>
<arg>Possui DM?</arg>
<doc>Returns the given values which can then be assigned to a variables.</doc>
<status status="NOT RUN" starttime="20211031 02:55:35.631" endtime="20211031 02:55:35.631"/>
</kw>
<kw name="Set Variable" library="BuiltIn">
<var>${descrição}</var>
<arg>Descrição da DM</arg>
<doc>Returns the given values which can then be assigned to a variables.</doc>
<status status="NOT RUN" starttime="20211031 02:55:35.632" endtime="20211031 02:55:35.632"/>
</kw>
<status status="NOT RUN" starttime="20211031 02:55:35.630" endtime="20211031 02:55:35.632"/>
</branch>
<branch type="ELSE IF" condition="${contador}==3">
<kw name="Set Variable" library="BuiltIn">
<var>${campo}</var>
<arg>Possui DLP?</arg>
<doc>Returns the given values which can then be assigned to a variables.</doc>
<status status="NOT RUN" starttime="20211031 02:55:35.633" endtime="20211031 02:55:35.633"/>
</kw>
<kw name="Set Variable" library="BuiltIn">
<var>${descrição}</var>
<arg>Descrição da DLP</arg>
<doc>Returns the given values which can then be assigned to a variables.</doc>
<status status="NOT RUN" starttime="20211031 02:55:35.634" endtime="20211031 02:55:35.634"/>
</kw>
<status status="NOT RUN" starttime="20211031 02:55:35.632" endtime="20211031 02:55:35.634"/>
</branch>
<status status="PASS" starttime="20211031 02:55:35.624" endtime="20211031 02:55:35.634"/>
</if>
<kw name="Select Options By" library="Browser">
<arg>id=${elementos_aten_json["${campo}"]}</arg>
<arg>Text</arg>
<arg>SIM</arg>
<tag>PageContent</tag>
<tag>Setter</tag>
<doc>Selects options from select element found by ``selector``.</doc>
<status status="PASS" starttime="20211031 02:55:35.635" endtime="20211031 02:55:35.687"/>
</kw>
<kw name="informar o campo &quot;${descrição}&quot; com o &quot;Teste automatizado&quot;" library="keywords_atendimento" sourcename="informar o campo &quot;${campo}&quot; com o &quot;${valor}&quot;">
<kw name="Get JSON" library="base">
<var>${elementos_aten_json}</var>
<arg>elementos_aten.json</arg>
<kw name="Get File" library="OperatingSystem">
<var>${file}</var>
<arg>${EXECDIR}/Files/${file_name}</arg>
<doc>Returns the contents of a specified file.</doc>
<msg timestamp="20211031 02:55:35.691" level="INFO" html="true">Getting file '&lt;a href="file:///home/m.calixta/Projeto sigsaúde/Files/elementos_aten.json"&gt;/home/m.calixta/Projeto sigsaúde/Files/elementos_aten.json&lt;/a&gt;'.</msg>
<msg timestamp="20211031 02:55:35.692" level="INFO">${file} = {
    "Data da listagem":"dataListagem",
    "Pesquisar":"button[class='btn btn-success']",
    "Atendimento":"a[class='atendimento btn-sigsaude btnCorAtendimento']",
    "Sim":"button[class='swal-but...</msg>
<status status="PASS" starttime="20211031 02:55:35.690" endtime="20211031 02:55:35.692"/>
</kw>
<kw name="Evaluate" library="BuiltIn">
<var>${super_var}</var>
<arg>json.loads($file)</arg>
<arg>json</arg>
<doc>Evaluates the given expression in Python and returns the result.</doc>
<msg timestamp="20211031 02:55:35.694" level="INFO">${super_var} = {'Data da listagem': 'dataListagem', 'Pesquisar': "button[class='btn btn-success']", 'Atendimento': "a[class='atendimento btn-sigsaude btnCorAtendimento']", 'Sim': "button[class='swal-button swal-butt...</msg>
<status status="PASS" starttime="20211031 02:55:35.693" endtime="20211031 02:55:35.694"/>
</kw>
<msg timestamp="20211031 02:55:35.695" level="INFO">${elementos_aten_json} = {'Data da listagem': 'dataListagem', 'Pesquisar': "button[class='btn btn-success']", 'Atendimento': "a[class='atendimento btn-sigsaude btnCorAtendimento']", 'Sim': "button[class='swal-button swal-butt...</msg>
<status status="PASS" starttime="20211031 02:55:35.689" endtime="20211031 02:55:35.695"/>
</kw>
<kw name="Type Text" library="Browser">
<arg>id=${elementos_aten_json["${campo}"]}</arg>
<arg>${valor}</arg>
<tag>PageContent</tag>
<tag>Setter</tag>
<doc>Types the given ``txt`` into the text field found by ``selector``.</doc>
<msg timestamp="20211031 02:55:35.699" level="INFO">Types the text 'Teste automatizado' in the given field.</msg>
<status status="PASS" starttime="20211031 02:55:35.696" endtime="20211031 02:55:35.787"/>
</kw>
<status status="PASS" starttime="20211031 02:55:35.688" endtime="20211031 02:55:35.787"/>
</kw>
<kw name="Click" library="Browser">
<arg>xpath=${elementos_aten_json["Avançar"]}</arg>
<tag>PageContent</tag>
<tag>Setter</tag>
<doc>Simulates mouse click on the element found by ``selector``.</doc>
<status status="PASS" starttime="20211031 02:55:35.788" endtime="20211031 02:55:35.860"/>
</kw>
<status status="PASS" starttime="20211031 02:55:35.624" endtime="20211031 02:55:35.860"/>
</iter>
<iter>
<var name="${contador}">2</var>
<if>
<branch type="IF" condition="${contador}==1">
<kw name="Set Variable" library="BuiltIn">
<var>${campo}</var>
<arg>Possui HAS?</arg>
<doc>Returns the given values which can then be assigned to a variables.</doc>
<status status="NOT RUN" starttime="20211031 02:55:35.862" endtime="20211031 02:55:35.862"/>
</kw>
<kw name="Set Variable" library="BuiltIn">
<var>${descrição}</var>
<arg>Descrição da HAS</arg>
<doc>Returns the given values which can then be assigned to a variables.</doc>
<status status="NOT RUN" starttime="20211031 02:55:35.863" endtime="20211031 02:55:35.863"/>
</kw>
<status status="NOT RUN" starttime="20211031 02:55:35.861" endtime="20211031 02:55:35.863"/>
</branch>
<branch type="ELSE IF" condition="${contador}==2">
<kw name="Set Variable" library="BuiltIn">
<var>${campo}</var>
<arg>Possui DM?</arg>
<doc>Returns the given values which can then be assigned to a variables.</doc>
<msg timestamp="20211031 02:55:35.865" level="INFO">${campo} = Possui DM?</msg>
<status status="PASS" starttime="20211031 02:55:35.864" endtime="20211031 02:55:35.865"/>
</kw>
<kw name="Set Variable" library="BuiltIn">
<var>${descrição}</var>
<arg>Descrição da DM</arg>
<doc>Returns the given values which can then be assigned to a variables.</doc>
<msg timestamp="20211031 02:55:35.867" level="INFO">${descrição} = Descrição da DM</msg>
<status status="PASS" starttime="20211031 02:55:35.866" endtime="20211031 02:55:35.867"/>
</kw>
<status status="PASS" starttime="20211031 02:55:35.864" endtime="20211031 02:55:35.867"/>
</branch>
<branch type="ELSE IF" condition="${contador}==3">
<kw name="Set Variable" library="BuiltIn">
<var>${campo}</var>
<arg>Possui DLP?</arg>
<doc>Returns the given values which can then be assigned to a variables.</doc>
<status status="NOT RUN" starttime="20211031 02:55:35.868" endtime="20211031 02:55:35.868"/>
</kw>
<kw name="Set Variable" library="BuiltIn">
<var>${descrição}</var>
<arg>Descrição da DLP</arg>
<doc>Returns the given values which can then be assigned to a variables.</doc>
<status status="NOT RUN" starttime="20211031 02:55:35.868" endtime="20211031 02:55:35.868"/>
</kw>
<status status="NOT RUN" starttime="20211031 02:55:35.867" endtime="20211031 02:55:35.869"/>
</branch>
<status status="PASS" starttime="20211031 02:55:35.861" endtime="20211031 02:55:35.869"/>
</if>
<kw name="Select Options By" library="Browser">
<arg>id=${elementos_aten_json["${campo}"]}</arg>
<arg>Text</arg>
<arg>SIM</arg>
<tag>PageContent</tag>
<tag>Setter</tag>
<doc>Selects options from select element found by ``selector``.</doc>
<status status="PASS" starttime="20211031 02:55:35.869" endtime="20211031 02:55:35.948"/>
</kw>
<kw name="informar o campo &quot;${descrição}&quot; com o &quot;Teste automatizado&quot;" library="keywords_atendimento" sourcename="informar o campo &quot;${campo}&quot; com o &quot;${valor}&quot;">
<kw name="Get JSON" library="base">
<var>${elementos_aten_json}</var>
<arg>elementos_aten.json</arg>
<kw name="Get File" library="OperatingSystem">
<var>${file}</var>
<arg>${EXECDIR}/Files/${file_name}</arg>
<doc>Returns the contents of a specified file.</doc>
<msg timestamp="20211031 02:55:35.954" level="INFO" html="true">Getting file '&lt;a href="file:///home/m.calixta/Projeto sigsaúde/Files/elementos_aten.json"&gt;/home/m.calixta/Projeto sigsaúde/Files/elementos_aten.json&lt;/a&gt;'.</msg>
<msg timestamp="20211031 02:55:35.954" level="INFO">${file} = {
    "Data da listagem":"dataListagem",
    "Pesquisar":"button[class='btn btn-success']",
    "Atendimento":"a[class='atendimento btn-sigsaude btnCorAtendimento']",
    "Sim":"button[class='swal-but...</msg>
<status status="PASS" starttime="20211031 02:55:35.953" endtime="20211031 02:55:35.954"/>
</kw>
<kw name="Evaluate" library="BuiltIn">
<var>${super_var}</var>
<arg>json.loads($file)</arg>
<arg>json</arg>
<doc>Evaluates the given expression in Python and returns the result.</doc>
<msg timestamp="20211031 02:55:35.956" level="INFO">${super_var} = {'Data da listagem': 'dataListagem', 'Pesquisar': "button[class='btn btn-success']", 'Atendimento': "a[class='atendimento btn-sigsaude btnCorAtendimento']", 'Sim': "button[class='swal-button swal-butt...</msg>
<status status="PASS" starttime="20211031 02:55:35.955" endtime="20211031 02:55:35.956"/>
</kw>
<msg timestamp="20211031 02:55:35.957" level="INFO">${elementos_aten_json} = {'Data da listagem': 'dataListagem', 'Pesquisar': "button[class='btn btn-success']", 'Atendimento': "a[class='atendimento btn-sigsaude btnCorAtendimento']", 'Sim': "button[class='swal-button swal-butt...</msg>
<status status="PASS" starttime="20211031 02:55:35.951" endtime="20211031 02:55:35.957"/>
</kw>
<kw name="Type Text" library="Browser">
<arg>id=${elementos_aten_json["${campo}"]}</arg>
<arg>${valor}</arg>
<tag>PageContent</tag>
<tag>Setter</tag>
<doc>Types the given ``txt`` into the text field found by ``selector``.</doc>
<msg timestamp="20211031 02:55:35.961" level="INFO">Types the text 'Teste automatizado' in the given field.</msg>
<status status="PASS" starttime="20211031 02:55:35.958" endtime="20211031 02:55:36.234"/>
</kw>
<status status="PASS" starttime="20211031 02:55:35.949" endtime="20211031 02:55:36.234"/>
</kw>
<kw name="Click" library="Browser">
<arg>xpath=${elementos_aten_json["Avançar"]}</arg>
<tag>PageContent</tag>
<tag>Setter</tag>
<doc>Simulates mouse click on the element found by ``selector``.</doc>
<status status="PASS" starttime="20211031 02:55:36.235" endtime="20211031 02:55:36.287"/>
</kw>
<status status="PASS" starttime="20211031 02:55:35.861" endtime="20211031 02:55:36.287"/>
</iter>
<iter>
<var name="${contador}">3</var>
<if>
<branch type="IF" condition="${contador}==1">
<kw name="Set Variable" library="BuiltIn">
<var>${campo}</var>
<arg>Possui HAS?</arg>
<doc>Returns the given values which can then be assigned to a variables.</doc>
<status status="NOT RUN" starttime="20211031 02:55:36.289" endtime="20211031 02:55:36.290"/>
</kw>
<kw name="Set Variable" library="BuiltIn">
<var>${descrição}</var>
<arg>Descrição da HAS</arg>
<doc>Returns the given values which can then be assigned to a variables.</doc>
<status status="NOT RUN" starttime="20211031 02:55:36.290" endtime="20211031 02:55:36.290"/>
</kw>
<status status="NOT RUN" starttime="20211031 02:55:36.288" endtime="20211031 02:55:36.290"/>
</branch>
<branch type="ELSE IF" condition="${contador}==2">
<kw name="Set Variable" library="BuiltIn">
<var>${campo}</var>
<arg>Possui DM?</arg>
<doc>Returns the given values which can then be assigned to a variables.</doc>
<status status="NOT RUN" starttime="20211031 02:55:36.291" endtime="20211031 02:55:36.292"/>
</kw>
<kw name="Set Variable" library="BuiltIn">
<var>${descrição}</var>
<arg>Descrição da DM</arg>
<doc>Returns the given values which can then be assigned to a variables.</doc>
<status status="NOT RUN" starttime="20211031 02:55:36.293" endtime="20211031 02:55:36.293"/>
</kw>
<status status="NOT RUN" starttime="20211031 02:55:36.291" endtime="20211031 02:55:36.293"/>
</branch>
<branch type="ELSE IF" condition="${contador}==3">
<kw name="Set Variable" library="BuiltIn">
<var>${campo}</var>
<arg>Possui DLP?</arg>
<doc>Returns the given values which can then be assigned to a variables.</doc>
<msg timestamp="20211031 02:55:36.295" level="INFO">${campo} = Possui DLP?</msg>
<status status="PASS" starttime="20211031 02:55:36.294" endtime="20211031 02:55:36.295"/>
</kw>
<kw name="Set Variable" library="BuiltIn">
<var>${descrição}</var>
<arg>Descrição da DLP</arg>
<doc>Returns the given values which can then be assigned to a variables.</doc>
<msg timestamp="20211031 02:55:36.297" level="INFO">${descrição} = Descrição da DLP</msg>
<status status="PASS" starttime="20211031 02:55:36.296" endtime="20211031 02:55:36.297"/>
</kw>
<status status="PASS" starttime="20211031 02:55:36.293" endtime="20211031 02:55:36.297"/>
</branch>
<status status="PASS" starttime="20211031 02:55:36.288" endtime="20211031 02:55:36.298"/>
</if>
<kw name="Select Options By" library="Browser">
<arg>id=${elementos_aten_json["${campo}"]}</arg>
<arg>Text</arg>
<arg>SIM</arg>
<tag>PageContent</tag>
<tag>Setter</tag>
<doc>Selects options from select element found by ``selector``.</doc>
<status status="PASS" starttime="20211031 02:55:36.298" endtime="20211031 02:55:36.327"/>
</kw>
<kw name="informar o campo &quot;${descrição}&quot; com o &quot;Teste automatizado&quot;" library="keywords_atendimento" sourcename="informar o campo &quot;${campo}&quot; com o &quot;${valor}&quot;">
<kw name="Get JSON" library="base">
<var>${elementos_aten_json}</var>
<arg>elementos_aten.json</arg>
<kw name="Get File" library="OperatingSystem">
<var>${file}</var>
<arg>${EXECDIR}/Files/${file_name}</arg>
<doc>Returns the contents of a specified file.</doc>
<msg timestamp="20211031 02:55:36.332" level="INFO" html="true">Getting file '&lt;a href="file:///home/m.calixta/Projeto sigsaúde/Files/elementos_aten.json"&gt;/home/m.calixta/Projeto sigsaúde/Files/elementos_aten.json&lt;/a&gt;'.</msg>
<msg timestamp="20211031 02:55:36.332" level="INFO">${file} = {
    "Data da listagem":"dataListagem",
    "Pesquisar":"button[class='btn btn-success']",
    "Atendimento":"a[class='atendimento btn-sigsaude btnCorAtendimento']",
    "Sim":"button[class='swal-but...</msg>
<status status="PASS" starttime="20211031 02:55:36.331" endtime="20211031 02:55:36.332"/>
</kw>
<kw name="Evaluate" library="BuiltIn">
<var>${super_var}</var>
<arg>json.loads($file)</arg>
<arg>json</arg>
<doc>Evaluates the given expression in Python and returns the result.</doc>
<msg timestamp="20211031 02:55:36.334" level="INFO">${super_var} = {'Data da listagem': 'dataListagem', 'Pesquisar': "button[class='btn btn-success']", 'Atendimento': "a[class='atendimento btn-sigsaude btnCorAtendimento']", 'Sim': "button[class='swal-button swal-butt...</msg>
<status status="PASS" starttime="20211031 02:55:36.333" endtime="20211031 02:55:36.334"/>
</kw>
<msg timestamp="20211031 02:55:36.335" level="INFO">${elementos_aten_json} = {'Data da listagem': 'dataListagem', 'Pesquisar': "button[class='btn btn-success']", 'Atendimento': "a[class='atendimento btn-sigsaude btnCorAtendimento']", 'Sim': "button[class='swal-button swal-butt...</msg>
<status status="PASS" starttime="20211031 02:55:36.329" endtime="20211031 02:55:36.335"/>
</kw>
<kw name="Type Text" library="Browser">
<arg>id=${elementos_aten_json["${campo}"]}</arg>
<arg>${valor}</arg>
<tag>PageContent</tag>
<tag>Setter</tag>
<doc>Types the given ``txt`` into the text field found by ``selector``.</doc>
<msg timestamp="20211031 02:55:36.338" level="INFO">Types the text 'Teste automatizado' in the given field.</msg>
<status status="PASS" starttime="20211031 02:55:36.335" endtime="20211031 02:55:36.920"/>
</kw>
<status status="PASS" starttime="20211031 02:55:36.328" endtime="20211031 02:55:36.920"/>
</kw>
<kw name="Click" library="Browser">
<arg>xpath=${elementos_aten_json["Avançar"]}</arg>
<tag>PageContent</tag>
<tag>Setter</tag>
<doc>Simulates mouse click on the element found by ``selector``.</doc>
<status status="PASS" starttime="20211031 02:55:36.922" endtime="20211031 02:55:37.024"/>
</kw>
<status status="PASS" starttime="20211031 02:55:36.288" endtime="20211031 02:55:37.024"/>
</iter>
<status status="PASS" starttime="20211031 02:55:35.624" endtime="20211031 02:55:37.024"/>
</for>
<kw name="Exames laboratoriais" library="keywords_atendimento">
<kw name="Get JSON" library="base">
<var>${elementos_aten_json}</var>
<arg>elementos_aten.json</arg>
<kw name="Get File" library="OperatingSystem">
<var>${file}</var>
<arg>${EXECDIR}/Files/${file_name}</arg>
<doc>Returns the contents of a specified file.</doc>
<msg timestamp="20211031 02:55:37.028" level="INFO" html="true">Getting file '&lt;a href="file:///home/m.calixta/Projeto sigsaúde/Files/elementos_aten.json"&gt;/home/m.calixta/Projeto sigsaúde/Files/elementos_aten.json&lt;/a&gt;'.</msg>
<msg timestamp="20211031 02:55:37.029" level="INFO">${file} = {
    "Data da listagem":"dataListagem",
    "Pesquisar":"button[class='btn btn-success']",
    "Atendimento":"a[class='atendimento btn-sigsaude btnCorAtendimento']",
    "Sim":"button[class='swal-but...</msg>
<status status="PASS" starttime="20211031 02:55:37.027" endtime="20211031 02:55:37.029"/>
</kw>
<kw name="Evaluate" library="BuiltIn">
<var>${super_var}</var>
<arg>json.loads($file)</arg>
<arg>json</arg>
<doc>Evaluates the given expression in Python and returns the result.</doc>
<msg timestamp="20211031 02:55:37.032" level="INFO">${super_var} = {'Data da listagem': 'dataListagem', 'Pesquisar': "button[class='btn btn-success']", 'Atendimento': "a[class='atendimento btn-sigsaude btnCorAtendimento']", 'Sim': "button[class='swal-button swal-butt...</msg>
<status status="PASS" starttime="20211031 02:55:37.031" endtime="20211031 02:55:37.032"/>
</kw>
<msg timestamp="20211031 02:55:37.033" level="INFO">${elementos_aten_json} = {'Data da listagem': 'dataListagem', 'Pesquisar': "button[class='btn btn-success']", 'Atendimento': "a[class='atendimento btn-sigsaude btnCorAtendimento']", 'Sim': "button[class='swal-button swal-butt...</msg>
<status status="PASS" starttime="20211031 02:55:37.026" endtime="20211031 02:55:37.033"/>
</kw>
<for flavor="IN RANGE">
<var>${contador}</var>
<value>1</value>
<value>5</value>
<iter>
<var name="${contador}">1</var>
<if>
<branch type="IF" condition="${contador}==1">
<kw name="Set Variable" library="BuiltIn">
<var>${descrição}</var>
<arg>25-HIDROXIVITAMINA D (NG/ML)</arg>
<doc>Returns the given values which can then be assigned to a variables.</doc>
<msg timestamp="20211031 02:55:37.036" level="INFO">${descrição} = 25-HIDROXIVITAMINA D (NG/ML)</msg>
<status status="PASS" starttime="20211031 02:55:37.035" endtime="20211031 02:55:37.036"/>
</kw>
<status status="PASS" starttime="20211031 02:55:37.034" endtime="20211031 02:55:37.036"/>
</branch>
<branch type="ELSE IF" condition="${contador}==2">
<kw name="Set Variable" library="BuiltIn">
<var>${descrição}</var>
<arg>OUTRO</arg>
<doc>Returns the given values which can then be assigned to a variables.</doc>
<status status="NOT RUN" starttime="20211031 02:55:37.037" endtime="20211031 02:55:37.037"/>
</kw>
<status status="NOT RUN" starttime="20211031 02:55:37.036" endtime="20211031 02:55:37.037"/>
</branch>
<branch type="ELSE IF" condition="${contador}==4">
<kw name="Set Variable" library="BuiltIn">
<var>${descrição}</var>
<arg>HCM (PG)</arg>
<doc>Returns the given values which can then be assigned to a variables.</doc>
<status status="NOT RUN" starttime="20211031 02:55:37.038" endtime="20211031 02:55:37.038"/>
</kw>
<status status="NOT RUN" starttime="20211031 02:55:37.037" endtime="20211031 02:55:37.038"/>
</branch>
<status status="PASS" starttime="20211031 02:55:37.034" endtime="20211031 02:55:37.038"/>
</if>
<kw name="Select Options By" library="Browser">
<arg>id=${elementos_aten_json["Exames"]}</arg>
<arg>Text</arg>
<arg>${descrição}</arg>
<tag>PageContent</tag>
<tag>Setter</tag>
<doc>Selects options from select element found by ``selector``.</doc>
<status status="PASS" starttime="20211031 02:55:37.039" endtime="20211031 02:55:37.067"/>
</kw>
<if>
<branch type="IF" condition="'${descrição}' == 'OUTRO'">
<kw name="informar o campo &quot;Outro exame&quot; com o &quot;Teste automatizado${contador}&quot;" library="keywords_atendimento" sourcename="informar o campo &quot;${campo}&quot; com o &quot;${valor}&quot;">
<status status="NOT RUN" starttime="20211031 02:55:37.068" endtime="20211031 02:55:37.068"/>
</kw>
<status status="NOT RUN" starttime="20211031 02:55:37.068" endtime="20211031 02:55:37.068"/>
</branch>
<status status="PASS" starttime="20211031 02:55:37.067" endtime="20211031 02:55:37.069"/>
</if>
<kw name="informar o campo &quot;Resultado&quot; com o &quot;${contador}&quot;" library="keywords_atendimento" sourcename="informar o campo &quot;${campo}&quot; com o &quot;${valor}&quot;">
<kw name="Get JSON" library="base">
<var>${elementos_aten_json}</var>
<arg>elementos_aten.json</arg>
<kw name="Get File" library="OperatingSystem">
<var>${file}</var>
<arg>${EXECDIR}/Files/${file_name}</arg>
<doc>Returns the contents of a specified file.</doc>
<msg timestamp="20211031 02:55:37.072" level="INFO" html="true">Getting file '&lt;a href="file:///home/m.calixta/Projeto sigsaúde/Files/elementos_aten.json"&gt;/home/m.calixta/Projeto sigsaúde/Files/elementos_aten.json&lt;/a&gt;'.</msg>
<msg timestamp="20211031 02:55:37.073" level="INFO">${file} = {
    "Data da listagem":"dataListagem",
    "Pesquisar":"button[class='btn btn-success']",
    "Atendimento":"a[class='atendimento btn-sigsaude btnCorAtendimento']",
    "Sim":"button[class='swal-but...</msg>
<status status="PASS" starttime="20211031 02:55:37.072" endtime="20211031 02:55:37.073"/>
</kw>
<kw name="Evaluate" library="BuiltIn">
<var>${super_var}</var>
<arg>json.loads($file)</arg>
<arg>json</arg>
<doc>Evaluates the given expression in Python and returns the result.</doc>
<msg timestamp="20211031 02:55:37.074" level="INFO">${super_var} = {'Data da listagem': 'dataListagem', 'Pesquisar': "button[class='btn btn-success']", 'Atendimento': "a[class='atendimento btn-sigsaude btnCorAtendimento']", 'Sim': "button[class='swal-button swal-butt...</msg>
<status status="PASS" starttime="20211031 02:55:37.073" endtime="20211031 02:55:37.075"/>
</kw>
<msg timestamp="20211031 02:55:37.075" level="INFO">${elementos_aten_json} = {'Data da listagem': 'dataListagem', 'Pesquisar': "button[class='btn btn-success']", 'Atendimento': "a[class='atendimento btn-sigsaude btnCorAtendimento']", 'Sim': "button[class='swal-button swal-butt...</msg>
<status status="PASS" starttime="20211031 02:55:37.070" endtime="20211031 02:55:37.075"/>
</kw>
<kw name="Type Text" library="Browser">
<arg>id=${elementos_aten_json["${campo}"]}</arg>
<arg>${valor}</arg>
<tag>PageContent</tag>
<tag>Setter</tag>
<doc>Types the given ``txt`` into the text field found by ``selector``.</doc>
<msg timestamp="20211031 02:55:37.079" level="INFO">Types the text '1' in the given field.</msg>
<status status="PASS" starttime="20211031 02:55:37.076" endtime="20211031 02:55:37.134"/>
</kw>
<status status="PASS" starttime="20211031 02:55:37.069" endtime="20211031 02:55:37.135"/>
</kw>
<kw name="informar o campo &quot;Observação&quot; com o &quot;Teste automatizado${contador}&quot;" library="keywords_atendimento" sourcename="informar o campo &quot;${campo}&quot; com o &quot;${valor}&quot;">
<kw name="Get JSON" library="base">
<var>${elementos_aten_json}</var>
<arg>elementos_aten.json</arg>
<kw name="Get File" library="OperatingSystem">
<var>${file}</var>
<arg>${EXECDIR}/Files/${file_name}</arg>
<doc>Returns the contents of a specified file.</doc>
<msg timestamp="20211031 02:55:37.138" level="INFO" html="true">Getting file '&lt;a href="file:///home/m.calixta/Projeto sigsaúde/Files/elementos_aten.json"&gt;/home/m.calixta/Projeto sigsaúde/Files/elementos_aten.json&lt;/a&gt;'.</msg>
<msg timestamp="20211031 02:55:37.139" level="INFO">${file} = {
    "Data da listagem":"dataListagem",
    "Pesquisar":"button[class='btn btn-success']",
    "Atendimento":"a[class='atendimento btn-sigsaude btnCorAtendimento']",
    "Sim":"button[class='swal-but...</msg>
<status status="PASS" starttime="20211031 02:55:37.138" endtime="20211031 02:55:37.139"/>
</kw>
<kw name="Evaluate" library="BuiltIn">
<var>${super_var}</var>
<arg>json.loads($file)</arg>
<arg>json</arg>
<doc>Evaluates the given expression in Python and returns the result.</doc>
<msg timestamp="20211031 02:55:37.140" level="INFO">${super_var} = {'Data da listagem': 'dataListagem', 'Pesquisar': "button[class='btn btn-success']", 'Atendimento': "a[class='atendimento btn-sigsaude btnCorAtendimento']", 'Sim': "button[class='swal-button swal-butt...</msg>
<status status="PASS" starttime="20211031 02:55:37.139" endtime="20211031 02:55:37.140"/>
</kw>
<msg timestamp="20211031 02:55:37.141" level="INFO">${elementos_aten_json} = {'Data da listagem': 'dataListagem', 'Pesquisar': "button[class='btn btn-success']", 'Atendimento': "a[class='atendimento btn-sigsaude btnCorAtendimento']", 'Sim': "button[class='swal-button swal-butt...</msg>
<status status="PASS" starttime="20211031 02:55:37.136" endtime="20211031 02:55:37.141"/>
</kw>
<kw name="Type Text" library="Browser">
<arg>id=${elementos_aten_json["${campo}"]}</arg>
<arg>${valor}</arg>
<tag>PageContent</tag>
<tag>Setter</tag>
<doc>Types the given ``txt`` into the text field found by ``selector``.</doc>
<msg timestamp="20211031 02:55:37.144" level="INFO">Types the text 'Teste automatizado1' in the given field.</msg>
<status status="PASS" starttime="20211031 02:55:37.142" endtime="20211031 02:55:37.270"/>
</kw>
<status status="PASS" starttime="20211031 02:55:37.135" endtime="20211031 02:55:37.271"/>
</kw>
<kw name="Click" library="Browser">
<arg>css=${elementos_aten_json["Adicionar exame"]}</arg>
<tag>PageContent</tag>
<tag>Setter</tag>
<doc>Simulates mouse click on the element found by ``selector``.</doc>
<status status="PASS" starttime="20211031 02:55:37.272" endtime="20211031 02:55:37.359"/>
</kw>
<status status="PASS" starttime="20211031 02:55:37.034" endtime="20211031 02:55:37.359"/>
</iter>
<iter>
<var name="${contador}">2</var>
<if>
<branch type="IF" condition="${contador}==1">
<kw name="Set Variable" library="BuiltIn">
<var>${descrição}</var>
<arg>25-HIDROXIVITAMINA D (NG/ML)</arg>
<doc>Returns the given values which can then be assigned to a variables.</doc>
<status status="NOT RUN" starttime="20211031 02:55:37.360" endtime="20211031 02:55:37.361"/>
</kw>
<status status="NOT RUN" starttime="20211031 02:55:37.359" endtime="20211031 02:55:37.361"/>
</branch>
<branch type="ELSE IF" condition="${contador}==2">
<kw name="Set Variable" library="BuiltIn">
<var>${descrição}</var>
<arg>OUTRO</arg>
<doc>Returns the given values which can then be assigned to a variables.</doc>
<msg timestamp="20211031 02:55:37.363" level="INFO">${descrição} = OUTRO</msg>
<status status="PASS" starttime="20211031 02:55:37.362" endtime="20211031 02:55:37.363"/>
</kw>
<status status="PASS" starttime="20211031 02:55:37.361" endtime="20211031 02:55:37.363"/>
</branch>
<branch type="ELSE IF" condition="${contador}==4">
<kw name="Set Variable" library="BuiltIn">
<var>${descrição}</var>
<arg>HCM (PG)</arg>
<doc>Returns the given values which can then be assigned to a variables.</doc>
<status status="NOT RUN" starttime="20211031 02:55:37.363" endtime="20211031 02:55:37.364"/>
</kw>
<status status="NOT RUN" starttime="20211031 02:55:37.363" endtime="20211031 02:55:37.364"/>
</branch>
<status status="PASS" starttime="20211031 02:55:37.359" endtime="20211031 02:55:37.364"/>
</if>
<kw name="Select Options By" library="Browser">
<arg>id=${elementos_aten_json["Exames"]}</arg>
<arg>Text</arg>
<arg>${descrição}</arg>
<tag>PageContent</tag>
<tag>Setter</tag>
<doc>Selects options from select element found by ``selector``.</doc>
<status status="PASS" starttime="20211031 02:55:37.364" endtime="20211031 02:55:37.393"/>
</kw>
<if>
<branch type="IF" condition="'${descrição}' == 'OUTRO'">
<kw name="informar o campo &quot;Outro exame&quot; com o &quot;Teste automatizado${contador}&quot;" library="keywords_atendimento" sourcename="informar o campo &quot;${campo}&quot; com o &quot;${valor}&quot;">
<kw name="Get JSON" library="base">
<var>${elementos_aten_json}</var>
<arg>elementos_aten.json</arg>
<kw name="Get File" library="OperatingSystem">
<var>${file}</var>
<arg>${EXECDIR}/Files/${file_name}</arg>
<doc>Returns the contents of a specified file.</doc>
<msg timestamp="20211031 02:55:37.398" level="INFO" html="true">Getting file '&lt;a href="file:///home/m.calixta/Projeto sigsaúde/Files/elementos_aten.json"&gt;/home/m.calixta/Projeto sigsaúde/Files/elementos_aten.json&lt;/a&gt;'.</msg>
<msg timestamp="20211031 02:55:37.399" level="INFO">${file} = {
    "Data da listagem":"dataListagem",
    "Pesquisar":"button[class='btn btn-success']",
    "Atendimento":"a[class='atendimento btn-sigsaude btnCorAtendimento']",
    "Sim":"button[class='swal-but...</msg>
<status status="PASS" starttime="20211031 02:55:37.398" endtime="20211031 02:55:37.399"/>
</kw>
<kw name="Evaluate" library="BuiltIn">
<var>${super_var}</var>
<arg>json.loads($file)</arg>
<arg>json</arg>
<doc>Evaluates the given expression in Python and returns the result.</doc>
<msg timestamp="20211031 02:55:37.400" level="INFO">${super_var} = {'Data da listagem': 'dataListagem', 'Pesquisar': "button[class='btn btn-success']", 'Atendimento': "a[class='atendimento btn-sigsaude btnCorAtendimento']", 'Sim': "button[class='swal-button swal-butt...</msg>
<status status="PASS" starttime="20211031 02:55:37.400" endtime="20211031 02:55:37.401"/>
</kw>
<msg timestamp="20211031 02:55:37.401" level="INFO">${elementos_aten_json} = {'Data da listagem': 'dataListagem', 'Pesquisar': "button[class='btn btn-success']", 'Atendimento': "a[class='atendimento btn-sigsaude btnCorAtendimento']", 'Sim': "button[class='swal-button swal-butt...</msg>
<status status="PASS" starttime="20211031 02:55:37.396" endtime="20211031 02:55:37.401"/>
</kw>
<kw name="Type Text" library="Browser">
<arg>id=${elementos_aten_json["${campo}"]}</arg>
<arg>${valor}</arg>
<tag>PageContent</tag>
<tag>Setter</tag>
<doc>Types the given ``txt`` into the text field found by ``selector``.</doc>
<msg timestamp="20211031 02:55:37.404" level="INFO">Types the text 'Teste automatizado2' in the given field.</msg>
<status status="PASS" starttime="20211031 02:55:37.402" endtime="20211031 02:55:37.524"/>
</kw>
<status status="PASS" starttime="20211031 02:55:37.394" endtime="20211031 02:55:37.525"/>
</kw>
<status status="PASS" starttime="20211031 02:55:37.393" endtime="20211031 02:55:37.525"/>
</branch>
<status status="PASS" starttime="20211031 02:55:37.393" endtime="20211031 02:55:37.525"/>
</if>
<kw name="informar o campo &quot;Resultado&quot; com o &quot;${contador}&quot;" library="keywords_atendimento" sourcename="informar o campo &quot;${campo}&quot; com o &quot;${valor}&quot;">
<kw name="Get JSON" library="base">
<var>${elementos_aten_json}</var>
<arg>elementos_aten.json</arg>
<kw name="Get File" library="OperatingSystem">
<var>${file}</var>
<arg>${EXECDIR}/Files/${file_name}</arg>
<doc>Returns the contents of a specified file.</doc>
<msg timestamp="20211031 02:55:37.529" level="INFO" html="true">Getting file '&lt;a href="file:///home/m.calixta/Projeto sigsaúde/Files/elementos_aten.json"&gt;/home/m.calixta/Projeto sigsaúde/Files/elementos_aten.json&lt;/a&gt;'.</msg>
<msg timestamp="20211031 02:55:37.530" level="INFO">${file} = {
    "Data da listagem":"dataListagem",
    "Pesquisar":"button[class='btn btn-success']",
    "Atendimento":"a[class='atendimento btn-sigsaude btnCorAtendimento']",
    "Sim":"button[class='swal-but...</msg>
<status status="PASS" starttime="20211031 02:55:37.528" endtime="20211031 02:55:37.530"/>
</kw>
<kw name="Evaluate" library="BuiltIn">
<var>${super_var}</var>
<arg>json.loads($file)</arg>
<arg>json</arg>
<doc>Evaluates the given expression in Python and returns the result.</doc>
<msg timestamp="20211031 02:55:37.532" level="INFO">${super_var} = {'Data da listagem': 'dataListagem', 'Pesquisar': "button[class='btn btn-success']", 'Atendimento': "a[class='atendimento btn-sigsaude btnCorAtendimento']", 'Sim': "button[class='swal-button swal-butt...</msg>
<status status="PASS" starttime="20211031 02:55:37.531" endtime="20211031 02:55:37.532"/>
</kw>
<msg timestamp="20211031 02:55:37.533" level="INFO">${elementos_aten_json} = {'Data da listagem': 'dataListagem', 'Pesquisar': "button[class='btn btn-success']", 'Atendimento': "a[class='atendimento btn-sigsaude btnCorAtendimento']", 'Sim': "button[class='swal-button swal-butt...</msg>
<status status="PASS" starttime="20211031 02:55:37.527" endtime="20211031 02:55:37.533"/>
</kw>
<kw name="Type Text" library="Browser">
<arg>id=${elementos_aten_json["${campo}"]}</arg>
<arg>${valor}</arg>
<tag>PageContent</tag>
<tag>Setter</tag>
<doc>Types the given ``txt`` into the text field found by ``selector``.</doc>
<msg timestamp="20211031 02:55:37.536" level="INFO">Types the text '2' in the given field.</msg>
<status status="PASS" starttime="20211031 02:55:37.534" endtime="20211031 02:55:37.579"/>
</kw>
<status status="PASS" starttime="20211031 02:55:37.525" endtime="20211031 02:55:37.580"/>
</kw>
<kw name="informar o campo &quot;Observação&quot; com o &quot;Teste automatizado${contador}&quot;" library="keywords_atendimento" sourcename="informar o campo &quot;${campo}&quot; com o &quot;${valor}&quot;">
<kw name="Get JSON" library="base">
<var>${elementos_aten_json}</var>
<arg>elementos_aten.json</arg>
<kw name="Get File" library="OperatingSystem">
<var>${file}</var>
<arg>${EXECDIR}/Files/${file_name}</arg>
<doc>Returns the contents of a specified file.</doc>
<msg timestamp="20211031 02:55:37.585" level="INFO" html="true">Getting file '&lt;a href="file:///home/m.calixta/Projeto sigsaúde/Files/elementos_aten.json"&gt;/home/m.calixta/Projeto sigsaúde/Files/elementos_aten.json&lt;/a&gt;'.</msg>
<msg timestamp="20211031 02:55:37.585" level="INFO">${file} = {
    "Data da listagem":"dataListagem",
    "Pesquisar":"button[class='btn btn-success']",
    "Atendimento":"a[class='atendimento btn-sigsaude btnCorAtendimento']",
    "Sim":"button[class='swal-but...</msg>
<status status="PASS" starttime="20211031 02:55:37.584" endtime="20211031 02:55:37.585"/>
</kw>
<kw name="Evaluate" library="BuiltIn">
<var>${super_var}</var>
<arg>json.loads($file)</arg>
<arg>json</arg>
<doc>Evaluates the given expression in Python and returns the result.</doc>
<msg timestamp="20211031 02:55:37.587" level="INFO">${super_var} = {'Data da listagem': 'dataListagem', 'Pesquisar': "button[class='btn btn-success']", 'Atendimento': "a[class='atendimento btn-sigsaude btnCorAtendimento']", 'Sim': "button[class='swal-button swal-butt...</msg>
<status status="PASS" starttime="20211031 02:55:37.586" endtime="20211031 02:55:37.587"/>
</kw>
<msg timestamp="20211031 02:55:37.588" level="INFO">${elementos_aten_json} = {'Data da listagem': 'dataListagem', 'Pesquisar': "button[class='btn btn-success']", 'Atendimento': "a[class='atendimento btn-sigsaude btnCorAtendimento']", 'Sim': "button[class='swal-button swal-butt...</msg>
<status status="PASS" starttime="20211031 02:55:37.583" endtime="20211031 02:55:37.588"/>
</kw>
<kw name="Type Text" library="Browser">
<arg>id=${elementos_aten_json["${campo}"]}</arg>
<arg>${valor}</arg>
<tag>PageContent</tag>
<tag>Setter</tag>
<doc>Types the given ``txt`` into the text field found by ``selector``.</doc>
<msg timestamp="20211031 02:55:37.591" level="INFO">Types the text 'Teste automatizado2' in the given field.</msg>
<status status="PASS" starttime="20211031 02:55:37.589" endtime="20211031 02:55:37.709"/>
</kw>
<status status="PASS" starttime="20211031 02:55:37.581" endtime="20211031 02:55:37.709"/>
</kw>
<kw name="Click" library="Browser">
<arg>css=${elementos_aten_json["Adicionar exame"]}</arg>
<tag>PageContent</tag>
<tag>Setter</tag>
<doc>Simulates mouse click on the element found by ``selector``.</doc>
<status status="PASS" starttime="20211031 02:55:37.710" endtime="20211031 02:55:37.792"/>
</kw>
<status status="PASS" starttime="20211031 02:55:37.359" endtime="20211031 02:55:37.792"/>
</iter>
<iter>
<var name="${contador}">3</var>
<if>
<branch type="IF" condition="${contador}==1">
<kw name="Set Variable" library="BuiltIn">
<var>${descrição}</var>
<arg>25-HIDROXIVITAMINA D (NG/ML)</arg>
<doc>Returns the given values which can then be assigned to a variables.</doc>
<status status="NOT RUN" starttime="20211031 02:55:37.794" endtime="20211031 02:55:37.794"/>
</kw>
<status status="NOT RUN" starttime="20211031 02:55:37.793" endtime="20211031 02:55:37.794"/>
</branch>
<branch type="ELSE IF" condition="${contador}==2">
<kw name="Set Variable" library="BuiltIn">
<var>${descrição}</var>
<arg>OUTRO</arg>
<doc>Returns the given values which can then be assigned to a variables.</doc>
<status status="NOT RUN" starttime="20211031 02:55:37.795" endtime="20211031 02:55:37.796"/>
</kw>
<status status="NOT RUN" starttime="20211031 02:55:37.795" endtime="20211031 02:55:37.796"/>
</branch>
<branch type="ELSE IF" condition="${contador}==4">
<kw name="Set Variable" library="BuiltIn">
<var>${descrição}</var>
<arg>HCM (PG)</arg>
<doc>Returns the given values which can then be assigned to a variables.</doc>
<status status="NOT RUN" starttime="20211031 02:55:37.797" endtime="20211031 02:55:37.797"/>
</kw>
<status status="NOT RUN" starttime="20211031 02:55:37.796" endtime="20211031 02:55:37.797"/>
</branch>
<status status="PASS" starttime="20211031 02:55:37.793" endtime="20211031 02:55:37.797"/>
</if>
<kw name="Select Options By" library="Browser">
<arg>id=${elementos_aten_json["Exames"]}</arg>
<arg>Text</arg>
<arg>${descrição}</arg>
<tag>PageContent</tag>
<tag>Setter</tag>
<doc>Selects options from select element found by ``selector``.</doc>
<status status="PASS" starttime="20211031 02:55:37.798" endtime="20211031 02:55:37.820"/>
</kw>
<if>
<branch type="IF" condition="'${descrição}' == 'OUTRO'">
<kw name="informar o campo &quot;Outro exame&quot; com o &quot;Teste automatizado${contador}&quot;" library="keywords_atendimento" sourcename="informar o campo &quot;${campo}&quot; com o &quot;${valor}&quot;">
<kw name="Get JSON" library="base">
<var>${elementos_aten_json}</var>
<arg>elementos_aten.json</arg>
<kw name="Get File" library="OperatingSystem">
<var>${file}</var>
<arg>${EXECDIR}/Files/${file_name}</arg>
<doc>Returns the contents of a specified file.</doc>
<msg timestamp="20211031 02:55:37.825" level="INFO" html="true">Getting file '&lt;a href="file:///home/m.calixta/Projeto sigsaúde/Files/elementos_aten.json"&gt;/home/m.calixta/Projeto sigsaúde/Files/elementos_aten.json&lt;/a&gt;'.</msg>
<msg timestamp="20211031 02:55:37.825" level="INFO">${file} = {
    "Data da listagem":"dataListagem",
    "Pesquisar":"button[class='btn btn-success']",
    "Atendimento":"a[class='atendimento btn-sigsaude btnCorAtendimento']",
    "Sim":"button[class='swal-but...</msg>
<status status="PASS" starttime="20211031 02:55:37.824" endtime="20211031 02:55:37.825"/>
</kw>
<kw name="Evaluate" library="BuiltIn">
<var>${super_var}</var>
<arg>json.loads($file)</arg>
<arg>json</arg>
<doc>Evaluates the given expression in Python and returns the result.</doc>
<msg timestamp="20211031 02:55:37.827" level="INFO">${super_var} = {'Data da listagem': 'dataListagem', 'Pesquisar': "button[class='btn btn-success']", 'Atendimento': "a[class='atendimento btn-sigsaude btnCorAtendimento']", 'Sim': "button[class='swal-button swal-butt...</msg>
<status status="PASS" starttime="20211031 02:55:37.826" endtime="20211031 02:55:37.827"/>
</kw>
<msg timestamp="20211031 02:55:37.828" level="INFO">${elementos_aten_json} = {'Data da listagem': 'dataListagem', 'Pesquisar': "button[class='btn btn-success']", 'Atendimento': "a[class='atendimento btn-sigsaude btnCorAtendimento']", 'Sim': "button[class='swal-button swal-butt...</msg>
<status status="PASS" starttime="20211031 02:55:37.823" endtime="20211031 02:55:37.828"/>
</kw>
<kw name="Type Text" library="Browser">
<arg>id=${elementos_aten_json["${campo}"]}</arg>
<arg>${valor}</arg>
<tag>PageContent</tag>
<tag>Setter</tag>
<doc>Types the given ``txt`` into the text field found by ``selector``.</doc>
<msg timestamp="20211031 02:55:37.832" level="INFO">Types the text 'Teste automatizado3' in the given field.</msg>
<status status="PASS" starttime="20211031 02:55:37.829" endtime="20211031 02:55:37.954"/>
</kw>
<status status="PASS" starttime="20211031 02:55:37.821" endtime="20211031 02:55:37.955"/>
</kw>
<status status="PASS" starttime="20211031 02:55:37.821" endtime="20211031 02:55:37.955"/>
</branch>
<status status="PASS" starttime="20211031 02:55:37.821" endtime="20211031 02:55:37.955"/>
</if>
<kw name="informar o campo &quot;Resultado&quot; com o &quot;${contador}&quot;" library="keywords_atendimento" sourcename="informar o campo &quot;${campo}&quot; com o &quot;${valor}&quot;">
<kw name="Get JSON" library="base">
<var>${elementos_aten_json}</var>
<arg>elementos_aten.json</arg>
<kw name="Get File" library="OperatingSystem">
<var>${file}</var>
<arg>${EXECDIR}/Files/${file_name}</arg>
<doc>Returns the contents of a specified file.</doc>
<msg timestamp="20211031 02:55:37.959" level="INFO" html="true">Getting file '&lt;a href="file:///home/m.calixta/Projeto sigsaúde/Files/elementos_aten.json"&gt;/home/m.calixta/Projeto sigsaúde/Files/elementos_aten.json&lt;/a&gt;'.</msg>
<msg timestamp="20211031 02:55:37.959" level="INFO">${file} = {
    "Data da listagem":"dataListagem",
    "Pesquisar":"button[class='btn btn-success']",
    "Atendimento":"a[class='atendimento btn-sigsaude btnCorAtendimento']",
    "Sim":"button[class='swal-but...</msg>
<status status="PASS" starttime="20211031 02:55:37.958" endtime="20211031 02:55:37.959"/>
</kw>
<kw name="Evaluate" library="BuiltIn">
<var>${super_var}</var>
<arg>json.loads($file)</arg>
<arg>json</arg>
<doc>Evaluates the given expression in Python and returns the result.</doc>
<msg timestamp="20211031 02:55:37.961" level="INFO">${super_var} = {'Data da listagem': 'dataListagem', 'Pesquisar': "button[class='btn btn-success']", 'Atendimento': "a[class='atendimento btn-sigsaude btnCorAtendimento']", 'Sim': "button[class='swal-button swal-butt...</msg>
<status status="PASS" starttime="20211031 02:55:37.960" endtime="20211031 02:55:37.961"/>
</kw>
<msg timestamp="20211031 02:55:37.962" level="INFO">${elementos_aten_json} = {'Data da listagem': 'dataListagem', 'Pesquisar': "button[class='btn btn-success']", 'Atendimento': "a[class='atendimento btn-sigsaude btnCorAtendimento']", 'Sim': "button[class='swal-button swal-butt...</msg>
<status status="PASS" starttime="20211031 02:55:37.957" endtime="20211031 02:55:37.962"/>
</kw>
<kw name="Type Text" library="Browser">
<arg>id=${elementos_aten_json["${campo}"]}</arg>
<arg>${valor}</arg>
<tag>PageContent</tag>
<tag>Setter</tag>
<doc>Types the given ``txt`` into the text field found by ``selector``.</doc>
<msg timestamp="20211031 02:55:37.967" level="INFO">Types the text '3' in the given field.</msg>
<status status="PASS" starttime="20211031 02:55:37.964" endtime="20211031 02:55:38.010"/>
</kw>
<status status="PASS" starttime="20211031 02:55:37.956" endtime="20211031 02:55:38.011"/>
</kw>
<kw name="informar o campo &quot;Observação&quot; com o &quot;Teste automatizado${contador}&quot;" library="keywords_atendimento" sourcename="informar o campo &quot;${campo}&quot; com o &quot;${valor}&quot;">
<kw name="Get JSON" library="base">
<var>${elementos_aten_json}</var>
<arg>elementos_aten.json</arg>
<kw name="Get File" library="OperatingSystem">
<var>${file}</var>
<arg>${EXECDIR}/Files/${file_name}</arg>
<doc>Returns the contents of a specified file.</doc>
<msg timestamp="20211031 02:55:38.016" level="INFO" html="true">Getting file '&lt;a href="file:///home/m.calixta/Projeto sigsaúde/Files/elementos_aten.json"&gt;/home/m.calixta/Projeto sigsaúde/Files/elementos_aten.json&lt;/a&gt;'.</msg>
<msg timestamp="20211031 02:55:38.016" level="INFO">${file} = {
    "Data da listagem":"dataListagem",
    "Pesquisar":"button[class='btn btn-success']",
    "Atendimento":"a[class='atendimento btn-sigsaude btnCorAtendimento']",
    "Sim":"button[class='swal-but...</msg>
<status status="PASS" starttime="20211031 02:55:38.015" endtime="20211031 02:55:38.017"/>
</kw>
<kw name="Evaluate" library="BuiltIn">
<var>${super_var}</var>
<arg>json.loads($file)</arg>
<arg>json</arg>
<doc>Evaluates the given expression in Python and returns the result.</doc>
<msg timestamp="20211031 02:55:38.018" level="INFO">${super_var} = {'Data da listagem': 'dataListagem', 'Pesquisar': "button[class='btn btn-success']", 'Atendimento': "a[class='atendimento btn-sigsaude btnCorAtendimento']", 'Sim': "button[class='swal-button swal-butt...</msg>
<status status="PASS" starttime="20211031 02:55:38.017" endtime="20211031 02:55:38.018"/>
</kw>
<msg timestamp="20211031 02:55:38.019" level="INFO">${elementos_aten_json} = {'Data da listagem': 'dataListagem', 'Pesquisar': "button[class='btn btn-success']", 'Atendimento': "a[class='atendimento btn-sigsaude btnCorAtendimento']", 'Sim': "button[class='swal-button swal-butt...</msg>
<status status="PASS" starttime="20211031 02:55:38.014" endtime="20211031 02:55:38.019"/>
</kw>
<kw name="Type Text" library="Browser">
<arg>id=${elementos_aten_json["${campo}"]}</arg>
<arg>${valor}</arg>
<tag>PageContent</tag>
<tag>Setter</tag>
<doc>Types the given ``txt`` into the text field found by ``selector``.</doc>
<msg timestamp="20211031 02:55:38.022" level="INFO">Types the text 'Teste automatizado3' in the given field.</msg>
<status status="PASS" starttime="20211031 02:55:38.020" endtime="20211031 02:55:38.142"/>
</kw>
<status status="PASS" starttime="20211031 02:55:38.011" endtime="20211031 02:55:38.142"/>
</kw>
<kw name="Click" library="Browser">
<arg>css=${elementos_aten_json["Adicionar exame"]}</arg>
<tag>PageContent</tag>
<tag>Setter</tag>
<doc>Simulates mouse click on the element found by ``selector``.</doc>
<status status="PASS" starttime="20211031 02:55:38.143" endtime="20211031 02:55:38.226"/>
</kw>
<status status="PASS" starttime="20211031 02:55:37.793" endtime="20211031 02:55:38.226"/>
</iter>
<iter>
<var name="${contador}">4</var>
<if>
<branch type="IF" condition="${contador}==1">
<kw name="Set Variable" library="BuiltIn">
<var>${descrição}</var>
<arg>25-HIDROXIVITAMINA D (NG/ML)</arg>
<doc>Returns the given values which can then be assigned to a variables.</doc>
<status status="NOT RUN" starttime="20211031 02:55:38.228" endtime="20211031 02:55:38.228"/>
</kw>
<status status="NOT RUN" starttime="20211031 02:55:38.227" endtime="20211031 02:55:38.228"/>
</branch>
<branch type="ELSE IF" condition="${contador}==2">
<kw name="Set Variable" library="BuiltIn">
<var>${descrição}</var>
<arg>OUTRO</arg>
<doc>Returns the given values which can then be assigned to a variables.</doc>
<status status="NOT RUN" starttime="20211031 02:55:38.229" endtime="20211031 02:55:38.229"/>
</kw>
<status status="NOT RUN" starttime="20211031 02:55:38.228" endtime="20211031 02:55:38.229"/>
</branch>
<branch type="ELSE IF" condition="${contador}==4">
<kw name="Set Variable" library="BuiltIn">
<var>${descrição}</var>
<arg>HCM (PG)</arg>
<doc>Returns the given values which can then be assigned to a variables.</doc>
<msg timestamp="20211031 02:55:38.231" level="INFO">${descrição} = HCM (PG)</msg>
<status status="PASS" starttime="20211031 02:55:38.231" endtime="20211031 02:55:38.231"/>
</kw>
<status status="PASS" starttime="20211031 02:55:38.230" endtime="20211031 02:55:38.231"/>
</branch>
<status status="PASS" starttime="20211031 02:55:38.226" endtime="20211031 02:55:38.232"/>
</if>
<kw name="Select Options By" library="Browser">
<arg>id=${elementos_aten_json["Exames"]}</arg>
<arg>Text</arg>
<arg>${descrição}</arg>
<tag>PageContent</tag>
<tag>Setter</tag>
<doc>Selects options from select element found by ``selector``.</doc>
<status status="PASS" starttime="20211031 02:55:38.232" endtime="20211031 02:55:38.255"/>
</kw>
<if>
<branch type="IF" condition="'${descrição}' == 'OUTRO'">
<kw name="informar o campo &quot;Outro exame&quot; com o &quot;Teste automatizado${contador}&quot;" library="keywords_atendimento" sourcename="informar o campo &quot;${campo}&quot; com o &quot;${valor}&quot;">
<status status="NOT RUN" starttime="20211031 02:55:38.256" endtime="20211031 02:55:38.257"/>
</kw>
<status status="NOT RUN" starttime="20211031 02:55:38.256" endtime="20211031 02:55:38.257"/>
</branch>
<status status="PASS" starttime="20211031 02:55:38.255" endtime="20211031 02:55:38.257"/>
</if>
<kw name="informar o campo &quot;Resultado&quot; com o &quot;${contador}&quot;" library="keywords_atendimento" sourcename="informar o campo &quot;${campo}&quot; com o &quot;${valor}&quot;">
<kw name="Get JSON" library="base">
<var>${elementos_aten_json}</var>
<arg>elementos_aten.json</arg>
<kw name="Get File" library="OperatingSystem">
<var>${file}</var>
<arg>${EXECDIR}/Files/${file_name}</arg>
<doc>Returns the contents of a specified file.</doc>
<msg timestamp="20211031 02:55:38.261" level="INFO" html="true">Getting file '&lt;a href="file:///home/m.calixta/Projeto sigsaúde/Files/elementos_aten.json"&gt;/home/m.calixta/Projeto sigsaúde/Files/elementos_aten.json&lt;/a&gt;'.</msg>
<msg timestamp="20211031 02:55:38.261" level="INFO">${file} = {
    "Data da listagem":"dataListagem",
    "Pesquisar":"button[class='btn btn-success']",
    "Atendimento":"a[class='atendimento btn-sigsaude btnCorAtendimento']",
    "Sim":"button[class='swal-but...</msg>
<status status="PASS" starttime="20211031 02:55:38.260" endtime="20211031 02:55:38.261"/>
</kw>
<kw name="Evaluate" library="BuiltIn">
<var>${super_var}</var>
<arg>json.loads($file)</arg>
<arg>json</arg>
<doc>Evaluates the given expression in Python and returns the result.</doc>
<msg timestamp="20211031 02:55:38.264" level="INFO">${super_var} = {'Data da listagem': 'dataListagem', 'Pesquisar': "button[class='btn btn-success']", 'Atendimento': "a[class='atendimento btn-sigsaude btnCorAtendimento']", 'Sim': "button[class='swal-button swal-butt...</msg>
<status status="PASS" starttime="20211031 02:55:38.262" endtime="20211031 02:55:38.264"/>
</kw>
<msg timestamp="20211031 02:55:38.265" level="INFO">${elementos_aten_json} = {'Data da listagem': 'dataListagem', 'Pesquisar': "button[class='btn btn-success']", 'Atendimento': "a[class='atendimento btn-sigsaude btnCorAtendimento']", 'Sim': "button[class='swal-button swal-butt...</msg>
<status status="PASS" starttime="20211031 02:55:38.259" endtime="20211031 02:55:38.265"/>
</kw>
<kw name="Type Text" library="Browser">
<arg>id=${elementos_aten_json["${campo}"]}</arg>
<arg>${valor}</arg>
<tag>PageContent</tag>
<tag>Setter</tag>
<doc>Types the given ``txt`` into the text field found by ``selector``.</doc>
<msg timestamp="20211031 02:55:38.268" level="INFO">Types the text '4' in the given field.</msg>
<status status="PASS" starttime="20211031 02:55:38.265" endtime="20211031 02:55:38.318"/>
</kw>
<status status="PASS" starttime="20211031 02:55:38.257" endtime="20211031 02:55:38.318"/>
</kw>
<kw name="informar o campo &quot;Observação&quot; com o &quot;Teste automatizado${contador}&quot;" library="keywords_atendimento" sourcename="informar o campo &quot;${campo}&quot; com o &quot;${valor}&quot;">
<kw name="Get JSON" library="base">
<var>${elementos_aten_json}</var>
<arg>elementos_aten.json</arg>
<kw name="Get File" library="OperatingSystem">
<var>${file}</var>
<arg>${EXECDIR}/Files/${file_name}</arg>
<doc>Returns the contents of a specified file.</doc>
<msg timestamp="20211031 02:55:38.322" level="INFO" html="true">Getting file '&lt;a href="file:///home/m.calixta/Projeto sigsaúde/Files/elementos_aten.json"&gt;/home/m.calixta/Projeto sigsaúde/Files/elementos_aten.json&lt;/a&gt;'.</msg>
<msg timestamp="20211031 02:55:38.322" level="INFO">${file} = {
    "Data da listagem":"dataListagem",
    "Pesquisar":"button[class='btn btn-success']",
    "Atendimento":"a[class='atendimento btn-sigsaude btnCorAtendimento']",
    "Sim":"button[class='swal-but...</msg>
<status status="PASS" starttime="20211031 02:55:38.321" endtime="20211031 02:55:38.322"/>
</kw>
<kw name="Evaluate" library="BuiltIn">
<var>${super_var}</var>
<arg>json.loads($file)</arg>
<arg>json</arg>
<doc>Evaluates the given expression in Python and returns the result.</doc>
<msg timestamp="20211031 02:55:38.325" level="INFO">${super_var} = {'Data da listagem': 'dataListagem', 'Pesquisar': "button[class='btn btn-success']", 'Atendimento': "a[class='atendimento btn-sigsaude btnCorAtendimento']", 'Sim': "button[class='swal-button swal-butt...</msg>
<status status="PASS" starttime="20211031 02:55:38.323" endtime="20211031 02:55:38.325"/>
</kw>
<msg timestamp="20211031 02:55:38.326" level="INFO">${elementos_aten_json} = {'Data da listagem': 'dataListagem', 'Pesquisar': "button[class='btn btn-success']", 'Atendimento': "a[class='atendimento btn-sigsaude btnCorAtendimento']", 'Sim': "button[class='swal-button swal-butt...</msg>
<status status="PASS" starttime="20211031 02:55:38.320" endtime="20211031 02:55:38.326"/>
</kw>
<kw name="Type Text" library="Browser">
<arg>id=${elementos_aten_json["${campo}"]}</arg>
<arg>${valor}</arg>
<tag>PageContent</tag>
<tag>Setter</tag>
<doc>Types the given ``txt`` into the text field found by ``selector``.</doc>
<msg timestamp="20211031 02:55:38.330" level="INFO">Types the text 'Teste automatizado4' in the given field.</msg>
<status status="PASS" starttime="20211031 02:55:38.327" endtime="20211031 02:55:38.453"/>
</kw>
<status status="PASS" starttime="20211031 02:55:38.319" endtime="20211031 02:55:38.453"/>
</kw>
<kw name="Click" library="Browser">
<arg>css=${elementos_aten_json["Adicionar exame"]}</arg>
<tag>PageContent</tag>
<tag>Setter</tag>
<doc>Simulates mouse click on the element found by ``selector``.</doc>
<status status="PASS" starttime="20211031 02:55:38.454" endtime="20211031 02:55:38.535"/>
</kw>
<status status="PASS" starttime="20211031 02:55:38.226" endtime="20211031 02:55:38.535"/>
</iter>
<status status="PASS" starttime="20211031 02:55:37.033" endtime="20211031 02:55:38.535"/>
</for>
<status status="PASS" starttime="20211031 02:55:37.025" endtime="20211031 02:55:38.535"/>
</kw>
<status status="PASS" starttime="20211031 02:55:31.755" endtime="20211031 02:55:38.536"/>
</kw>
<status status="PASS" starttime="20211031 02:55:31.753" endtime="20211031 02:55:38.536"/>
</kw>
<status status="PASS" starttime="20211031 02:55:31.751" endtime="20211031 02:55:38.536"/>
</kw>
<kw name="Sleep" library="BuiltIn">
<arg>20s</arg>
<doc>Pauses the test executed for the given time.</doc>
<msg timestamp="20211031 02:55:58.539" level="INFO">Slept 20 seconds</msg>
<status status="PASS" starttime="20211031 02:55:38.537" endtime="20211031 02:55:58.539"/>
</kw>
<status status="PASS" starttime="20211031 02:55:27.132" endtime="20211031 02:55:58.542"/>
</test>
<doc>Teste Agendamento</doc>
<status status="PASS" starttime="20211031 02:55:17.664" endtime="20211031 02:55:58.572"/>
</suite>
<statistics>
<total>
<stat pass="1" fail="0" skip="0">All Tests</stat>
</total>
<tag>
</tag>
<suite>
<stat pass="1" fail="0" skip="0" id="s1" name="5 - Atendimento endocrinologia">5 - Atendimento endocrinologia</stat>
</suite>
</statistics>
<errors>
<msg timestamp="20211031 02:55:17.727" level="ERROR">Error in file '/home/m.calixta/Projeto sigsaúde/Resources/keywords_atendimento.robot' on line 7: Setting 'Test Timeout' is not allowed in resource file.</msg>
</errors>
</robot>
