<?xml version="1.0" encoding="UTF-8"?>
<robot generator="Robot 4.0.3 (Python 3.8.0 on linux)" generated="20220403 18:06:32.902" rpa="false" schemaversion="2">
<suite id="s1" name="Tests" source="/home/mayara/Tcc/RobotFramework-Sigsaude/Tests">
<suite id="s1-s1" name="Usuario serviço" source="/home/mayara/Tcc/RobotFramework-Sigsaude/Tests/Usuario_serviço.robot">
<kw name="configurações informações iniciais &quot;Comum&quot;" library="Keywords" type="SETUP" sourcename="configurações informações iniciais &quot;${formulario}&quot;">
<kw name="Init Sheets" library="RPA.Cloud.Google">
<arg>Resources/Arquivos/chave.json</arg>
<tag>init</tag>
<tag>sheets</tag>
<doc>Initialize Google Sheets client</doc>
<msg timestamp="20220403 18:06:36.290" level="INFO">Authenticating with service account file</msg>
<status status="PASS" starttime="20220403 18:06:36.290" endtime="20220403 18:06:36.452"/>
</kw>
<kw name="iniciar navegador sessão &quot;${formulario}&quot;" library="base" sourcename="iniciar navegador sessão &quot;${login_usuario}&quot;">
<kw name="iniciar Navegador" library="base">
<kw name="Get JSON" library="base">
<var>${config_json}</var>
<arg>config.json</arg>
<kw name="Get File" library="OperatingSystem">
<var>${file}</var>
<arg>${EXECDIR}/Files/${file_name}</arg>
<doc>Returns the contents of a specified file.</doc>
<msg timestamp="20220403 18:06:36.453" level="INFO" html="true">Getting file '&lt;a href="file:///home/mayara/Tcc/RobotFramework-Sigsaude/Files/config.json"&gt;/home/mayara/Tcc/RobotFramework-Sigsaude/Files/config.json&lt;/a&gt;'.</msg>
<msg timestamp="20220403 18:06:36.488" level="INFO">${file} = {
    "base_url":"https://homologacaosigsaude.imd.ufrn.br/sigsaude",
    "navegador":"chromium",
    "lelog":"https://lelog.netlify.app/"

}</msg>
<status status="PASS" starttime="20220403 18:06:36.453" endtime="20220403 18:06:36.488"/>
</kw>
<kw name="Evaluate" library="BuiltIn">
<var>${super_var}</var>
<arg>json.loads($file)</arg>
<arg>json</arg>
<doc>Evaluates the given expression in Python and returns the result.</doc>
<msg timestamp="20220403 18:06:36.493" level="INFO">${super_var} = {'base_url': 'https://homologacaosigsaude.imd.ufrn.br/sigsaude', 'navegador': 'chromium', 'lelog': 'https://lelog.netlify.app/'}</msg>
<status status="PASS" starttime="20220403 18:06:36.488" endtime="20220403 18:06:36.493"/>
</kw>
<msg timestamp="20220403 18:06:36.493" level="INFO">${config_json} = {'base_url': 'https://homologacaosigsaude.imd.ufrn.br/sigsaude', 'navegador': 'chromium', 'lelog': 'https://lelog.netlify.app/'}</msg>
<status status="PASS" starttime="20220403 18:06:36.453" endtime="20220403 18:06:36.493"/>
</kw>
<kw name="New Browser" library="Browser">
<arg>${config_json["navegador"]}</arg>
<arg>False</arg>
<tag>BrowserControl</tag>
<tag>Setter</tag>
<doc>Create a new playwright Browser with specified options.
See `Browser, Context and Page` for more information about Browser and related concepts.</doc>
<msg timestamp="20220403 18:06:36.494" level="INFO">{"browser": "chromium", "headless": false, "handleSIGINT": true, "handleSIGTERM": true, "handleSIGHUP": true, "timeout": 30000.0, "devtools": false, "slowMo": 0.0}</msg>
<msg timestamp="20220403 18:06:37.163" level="INFO">Successfully created browser with options: {"browser":"chromium","headless":false,"handleSIGINT":true,"handleSIGTERM":true,"handleSIGHUP":true,"timeout":30000,"devtools":false,"slowMo":0}</msg>
<status status="PASS" starttime="20220403 18:06:36.493" endtime="20220403 18:06:37.163"/>
</kw>
<status status="PASS" starttime="20220403 18:06:36.452" endtime="20220403 18:06:37.164"/>
</kw>
<kw name="Get JSON" library="base">
<var>${config_json}</var>
<arg>config.json</arg>
<kw name="Get File" library="OperatingSystem">
<var>${file}</var>
<arg>${EXECDIR}/Files/${file_name}</arg>
<doc>Returns the contents of a specified file.</doc>
<msg timestamp="20220403 18:06:37.165" level="INFO" html="true">Getting file '&lt;a href="file:///home/mayara/Tcc/RobotFramework-Sigsaude/Files/config.json"&gt;/home/mayara/Tcc/RobotFramework-Sigsaude/Files/config.json&lt;/a&gt;'.</msg>
<msg timestamp="20220403 18:06:37.166" level="INFO">${file} = {
    "base_url":"https://homologacaosigsaude.imd.ufrn.br/sigsaude",
    "navegador":"chromium",
    "lelog":"https://lelog.netlify.app/"

}</msg>
<status status="PASS" starttime="20220403 18:06:37.165" endtime="20220403 18:06:37.166"/>
</kw>
<kw name="Evaluate" library="BuiltIn">
<var>${super_var}</var>
<arg>json.loads($file)</arg>
<arg>json</arg>
<doc>Evaluates the given expression in Python and returns the result.</doc>
<msg timestamp="20220403 18:06:37.166" level="INFO">${super_var} = {'base_url': 'https://homologacaosigsaude.imd.ufrn.br/sigsaude', 'navegador': 'chromium', 'lelog': 'https://lelog.netlify.app/'}</msg>
<status status="PASS" starttime="20220403 18:06:37.166" endtime="20220403 18:06:37.166"/>
</kw>
<msg timestamp="20220403 18:06:37.167" level="INFO">${config_json} = {'base_url': 'https://homologacaosigsaude.imd.ufrn.br/sigsaude', 'navegador': 'chromium', 'lelog': 'https://lelog.netlify.app/'}</msg>
<status status="PASS" starttime="20220403 18:06:37.164" endtime="20220403 18:06:37.167"/>
</kw>
<kw name="New Page" library="Browser">
<arg>${config_json["base_url"]}</arg>
<tag>BrowserControl</tag>
<tag>Setter</tag>
<doc>Open a new Page. A Page is the Playwright equivalent to a tab.
See `Browser, Context and Page` for more information about Page concept.
Returns a stable identifier for the created page.</doc>
<msg timestamp="20220403 18:06:40.400" level="INFO">Successfully initialized new page object and opened url: https://homologacaosigsaude.imd.ufrn.br/sigsaude</msg>
<msg timestamp="20220403 18:06:40.400" level="INFO">No context was open. New context was automatically opened when this page is created.</msg>
<status status="PASS" starttime="20220403 18:06:37.167" endtime="20220403 18:06:40.400"/>
</kw>
<kw name="Direcionamento da tela &quot;login&quot;" library="nav" sourcename="Direcionamento da tela &quot;${page}&quot;">
<kw name="Get JSON" library="base">
<var>${telas_json}</var>
<arg>telas.json</arg>
<kw name="Get File" library="OperatingSystem">
<var>${file}</var>
<arg>${EXECDIR}/Files/${file_name}</arg>
<doc>Returns the contents of a specified file.</doc>
<msg timestamp="20220403 18:06:40.402" level="INFO" html="true">Getting file '&lt;a href="file:///home/mayara/Tcc/RobotFramework-Sigsaude/Files/telas.json"&gt;/home/mayara/Tcc/RobotFramework-Sigsaude/Files/telas.json&lt;/a&gt;'.</msg>
<msg timestamp="20220403 18:06:40.424" level="INFO">${file} = {
    "login":"/login",
    "novo usuario de serviço":"/paciente/cadastro",
    "listar usuarios de serviço":"/paciente",
    "cadastro de colaborador":"/colaborador/form",
    "agendamento":"/agendam...</msg>
<status status="PASS" starttime="20220403 18:06:40.402" endtime="20220403 18:06:40.424"/>
</kw>
<kw name="Evaluate" library="BuiltIn">
<var>${super_var}</var>
<arg>json.loads($file)</arg>
<arg>json</arg>
<doc>Evaluates the given expression in Python and returns the result.</doc>
<msg timestamp="20220403 18:06:40.426" level="INFO">${super_var} = {'login': '/login', 'novo usuario de serviço': '/paciente/cadastro', 'listar usuarios de serviço': '/paciente', 'cadastro de colaborador': '/colaborador/form', 'agendamento': '/agendamento', 'listar c...</msg>
<status status="PASS" starttime="20220403 18:06:40.425" endtime="20220403 18:06:40.426"/>
</kw>
<msg timestamp="20220403 18:06:40.427" level="INFO">${telas_json} = {'login': '/login', 'novo usuario de serviço': '/paciente/cadastro', 'listar usuarios de serviço': '/paciente', 'cadastro de colaborador': '/colaborador/form', 'agendamento': '/agendamento', 'listar c...</msg>
<status status="PASS" starttime="20220403 18:06:40.401" endtime="20220403 18:06:40.427"/>
</kw>
<kw name="Get JSON" library="base">
<var>${config_json}</var>
<arg>config.json</arg>
<kw name="Get File" library="OperatingSystem">
<var>${file}</var>
<arg>${EXECDIR}/Files/${file_name}</arg>
<doc>Returns the contents of a specified file.</doc>
<msg timestamp="20220403 18:06:40.429" level="INFO" html="true">Getting file '&lt;a href="file:///home/mayara/Tcc/RobotFramework-Sigsaude/Files/config.json"&gt;/home/mayara/Tcc/RobotFramework-Sigsaude/Files/config.json&lt;/a&gt;'.</msg>
<msg timestamp="20220403 18:06:40.430" level="INFO">${file} = {
    "base_url":"https://homologacaosigsaude.imd.ufrn.br/sigsaude",
    "navegador":"chromium",
    "lelog":"https://lelog.netlify.app/"

}</msg>
<status status="PASS" starttime="20220403 18:06:40.429" endtime="20220403 18:06:40.431"/>
</kw>
<kw name="Evaluate" library="BuiltIn">
<var>${super_var}</var>
<arg>json.loads($file)</arg>
<arg>json</arg>
<doc>Evaluates the given expression in Python and returns the result.</doc>
<msg timestamp="20220403 18:06:40.431" level="INFO">${super_var} = {'base_url': 'https://homologacaosigsaude.imd.ufrn.br/sigsaude', 'navegador': 'chromium', 'lelog': 'https://lelog.netlify.app/'}</msg>
<status status="PASS" starttime="20220403 18:06:40.431" endtime="20220403 18:06:40.431"/>
</kw>
<msg timestamp="20220403 18:06:40.432" level="INFO">${config_json} = {'base_url': 'https://homologacaosigsaude.imd.ufrn.br/sigsaude', 'navegador': 'chromium', 'lelog': 'https://lelog.netlify.app/'}</msg>
<status status="PASS" starttime="20220403 18:06:40.428" endtime="20220403 18:06:40.432"/>
</kw>
<kw name="Go To" library="Browser">
<arg>${config_json["base_url"]}${telas_json["${page}"]}</arg>
<tag>BrowserControl</tag>
<tag>Setter</tag>
<doc>Navigates to the given ``url``.</doc>
<msg timestamp="20220403 18:06:41.256" level="INFO">Succesfully opened URL https://homologacaosigsaude.imd.ufrn.br/sigsaude/login</msg>
<status status="PASS" starttime="20220403 18:06:40.432" endtime="20220403 18:06:41.256"/>
</kw>
<status status="PASS" starttime="20220403 18:06:40.401" endtime="20220403 18:06:41.257"/>
</kw>
<kw name="Get JSON" library="base">
<var>${login_json}</var>
<arg>login.json</arg>
<kw name="Get File" library="OperatingSystem">
<var>${file}</var>
<arg>${EXECDIR}/Files/${file_name}</arg>
<doc>Returns the contents of a specified file.</doc>
<msg timestamp="20220403 18:06:41.262" level="INFO" html="true">Getting file '&lt;a href="file:///home/mayara/Tcc/RobotFramework-Sigsaude/Files/login.json"&gt;/home/mayara/Tcc/RobotFramework-Sigsaude/Files/login.json&lt;/a&gt;'.</msg>
<msg timestamp="20220403 18:06:41.309" level="INFO">${file} = {

    "Psicologia":{
        "login": "drpsicologia",
        "senha": 85278120029
    },

    "Endocrinologia":{
        "login": "drendocrinologia",
        "senha": 98841863323
    },

	"Comum": {...</msg>
<status status="PASS" starttime="20220403 18:06:41.260" endtime="20220403 18:06:41.309"/>
</kw>
<kw name="Evaluate" library="BuiltIn">
<var>${super_var}</var>
<arg>json.loads($file)</arg>
<arg>json</arg>
<doc>Evaluates the given expression in Python and returns the result.</doc>
<msg timestamp="20220403 18:06:41.311" level="INFO">${super_var} = {'Psicologia': {'login': 'drpsicologia', 'senha': 85278120029}, 'Endocrinologia': {'login': 'drendocrinologia', 'senha': 98841863323}, 'Comum': {'login': 'uirakuleszatestes', 'senha': '02219235432'}}</msg>
<status status="PASS" starttime="20220403 18:06:41.309" endtime="20220403 18:06:41.311"/>
</kw>
<msg timestamp="20220403 18:06:41.312" level="INFO">${login_json} = {'Psicologia': {'login': 'drpsicologia', 'senha': 85278120029}, 'Endocrinologia': {'login': 'drendocrinologia', 'senha': 98841863323}, 'Comum': {'login': 'uirakuleszatestes', 'senha': '02219235432'}}</msg>
<status status="PASS" starttime="20220403 18:06:41.258" endtime="20220403 18:06:41.312"/>
</kw>
<kw name="Fill Text" library="Browser">
<arg>id=login-username</arg>
<arg>${login_json["${login_usuario}"]["login"]}</arg>
<tag>PageContent</tag>
<tag>Setter</tag>
<doc>Clears and fills the given ``text`` into the text field found by ``selector``.</doc>
<msg timestamp="20220403 18:06:41.315" level="INFO">Fills the text 'uirakuleszatestes' in the given field.</msg>
<status status="PASS" starttime="20220403 18:06:41.313" endtime="20220403 18:06:41.454"/>
</kw>
<kw name="Fill Text" library="Browser">
<arg>id=login-password</arg>
<arg>${login_json["${login_usuario}"]["senha"]}</arg>
<tag>PageContent</tag>
<tag>Setter</tag>
<doc>Clears and fills the given ``text`` into the text field found by ``selector``.</doc>
<msg timestamp="20220403 18:06:41.456" level="INFO">Fills the text '02219235432' in the given field.</msg>
<status status="PASS" starttime="20220403 18:06:41.455" endtime="20220403 18:06:41.474"/>
</kw>
<kw name="Click" library="Browser">
<arg>css=[value='Entrar']</arg>
<tag>PageContent</tag>
<tag>Setter</tag>
<doc>Simulates mouse click on the element found by ``selector``.</doc>
<status status="PASS" starttime="20220403 18:06:41.474" endtime="20220403 18:06:42.310"/>
</kw>
<status status="PASS" starttime="20220403 18:06:36.452" endtime="20220403 18:06:42.311"/>
</kw>
<status status="PASS" starttime="20220403 18:06:36.289" endtime="20220403 18:06:42.311"/>
</kw>
<test id="s1-s1-t1" name="[001] - Cadastro de um usuario de serviço-completo(Reponsavel)">
<kw name="Dado" library="bdd">
<arg>que o usuario está na tela "novo usuario de serviço"</arg>
<kw name="Run Keyword" library="BuiltIn">
<arg>@{Keywords}</arg>
<doc>Executes the given keyword with the given arguments.</doc>
<kw name="que o usuario está na tela &quot;novo usuario de serviço&quot;" library="nav" sourcename="que o usuario está na tela &quot;${tela}&quot;">
<kw name="Direcionamento da tela &quot;${tela}&quot;" library="nav" sourcename="Direcionamento da tela &quot;${page}&quot;">
<kw name="Get JSON" library="base">
<var>${telas_json}</var>
<arg>telas.json</arg>
<kw name="Get File" library="OperatingSystem">
<var>${file}</var>
<arg>${EXECDIR}/Files/${file_name}</arg>
<doc>Returns the contents of a specified file.</doc>
<msg timestamp="20220403 18:06:42.341" level="INFO" html="true">Getting file '&lt;a href="file:///home/mayara/Tcc/RobotFramework-Sigsaude/Files/telas.json"&gt;/home/mayara/Tcc/RobotFramework-Sigsaude/Files/telas.json&lt;/a&gt;'.</msg>
<msg timestamp="20220403 18:06:42.341" level="INFO">${file} = {
    "login":"/login",
    "novo usuario de serviço":"/paciente/cadastro",
    "listar usuarios de serviço":"/paciente",
    "cadastro de colaborador":"/colaborador/form",
    "agendamento":"/agendam...</msg>
<status status="PASS" starttime="20220403 18:06:42.340" endtime="20220403 18:06:42.342"/>
</kw>
<kw name="Evaluate" library="BuiltIn">
<var>${super_var}</var>
<arg>json.loads($file)</arg>
<arg>json</arg>
<doc>Evaluates the given expression in Python and returns the result.</doc>
<msg timestamp="20220403 18:06:42.346" level="INFO">${super_var} = {'login': '/login', 'novo usuario de serviço': '/paciente/cadastro', 'listar usuarios de serviço': '/paciente', 'cadastro de colaborador': '/colaborador/form', 'agendamento': '/agendamento', 'listar c...</msg>
<status status="PASS" starttime="20220403 18:06:42.342" endtime="20220403 18:06:42.346"/>
</kw>
<msg timestamp="20220403 18:06:42.347" level="INFO">${telas_json} = {'login': '/login', 'novo usuario de serviço': '/paciente/cadastro', 'listar usuarios de serviço': '/paciente', 'cadastro de colaborador': '/colaborador/form', 'agendamento': '/agendamento', 'listar c...</msg>
<status status="PASS" starttime="20220403 18:06:42.338" endtime="20220403 18:06:42.347"/>
</kw>
<kw name="Get JSON" library="base">
<var>${config_json}</var>
<arg>config.json</arg>
<kw name="Get File" library="OperatingSystem">
<var>${file}</var>
<arg>${EXECDIR}/Files/${file_name}</arg>
<doc>Returns the contents of a specified file.</doc>
<msg timestamp="20220403 18:06:42.349" level="INFO" html="true">Getting file '&lt;a href="file:///home/mayara/Tcc/RobotFramework-Sigsaude/Files/config.json"&gt;/home/mayara/Tcc/RobotFramework-Sigsaude/Files/config.json&lt;/a&gt;'.</msg>
<msg timestamp="20220403 18:06:42.349" level="INFO">${file} = {
    "base_url":"https://homologacaosigsaude.imd.ufrn.br/sigsaude",
    "navegador":"chromium",
    "lelog":"https://lelog.netlify.app/"

}</msg>
<status status="PASS" starttime="20220403 18:06:42.348" endtime="20220403 18:06:42.349"/>
</kw>
<kw name="Evaluate" library="BuiltIn">
<var>${super_var}</var>
<arg>json.loads($file)</arg>
<arg>json</arg>
<doc>Evaluates the given expression in Python and returns the result.</doc>
<msg timestamp="20220403 18:06:42.350" level="INFO">${super_var} = {'base_url': 'https://homologacaosigsaude.imd.ufrn.br/sigsaude', 'navegador': 'chromium', 'lelog': 'https://lelog.netlify.app/'}</msg>
<status status="PASS" starttime="20220403 18:06:42.349" endtime="20220403 18:06:42.350"/>
</kw>
<msg timestamp="20220403 18:06:42.350" level="INFO">${config_json} = {'base_url': 'https://homologacaosigsaude.imd.ufrn.br/sigsaude', 'navegador': 'chromium', 'lelog': 'https://lelog.netlify.app/'}</msg>
<status status="PASS" starttime="20220403 18:06:42.348" endtime="20220403 18:06:42.350"/>
</kw>
<kw name="Go To" library="Browser">
<arg>${config_json["base_url"]}${telas_json["${page}"]}</arg>
<tag>BrowserControl</tag>
<tag>Setter</tag>
<doc>Navigates to the given ``url``.</doc>
<msg timestamp="20220403 18:06:44.824" level="INFO">Succesfully opened URL https://homologacaosigsaude.imd.ufrn.br/sigsaude/paciente/cadastro</msg>
<status status="PASS" starttime="20220403 18:06:42.350" endtime="20220403 18:06:44.824"/>
</kw>
<status status="PASS" starttime="20220403 18:06:42.338" endtime="20220403 18:06:44.824"/>
</kw>
<status status="PASS" starttime="20220403 18:06:42.338" endtime="20220403 18:06:44.825"/>
</kw>
<status status="PASS" starttime="20220403 18:06:42.337" endtime="20220403 18:06:44.825"/>
</kw>
<status status="PASS" starttime="20220403 18:06:42.337" endtime="20220403 18:06:44.825"/>
</kw>
<kw name="E" library="bdd">
<arg>informar os dados do "usuario de serviço"</arg>
<kw name="Run Keyword" library="BuiltIn">
<arg>@{Keywords}</arg>
<doc>Executes the given keyword with the given arguments.</doc>
<kw name="informar os dados do &quot;usuario de serviço&quot;" library="Page_usuario_cadastro" sourcename="informar os dados do &quot;${tela}&quot;">
<kw name="Get JSON" library="base">
<var>${dados_json}</var>
<arg>cadastros.json</arg>
<kw name="Get File" library="OperatingSystem">
<var>${file}</var>
<arg>${EXECDIR}/Files/${file_name}</arg>
<doc>Returns the contents of a specified file.</doc>
<msg timestamp="20220403 18:06:44.827" level="INFO" html="true">Getting file '&lt;a href="file:///home/mayara/Tcc/RobotFramework-Sigsaude/Files/cadastros.json"&gt;/home/mayara/Tcc/RobotFramework-Sigsaude/Files/cadastros.json&lt;/a&gt;'.</msg>
<msg timestamp="20220403 18:06:44.829" level="INFO">${file} = {
	"usuario de serviço": [
		{			
			"checkboxDesconheceNomeMae":"",
			"checkboxDesconheceNomePai":"",
			"checkboxNomeSocial":"",
			"checkboxGenero":"",
			"checkboxDeficiente":"",
			"inputCPF":""...</msg>
<status status="PASS" starttime="20220403 18:06:44.827" endtime="20220403 18:06:44.829"/>
</kw>
<kw name="Evaluate" library="BuiltIn">
<var>${super_var}</var>
<arg>json.loads($file)</arg>
<arg>json</arg>
<doc>Evaluates the given expression in Python and returns the result.</doc>
<msg timestamp="20220403 18:06:44.830" level="INFO">${super_var} = {'usuario de serviço': [{'checkboxDesconheceNomeMae': '', 'checkboxDesconheceNomePai': '', 'checkboxNomeSocial': '', 'checkboxGenero': '', 'checkboxDeficiente': '', 'inputCPF': '', 'inputIdentidade': ...</msg>
<status status="PASS" starttime="20220403 18:06:44.829" endtime="20220403 18:06:44.830"/>
</kw>
<msg timestamp="20220403 18:06:44.830" level="INFO">${dados_json} = {'usuario de serviço': [{'checkboxDesconheceNomeMae': '', 'checkboxDesconheceNomePai': '', 'checkboxNomeSocial': '', 'checkboxGenero': '', 'checkboxDeficiente': '', 'inputCPF': '', 'inputIdentidade': ...</msg>
<status status="PASS" starttime="20220403 18:06:44.826" endtime="20220403 18:06:44.831"/>
</kw>
<kw name="Set Variable" library="BuiltIn">
<var>${dados}</var>
<arg>${dados_json["${tela}"]}</arg>
<doc>Returns the given values which can then be assigned to a variables.</doc>
<msg timestamp="20220403 18:06:44.832" level="INFO">${dados} = [{'checkboxDesconheceNomeMae': '', 'checkboxDesconheceNomePai': '', 'checkboxNomeSocial': '', 'checkboxGenero': '', 'checkboxDeficiente': '', 'inputCPF': '', 'inputIdentidade': '', 'inputOrgaoExpedido...</msg>
<status status="PASS" starttime="20220403 18:06:44.831" endtime="20220403 18:06:44.832"/>
</kw>
<for flavor="IN">
<var>${item}</var>
<value>@{dados}</value>
<iter>
<var name="${item}">{'checkboxDesconheceNomeMae': '', 'checkboxDesconheceNomePai': '', 'checkboxNomeSocial': '', 'checkboxGenero': '', 'checkboxDeficiente': '', 'inputCPF': '', 'inputIdentidade': '', 'inputOrgaoExpedidor...</var>
<for flavor="IN">
<var>${key}</var>
<value>@{item.keys()}</value>
<iter>
<var name="${key}">checkboxDesconheceNomeMae</var>
<if>
<branch type="IF" condition="'${key}' == 'checkboxDesconheceNomeMae' or '${key}' == 'checkboxDesconheceNomePai' or '${key}'== 'checkboxDeficiente' or '${key}' == 'checkboxNomeSocial' or '${key}' == 'checkboxGenero'">
<kw name="Click" library="Browser">
<arg>id=${key}</arg>
<tag>PageContent</tag>
<tag>Setter</tag>
<doc>Simulates mouse click on the element found by ``selector``.</doc>
<status status="PASS" starttime="20220403 18:06:44.836" endtime="20220403 18:06:45.423"/>
</kw>
<status status="PASS" starttime="20220403 18:06:44.835" endtime="20220403 18:06:45.423"/>
</branch>
<branch type="ELSE IF" condition="'${key}' == 'inputIdentidade' or '${key}' == 'inputSUSF'">
<kw name="Evaluate" library="BuiltIn">
<var>${numbers}</var>
<arg>random.randint(0, sys.maxsize)</arg>
<arg>random</arg>
<doc>Evaluates the given expression in Python and returns the result.</doc>
<status status="NOT RUN" starttime="20220403 18:06:45.424" endtime="20220403 18:06:45.424"/>
</kw>
<kw name="Type Text" library="Browser">
<arg>id=${key}</arg>
<arg>${numbers}</arg>
<tag>PageContent</tag>
<tag>Setter</tag>
<doc>Types the given ``txt`` into the text field found by ``selector``.</doc>
<status status="NOT RUN" starttime="20220403 18:06:45.424" endtime="20220403 18:06:45.424"/>
</kw>
<status status="NOT RUN" starttime="20220403 18:06:45.423" endtime="20220403 18:06:45.424"/>
</branch>
<branch type="ELSE IF" condition="'${key}' == 'inputEmail'">
<kw name="Email" library="FakerLibrary">
<var>${email}</var>
<status status="NOT RUN" starttime="20220403 18:06:45.424" endtime="20220403 18:06:45.424"/>
</kw>
<kw name="Type Text" library="Browser">
<arg>id=${key}</arg>
<arg>${email}</arg>
<tag>PageContent</tag>
<tag>Setter</tag>
<doc>Types the given ``txt`` into the text field found by ``selector``.</doc>
<status status="NOT RUN" starttime="20220403 18:06:45.425" endtime="20220403 18:06:45.425"/>
</kw>
<kw name="Set Global Variable" library="BuiltIn">
<arg>${email}</arg>
<doc>Makes a variable available globally in all tests and suites.</doc>
<status status="NOT RUN" starttime="20220403 18:06:45.425" endtime="20220403 18:06:45.425"/>
</kw>
<status status="NOT RUN" starttime="20220403 18:06:45.424" endtime="20220403 18:06:45.425"/>
</branch>
<branch type="ELSE IF" condition="'${key}' == 'inputCPF'">
<kw name="Cpf" library="FakerLibrary">
<var>${cpf}</var>
<status status="NOT RUN" starttime="20220403 18:06:45.425" endtime="20220403 18:06:45.425"/>
</kw>
<kw name="Fill Text" library="Browser">
<arg>id=${key}</arg>
<arg>${cpf}</arg>
<tag>PageContent</tag>
<tag>Setter</tag>
<doc>Clears and fills the given ``text`` into the text field found by ``selector``.</doc>
<status status="NOT RUN" starttime="20220403 18:06:45.425" endtime="20220403 18:06:45.426"/>
</kw>
<kw name="Set Global Variable" library="BuiltIn">
<arg>${cpf}</arg>
<doc>Makes a variable available globally in all tests and suites.</doc>
<status status="NOT RUN" starttime="20220403 18:06:45.426" endtime="20220403 18:06:45.426"/>
</kw>
<status status="NOT RUN" starttime="20220403 18:06:45.425" endtime="20220403 18:06:45.426"/>
</branch>
<branch type="ELSE IF" condition="'${key}' == 'inputLogin'">
<kw name="Word" library="FakerLibrary">
<var>${login_aux}</var>
<doc>Generate a word.</doc>
<status status="NOT RUN" starttime="20220403 18:06:45.426" endtime="20220403 18:06:45.426"/>
</kw>
<kw name="Set Variable" library="BuiltIn">
<var>${login_colaborador}</var>
<arg>${login_aux}_c1</arg>
<doc>Returns the given values which can then be assigned to a variables.</doc>
<status status="NOT RUN" starttime="20220403 18:06:45.426" endtime="20220403 18:06:45.426"/>
</kw>
<kw name="Type Text" library="Browser">
<arg>id=${key}</arg>
<arg>${login_colaborador}</arg>
<tag>PageContent</tag>
<tag>Setter</tag>
<doc>Types the given ``txt`` into the text field found by ``selector``.</doc>
<status status="NOT RUN" starttime="20220403 18:06:45.427" endtime="20220403 18:06:45.427"/>
</kw>
<kw name="Set Global Variable" library="BuiltIn">
<arg>${login_colaborador}</arg>
<doc>Makes a variable available globally in all tests and suites.</doc>
<status status="NOT RUN" starttime="20220403 18:06:45.427" endtime="20220403 18:06:45.427"/>
</kw>
<status status="NOT RUN" starttime="20220403 18:06:45.426" endtime="20220403 18:06:45.427"/>
</branch>
<branch type="ELSE">
<kw name="Fill Text" library="Browser">
<arg>id=${key}</arg>
<arg>${item["${key}"]}</arg>
<tag>PageContent</tag>
<tag>Setter</tag>
<doc>Clears and fills the given ``text`` into the text field found by ``selector``.</doc>
<status status="NOT RUN" starttime="20220403 18:06:45.428" endtime="20220403 18:06:45.428"/>
</kw>
<if>
<branch type="IF" condition="'${key}' == 'inputNome'">
<kw name="Set Global Variable" library="BuiltIn">
<arg>${nome}</arg>
<arg>${item["${key}"]}</arg>
<doc>Makes a variable available globally in all tests and suites.</doc>
<status status="NOT RUN" starttime="20220403 18:06:45.428" endtime="20220403 18:06:45.428"/>
</kw>
<status status="NOT RUN" starttime="20220403 18:06:45.428" endtime="20220403 18:06:45.428"/>
</branch>
<branch type="ELSE IF" condition="'${key}' == 'inputNomeSocial'">
<kw name="Set Global Variable" library="BuiltIn">
<arg>${nome_social}</arg>
<arg>${item["${key}"]}</arg>
<doc>Makes a variable available globally in all tests and suites.</doc>
<status status="NOT RUN" starttime="20220403 18:06:45.429" endtime="20220403 18:06:45.429"/>
</kw>
<status status="NOT RUN" starttime="20220403 18:06:45.428" endtime="20220403 18:06:45.429"/>
</branch>
<branch type="ELSE IF" condition="'${key}' == 'inputNomeMae'">
<kw name="Set Global Variable" library="BuiltIn">
<arg>${nome_filiação}</arg>
<arg>${item["${key}"]}</arg>
<doc>Makes a variable available globally in all tests and suites.</doc>
<status status="NOT RUN" starttime="20220403 18:06:45.429" endtime="20220403 18:06:45.429"/>
</kw>
<status status="NOT RUN" starttime="20220403 18:06:45.429" endtime="20220403 18:06:45.429"/>
</branch>
<status status="NOT RUN" starttime="20220403 18:06:45.428" endtime="20220403 18:06:45.429"/>
</if>
<status status="NOT RUN" starttime="20220403 18:06:45.427" endtime="20220403 18:06:45.429"/>
</branch>
<status status="PASS" starttime="20220403 18:06:44.835" endtime="20220403 18:06:45.429"/>
</if>
<status status="PASS" starttime="20220403 18:06:44.835" endtime="20220403 18:06:45.429"/>
</iter>
<iter>
<var name="${key}">checkboxDesconheceNomePai</var>
<if>
<branch type="IF" condition="'${key}' == 'checkboxDesconheceNomeMae' or '${key}' == 'checkboxDesconheceNomePai' or '${key}'== 'checkboxDeficiente' or '${key}' == 'checkboxNomeSocial' or '${key}' == 'checkboxGenero'">
<kw name="Click" library="Browser">
<arg>id=${key}</arg>
<tag>PageContent</tag>
<tag>Setter</tag>
<doc>Simulates mouse click on the element found by ``selector``.</doc>
<status status="PASS" starttime="20220403 18:06:45.430" endtime="20220403 18:06:45.471"/>
</kw>
<status status="PASS" starttime="20220403 18:06:45.430" endtime="20220403 18:06:45.471"/>
</branch>
<branch type="ELSE IF" condition="'${key}' == 'inputIdentidade' or '${key}' == 'inputSUSF'">
<kw name="Evaluate" library="BuiltIn">
<var>${numbers}</var>
<arg>random.randint(0, sys.maxsize)</arg>
<arg>random</arg>
<doc>Evaluates the given expression in Python and returns the result.</doc>
<status status="NOT RUN" starttime="20220403 18:06:45.471" endtime="20220403 18:06:45.471"/>
</kw>
<kw name="Type Text" library="Browser">
<arg>id=${key}</arg>
<arg>${numbers}</arg>
<tag>PageContent</tag>
<tag>Setter</tag>
<doc>Types the given ``txt`` into the text field found by ``selector``.</doc>
<status status="NOT RUN" starttime="20220403 18:06:45.471" endtime="20220403 18:06:45.471"/>
</kw>
<status status="NOT RUN" starttime="20220403 18:06:45.471" endtime="20220403 18:06:45.471"/>
</branch>
<branch type="ELSE IF" condition="'${key}' == 'inputEmail'">
<kw name="Email" library="FakerLibrary">
<var>${email}</var>
<status status="NOT RUN" starttime="20220403 18:06:45.471" endtime="20220403 18:06:45.471"/>
</kw>
<kw name="Type Text" library="Browser">
<arg>id=${key}</arg>
<arg>${email}</arg>
<tag>PageContent</tag>
<tag>Setter</tag>
<doc>Types the given ``txt`` into the text field found by ``selector``.</doc>
<status status="NOT RUN" starttime="20220403 18:06:45.471" endtime="20220403 18:06:45.472"/>
</kw>
<kw name="Set Global Variable" library="BuiltIn">
<arg>${email}</arg>
<doc>Makes a variable available globally in all tests and suites.</doc>
<status status="NOT RUN" starttime="20220403 18:06:45.472" endtime="20220403 18:06:45.472"/>
</kw>
<status status="NOT RUN" starttime="20220403 18:06:45.471" endtime="20220403 18:06:45.472"/>
</branch>
<branch type="ELSE IF" condition="'${key}' == 'inputCPF'">
<kw name="Cpf" library="FakerLibrary">
<var>${cpf}</var>
<status status="NOT RUN" starttime="20220403 18:06:45.472" endtime="20220403 18:06:45.472"/>
</kw>
<kw name="Fill Text" library="Browser">
<arg>id=${key}</arg>
<arg>${cpf}</arg>
<tag>PageContent</tag>
<tag>Setter</tag>
<doc>Clears and fills the given ``text`` into the text field found by ``selector``.</doc>
<status status="NOT RUN" starttime="20220403 18:06:45.472" endtime="20220403 18:06:45.472"/>
</kw>
<kw name="Set Global Variable" library="BuiltIn">
<arg>${cpf}</arg>
<doc>Makes a variable available globally in all tests and suites.</doc>
<status status="NOT RUN" starttime="20220403 18:06:45.472" endtime="20220403 18:06:45.472"/>
</kw>
<status status="NOT RUN" starttime="20220403 18:06:45.472" endtime="20220403 18:06:45.472"/>
</branch>
<branch type="ELSE IF" condition="'${key}' == 'inputLogin'">
<kw name="Word" library="FakerLibrary">
<var>${login_aux}</var>
<doc>Generate a word.</doc>
<status status="NOT RUN" starttime="20220403 18:06:45.473" endtime="20220403 18:06:45.473"/>
</kw>
<kw name="Set Variable" library="BuiltIn">
<var>${login_colaborador}</var>
<arg>${login_aux}_c1</arg>
<doc>Returns the given values which can then be assigned to a variables.</doc>
<status status="NOT RUN" starttime="20220403 18:06:45.473" endtime="20220403 18:06:45.473"/>
</kw>
<kw name="Type Text" library="Browser">
<arg>id=${key}</arg>
<arg>${login_colaborador}</arg>
<tag>PageContent</tag>
<tag>Setter</tag>
<doc>Types the given ``txt`` into the text field found by ``selector``.</doc>
<status status="NOT RUN" starttime="20220403 18:06:45.473" endtime="20220403 18:06:45.473"/>
</kw>
<kw name="Set Global Variable" library="BuiltIn">
<arg>${login_colaborador}</arg>
<doc>Makes a variable available globally in all tests and suites.</doc>
<status status="NOT RUN" starttime="20220403 18:06:45.474" endtime="20220403 18:06:45.474"/>
</kw>
<status status="NOT RUN" starttime="20220403 18:06:45.472" endtime="20220403 18:06:45.474"/>
</branch>
<branch type="ELSE">
<kw name="Fill Text" library="Browser">
<arg>id=${key}</arg>
<arg>${item["${key}"]}</arg>
<tag>PageContent</tag>
<tag>Setter</tag>
<doc>Clears and fills the given ``text`` into the text field found by ``selector``.</doc>
<status status="NOT RUN" starttime="20220403 18:06:45.474" endtime="20220403 18:06:45.474"/>
</kw>
<if>
<branch type="IF" condition="'${key}' == 'inputNome'">
<kw name="Set Global Variable" library="BuiltIn">
<arg>${nome}</arg>
<arg>${item["${key}"]}</arg>
<doc>Makes a variable available globally in all tests and suites.</doc>
<status status="NOT RUN" starttime="20220403 18:06:45.474" endtime="20220403 18:06:45.474"/>
</kw>
<status status="NOT RUN" starttime="20220403 18:06:45.474" endtime="20220403 18:06:45.474"/>
</branch>
<branch type="ELSE IF" condition="'${key}' == 'inputNomeSocial'">
<kw name="Set Global Variable" library="BuiltIn">
<arg>${nome_social}</arg>
<arg>${item["${key}"]}</arg>
<doc>Makes a variable available globally in all tests and suites.</doc>
<status status="NOT RUN" starttime="20220403 18:06:45.474" endtime="20220403 18:06:45.474"/>
</kw>
<status status="NOT RUN" starttime="20220403 18:06:45.474" endtime="20220403 18:06:45.474"/>
</branch>
<branch type="ELSE IF" condition="'${key}' == 'inputNomeMae'">
<kw name="Set Global Variable" library="BuiltIn">
<arg>${nome_filiação}</arg>
<arg>${item["${key}"]}</arg>
<doc>Makes a variable available globally in all tests and suites.</doc>
<status status="NOT RUN" starttime="20220403 18:06:45.475" endtime="20220403 18:06:45.475"/>
</kw>
<status status="NOT RUN" starttime="20220403 18:06:45.474" endtime="20220403 18:06:45.475"/>
</branch>
<status status="NOT RUN" starttime="20220403 18:06:45.474" endtime="20220403 18:06:45.475"/>
</if>
<status status="NOT RUN" starttime="20220403 18:06:45.474" endtime="20220403 18:06:45.475"/>
</branch>
<status status="PASS" starttime="20220403 18:06:45.429" endtime="20220403 18:06:45.475"/>
</if>
<status status="PASS" starttime="20220403 18:06:45.429" endtime="20220403 18:06:45.475"/>
</iter>
<iter>
<var name="${key}">checkboxNomeSocial</var>
<if>
<branch type="IF" condition="'${key}' == 'checkboxDesconheceNomeMae' or '${key}' == 'checkboxDesconheceNomePai' or '${key}'== 'checkboxDeficiente' or '${key}' == 'checkboxNomeSocial' or '${key}' == 'checkboxGenero'">
<kw name="Click" library="Browser">
<arg>id=${key}</arg>
<tag>PageContent</tag>
<tag>Setter</tag>
<doc>Simulates mouse click on the element found by ``selector``.</doc>
<status status="PASS" starttime="20220403 18:06:45.476" endtime="20220403 18:06:45.704"/>
</kw>
<status status="PASS" starttime="20220403 18:06:45.476" endtime="20220403 18:06:45.704"/>
</branch>
<branch type="ELSE IF" condition="'${key}' == 'inputIdentidade' or '${key}' == 'inputSUSF'">
<kw name="Evaluate" library="BuiltIn">
<var>${numbers}</var>
<arg>random.randint(0, sys.maxsize)</arg>
<arg>random</arg>
<doc>Evaluates the given expression in Python and returns the result.</doc>
<status status="NOT RUN" starttime="20220403 18:06:45.705" endtime="20220403 18:06:45.705"/>
</kw>
<kw name="Type Text" library="Browser">
<arg>id=${key}</arg>
<arg>${numbers}</arg>
<tag>PageContent</tag>
<tag>Setter</tag>
<doc>Types the given ``txt`` into the text field found by ``selector``.</doc>
<status status="NOT RUN" starttime="20220403 18:06:45.705" endtime="20220403 18:06:45.705"/>
</kw>
<status status="NOT RUN" starttime="20220403 18:06:45.704" endtime="20220403 18:06:45.706"/>
</branch>
<branch type="ELSE IF" condition="'${key}' == 'inputEmail'">
<kw name="Email" library="FakerLibrary">
<var>${email}</var>
<status status="NOT RUN" starttime="20220403 18:06:45.707" endtime="20220403 18:06:45.707"/>
</kw>
<kw name="Type Text" library="Browser">
<arg>id=${key}</arg>
<arg>${email}</arg>
<tag>PageContent</tag>
<tag>Setter</tag>
<doc>Types the given ``txt`` into the text field found by ``selector``.</doc>
<status status="NOT RUN" starttime="20220403 18:06:45.708" endtime="20220403 18:06:45.708"/>
</kw>
<kw name="Set Global Variable" library="BuiltIn">
<arg>${email}</arg>
<doc>Makes a variable available globally in all tests and suites.</doc>
<status status="NOT RUN" starttime="20220403 18:06:45.708" endtime="20220403 18:06:45.708"/>
</kw>
<status status="NOT RUN" starttime="20220403 18:06:45.706" endtime="20220403 18:06:45.708"/>
</branch>
<branch type="ELSE IF" condition="'${key}' == 'inputCPF'">
<kw name="Cpf" library="FakerLibrary">
<var>${cpf}</var>
<status status="NOT RUN" starttime="20220403 18:06:45.709" endtime="20220403 18:06:45.709"/>
</kw>
<kw name="Fill Text" library="Browser">
<arg>id=${key}</arg>
<arg>${cpf}</arg>
<tag>PageContent</tag>
<tag>Setter</tag>
<doc>Clears and fills the given ``text`` into the text field found by ``selector``.</doc>
<status status="NOT RUN" starttime="20220403 18:06:45.710" endtime="20220403 18:06:45.710"/>
</kw>
<kw name="Set Global Variable" library="BuiltIn">
<arg>${cpf}</arg>
<doc>Makes a variable available globally in all tests and suites.</doc>
<status status="NOT RUN" starttime="20220403 18:06:45.710" endtime="20220403 18:06:45.710"/>
</kw>
<status status="NOT RUN" starttime="20220403 18:06:45.709" endtime="20220403 18:06:45.710"/>
</branch>
<branch type="ELSE IF" condition="'${key}' == 'inputLogin'">
<kw name="Word" library="FakerLibrary">
<var>${login_aux}</var>
<doc>Generate a word.</doc>
<status status="NOT RUN" starttime="20220403 18:06:45.711" endtime="20220403 18:06:45.711"/>
</kw>
<kw name="Set Variable" library="BuiltIn">
<var>${login_colaborador}</var>
<arg>${login_aux}_c1</arg>
<doc>Returns the given values which can then be assigned to a variables.</doc>
<status status="NOT RUN" starttime="20220403 18:06:45.712" endtime="20220403 18:06:45.712"/>
</kw>
<kw name="Type Text" library="Browser">
<arg>id=${key}</arg>
<arg>${login_colaborador}</arg>
<tag>PageContent</tag>
<tag>Setter</tag>
<doc>Types the given ``txt`` into the text field found by ``selector``.</doc>
<status status="NOT RUN" starttime="20220403 18:06:45.712" endtime="20220403 18:06:45.712"/>
</kw>
<kw name="Set Global Variable" library="BuiltIn">
<arg>${login_colaborador}</arg>
<doc>Makes a variable available globally in all tests and suites.</doc>
<status status="NOT RUN" starttime="20220403 18:06:45.713" endtime="20220403 18:06:45.713"/>
</kw>
<status status="NOT RUN" starttime="20220403 18:06:45.711" endtime="20220403 18:06:45.713"/>
</branch>
<branch type="ELSE">
<kw name="Fill Text" library="Browser">
<arg>id=${key}</arg>
<arg>${item["${key}"]}</arg>
<tag>PageContent</tag>
<tag>Setter</tag>
<doc>Clears and fills the given ``text`` into the text field found by ``selector``.</doc>
<status status="NOT RUN" starttime="20220403 18:06:45.713" endtime="20220403 18:06:45.713"/>
</kw>
<if>
<branch type="IF" condition="'${key}' == 'inputNome'">
<kw name="Set Global Variable" library="BuiltIn">
<arg>${nome}</arg>
<arg>${item["${key}"]}</arg>
<doc>Makes a variable available globally in all tests and suites.</doc>
<status status="NOT RUN" starttime="20220403 18:06:45.714" endtime="20220403 18:06:45.714"/>
</kw>
<status status="NOT RUN" starttime="20220403 18:06:45.714" endtime="20220403 18:06:45.714"/>
</branch>
<branch type="ELSE IF" condition="'${key}' == 'inputNomeSocial'">
<kw name="Set Global Variable" library="BuiltIn">
<arg>${nome_social}</arg>
<arg>${item["${key}"]}</arg>
<doc>Makes a variable available globally in all tests and suites.</doc>
<status status="NOT RUN" starttime="20220403 18:06:45.714" endtime="20220403 18:06:45.714"/>
</kw>
<status status="NOT RUN" starttime="20220403 18:06:45.714" endtime="20220403 18:06:45.715"/>
</branch>
<branch type="ELSE IF" condition="'${key}' == 'inputNomeMae'">
<kw name="Set Global Variable" library="BuiltIn">
<arg>${nome_filiação}</arg>
<arg>${item["${key}"]}</arg>
<doc>Makes a variable available globally in all tests and suites.</doc>
<status status="NOT RUN" starttime="20220403 18:06:45.715" endtime="20220403 18:06:45.715"/>
</kw>
<status status="NOT RUN" starttime="20220403 18:06:45.715" endtime="20220403 18:06:45.715"/>
</branch>
<status status="NOT RUN" starttime="20220403 18:06:45.713" endtime="20220403 18:06:45.715"/>
</if>
<status status="NOT RUN" starttime="20220403 18:06:45.713" endtime="20220403 18:06:45.715"/>
</branch>
<status status="PASS" starttime="20220403 18:06:45.475" endtime="20220403 18:06:45.715"/>
</if>
<status status="PASS" starttime="20220403 18:06:45.475" endtime="20220403 18:06:45.715"/>
</iter>
<iter>
<var name="${key}">checkboxGenero</var>
<if>
<branch type="IF" condition="'${key}' == 'checkboxDesconheceNomeMae' or '${key}' == 'checkboxDesconheceNomePai' or '${key}'== 'checkboxDeficiente' or '${key}' == 'checkboxNomeSocial' or '${key}' == 'checkboxGenero'">
<kw name="Click" library="Browser">
<arg>id=${key}</arg>
<tag>PageContent</tag>
<tag>Setter</tag>
<doc>Simulates mouse click on the element found by ``selector``.</doc>
<status status="PASS" starttime="20220403 18:06:45.717" endtime="20220403 18:06:45.788"/>
</kw>
<status status="PASS" starttime="20220403 18:06:45.716" endtime="20220403 18:06:45.788"/>
</branch>
<branch type="ELSE IF" condition="'${key}' == 'inputIdentidade' or '${key}' == 'inputSUSF'">
<kw name="Evaluate" library="BuiltIn">
<var>${numbers}</var>
<arg>random.randint(0, sys.maxsize)</arg>
<arg>random</arg>
<doc>Evaluates the given expression in Python and returns the result.</doc>
<status status="NOT RUN" starttime="20220403 18:06:45.789" endtime="20220403 18:06:45.789"/>
</kw>
<kw name="Type Text" library="Browser">
<arg>id=${key}</arg>
<arg>${numbers}</arg>
<tag>PageContent</tag>
<tag>Setter</tag>
<doc>Types the given ``txt`` into the text field found by ``selector``.</doc>
<status status="NOT RUN" starttime="20220403 18:06:45.790" endtime="20220403 18:06:45.790"/>
</kw>
<status status="NOT RUN" starttime="20220403 18:06:45.788" endtime="20220403 18:06:45.790"/>
</branch>
<branch type="ELSE IF" condition="'${key}' == 'inputEmail'">
<kw name="Email" library="FakerLibrary">
<var>${email}</var>
<status status="NOT RUN" starttime="20220403 18:06:45.791" endtime="20220403 18:06:45.791"/>
</kw>
<kw name="Type Text" library="Browser">
<arg>id=${key}</arg>
<arg>${email}</arg>
<tag>PageContent</tag>
<tag>Setter</tag>
<doc>Types the given ``txt`` into the text field found by ``selector``.</doc>
<status status="NOT RUN" starttime="20220403 18:06:45.792" endtime="20220403 18:06:45.792"/>
</kw>
<kw name="Set Global Variable" library="BuiltIn">
<arg>${email}</arg>
<doc>Makes a variable available globally in all tests and suites.</doc>
<status status="NOT RUN" starttime="20220403 18:06:45.792" endtime="20220403 18:06:45.792"/>
</kw>
<status status="NOT RUN" starttime="20220403 18:06:45.791" endtime="20220403 18:06:45.792"/>
</branch>
<branch type="ELSE IF" condition="'${key}' == 'inputCPF'">
<kw name="Cpf" library="FakerLibrary">
<var>${cpf}</var>
<status status="NOT RUN" starttime="20220403 18:06:45.793" endtime="20220403 18:06:45.793"/>
</kw>
<kw name="Fill Text" library="Browser">
<arg>id=${key}</arg>
<arg>${cpf}</arg>
<tag>PageContent</tag>
<tag>Setter</tag>
<doc>Clears and fills the given ``text`` into the text field found by ``selector``.</doc>
<status status="NOT RUN" starttime="20220403 18:06:45.793" endtime="20220403 18:06:45.793"/>
</kw>
<kw name="Set Global Variable" library="BuiltIn">
<arg>${cpf}</arg>
<doc>Makes a variable available globally in all tests and suites.</doc>
<status status="NOT RUN" starttime="20220403 18:06:45.793" endtime="20220403 18:06:45.794"/>
</kw>
<status status="NOT RUN" starttime="20220403 18:06:45.792" endtime="20220403 18:06:45.794"/>
</branch>
<branch type="ELSE IF" condition="'${key}' == 'inputLogin'">
<kw name="Word" library="FakerLibrary">
<var>${login_aux}</var>
<doc>Generate a word.</doc>
<status status="NOT RUN" starttime="20220403 18:06:45.794" endtime="20220403 18:06:45.794"/>
</kw>
<kw name="Set Variable" library="BuiltIn">
<var>${login_colaborador}</var>
<arg>${login_aux}_c1</arg>
<doc>Returns the given values which can then be assigned to a variables.</doc>
<status status="NOT RUN" starttime="20220403 18:06:45.794" endtime="20220403 18:06:45.794"/>
</kw>
<kw name="Type Text" library="Browser">
<arg>id=${key}</arg>
<arg>${login_colaborador}</arg>
<tag>PageContent</tag>
<tag>Setter</tag>
<doc>Types the given ``txt`` into the text field found by ``selector``.</doc>
<status status="NOT RUN" starttime="20220403 18:06:45.795" endtime="20220403 18:06:45.795"/>
</kw>
<kw name="Set Global Variable" library="BuiltIn">
<arg>${login_colaborador}</arg>
<doc>Makes a variable available globally in all tests and suites.</doc>
<status status="NOT RUN" starttime="20220403 18:06:45.795" endtime="20220403 18:06:45.795"/>
</kw>
<status status="NOT RUN" starttime="20220403 18:06:45.794" endtime="20220403 18:06:45.795"/>
</branch>
<branch type="ELSE">
<kw name="Fill Text" library="Browser">
<arg>id=${key}</arg>
<arg>${item["${key}"]}</arg>
<tag>PageContent</tag>
<tag>Setter</tag>
<doc>Clears and fills the given ``text`` into the text field found by ``selector``.</doc>
<status status="NOT RUN" starttime="20220403 18:06:45.796" endtime="20220403 18:06:45.796"/>
</kw>
<if>
<branch type="IF" condition="'${key}' == 'inputNome'">
<kw name="Set Global Variable" library="BuiltIn">
<arg>${nome}</arg>
<arg>${item["${key}"]}</arg>
<doc>Makes a variable available globally in all tests and suites.</doc>
<status status="NOT RUN" starttime="20220403 18:06:45.796" endtime="20220403 18:06:45.797"/>
</kw>
<status status="NOT RUN" starttime="20220403 18:06:45.796" endtime="20220403 18:06:45.797"/>
</branch>
<branch type="ELSE IF" condition="'${key}' == 'inputNomeSocial'">
<kw name="Set Global Variable" library="BuiltIn">
<arg>${nome_social}</arg>
<arg>${item["${key}"]}</arg>
<doc>Makes a variable available globally in all tests and suites.</doc>
<status status="NOT RUN" starttime="20220403 18:06:45.797" endtime="20220403 18:06:45.797"/>
</kw>
<status status="NOT RUN" starttime="20220403 18:06:45.797" endtime="20220403 18:06:45.797"/>
</branch>
<branch type="ELSE IF" condition="'${key}' == 'inputNomeMae'">
<kw name="Set Global Variable" library="BuiltIn">
<arg>${nome_filiação}</arg>
<arg>${item["${key}"]}</arg>
<doc>Makes a variable available globally in all tests and suites.</doc>
<status status="NOT RUN" starttime="20220403 18:06:45.798" endtime="20220403 18:06:45.798"/>
</kw>
<status status="NOT RUN" starttime="20220403 18:06:45.797" endtime="20220403 18:06:45.798"/>
</branch>
<status status="NOT RUN" starttime="20220403 18:06:45.796" endtime="20220403 18:06:45.798"/>
</if>
<status status="NOT RUN" starttime="20220403 18:06:45.796" endtime="20220403 18:06:45.798"/>
</branch>
<status status="PASS" starttime="20220403 18:06:45.716" endtime="20220403 18:06:45.798"/>
</if>
<status status="PASS" starttime="20220403 18:06:45.716" endtime="20220403 18:06:45.798"/>
</iter>
<iter>
<var name="${key}">checkboxDeficiente</var>
<if>
<branch type="IF" condition="'${key}' == 'checkboxDesconheceNomeMae' or '${key}' == 'checkboxDesconheceNomePai' or '${key}'== 'checkboxDeficiente' or '${key}' == 'checkboxNomeSocial' or '${key}' == 'checkboxGenero'">
<kw name="Click" library="Browser">
<arg>id=${key}</arg>
<tag>PageContent</tag>
<tag>Setter</tag>
<doc>Simulates mouse click on the element found by ``selector``.</doc>
<status status="PASS" starttime="20220403 18:06:45.799" endtime="20220403 18:06:45.879"/>
</kw>
<status status="PASS" starttime="20220403 18:06:45.799" endtime="20220403 18:06:45.879"/>
</branch>
<branch type="ELSE IF" condition="'${key}' == 'inputIdentidade' or '${key}' == 'inputSUSF'">
<kw name="Evaluate" library="BuiltIn">
<var>${numbers}</var>
<arg>random.randint(0, sys.maxsize)</arg>
<arg>random</arg>
<doc>Evaluates the given expression in Python and returns the result.</doc>
<status status="NOT RUN" starttime="20220403 18:06:45.879" endtime="20220403 18:06:45.880"/>
</kw>
<kw name="Type Text" library="Browser">
<arg>id=${key}</arg>
<arg>${numbers}</arg>
<tag>PageContent</tag>
<tag>Setter</tag>
<doc>Types the given ``txt`` into the text field found by ``selector``.</doc>
<status status="NOT RUN" starttime="20220403 18:06:45.880" endtime="20220403 18:06:45.881"/>
</kw>
<status status="NOT RUN" starttime="20220403 18:06:45.879" endtime="20220403 18:06:45.881"/>
</branch>
<branch type="ELSE IF" condition="'${key}' == 'inputEmail'">
<kw name="Email" library="FakerLibrary">
<var>${email}</var>
<status status="NOT RUN" starttime="20220403 18:06:45.881" endtime="20220403 18:06:45.881"/>
</kw>
<kw name="Type Text" library="Browser">
<arg>id=${key}</arg>
<arg>${email}</arg>
<tag>PageContent</tag>
<tag>Setter</tag>
<doc>Types the given ``txt`` into the text field found by ``selector``.</doc>
<status status="NOT RUN" starttime="20220403 18:06:45.882" endtime="20220403 18:06:45.882"/>
</kw>
<kw name="Set Global Variable" library="BuiltIn">
<arg>${email}</arg>
<doc>Makes a variable available globally in all tests and suites.</doc>
<status status="NOT RUN" starttime="20220403 18:06:45.882" endtime="20220403 18:06:45.882"/>
</kw>
<status status="NOT RUN" starttime="20220403 18:06:45.881" endtime="20220403 18:06:45.883"/>
</branch>
<branch type="ELSE IF" condition="'${key}' == 'inputCPF'">
<kw name="Cpf" library="FakerLibrary">
<var>${cpf}</var>
<status status="NOT RUN" starttime="20220403 18:06:45.883" endtime="20220403 18:06:45.883"/>
</kw>
<kw name="Fill Text" library="Browser">
<arg>id=${key}</arg>
<arg>${cpf}</arg>
<tag>PageContent</tag>
<tag>Setter</tag>
<doc>Clears and fills the given ``text`` into the text field found by ``selector``.</doc>
<status status="NOT RUN" starttime="20220403 18:06:45.883" endtime="20220403 18:06:45.884"/>
</kw>
<kw name="Set Global Variable" library="BuiltIn">
<arg>${cpf}</arg>
<doc>Makes a variable available globally in all tests and suites.</doc>
<status status="NOT RUN" starttime="20220403 18:06:45.884" endtime="20220403 18:06:45.884"/>
</kw>
<status status="NOT RUN" starttime="20220403 18:06:45.883" endtime="20220403 18:06:45.884"/>
</branch>
<branch type="ELSE IF" condition="'${key}' == 'inputLogin'">
<kw name="Word" library="FakerLibrary">
<var>${login_aux}</var>
<doc>Generate a word.</doc>
<status status="NOT RUN" starttime="20220403 18:06:45.885" endtime="20220403 18:06:45.885"/>
</kw>
<kw name="Set Variable" library="BuiltIn">
<var>${login_colaborador}</var>
<arg>${login_aux}_c1</arg>
<doc>Returns the given values which can then be assigned to a variables.</doc>
<status status="NOT RUN" starttime="20220403 18:06:45.885" endtime="20220403 18:06:45.885"/>
</kw>
<kw name="Type Text" library="Browser">
<arg>id=${key}</arg>
<arg>${login_colaborador}</arg>
<tag>PageContent</tag>
<tag>Setter</tag>
<doc>Types the given ``txt`` into the text field found by ``selector``.</doc>
<status status="NOT RUN" starttime="20220403 18:06:45.885" endtime="20220403 18:06:45.886"/>
</kw>
<kw name="Set Global Variable" library="BuiltIn">
<arg>${login_colaborador}</arg>
<doc>Makes a variable available globally in all tests and suites.</doc>
<status status="NOT RUN" starttime="20220403 18:06:45.886" endtime="20220403 18:06:45.886"/>
</kw>
<status status="NOT RUN" starttime="20220403 18:06:45.884" endtime="20220403 18:06:45.886"/>
</branch>
<branch type="ELSE">
<kw name="Fill Text" library="Browser">
<arg>id=${key}</arg>
<arg>${item["${key}"]}</arg>
<tag>PageContent</tag>
<tag>Setter</tag>
<doc>Clears and fills the given ``text`` into the text field found by ``selector``.</doc>
<status status="NOT RUN" starttime="20220403 18:06:45.886" endtime="20220403 18:06:45.887"/>
</kw>
<if>
<branch type="IF" condition="'${key}' == 'inputNome'">
<kw name="Set Global Variable" library="BuiltIn">
<arg>${nome}</arg>
<arg>${item["${key}"]}</arg>
<doc>Makes a variable available globally in all tests and suites.</doc>
<status status="NOT RUN" starttime="20220403 18:06:45.887" endtime="20220403 18:06:45.887"/>
</kw>
<status status="NOT RUN" starttime="20220403 18:06:45.887" endtime="20220403 18:06:45.887"/>
</branch>
<branch type="ELSE IF" condition="'${key}' == 'inputNomeSocial'">
<kw name="Set Global Variable" library="BuiltIn">
<arg>${nome_social}</arg>
<arg>${item["${key}"]}</arg>
<doc>Makes a variable available globally in all tests and suites.</doc>
<status status="NOT RUN" starttime="20220403 18:06:45.888" endtime="20220403 18:06:45.888"/>
</kw>
<status status="NOT RUN" starttime="20220403 18:06:45.887" endtime="20220403 18:06:45.888"/>
</branch>
<branch type="ELSE IF" condition="'${key}' == 'inputNomeMae'">
<kw name="Set Global Variable" library="BuiltIn">
<arg>${nome_filiação}</arg>
<arg>${item["${key}"]}</arg>
<doc>Makes a variable available globally in all tests and suites.</doc>
<status status="NOT RUN" starttime="20220403 18:06:45.888" endtime="20220403 18:06:45.889"/>
</kw>
<status status="NOT RUN" starttime="20220403 18:06:45.888" endtime="20220403 18:06:45.889"/>
</branch>
<status status="NOT RUN" starttime="20220403 18:06:45.887" endtime="20220403 18:06:45.889"/>
</if>
<status status="NOT RUN" starttime="20220403 18:06:45.886" endtime="20220403 18:06:45.889"/>
</branch>
<status status="PASS" starttime="20220403 18:06:45.798" endtime="20220403 18:06:45.889"/>
</if>
<status status="PASS" starttime="20220403 18:06:45.798" endtime="20220403 18:06:45.889"/>
</iter>
<iter>
<var name="${key}">inputCPF</var>
<if>
<branch type="IF" condition="'${key}' == 'checkboxDesconheceNomeMae' or '${key}' == 'checkboxDesconheceNomePai' or '${key}'== 'checkboxDeficiente' or '${key}' == 'checkboxNomeSocial' or '${key}' == 'checkboxGenero'">
<kw name="Click" library="Browser">
<arg>id=${key}</arg>
<tag>PageContent</tag>
<tag>Setter</tag>
<doc>Simulates mouse click on the element found by ``selector``.</doc>
<status status="NOT RUN" starttime="20220403 18:06:45.891" endtime="20220403 18:06:45.891"/>
</kw>
<status status="NOT RUN" starttime="20220403 18:06:45.890" endtime="20220403 18:06:45.891"/>
</branch>
<branch type="ELSE IF" condition="'${key}' == 'inputIdentidade' or '${key}' == 'inputSUSF'">
<kw name="Evaluate" library="BuiltIn">
<var>${numbers}</var>
<arg>random.randint(0, sys.maxsize)</arg>
<arg>random</arg>
<doc>Evaluates the given expression in Python and returns the result.</doc>
<status status="NOT RUN" starttime="20220403 18:06:45.892" endtime="20220403 18:06:45.892"/>
</kw>
<kw name="Type Text" library="Browser">
<arg>id=${key}</arg>
<arg>${numbers}</arg>
<tag>PageContent</tag>
<tag>Setter</tag>
<doc>Types the given ``txt`` into the text field found by ``selector``.</doc>
<status status="NOT RUN" starttime="20220403 18:06:45.892" endtime="20220403 18:06:45.892"/>
</kw>
<status status="NOT RUN" starttime="20220403 18:06:45.891" endtime="20220403 18:06:45.892"/>
</branch>
<branch type="ELSE IF" condition="'${key}' == 'inputEmail'">
<kw name="Email" library="FakerLibrary">
<var>${email}</var>
<status status="NOT RUN" starttime="20220403 18:06:45.893" endtime="20220403 18:06:45.893"/>
</kw>
<kw name="Type Text" library="Browser">
<arg>id=${key}</arg>
<arg>${email}</arg>
<tag>PageContent</tag>
<tag>Setter</tag>
<doc>Types the given ``txt`` into the text field found by ``selector``.</doc>
<status status="NOT RUN" starttime="20220403 18:06:45.893" endtime="20220403 18:06:45.893"/>
</kw>
<kw name="Set Global Variable" library="BuiltIn">
<arg>${email}</arg>
<doc>Makes a variable available globally in all tests and suites.</doc>
<status status="NOT RUN" starttime="20220403 18:06:45.894" endtime="20220403 18:06:45.894"/>
</kw>
<status status="NOT RUN" starttime="20220403 18:06:45.893" endtime="20220403 18:06:45.894"/>
</branch>
<branch type="ELSE IF" condition="'${key}' == 'inputCPF'">
<kw name="Cpf" library="FakerLibrary">
<var>${cpf}</var>
<msg timestamp="20220403 18:06:45.895" level="INFO">${cpf} = 139.604.287-31</msg>
<status status="PASS" starttime="20220403 18:06:45.894" endtime="20220403 18:06:45.895"/>
</kw>
<kw name="Fill Text" library="Browser">
<arg>id=${key}</arg>
<arg>${cpf}</arg>
<tag>PageContent</tag>
<tag>Setter</tag>
<doc>Clears and fills the given ``text`` into the text field found by ``selector``.</doc>
<msg timestamp="20220403 18:06:45.896" level="INFO">Fills the text '139.604.287-31' in the given field.</msg>
<status status="PASS" starttime="20220403 18:06:45.896" endtime="20220403 18:06:45.981"/>
</kw>
<kw name="Set Global Variable" library="BuiltIn">
<arg>${cpf}</arg>
<doc>Makes a variable available globally in all tests and suites.</doc>
<msg timestamp="20220403 18:06:45.982" level="INFO">${cpf} = 139.604.287-31</msg>
<status status="PASS" starttime="20220403 18:06:45.981" endtime="20220403 18:06:45.982"/>
</kw>
<status status="PASS" starttime="20220403 18:06:45.894" endtime="20220403 18:06:45.982"/>
</branch>
<branch type="ELSE IF" condition="'${key}' == 'inputLogin'">
<kw name="Word" library="FakerLibrary">
<var>${login_aux}</var>
<doc>Generate a word.</doc>
<status status="NOT RUN" starttime="20220403 18:06:45.982" endtime="20220403 18:06:45.982"/>
</kw>
<kw name="Set Variable" library="BuiltIn">
<var>${login_colaborador}</var>
<arg>${login_aux}_c1</arg>
<doc>Returns the given values which can then be assigned to a variables.</doc>
<status status="NOT RUN" starttime="20220403 18:06:45.982" endtime="20220403 18:06:45.982"/>
</kw>
<kw name="Type Text" library="Browser">
<arg>id=${key}</arg>
<arg>${login_colaborador}</arg>
<tag>PageContent</tag>
<tag>Setter</tag>
<doc>Types the given ``txt`` into the text field found by ``selector``.</doc>
<status status="NOT RUN" starttime="20220403 18:06:45.982" endtime="20220403 18:06:45.982"/>
</kw>
<kw name="Set Global Variable" library="BuiltIn">
<arg>${login_colaborador}</arg>
<doc>Makes a variable available globally in all tests and suites.</doc>
<status status="NOT RUN" starttime="20220403 18:06:45.983" endtime="20220403 18:06:45.983"/>
</kw>
<status status="NOT RUN" starttime="20220403 18:06:45.982" endtime="20220403 18:06:45.983"/>
</branch>
<branch type="ELSE">
<kw name="Fill Text" library="Browser">
<arg>id=${key}</arg>
<arg>${item["${key}"]}</arg>
<tag>PageContent</tag>
<tag>Setter</tag>
<doc>Clears and fills the given ``text`` into the text field found by ``selector``.</doc>
<status status="NOT RUN" starttime="20220403 18:06:45.983" endtime="20220403 18:06:45.983"/>
</kw>
<if>
<branch type="IF" condition="'${key}' == 'inputNome'">
<kw name="Set Global Variable" library="BuiltIn">
<arg>${nome}</arg>
<arg>${item["${key}"]}</arg>
<doc>Makes a variable available globally in all tests and suites.</doc>
<status status="NOT RUN" starttime="20220403 18:06:45.983" endtime="20220403 18:06:45.983"/>
</kw>
<status status="NOT RUN" starttime="20220403 18:06:45.983" endtime="20220403 18:06:45.983"/>
</branch>
<branch type="ELSE IF" condition="'${key}' == 'inputNomeSocial'">
<kw name="Set Global Variable" library="BuiltIn">
<arg>${nome_social}</arg>
<arg>${item["${key}"]}</arg>
<doc>Makes a variable available globally in all tests and suites.</doc>
<status status="NOT RUN" starttime="20220403 18:06:45.983" endtime="20220403 18:06:45.983"/>
</kw>
<status status="NOT RUN" starttime="20220403 18:06:45.983" endtime="20220403 18:06:45.983"/>
</branch>
<branch type="ELSE IF" condition="'${key}' == 'inputNomeMae'">
<kw name="Set Global Variable" library="BuiltIn">
<arg>${nome_filiação}</arg>
<arg>${item["${key}"]}</arg>
<doc>Makes a variable available globally in all tests and suites.</doc>
<status status="NOT RUN" starttime="20220403 18:06:45.984" endtime="20220403 18:06:45.984"/>
</kw>
<status status="NOT RUN" starttime="20220403 18:06:45.984" endtime="20220403 18:06:45.984"/>
</branch>
<status status="NOT RUN" starttime="20220403 18:06:45.983" endtime="20220403 18:06:45.984"/>
</if>
<status status="NOT RUN" starttime="20220403 18:06:45.983" endtime="20220403 18:06:45.984"/>
</branch>
<status status="PASS" starttime="20220403 18:06:45.889" endtime="20220403 18:06:45.984"/>
</if>
<status status="PASS" starttime="20220403 18:06:45.889" endtime="20220403 18:06:45.984"/>
</iter>
<iter>
<var name="${key}">inputIdentidade</var>
<if>
<branch type="IF" condition="'${key}' == 'checkboxDesconheceNomeMae' or '${key}' == 'checkboxDesconheceNomePai' or '${key}'== 'checkboxDeficiente' or '${key}' == 'checkboxNomeSocial' or '${key}' == 'checkboxGenero'">
<kw name="Click" library="Browser">
<arg>id=${key}</arg>
<tag>PageContent</tag>
<tag>Setter</tag>
<doc>Simulates mouse click on the element found by ``selector``.</doc>
<status status="NOT RUN" starttime="20220403 18:06:45.984" endtime="20220403 18:06:45.984"/>
</kw>
<status status="NOT RUN" starttime="20220403 18:06:45.984" endtime="20220403 18:06:45.984"/>
</branch>
<branch type="ELSE IF" condition="'${key}' == 'inputIdentidade' or '${key}' == 'inputSUSF'">
<kw name="Evaluate" library="BuiltIn">
<var>${numbers}</var>
<arg>random.randint(0, sys.maxsize)</arg>
<arg>random</arg>
<doc>Evaluates the given expression in Python and returns the result.</doc>
<msg timestamp="20220403 18:06:45.985" level="INFO">${numbers} = 1375378088490857778</msg>
<status status="PASS" starttime="20220403 18:06:45.985" endtime="20220403 18:06:45.985"/>
</kw>
<kw name="Type Text" library="Browser">
<arg>id=${key}</arg>
<arg>${numbers}</arg>
<tag>PageContent</tag>
<tag>Setter</tag>
<doc>Types the given ``txt`` into the text field found by ``selector``.</doc>
<msg timestamp="20220403 18:06:45.985" level="INFO">Types the text '1375378088490857778' in the given field.</msg>
<status status="PASS" starttime="20220403 18:06:45.985" endtime="20220403 18:06:46.103"/>
</kw>
<status status="PASS" starttime="20220403 18:06:45.985" endtime="20220403 18:06:46.104"/>
</branch>
<branch type="ELSE IF" condition="'${key}' == 'inputEmail'">
<kw name="Email" library="FakerLibrary">
<var>${email}</var>
<status status="NOT RUN" starttime="20220403 18:06:46.104" endtime="20220403 18:06:46.104"/>
</kw>
<kw name="Type Text" library="Browser">
<arg>id=${key}</arg>
<arg>${email}</arg>
<tag>PageContent</tag>
<tag>Setter</tag>
<doc>Types the given ``txt`` into the text field found by ``selector``.</doc>
<status status="NOT RUN" starttime="20220403 18:06:46.104" endtime="20220403 18:06:46.104"/>
</kw>
<kw name="Set Global Variable" library="BuiltIn">
<arg>${email}</arg>
<doc>Makes a variable available globally in all tests and suites.</doc>
<status status="NOT RUN" starttime="20220403 18:06:46.104" endtime="20220403 18:06:46.104"/>
</kw>
<status status="NOT RUN" starttime="20220403 18:06:46.104" endtime="20220403 18:06:46.104"/>
</branch>
<branch type="ELSE IF" condition="'${key}' == 'inputCPF'">
<kw name="Cpf" library="FakerLibrary">
<var>${cpf}</var>
<status status="NOT RUN" starttime="20220403 18:06:46.104" endtime="20220403 18:06:46.104"/>
</kw>
<kw name="Fill Text" library="Browser">
<arg>id=${key}</arg>
<arg>${cpf}</arg>
<tag>PageContent</tag>
<tag>Setter</tag>
<doc>Clears and fills the given ``text`` into the text field found by ``selector``.</doc>
<status status="NOT RUN" starttime="20220403 18:06:46.105" endtime="20220403 18:06:46.105"/>
</kw>
<kw name="Set Global Variable" library="BuiltIn">
<arg>${cpf}</arg>
<doc>Makes a variable available globally in all tests and suites.</doc>
<status status="NOT RUN" starttime="20220403 18:06:46.105" endtime="20220403 18:06:46.105"/>
</kw>
<status status="NOT RUN" starttime="20220403 18:06:46.104" endtime="20220403 18:06:46.105"/>
</branch>
<branch type="ELSE IF" condition="'${key}' == 'inputLogin'">
<kw name="Word" library="FakerLibrary">
<var>${login_aux}</var>
<doc>Generate a word.</doc>
<status status="NOT RUN" starttime="20220403 18:06:46.105" endtime="20220403 18:06:46.105"/>
</kw>
<kw name="Set Variable" library="BuiltIn">
<var>${login_colaborador}</var>
<arg>${login_aux}_c1</arg>
<doc>Returns the given values which can then be assigned to a variables.</doc>
<status status="NOT RUN" starttime="20220403 18:06:46.105" endtime="20220403 18:06:46.105"/>
</kw>
<kw name="Type Text" library="Browser">
<arg>id=${key}</arg>
<arg>${login_colaborador}</arg>
<tag>PageContent</tag>
<tag>Setter</tag>
<doc>Types the given ``txt`` into the text field found by ``selector``.</doc>
<status status="NOT RUN" starttime="20220403 18:06:46.105" endtime="20220403 18:06:46.105"/>
</kw>
<kw name="Set Global Variable" library="BuiltIn">
<arg>${login_colaborador}</arg>
<doc>Makes a variable available globally in all tests and suites.</doc>
<status status="NOT RUN" starttime="20220403 18:06:46.105" endtime="20220403 18:06:46.105"/>
</kw>
<status status="NOT RUN" starttime="20220403 18:06:46.105" endtime="20220403 18:06:46.105"/>
</branch>
<branch type="ELSE">
<kw name="Fill Text" library="Browser">
<arg>id=${key}</arg>
<arg>${item["${key}"]}</arg>
<tag>PageContent</tag>
<tag>Setter</tag>
<doc>Clears and fills the given ``text`` into the text field found by ``selector``.</doc>
<status status="NOT RUN" starttime="20220403 18:06:46.106" endtime="20220403 18:06:46.106"/>
</kw>
<if>
<branch type="IF" condition="'${key}' == 'inputNome'">
<kw name="Set Global Variable" library="BuiltIn">
<arg>${nome}</arg>
<arg>${item["${key}"]}</arg>
<doc>Makes a variable available globally in all tests and suites.</doc>
<status status="NOT RUN" starttime="20220403 18:06:46.106" endtime="20220403 18:06:46.106"/>
</kw>
<status status="NOT RUN" starttime="20220403 18:06:46.106" endtime="20220403 18:06:46.106"/>
</branch>
<branch type="ELSE IF" condition="'${key}' == 'inputNomeSocial'">
<kw name="Set Global Variable" library="BuiltIn">
<arg>${nome_social}</arg>
<arg>${item["${key}"]}</arg>
<doc>Makes a variable available globally in all tests and suites.</doc>
<status status="NOT RUN" starttime="20220403 18:06:46.106" endtime="20220403 18:06:46.106"/>
</kw>
<status status="NOT RUN" starttime="20220403 18:06:46.106" endtime="20220403 18:06:46.106"/>
</branch>
<branch type="ELSE IF" condition="'${key}' == 'inputNomeMae'">
<kw name="Set Global Variable" library="BuiltIn">
<arg>${nome_filiação}</arg>
<arg>${item["${key}"]}</arg>
<doc>Makes a variable available globally in all tests and suites.</doc>
<status status="NOT RUN" starttime="20220403 18:06:46.107" endtime="20220403 18:06:46.107"/>
</kw>
<status status="NOT RUN" starttime="20220403 18:06:46.106" endtime="20220403 18:06:46.108"/>
</branch>
<status status="NOT RUN" starttime="20220403 18:06:46.106" endtime="20220403 18:06:46.110"/>
</if>
<status status="NOT RUN" starttime="20220403 18:06:46.105" endtime="20220403 18:06:46.110"/>
</branch>
<status status="PASS" starttime="20220403 18:06:45.984" endtime="20220403 18:06:46.110"/>
</if>
<status status="PASS" starttime="20220403 18:06:45.984" endtime="20220403 18:06:46.111"/>
</iter>
<iter>
<var name="${key}">inputOrgaoExpedidor</var>
<if>
<branch type="IF" condition="'${key}' == 'checkboxDesconheceNomeMae' or '${key}' == 'checkboxDesconheceNomePai' or '${key}'== 'checkboxDeficiente' or '${key}' == 'checkboxNomeSocial' or '${key}' == 'checkboxGenero'">
<kw name="Click" library="Browser">
<arg>id=${key}</arg>
<tag>PageContent</tag>
<tag>Setter</tag>
<doc>Simulates mouse click on the element found by ``selector``.</doc>
<status status="NOT RUN" starttime="20220403 18:06:46.112" endtime="20220403 18:06:46.112"/>
</kw>
<status status="NOT RUN" starttime="20220403 18:06:46.112" endtime="20220403 18:06:46.112"/>
</branch>
<branch type="ELSE IF" condition="'${key}' == 'inputIdentidade' or '${key}' == 'inputSUSF'">
<kw name="Evaluate" library="BuiltIn">
<var>${numbers}</var>
<arg>random.randint(0, sys.maxsize)</arg>
<arg>random</arg>
<doc>Evaluates the given expression in Python and returns the result.</doc>
<status status="NOT RUN" starttime="20220403 18:06:46.113" endtime="20220403 18:06:46.113"/>
</kw>
<kw name="Type Text" library="Browser">
<arg>id=${key}</arg>
<arg>${numbers}</arg>
<tag>PageContent</tag>
<tag>Setter</tag>
<doc>Types the given ``txt`` into the text field found by ``selector``.</doc>
<status status="NOT RUN" starttime="20220403 18:06:46.113" endtime="20220403 18:06:46.113"/>
</kw>
<status status="NOT RUN" starttime="20220403 18:06:46.112" endtime="20220403 18:06:46.113"/>
</branch>
<branch type="ELSE IF" condition="'${key}' == 'inputEmail'">
<kw name="Email" library="FakerLibrary">
<var>${email}</var>
<status status="NOT RUN" starttime="20220403 18:06:46.113" endtime="20220403 18:06:46.113"/>
</kw>
<kw name="Type Text" library="Browser">
<arg>id=${key}</arg>
<arg>${email}</arg>
<tag>PageContent</tag>
<tag>Setter</tag>
<doc>Types the given ``txt`` into the text field found by ``selector``.</doc>
<status status="NOT RUN" starttime="20220403 18:06:46.113" endtime="20220403 18:06:46.113"/>
</kw>
<kw name="Set Global Variable" library="BuiltIn">
<arg>${email}</arg>
<doc>Makes a variable available globally in all tests and suites.</doc>
<status status="NOT RUN" starttime="20220403 18:06:46.113" endtime="20220403 18:06:46.114"/>
</kw>
<status status="NOT RUN" starttime="20220403 18:06:46.113" endtime="20220403 18:06:46.114"/>
</branch>
<branch type="ELSE IF" condition="'${key}' == 'inputCPF'">
<kw name="Cpf" library="FakerLibrary">
<var>${cpf}</var>
<status status="NOT RUN" starttime="20220403 18:06:46.114" endtime="20220403 18:06:46.114"/>
</kw>
<kw name="Fill Text" library="Browser">
<arg>id=${key}</arg>
<arg>${cpf}</arg>
<tag>PageContent</tag>
<tag>Setter</tag>
<doc>Clears and fills the given ``text`` into the text field found by ``selector``.</doc>
<status status="NOT RUN" starttime="20220403 18:06:46.114" endtime="20220403 18:06:46.114"/>
</kw>
<kw name="Set Global Variable" library="BuiltIn">
<arg>${cpf}</arg>
<doc>Makes a variable available globally in all tests and suites.</doc>
<status status="NOT RUN" starttime="20220403 18:06:46.114" endtime="20220403 18:06:46.114"/>
</kw>
<status status="NOT RUN" starttime="20220403 18:06:46.114" endtime="20220403 18:06:46.114"/>
</branch>
<branch type="ELSE IF" condition="'${key}' == 'inputLogin'">
<kw name="Word" library="FakerLibrary">
<var>${login_aux}</var>
<doc>Generate a word.</doc>
<status status="NOT RUN" starttime="20220403 18:06:46.114" endtime="20220403 18:06:46.114"/>
</kw>
<kw name="Set Variable" library="BuiltIn">
<var>${login_colaborador}</var>
<arg>${login_aux}_c1</arg>
<doc>Returns the given values which can then be assigned to a variables.</doc>
<status status="NOT RUN" starttime="20220403 18:06:46.115" endtime="20220403 18:06:46.115"/>
</kw>
<kw name="Type Text" library="Browser">
<arg>id=${key}</arg>
<arg>${login_colaborador}</arg>
<tag>PageContent</tag>
<tag>Setter</tag>
<doc>Types the given ``txt`` into the text field found by ``selector``.</doc>
<status status="NOT RUN" starttime="20220403 18:06:46.115" endtime="20220403 18:06:46.115"/>
</kw>
<kw name="Set Global Variable" library="BuiltIn">
<arg>${login_colaborador}</arg>
<doc>Makes a variable available globally in all tests and suites.</doc>
<status status="NOT RUN" starttime="20220403 18:06:46.115" endtime="20220403 18:06:46.115"/>
</kw>
<status status="NOT RUN" starttime="20220403 18:06:46.114" endtime="20220403 18:06:46.115"/>
</branch>
<branch type="ELSE">
<kw name="Fill Text" library="Browser">
<arg>id=${key}</arg>
<arg>${item["${key}"]}</arg>
<tag>PageContent</tag>
<tag>Setter</tag>
<doc>Clears and fills the given ``text`` into the text field found by ``selector``.</doc>
<msg timestamp="20220403 18:06:46.116" level="INFO">Fills the text '' in the given field.</msg>
<status status="PASS" starttime="20220403 18:06:46.115" endtime="20220403 18:06:46.136"/>
</kw>
<if>
<branch type="IF" condition="'${key}' == 'inputNome'">
<kw name="Set Global Variable" library="BuiltIn">
<arg>${nome}</arg>
<arg>${item["${key}"]}</arg>
<doc>Makes a variable available globally in all tests and suites.</doc>
<status status="NOT RUN" starttime="20220403 18:06:46.137" endtime="20220403 18:06:46.137"/>
</kw>
<status status="NOT RUN" starttime="20220403 18:06:46.136" endtime="20220403 18:06:46.137"/>
</branch>
<branch type="ELSE IF" condition="'${key}' == 'inputNomeSocial'">
<kw name="Set Global Variable" library="BuiltIn">
<arg>${nome_social}</arg>
<arg>${item["${key}"]}</arg>
<doc>Makes a variable available globally in all tests and suites.</doc>
<status status="NOT RUN" starttime="20220403 18:06:46.137" endtime="20220403 18:06:46.137"/>
</kw>
<status status="NOT RUN" starttime="20220403 18:06:46.137" endtime="20220403 18:06:46.137"/>
</branch>
<branch type="ELSE IF" condition="'${key}' == 'inputNomeMae'">
<kw name="Set Global Variable" library="BuiltIn">
<arg>${nome_filiação}</arg>
<arg>${item["${key}"]}</arg>
<doc>Makes a variable available globally in all tests and suites.</doc>
<status status="NOT RUN" starttime="20220403 18:06:46.137" endtime="20220403 18:06:46.137"/>
</kw>
<status status="NOT RUN" starttime="20220403 18:06:46.137" endtime="20220403 18:06:46.137"/>
</branch>
<status status="PASS" starttime="20220403 18:06:46.136" endtime="20220403 18:06:46.137"/>
</if>
<status status="PASS" starttime="20220403 18:06:46.115" endtime="20220403 18:06:46.137"/>
</branch>
<status status="PASS" starttime="20220403 18:06:46.111" endtime="20220403 18:06:46.137"/>
</if>
<status status="PASS" starttime="20220403 18:06:46.111" endtime="20220403 18:06:46.137"/>
</iter>
<iter>
<var name="${key}">inputSUS</var>
<if>
<branch type="IF" condition="'${key}' == 'checkboxDesconheceNomeMae' or '${key}' == 'checkboxDesconheceNomePai' or '${key}'== 'checkboxDeficiente' or '${key}' == 'checkboxNomeSocial' or '${key}' == 'checkboxGenero'">
<kw name="Click" library="Browser">
<arg>id=${key}</arg>
<tag>PageContent</tag>
<tag>Setter</tag>
<doc>Simulates mouse click on the element found by ``selector``.</doc>
<status status="NOT RUN" starttime="20220403 18:06:46.138" endtime="20220403 18:06:46.138"/>
</kw>
<status status="NOT RUN" starttime="20220403 18:06:46.138" endtime="20220403 18:06:46.138"/>
</branch>
<branch type="ELSE IF" condition="'${key}' == 'inputIdentidade' or '${key}' == 'inputSUSF'">
<kw name="Evaluate" library="BuiltIn">
<var>${numbers}</var>
<arg>random.randint(0, sys.maxsize)</arg>
<arg>random</arg>
<doc>Evaluates the given expression in Python and returns the result.</doc>
<status status="NOT RUN" starttime="20220403 18:06:46.138" endtime="20220403 18:06:46.138"/>
</kw>
<kw name="Type Text" library="Browser">
<arg>id=${key}</arg>
<arg>${numbers}</arg>
<tag>PageContent</tag>
<tag>Setter</tag>
<doc>Types the given ``txt`` into the text field found by ``selector``.</doc>
<status status="NOT RUN" starttime="20220403 18:06:46.138" endtime="20220403 18:06:46.139"/>
</kw>
<status status="NOT RUN" starttime="20220403 18:06:46.138" endtime="20220403 18:06:46.139"/>
</branch>
<branch type="ELSE IF" condition="'${key}' == 'inputEmail'">
<kw name="Email" library="FakerLibrary">
<var>${email}</var>
<status status="NOT RUN" starttime="20220403 18:06:46.139" endtime="20220403 18:06:46.139"/>
</kw>
<kw name="Type Text" library="Browser">
<arg>id=${key}</arg>
<arg>${email}</arg>
<tag>PageContent</tag>
<tag>Setter</tag>
<doc>Types the given ``txt`` into the text field found by ``selector``.</doc>
<status status="NOT RUN" starttime="20220403 18:06:46.139" endtime="20220403 18:06:46.139"/>
</kw>
<kw name="Set Global Variable" library="BuiltIn">
<arg>${email}</arg>
<doc>Makes a variable available globally in all tests and suites.</doc>
<status status="NOT RUN" starttime="20220403 18:06:46.140" endtime="20220403 18:06:46.140"/>
</kw>
<status status="NOT RUN" starttime="20220403 18:06:46.139" endtime="20220403 18:06:46.140"/>
</branch>
<branch type="ELSE IF" condition="'${key}' == 'inputCPF'">
<kw name="Cpf" library="FakerLibrary">
<var>${cpf}</var>
<status status="NOT RUN" starttime="20220403 18:06:46.143" endtime="20220403 18:06:46.143"/>
</kw>
<kw name="Fill Text" library="Browser">
<arg>id=${key}</arg>
<arg>${cpf}</arg>
<tag>PageContent</tag>
<tag>Setter</tag>
<doc>Clears and fills the given ``text`` into the text field found by ``selector``.</doc>
<status status="NOT RUN" starttime="20220403 18:06:46.144" endtime="20220403 18:06:46.144"/>
</kw>
<kw name="Set Global Variable" library="BuiltIn">
<arg>${cpf}</arg>
<doc>Makes a variable available globally in all tests and suites.</doc>
<status status="NOT RUN" starttime="20220403 18:06:46.144" endtime="20220403 18:06:46.144"/>
</kw>
<status status="NOT RUN" starttime="20220403 18:06:46.141" endtime="20220403 18:06:46.144"/>
</branch>
<branch type="ELSE IF" condition="'${key}' == 'inputLogin'">
<kw name="Word" library="FakerLibrary">
<var>${login_aux}</var>
<doc>Generate a word.</doc>
<status status="NOT RUN" starttime="20220403 18:06:46.145" endtime="20220403 18:06:46.145"/>
</kw>
<kw name="Set Variable" library="BuiltIn">
<var>${login_colaborador}</var>
<arg>${login_aux}_c1</arg>
<doc>Returns the given values which can then be assigned to a variables.</doc>
<status status="NOT RUN" starttime="20220403 18:06:46.145" endtime="20220403 18:06:46.145"/>
</kw>
<kw name="Type Text" library="Browser">
<arg>id=${key}</arg>
<arg>${login_colaborador}</arg>
<tag>PageContent</tag>
<tag>Setter</tag>
<doc>Types the given ``txt`` into the text field found by ``selector``.</doc>
<status status="NOT RUN" starttime="20220403 18:06:46.145" endtime="20220403 18:06:46.145"/>
</kw>
<kw name="Set Global Variable" library="BuiltIn">
<arg>${login_colaborador}</arg>
<doc>Makes a variable available globally in all tests and suites.</doc>
<status status="NOT RUN" starttime="20220403 18:06:46.145" endtime="20220403 18:06:46.146"/>
</kw>
<status status="NOT RUN" starttime="20220403 18:06:46.145" endtime="20220403 18:06:46.146"/>
</branch>
<branch type="ELSE">
<kw name="Fill Text" library="Browser">
<arg>id=${key}</arg>
<arg>${item["${key}"]}</arg>
<tag>PageContent</tag>
<tag>Setter</tag>
<doc>Clears and fills the given ``text`` into the text field found by ``selector``.</doc>
<msg timestamp="20220403 18:06:46.147" level="INFO">Fills the text 'Teste unidade' in the given field.</msg>
<status status="PASS" starttime="20220403 18:06:46.146" endtime="20220403 18:06:46.183"/>
</kw>
<if>
<branch type="IF" condition="'${key}' == 'inputNome'">
<kw name="Set Global Variable" library="BuiltIn">
<arg>${nome}</arg>
<arg>${item["${key}"]}</arg>
<doc>Makes a variable available globally in all tests and suites.</doc>
<status status="NOT RUN" starttime="20220403 18:06:46.184" endtime="20220403 18:06:46.184"/>
</kw>
<status status="NOT RUN" starttime="20220403 18:06:46.183" endtime="20220403 18:06:46.184"/>
</branch>
<branch type="ELSE IF" condition="'${key}' == 'inputNomeSocial'">
<kw name="Set Global Variable" library="BuiltIn">
<arg>${nome_social}</arg>
<arg>${item["${key}"]}</arg>
<doc>Makes a variable available globally in all tests and suites.</doc>
<status status="NOT RUN" starttime="20220403 18:06:46.184" endtime="20220403 18:06:46.184"/>
</kw>
<status status="NOT RUN" starttime="20220403 18:06:46.184" endtime="20220403 18:06:46.184"/>
</branch>
<branch type="ELSE IF" condition="'${key}' == 'inputNomeMae'">
<kw name="Set Global Variable" library="BuiltIn">
<arg>${nome_filiação}</arg>
<arg>${item["${key}"]}</arg>
<doc>Makes a variable available globally in all tests and suites.</doc>
<status status="NOT RUN" starttime="20220403 18:06:46.184" endtime="20220403 18:06:46.184"/>
</kw>
<status status="NOT RUN" starttime="20220403 18:06:46.184" endtime="20220403 18:06:46.184"/>
</branch>
<status status="PASS" starttime="20220403 18:06:46.183" endtime="20220403 18:06:46.184"/>
</if>
<status status="PASS" starttime="20220403 18:06:46.146" endtime="20220403 18:06:46.184"/>
</branch>
<status status="PASS" starttime="20220403 18:06:46.138" endtime="20220403 18:06:46.184"/>
</if>
<status status="PASS" starttime="20220403 18:06:46.137" endtime="20220403 18:06:46.184"/>
</iter>
<iter>
<var name="${key}">inputNome</var>
<if>
<branch type="IF" condition="'${key}' == 'checkboxDesconheceNomeMae' or '${key}' == 'checkboxDesconheceNomePai' or '${key}'== 'checkboxDeficiente' or '${key}' == 'checkboxNomeSocial' or '${key}' == 'checkboxGenero'">
<kw name="Click" library="Browser">
<arg>id=${key}</arg>
<tag>PageContent</tag>
<tag>Setter</tag>
<doc>Simulates mouse click on the element found by ``selector``.</doc>
<status status="NOT RUN" starttime="20220403 18:06:46.185" endtime="20220403 18:06:46.185"/>
</kw>
<status status="NOT RUN" starttime="20220403 18:06:46.185" endtime="20220403 18:06:46.185"/>
</branch>
[...]
<arg>Text</arg>
<arg>${valor}</arg>
<tag>PageContent</tag>
<tag>Setter</tag>
<doc>Selects options from select element found by ``selector``.</doc>
<status status="PASS" starttime="20220403 18:06:47.213" endtime="20220403 18:06:47.245"/>
</kw>
<status status="PASS" starttime="20220403 18:06:47.207" endtime="20220403 18:06:47.245"/>
</kw>
<status status="PASS" starttime="20220403 18:06:47.206" endtime="20220403 18:06:47.245"/>
</kw>
<status status="PASS" starttime="20220403 18:06:47.204" endtime="20220403 18:06:47.245"/>
</kw>
<kw name="E" library="bdd">
<arg>selecione "RN" no campo "UF de nascimento"</arg>
<kw name="Run Keyword" library="BuiltIn">
<arg>@{Keywords}</arg>
<doc>Executes the given keyword with the given arguments.</doc>
<kw name="selecione &quot;RN&quot; no campo &quot;UF de nascimento&quot;" library="keywords_campos" sourcename="selecione &quot;${valor}&quot; no campo &quot;${campo}&quot;">
<kw name="Get JSON" library="base">
<var>${elementos_json}</var>
<arg>elementos.json</arg>
<kw name="Get File" library="OperatingSystem">
<var>${file}</var>
<arg>${EXECDIR}/Files/${file_name}</arg>
<doc>Returns the contents of a specified file.</doc>
<msg timestamp="20220403 18:06:47.248" level="INFO" html="true">Getting file '&lt;a href="file:///home/mayara/Tcc/RobotFramework-Sigsaude/Files/elementos.json"&gt;/home/mayara/Tcc/RobotFramework-Sigsaude/Files/elementos.json&lt;/a&gt;'.</msg>
<msg timestamp="20220403 18:06:47.248" level="INFO">${file} = {

    "Tipo Sanguíneo":"inputTipoSanguineo",
    "Cor/Raça":"selectCorRaca",
    "Sexo":"selectSexo",
    "Estado civil":"selectEstadoCivil",
    "País de nascimento":"inputPaisNascimento",
    "UF d...</msg>
<status status="PASS" starttime="20220403 18:06:47.247" endtime="20220403 18:06:47.248"/>
</kw>
<kw name="Evaluate" library="BuiltIn">
<var>${super_var}</var>
<arg>json.loads($file)</arg>
<arg>json</arg>
<doc>Evaluates the given expression in Python and returns the result.</doc>
<msg timestamp="20220403 18:06:47.249" level="INFO">${super_var} = {'Tipo Sanguíneo': 'inputTipoSanguineo', 'Cor/Raça': 'selectCorRaca', 'Sexo': 'selectSexo', 'Estado civil': 'selectEstadoCivil', 'País de nascimento': 'inputPaisNascimento', 'UF de nascimento': 'input...</msg>
<status status="PASS" starttime="20220403 18:06:47.248" endtime="20220403 18:06:47.249"/>
</kw>
<msg timestamp="20220403 18:06:47.249" level="INFO">${elementos_json} = {'Tipo Sanguíneo': 'inputTipoSanguineo', 'Cor/Raça': 'selectCorRaca', 'Sexo': 'selectSexo', 'Estado civil': 'selectEstadoCivil', 'País de nascimento': 'inputPaisNascimento', 'UF de nascimento': 'input...</msg>
<status status="PASS" starttime="20220403 18:06:47.247" endtime="20220403 18:06:47.249"/>
</kw>
<kw name="Select Options By" library="Browser">
<arg>id=${elementos_json["${campo}"]}</arg>
<arg>Text</arg>
<arg>${valor}</arg>
<tag>PageContent</tag>
<tag>Setter</tag>
<doc>Selects options from select element found by ``selector``.</doc>
<status status="PASS" starttime="20220403 18:06:47.249" endtime="20220403 18:06:47.282"/>
</kw>
<status status="PASS" starttime="20220403 18:06:47.246" endtime="20220403 18:06:47.282"/>
</kw>
<status status="PASS" starttime="20220403 18:06:47.246" endtime="20220403 18:06:47.282"/>
</kw>
<status status="PASS" starttime="20220403 18:06:47.246" endtime="20220403 18:06:47.282"/>
</kw>
<kw name="E" library="bdd">
<arg>selecione "Natal" no campo "Município de nascimento"</arg>
<kw name="Run Keyword" library="BuiltIn">
<arg>@{Keywords}</arg>
<doc>Executes the given keyword with the given arguments.</doc>
<kw name="selecione &quot;Natal&quot; no campo &quot;Município de nascimento&quot;" library="keywords_campos" sourcename="selecione &quot;${valor}&quot; no campo &quot;${campo}&quot;">
<kw name="Get JSON" library="base">
<var>${elementos_json}</var>
<arg>elementos.json</arg>
<kw name="Get File" library="OperatingSystem">
<var>${file}</var>
<arg>${EXECDIR}/Files/${file_name}</arg>
<doc>Returns the contents of a specified file.</doc>
<msg timestamp="20220403 18:06:47.284" level="INFO" html="true">Getting file '&lt;a href="file:///home/mayara/Tcc/RobotFramework-Sigsaude/Files/elementos.json"&gt;/home/mayara/Tcc/RobotFramework-Sigsaude/Files/elementos.json&lt;/a&gt;'.</msg>
<msg timestamp="20220403 18:06:47.284" level="INFO">${file} = {

    "Tipo Sanguíneo":"inputTipoSanguineo",
    "Cor/Raça":"selectCorRaca",
    "Sexo":"selectSexo",
    "Estado civil":"selectEstadoCivil",
    "País de nascimento":"inputPaisNascimento",
    "UF d...</msg>
<status status="PASS" starttime="20220403 18:06:47.284" endtime="20220403 18:06:47.284"/>
</kw>
<kw name="Evaluate" library="BuiltIn">
<var>${super_var}</var>
<arg>json.loads($file)</arg>
<arg>json</arg>
<doc>Evaluates the given expression in Python and returns the result.</doc>
<msg timestamp="20220403 18:06:47.285" level="INFO">${super_var} = {'Tipo Sanguíneo': 'inputTipoSanguineo', 'Cor/Raça': 'selectCorRaca', 'Sexo': 'selectSexo', 'Estado civil': 'selectEstadoCivil', 'País de nascimento': 'inputPaisNascimento', 'UF de nascimento': 'input...</msg>
<status status="PASS" starttime="20220403 18:06:47.284" endtime="20220403 18:06:47.285"/>
</kw>
<msg timestamp="20220403 18:06:47.285" level="INFO">${elementos_json} = {'Tipo Sanguíneo': 'inputTipoSanguineo', 'Cor/Raça': 'selectCorRaca', 'Sexo': 'selectSexo', 'Estado civil': 'selectEstadoCivil', 'País de nascimento': 'inputPaisNascimento', 'UF de nascimento': 'input...</msg>
<status status="PASS" starttime="20220403 18:06:47.283" endtime="20220403 18:06:47.285"/>
</kw>
<kw name="Select Options By" library="Browser">
<arg>id=${elementos_json["${campo}"]}</arg>
<arg>Text</arg>
<arg>${valor}</arg>
<tag>PageContent</tag>
<tag>Setter</tag>
<doc>Selects options from select element found by ``selector``.</doc>
<status status="PASS" starttime="20220403 18:06:47.285" endtime="20220403 18:06:47.585"/>
</kw>
<status status="PASS" starttime="20220403 18:06:47.283" endtime="20220403 18:06:47.585"/>
</kw>
<status status="PASS" starttime="20220403 18:06:47.283" endtime="20220403 18:06:47.585"/>
</kw>
<status status="PASS" starttime="20220403 18:06:47.282" endtime="20220403 18:06:47.585"/>
</kw>
<kw name="E" library="bdd">
<arg>selecione "ALUNO" no campo "Vínculo instituição"</arg>
<kw name="Run Keyword" library="BuiltIn">
<arg>@{Keywords}</arg>
<doc>Executes the given keyword with the given arguments.</doc>
<kw name="selecione &quot;ALUNO&quot; no campo &quot;Vínculo instituição&quot;" library="keywords_campos" sourcename="selecione &quot;${valor}&quot; no campo &quot;${campo}&quot;">
<kw name="Get JSON" library="base">
<var>${elementos_json}</var>
<arg>elementos.json</arg>
<kw name="Get File" library="OperatingSystem">
<var>${file}</var>
<arg>${EXECDIR}/Files/${file_name}</arg>
<doc>Returns the contents of a specified file.</doc>
<msg timestamp="20220403 18:06:47.587" level="INFO" html="true">Getting file '&lt;a href="file:///home/mayara/Tcc/RobotFramework-Sigsaude/Files/elementos.json"&gt;/home/mayara/Tcc/RobotFramework-Sigsaude/Files/elementos.json&lt;/a&gt;'.</msg>
<msg timestamp="20220403 18:06:47.587" level="INFO">${file} = {

    "Tipo Sanguíneo":"inputTipoSanguineo",
    "Cor/Raça":"selectCorRaca",
    "Sexo":"selectSexo",
    "Estado civil":"selectEstadoCivil",
    "País de nascimento":"inputPaisNascimento",
    "UF d...</msg>
<status status="PASS" starttime="20220403 18:06:47.587" endtime="20220403 18:06:47.588"/>
</kw>
<kw name="Evaluate" library="BuiltIn">
<var>${super_var}</var>
<arg>json.loads($file)</arg>
<arg>json</arg>
<doc>Evaluates the given expression in Python and returns the result.</doc>
<msg timestamp="20220403 18:06:47.589" level="INFO">${super_var} = {'Tipo Sanguíneo': 'inputTipoSanguineo', 'Cor/Raça': 'selectCorRaca', 'Sexo': 'selectSexo', 'Estado civil': 'selectEstadoCivil', 'País de nascimento': 'inputPaisNascimento', 'UF de nascimento': 'input...</msg>
<status status="PASS" starttime="20220403 18:06:47.588" endtime="20220403 18:06:47.589"/>
</kw>
<msg timestamp="20220403 18:06:47.589" level="INFO">${elementos_json} = {'Tipo Sanguíneo': 'inputTipoSanguineo', 'Cor/Raça': 'selectCorRaca', 'Sexo': 'selectSexo', 'Estado civil': 'selectEstadoCivil', 'País de nascimento': 'inputPaisNascimento', 'UF de nascimento': 'input...</msg>
<status status="PASS" starttime="20220403 18:06:47.586" endtime="20220403 18:06:47.589"/>
</kw>
<kw name="Select Options By" library="Browser">
<arg>id=${elementos_json["${campo}"]}</arg>
<arg>Text</arg>
<arg>${valor}</arg>
<tag>PageContent</tag>
<tag>Setter</tag>
<doc>Selects options from select element found by ``selector``.</doc>
<status status="PASS" starttime="20220403 18:06:47.590" endtime="20220403 18:06:47.618"/>
</kw>
<status status="PASS" starttime="20220403 18:06:47.586" endtime="20220403 18:06:47.618"/>
</kw>
<status status="PASS" starttime="20220403 18:06:47.586" endtime="20220403 18:06:47.618"/>
</kw>
<status status="PASS" starttime="20220403 18:06:47.585" endtime="20220403 18:06:47.619"/>
</kw>
<kw name="Quando" library="bdd">
<arg>clicar em "Salvar e Avançar"</arg>
<kw name="Run Keyword" library="BuiltIn">
<arg>@{Keywords}</arg>
<doc>Executes the given keyword with the given arguments.</doc>
<kw name="clicar em &quot;Salvar e Avançar&quot;" library="keywords_campos" sourcename="clicar em &quot;${botão}&quot;">
<kw name="Get JSON" library="base">
<var>${elementos_json}</var>
<arg>elementos.json</arg>
<kw name="Get File" library="OperatingSystem">
<var>${file}</var>
<arg>${EXECDIR}/Files/${file_name}</arg>
<doc>Returns the contents of a specified file.</doc>
<msg timestamp="20220403 18:06:47.622" level="INFO" html="true">Getting file '&lt;a href="file:///home/mayara/Tcc/RobotFramework-Sigsaude/Files/elementos.json"&gt;/home/mayara/Tcc/RobotFramework-Sigsaude/Files/elementos.json&lt;/a&gt;'.</msg>
<msg timestamp="20220403 18:06:47.622" level="INFO">${file} = {

    "Tipo Sanguíneo":"inputTipoSanguineo",
    "Cor/Raça":"selectCorRaca",
    "Sexo":"selectSexo",
    "Estado civil":"selectEstadoCivil",
    "País de nascimento":"inputPaisNascimento",
    "UF d...</msg>
<status status="PASS" starttime="20220403 18:06:47.621" endtime="20220403 18:06:47.622"/>
</kw>
<kw name="Evaluate" library="BuiltIn">
<var>${super_var}</var>
<arg>json.loads($file)</arg>
<arg>json</arg>
<doc>Evaluates the given expression in Python and returns the result.</doc>
<msg timestamp="20220403 18:06:47.623" level="INFO">${super_var} = {'Tipo Sanguíneo': 'inputTipoSanguineo', 'Cor/Raça': 'selectCorRaca', 'Sexo': 'selectSexo', 'Estado civil': 'selectEstadoCivil', 'País de nascimento': 'inputPaisNascimento', 'UF de nascimento': 'input...</msg>
<status status="PASS" starttime="20220403 18:06:47.622" endtime="20220403 18:06:47.623"/>
</kw>
<msg timestamp="20220403 18:06:47.623" level="INFO">${elementos_json} = {'Tipo Sanguíneo': 'inputTipoSanguineo', 'Cor/Raça': 'selectCorRaca', 'Sexo': 'selectSexo', 'Estado civil': 'selectEstadoCivil', 'País de nascimento': 'inputPaisNascimento', 'UF de nascimento': 'input...</msg>
<status status="PASS" starttime="20220403 18:06:47.621" endtime="20220403 18:06:47.623"/>
</kw>
<kw name="Click" library="Browser">
<arg>css=${elementos_json["${botão}"]}</arg>
<tag>PageContent</tag>
<tag>Setter</tag>
<doc>Simulates mouse click on the element found by ``selector``.</doc>
<status status="PASS" starttime="20220403 18:06:47.623" endtime="20220403 18:06:48.261"/>
</kw>
<status status="PASS" starttime="20220403 18:06:47.620" endtime="20220403 18:06:48.262"/>
</kw>
<status status="PASS" starttime="20220403 18:06:47.620" endtime="20220403 18:06:48.262"/>
</kw>
<status status="PASS" starttime="20220403 18:06:47.619" endtime="20220403 18:06:48.262"/>
</kw>
<kw name="E" library="bdd">
<arg>informar endereço</arg>
<kw name="Run Keyword" library="BuiltIn">
<arg>@{Keywords}</arg>
<doc>Executes the given keyword with the given arguments.</doc>
<kw name="informar endereço" library="Page_usuario_cadastro">
<kw name="Get JSON" library="base">
<var>${dados_json}</var>
<arg>cadastros.json</arg>
<kw name="Get File" library="OperatingSystem">
<var>${file}</var>
<arg>${EXECDIR}/Files/${file_name}</arg>
<doc>Returns the contents of a specified file.</doc>
<msg timestamp="20220403 18:06:48.269" level="INFO" html="true">Getting file '&lt;a href="file:///home/mayara/Tcc/RobotFramework-Sigsaude/Files/cadastros.json"&gt;/home/mayara/Tcc/RobotFramework-Sigsaude/Files/cadastros.json&lt;/a&gt;'.</msg>
<msg timestamp="20220403 18:06:48.269" level="INFO">${file} = {
	"usuario de serviço": [
		{			
			"checkboxDesconheceNomeMae":"",
			"checkboxDesconheceNomePai":"",
			"checkboxNomeSocial":"",
			"checkboxGenero":"",
			"checkboxDeficiente":"",
			"inputCPF":""...</msg>
<status status="PASS" starttime="20220403 18:06:48.268" endtime="20220403 18:06:48.269"/>
</kw>
<kw name="Evaluate" library="BuiltIn">
<var>${super_var}</var>
<arg>json.loads($file)</arg>
<arg>json</arg>
<doc>Evaluates the given expression in Python and returns the result.</doc>
<msg timestamp="20220403 18:06:48.271" level="INFO">${super_var} = {'usuario de serviço': [{'checkboxDesconheceNomeMae': '', 'checkboxDesconheceNomePai': '', 'checkboxNomeSocial': '', 'checkboxGenero': '', 'checkboxDeficiente': '', 'inputCPF': '', 'inputIdentidade': ...</msg>
<status status="PASS" starttime="20220403 18:06:48.270" endtime="20220403 18:06:48.271"/>
</kw>
<msg timestamp="20220403 18:06:48.272" level="INFO">${dados_json} = {'usuario de serviço': [{'checkboxDesconheceNomeMae': '', 'checkboxDesconheceNomePai': '', 'checkboxNomeSocial': '', 'checkboxGenero': '', 'checkboxDeficiente': '', 'inputCPF': '', 'inputIdentidade': ...</msg>
<status status="PASS" starttime="20220403 18:06:48.267" endtime="20220403 18:06:48.273"/>
</kw>
<kw name="Set Variable" library="BuiltIn">
<var>${dados}</var>
<arg>${dados_json["Endereço"]}</arg>
<doc>Returns the given values which can then be assigned to a variables.</doc>
<msg timestamp="20220403 18:06:48.275" level="INFO">${dados} = [{'inputCEP': 58079050, 'inputNumero': '', 'inputComplemento': 'Casa', 'inputReferencia': 'Teste automatizado'}]</msg>
<status status="PASS" starttime="20220403 18:06:48.273" endtime="20220403 18:06:48.275"/>
</kw>
<for flavor="IN">
<var>${item}</var>
<value>@{dados}</value>
<iter>
<var name="${item}">{'inputCEP': 58079050, 'inputNumero': '', 'inputComplemento': 'Casa', 'inputReferencia': 'Teste automatizado'}</var>
<for flavor="IN">
<var>${key}</var>
<value>@{item.keys()}</value>
<iter>
<var name="${key}">inputCEP</var>
<if>
<branch type="IF" condition="'${key}' == 'inputCEP'">
<kw name="Type Text" library="Browser">
<arg>id=${key}</arg>
<arg>${item["${key}"]}</arg>
<tag>PageContent</tag>
<tag>Setter</tag>
<doc>Types the given ``txt`` into the text field found by ``selector``.</doc>
<msg timestamp="20220403 18:06:48.283" level="INFO">Types the text '58079050' in the given field.</msg>
<msg timestamp="20220403 18:06:53.028" level="WARN">Keyword 'Take Screenshot' could not be run on failure:
Error: page.screenshot: Target page, context or browser has been closed</msg>
<msg timestamp="20220403 18:06:53.031" level="FAIL">Error: page.fill: Target closed
=========================== logs ===========================
waiting for selector "id=inputCEP"
============================================================</msg>
<status status="FAIL" starttime="20220403 18:06:48.281" endtime="20220403 18:06:53.031"/>
</kw>
<kw name="clicar no &quot;Buscar&quot;" library="keywords_campos" sourcename="clicar no &quot;${botão}&quot;">
<status status="NOT RUN" starttime="20220403 18:06:53.031" endtime="20220403 18:06:53.031"/>
</kw>
<kw name="Sleep" library="BuiltIn">
<arg>2</arg>
<doc>Pauses the test executed for the given time.</doc>
<status status="NOT RUN" starttime="20220403 18:06:53.031" endtime="20220403 18:06:53.032"/>
</kw>
<status status="FAIL" starttime="20220403 18:06:48.279" endtime="20220403 18:06:53.032"/>
</branch>
<branch type="ELSE IF" condition="'${key}' == 'inputNumero'">
<kw name="Evaluate" library="BuiltIn">
<var>${numbers}</var>
<arg>random.randint(0, sys.maxsize)</arg>
<arg>random</arg>
<doc>Evaluates the given expression in Python and returns the result.</doc>
<status status="NOT RUN" starttime="20220403 18:06:53.032" endtime="20220403 18:06:53.032"/>
</kw>
<kw name="Type Text" library="Browser">
<arg>id=${key}</arg>
<arg>${numbers}</arg>
<tag>PageContent</tag>
<tag>Setter</tag>
<doc>Types the given ``txt`` into the text field found by ``selector``.</doc>
<status status="NOT RUN" starttime="20220403 18:06:53.032" endtime="20220403 18:06:53.033"/>
</kw>
<status status="NOT RUN" starttime="20220403 18:06:53.032" endtime="20220403 18:06:53.033"/>
</branch>
<branch type="ELSE">
<kw name="Type Text" library="Browser">
<arg>id=${key}</arg>
<arg>${item["${key}"]}</arg>
<tag>PageContent</tag>
<tag>Setter</tag>
<doc>Types the given ``txt`` into the text field found by ``selector``.</doc>
<status status="NOT RUN" starttime="20220403 18:06:53.033" endtime="20220403 18:06:53.033"/>
</kw>
<status status="NOT RUN" starttime="20220403 18:06:53.033" endtime="20220403 18:06:53.033"/>
</branch>
<status status="FAIL" starttime="20220403 18:06:48.279" endtime="20220403 18:06:53.033"/>
</if>
<status status="FAIL" starttime="20220403 18:06:48.279" endtime="20220403 18:06:53.033"/>
</iter>
<status status="FAIL" starttime="20220403 18:06:48.276" endtime="20220403 18:06:53.034"/>
</for>
<status status="FAIL" starttime="20220403 18:06:48.276" endtime="20220403 18:06:53.034"/>
</iter>
<status status="FAIL" starttime="20220403 18:06:48.275" endtime="20220403 18:06:53.034"/>
</for>
<status status="FAIL" starttime="20220403 18:06:48.266" endtime="20220403 18:06:53.034"/>
</kw>
<status status="FAIL" starttime="20220403 18:06:48.265" endtime="20220403 18:06:53.034"/>
</kw>
<status status="FAIL" starttime="20220403 18:06:48.263" endtime="20220403 18:06:53.035"/>
</kw>
<kw name="Quando" library="bdd">
<arg>clicar em "Avançar"</arg>
<status status="NOT RUN" starttime="20220403 18:06:53.035" endtime="20220403 18:06:53.036"/>
</kw>
<kw name="E" library="bdd">
<arg>informar contatos "4"</arg>
<status status="NOT RUN" starttime="20220403 18:06:53.037" endtime="20220403 18:06:53.037"/>
</kw>
<kw name="Quando" library="bdd">
<arg>clicar no "Avançar contato"</arg>
<status status="NOT RUN" starttime="20220403 18:06:53.037" endtime="20220403 18:06:53.037"/>
</kw>
<kw name="E" library="bdd">
<arg>clicar em "Avançar responsavel"</arg>
<status status="NOT RUN" starttime="20220403 18:06:53.037" endtime="20220403 18:06:53.038"/>
</kw>
<kw name="E" library="bdd">
<arg>clicar no "Finalizar cadastrao"</arg>
<status status="NOT RUN" starttime="20220403 18:06:53.039" endtime="20220403 18:06:53.039"/>
</kw>
<kw name="Então" library="bdd">
<arg>mensagem de cadastro realizado com sucesso</arg>
<status status="NOT RUN" starttime="20220403 18:06:53.040" endtime="20220403 18:06:53.040"/>
</kw>
<tag>Usuario1</tag>
<status status="FAIL" starttime="20220403 18:06:42.311" endtime="20220403 18:06:53.040">Error: page.fill: Target closed
=========================== logs ===========================
waiting for selector "id=inputCEP"
============================================================</status>
</test>
<doc>Cadastro usuario de serviço</doc>
<status status="FAIL" starttime="20220403 18:06:32.922" endtime="20220403 18:06:53.051"/>
</suite>
<status status="FAIL" starttime="20220403 18:06:32.903" endtime="20220403 18:06:53.064"/>
</suite>
<statistics>
<total>
<stat pass="0" fail="1" skip="0">All Tests</stat>
</total>
<tag>
<stat pass="0" fail="1" skip="0">Usuario1</stat>
</tag>
<suite>
<stat pass="0" fail="1" skip="0" id="s1" name="Tests">Tests</stat>
<stat pass="0" fail="1" skip="0" id="s1-s1" name="Usuario serviço">Tests.Usuario serviço</stat>
</suite>
</statistics>
<errors>
<msg timestamp="20220403 18:06:53.028" level="WARN">Keyword 'Take Screenshot' could not be run on failure:
Error: page.screenshot: Target page, context or browser has been closed</msg>
</errors>
</robot>
