<?xml version="1.0" encoding="UTF-8"?>
<robot generator="Robot 4.0.3 (Python 3.8.10 on linux)" generated="20211114 23:49:11.626" rpa="false" schemaversion="2">
<suite id="s1" name="7 - Especialidade" source="/home/m.calixta/Projeto sigsaúde/Tests/7 - Especialidade.robot">
<kw name="iniciar navegador sessão &quot;Endocrinologia&quot;" library="base" type="SETUP" sourcename="iniciar navegador sessão &quot;${login_usuario}&quot;">
<kw name="iniciar Navegador" library="base">
<kw name="Get JSON" library="base">
<var>${config_json}</var>
<arg>config.json</arg>
<kw name="Get File" library="OperatingSystem">
<var>${file}</var>
<arg>${EXECDIR}/Files/${file_name}</arg>
<doc>Returns the contents of a specified file.</doc>
<msg timestamp="20211114 23:49:13.236" level="INFO" html="true">Getting file '&lt;a href="file:///home/m.calixta/Projeto sigsaúde/Files/config.json"&gt;/home/m.calixta/Projeto sigsaúde/Files/config.json&lt;/a&gt;'.</msg>
<msg timestamp="20211114 23:49:13.237" level="INFO">${file} = {
    "base_url":"http://177.20.147.8/sigsaude",
    "navegador":"chromium"
}</msg>
<status status="PASS" starttime="20211114 23:49:13.234" endtime="20211114 23:49:13.237"/>
</kw>
<kw name="Evaluate" library="BuiltIn">
<var>${super_var}</var>
<arg>json.loads($file)</arg>
<arg>json</arg>
<doc>Evaluates the given expression in Python and returns the result.</doc>
<msg timestamp="20211114 23:49:13.257" level="INFO">${super_var} = {'base_url': 'http://177.20.147.8/sigsaude', 'navegador': 'chromium'}</msg>
<status status="PASS" starttime="20211114 23:49:13.238" endtime="20211114 23:49:13.257"/>
</kw>
<msg timestamp="20211114 23:49:13.258" level="INFO">${config_json} = {'base_url': 'http://177.20.147.8/sigsaude', 'navegador': 'chromium'}</msg>
<status status="PASS" starttime="20211114 23:49:13.233" endtime="20211114 23:49:13.258"/>
</kw>
<kw name="New Browser" library="Browser">
<arg>${config_json["navegador"]}</arg>
<arg>False</arg>
<tag>BrowserControl</tag>
<tag>Setter</tag>
<doc>Create a new playwright Browser with specified options.
See `Browser, Context and Page` for more information about Browser and related concepts.</doc>
<msg timestamp="20211114 23:49:13.262" level="INFO">{"browser": "chromium", "headless": false, "handleSIGINT": true, "handleSIGTERM": true, "handleSIGHUP": true, "timeout": 30000.0, "devtools": false, "slowMo": 0.0}</msg>
<msg timestamp="20211114 23:49:13.484" level="INFO">Successfully created browser with options: {"browser":"chromium","headless":false,"handleSIGINT":true,"handleSIGTERM":true,"handleSIGHUP":true,"timeout":30000,"devtools":false,"slowMo":0}</msg>
<status status="PASS" starttime="20211114 23:49:13.258" endtime="20211114 23:49:13.485"/>
</kw>
<status status="PASS" starttime="20211114 23:49:13.232" endtime="20211114 23:49:13.485"/>
</kw>
<kw name="Get JSON" library="base">
<var>${config_json}</var>
<arg>config.json</arg>
<kw name="Get File" library="OperatingSystem">
<var>${file}</var>
<arg>${EXECDIR}/Files/${file_name}</arg>
<doc>Returns the contents of a specified file.</doc>
<msg timestamp="20211114 23:49:13.487" level="INFO" html="true">Getting file '&lt;a href="file:///home/m.calixta/Projeto sigsaúde/Files/config.json"&gt;/home/m.calixta/Projeto sigsaúde/Files/config.json&lt;/a&gt;'.</msg>
<msg timestamp="20211114 23:49:13.488" level="INFO">${file} = {
    "base_url":"http://177.20.147.8/sigsaude",
    "navegador":"chromium"
}</msg>
<status status="PASS" starttime="20211114 23:49:13.487" endtime="20211114 23:49:13.488"/>
</kw>
<kw name="Evaluate" library="BuiltIn">
<var>${super_var}</var>
<arg>json.loads($file)</arg>
<arg>json</arg>
<doc>Evaluates the given expression in Python and returns the result.</doc>
<msg timestamp="20211114 23:49:13.490" level="INFO">${super_var} = {'base_url': 'http://177.20.147.8/sigsaude', 'navegador': 'chromium'}</msg>
<status status="PASS" starttime="20211114 23:49:13.489" endtime="20211114 23:49:13.490"/>
</kw>
<msg timestamp="20211114 23:49:13.491" level="INFO">${config_json} = {'base_url': 'http://177.20.147.8/sigsaude', 'navegador': 'chromium'}</msg>
<status status="PASS" starttime="20211114 23:49:13.486" endtime="20211114 23:49:13.491"/>
</kw>
<kw name="New Page" library="Browser">
<arg>${config_json["base_url"]}</arg>
<tag>BrowserControl</tag>
<tag>Setter</tag>
<doc>Open a new Page. A Page is the Playwright equivalent to a tab.
See `Browser, Context and Page` for more information about Page concept.
Returns a stable identifier for the created page.</doc>
<msg timestamp="20211114 23:49:19.222" level="INFO">Successfully initialized new page object and opened url: http://177.20.147.8/sigsaude</msg>
<msg timestamp="20211114 23:49:19.222" level="INFO">No context was open. New context was automatically opened when this page is created.</msg>
<status status="PASS" starttime="20211114 23:49:13.491" endtime="20211114 23:49:19.223"/>
</kw>
<kw name="Direcionamento da tela &quot;login&quot;" library="nav" sourcename="Direcionamento da tela &quot;${page}&quot;">
<kw name="Get JSON" library="base">
<var>${telas_json}</var>
<arg>telas.json</arg>
<kw name="Get File" library="OperatingSystem">
<var>${file}</var>
<arg>${EXECDIR}/Files/${file_name}</arg>
<doc>Returns the contents of a specified file.</doc>
<msg timestamp="20211114 23:49:19.239" level="INFO" html="true">Getting file '&lt;a href="file:///home/m.calixta/Projeto sigsaúde/Files/telas.json"&gt;/home/m.calixta/Projeto sigsaúde/Files/telas.json&lt;/a&gt;'.</msg>
<msg timestamp="20211114 23:49:19.240" level="INFO">${file} = {
    "login":"/login",
    "novo usuario de serviço":"/paciente/cadastro",
    "listar usuarios de serviço":"/paciente",
    "cadastro de colaborador":"/colaborador/form",
    "agendamento":"/agendam...</msg>
<status status="PASS" starttime="20211114 23:49:19.235" endtime="20211114 23:49:19.241"/>
</kw>
<kw name="Evaluate" library="BuiltIn">
<var>${super_var}</var>
<arg>json.loads($file)</arg>
<arg>json</arg>
<doc>Evaluates the given expression in Python and returns the result.</doc>
<msg timestamp="20211114 23:49:19.247" level="INFO">${super_var} = {'login': '/login', 'novo usuario de serviço': '/paciente/cadastro', 'listar usuarios de serviço': '/paciente', 'cadastro de colaborador': '/colaborador/form', 'agendamento': '/agendamento', 'listar c...</msg>
<status status="PASS" starttime="20211114 23:49:19.243" endtime="20211114 23:49:19.247"/>
</kw>
<msg timestamp="20211114 23:49:19.249" level="INFO">${telas_json} = {'login': '/login', 'novo usuario de serviço': '/paciente/cadastro', 'listar usuarios de serviço': '/paciente', 'cadastro de colaborador': '/colaborador/form', 'agendamento': '/agendamento', 'listar c...</msg>
<status status="PASS" starttime="20211114 23:49:19.230" endtime="20211114 23:49:19.250"/>
</kw>
<kw name="Get JSON" library="base">
<var>${config_json}</var>
<arg>config.json</arg>
<kw name="Get File" library="OperatingSystem">
<var>${file}</var>
<arg>${EXECDIR}/Files/${file_name}</arg>
<doc>Returns the contents of a specified file.</doc>
<msg timestamp="20211114 23:49:19.258" level="INFO" html="true">Getting file '&lt;a href="file:///home/m.calixta/Projeto sigsaúde/Files/config.json"&gt;/home/m.calixta/Projeto sigsaúde/Files/config.json&lt;/a&gt;'.</msg>
<msg timestamp="20211114 23:49:19.260" level="INFO">${file} = {
    "base_url":"http://177.20.147.8/sigsaude",
    "navegador":"chromium"
}</msg>
<status status="PASS" starttime="20211114 23:49:19.256" endtime="20211114 23:49:19.260"/>
</kw>
<kw name="Evaluate" library="BuiltIn">
<var>${super_var}</var>
<arg>json.loads($file)</arg>
<arg>json</arg>
<doc>Evaluates the given expression in Python and returns the result.</doc>
<msg timestamp="20211114 23:49:19.266" level="INFO">${super_var} = {'base_url': 'http://177.20.147.8/sigsaude', 'navegador': 'chromium'}</msg>
<status status="PASS" starttime="20211114 23:49:19.262" endtime="20211114 23:49:19.266"/>
</kw>
<msg timestamp="20211114 23:49:19.268" level="INFO">${config_json} = {'base_url': 'http://177.20.147.8/sigsaude', 'navegador': 'chromium'}</msg>
<status status="PASS" starttime="20211114 23:49:19.252" endtime="20211114 23:49:19.269"/>
</kw>
<kw name="Go To" library="Browser">
<arg>${config_json["base_url"]}${telas_json["${page}"]}</arg>
<tag>BrowserControl</tag>
<tag>Setter</tag>
<doc>Navigates to the given ``url``.</doc>
<msg timestamp="20211114 23:49:20.730" level="INFO">Succesfully opened URL http://177.20.147.8/sigsaude/login</msg>
<status status="PASS" starttime="20211114 23:49:19.271" endtime="20211114 23:49:20.731"/>
</kw>
<status status="PASS" starttime="20211114 23:49:19.226" endtime="20211114 23:49:20.734"/>
</kw>
<kw name="Get JSON" library="base">
<var>${login_json}</var>
<arg>login.json</arg>
<kw name="Get File" library="OperatingSystem">
<var>${file}</var>
<arg>${EXECDIR}/Files/${file_name}</arg>
<doc>Returns the contents of a specified file.</doc>
<msg timestamp="20211114 23:49:20.747" level="INFO" html="true">Getting file '&lt;a href="file:///home/m.calixta/Projeto sigsaúde/Files/login.json"&gt;/home/m.calixta/Projeto sigsaúde/Files/login.json&lt;/a&gt;'.</msg>
<msg timestamp="20211114 23:49:20.749" level="INFO">${file} = {

    "Psicologia":{
        "login": "drpsicologia",
        "senha": 85278120029
    },

    "Endocrinologia":{
        "login": "drendocrinologia",
        "senha": 98841863323
    }
}</msg>
<status status="PASS" starttime="20211114 23:49:20.743" endtime="20211114 23:49:20.750"/>
</kw>
<kw name="Evaluate" library="BuiltIn">
<var>${super_var}</var>
<arg>json.loads($file)</arg>
<arg>json</arg>
<doc>Evaluates the given expression in Python and returns the result.</doc>
<msg timestamp="20211114 23:49:20.757" level="INFO">${super_var} = {'Psicologia': {'login': 'drpsicologia', 'senha': 85278120029}, 'Endocrinologia': {'login': 'drendocrinologia', 'senha': 98841863323}}</msg>
<status status="PASS" starttime="20211114 23:49:20.752" endtime="20211114 23:49:20.758"/>
</kw>
<msg timestamp="20211114 23:49:20.760" level="INFO">${login_json} = {'Psicologia': {'login': 'drpsicologia', 'senha': 85278120029}, 'Endocrinologia': {'login': 'drendocrinologia', 'senha': 98841863323}}</msg>
<status status="PASS" starttime="20211114 23:49:20.738" endtime="20211114 23:49:20.761"/>
</kw>
<kw name="Fill Text" library="Browser">
<arg>id=login-username</arg>
<arg>${login_json["${login_usuario}"]["login"]}</arg>
<tag>PageContent</tag>
<tag>Setter</tag>
<doc>Clears and fills the given ``text`` into the text field found by ``selector``.</doc>
<msg timestamp="20211114 23:49:20.776" level="INFO">Fills the text 'drendocrinologia' in the given field.</msg>
<status status="PASS" starttime="20211114 23:49:20.764" endtime="20211114 23:49:20.834"/>
</kw>
<kw name="Fill Text" library="Browser">
<arg>id=login-password</arg>
<arg>${login_json["${login_usuario}"]["senha"]}</arg>
<tag>PageContent</tag>
<tag>Setter</tag>
<doc>Clears and fills the given ``text`` into the text field found by ``selector``.</doc>
<msg timestamp="20211114 23:49:20.839" level="INFO">Fills the text '98841863323' in the given field.</msg>
<status status="PASS" starttime="20211114 23:49:20.835" endtime="20211114 23:49:20.855"/>
</kw>
<kw name="Click" library="Browser">
<arg>css=[value='Entrar']</arg>
<tag>PageContent</tag>
<tag>Setter</tag>
<doc>Simulates mouse click on the element found by ``selector``.</doc>
<status status="PASS" starttime="20211114 23:49:20.856" endtime="20211114 23:49:21.658"/>
</kw>
<status status="PASS" starttime="20211114 23:49:13.230" endtime="20211114 23:49:21.659"/>
</kw>
<test id="s1-t1" name="[001] -Cadastro de especialidade (Completo)">
<kw name="Dado" library="bdd">
<arg>que o usuario está na tela "cadastro de especialidade"</arg>
<kw name="Run Keyword" library="BuiltIn">
<arg>@{Keywords}</arg>
<doc>Executes the given keyword with the given arguments.</doc>
<kw name="que o usuario está na tela &quot;cadastro de especialidade&quot;" library="nav" sourcename="que o usuario está na tela &quot;${tela}&quot;">
<kw name="Direcionamento da tela &quot;${tela}&quot;" library="nav" sourcename="Direcionamento da tela &quot;${page}&quot;">
<kw name="Get JSON" library="base">
<var>${telas_json}</var>
<arg>telas.json</arg>
<kw name="Get File" library="OperatingSystem">
<var>${file}</var>
<arg>${EXECDIR}/Files/${file_name}</arg>
<doc>Returns the contents of a specified file.</doc>
<msg timestamp="20211114 23:49:21.690" level="INFO" html="true">Getting file '&lt;a href="file:///home/m.calixta/Projeto sigsaúde/Files/telas.json"&gt;/home/m.calixta/Projeto sigsaúde/Files/telas.json&lt;/a&gt;'.</msg>
<msg timestamp="20211114 23:49:21.691" level="INFO">${file} = {
    "login":"/login",
    "novo usuario de serviço":"/paciente/cadastro",
    "listar usuarios de serviço":"/paciente",
    "cadastro de colaborador":"/colaborador/form",
    "agendamento":"/agendam...</msg>
<status status="PASS" starttime="20211114 23:49:21.689" endtime="20211114 23:49:21.691"/>
</kw>
<kw name="Evaluate" library="BuiltIn">
<var>${super_var}</var>
<arg>json.loads($file)</arg>
<arg>json</arg>
<doc>Evaluates the given expression in Python and returns the result.</doc>
<msg timestamp="20211114 23:49:21.693" level="INFO">${super_var} = {'login': '/login', 'novo usuario de serviço': '/paciente/cadastro', 'listar usuarios de serviço': '/paciente', 'cadastro de colaborador': '/colaborador/form', 'agendamento': '/agendamento', 'listar c...</msg>
<status status="PASS" starttime="20211114 23:49:21.692" endtime="20211114 23:49:21.693"/>
</kw>
<msg timestamp="20211114 23:49:21.694" level="INFO">${telas_json} = {'login': '/login', 'novo usuario de serviço': '/paciente/cadastro', 'listar usuarios de serviço': '/paciente', 'cadastro de colaborador': '/colaborador/form', 'agendamento': '/agendamento', 'listar c...</msg>
<status status="PASS" starttime="20211114 23:49:21.687" endtime="20211114 23:49:21.694"/>
</kw>
<kw name="Get JSON" library="base">
<var>${config_json}</var>
<arg>config.json</arg>
<kw name="Get File" library="OperatingSystem">
<var>${file}</var>
<arg>${EXECDIR}/Files/${file_name}</arg>
<doc>Returns the contents of a specified file.</doc>
<msg timestamp="20211114 23:49:21.698" level="INFO" html="true">Getting file '&lt;a href="file:///home/m.calixta/Projeto sigsaúde/Files/config.json"&gt;/home/m.calixta/Projeto sigsaúde/Files/config.json&lt;/a&gt;'.</msg>
<msg timestamp="20211114 23:49:21.698" level="INFO">${file} = {
    "base_url":"http://177.20.147.8/sigsaude",
    "navegador":"chromium"
}</msg>
<status status="PASS" starttime="20211114 23:49:21.696" endtime="20211114 23:49:21.698"/>
</kw>
<kw name="Evaluate" library="BuiltIn">
<var>${super_var}</var>
<arg>json.loads($file)</arg>
<arg>json</arg>
<doc>Evaluates the given expression in Python and returns the result.</doc>
<msg timestamp="20211114 23:49:21.701" level="INFO">${super_var} = {'base_url': 'http://177.20.147.8/sigsaude', 'navegador': 'chromium'}</msg>
<status status="PASS" starttime="20211114 23:49:21.699" endtime="20211114 23:49:21.701"/>
</kw>
<msg timestamp="20211114 23:49:21.702" level="INFO">${config_json} = {'base_url': 'http://177.20.147.8/sigsaude', 'navegador': 'chromium'}</msg>
<status status="PASS" starttime="20211114 23:49:21.695" endtime="20211114 23:49:21.702"/>
</kw>
<kw name="Go To" library="Browser">
<arg>${config_json["base_url"]}${telas_json["${page}"]}</arg>
<tag>BrowserControl</tag>
<tag>Setter</tag>
<doc>Navigates to the given ``url``.</doc>
<msg timestamp="20211114 23:49:23.434" level="INFO">Succesfully opened URL http://177.20.147.8/sigsaude/especialidade/form</msg>
<status status="PASS" starttime="20211114 23:49:21.703" endtime="20211114 23:49:23.435"/>
</kw>
<status status="PASS" starttime="20211114 23:49:21.686" endtime="20211114 23:49:23.435"/>
</kw>
<status status="PASS" starttime="20211114 23:49:21.684" endtime="20211114 23:49:23.436"/>
</kw>
<status status="PASS" starttime="20211114 23:49:21.683" endtime="20211114 23:49:23.436"/>
</kw>
<status status="PASS" starttime="20211114 23:49:21.680" endtime="20211114 23:49:23.436"/>
</kw>
<kw name="E" library="bdd">
<arg>informar os dados cadastrais "Especialidade"</arg>
<kw name="Run Keyword" library="BuiltIn">
<arg>@{Keywords}</arg>
<doc>Executes the given keyword with the given arguments.</doc>
<kw name="informar os dados cadastrais &quot;Especialidade&quot;" library="cadastros" sourcename="informar os dados cadastrais &quot;${dados}&quot;">
<kw name="Get JSON" library="base">
<var>${dados_json}</var>
<arg>cadastros.json</arg>
<kw name="Get File" library="OperatingSystem">
<var>${file}</var>
<arg>${EXECDIR}/Files/${file_name}</arg>
<doc>Returns the contents of a specified file.</doc>
<msg timestamp="20211114 23:49:23.446" level="INFO" html="true">Getting file '&lt;a href="file:///home/m.calixta/Projeto sigsaúde/Files/cadastros.json"&gt;/home/m.calixta/Projeto sigsaúde/Files/cadastros.json&lt;/a&gt;'.</msg>
<msg timestamp="20211114 23:49:23.447" level="INFO">${file} = {

	"usuario de serviço": [
		{			
			"checkboxDesconheceNomeMae":"",
			"checkboxDesconheceNomePai":"",
			"checkboxNomeSocial":"",
			"checkboxGenero":"",
			"checkboxDeficiente":"",
			"inputCPF":"...</msg>
<status status="PASS" starttime="20211114 23:49:23.445" endtime="20211114 23:49:23.447"/>
</kw>
<kw name="Evaluate" library="BuiltIn">
<var>${super_var}</var>
<arg>json.loads($file)</arg>
<arg>json</arg>
<doc>Evaluates the given expression in Python and returns the result.</doc>
<msg timestamp="20211114 23:49:23.448" level="INFO">${super_var} = {'usuario de serviço': [{'checkboxDesconheceNomeMae': '', 'checkboxDesconheceNomePai': '', 'checkboxNomeSocial': '', 'checkboxGenero': '', 'checkboxDeficiente': '', 'inputCPF': '', 'inputIdentidade': ...</msg>
<status status="PASS" starttime="20211114 23:49:23.447" endtime="20211114 23:49:23.449"/>
</kw>
<msg timestamp="20211114 23:49:23.449" level="INFO">${dados_json} = {'usuario de serviço': [{'checkboxDesconheceNomeMae': '', 'checkboxDesconheceNomePai': '', 'checkboxNomeSocial': '', 'checkboxGenero': '', 'checkboxDeficiente': '', 'inputCPF': '', 'inputIdentidade': ...</msg>
<status status="PASS" starttime="20211114 23:49:23.444" endtime="20211114 23:49:23.449"/>
</kw>
<kw name="Set Variable" library="BuiltIn">
<var>${dados}</var>
<arg>${dados_json["${dados}"]}</arg>
<doc>Returns the given values which can then be assigned to a variables.</doc>
<msg timestamp="20211114 23:49:23.453" level="INFO">${dados} = [{'inputDenominacao': '', 'inputDescricao': ''}]</msg>
<status status="PASS" starttime="20211114 23:49:23.450" endtime="20211114 23:49:23.453"/>
</kw>
<for flavor="IN">
<var>${item}</var>
<value>@{dados}</value>
<iter>
<var name="${item}">{'inputDenominacao': '', 'inputDescricao': ''}</var>
<for flavor="IN">
<var>${key}</var>
<value>@{item.keys()}</value>
<iter>
<var name="${key}">inputDenominacao</var>
<kw name="Word" library="FakerLibrary">
<var>${aux}</var>
<doc>Generate a word.</doc>
<msg timestamp="20211114 23:49:23.458" level="INFO">${aux} = corrupti</msg>
<status status="PASS" starttime="20211114 23:49:23.458" endtime="20211114 23:49:23.459"/>
</kw>
<kw name="Type Text" library="Browser">
<arg>id=${key}</arg>
<arg>${aux}</arg>
<tag>PageContent</tag>
<tag>Setter</tag>
<doc>Types the given ``txt`` into the text field found by ``selector``.</doc>
<msg timestamp="20211114 23:49:23.460" level="INFO">Types the text 'corrupti' in the given field.</msg>
<status status="PASS" starttime="20211114 23:49:23.459" endtime="20211114 23:49:23.516"/>
</kw>
<status status="PASS" starttime="20211114 23:49:23.457" endtime="20211114 23:49:23.517"/>
</iter>
<iter>
<var name="${key}">inputDescricao</var>
<kw name="Word" library="FakerLibrary">
<var>${aux}</var>
<doc>Generate a word.</doc>
<msg timestamp="20211114 23:49:23.518" level="INFO">${aux} = voluptates</msg>
<status status="PASS" starttime="20211114 23:49:23.517" endtime="20211114 23:49:23.518"/>
</kw>
<kw name="Type Text" library="Browser">
<arg>id=${key}</arg>
<arg>${aux}</arg>
<tag>PageContent</tag>
<tag>Setter</tag>
<doc>Types the given ``txt`` into the text field found by ``selector``.</doc>
<msg timestamp="20211114 23:49:23.520" level="INFO">Types the text 'voluptates' in the given field.</msg>
<status status="PASS" starttime="20211114 23:49:23.519" endtime="20211114 23:49:23.567"/>
</kw>
<status status="PASS" starttime="20211114 23:49:23.517" endtime="20211114 23:49:23.567"/>
</iter>
<status status="PASS" starttime="20211114 23:49:23.454" endtime="20211114 23:49:23.567"/>
</for>
<status status="PASS" starttime="20211114 23:49:23.454" endtime="20211114 23:49:23.567"/>
</iter>
<status status="PASS" starttime="20211114 23:49:23.454" endtime="20211114 23:49:23.567"/>
</for>
<status status="PASS" starttime="20211114 23:49:23.440" endtime="20211114 23:49:23.568"/>
</kw>
<status status="PASS" starttime="20211114 23:49:23.439" endtime="20211114 23:49:23.568"/>
</kw>
<status status="PASS" starttime="20211114 23:49:23.437" endtime="20211114 23:49:23.569"/>
</kw>
<kw name="E" library="bdd">
<arg>selecione "TÉCNICO DE PRÓTESE DENTÁRIA" no campo "Profissão"</arg>
<kw name="Run Keyword" library="BuiltIn">
<arg>@{Keywords}</arg>
<doc>Executes the given keyword with the given arguments.</doc>
<kw name="selecione &quot;TÉCNICO DE PRÓTESE DENTÁRIA&quot; no campo &quot;Profissão&quot;" library="keywords_campos" sourcename="selecione &quot;${valor}&quot; no campo &quot;${campo}&quot;">
<kw name="Get JSON" library="base">
<var>${elementos_json}</var>
<arg>elementos.json</arg>
<kw name="Get File" library="OperatingSystem">
<var>${file}</var>
<arg>${EXECDIR}/Files/${file_name}</arg>
<doc>Returns the contents of a specified file.</doc>
<msg timestamp="20211114 23:49:23.578" level="INFO" html="true">Getting file '&lt;a href="file:///home/m.calixta/Projeto sigsaúde/Files/elementos.json"&gt;/home/m.calixta/Projeto sigsaúde/Files/elementos.json&lt;/a&gt;'.</msg>
<msg timestamp="20211114 23:49:23.578" level="INFO">${file} = {

    "Tipo Sanguíneo":"inputTipoSanguineo",
    "Cor/Raça":"selectCorRaca",
    "Sexo":"selectSexo",
    "Estado civil":"selectEstadoCivil",
    "País de nascimento":"inputPaisNascimento",
    "UF d...</msg>
<status status="PASS" starttime="20211114 23:49:23.577" endtime="20211114 23:49:23.578"/>
</kw>
<kw name="Evaluate" library="BuiltIn">
<var>${super_var}</var>
<arg>json.loads($file)</arg>
<arg>json</arg>
<doc>Evaluates the given expression in Python and returns the result.</doc>
<msg timestamp="20211114 23:49:23.580" level="INFO">${super_var} = {'Tipo Sanguíneo': 'inputTipoSanguineo', 'Cor/Raça': 'selectCorRaca', 'Sexo': 'selectSexo', 'Estado civil': 'selectEstadoCivil', 'País de nascimento': 'inputPaisNascimento', 'UF de nascimento': 'input...</msg>
<status status="PASS" starttime="20211114 23:49:23.579" endtime="20211114 23:49:23.580"/>
</kw>
<msg timestamp="20211114 23:49:23.581" level="INFO">${elementos_json} = {'Tipo Sanguíneo': 'inputTipoSanguineo', 'Cor/Raça': 'selectCorRaca', 'Sexo': 'selectSexo', 'Estado civil': 'selectEstadoCivil', 'País de nascimento': 'inputPaisNascimento', 'UF de nascimento': 'input...</msg>
<status status="PASS" starttime="20211114 23:49:23.575" endtime="20211114 23:49:23.581"/>
</kw>
<kw name="Select Options By" library="Browser">
<arg>id=${elementos_json["${campo}"]}</arg>
<arg>Text</arg>
<arg>${valor}</arg>
<tag>PageContent</tag>
<tag>Setter</tag>
<doc>Selects options from select element found by ``selector``.</doc>
<status status="PASS" starttime="20211114 23:49:23.582" endtime="20211114 23:49:23.606"/>
</kw>
<status status="PASS" starttime="20211114 23:49:23.573" endtime="20211114 23:49:23.606"/>
</kw>
<status status="PASS" starttime="20211114 23:49:23.572" endtime="20211114 23:49:23.606"/>
</kw>
<status status="PASS" starttime="20211114 23:49:23.570" endtime="20211114 23:49:23.607"/>
</kw>
<kw name="Quando" library="bdd">
<arg>clicar no "Avançar"</arg>
<kw name="Run Keyword" library="BuiltIn">
<arg>@{Keywords}</arg>
<doc>Executes the given keyword with the given arguments.</doc>
<kw name="clicar no &quot;Avançar&quot;" library="keywords_campos" sourcename="clicar no &quot;${botão}&quot;">
<kw name="Get JSON" library="base">
<var>${elementos_json}</var>
<arg>elementos.json</arg>
<kw name="Get File" library="OperatingSystem">
<var>${file}</var>
<arg>${EXECDIR}/Files/${file_name}</arg>
<doc>Returns the contents of a specified file.</doc>
<msg timestamp="20211114 23:49:23.617" level="INFO" html="true">Getting file '&lt;a href="file:///home/m.calixta/Projeto sigsaúde/Files/elementos.json"&gt;/home/m.calixta/Projeto sigsaúde/Files/elementos.json&lt;/a&gt;'.</msg>
<msg timestamp="20211114 23:49:23.617" level="INFO">${file} = {

    "Tipo Sanguíneo":"inputTipoSanguineo",
    "Cor/Raça":"selectCorRaca",
    "Sexo":"selectSexo",
    "Estado civil":"selectEstadoCivil",
    "País de nascimento":"inputPaisNascimento",
    "UF d...</msg>
<status status="PASS" starttime="20211114 23:49:23.615" endtime="20211114 23:49:23.617"/>
</kw>
<kw name="Evaluate" library="BuiltIn">
<var>${super_var}</var>
<arg>json.loads($file)</arg>
<arg>json</arg>
<doc>Evaluates the given expression in Python and returns the result.</doc>
<msg timestamp="20211114 23:49:23.620" level="INFO">${super_var} = {'Tipo Sanguíneo': 'inputTipoSanguineo', 'Cor/Raça': 'selectCorRaca', 'Sexo': 'selectSexo', 'Estado civil': 'selectEstadoCivil', 'País de nascimento': 'inputPaisNascimento', 'UF de nascimento': 'input...</msg>
<status status="PASS" starttime="20211114 23:49:23.618" endtime="20211114 23:49:23.620"/>
</kw>
<msg timestamp="20211114 23:49:23.621" level="INFO">${elementos_json} = {'Tipo Sanguíneo': 'inputTipoSanguineo', 'Cor/Raça': 'selectCorRaca', 'Sexo': 'selectSexo', 'Estado civil': 'selectEstadoCivil', 'País de nascimento': 'inputPaisNascimento', 'UF de nascimento': 'input...</msg>
<status status="PASS" starttime="20211114 23:49:23.613" endtime="20211114 23:49:23.621"/>
</kw>
<kw name="Click" library="Browser">
<arg>id=${elementos_json["${botão}"]}</arg>
<tag>PageContent</tag>
<tag>Setter</tag>
<doc>Simulates mouse click on the element found by ``selector``.</doc>
<status status="PASS" starttime="20211114 23:49:23.622" endtime="20211114 23:49:23.697"/>
</kw>
<status status="PASS" starttime="20211114 23:49:23.612" endtime="20211114 23:49:23.698"/>
</kw>
<status status="PASS" starttime="20211114 23:49:23.611" endtime="20211114 23:49:23.698"/>
</kw>
<status status="PASS" starttime="20211114 23:49:23.608" endtime="20211114 23:49:23.699"/>
</kw>
<kw name="E" library="bdd">
<arg>clicar no "Finalizar"</arg>
<kw name="Run Keyword" library="BuiltIn">
<arg>@{Keywords}</arg>
<doc>Executes the given keyword with the given arguments.</doc>
<kw name="clicar no &quot;Finalizar&quot;" library="keywords_campos" sourcename="clicar no &quot;${botão}&quot;">
<kw name="Get JSON" library="base">
<var>${elementos_json}</var>
<arg>elementos.json</arg>
<kw name="Get File" library="OperatingSystem">
<var>${file}</var>
<arg>${EXECDIR}/Files/${file_name}</arg>
<doc>Returns the contents of a specified file.</doc>
<msg timestamp="20211114 23:49:23.708" level="INFO" html="true">Getting file '&lt;a href="file:///home/m.calixta/Projeto sigsaúde/Files/elementos.json"&gt;/home/m.calixta/Projeto sigsaúde/Files/elementos.json&lt;/a&gt;'.</msg>
<msg timestamp="20211114 23:49:23.708" level="INFO">${file} = {

    "Tipo Sanguíneo":"inputTipoSanguineo",
    "Cor/Raça":"selectCorRaca",
    "Sexo":"selectSexo",
    "Estado civil":"selectEstadoCivil",
    "País de nascimento":"inputPaisNascimento",
    "UF d...</msg>
<status status="PASS" starttime="20211114 23:49:23.706" endtime="20211114 23:49:23.708"/>
</kw>
<kw name="Evaluate" library="BuiltIn">
<var>${super_var}</var>
<arg>json.loads($file)</arg>
<arg>json</arg>
<doc>Evaluates the given expression in Python and returns the result.</doc>
<msg timestamp="20211114 23:49:23.711" level="INFO">${super_var} = {'Tipo Sanguíneo': 'inputTipoSanguineo', 'Cor/Raça': 'selectCorRaca', 'Sexo': 'selectSexo', 'Estado civil': 'selectEstadoCivil', 'País de nascimento': 'inputPaisNascimento', 'UF de nascimento': 'input...</msg>
<status status="PASS" starttime="20211114 23:49:23.709" endtime="20211114 23:49:23.711"/>
</kw>
<msg timestamp="20211114 23:49:23.712" level="INFO">${elementos_json} = {'Tipo Sanguíneo': 'inputTipoSanguineo', 'Cor/Raça': 'selectCorRaca', 'Sexo': 'selectSexo', 'Estado civil': 'selectEstadoCivil', 'País de nascimento': 'inputPaisNascimento', 'UF de nascimento': 'input...</msg>
<status status="PASS" starttime="20211114 23:49:23.704" endtime="20211114 23:49:23.712"/>
</kw>
<kw name="Click" library="Browser">
<arg>id=${elementos_json["${botão}"]}</arg>
<tag>PageContent</tag>
<tag>Setter</tag>
<doc>Simulates mouse click on the element found by ``selector``.</doc>
<status status="PASS" starttime="20211114 23:49:23.712" endtime="20211114 23:49:24.219"/>
</kw>
<status status="PASS" starttime="20211114 23:49:23.702" endtime="20211114 23:49:24.220"/>
</kw>
<status status="PASS" starttime="20211114 23:49:23.701" endtime="20211114 23:49:24.221"/>
</kw>
<status status="PASS" starttime="20211114 23:49:23.699" endtime="20211114 23:49:24.221"/>
</kw>
<kw name="Então" library="bdd">
<arg>mensagem de cadastro realizado com sucesso</arg>
<kw name="Run Keyword" library="BuiltIn">
<arg>@{Keywords}</arg>
<doc>Executes the given keyword with the given arguments.</doc>
<kw name="mensagem de cadastro realizado com sucesso" library="keywords_campos">
<kw name="Wait For Elements State" library="Browser">
<arg>xpath=/html/body/div[2]/div</arg>
<arg>visible</arg>
<tag>PageContent</tag>
<tag>Wait</tag>
<doc>Waits for the element found by ``selector`` to satisfy state option.</doc>
<msg timestamp="20211114 23:49:25.326" level="INFO">Wait for Element with selector: xpath=/html/body/div[2]/div</msg>
<status status="PASS" starttime="20211114 23:49:24.229" endtime="20211114 23:49:25.326"/>
</kw>
<kw name="Click" library="Browser">
<arg>xpath=/html/body/div[2]/div/div[3]/div/button</arg>
<tag>PageContent</tag>
<tag>Setter</tag>
<doc>Simulates mouse click on the element found by ``selector``.</doc>
<status status="PASS" starttime="20211114 23:49:25.327" endtime="20211114 23:49:25.699"/>
</kw>
<status status="PASS" starttime="20211114 23:49:24.227" endtime="20211114 23:49:25.700"/>
</kw>
<status status="PASS" starttime="20211114 23:49:24.225" endtime="20211114 23:49:25.700"/>
</kw>
<status status="PASS" starttime="20211114 23:49:24.222" endtime="20211114 23:49:25.701"/>
</kw>
<kw name="Sleep" library="BuiltIn">
<arg>20s</arg>
<doc>Pauses the test executed for the given time.</doc>
<msg timestamp="20211114 23:49:45.706" level="INFO">Slept 20 seconds</msg>
<status status="PASS" starttime="20211114 23:49:25.703" endtime="20211114 23:49:45.707"/>
</kw>
<status status="PASS" starttime="20211114 23:49:21.661" endtime="20211114 23:49:45.710"/>
</test>
<doc>Teste Agendamento</doc>
<status status="PASS" starttime="20211114 23:49:11.662" endtime="20211114 23:49:45.737"/>
</suite>
<statistics>
<total>
<stat pass="1" fail="0" skip="0">All Tests</stat>
</total>
<tag>
</tag>
<suite>
<stat pass="1" fail="0" skip="0" id="s1" name="7 - Especialidade">7 - Especialidade</stat>
</suite>
</statistics>
<errors>
</errors>
</robot>
