<?xml version="1.0" encoding="UTF-8"?>
<robot generator="Robot 4.0.3 (Python 3.8.10 on linux)" generated="20211204 20:49:04.336" rpa="false" schemaversion="2">
<suite id="s1" name="9 - Profissional" source="/home/m.calixta/Projeto sigsaúde/Tests/9 - Profissional.robot">
<kw name="iniciar navegador sessão &quot;Endocrinologia&quot;" library="base" type="SETUP" sourcename="iniciar navegador sessão &quot;${login_usuario}&quot;">
<kw name="iniciar Navegador" library="base">
<kw name="Get JSON" library="base">
<var>${config_json}</var>
<arg>config.json</arg>
<kw name="Get File" library="OperatingSystem">
<var>${file}</var>
<arg>${EXECDIR}/Files/${file_name}</arg>
<doc>Returns the contents of a specified file.</doc>
<msg timestamp="20211204 20:49:05.729" level="INFO" html="true">Getting file '&lt;a href="file:///home/m.calixta/Projeto sigsaúde/Files/config.json"&gt;/home/m.calixta/Projeto sigsaúde/Files/config.json&lt;/a&gt;'.</msg>
<msg timestamp="20211204 20:49:05.730" level="INFO">${file} = {
    "base_url":"https://homologacaosigsaude.imd.ufrn.br/sigsaude",
    "navegador":"chromium"
}</msg>
<status status="PASS" starttime="20211204 20:49:05.728" endtime="20211204 20:49:05.730"/>
</kw>
<kw name="Evaluate" library="BuiltIn">
<var>${super_var}</var>
<arg>json.loads($file)</arg>
<arg>json</arg>
<doc>Evaluates the given expression in Python and returns the result.</doc>
<msg timestamp="20211204 20:49:05.743" level="INFO">${super_var} = {'base_url': 'https://homologacaosigsaude.imd.ufrn.br/sigsaude', 'navegador': 'chromium'}</msg>
<status status="PASS" starttime="20211204 20:49:05.731" endtime="20211204 20:49:05.743"/>
</kw>
<msg timestamp="20211204 20:49:05.744" level="INFO">${config_json} = {'base_url': 'https://homologacaosigsaude.imd.ufrn.br/sigsaude', 'navegador': 'chromium'}</msg>
<status status="PASS" starttime="20211204 20:49:05.727" endtime="20211204 20:49:05.744"/>
</kw>
<kw name="New Browser" library="Browser">
<arg>${config_json["navegador"]}</arg>
<arg>False</arg>
<tag>BrowserControl</tag>
<tag>Setter</tag>
<doc>Create a new playwright Browser with specified options.
See `Browser, Context and Page` for more information about Browser and related concepts.</doc>
<msg timestamp="20211204 20:49:05.748" level="INFO">{"browser": "chromium", "headless": false, "handleSIGINT": true, "handleSIGTERM": true, "handleSIGHUP": true, "timeout": 30000.0, "devtools": false, "slowMo": 0.0}</msg>
<msg timestamp="20211204 20:49:05.970" level="INFO">Successfully created browser with options: {"browser":"chromium","headless":false,"handleSIGINT":true,"handleSIGTERM":true,"handleSIGHUP":true,"timeout":30000,"devtools":false,"slowMo":0}</msg>
<status status="PASS" starttime="20211204 20:49:05.745" endtime="20211204 20:49:05.970"/>
</kw>
<status status="PASS" starttime="20211204 20:49:05.726" endtime="20211204 20:49:05.971"/>
</kw>
<kw name="Get JSON" library="base">
<var>${config_json}</var>
<arg>config.json</arg>
<kw name="Get File" library="OperatingSystem">
<var>${file}</var>
<arg>${EXECDIR}/Files/${file_name}</arg>
<doc>Returns the contents of a specified file.</doc>
<msg timestamp="20211204 20:49:05.974" level="INFO" html="true">Getting file '&lt;a href="file:///home/m.calixta/Projeto sigsaúde/Files/config.json"&gt;/home/m.calixta/Projeto sigsaúde/Files/config.json&lt;/a&gt;'.</msg>
<msg timestamp="20211204 20:49:05.974" level="INFO">${file} = {
    "base_url":"https://homologacaosigsaude.imd.ufrn.br/sigsaude",
    "navegador":"chromium"
}</msg>
<status status="PASS" starttime="20211204 20:49:05.973" endtime="20211204 20:49:05.974"/>
</kw>
<kw name="Evaluate" library="BuiltIn">
<var>${super_var}</var>
<arg>json.loads($file)</arg>
<arg>json</arg>
<doc>Evaluates the given expression in Python and returns the result.</doc>
<msg timestamp="20211204 20:49:05.976" level="INFO">${super_var} = {'base_url': 'https://homologacaosigsaude.imd.ufrn.br/sigsaude', 'navegador': 'chromium'}</msg>
<status status="PASS" starttime="20211204 20:49:05.975" endtime="20211204 20:49:05.976"/>
</kw>
<msg timestamp="20211204 20:49:05.977" level="INFO">${config_json} = {'base_url': 'https://homologacaosigsaude.imd.ufrn.br/sigsaude', 'navegador': 'chromium'}</msg>
<status status="PASS" starttime="20211204 20:49:05.972" endtime="20211204 20:49:05.977"/>
</kw>
<kw name="New Page" library="Browser">
<arg>${config_json["base_url"]}</arg>
<tag>BrowserControl</tag>
<tag>Setter</tag>
<doc>Open a new Page. A Page is the Playwright equivalent to a tab.
See `Browser, Context and Page` for more information about Page concept.
Returns a stable identifier for the created page.</doc>
<msg timestamp="20211204 20:49:10.881" level="INFO">Successfully initialized new page object and opened url: https://homologacaosigsaude.imd.ufrn.br/sigsaude</msg>
<msg timestamp="20211204 20:49:10.881" level="INFO">No context was open. New context was automatically opened when this page is created.</msg>
<status status="PASS" starttime="20211204 20:49:05.978" endtime="20211204 20:49:10.882"/>
</kw>
<kw name="Direcionamento da tela &quot;login&quot;" library="nav" sourcename="Direcionamento da tela &quot;${page}&quot;">
<kw name="Get JSON" library="base">
<var>${telas_json}</var>
<arg>telas.json</arg>
<kw name="Get File" library="OperatingSystem">
<var>${file}</var>
<arg>${EXECDIR}/Files/${file_name}</arg>
<doc>Returns the contents of a specified file.</doc>
<msg timestamp="20211204 20:49:10.890" level="INFO" html="true">Getting file '&lt;a href="file:///home/m.calixta/Projeto sigsaúde/Files/telas.json"&gt;/home/m.calixta/Projeto sigsaúde/Files/telas.json&lt;/a&gt;'.</msg>
<msg timestamp="20211204 20:49:10.890" level="INFO">${file} = {
    "login":"/login",
    "novo usuario de serviço":"/paciente/cadastro",
    "listar usuarios de serviço":"/paciente",
    "cadastro de colaborador":"/colaborador/form",
    "agendamento":"/agendam...</msg>
<status status="PASS" starttime="20211204 20:49:10.888" endtime="20211204 20:49:10.890"/>
</kw>
<kw name="Evaluate" library="BuiltIn">
<var>${super_var}</var>
<arg>json.loads($file)</arg>
<arg>json</arg>
<doc>Evaluates the given expression in Python and returns the result.</doc>
<msg timestamp="20211204 20:49:10.893" level="INFO">${super_var} = {'login': '/login', 'novo usuario de serviço': '/paciente/cadastro', 'listar usuarios de serviço': '/paciente', 'cadastro de colaborador': '/colaborador/form', 'agendamento': '/agendamento', 'listar c...</msg>
<status status="PASS" starttime="20211204 20:49:10.891" endtime="20211204 20:49:10.893"/>
</kw>
<msg timestamp="20211204 20:49:10.894" level="INFO">${telas_json} = {'login': '/login', 'novo usuario de serviço': '/paciente/cadastro', 'listar usuarios de serviço': '/paciente', 'cadastro de colaborador': '/colaborador/form', 'agendamento': '/agendamento', 'listar c...</msg>
<status status="PASS" starttime="20211204 20:49:10.886" endtime="20211204 20:49:10.894"/>
</kw>
<kw name="Get JSON" library="base">
<var>${config_json}</var>
<arg>config.json</arg>
<kw name="Get File" library="OperatingSystem">
<var>${file}</var>
<arg>${EXECDIR}/Files/${file_name}</arg>
<doc>Returns the contents of a specified file.</doc>
<msg timestamp="20211204 20:49:10.897" level="INFO" html="true">Getting file '&lt;a href="file:///home/m.calixta/Projeto sigsaúde/Files/config.json"&gt;/home/m.calixta/Projeto sigsaúde/Files/config.json&lt;/a&gt;'.</msg>
<msg timestamp="20211204 20:49:10.898" level="INFO">${file} = {
    "base_url":"https://homologacaosigsaude.imd.ufrn.br/sigsaude",
    "navegador":"chromium"
}</msg>
<status status="PASS" starttime="20211204 20:49:10.896" endtime="20211204 20:49:10.898"/>
</kw>
<kw name="Evaluate" library="BuiltIn">
<var>${super_var}</var>
<arg>json.loads($file)</arg>
<arg>json</arg>
<doc>Evaluates the given expression in Python and returns the result.</doc>
<msg timestamp="20211204 20:49:10.900" level="INFO">${super_var} = {'base_url': 'https://homologacaosigsaude.imd.ufrn.br/sigsaude', 'navegador': 'chromium'}</msg>
<status status="PASS" starttime="20211204 20:49:10.899" endtime="20211204 20:49:10.900"/>
</kw>
<msg timestamp="20211204 20:49:10.901" level="INFO">${config_json} = {'base_url': 'https://homologacaosigsaude.imd.ufrn.br/sigsaude', 'navegador': 'chromium'}</msg>
<status status="PASS" starttime="20211204 20:49:10.894" endtime="20211204 20:49:10.901"/>
</kw>
<kw name="Go To" library="Browser">
<arg>${config_json["base_url"]}${telas_json["${page}"]}</arg>
<tag>BrowserControl</tag>
<tag>Setter</tag>
<doc>Navigates to the given ``url``.</doc>
<msg timestamp="20211204 20:49:11.834" level="INFO">Succesfully opened URL https://homologacaosigsaude.imd.ufrn.br/sigsaude/login</msg>
<status status="PASS" starttime="20211204 20:49:10.902" endtime="20211204 20:49:11.835"/>
</kw>
<status status="PASS" starttime="20211204 20:49:10.884" endtime="20211204 20:49:11.837"/>
</kw>
<kw name="Get JSON" library="base">
<var>${login_json}</var>
<arg>login.json</arg>
<kw name="Get File" library="OperatingSystem">
<var>${file}</var>
<arg>${EXECDIR}/Files/${file_name}</arg>
<doc>Returns the contents of a specified file.</doc>
<msg timestamp="20211204 20:49:11.845" level="INFO" html="true">Getting file '&lt;a href="file:///home/m.calixta/Projeto sigsaúde/Files/login.json"&gt;/home/m.calixta/Projeto sigsaúde/Files/login.json&lt;/a&gt;'.</msg>
<msg timestamp="20211204 20:49:11.846" level="INFO">${file} = {

    "Psicologia":{
        "login": "drpsicologia",
        "senha": 85278120029
    },

    "Endocrinologia":{
        "login": "drendocrinologia",
        "senha": 98841863323
    }
}</msg>
<status status="PASS" starttime="20211204 20:49:11.842" endtime="20211204 20:49:11.846"/>
</kw>
<kw name="Evaluate" library="BuiltIn">
<var>${super_var}</var>
<arg>json.loads($file)</arg>
<arg>json</arg>
<doc>Evaluates the given expression in Python and returns the result.</doc>
<msg timestamp="20211204 20:49:11.851" level="INFO">${super_var} = {'Psicologia': {'login': 'drpsicologia', 'senha': 85278120029}, 'Endocrinologia': {'login': 'drendocrinologia', 'senha': 98841863323}}</msg>
<status status="PASS" starttime="20211204 20:49:11.848" endtime="20211204 20:49:11.851"/>
</kw>
<msg timestamp="20211204 20:49:11.853" level="INFO">${login_json} = {'Psicologia': {'login': 'drpsicologia', 'senha': 85278120029}, 'Endocrinologia': {'login': 'drendocrinologia', 'senha': 98841863323}}</msg>
<status status="PASS" starttime="20211204 20:49:11.838" endtime="20211204 20:49:11.853"/>
</kw>
<kw name="Fill Text" library="Browser">
<arg>id=login-username</arg>
<arg>${login_json["${login_usuario}"]["login"]}</arg>
<tag>PageContent</tag>
<tag>Setter</tag>
<doc>Clears and fills the given ``text`` into the text field found by ``selector``.</doc>
<msg timestamp="20211204 20:49:11.862" level="INFO">Fills the text 'drendocrinologia' in the given field.</msg>
<status status="PASS" starttime="20211204 20:49:11.855" endtime="20211204 20:49:11.903"/>
</kw>
<kw name="Fill Text" library="Browser">
<arg>id=login-password</arg>
<arg>${login_json["${login_usuario}"]["senha"]}</arg>
<tag>PageContent</tag>
<tag>Setter</tag>
<doc>Clears and fills the given ``text`` into the text field found by ``selector``.</doc>
<msg timestamp="20211204 20:49:11.907" level="INFO">Fills the text '98841863323' in the given field.</msg>
<status status="PASS" starttime="20211204 20:49:11.904" endtime="20211204 20:49:11.925"/>
</kw>
<kw name="Click" library="Browser">
<arg>css=[value='Entrar']</arg>
<tag>PageContent</tag>
<tag>Setter</tag>
<doc>Simulates mouse click on the element found by ``selector``.</doc>
<status status="PASS" starttime="20211204 20:49:11.925" endtime="20211204 20:49:12.608"/>
</kw>
<status status="PASS" starttime="20211204 20:49:05.725" endtime="20211204 20:49:12.609"/>
</kw>
<test id="s1-t1" name="[001] -Cadastro de profissional (Completo)">
<kw name="Dado" library="bdd">
<arg>que o usuario está na tela "cadastro profissional"</arg>
<kw name="Run Keyword" library="BuiltIn">
<arg>@{Keywords}</arg>
<doc>Executes the given keyword with the given arguments.</doc>
<kw name="que o usuario está na tela &quot;cadastro profissional&quot;" library="nav" sourcename="que o usuario está na tela &quot;${tela}&quot;">
<kw name="Direcionamento da tela &quot;${tela}&quot;" library="nav" sourcename="Direcionamento da tela &quot;${page}&quot;">
<kw name="Get JSON" library="base">
<var>${telas_json}</var>
<arg>telas.json</arg>
<kw name="Get File" library="OperatingSystem">
<var>${file}</var>
<arg>${EXECDIR}/Files/${file_name}</arg>
<doc>Returns the contents of a specified file.</doc>
<msg timestamp="20211204 20:49:12.640" level="INFO" html="true">Getting file '&lt;a href="file:///home/m.calixta/Projeto sigsaúde/Files/telas.json"&gt;/home/m.calixta/Projeto sigsaúde/Files/telas.json&lt;/a&gt;'.</msg>
<msg timestamp="20211204 20:49:12.641" level="INFO">${file} = {
    "login":"/login",
    "novo usuario de serviço":"/paciente/cadastro",
    "listar usuarios de serviço":"/paciente",
    "cadastro de colaborador":"/colaborador/form",
    "agendamento":"/agendam...</msg>
<status status="PASS" starttime="20211204 20:49:12.639" endtime="20211204 20:49:12.641"/>
</kw>
<kw name="Evaluate" library="BuiltIn">
<var>${super_var}</var>
<arg>json.loads($file)</arg>
<arg>json</arg>
<doc>Evaluates the given expression in Python and returns the result.</doc>
<msg timestamp="20211204 20:49:12.643" level="INFO">${super_var} = {'login': '/login', 'novo usuario de serviço': '/paciente/cadastro', 'listar usuarios de serviço': '/paciente', 'cadastro de colaborador': '/colaborador/form', 'agendamento': '/agendamento', 'listar c...</msg>
<status status="PASS" starttime="20211204 20:49:12.642" endtime="20211204 20:49:12.643"/>
</kw>
<msg timestamp="20211204 20:49:12.644" level="INFO">${telas_json} = {'login': '/login', 'novo usuario de serviço': '/paciente/cadastro', 'listar usuarios de serviço': '/paciente', 'cadastro de colaborador': '/colaborador/form', 'agendamento': '/agendamento', 'listar c...</msg>
<status status="PASS" starttime="20211204 20:49:12.638" endtime="20211204 20:49:12.644"/>
</kw>
<kw name="Get JSON" library="base">
<var>${config_json}</var>
<arg>config.json</arg>
<kw name="Get File" library="OperatingSystem">
<var>${file}</var>
<arg>${EXECDIR}/Files/${file_name}</arg>
<doc>Returns the contents of a specified file.</doc>
<msg timestamp="20211204 20:49:12.646" level="INFO" html="true">Getting file '&lt;a href="file:///home/m.calixta/Projeto sigsaúde/Files/config.json"&gt;/home/m.calixta/Projeto sigsaúde/Files/config.json&lt;/a&gt;'.</msg>
<msg timestamp="20211204 20:49:12.647" level="INFO">${file} = {
    "base_url":"https://homologacaosigsaude.imd.ufrn.br/sigsaude",
    "navegador":"chromium"
}</msg>
<status status="PASS" starttime="20211204 20:49:12.646" endtime="20211204 20:49:12.647"/>
</kw>
<kw name="Evaluate" library="BuiltIn">
<var>${super_var}</var>
<arg>json.loads($file)</arg>
<arg>json</arg>
<doc>Evaluates the given expression in Python and returns the result.</doc>
<msg timestamp="20211204 20:49:12.649" level="INFO">${super_var} = {'base_url': 'https://homologacaosigsaude.imd.ufrn.br/sigsaude', 'navegador': 'chromium'}</msg>
<status status="PASS" starttime="20211204 20:49:12.647" endtime="20211204 20:49:12.649"/>
</kw>
<msg timestamp="20211204 20:49:12.649" level="INFO">${config_json} = {'base_url': 'https://homologacaosigsaude.imd.ufrn.br/sigsaude', 'navegador': 'chromium'}</msg>
<status status="PASS" starttime="20211204 20:49:12.644" endtime="20211204 20:49:12.650"/>
</kw>
<kw name="Go To" library="Browser">
<arg>${config_json["base_url"]}${telas_json["${page}"]}</arg>
<tag>BrowserControl</tag>
<tag>Setter</tag>
<doc>Navigates to the given ``url``.</doc>
<msg timestamp="20211204 20:49:15.106" level="INFO">Succesfully opened URL https://homologacaosigsaude.imd.ufrn.br/sigsaude/profissionalSaude/form</msg>
<status status="PASS" starttime="20211204 20:49:12.650" endtime="20211204 20:49:15.107"/>
</kw>
<status status="PASS" starttime="20211204 20:49:12.636" endtime="20211204 20:49:15.107"/>
</kw>
<status status="PASS" starttime="20211204 20:49:12.635" endtime="20211204 20:49:15.108"/>
</kw>
<status status="PASS" starttime="20211204 20:49:12.633" endtime="20211204 20:49:15.108"/>
</kw>
<status status="PASS" starttime="20211204 20:49:12.631" endtime="20211204 20:49:15.109"/>
</kw>
<kw name="E" library="bdd">
<arg>preenchido o "Nome profissional" com o "Teste automatizado"</arg>
<kw name="Run Keyword" library="BuiltIn">
<arg>@{Keywords}</arg>
<doc>Executes the given keyword with the given arguments.</doc>
<kw name="preenchido o &quot;Nome profissional&quot; com o &quot;Teste automatizado&quot;" library="keywords_campos" sourcename="preenchido o &quot;${campo}&quot; com o &quot;${valor}&quot;">
<kw name="Get JSON" library="base">
<var>${elementos_json}</var>
<arg>elementos.json</arg>
<kw name="Get File" library="OperatingSystem">
<var>${file}</var>
<arg>${EXECDIR}/Files/${file_name}</arg>
<doc>Returns the contents of a specified file.</doc>
<msg timestamp="20211204 20:49:15.122" level="INFO" html="true">Getting file '&lt;a href="file:///home/m.calixta/Projeto sigsaúde/Files/elementos.json"&gt;/home/m.calixta/Projeto sigsaúde/Files/elementos.json&lt;/a&gt;'.</msg>
<msg timestamp="20211204 20:49:15.123" level="INFO">${file} = {

    "Tipo Sanguíneo":"inputTipoSanguineo",
    "Cor/Raça":"selectCorRaca",
    "Sexo":"selectSexo",
    "Estado civil":"selectEstadoCivil",
    "País de nascimento":"inputPaisNascimento",
    "UF d...</msg>
<status status="PASS" starttime="20211204 20:49:15.119" endtime="20211204 20:49:15.123"/>
</kw>
<kw name="Evaluate" library="BuiltIn">
<var>${super_var}</var>
<arg>json.loads($file)</arg>
<arg>json</arg>
<doc>Evaluates the given expression in Python and returns the result.</doc>
<msg timestamp="20211204 20:49:15.126" level="INFO">${super_var} = {'Tipo Sanguíneo': 'inputTipoSanguineo', 'Cor/Raça': 'selectCorRaca', 'Sexo': 'selectSexo', 'Estado civil': 'selectEstadoCivil', 'País de nascimento': 'inputPaisNascimento', 'UF de nascimento': 'input...</msg>
<status status="PASS" starttime="20211204 20:49:15.124" endtime="20211204 20:49:15.126"/>
</kw>
<msg timestamp="20211204 20:49:15.127" level="INFO">${elementos_json} = {'Tipo Sanguíneo': 'inputTipoSanguineo', 'Cor/Raça': 'selectCorRaca', 'Sexo': 'selectSexo', 'Estado civil': 'selectEstadoCivil', 'País de nascimento': 'inputPaisNascimento', 'UF de nascimento': 'input...</msg>
<status status="PASS" starttime="20211204 20:49:15.116" endtime="20211204 20:49:15.127"/>
</kw>
<kw name="Type Text" library="Browser">
<arg>id=${elementos_json["${campo}"]}</arg>
<arg>${valor}</arg>
<tag>PageContent</tag>
<tag>Setter</tag>
<doc>Types the given ``txt`` into the text field found by ``selector``.</doc>
<msg timestamp="20211204 20:49:15.135" level="INFO">Types the text 'Teste automatizado' in the given field.</msg>
<status status="PASS" starttime="20211204 20:49:15.129" endtime="20211204 20:49:15.228"/>
</kw>
<status status="PASS" starttime="20211204 20:49:15.114" endtime="20211204 20:49:15.229"/>
</kw>
<status status="PASS" starttime="20211204 20:49:15.112" endtime="20211204 20:49:15.229"/>
</kw>
<status status="PASS" starttime="20211204 20:49:15.110" endtime="20211204 20:49:15.229"/>
</kw>
<kw name="E" library="bdd">
<arg>preenchido o "CPF profissional" com o "31256322180"</arg>
<kw name="Run Keyword" library="BuiltIn">
<arg>@{Keywords}</arg>
<doc>Executes the given keyword with the given arguments.</doc>
<kw name="preenchido o &quot;CPF profissional&quot; com o &quot;31256322180&quot;" library="keywords_campos" sourcename="preenchido o &quot;${campo}&quot; com o &quot;${valor}&quot;">
<kw name="Get JSON" library="base">
<var>${elementos_json}</var>
<arg>elementos.json</arg>
<kw name="Get File" library="OperatingSystem">
<var>${file}</var>
<arg>${EXECDIR}/Files/${file_name}</arg>
<doc>Returns the contents of a specified file.</doc>
<msg timestamp="20211204 20:49:15.240" level="INFO" html="true">Getting file '&lt;a href="file:///home/m.calixta/Projeto sigsaúde/Files/elementos.json"&gt;/home/m.calixta/Projeto sigsaúde/Files/elementos.json&lt;/a&gt;'.</msg>
<msg timestamp="20211204 20:49:15.240" level="INFO">${file} = {

    "Tipo Sanguíneo":"inputTipoSanguineo",
    "Cor/Raça":"selectCorRaca",
    "Sexo":"selectSexo",
    "Estado civil":"selectEstadoCivil",
    "País de nascimento":"inputPaisNascimento",
    "UF d...</msg>
<status status="PASS" starttime="20211204 20:49:15.238" endtime="20211204 20:49:15.240"/>
</kw>
<kw name="Evaluate" library="BuiltIn">
<var>${super_var}</var>
<arg>json.loads($file)</arg>
<arg>json</arg>
<doc>Evaluates the given expression in Python and returns the result.</doc>
<msg timestamp="20211204 20:49:15.242" level="INFO">${super_var} = {'Tipo Sanguíneo': 'inputTipoSanguineo', 'Cor/Raça': 'selectCorRaca', 'Sexo': 'selectSexo', 'Estado civil': 'selectEstadoCivil', 'País de nascimento': 'inputPaisNascimento', 'UF de nascimento': 'input...</msg>
<status status="PASS" starttime="20211204 20:49:15.241" endtime="20211204 20:49:15.242"/>
</kw>
<msg timestamp="20211204 20:49:15.243" level="INFO">${elementos_json} = {'Tipo Sanguíneo': 'inputTipoSanguineo', 'Cor/Raça': 'selectCorRaca', 'Sexo': 'selectSexo', 'Estado civil': 'selectEstadoCivil', 'País de nascimento': 'inputPaisNascimento', 'UF de nascimento': 'input...</msg>
<status status="PASS" starttime="20211204 20:49:15.237" endtime="20211204 20:49:15.244"/>
</kw>
<kw name="Type Text" library="Browser">
<arg>id=${elementos_json["${campo}"]}</arg>
<arg>${valor}</arg>
<tag>PageContent</tag>
<tag>Setter</tag>
<doc>Types the given ``txt`` into the text field found by ``selector``.</doc>
<msg timestamp="20211204 20:49:15.250" level="INFO">Types the text '31256322180' in the given field.</msg>
<status status="PASS" starttime="20211204 20:49:15.245" endtime="20211204 20:49:15.335"/>
</kw>
<status status="PASS" starttime="20211204 20:49:15.235" endtime="20211204 20:49:15.336"/>
</kw>
<status status="PASS" starttime="20211204 20:49:15.233" endtime="20211204 20:49:15.336"/>
</kw>
<status status="PASS" starttime="20211204 20:49:15.230" endtime="20211204 20:49:15.336"/>
</kw>
<kw name="E" library="bdd">
<arg>preenchido o "Login" com o "teste_auto_um"</arg>
<kw name="Run Keyword" library="BuiltIn">
<arg>@{Keywords}</arg>
<doc>Executes the given keyword with the given arguments.</doc>
<kw name="preenchido o &quot;Login&quot; com o &quot;teste_auto_um&quot;" library="keywords_campos" sourcename="preenchido o &quot;${campo}&quot; com o &quot;${valor}&quot;">
<kw name="Get JSON" library="base">
<var>${elementos_json}</var>
<arg>elementos.json</arg>
<kw name="Get File" library="OperatingSystem">
<var>${file}</var>
<arg>${EXECDIR}/Files/${file_name}</arg>
<doc>Returns the contents of a specified file.</doc>
<msg timestamp="20211204 20:49:15.343" level="INFO" html="true">Getting file '&lt;a href="file:///home/m.calixta/Projeto sigsaúde/Files/elementos.json"&gt;/home/m.calixta/Projeto sigsaúde/Files/elementos.json&lt;/a&gt;'.</msg>
<msg timestamp="20211204 20:49:15.344" level="INFO">${file} = {

    "Tipo Sanguíneo":"inputTipoSanguineo",
    "Cor/Raça":"selectCorRaca",
    "Sexo":"selectSexo",
    "Estado civil":"selectEstadoCivil",
    "País de nascimento":"inputPaisNascimento",
    "UF d...</msg>
<status status="PASS" starttime="20211204 20:49:15.342" endtime="20211204 20:49:15.344"/>
</kw>
<kw name="Evaluate" library="BuiltIn">
<var>${super_var}</var>
<arg>json.loads($file)</arg>
<arg>json</arg>
<doc>Evaluates the given expression in Python and returns the result.</doc>
<msg timestamp="20211204 20:49:15.346" level="INFO">${super_var} = {'Tipo Sanguíneo': 'inputTipoSanguineo', 'Cor/Raça': 'selectCorRaca', 'Sexo': 'selectSexo', 'Estado civil': 'selectEstadoCivil', 'País de nascimento': 'inputPaisNascimento', 'UF de nascimento': 'input...</msg>
<status status="PASS" starttime="20211204 20:49:15.345" endtime="20211204 20:49:15.346"/>
</kw>
<msg timestamp="20211204 20:49:15.348" level="INFO">${elementos_json} = {'Tipo Sanguíneo': 'inputTipoSanguineo', 'Cor/Raça': 'selectCorRaca', 'Sexo': 'selectSexo', 'Estado civil': 'selectEstadoCivil', 'País de nascimento': 'inputPaisNascimento', 'UF de nascimento': 'input...</msg>
<status status="PASS" starttime="20211204 20:49:15.341" endtime="20211204 20:49:15.348"/>
</kw>
<kw name="Type Text" library="Browser">
<arg>id=${elementos_json["${campo}"]}</arg>
<arg>${valor}</arg>
<tag>PageContent</tag>
<tag>Setter</tag>
<doc>Types the given ``txt`` into the text field found by ``selector``.</doc>
<msg timestamp="20211204 20:49:15.362" level="INFO">Types the text 'teste_auto_um' in the given field.</msg>
<status status="PASS" starttime="20211204 20:49:15.349" endtime="20211204 20:49:15.433"/>
</kw>
<status status="PASS" starttime="20211204 20:49:15.340" endtime="20211204 20:49:15.434"/>
</kw>
<status status="PASS" starttime="20211204 20:49:15.339" endtime="20211204 20:49:15.434"/>
</kw>
<status status="PASS" starttime="20211204 20:49:15.337" endtime="20211204 20:49:15.434"/>
</kw>
<kw name="E" library="bdd">
<arg>preenchido o "Email" com o "tisha2946@uorak.com"</arg>
<kw name="Run Keyword" library="BuiltIn">
<arg>@{Keywords}</arg>
<doc>Executes the given keyword with the given arguments.</doc>
<kw name="preenchido o &quot;Email&quot; com o &quot;tisha2946@uorak.com&quot;" library="keywords_campos" sourcename="preenchido o &quot;${campo}&quot; com o &quot;${valor}&quot;">
<kw name="Get JSON" library="base">
<var>${elementos_json}</var>
<arg>elementos.json</arg>
<kw name="Get File" library="OperatingSystem">
<var>${file}</var>
<arg>${EXECDIR}/Files/${file_name}</arg>
<doc>Returns the contents of a specified file.</doc>
<msg timestamp="20211204 20:49:15.442" level="INFO" html="true">Getting file '&lt;a href="file:///home/m.calixta/Projeto sigsaúde/Files/elementos.json"&gt;/home/m.calixta/Projeto sigsaúde/Files/elementos.json&lt;/a&gt;'.</msg>
<msg timestamp="20211204 20:49:15.443" level="INFO">${file} = {

    "Tipo Sanguíneo":"inputTipoSanguineo",
    "Cor/Raça":"selectCorRaca",
    "Sexo":"selectSexo",
    "Estado civil":"selectEstadoCivil",
    "País de nascimento":"inputPaisNascimento",
    "UF d...</msg>
<status status="PASS" starttime="20211204 20:49:15.441" endtime="20211204 20:49:15.443"/>
</kw>
<kw name="Evaluate" library="BuiltIn">
<var>${super_var}</var>
<arg>json.loads($file)</arg>
<arg>json</arg>
<doc>Evaluates the given expression in Python and returns the result.</doc>
<msg timestamp="20211204 20:49:15.445" level="INFO">${super_var} = {'Tipo Sanguíneo': 'inputTipoSanguineo', 'Cor/Raça': 'selectCorRaca', 'Sexo': 'selectSexo', 'Estado civil': 'selectEstadoCivil', 'País de nascimento': 'inputPaisNascimento', 'UF de nascimento': 'input...</msg>
<status status="PASS" starttime="20211204 20:49:15.444" endtime="20211204 20:49:15.445"/>
</kw>
<msg timestamp="20211204 20:49:15.446" level="INFO">${elementos_json} = {'Tipo Sanguíneo': 'inputTipoSanguineo', 'Cor/Raça': 'selectCorRaca', 'Sexo': 'selectSexo', 'Estado civil': 'selectEstadoCivil', 'País de nascimento': 'inputPaisNascimento', 'UF de nascimento': 'input...</msg>
<status status="PASS" starttime="20211204 20:49:15.439" endtime="20211204 20:49:15.447"/>
</kw>
<kw name="Type Text" library="Browser">
<arg>id=${elementos_json["${campo}"]}</arg>
<arg>${valor}</arg>
<tag>PageContent</tag>
<tag>Setter</tag>
<doc>Types the given ``txt`` into the text field found by ``selector``.</doc>
<msg timestamp="20211204 20:49:15.453" level="INFO">Types the text 'tisha2946@uorak.com' in the given field.</msg>
<status status="PASS" starttime="20211204 20:49:15.448" endtime="20211204 20:49:15.535"/>
</kw>
<status status="PASS" starttime="20211204 20:49:15.438" endtime="20211204 20:49:15.536"/>
</kw>
<status status="PASS" starttime="20211204 20:49:15.437" endtime="20211204 20:49:15.536"/>
</kw>
<status status="PASS" starttime="20211204 20:49:15.435" endtime="20211204 20:49:15.536"/>
</kw>
<kw name="E" library="bdd">
<arg>selecione "ADM GERAL" no campo "Perfil"</arg>
<kw name="Run Keyword" library="BuiltIn">
<arg>@{Keywords}</arg>
<doc>Executes the given keyword with the given arguments.</doc>
<kw name="selecione &quot;ADM GERAL&quot; no campo &quot;Perfil&quot;" library="keywords_campos" sourcename="selecione &quot;${valor}&quot; no campo &quot;${campo}&quot;">
<kw name="Get JSON" library="base">
<var>${elementos_json}</var>
<arg>elementos.json</arg>
<kw name="Get File" library="OperatingSystem">
<var>${file}</var>
<arg>${EXECDIR}/Files/${file_name}</arg>
<doc>Returns the contents of a specified file.</doc>
<msg timestamp="20211204 20:49:15.545" level="INFO" html="true">Getting file '&lt;a href="file:///home/m.calixta/Projeto sigsaúde/Files/elementos.json"&gt;/home/m.calixta/Projeto sigsaúde/Files/elementos.json&lt;/a&gt;'.</msg>
<msg timestamp="20211204 20:49:15.545" level="INFO">${file} = {

    "Tipo Sanguíneo":"inputTipoSanguineo",
    "Cor/Raça":"selectCorRaca",
    "Sexo":"selectSexo",
    "Estado civil":"selectEstadoCivil",
    "País de nascimento":"inputPaisNascimento",
    "UF d...</msg>
<status status="PASS" starttime="20211204 20:49:15.544" endtime="20211204 20:49:15.545"/>
</kw>
<kw name="Evaluate" library="BuiltIn">
<var>${super_var}</var>
<arg>json.loads($file)</arg>
<arg>json</arg>
<doc>Evaluates the given expression in Python and returns the result.</doc>
<msg timestamp="20211204 20:49:15.548" level="INFO">${super_var} = {'Tipo Sanguíneo': 'inputTipoSanguineo', 'Cor/Raça': 'selectCorRaca', 'Sexo': 'selectSexo', 'Estado civil': 'selectEstadoCivil', 'País de nascimento': 'inputPaisNascimento', 'UF de nascimento': 'input...</msg>
<status status="PASS" starttime="20211204 20:49:15.546" endtime="20211204 20:49:15.548"/>
</kw>
<msg timestamp="20211204 20:49:15.549" level="INFO">${elementos_json} = {'Tipo Sanguíneo': 'inputTipoSanguineo', 'Cor/Raça': 'selectCorRaca', 'Sexo': 'selectSexo', 'Estado civil': 'selectEstadoCivil', 'País de nascimento': 'inputPaisNascimento', 'UF de nascimento': 'input...</msg>
<status status="PASS" starttime="20211204 20:49:15.542" endtime="20211204 20:49:15.550"/>
</kw>
<kw name="Select Options By" library="Browser">
<arg>id=${elementos_json["${campo}"]}</arg>
<arg>Text</arg>
<arg>${valor}</arg>
<tag>PageContent</tag>
<tag>Setter</tag>
<doc>Selects options from select element found by ``selector``.</doc>
<status status="PASS" starttime="20211204 20:49:15.551" endtime="20211204 20:49:15.574"/>
</kw>
<status status="PASS" starttime="20211204 20:49:15.540" endtime="20211204 20:49:15.574"/>
</kw>
<status status="PASS" starttime="20211204 20:49:15.539" endtime="20211204 20:49:15.574"/>
</kw>
<status status="PASS" starttime="20211204 20:49:15.537" endtime="20211204 20:49:15.575"/>
</kw>
<kw name="Quando" library="bdd">
<arg>clicar no "Avançar"</arg>
<kw name="Run Keyword" library="BuiltIn">
<arg>@{Keywords}</arg>
<doc>Executes the given keyword with the given arguments.</doc>
<kw name="clicar no &quot;Avançar&quot;" library="keywords_campos" sourcename="clicar no &quot;${botão}&quot;">
<kw name="Get JSON" library="base">
<var>${elementos_json}</var>
<arg>elementos.json</arg>
<kw name="Get File" library="OperatingSystem">
<var>${file}</var>
<arg>${EXECDIR}/Files/${file_name}</arg>
<doc>Returns the contents of a specified file.</doc>
<msg timestamp="20211204 20:49:15.582" level="INFO" html="true">Getting file '&lt;a href="file:///home/m.calixta/Projeto sigsaúde/Files/elementos.json"&gt;/home/m.calixta/Projeto sigsaúde/Files/elementos.json&lt;/a&gt;'.</msg>
<msg timestamp="20211204 20:49:15.583" level="INFO">${file} = {

    "Tipo Sanguíneo":"inputTipoSanguineo",
    "Cor/Raça":"selectCorRaca",
    "Sexo":"selectSexo",
    "Estado civil":"selectEstadoCivil",
    "País de nascimento":"inputPaisNascimento",
    "UF d...</msg>
<status status="PASS" starttime="20211204 20:49:15.580" endtime="20211204 20:49:15.583"/>
</kw>
<kw name="Evaluate" library="BuiltIn">
<var>${super_var}</var>
<arg>json.loads($file)</arg>
<arg>json</arg>
<doc>Evaluates the given expression in Python and returns the result.</doc>
<msg timestamp="20211204 20:49:15.586" level="INFO">${super_var} = {'Tipo Sanguíneo': 'inputTipoSanguineo', 'Cor/Raça': 'selectCorRaca', 'Sexo': 'selectSexo', 'Estado civil': 'selectEstadoCivil', 'País de nascimento': 'inputPaisNascimento', 'UF de nascimento': 'input...</msg>
<status status="PASS" starttime="20211204 20:49:15.584" endtime="20211204 20:49:15.586"/>
</kw>
<msg timestamp="20211204 20:49:15.587" level="INFO">${elementos_json} = {'Tipo Sanguíneo': 'inputTipoSanguineo', 'Cor/Raça': 'selectCorRaca', 'Sexo': 'selectSexo', 'Estado civil': 'selectEstadoCivil', 'País de nascimento': 'inputPaisNascimento', 'UF de nascimento': 'input...</msg>
<status status="PASS" starttime="20211204 20:49:15.579" endtime="20211204 20:49:15.587"/>
</kw>
<kw name="Click" library="Browser">
<arg>id=${elementos_json["${botão}"]}</arg>
<tag>PageContent</tag>
<tag>Setter</tag>
<doc>Simulates mouse click on the element found by ``selector``.</doc>
<status status="PASS" starttime="20211204 20:49:15.588" endtime="20211204 20:49:15.652"/>
</kw>
<status status="PASS" starttime="20211204 20:49:15.578" endtime="20211204 20:49:15.653"/>
</kw>
<status status="PASS" starttime="20211204 20:49:15.577" endtime="20211204 20:49:15.653"/>
</kw>
<status status="PASS" starttime="20211204 20:49:15.576" endtime="20211204 20:49:15.653"/>
</kw>
<kw name="Então" library="bdd">
<arg>selecione "END - ENDOCRINOLOGIA" no campo "Profissão"</arg>
<kw name="Run Keyword" library="BuiltIn">
<arg>@{Keywords}</arg>
<doc>Executes the given keyword with the given arguments.</doc>
<kw name="selecione &quot;END - ENDOCRINOLOGIA&quot; no campo &quot;Profissão&quot;" library="keywords_campos" sourcename="selecione &quot;${valor}&quot; no campo &quot;${campo}&quot;">
<kw name="Get JSON" library="base">
<var>${elementos_json}</var>
<arg>elementos.json</arg>
<kw name="Get File" library="OperatingSystem">
<var>${file}</var>
<arg>${EXECDIR}/Files/${file_name}</arg>
<doc>Returns the contents of a specified file.</doc>
<msg timestamp="20211204 20:49:15.661" level="INFO" html="true">Getting file '&lt;a href="file:///home/m.calixta/Projeto sigsaúde/Files/elementos.json"&gt;/home/m.calixta/Projeto sigsaúde/Files/elementos.json&lt;/a&gt;'.</msg>
<msg timestamp="20211204 20:49:15.662" level="INFO">${file} = {

    "Tipo Sanguíneo":"inputTipoSanguineo",
    "Cor/Raça":"selectCorRaca",
    "Sexo":"selectSexo",
    "Estado civil":"selectEstadoCivil",
    "País de nascimento":"inputPaisNascimento",
    "UF d...</msg>
<status status="PASS" starttime="20211204 20:49:15.660" endtime="20211204 20:49:15.662"/>
</kw>
<kw name="Evaluate" library="BuiltIn">
<var>${super_var}</var>
<arg>json.loads($file)</arg>
<arg>json</arg>
<doc>Evaluates the given expression in Python and returns the result.</doc>
<msg timestamp="20211204 20:49:15.665" level="INFO">${super_var} = {'Tipo Sanguíneo': 'inputTipoSanguineo', 'Cor/Raça': 'selectCorRaca', 'Sexo': 'selectSexo', 'Estado civil': 'selectEstadoCivil', 'País de nascimento': 'inputPaisNascimento', 'UF de nascimento': 'input...</msg>
<status status="PASS" starttime="20211204 20:49:15.663" endtime="20211204 20:49:15.665"/>
</kw>
<msg timestamp="20211204 20:49:15.666" level="INFO">${elementos_json} = {'Tipo Sanguíneo': 'inputTipoSanguineo', 'Cor/Raça': 'selectCorRaca', 'Sexo': 'selectSexo', 'Estado civil': 'selectEstadoCivil', 'País de nascimento': 'inputPaisNascimento', 'UF de nascimento': 'input...</msg>
<status status="PASS" starttime="20211204 20:49:15.658" endtime="20211204 20:49:15.667"/>
</kw>
<kw name="Select Options By" library="Browser">
<arg>id=${elementos_json["${campo}"]}</arg>
<arg>Text</arg>
<arg>${valor}</arg>
<tag>PageContent</tag>
<tag>Setter</tag>
<doc>Selects options from select element found by ``selector``.</doc>
<status status="PASS" starttime="20211204 20:49:15.668" endtime="20211204 20:49:15.697"/>
</kw>
<status status="PASS" starttime="20211204 20:49:15.657" endtime="20211204 20:49:15.698"/>
</kw>
<status status="PASS" starttime="20211204 20:49:15.655" endtime="20211204 20:49:15.698"/>
</kw>
<status status="PASS" starttime="20211204 20:49:15.654" endtime="20211204 20:49:15.699"/>
</kw>
<kw name="E" library="bdd">
<arg>selecione "EXTERNO" no campo "Vínculo Institucional"</arg>
<kw name="Run Keyword" library="BuiltIn">
<arg>@{Keywords}</arg>
<doc>Executes the given keyword with the given arguments.</doc>
<kw name="selecione &quot;EXTERNO&quot; no campo &quot;Vínculo Institucional&quot;" library="keywords_campos" sourcename="selecione &quot;${valor}&quot; no campo &quot;${campo}&quot;">
<kw name="Get JSON" library="base">
<var>${elementos_json}</var>
<arg>elementos.json</arg>
<kw name="Get File" library="OperatingSystem">
<var>${file}</var>
<arg>${EXECDIR}/Files/${file_name}</arg>
<doc>Returns the contents of a specified file.</doc>
<msg timestamp="20211204 20:49:15.707" level="INFO" html="true">Getting file '&lt;a href="file:///home/m.calixta/Projeto sigsaúde/Files/elementos.json"&gt;/home/m.calixta/Projeto sigsaúde/Files/elementos.json&lt;/a&gt;'.</msg>
<msg timestamp="20211204 20:49:15.708" level="INFO">${file} = {

    "Tipo Sanguíneo":"inputTipoSanguineo",
    "Cor/Raça":"selectCorRaca",
    "Sexo":"selectSexo",
    "Estado civil":"selectEstadoCivil",
    "País de nascimento":"inputPaisNascimento",
    "UF d...</msg>
<status status="PASS" starttime="20211204 20:49:15.706" endtime="20211204 20:49:15.708"/>
</kw>
<kw name="Evaluate" library="BuiltIn">
<var>${super_var}</var>
<arg>json.loads($file)</arg>
<arg>json</arg>
<doc>Evaluates the given expression in Python and returns the result.</doc>
<msg timestamp="20211204 20:49:15.710" level="INFO">${super_var} = {'Tipo Sanguíneo': 'inputTipoSanguineo', 'Cor/Raça': 'selectCorRaca', 'Sexo': 'selectSexo', 'Estado civil': 'selectEstadoCivil', 'País de nascimento': 'inputPaisNascimento', 'UF de nascimento': 'input...</msg>
<status status="PASS" starttime="20211204 20:49:15.708" endtime="20211204 20:49:15.710"/>
</kw>
<msg timestamp="20211204 20:49:15.711" level="INFO">${elementos_json} = {'Tipo Sanguíneo': 'inputTipoSanguineo', 'Cor/Raça': 'selectCorRaca', 'Sexo': 'selectSexo', 'Estado civil': 'selectEstadoCivil', 'País de nascimento': 'inputPaisNascimento', 'UF de nascimento': 'input...</msg>
<status status="PASS" starttime="20211204 20:49:15.705" endtime="20211204 20:49:15.711"/>
</kw>
<kw name="Select Options By" library="Browser">
<arg>id=${elementos_json["${campo}"]}</arg>
<arg>Text</arg>
<arg>${valor}</arg>
<tag>PageContent</tag>
<tag>Setter</tag>
<doc>Selects options from select element found by ``selector``.</doc>
<status status="PASS" starttime="20211204 20:49:15.712" endtime="20211204 20:49:15.729"/>
</kw>
<status status="PASS" starttime="20211204 20:49:15.703" endtime="20211204 20:49:15.730"/>
</kw>
<status status="PASS" starttime="20211204 20:49:15.702" endtime="20211204 20:49:15.731"/>
</kw>
<status status="PASS" starttime="20211204 20:49:15.700" endtime="20211204 20:49:15.731"/>
</kw>
<kw name="E" library="bdd">
<arg>selecione "RN" no campo "UF ou Região"</arg>
<kw name="Run Keyword" library="BuiltIn">
<arg>@{Keywords}</arg>
<doc>Executes the given keyword with the given arguments.</doc>
<kw name="selecione &quot;RN&quot; no campo &quot;UF ou Região&quot;" library="keywords_campos" sourcename="selecione &quot;${valor}&quot; no campo &quot;${campo}&quot;">
<kw name="Get JSON" library="base">
<var>${elementos_json}</var>
<arg>elementos.json</arg>
<kw name="Get File" library="OperatingSystem">
<var>${file}</var>
<arg>${EXECDIR}/Files/${file_name}</arg>
<doc>Returns the contents of a specified file.</doc>
<msg timestamp="20211204 20:49:15.741" level="INFO" html="true">Getting file '&lt;a href="file:///home/m.calixta/Projeto sigsaúde/Files/elementos.json"&gt;/home/m.calixta/Projeto sigsaúde/Files/elementos.json&lt;/a&gt;'.</msg>
<msg timestamp="20211204 20:49:15.741" level="INFO">${file} = {

    "Tipo Sanguíneo":"inputTipoSanguineo",
    "Cor/Raça":"selectCorRaca",
    "Sexo":"selectSexo",
    "Estado civil":"selectEstadoCivil",
    "País de nascimento":"inputPaisNascimento",
    "UF d...</msg>
<status status="PASS" starttime="20211204 20:49:15.740" endtime="20211204 20:49:15.741"/>
</kw>
<kw name="Evaluate" library="BuiltIn">
<var>${super_var}</var>
<arg>json.loads($file)</arg>
<arg>json</arg>
<doc>Evaluates the given expression in Python and returns the result.</doc>
<msg timestamp="20211204 20:49:15.743" level="INFO">${super_var} = {'Tipo Sanguíneo': 'inputTipoSanguineo', 'Cor/Raça': 'selectCorRaca', 'Sexo': 'selectSexo', 'Estado civil': 'selectEstadoCivil', 'País de nascimento': 'inputPaisNascimento', 'UF de nascimento': 'input...</msg>
<status status="PASS" starttime="20211204 20:49:15.742" endtime="20211204 20:49:15.743"/>
</kw>
<msg timestamp="20211204 20:49:15.743" level="INFO">${elementos_json} = {'Tipo Sanguíneo': 'inputTipoSanguineo', 'Cor/Raça': 'selectCorRaca', 'Sexo': 'selectSexo', 'Estado civil': 'selectEstadoCivil', 'País de nascimento': 'inputPaisNascimento', 'UF de nascimento': 'input...</msg>
<status status="PASS" starttime="20211204 20:49:15.739" endtime="20211204 20:49:15.743"/>
</kw>
<kw name="Select Options By" library="Browser">
<arg>id=${elementos_json["${campo}"]}</arg>
<arg>Text</arg>
<arg>${valor}</arg>
<tag>PageContent</tag>
<tag>Setter</tag>
<doc>Selects options from select element found by ``selector``.</doc>
<status status="PASS" starttime="20211204 20:49:15.744" endtime="20211204 20:49:15.763"/>
</kw>
<status status="PASS" starttime="20211204 20:49:15.737" endtime="20211204 20:49:15.763"/>
</kw>
<status status="PASS" starttime="20211204 20:49:15.736" endtime="20211204 20:49:15.764"/>
</kw>
<status status="PASS" starttime="20211204 20:49:15.733" endtime="20211204 20:49:15.764"/>
</kw>
<kw name="E" library="bdd">
<arg>preenchido o "Registro Profissional" com o "10111213"</arg>
<kw name="Run Keyword" library="BuiltIn">
<arg>@{Keywords}</arg>
<doc>Executes the given keyword with the given arguments.</doc>
<kw name="preenchido o &quot;Registro Profissional&quot; com o &quot;10111213&quot;" library="keywords_campos" sourcename="preenchido o &quot;${campo}&quot; com o &quot;${valor}&quot;">
<kw name="Get JSON" library="base">
<var>${elementos_json}</var>
<arg>elementos.json</arg>
<kw name="Get File" library="OperatingSystem">
<var>${file}</var>
<arg>${EXECDIR}/Files/${file_name}</arg>
<doc>Returns the contents of a specified file.</doc>
<msg timestamp="20211204 20:49:15.774" level="INFO" html="true">Getting file '&lt;a href="file:///home/m.calixta/Projeto sigsaúde/Files/elementos.json"&gt;/home/m.calixta/Projeto sigsaúde/Files/elementos.json&lt;/a&gt;'.</msg>
<msg timestamp="20211204 20:49:15.774" level="INFO">${file} = {

    "Tipo Sanguíneo":"inputTipoSanguineo",
    "Cor/Raça":"selectCorRaca",
    "Sexo":"selectSexo",
    "Estado civil":"selectEstadoCivil",
    "País de nascimento":"inputPaisNascimento",
    "UF d...</msg>
<status status="PASS" starttime="20211204 20:49:15.773" endtime="20211204 20:49:15.774"/>
</kw>
<kw name="Evaluate" library="BuiltIn">
<var>${super_var}</var>
<arg>json.loads($file)</arg>
<arg>json</arg>
<doc>Evaluates the given expression in Python and returns the result.</doc>
<msg timestamp="20211204 20:49:15.777" level="INFO">${super_var} = {'Tipo Sanguíneo': 'inputTipoSanguineo', 'Cor/Raça': 'selectCorRaca', 'Sexo': 'selectSexo', 'Estado civil': 'selectEstadoCivil', 'País de nascimento': 'inputPaisNascimento', 'UF de nascimento': 'input...</msg>
<status status="PASS" starttime="20211204 20:49:15.775" endtime="20211204 20:49:15.777"/>
</kw>
<msg timestamp="20211204 20:49:15.778" level="INFO">${elementos_json} = {'Tipo Sanguíneo': 'inputTipoSanguineo', 'Cor/Raça': 'selectCorRaca', 'Sexo': 'selectSexo', 'Estado civil': 'selectEstadoCivil', 'País de nascimento': 'inputPaisNascimento', 'UF de nascimento': 'input...</msg>
<status status="PASS" starttime="20211204 20:49:15.772" endtime="20211204 20:49:15.778"/>
</kw>
<kw name="Type Text" library="Browser">
<arg>id=${elementos_json["${campo}"]}</arg>
<arg>${valor}</arg>
<tag>PageContent</tag>
<tag>Setter</tag>
<doc>Types the given ``txt`` into the text field found by ``selector``.</doc>
<msg timestamp="20211204 20:49:15.784" level="INFO">Types the text '10111213' in the given field.</msg>
<status status="PASS" starttime="20211204 20:49:15.779" endtime="20211204 20:49:15.870"/>
</kw>
<status status="PASS" starttime="20211204 20:49:15.770" endtime="20211204 20:49:15.870"/>
</kw>
<status status="PASS" starttime="20211204 20:49:15.769" endtime="20211204 20:49:15.871"/>
</kw>
<status status="PASS" starttime="20211204 20:49:15.766" endtime="20211204 20:49:15.871"/>
</kw>
<kw name="Quando" library="bdd">
<arg>clicar no "Avançar"</arg>
<kw name="Run Keyword" library="BuiltIn">
<arg>@{Keywords}</arg>
<doc>Executes the given keyword with the given arguments.</doc>
<kw name="clicar no &quot;Avançar&quot;" library="keywords_campos" sourcename="clicar no &quot;${botão}&quot;">
<kw name="Get JSON" library="base">
<var>${elementos_json}</var>
<arg>elementos.json</arg>
<kw name="Get File" library="OperatingSystem">
<var>${file}</var>
<arg>${EXECDIR}/Files/${file_name}</arg>
<doc>Returns the contents of a specified file.</doc>
<msg timestamp="20211204 20:49:15.878" level="INFO" html="true">Getting file '&lt;a href="file:///home/m.calixta/Projeto sigsaúde/Files/elementos.json"&gt;/home/m.calixta/Projeto sigsaúde/Files/elementos.json&lt;/a&gt;'.</msg>
<msg timestamp="20211204 20:49:15.878" level="INFO">${file} = {

    "Tipo Sanguíneo":"inputTipoSanguineo",
    "Cor/Raça":"selectCorRaca",
    "Sexo":"selectSexo",
    "Estado civil":"selectEstadoCivil",
    "País de nascimento":"inputPaisNascimento",
    "UF d...</msg>
<status status="PASS" starttime="20211204 20:49:15.876" endtime="20211204 20:49:15.878"/>
</kw>
<kw name="Evaluate" library="BuiltIn">
<var>${super_var}</var>
<arg>json.loads($file)</arg>
<arg>json</arg>
<doc>Evaluates the given expression in Python and returns the result.</doc>
<msg timestamp="20211204 20:49:15.881" level="INFO">${super_var} = {'Tipo Sanguíneo': 'inputTipoSanguineo', 'Cor/Raça': 'selectCorRaca', 'Sexo': 'selectSexo', 'Estado civil': 'selectEstadoCivil', 'País de nascimento': 'inputPaisNascimento', 'UF de nascimento': 'input...</msg>
<status status="PASS" starttime="20211204 20:49:15.879" endtime="20211204 20:49:15.881"/>
</kw>
<msg timestamp="20211204 20:49:15.882" level="INFO">${elementos_json} = {'Tipo Sanguíneo': 'inputTipoSanguineo', 'Cor/Raça': 'selectCorRaca', 'Sexo': 'selectSexo', 'Estado civil': 'selectEstadoCivil', 'País de nascimento': 'inputPaisNascimento', 'UF de nascimento': 'input...</msg>
<status status="PASS" starttime="20211204 20:49:15.875" endtime="20211204 20:49:15.883"/>
</kw>
<kw name="Click" library="Browser">
<arg>id=${elementos_json["${botão}"]}</arg>
<tag>PageContent</tag>
<tag>Setter</tag>
<doc>Simulates mouse click on the element found by ``selector``.</doc>
<status status="PASS" starttime="20211204 20:49:15.884" endtime="20211204 20:49:15.938"/>
</kw>
<status status="PASS" starttime="20211204 20:49:15.874" endtime="20211204 20:49:15.938"/>
</kw>
<status status="PASS" starttime="20211204 20:49:15.873" endtime="20211204 20:49:15.938"/>
</kw>
<status status="PASS" starttime="20211204 20:49:15.872" endtime="20211204 20:49:15.939"/>
</kw>
<kw name="E" library="bdd">
<arg>selecionar "ENDOCRINOLOGIA E METABOLOGIA" em "Especialidades"</arg>
<kw name="Run Keyword" library="BuiltIn">
<arg>@{Keywords}</arg>
<doc>Executes the given keyword with the given arguments.</doc>
<kw name="selecionar &quot;ENDOCRINOLOGIA E METABOLOGIA&quot; em &quot;Especialidades&quot;" library="keywords_campos" sourcename="selecionar &quot;${opção}&quot; em &quot;${campo}&quot;">
<kw name="Get JSON" library="base">
<var>${elementos_json}</var>
<arg>elementos.json</arg>
<kw name="Get File" library="OperatingSystem">
<var>${file}</var>
<arg>${EXECDIR}/Files/${file_name}</arg>
<doc>Returns the contents of a specified file.</doc>
<msg timestamp="20211204 20:49:15.946" level="INFO" html="true">Getting file '&lt;a href="file:///home/m.calixta/Projeto sigsaúde/Files/elementos.json"&gt;/home/m.calixta/Projeto sigsaúde/Files/elementos.json&lt;/a&gt;'.</msg>
<msg timestamp="20211204 20:49:15.947" level="INFO">${file} = {

    "Tipo Sanguíneo":"inputTipoSanguineo",
    "Cor/Raça":"selectCorRaca",
    "Sexo":"selectSexo",
    "Estado civil":"selectEstadoCivil",
    "País de nascimento":"inputPaisNascimento",
    "UF d...</msg>
<status status="PASS" starttime="20211204 20:49:15.945" endtime="20211204 20:49:15.947"/>
</kw>
<kw name="Evaluate" library="BuiltIn">
<var>${super_var}</var>
<arg>json.loads($file)</arg>
<arg>json</arg>
<doc>Evaluates the given expression in Python and returns the result.</doc>
<msg timestamp="20211204 20:49:15.950" level="INFO">${super_var} = {'Tipo Sanguíneo': 'inputTipoSanguineo', 'Cor/Raça': 'selectCorRaca', 'Sexo': 'selectSexo', 'Estado civil': 'selectEstadoCivil', 'País de nascimento': 'inputPaisNascimento', 'UF de nascimento': 'input...</msg>
<status status="PASS" starttime="20211204 20:49:15.948" endtime="20211204 20:49:15.950"/>
</kw>
<msg timestamp="20211204 20:49:15.951" level="INFO">${elementos_json} = {'Tipo Sanguíneo': 'inputTipoSanguineo', 'Cor/Raça': 'selectCorRaca', 'Sexo': 'selectSexo', 'Estado civil': 'selectEstadoCivil', 'País de nascimento': 'inputPaisNascimento', 'UF de nascimento': 'input...</msg>
<status status="PASS" starttime="20211204 20:49:15.943" endtime="20211204 20:49:15.952"/>
</kw>
<if>
<branch type="IF" condition="'${campo}' == 'Especialidades'">
<kw name="Click" library="Browser">
<arg>css=${elementos_json["${campo}"]}</arg>
<tag>PageContent</tag>
<tag>Setter</tag>
<doc>Simulates mouse click on the element found by ``selector``.</doc>
<status status="PASS" starttime="20211204 20:49:15.954" endtime="20211204 20:49:16.031"/>
</kw>
<kw name="Type Text" library="Browser">
<arg>css=${elementos_json["Inserir especialidade"]}</arg>
<arg>${opção}</arg>
<tag>PageContent</tag>
<tag>Setter</tag>
<doc>Types the given ``txt`` into the text field found by ``selector``.</doc>
<msg timestamp="20211204 20:49:16.039" level="INFO">Types the text 'ENDOCRINOLOGIA E METABOLOGIA' in the given field.</msg>
<status status="PASS" starttime="20211204 20:49:16.033" endtime="20211204 20:49:16.207"/>
</kw>
<kw name="Click" library="Browser">
<arg>id=bs-select-1-0</arg>
<tag>PageContent</tag>
<tag>Setter</tag>
<doc>Simulates mouse click on the element found by ``selector``.</doc>
<status status="PASS" starttime="20211204 20:49:16.208" endtime="20211204 20:49:16.270"/>
</kw>
<kw name="Click" library="Browser">
<arg>xpath=//*[@id="multistepForm"]/div[1]/h3</arg>
<tag>PageContent</tag>
<tag>Setter</tag>
<doc>Simulates mouse click on the element found by ``selector``.</doc>
<status status="PASS" starttime="20211204 20:49:16.271" endtime="20211204 20:49:16.360"/>
</kw>
<status status="PASS" starttime="20211204 20:49:15.952" endtime="20211204 20:49:16.360"/>
</branch>
<branch type="ELSE">
<kw name="Click" library="Browser">
<arg>css=${elementos_json["${campo}"]}</arg>
<tag>PageContent</tag>
<tag>Setter</tag>
<doc>Simulates mouse click on the element found by ``selector``.</doc>
<status status="NOT RUN" starttime="20211204 20:49:16.361" endtime="20211204 20:49:16.361"/>
</kw>
<kw name="Type Text" library="Browser">
<arg>css=${elementos_json["Inserir modalidade"]}</arg>
<arg>${opção}</arg>
<tag>PageContent</tag>
<tag>Setter</tag>
<doc>Types the given ``txt`` into the text field found by ``selector``.</doc>
<status status="NOT RUN" starttime="20211204 20:49:16.362" endtime="20211204 20:49:16.362"/>
</kw>
<kw name="Click" library="Browser">
<arg>id=bs-select-3-1</arg>
<tag>PageContent</tag>
<tag>Setter</tag>
<doc>Simulates mouse click on the element found by ``selector``.</doc>
<status status="NOT RUN" starttime="20211204 20:49:16.363" endtime="20211204 20:49:16.363"/>
</kw>
<kw name="Click" library="Browser">
<arg>xpath=//*[@id="multistepForm"]/div[1]/h3</arg>
<tag>PageContent</tag>
<tag>Setter</tag>
<doc>Simulates mouse click on the element found by ``selector``.</doc>
<status status="NOT RUN" starttime="20211204 20:49:16.364" endtime="20211204 20:49:16.364"/>
</kw>
<status status="NOT RUN" starttime="20211204 20:49:16.360" endtime="20211204 20:49:16.364"/>
</branch>
<status status="PASS" starttime="20211204 20:49:15.952" endtime="20211204 20:49:16.364"/>
</if>
<status status="PASS" starttime="20211204 20:49:15.942" endtime="20211204 20:49:16.365"/>
</kw>
<status status="PASS" starttime="20211204 20:49:15.941" endtime="20211204 20:49:16.365"/>
</kw>
<status status="PASS" starttime="20211204 20:49:15.939" endtime="20211204 20:49:16.366"/>
</kw>
<kw name="E" library="bdd">
<arg>selecionar "ENDOCRINOLOGIA_ALUNO UFRN (ENDOCRINOLOGIA E METABOLOGIA)" em "Modalidades"</arg>
<kw name="Run Keyword" library="BuiltIn">
<arg>@{Keywords}</arg>
<doc>Executes the given keyword with the given arguments.</doc>
<kw name="selecionar &quot;ENDOCRINOLOGIA_ALUNO UFRN (ENDOCRINOLOGIA E METABOLOGIA)&quot; em &quot;Modalidades&quot;" library="keywords_campos" sourcename="selecionar &quot;${opção}&quot; em &quot;${campo}&quot;">
<kw name="Get JSON" library="base">
<var>${elementos_json}</var>
<arg>elementos.json</arg>
<kw name="Get File" library="OperatingSystem">
<var>${file}</var>
<arg>${EXECDIR}/Files/${file_name}</arg>
<doc>Returns the contents of a specified file.</doc>
<msg timestamp="20211204 20:49:16.374" level="INFO" html="true">Getting file '&lt;a href="file:///home/m.calixta/Projeto sigsaúde/Files/elementos.json"&gt;/home/m.calixta/Projeto sigsaúde/Files/elementos.json&lt;/a&gt;'.</msg>
<msg timestamp="20211204 20:49:16.374" level="INFO">${file} = {

    "Tipo Sanguíneo":"inputTipoSanguineo",
    "Cor/Raça":"selectCorRaca",
    "Sexo":"selectSexo",
    "Estado civil":"selectEstadoCivil",
    "País de nascimento":"inputPaisNascimento",
    "UF d...</msg>
<status status="PASS" starttime="20211204 20:49:16.373" endtime="20211204 20:49:16.374"/>
</kw>
<kw name="Evaluate" library="BuiltIn">
<var>${super_var}</var>
<arg>json.loads($file)</arg>
<arg>json</arg>
<doc>Evaluates the given expression in Python and returns the result.</doc>
<msg timestamp="20211204 20:49:16.376" level="INFO">${super_var} = {'Tipo Sanguíneo': 'inputTipoSanguineo', 'Cor/Raça': 'selectCorRaca', 'Sexo': 'selectSexo', 'Estado civil': 'selectEstadoCivil', 'País de nascimento': 'inputPaisNascimento', 'UF de nascimento': 'input...</msg>
<status status="PASS" starttime="20211204 20:49:16.375" endtime="20211204 20:49:16.376"/>
</kw>
<msg timestamp="20211204 20:49:16.377" level="INFO">${elementos_json} = {'Tipo Sanguíneo': 'inputTipoSanguineo', 'Cor/Raça': 'selectCorRaca', 'Sexo': 'selectSexo', 'Estado civil': 'selectEstadoCivil', 'País de nascimento': 'inputPaisNascimento', 'UF de nascimento': 'input...</msg>
<status status="PASS" starttime="20211204 20:49:16.371" endtime="20211204 20:49:16.377"/>
</kw>
<if>
<branch type="IF" condition="'${campo}' == 'Especialidades'">
<kw name="Click" library="Browser">
<arg>css=${elementos_json["${campo}"]}</arg>
<tag>PageContent</tag>
<tag>Setter</tag>
<doc>Simulates mouse click on the element found by ``selector``.</doc>
<status status="NOT RUN" starttime="20211204 20:49:16.379" endtime="20211204 20:49:16.379"/>
</kw>
<kw name="Type Text" library="Browser">
<arg>css=${elementos_json["Inserir especialidade"]}</arg>
<arg>${opção}</arg>
<tag>PageContent</tag>
<tag>Setter</tag>
<doc>Types the given ``txt`` into the text field found by ``selector``.</doc>
<status status="NOT RUN" starttime="20211204 20:49:16.380" endtime="20211204 20:49:16.380"/>
</kw>
<kw name="Click" library="Browser">
<arg>id=bs-select-1-0</arg>
<tag>PageContent</tag>
<tag>Setter</tag>
<doc>Simulates mouse click on the element found by ``selector``.</doc>
<status status="NOT RUN" starttime="20211204 20:49:16.381" endtime="20211204 20:49:16.382"/>
</kw>
<kw name="Click" library="Browser">
<arg>xpath=//*[@id="multistepForm"]/div[1]/h3</arg>
<tag>PageContent</tag>
<tag>Setter</tag>
<doc>Simulates mouse click on the element found by ``selector``.</doc>
<status status="NOT RUN" starttime="20211204 20:49:16.383" endtime="20211204 20:49:16.384"/>
</kw>
<status status="NOT RUN" starttime="20211204 20:49:16.378" endtime="20211204 20:49:16.384"/>
</branch>
<branch type="ELSE">
<kw name="Click" library="Browser">
<arg>css=${elementos_json["${campo}"]}</arg>
<tag>PageContent</tag>
<tag>Setter</tag>
<doc>Simulates mouse click on the element found by ``selector``.</doc>
<status status="PASS" starttime="20211204 20:49:16.385" endtime="20211204 20:49:23.096"/>
</kw>
<kw name="Type Text" library="Browser">
<arg>css=${elementos_json["Inserir modalidade"]}</arg>
<arg>${opção}</arg>
<tag>PageContent</tag>
<tag>Setter</tag>
<doc>Types the given ``txt`` into the text field found by ``selector``.</doc>
<msg timestamp="20211204 20:49:23.101" level="INFO">Types the text 'ENDOCRINOLOGIA_ALUNO UFRN (ENDOCRINOLOGIA E METABOLOGIA)' in the given field.</msg>
<status status="PASS" starttime="20211204 20:49:23.097" endtime="20211204 20:49:23.505"/>
</kw>
<kw name="Click" library="Browser">
<arg>id=bs-select-3-1</arg>
<tag>PageContent</tag>
<tag>Setter</tag>
<doc>Simulates mouse click on the element found by ``selector``.</doc>
<status status="PASS" starttime="20211204 20:49:23.505" endtime="20211204 20:49:23.551"/>
</kw>
<kw name="Click" library="Browser">
<arg>xpath=//*[@id="multistepForm"]/div[1]/h3</arg>
<tag>PageContent</tag>
<tag>Setter</tag>
<doc>Simulates mouse click on the element found by ``selector``.</doc>
<status status="PASS" starttime="20211204 20:49:23.552" endtime="20211204 20:49:23.597"/>
</kw>
<status status="PASS" starttime="20211204 20:49:16.384" endtime="20211204 20:49:23.597"/>
</branch>
<status status="PASS" starttime="20211204 20:49:16.377" endtime="20211204 20:49:23.597"/>
</if>
<status status="PASS" starttime="20211204 20:49:16.370" endtime="20211204 20:49:23.598"/>
</kw>
<status status="PASS" starttime="20211204 20:49:16.369" endtime="20211204 20:49:23.598"/>
</kw>
<status status="PASS" starttime="20211204 20:49:16.367" endtime="20211204 20:49:23.598"/>
</kw>
<kw name="Quando" library="bdd">
<arg>clicar no "Avançar"</arg>
<kw name="Run Keyword" library="BuiltIn">
<arg>@{Keywords}</arg>
<doc>Executes the given keyword with the given arguments.</doc>
<kw name="clicar no &quot;Avançar&quot;" library="keywords_campos" sourcename="clicar no &quot;${botão}&quot;">
<kw name="Get JSON" library="base">
<var>${elementos_json}</var>
<arg>elementos.json</arg>
<kw name="Get File" library="OperatingSystem">
<var>${file}</var>
<arg>${EXECDIR}/Files/${file_name}</arg>
<doc>Returns the contents of a specified file.</doc>
<msg timestamp="20211204 20:49:23.606" level="INFO" html="true">Getting file '&lt;a href="file:///home/m.calixta/Projeto sigsaúde/Files/elementos.json"&gt;/home/m.calixta/Projeto sigsaúde/Files/elementos.json&lt;/a&gt;'.</msg>
<msg timestamp="20211204 20:49:23.607" level="INFO">${file} = {

    "Tipo Sanguíneo":"inputTipoSanguineo",
    "Cor/Raça":"selectCorRaca",
    "Sexo":"selectSexo",
    "Estado civil":"selectEstadoCivil",
    "País de nascimento":"inputPaisNascimento",
    "UF d...</msg>
<status status="PASS" starttime="20211204 20:49:23.605" endtime="20211204 20:49:23.607"/>
</kw>
<kw name="Evaluate" library="BuiltIn">
<var>${super_var}</var>
<arg>json.loads($file)</arg>
<arg>json</arg>
<doc>Evaluates the given expression in Python and returns the result.</doc>
<msg timestamp="20211204 20:49:23.609" level="INFO">${super_var} = {'Tipo Sanguíneo': 'inputTipoSanguineo', 'Cor/Raça': 'selectCorRaca', 'Sexo': 'selectSexo', 'Estado civil': 'selectEstadoCivil', 'País de nascimento': 'inputPaisNascimento', 'UF de nascimento': 'input...</msg>
<status status="PASS" starttime="20211204 20:49:23.608" endtime="20211204 20:49:23.609"/>
</kw>
<msg timestamp="20211204 20:49:23.610" level="INFO">${elementos_json} = {'Tipo Sanguíneo': 'inputTipoSanguineo', 'Cor/Raça': 'selectCorRaca', 'Sexo': 'selectSexo', 'Estado civil': 'selectEstadoCivil', 'País de nascimento': 'inputPaisNascimento', 'UF de nascimento': 'input...</msg>
<status status="PASS" starttime="20211204 20:49:23.603" endtime="20211204 20:49:23.610"/>
</kw>
<kw name="Click" library="Browser">
<arg>id=${elementos_json["${botão}"]}</arg>
<tag>PageContent</tag>
<tag>Setter</tag>
<doc>Simulates mouse click on the element found by ``selector``.</doc>
<status status="PASS" starttime="20211204 20:49:23.611" endtime="20211204 20:49:23.869"/>
</kw>
<status status="PASS" starttime="20211204 20:49:23.602" endtime="20211204 20:49:23.870"/>
</kw>
<status status="PASS" starttime="20211204 20:49:23.601" endtime="20211204 20:49:23.870"/>
</kw>
<status status="PASS" starttime="20211204 20:49:23.599" endtime="20211204 20:49:23.870"/>
</kw>
<kw name="E" library="bdd">
<arg>clicar no "Cadastrar"</arg>
<kw name="Run Keyword" library="BuiltIn">
<arg>@{Keywords}</arg>
<doc>Executes the given keyword with the given arguments.</doc>
<kw name="clicar no &quot;Cadastrar&quot;" library="keywords_campos" sourcename="clicar no &quot;${botão}&quot;">
<kw name="Get JSON" library="base">
<var>${elementos_json}</var>
<arg>elementos.json</arg>
<kw name="Get File" library="OperatingSystem">
<var>${file}</var>
<arg>${EXECDIR}/Files/${file_name}</arg>
<doc>Returns the contents of a specified file.</doc>
<msg timestamp="20211204 20:49:23.879" level="INFO" html="true">Getting file '&lt;a href="file:///home/m.calixta/Projeto sigsaúde/Files/elementos.json"&gt;/home/m.calixta/Projeto sigsaúde/Files/elementos.json&lt;/a&gt;'.</msg>
<msg timestamp="20211204 20:49:23.880" level="INFO">${file} = {

    "Tipo Sanguíneo":"inputTipoSanguineo",
    "Cor/Raça":"selectCorRaca",
    "Sexo":"selectSexo",
    "Estado civil":"selectEstadoCivil",
    "País de nascimento":"inputPaisNascimento",
    "UF d...</msg>
<status status="PASS" starttime="20211204 20:49:23.878" endtime="20211204 20:49:23.880"/>
</kw>
<kw name="Evaluate" library="BuiltIn">
<var>${super_var}</var>
<arg>json.loads($file)</arg>
<arg>json</arg>
<doc>Evaluates the given expression in Python and returns the result.</doc>
<msg timestamp="20211204 20:49:23.882" level="INFO">${super_var} = {'Tipo Sanguíneo': 'inputTipoSanguineo', 'Cor/Raça': 'selectCorRaca', 'Sexo': 'selectSexo', 'Estado civil': 'selectEstadoCivil', 'País de nascimento': 'inputPaisNascimento', 'UF de nascimento': 'input...</msg>
<status status="PASS" starttime="20211204 20:49:23.881" endtime="20211204 20:49:23.882"/>
</kw>
<msg timestamp="20211204 20:49:23.883" level="INFO">${elementos_json} = {'Tipo Sanguíneo': 'inputTipoSanguineo', 'Cor/Raça': 'selectCorRaca', 'Sexo': 'selectSexo', 'Estado civil': 'selectEstadoCivil', 'País de nascimento': 'inputPaisNascimento', 'UF de nascimento': 'input...</msg>
<status status="PASS" starttime="20211204 20:49:23.876" endtime="20211204 20:49:23.884"/>
</kw>
<kw name="Click" library="Browser">
<arg>id=${elementos_json["${botão}"]}</arg>
<tag>PageContent</tag>
<tag>Setter</tag>
<doc>Simulates mouse click on the element found by ``selector``.</doc>
<status status="PASS" starttime="20211204 20:49:23.885" endtime="20211204 20:49:24.615"/>
</kw>
<status status="PASS" starttime="20211204 20:49:23.875" endtime="20211204 20:49:24.617"/>
</kw>
<status status="PASS" starttime="20211204 20:49:23.873" endtime="20211204 20:49:24.618"/>
</kw>
<status status="PASS" starttime="20211204 20:49:23.871" endtime="20211204 20:49:24.619"/>
</kw>
<kw name="Então" library="bdd">
<arg>mensagem de cadastro realizado com sucesso</arg>
<kw name="Run Keyword" library="BuiltIn">
<arg>@{Keywords}</arg>
<doc>Executes the given keyword with the given arguments.</doc>
<kw name="mensagem de cadastro realizado com sucesso" library="keywords_campos">
<kw name="Wait For Elements State" library="Browser">
<arg>xpath=/html/body/div[2]/div</arg>
<arg>visible</arg>
<tag>PageContent</tag>
<tag>Wait</tag>
<doc>Waits for the element found by ``selector`` to satisfy state option.</doc>
<msg timestamp="20211204 20:49:34.755" level="INFO" html="true">&lt;/td&gt;&lt;/tr&gt;&lt;tr&gt;&lt;td colspan="3"&gt;&lt;a href="001_-Cadastro_de_profissional_%28Completo%29_FAILURE_SCREENSHOT_12.png"&gt;&lt;img src="001_-Cadastro_de_profissional_%28Completo%29_FAILURE_SCREENSHOT_12.png" width="800px"&gt;&lt;/a&gt;</msg>
<msg timestamp="20211204 20:49:34.757" level="FAIL">TimeoutError: page.waitForSelector: Timeout 10000ms exceeded.
=========================== logs ===========================
waiting for selector "xpath=/html/body/div[2]/div" to be visible
============================================================</msg>
<status status="FAIL" starttime="20211204 20:49:24.635" endtime="20211204 20:49:34.757"/>
</kw>
<kw name="Click" library="Browser">
<arg>xpath=/html/body/div[2]/div/div[3]/div/button</arg>
<tag>PageContent</tag>
<tag>Setter</tag>
<doc>Simulates mouse click on the element found by ``selector``.</doc>
<status status="NOT RUN" starttime="20211204 20:49:34.758" endtime="20211204 20:49:34.758"/>
</kw>
<status status="FAIL" starttime="20211204 20:49:24.630" endtime="20211204 20:49:34.759"/>
</kw>
<status status="FAIL" starttime="20211204 20:49:24.626" endtime="20211204 20:49:34.759"/>
</kw>
<status status="FAIL" starttime="20211204 20:49:24.621" endtime="20211204 20:49:34.759"/>
</kw>
<kw name="Sleep" library="BuiltIn">
<arg>20s</arg>
<doc>Pauses the test executed for the given time.</doc>
<status status="NOT RUN" starttime="20211204 20:49:34.760" endtime="20211204 20:49:34.760"/>
</kw>
<status status="FAIL" starttime="20211204 20:49:12.611" endtime="20211204 20:49:34.762">TimeoutError: page.waitForSelector: Timeout 10000ms exceeded.
=========================== logs ===========================
waiting for selector "xpath=/html/body/div[2]/div" to be visible
============================================================</status>
</test>
<doc>Teste Agendamento</doc>
<status status="FAIL" starttime="20211204 20:49:04.350" endtime="20211204 20:49:34.770"/>
</suite>
<statistics>
<total>
<stat pass="0" fail="1" skip="0">All Tests</stat>
</total>
<tag>
</tag>
<suite>
<stat pass="0" fail="1" skip="0" id="s1" name="9 - Profissional">9 - Profissional</stat>
</suite>
</statistics>
<errors>
</errors>
</robot>
