<?xml version="1.0" encoding="UTF-8"?>
<robot generator="Robot 4.0.3 (Python 3.9.5 on win32)" generated="20220327 18:08:49.539" rpa="false" schemaversion="2">
<suite id="s1" name="Tests" source="C:\Users\Mayara\Documents\TCC\RobotFramework-Sigsaude\Tests">
<suite id="s1-s1" name="Formulario comum" source="C:\Users\Mayara\Documents\TCC\RobotFramework-Sigsaude\Tests\Formulario_comum.robot">
<kw name="iniciar navegador sessão &quot;Comum&quot;" library="base" type="SETUP" sourcename="iniciar navegador sessão &quot;${login_usuario}&quot;">
<kw name="iniciar Navegador" library="base">
<kw name="Get JSON" library="base">
<var>${config_json}</var>
<arg>config.json</arg>
<kw name="Get File" library="OperatingSystem">
<var>${file}</var>
<arg>${EXECDIR}/Files/${file_name}</arg>
<doc>Returns the contents of a specified file.</doc>
<msg timestamp="20220327 18:08:51.039" level="INFO" html="true">Getting file '&lt;a href="file://C:\Users\Mayara\Documents\TCC\RobotFramework-Sigsaude\Files\config.json"&gt;C:\Users\Mayara\Documents\TCC\RobotFramework-Sigsaude\Files\config.json&lt;/a&gt;'.</msg>
<msg timestamp="20220327 18:08:51.055" level="INFO">${file} = {
    "base_url":"https://homologacaosigsaude.imd.ufrn.br/sigsaude",
    "navegador":"chromium",
    "lelog":"https://lelog.netlify.app/"

}</msg>
<status status="PASS" starttime="20220327 18:08:51.039" endtime="20220327 18:08:51.055"/>
</kw>
<kw name="Evaluate" library="BuiltIn">
<var>${super_var}</var>
<arg>json.loads($file)</arg>
<arg>json</arg>
<doc>Evaluates the given expression in Python and returns the result.</doc>
<msg timestamp="20220327 18:08:51.055" level="INFO">${super_var} = {'base_url': 'https://homologacaosigsaude.imd.ufrn.br/sigsaude', 'navegador': 'chromium', 'lelog': 'https://lelog.netlify.app/'}</msg>
<status status="PASS" starttime="20220327 18:08:51.055" endtime="20220327 18:08:51.055"/>
</kw>
<msg timestamp="20220327 18:08:51.055" level="INFO">${config_json} = {'base_url': 'https://homologacaosigsaude.imd.ufrn.br/sigsaude', 'navegador': 'chromium', 'lelog': 'https://lelog.netlify.app/'}</msg>
<status status="PASS" starttime="20220327 18:08:51.039" endtime="20220327 18:08:51.055"/>
</kw>
<kw name="New Browser" library="Browser">
<arg>${config_json["navegador"]}</arg>
<arg>False</arg>
<tag>BrowserControl</tag>
<tag>Setter</tag>
<doc>Create a new playwright Browser with specified options.
See `Browser, Context and Page` for more information about Browser and related concepts.</doc>
<msg timestamp="20220327 18:08:51.055" level="INFO">{"browser": "chromium", "headless": false, "handleSIGINT": true, "handleSIGTERM": true, "handleSIGHUP": true, "timeout": 30000.0, "devtools": false, "slowMo": 0.0}</msg>
<msg timestamp="20220327 18:08:51.681" level="INFO">Successfully created browser with options: {"browser":"chromium","headless":false,"handleSIGINT":true,"handleSIGTERM":true,"handleSIGHUP":true,"timeout":30000,"devtools":false,"slowMo":0}</msg>
<status status="PASS" starttime="20220327 18:08:51.055" endtime="20220327 18:08:51.681"/>
</kw>
<status status="PASS" starttime="20220327 18:08:51.039" endtime="20220327 18:08:51.682"/>
</kw>
<kw name="Get JSON" library="base">
<var>${config_json}</var>
<arg>config.json</arg>
<kw name="Get File" library="OperatingSystem">
<var>${file}</var>
<arg>${EXECDIR}/Files/${file_name}</arg>
<doc>Returns the contents of a specified file.</doc>
<msg timestamp="20220327 18:08:51.684" level="INFO" html="true">Getting file '&lt;a href="file://C:\Users\Mayara\Documents\TCC\RobotFramework-Sigsaude\Files\config.json"&gt;C:\Users\Mayara\Documents\TCC\RobotFramework-Sigsaude\Files\config.json&lt;/a&gt;'.</msg>
<msg timestamp="20220327 18:08:51.684" level="INFO">${file} = {
    "base_url":"https://homologacaosigsaude.imd.ufrn.br/sigsaude",
    "navegador":"chromium",
    "lelog":"https://lelog.netlify.app/"

}</msg>
<status status="PASS" starttime="20220327 18:08:51.683" endtime="20220327 18:08:51.684"/>
</kw>
<kw name="Evaluate" library="BuiltIn">
<var>${super_var}</var>
<arg>json.loads($file)</arg>
<arg>json</arg>
<doc>Evaluates the given expression in Python and returns the result.</doc>
<msg timestamp="20220327 18:08:51.686" level="INFO">${super_var} = {'base_url': 'https://homologacaosigsaude.imd.ufrn.br/sigsaude', 'navegador': 'chromium', 'lelog': 'https://lelog.netlify.app/'}</msg>
<status status="PASS" starttime="20220327 18:08:51.685" endtime="20220327 18:08:51.686"/>
</kw>
<msg timestamp="20220327 18:08:51.686" level="INFO">${config_json} = {'base_url': 'https://homologacaosigsaude.imd.ufrn.br/sigsaude', 'navegador': 'chromium', 'lelog': 'https://lelog.netlify.app/'}</msg>
<status status="PASS" starttime="20220327 18:08:51.682" endtime="20220327 18:08:51.686"/>
</kw>
<kw name="New Page" library="Browser">
<arg>${config_json["base_url"]}</arg>
<tag>BrowserControl</tag>
<tag>Setter</tag>
<doc>Open a new Page. A Page is the Playwright equivalent to a tab.
See `Browser, Context and Page` for more information about Page concept.
Returns a stable identifier for the created page.</doc>
<msg timestamp="20220327 18:08:55.125" level="INFO">Successfully initialized new page object and opened url: https://homologacaosigsaude.imd.ufrn.br/sigsaude</msg>
<msg timestamp="20220327 18:08:55.125" level="INFO">No context was open. New context was automatically opened when this page is created.</msg>
<status status="PASS" starttime="20220327 18:08:51.686" endtime="20220327 18:08:55.126"/>
</kw>
<kw name="Direcionamento da tela &quot;login&quot;" library="nav" sourcename="Direcionamento da tela &quot;${page}&quot;">
<kw name="Get JSON" library="base">
<var>${telas_json}</var>
<arg>telas.json</arg>
<kw name="Get File" library="OperatingSystem">
<var>${file}</var>
<arg>${EXECDIR}/Files/${file_name}</arg>
<doc>Returns the contents of a specified file.</doc>
<msg timestamp="20220327 18:08:55.131" level="INFO" html="true">Getting file '&lt;a href="file://C:\Users\Mayara\Documents\TCC\RobotFramework-Sigsaude\Files\telas.json"&gt;C:\Users\Mayara\Documents\TCC\RobotFramework-Sigsaude\Files\telas.json&lt;/a&gt;'.</msg>
<msg timestamp="20220327 18:08:55.132" level="INFO">${file} = {
    "login":"/login",
    "novo usuario de serviço":"/paciente/cadastro",
    "listar usuarios de serviço":"/paciente",
    "cadastro de colaborador":"/colaborador/form",
    "agendamento":"/agendam...</msg>
<status status="PASS" starttime="20220327 18:08:55.130" endtime="20220327 18:08:55.132"/>
</kw>
<kw name="Evaluate" library="BuiltIn">
<var>${super_var}</var>
<arg>json.loads($file)</arg>
<arg>json</arg>
<doc>Evaluates the given expression in Python and returns the result.</doc>
<msg timestamp="20220327 18:08:55.137" level="INFO">${super_var} = {'login': '/login', 'novo usuario de serviço': '/paciente/cadastro', 'listar usuarios de serviço': '/paciente', 'cadastro de colaborador': '/colaborador/form', 'agendamento': '/agendamento', 'listar c...</msg>
<status status="PASS" starttime="20220327 18:08:55.135" endtime="20220327 18:08:55.137"/>
</kw>
<msg timestamp="20220327 18:08:55.138" level="INFO">${telas_json} = {'login': '/login', 'novo usuario de serviço': '/paciente/cadastro', 'listar usuarios de serviço': '/paciente', 'cadastro de colaborador': '/colaborador/form', 'agendamento': '/agendamento', 'listar c...</msg>
<status status="PASS" starttime="20220327 18:08:55.128" endtime="20220327 18:08:55.138"/>
</kw>
<kw name="Get JSON" library="base">
<var>${config_json}</var>
<arg>config.json</arg>
<kw name="Get File" library="OperatingSystem">
<var>${file}</var>
<arg>${EXECDIR}/Files/${file_name}</arg>
<doc>Returns the contents of a specified file.</doc>
<msg timestamp="20220327 18:08:55.141" level="INFO" html="true">Getting file '&lt;a href="file://C:\Users\Mayara\Documents\TCC\RobotFramework-Sigsaude\Files\config.json"&gt;C:\Users\Mayara\Documents\TCC\RobotFramework-Sigsaude\Files\config.json&lt;/a&gt;'.</msg>
<msg timestamp="20220327 18:08:55.141" level="INFO">${file} = {
    "base_url":"https://homologacaosigsaude.imd.ufrn.br/sigsaude",
    "navegador":"chromium",
    "lelog":"https://lelog.netlify.app/"

}</msg>
<status status="PASS" starttime="20220327 18:08:55.140" endtime="20220327 18:08:55.141"/>
</kw>
<kw name="Evaluate" library="BuiltIn">
<var>${super_var}</var>
<arg>json.loads($file)</arg>
<arg>json</arg>
<doc>Evaluates the given expression in Python and returns the result.</doc>
<msg timestamp="20220327 18:08:55.142" level="INFO">${super_var} = {'base_url': 'https://homologacaosigsaude.imd.ufrn.br/sigsaude', 'navegador': 'chromium', 'lelog': 'https://lelog.netlify.app/'}</msg>
<status status="PASS" starttime="20220327 18:08:55.142" endtime="20220327 18:08:55.142"/>
</kw>
<msg timestamp="20220327 18:08:55.143" level="INFO">${config_json} = {'base_url': 'https://homologacaosigsaude.imd.ufrn.br/sigsaude', 'navegador': 'chromium', 'lelog': 'https://lelog.netlify.app/'}</msg>
<status status="PASS" starttime="20220327 18:08:55.139" endtime="20220327 18:08:55.143"/>
</kw>
<kw name="Go To" library="Browser">
<arg>${config_json["base_url"]}${telas_json["${page}"]}</arg>
<tag>BrowserControl</tag>
<tag>Setter</tag>
<doc>Navigates to the given ``url``.</doc>
<msg timestamp="20220327 18:08:55.936" level="INFO">Succesfully opened URL https://homologacaosigsaude.imd.ufrn.br/sigsaude/login</msg>
<status status="PASS" starttime="20220327 18:08:55.143" endtime="20220327 18:08:55.937"/>
</kw>
<status status="PASS" starttime="20220327 18:08:55.127" endtime="20220327 18:08:55.937"/>
</kw>
<kw name="Get JSON" library="base">
<var>${login_json}</var>
<arg>login.json</arg>
<kw name="Get File" library="OperatingSystem">
<var>${file}</var>
<arg>${EXECDIR}/Files/${file_name}</arg>
<doc>Returns the contents of a specified file.</doc>
<msg timestamp="20220327 18:08:55.940" level="INFO" html="true">Getting file '&lt;a href="file://C:\Users\Mayara\Documents\TCC\RobotFramework-Sigsaude\Files\login.json"&gt;C:\Users\Mayara\Documents\TCC\RobotFramework-Sigsaude\Files\login.json&lt;/a&gt;'.</msg>
<msg timestamp="20220327 18:08:55.941" level="INFO">${file} = {

    "Psicologia":{
        "login": "drpsicologia",
        "senha": 85278120029
    },

    "Endocrinologia":{
        "login": "drendocrinologia",
        "senha": 98841863323
    },

	"Comum": {...</msg>
<status status="PASS" starttime="20220327 18:08:55.939" endtime="20220327 18:08:55.941"/>
</kw>
<kw name="Evaluate" library="BuiltIn">
<var>${super_var}</var>
<arg>json.loads($file)</arg>
<arg>json</arg>
<doc>Evaluates the given expression in Python and returns the result.</doc>
<msg timestamp="20220327 18:08:55.942" level="INFO">${super_var} = {'Psicologia': {'login': 'drpsicologia', 'senha': 85278120029}, 'Endocrinologia': {'login': 'drendocrinologia', 'senha': 98841863323}, 'Comum': {'login': 'uirakuleszatestes', 'senha': '02219235432'}}</msg>
<status status="PASS" starttime="20220327 18:08:55.942" endtime="20220327 18:08:55.942"/>
</kw>
<msg timestamp="20220327 18:08:55.942" level="INFO">${login_json} = {'Psicologia': {'login': 'drpsicologia', 'senha': 85278120029}, 'Endocrinologia': {'login': 'drendocrinologia', 'senha': 98841863323}, 'Comum': {'login': 'uirakuleszatestes', 'senha': '02219235432'}}</msg>
<status status="PASS" starttime="20220327 18:08:55.938" endtime="20220327 18:08:55.942"/>
</kw>
<kw name="Fill Text" library="Browser">
<arg>id=login-username</arg>
<arg>${login_json["${login_usuario}"]["login"]}</arg>
<tag>PageContent</tag>
<tag>Setter</tag>
<doc>Clears and fills the given ``text`` into the text field found by ``selector``.</doc>
<msg timestamp="20220327 18:08:55.944" level="INFO">Fills the text 'uirakuleszatestes' in the given field.</msg>
<status status="PASS" starttime="20220327 18:08:55.943" endtime="20220327 18:08:55.985"/>
</kw>
<kw name="Fill Text" library="Browser">
<arg>id=login-password</arg>
<arg>${login_json["${login_usuario}"]["senha"]}</arg>
<tag>PageContent</tag>
<tag>Setter</tag>
<doc>Clears and fills the given ``text`` into the text field found by ``selector``.</doc>
<msg timestamp="20220327 18:08:55.987" level="INFO">Fills the text '02219235432' in the given field.</msg>
<status status="PASS" starttime="20220327 18:08:55.985" endtime="20220327 18:08:56.012"/>
</kw>
<kw name="Click" library="Browser">
<arg>css=[value='Entrar']</arg>
<tag>PageContent</tag>
<tag>Setter</tag>
<doc>Simulates mouse click on the element found by ``selector``.</doc>
<status status="PASS" starttime="20220327 18:08:56.013" endtime="20220327 18:08:56.653"/>
</kw>
<status status="PASS" starttime="20220327 18:08:51.039" endtime="20220327 18:08:56.653"/>
</kw>
<test id="s1-s1-t1" name="[004] - Dados básicos para usuarios de serviço antigos">
<kw name="Dado" library="bdd">
<arg>que o usuario está na tela "minha agenda"</arg>
<kw name="Run Keyword" library="BuiltIn">
<arg>@{Keywords}</arg>
<doc>Executes the given keyword with the given arguments.</doc>
<kw name="que o usuario está na tela &quot;minha agenda&quot;" library="nav" sourcename="que o usuario está na tela &quot;${tela}&quot;">
<kw name="Direcionamento da tela &quot;${tela}&quot;" library="nav" sourcename="Direcionamento da tela &quot;${page}&quot;">
<kw name="Get JSON" library="base">
<var>${telas_json}</var>
<arg>telas.json</arg>
<kw name="Get File" library="OperatingSystem">
<var>${file}</var>
<arg>${EXECDIR}/Files/${file_name}</arg>
<doc>Returns the contents of a specified file.</doc>
<msg timestamp="20220327 18:08:56.685" level="INFO" html="true">Getting file '&lt;a href="file://C:\Users\Mayara\Documents\TCC\RobotFramework-Sigsaude\Files\telas.json"&gt;C:\Users\Mayara\Documents\TCC\RobotFramework-Sigsaude\Files\telas.json&lt;/a&gt;'.</msg>
<msg timestamp="20220327 18:08:56.686" level="INFO">${file} = {
    "login":"/login",
    "novo usuario de serviço":"/paciente/cadastro",
    "listar usuarios de serviço":"/paciente",
    "cadastro de colaborador":"/colaborador/form",
    "agendamento":"/agendam...</msg>
<status status="PASS" starttime="20220327 18:08:56.685" endtime="20220327 18:08:56.686"/>
</kw>
<kw name="Evaluate" library="BuiltIn">
<var>${super_var}</var>
<arg>json.loads($file)</arg>
<arg>json</arg>
<doc>Evaluates the given expression in Python and returns the result.</doc>
<msg timestamp="20220327 18:08:56.687" level="INFO">${super_var} = {'login': '/login', 'novo usuario de serviço': '/paciente/cadastro', 'listar usuarios de serviço': '/paciente', 'cadastro de colaborador': '/colaborador/form', 'agendamento': '/agendamento', 'listar c...</msg>
<status status="PASS" starttime="20220327 18:08:56.686" endtime="20220327 18:08:56.687"/>
</kw>
<msg timestamp="20220327 18:08:56.687" level="INFO">${telas_json} = {'login': '/login', 'novo usuario de serviço': '/paciente/cadastro', 'listar usuarios de serviço': '/paciente', 'cadastro de colaborador': '/colaborador/form', 'agendamento': '/agendamento', 'listar c...</msg>
<status status="PASS" starttime="20220327 18:08:56.685" endtime="20220327 18:08:56.687"/>
</kw>
<kw name="Get JSON" library="base">
<var>${config_json}</var>
<arg>config.json</arg>
<kw name="Get File" library="OperatingSystem">
<var>${file}</var>
<arg>${EXECDIR}/Files/${file_name}</arg>
<doc>Returns the contents of a specified file.</doc>
<msg timestamp="20220327 18:08:56.688" level="INFO" html="true">Getting file '&lt;a href="file://C:\Users\Mayara\Documents\TCC\RobotFramework-Sigsaude\Files\config.json"&gt;C:\Users\Mayara\Documents\TCC\RobotFramework-Sigsaude\Files\config.json&lt;/a&gt;'.</msg>
<msg timestamp="20220327 18:08:56.688" level="INFO">${file} = {
    "base_url":"https://homologacaosigsaude.imd.ufrn.br/sigsaude",
    "navegador":"chromium",
    "lelog":"https://lelog.netlify.app/"

}</msg>
<status status="PASS" starttime="20220327 18:08:56.688" endtime="20220327 18:08:56.688"/>
</kw>
<kw name="Evaluate" library="BuiltIn">
<var>${super_var}</var>
<arg>json.loads($file)</arg>
<arg>json</arg>
<doc>Evaluates the given expression in Python and returns the result.</doc>
<msg timestamp="20220327 18:08:56.690" level="INFO">${super_var} = {'base_url': 'https://homologacaosigsaude.imd.ufrn.br/sigsaude', 'navegador': 'chromium', 'lelog': 'https://lelog.netlify.app/'}</msg>
<status status="PASS" starttime="20220327 18:08:56.689" endtime="20220327 18:08:56.690"/>
</kw>
<msg timestamp="20220327 18:08:56.691" level="INFO">${config_json} = {'base_url': 'https://homologacaosigsaude.imd.ufrn.br/sigsaude', 'navegador': 'chromium', 'lelog': 'https://lelog.netlify.app/'}</msg>
<status status="PASS" starttime="20220327 18:08:56.687" endtime="20220327 18:08:56.691"/>
</kw>
<kw name="Go To" library="Browser">
<arg>${config_json["base_url"]}${telas_json["${page}"]}</arg>
<tag>BrowserControl</tag>
<tag>Setter</tag>
<doc>Navigates to the given ``url``.</doc>
<msg timestamp="20220327 18:08:58.534" level="INFO">Succesfully opened URL https://homologacaosigsaude.imd.ufrn.br/sigsaude/agenda/</msg>
<status status="PASS" starttime="20220327 18:08:56.691" endtime="20220327 18:08:58.535"/>
</kw>
<status status="PASS" starttime="20220327 18:08:56.684" endtime="20220327 18:08:58.535"/>
</kw>
<status status="PASS" starttime="20220327 18:08:56.684" endtime="20220327 18:08:58.535"/>
</kw>
<status status="PASS" starttime="20220327 18:08:56.683" endtime="20220327 18:08:58.536"/>
</kw>
<status status="PASS" starttime="20220327 18:08:56.683" endtime="20220327 18:08:58.536"/>
</kw>
<kw name="Quando" library="bdd">
<arg>preencher o ${Campos_agenda.data_listagem} com ${Valor_campos_agenda.data_listagem}</arg>
<kw name="Run Keyword" library="BuiltIn">
<arg>@{Keywords}</arg>
<doc>Executes the given keyword with the given arguments.</doc>
<kw name="preencher o dataListagem com 11032022" library="Page_profissão_cadastro" sourcename="preencher o ${CAMPO} com ${VALOR}">
<kw name="Type Text" library="Browser">
<arg>id=${CAMPO}</arg>
<arg>${VALOR}</arg>
<tag>PageContent</tag>
<tag>Setter</tag>
<doc>Types the given ``txt`` into the text field found by ``selector``.</doc>
<msg timestamp="20220327 18:08:58.544" level="INFO">Types the text '11032022' in the given field.</msg>
<status status="PASS" starttime="20220327 18:08:58.544" endtime="20220327 18:08:58.724"/>
</kw>
<status status="PASS" starttime="20220327 18:08:58.542" endtime="20220327 18:08:58.724"/>
</kw>
<status status="PASS" starttime="20220327 18:08:58.540" endtime="20220327 18:08:58.724"/>
</kw>
<status status="PASS" starttime="20220327 18:08:58.537" endtime="20220327 18:08:58.724"/>
</kw>
<kw name="E" library="bdd">
<arg>clicar em ${Buttons_agenda.pesquisar}</arg>
<kw name="Run Keyword" library="BuiltIn">
<arg>@{Keywords}</arg>
<doc>Executes the given keyword with the given arguments.</doc>
<kw name="clicar em //*[@id=&quot;formApp&quot;]/div/div[3]/button" library="Page_agendamento" sourcename="clicar em ${CAMPO}">
<kw name="Click" library="Browser">
<arg>xpath=${CAMPO}</arg>
<tag>PageContent</tag>
<tag>Setter</tag>
<doc>Simulates mouse click on the element found by ``selector``.</doc>
<status status="PASS" starttime="20220327 18:08:58.730" endtime="20220327 18:08:58.920"/>
</kw>
<status status="PASS" starttime="20220327 18:08:58.730" endtime="20220327 18:08:58.921"/>
</kw>
<status status="PASS" starttime="20220327 18:08:58.730" endtime="20220327 18:08:58.921"/>
</kw>
<status status="PASS" starttime="20220327 18:08:58.724" endtime="20220327 18:08:58.921"/>
</kw>
<kw name="E" library="bdd">
<arg>clicar em ${Buttons_agenda.atendimento}</arg>
<kw name="Run Keyword" library="BuiltIn">
<arg>@{Keywords}</arg>
<doc>Executes the given keyword with the given arguments.</doc>
<kw name="clicar em //*[@id=&quot;atendimento9524&quot;]" library="Page_agendamento" sourcename="clicar em ${CAMPO}">
<kw name="Click" library="Browser">
<arg>xpath=${CAMPO}</arg>
<tag>PageContent</tag>
<tag>Setter</tag>
<doc>Simulates mouse click on the element found by ``selector``.</doc>
<status status="PASS" starttime="20220327 18:08:58.924" endtime="20220327 18:08:59.162"/>
</kw>
<status status="PASS" starttime="20220327 18:08:58.924" endtime="20220327 18:08:59.162"/>
</kw>
<status status="PASS" starttime="20220327 18:08:58.923" endtime="20220327 18:08:59.162"/>
</kw>
<status status="PASS" starttime="20220327 18:08:58.922" endtime="20220327 18:08:59.162"/>
</kw>
<kw name="E" library="bdd">
<arg>iniciar atendiemto</arg>
<kw name="Run Keyword" library="BuiltIn">
<arg>@{Keywords}</arg>
<doc>Executes the given keyword with the given arguments.</doc>
<kw name="iniciar atendiemto" library="Page_minha_agenda">
<kw name="Click" library="Browser">
<arg>xpath=${Buttons_agenda.sim}</arg>
<tag>PageContent</tag>
<tag>Setter</tag>
<doc>Simulates mouse click on the element found by ``selector``.</doc>
<status status="PASS" starttime="20220327 18:08:59.166" endtime="20220327 18:09:05.742"/>
</kw>
<status status="PASS" starttime="20220327 18:08:59.165" endtime="20220327 18:09:05.742"/>
</kw>
<status status="PASS" starttime="20220327 18:08:59.164" endtime="20220327 18:09:05.742"/>
</kw>
<status status="PASS" starttime="20220327 18:08:59.163" endtime="20220327 18:09:05.743"/>
</kw>
<kw name="Então" library="bdd">
<arg>informar descrição</arg>
<kw name="Run Keyword" library="BuiltIn">
<arg>@{Keywords}</arg>
<doc>Executes the given keyword with the given arguments.</doc>
<kw name="informar descrição" library="Page_dignostico">
<kw name="iniciar dados de diagnostico" library="Page_dignostico">
<kw name="clicar no ${Buttons_DIG.diagnostico}" library="Page_profissão_cadastro" sourcename="clicar no ${Button}">
<kw name="Click" library="Browser">
<arg>id=${Button}</arg>
<tag>PageContent</tag>
<tag>Setter</tag>
<doc>Simulates mouse click on the element found by ``selector``.</doc>
<status status="PASS" starttime="20220327 18:09:05.755" endtime="20220327 18:09:10.086"/>
</kw>
<status status="PASS" starttime="20220327 18:09:05.752" endtime="20220327 18:09:10.087"/>
</kw>
<status status="PASS" starttime="20220327 18:09:05.751" endtime="20220327 18:09:10.087"/>
</kw>
<kw name="preencher o ${Campos_DIG.descricao_diagnostico} com ${Valor_campos_DIG.descricao_diagnostico}" library="Page_profissão_cadastro" sourcename="preencher o ${CAMPO} com ${VALOR}">
<kw name="Type Text" library="Browser">
<arg>id=${CAMPO}</arg>
<arg>${VALOR}</arg>
<tag>PageContent</tag>
<tag>Setter</tag>
<doc>Types the given ``txt`` into the text field found by ``selector``.</doc>
<msg timestamp="20220327 18:09:10.093" level="INFO">Types the text 'Teste automatizado' in the given field.</msg>
<status status="PASS" starttime="20220327 18:09:10.092" endtime="20220327 18:09:10.375"/>
</kw>
<status status="PASS" starttime="20220327 18:09:10.088" endtime="20220327 18:09:10.376"/>
</kw>
<status status="PASS" starttime="20220327 18:09:05.750" endtime="20220327 18:09:10.376"/>
</kw>
<status status="PASS" starttime="20220327 18:09:05.748" endtime="20220327 18:09:10.376"/>
</kw>
<status status="PASS" starttime="20220327 18:09:05.747" endtime="20220327 18:09:10.376"/>
</kw>
<kw name="E" library="bdd">
<arg>clicar em ${Buttons_DIG.avançar}</arg>
<kw name="Run Keyword" library="BuiltIn">
<arg>@{Keywords}</arg>
<doc>Executes the given keyword with the given arguments.</doc>
<kw name="clicar em /html/body/div/div[2]/div/div/section/div[2]/div[3]/div[2]/div/div/div[2]/div/div[3]/div/div/div[1]/form/div[3]/div/button[2]" library="Page_agendamento" sourcename="clicar em ${CAMPO}">
<kw name="Click" library="Browser">
<arg>xpath=${CAMPO}</arg>
<tag>PageContent</tag>
<tag>Setter</tag>
<doc>Simulates mouse click on the element found by ``selector``.</doc>
<status status="PASS" starttime="20220327 18:09:10.382" endtime="20220327 18:09:10.482"/>
</kw>
<status status="PASS" starttime="20220327 18:09:10.381" endtime="20220327 18:09:10.483"/>
</kw>
<status status="PASS" starttime="20220327 18:09:10.380" endtime="20220327 18:09:10.483"/>
</kw>
<status status="PASS" starttime="20220327 18:09:10.377" endtime="20220327 18:09:10.483"/>
</kw>
<kw name="E" library="bdd">
<arg>informar diagnóstico</arg>
<kw name="Run Keyword" library="BuiltIn">
<arg>@{Keywords}</arg>
<doc>Executes the given keyword with the given arguments.</doc>
<kw name="informar diagnóstico" library="Page_dignostico">
<kw name="Click" library="Browser">
<arg>xpath=${Campos_DIG.diagnostico1}</arg>
<tag>PageContent</tag>
<tag>Setter</tag>
<doc>Simulates mouse click on the element found by ``selector``.</doc>
<status status="PASS" starttime="20220327 18:09:10.490" endtime="20220327 18:09:10.616"/>
</kw>
<kw name="Type Text" library="Browser">
<arg>xpath=${Campos_DIG.diagnostico2}</arg>
<arg>${Valor_campos_DIG.diagnostico2}</arg>
<tag>PageContent</tag>
<tag>Setter</tag>
<doc>Types the given ``txt`` into the text field found by ``selector``.</doc>
<msg timestamp="20220327 18:09:10.620" level="INFO">Types the text 'FEBRE TIFÓIDE' in the given field.</msg>
<status status="PASS" starttime="20220327 18:09:10.617" endtime="20220327 18:09:10.820"/>
</kw>
<kw name="Sleep" library="BuiltIn">
<arg>3s</arg>
<doc>Pauses the test executed for the given time.</doc>
<msg timestamp="20220327 18:09:13.834" level="INFO">Slept 3 seconds</msg>
<status status="PASS" starttime="20220327 18:09:10.821" endtime="20220327 18:09:13.834"/>
</kw>
<kw name="Click" library="Browser">
<arg>xpath=${Campos_DIG.selecionar_diagnostico}</arg>
<tag>PageContent</tag>
<tag>Setter</tag>
<doc>Simulates mouse click on the element found by ``selector``.</doc>
<status status="PASS" starttime="20220327 18:09:13.835" endtime="20220327 18:09:13.927"/>
</kw>
<status status="PASS" starttime="20220327 18:09:10.489" endtime="20220327 18:09:13.927"/>
</kw>
<status status="PASS" starttime="20220327 18:09:10.486" endtime="20220327 18:09:13.927"/>
</kw>
<status status="PASS" starttime="20220327 18:09:10.485" endtime="20220327 18:09:13.927"/>
</kw>
<kw name="E" library="bdd">
<arg>clicar em ${Buttons_DIG.avançar}</arg>
<kw name="Run Keyword" library="BuiltIn">
<arg>@{Keywords}</arg>
<doc>Executes the given keyword with the given arguments.</doc>
<kw name="clicar em /html/body/div/div[2]/div/div/section/div[2]/div[3]/div[2]/div/div/div[2]/div/div[3]/div/div/div[1]/form/div[3]/div/button[2]" library="Page_agendamento" sourcename="clicar em ${CAMPO}">
<kw name="Click" library="Browser">
<arg>xpath=${CAMPO}</arg>
<tag>PageContent</tag>
<tag>Setter</tag>
<doc>Simulates mouse click on the element found by ``selector``.</doc>
<status status="PASS" starttime="20220327 18:09:13.932" endtime="20220327 18:09:14.020"/>
</kw>
<status status="PASS" starttime="20220327 18:09:13.931" endtime="20220327 18:09:14.020"/>
</kw>
<status status="PASS" starttime="20220327 18:09:13.931" endtime="20220327 18:09:14.021"/>
</kw>
<status status="PASS" starttime="20220327 18:09:13.928" endtime="20220327 18:09:14.021"/>
</kw>
<kw name="E" library="bdd">
<arg>informar documentos</arg>
<kw name="Run Keyword" library="BuiltIn">
<arg>@{Keywords}</arg>
<doc>Executes the given keyword with the given arguments.</doc>
<kw name="informar documentos" library="Page_dignostico">
<kw name="preencher o ${Campos_DIG.des_exame} com ${Valor_campos_DIG.des_exame}" library="Page_profissão_cadastro" sourcename="preencher o ${CAMPO} com ${VALOR}">
<kw name="Type Text" library="Browser">
<arg>id=${CAMPO}</arg>
<arg>${VALOR}</arg>
<tag>PageContent</tag>
<tag>Setter</tag>
<doc>Types the given ``txt`` into the text field found by ``selector``.</doc>
<msg timestamp="20220327 18:09:14.029" level="INFO">Types the text 'Teste automatizado' in the given field.</msg>
<status status="PASS" starttime="20220327 18:09:14.028" endtime="20220327 18:09:14.220"/>
</kw>
<status status="PASS" starttime="20220327 18:09:14.026" endtime="20220327 18:09:14.220"/>
</kw>
<kw name="upload de arquivo ${Buttons_DIG.exames}" library="Page_dignostico" sourcename="upload de arquivo ${CAMPO}">
<kw name="Promise To Upload File" library="Browser">
<var>${promise}</var>
<arg>C:/Users/Mayara/Documents/TCC/RobotFramework-Sigsaude/Resources/Arquivos/b.png</arg>
<tag>PageContent</tag>
<tag>Setter</tag>
<doc>Returns a promise that resolves when file from ``path`` has been uploaded.
Fails if the upload has not happened during timeout.</doc>
<msg timestamp="20220327 18:09:14.224" level="INFO">${promise} = &lt;Future at 0x16839ce2250 state=running&gt;</msg>
<status status="PASS" starttime="20220327 18:09:14.221" endtime="20220327 18:09:14.225"/>
</kw>
<kw name="Click" library="Browser">
<arg>id=${CAMPO}</arg>
<tag>PageContent</tag>
<tag>Setter</tag>
<doc>Simulates mouse click on the element found by ``selector``.</doc>
<status status="PASS" starttime="20220327 18:09:14.225" endtime="20220327 18:09:14.369"/>
</kw>
<kw name="Wait For" library="Browser">
<var>${upload_result}</var>
<arg>${promise}</arg>
<tag>Wait</tag>
<doc>Waits for promises to finish and returns results from them.
Returns one result if one promise waited. Otherwise returns an array of results.
If one fails, then this keyword will fail.</doc>
<msg timestamp="20220327 18:09:14.387" level="INFO">${upload_result} = None</msg>
<status status="PASS" starttime="20220327 18:09:14.370" endtime="20220327 18:09:14.387"/>
</kw>
<status status="PASS" starttime="20220327 18:09:14.220" endtime="20220327 18:09:14.387"/>
</kw>
<kw name="clicar em ${Buttons_DIG.add_exame}" library="Page_agendamento" sourcename="clicar em ${CAMPO}">
<kw name="Click" library="Browser">
<arg>xpath=${CAMPO}</arg>
<tag>PageContent</tag>
<tag>Setter</tag>
<doc>Simulates mouse click on the element found by ``selector``.</doc>
<status status="PASS" starttime="20220327 18:09:14.388" endtime="20220327 18:09:14.496"/>
</kw>
<status status="PASS" starttime="20220327 18:09:14.387" endtime="20220327 18:09:14.497"/>
</kw>
<kw name="preencher o ${Campos_DIG.des_doc} com ${Valor_campos_DIG.des_doc}" library="Page_profissão_cadastro" sourcename="preencher o ${CAMPO} com ${VALOR}">
<kw name="Type Text" library="Browser">
<arg>id=${CAMPO}</arg>
<arg>${VALOR}</arg>
<tag>PageContent</tag>
<tag>Setter</tag>
<doc>Types the given ``txt`` into the text field found by ``selector``.</doc>
<msg timestamp="20220327 18:09:14.500" level="INFO">Types the text 'Teste automatizado' in the given field.</msg>
<status status="PASS" starttime="20220327 18:09:14.500" endtime="20220327 18:09:14.668"/>
</kw>
<status status="PASS" starttime="20220327 18:09:14.497" endtime="20220327 18:09:14.668"/>
</kw>
<kw name="upload de arquivo ${Buttons_DIG.doc_gerais}" library="Page_dignostico" sourcename="upload de arquivo ${CAMPO}">
<kw name="Promise To Upload File" library="Browser">
<var>${promise}</var>
<arg>C:/Users/Mayara/Documents/TCC/RobotFramework-Sigsaude/Resources/Arquivos/b.png</arg>
<tag>PageContent</tag>
<tag>Setter</tag>
<doc>Returns a promise that resolves when file from ``path`` has been uploaded.
Fails if the upload has not happened during timeout.</doc>
<msg timestamp="20220327 18:09:14.670" level="INFO">${promise} = &lt;Future at 0x16839d00c70 state=pending&gt;</msg>
<status status="PASS" starttime="20220327 18:09:14.670" endtime="20220327 18:09:14.670"/>
</kw>
<kw name="Click" library="Browser">
<arg>id=${CAMPO}</arg>
<tag>PageContent</tag>
<tag>Setter</tag>
<doc>Simulates mouse click on the element found by ``selector``.</doc>
<status status="PASS" starttime="20220327 18:09:14.671" endtime="20220327 18:09:14.775"/>
</kw>
<kw name="Wait For" library="Browser">
<var>${upload_result}</var>
<arg>${promise}</arg>
<tag>Wait</tag>
<doc>Waits for promises to finish and returns results from them.
Returns one result if one promise waited. Otherwise returns an array of results.
If one fails, then this keyword will fail.</doc>
<msg timestamp="20220327 18:09:14.808" level="INFO">${upload_result} = None</msg>
<status status="PASS" starttime="20220327 18:09:14.776" endtime="20220327 18:09:14.808"/>
</kw>
<status status="PASS" starttime="20220327 18:09:14.669" endtime="20220327 18:09:14.808"/>
</kw>
<kw name="clicar em ${Buttons_DIG.add_doc}" library="Page_agendamento" sourcename="clicar em ${CAMPO}">
<kw name="Click" library="Browser">
<arg>xpath=${CAMPO}</arg>
<tag>PageContent</tag>
<tag>Setter</tag>
<doc>Simulates mouse click on the element found by ``selector``.</doc>
<status status="PASS" starttime="20220327 18:09:14.811" endtime="20220327 18:09:14.941"/>
</kw>
<status status="PASS" starttime="20220327 18:09:14.809" endtime="20220327 18:09:14.942"/>
</kw>
<status status="PASS" starttime="20220327 18:09:14.024" endtime="20220327 18:09:14.943"/>
</kw>
<status status="PASS" starttime="20220327 18:09:14.023" endtime="20220327 18:09:14.943"/>
</kw>
<status status="PASS" starttime="20220327 18:09:14.022" endtime="20220327 18:09:14.943"/>
</kw>
<kw name="E" library="bdd">
<arg>clicar em ${Buttons_DIG.avançar}</arg>
<kw name="Run Keyword" library="BuiltIn">
<arg>@{Keywords}</arg>
<doc>Executes the given keyword with the given arguments.</doc>
<kw name="clicar em /html/body/div/div[2]/div/div/section/div[2]/div[3]/div[2]/div/div/div[2]/div/div[3]/div/div/div[1]/form/div[3]/div/button[2]" library="Page_agendamento" sourcename="clicar em ${CAMPO}">
<kw name="Click" library="Browser">
<arg>xpath=${CAMPO}</arg>
<tag>PageContent</tag>
<tag>Setter</tag>
<doc>Simulates mouse click on the element found by ``selector``.</doc>
<status status="PASS" starttime="20220327 18:09:14.947" endtime="20220327 18:09:15.079"/>
</kw>
<status status="PASS" starttime="20220327 18:09:14.946" endtime="20220327 18:09:15.079"/>
</kw>
<status status="PASS" starttime="20220327 18:09:14.946" endtime="20220327 18:09:15.079"/>
</kw>
<status status="PASS" starttime="20220327 18:09:14.944" endtime="20220327 18:09:15.079"/>
</kw>
<kw name="Quando" library="bdd">
<arg>clicar em ${Buttons_DIG.cadastrar}</arg>
<kw name="Run Keyword" library="BuiltIn">
<arg>@{Keywords}</arg>
<doc>Executes the given keyword with the given arguments.</doc>
<kw name="clicar em /html/body/div/div[2]/div/div/section/div[2]/div[3]/div[2]/div/div/div[2]/div/div[3]/div/div/div[1]/form/div[3]/div/button[2]" library="Page_agendamento" sourcename="clicar em ${CAMPO}">
<kw name="Click" library="Browser">
<arg>xpath=${CAMPO}</arg>
<tag>PageContent</tag>
<tag>Setter</tag>
<doc>Simulates mouse click on the element found by ``selector``.</doc>
<status status="PASS" starttime="20220327 18:09:15.083" endtime="20220327 18:09:18.520"/>
</kw>
<status status="PASS" starttime="20220327 18:09:15.082" endtime="20220327 18:09:18.520"/>
</kw>
<status status="PASS" starttime="20220327 18:09:15.082" endtime="20220327 18:09:18.521"/>
</kw>
<status status="PASS" starttime="20220327 18:09:15.080" endtime="20220327 18:09:18.521"/>
</kw>
<kw name="Então" library="bdd">
<arg>mensagem de cadastro realizado com sucesso é exibida</arg>
<kw name="Run Keyword" library="BuiltIn">
<arg>@{Keywords}</arg>
<doc>Executes the given keyword with the given arguments.</doc>
<kw name="mensagem de cadastro realizado com sucesso é exibida" library="Page_profissão_cadastro">
<kw name="Wait For Elements State" library="Browser">
<arg>css=.swal-modal</arg>
<arg>visible</arg>
<tag>PageContent</tag>
<tag>Wait</tag>
<doc>Waits for the element found by ``selector`` to satisfy state option.</doc>
<msg timestamp="20220327 18:09:22.511" level="INFO">Wait for Element with selector: css=.swal-modal</msg>
<status status="PASS" starttime="20220327 18:09:18.547" endtime="20220327 18:09:22.511"/>
</kw>
<kw name="Click" library="Browser">
<arg>xpath=${Buttons.OK}</arg>
<tag>PageContent</tag>
<tag>Setter</tag>
<doc>Simulates mouse click on the element found by ``selector``.</doc>
<status status="PASS" starttime="20220327 18:09:22.512" endtime="20220327 18:09:22.831"/>
</kw>
<status status="PASS" starttime="20220327 18:09:18.546" endtime="20220327 18:09:22.831"/>
</kw>
<status status="PASS" starttime="20220327 18:09:18.546" endtime="20220327 18:09:22.831"/>
</kw>
<status status="PASS" starttime="20220327 18:09:18.545" endtime="20220327 18:09:22.831"/>
</kw>
<tag>Testes</tag>
<status status="PASS" starttime="20220327 18:08:56.653" endtime="20220327 18:09:22.834"/>
</test>
<doc>Formulario comum</doc>
<status status="PASS" starttime="20220327 18:08:49.570" endtime="20220327 18:09:22.840"/>
</suite>
<status status="PASS" starttime="20220327 18:08:49.539" endtime="20220327 18:09:22.982"/>
</suite>
<statistics>
<total>
<stat pass="1" fail="0" skip="0">All Tests</stat>
</total>
<tag>
<stat pass="1" fail="0" skip="0">Testes</stat>
</tag>
<suite>
<stat pass="1" fail="0" skip="0" id="s1" name="Tests">Tests</stat>
<stat pass="1" fail="0" skip="0" id="s1-s1" name="Formulario comum">Tests.Formulario comum</stat>
</suite>
</statistics>
<errors>
<msg timestamp="20220327 18:08:50.398" level="ERROR">Error in file 'C:\Users\Mayara\Documents\TCC\RobotFramework-Sigsaude\Resources\Page_datastudio.robot' on line 4: Importing library 'RPA.Cloud.Google' failed: ModuleNotFoundError: No module named 'RPA'
Traceback (most recent call last):
  None
PYTHONPATH:
  C:\Users\Mayara\AppData\Roaming\Python\Python39\Scripts\robot.exe
  c:\program files\python39\python39.zip
  c:\program files\python39\DLLs
  c:\program files\python39\lib
  c:\program files\python39
  C:\Users\Mayara\AppData\Roaming\Python\Python39\site-packages
  c:\program files\python39\lib\site-packages</msg>
<msg timestamp="20220327 18:08:50.419" level="ERROR">Error in file 'C:\Users\Mayara\Documents\TCC\RobotFramework-Sigsaude\Resources\Page_capturar_dados.robot' on line 2: Importing library 'RPA.Tables' failed: ModuleNotFoundError: No module named 'RPA'
Traceback (most recent call last):
  None
PYTHONPATH:
  C:\Users\Mayara\AppData\Roaming\Python\Python39\Scripts\robot.exe
  c:\program files\python39\python39.zip
  c:\program files\python39\DLLs
  c:\program files\python39\lib
  c:\program files\python39
  C:\Users\Mayara\AppData\Roaming\Python\Python39\site-packages
  c:\program files\python39\lib\site-packages</msg>
<msg timestamp="20220327 18:08:50.423" level="ERROR">Error in file 'C:\Users\Mayara\Documents\TCC\RobotFramework-Sigsaude\Resources\Page_capturar_dados.robot' on line 3: Importing library 'RPA.Excel.Files' failed: ModuleNotFoundError: No module named 'RPA'
Traceback (most recent call last):
  None
PYTHONPATH:
  C:\Users\Mayara\AppData\Roaming\Python\Python39\Scripts\robot.exe
  c:\program files\python39\python39.zip
  c:\program files\python39\DLLs
  c:\program files\python39\lib
  c:\program files\python39
  C:\Users\Mayara\AppData\Roaming\Python\Python39\site-packages
  c:\program files\python39\lib\site-packages</msg>
</errors>
</robot>
