<?xml version="1.0" encoding="UTF-8"?>
<robot generator="Robot 4.0.3 (Python 3.8.10 on linux)" generated="20211114 23:20:11.655" rpa="false" schemaversion="2">
<suite id="s1" name="6 - Profissão" source="/home/m.calixta/Projeto sigsaúde/Tests/6 - Profissão.robot">
<kw name="iniciar navegador sessão &quot;Endocrinologia&quot;" library="base" type="SETUP" sourcename="iniciar navegador sessão &quot;${login_usuario}&quot;">
<kw name="iniciar Navegador" library="base">
<kw name="Get JSON" library="base">
<var>${config_json}</var>
<arg>config.json</arg>
<kw name="Get File" library="OperatingSystem">
<var>${file}</var>
<arg>${EXECDIR}/Files/${file_name}</arg>
<doc>Returns the contents of a specified file.</doc>
<msg timestamp="20211114 23:20:13.052" level="INFO" html="true">Getting file '&lt;a href="file:///home/m.calixta/Projeto sigsaúde/Files/config.json"&gt;/home/m.calixta/Projeto sigsaúde/Files/config.json&lt;/a&gt;'.</msg>
<msg timestamp="20211114 23:20:13.052" level="INFO">${file} = {
    "base_url":"http://177.20.147.8/sigsaude",
    "navegador":"chromium"
}</msg>
<status status="PASS" starttime="20211114 23:20:13.051" endtime="20211114 23:20:13.052"/>
</kw>
<kw name="Evaluate" library="BuiltIn">
<var>${super_var}</var>
<arg>json.loads($file)</arg>
<arg>json</arg>
<doc>Evaluates the given expression in Python and returns the result.</doc>
<msg timestamp="20211114 23:20:13.065" level="INFO">${super_var} = {'base_url': 'http://177.20.147.8/sigsaude', 'navegador': 'chromium'}</msg>
<status status="PASS" starttime="20211114 23:20:13.053" endtime="20211114 23:20:13.065"/>
</kw>
<msg timestamp="20211114 23:20:13.066" level="INFO">${config_json} = {'base_url': 'http://177.20.147.8/sigsaude', 'navegador': 'chromium'}</msg>
<status status="PASS" starttime="20211114 23:20:13.050" endtime="20211114 23:20:13.066"/>
</kw>
<kw name="New Browser" library="Browser">
<arg>${config_json["navegador"]}</arg>
<arg>False</arg>
<tag>BrowserControl</tag>
<tag>Setter</tag>
<doc>Create a new playwright Browser with specified options.
See `Browser, Context and Page` for more information about Browser and related concepts.</doc>
<msg timestamp="20211114 23:20:13.070" level="INFO">{"browser": "chromium", "headless": false, "handleSIGINT": true, "handleSIGTERM": true, "handleSIGHUP": true, "timeout": 30000.0, "devtools": false, "slowMo": 0.0}</msg>
<msg timestamp="20211114 23:20:13.320" level="INFO">Successfully created browser with options: {"browser":"chromium","headless":false,"handleSIGINT":true,"handleSIGTERM":true,"handleSIGHUP":true,"timeout":30000,"devtools":false,"slowMo":0}</msg>
<status status="PASS" starttime="20211114 23:20:13.067" endtime="20211114 23:20:13.320"/>
</kw>
<status status="PASS" starttime="20211114 23:20:13.049" endtime="20211114 23:20:13.321"/>
</kw>
<kw name="Get JSON" library="base">
<var>${config_json}</var>
<arg>config.json</arg>
<kw name="Get File" library="OperatingSystem">
<var>${file}</var>
<arg>${EXECDIR}/Files/${file_name}</arg>
<doc>Returns the contents of a specified file.</doc>
<msg timestamp="20211114 23:20:13.323" level="INFO" html="true">Getting file '&lt;a href="file:///home/m.calixta/Projeto sigsaúde/Files/config.json"&gt;/home/m.calixta/Projeto sigsaúde/Files/config.json&lt;/a&gt;'.</msg>
<msg timestamp="20211114 23:20:13.324" level="INFO">${file} = {
    "base_url":"http://177.20.147.8/sigsaude",
    "navegador":"chromium"
}</msg>
<status status="PASS" starttime="20211114 23:20:13.322" endtime="20211114 23:20:13.324"/>
</kw>
<kw name="Evaluate" library="BuiltIn">
<var>${super_var}</var>
<arg>json.loads($file)</arg>
<arg>json</arg>
<doc>Evaluates the given expression in Python and returns the result.</doc>
<msg timestamp="20211114 23:20:13.325" level="INFO">${super_var} = {'base_url': 'http://177.20.147.8/sigsaude', 'navegador': 'chromium'}</msg>
<status status="PASS" starttime="20211114 23:20:13.324" endtime="20211114 23:20:13.325"/>
</kw>
<msg timestamp="20211114 23:20:13.326" level="INFO">${config_json} = {'base_url': 'http://177.20.147.8/sigsaude', 'navegador': 'chromium'}</msg>
<status status="PASS" starttime="20211114 23:20:13.321" endtime="20211114 23:20:13.326"/>
</kw>
<kw name="New Page" library="Browser">
<arg>${config_json["base_url"]}</arg>
<tag>BrowserControl</tag>
<tag>Setter</tag>
<doc>Open a new Page. A Page is the Playwright equivalent to a tab.
See `Browser, Context and Page` for more information about Page concept.
Returns a stable identifier for the created page.</doc>
<msg timestamp="20211114 23:20:20.102" level="INFO">Successfully initialized new page object and opened url: http://177.20.147.8/sigsaude</msg>
<msg timestamp="20211114 23:20:20.102" level="INFO">No context was open. New context was automatically opened when this page is created.</msg>
<status status="PASS" starttime="20211114 23:20:13.327" endtime="20211114 23:20:20.103"/>
</kw>
<kw name="Direcionamento da tela &quot;login&quot;" library="nav" sourcename="Direcionamento da tela &quot;${page}&quot;">
<kw name="Get JSON" library="base">
<var>${telas_json}</var>
<arg>telas.json</arg>
<kw name="Get File" library="OperatingSystem">
<var>${file}</var>
<arg>${EXECDIR}/Files/${file_name}</arg>
<doc>Returns the contents of a specified file.</doc>
<msg timestamp="20211114 23:20:20.111" level="INFO" html="true">Getting file '&lt;a href="file:///home/m.calixta/Projeto sigsaúde/Files/telas.json"&gt;/home/m.calixta/Projeto sigsaúde/Files/telas.json&lt;/a&gt;'.</msg>
<msg timestamp="20211114 23:20:20.112" level="INFO">${file} = {
    "login":"/login",
    "novo usuario de serviço":"/paciente/cadastro",
    "listar usuarios de serviço":"/paciente",
    "cadastro de colaborador":"/colaborador/form",
    "agendamento":"/agendam...</msg>
<status status="PASS" starttime="20211114 23:20:20.109" endtime="20211114 23:20:20.113"/>
</kw>
<kw name="Evaluate" library="BuiltIn">
<var>${super_var}</var>
<arg>json.loads($file)</arg>
<arg>json</arg>
<doc>Evaluates the given expression in Python and returns the result.</doc>
<msg timestamp="20211114 23:20:20.117" level="INFO">${super_var} = {'login': '/login', 'novo usuario de serviço': '/paciente/cadastro', 'listar usuarios de serviço': '/paciente', 'cadastro de colaborador': '/colaborador/form', 'agendamento': '/agendamento', 'listar c...</msg>
<status status="PASS" starttime="20211114 23:20:20.114" endtime="20211114 23:20:20.117"/>
</kw>
<msg timestamp="20211114 23:20:20.119" level="INFO">${telas_json} = {'login': '/login', 'novo usuario de serviço': '/paciente/cadastro', 'listar usuarios de serviço': '/paciente', 'cadastro de colaborador': '/colaborador/form', 'agendamento': '/agendamento', 'listar c...</msg>
<status status="PASS" starttime="20211114 23:20:20.106" endtime="20211114 23:20:20.120"/>
</kw>
<kw name="Get JSON" library="base">
<var>${config_json}</var>
<arg>config.json</arg>
<kw name="Get File" library="OperatingSystem">
<var>${file}</var>
<arg>${EXECDIR}/Files/${file_name}</arg>
<doc>Returns the contents of a specified file.</doc>
<msg timestamp="20211114 23:20:20.128" level="INFO" html="true">Getting file '&lt;a href="file:///home/m.calixta/Projeto sigsaúde/Files/config.json"&gt;/home/m.calixta/Projeto sigsaúde/Files/config.json&lt;/a&gt;'.</msg>
<msg timestamp="20211114 23:20:20.130" level="INFO">${file} = {
    "base_url":"http://177.20.147.8/sigsaude",
    "navegador":"chromium"
}</msg>
<status status="PASS" starttime="20211114 23:20:20.125" endtime="20211114 23:20:20.130"/>
</kw>
<kw name="Evaluate" library="BuiltIn">
<var>${super_var}</var>
<arg>json.loads($file)</arg>
<arg>json</arg>
<doc>Evaluates the given expression in Python and returns the result.</doc>
<msg timestamp="20211114 23:20:20.134" level="INFO">${super_var} = {'base_url': 'http://177.20.147.8/sigsaude', 'navegador': 'chromium'}</msg>
<status status="PASS" starttime="20211114 23:20:20.131" endtime="20211114 23:20:20.134"/>
</kw>
<msg timestamp="20211114 23:20:20.136" level="INFO">${config_json} = {'base_url': 'http://177.20.147.8/sigsaude', 'navegador': 'chromium'}</msg>
<status status="PASS" starttime="20211114 23:20:20.122" endtime="20211114 23:20:20.136"/>
</kw>
<kw name="Go To" library="Browser">
<arg>${config_json["base_url"]}${telas_json["${page}"]}</arg>
<tag>BrowserControl</tag>
<tag>Setter</tag>
<doc>Navigates to the given ``url``.</doc>
<msg timestamp="20211114 23:20:21.768" level="INFO">Succesfully opened URL http://177.20.147.8/sigsaude/login</msg>
<status status="PASS" starttime="20211114 23:20:20.138" endtime="20211114 23:20:21.769"/>
</kw>
<status status="PASS" starttime="20211114 23:20:20.104" endtime="20211114 23:20:21.770"/>
</kw>
<kw name="Get JSON" library="base">
<var>${login_json}</var>
<arg>login.json</arg>
<kw name="Get File" library="OperatingSystem">
<var>${file}</var>
<arg>${EXECDIR}/Files/${file_name}</arg>
<doc>Returns the contents of a specified file.</doc>
<msg timestamp="20211114 23:20:21.780" level="INFO" html="true">Getting file '&lt;a href="file:///home/m.calixta/Projeto sigsaúde/Files/login.json"&gt;/home/m.calixta/Projeto sigsaúde/Files/login.json&lt;/a&gt;'.</msg>
<msg timestamp="20211114 23:20:21.782" level="INFO">${file} = {

    "Psicologia":{
        "login": "drpsicologia",
        "senha": 85278120029
    },

    "Endocrinologia":{
        "login": "drendocrinologia",
        "senha": 98841863323
    }
}</msg>
<status status="PASS" starttime="20211114 23:20:21.777" endtime="20211114 23:20:21.782"/>
</kw>
<kw name="Evaluate" library="BuiltIn">
<var>${super_var}</var>
<arg>json.loads($file)</arg>
<arg>json</arg>
<doc>Evaluates the given expression in Python and returns the result.</doc>
<msg timestamp="20211114 23:20:21.787" level="INFO">${super_var} = {'Psicologia': {'login': 'drpsicologia', 'senha': 85278120029}, 'Endocrinologia': {'login': 'drendocrinologia', 'senha': 98841863323}}</msg>
<status status="PASS" starttime="20211114 23:20:21.784" endtime="20211114 23:20:21.788"/>
</kw>
<msg timestamp="20211114 23:20:21.790" level="INFO">${login_json} = {'Psicologia': {'login': 'drpsicologia', 'senha': 85278120029}, 'Endocrinologia': {'login': 'drendocrinologia', 'senha': 98841863323}}</msg>
<status status="PASS" starttime="20211114 23:20:21.773" endtime="20211114 23:20:21.790"/>
</kw>
<kw name="Fill Text" library="Browser">
<arg>id=login-username</arg>
<arg>${login_json["${login_usuario}"]["login"]}</arg>
<tag>PageContent</tag>
<tag>Setter</tag>
<doc>Clears and fills the given ``text`` into the text field found by ``selector``.</doc>
<msg timestamp="20211114 23:20:21.801" level="INFO">Fills the text 'drendocrinologia' in the given field.</msg>
<status status="PASS" starttime="20211114 23:20:21.793" endtime="20211114 23:20:21.852"/>
</kw>
<kw name="Fill Text" library="Browser">
<arg>id=login-password</arg>
<arg>${login_json["${login_usuario}"]["senha"]}</arg>
<tag>PageContent</tag>
<tag>Setter</tag>
<doc>Clears and fills the given ``text`` into the text field found by ``selector``.</doc>
<msg timestamp="20211114 23:20:21.856" level="INFO">Fills the text '98841863323' in the given field.</msg>
<status status="PASS" starttime="20211114 23:20:21.852" endtime="20211114 23:20:21.870"/>
</kw>
<kw name="Click" library="Browser">
<arg>css=[value='Entrar']</arg>
<tag>PageContent</tag>
<tag>Setter</tag>
<doc>Simulates mouse click on the element found by ``selector``.</doc>
<status status="PASS" starttime="20211114 23:20:21.871" endtime="20211114 23:20:22.470"/>
</kw>
<status status="PASS" starttime="20211114 23:20:13.047" endtime="20211114 23:20:22.471"/>
</kw>
<test id="s1-t1" name="[001] -Cadastro de profissão (Completo)">
<kw name="Dado" library="bdd">
<arg>que o usuario está na tela "cadastro de profissão"</arg>
<kw name="Run Keyword" library="BuiltIn">
<arg>@{Keywords}</arg>
<doc>Executes the given keyword with the given arguments.</doc>
<kw name="que o usuario está na tela &quot;cadastro de profissão&quot;" library="nav" sourcename="que o usuario está na tela &quot;${tela}&quot;">
<kw name="Direcionamento da tela &quot;${tela}&quot;" library="nav" sourcename="Direcionamento da tela &quot;${page}&quot;">
<kw name="Get JSON" library="base">
<var>${telas_json}</var>
<arg>telas.json</arg>
<kw name="Get File" library="OperatingSystem">
<var>${file}</var>
<arg>${EXECDIR}/Files/${file_name}</arg>
<doc>Returns the contents of a specified file.</doc>
<msg timestamp="20211114 23:20:22.498" level="INFO" html="true">Getting file '&lt;a href="file:///home/m.calixta/Projeto sigsaúde/Files/telas.json"&gt;/home/m.calixta/Projeto sigsaúde/Files/telas.json&lt;/a&gt;'.</msg>
<msg timestamp="20211114 23:20:22.499" level="INFO">${file} = {
    "login":"/login",
    "novo usuario de serviço":"/paciente/cadastro",
    "listar usuarios de serviço":"/paciente",
    "cadastro de colaborador":"/colaborador/form",
    "agendamento":"/agendam...</msg>
<status status="PASS" starttime="20211114 23:20:22.497" endtime="20211114 23:20:22.499"/>
</kw>
<kw name="Evaluate" library="BuiltIn">
<var>${super_var}</var>
<arg>json.loads($file)</arg>
<arg>json</arg>
<doc>Evaluates the given expression in Python and returns the result.</doc>
<msg timestamp="20211114 23:20:22.501" level="INFO">${super_var} = {'login': '/login', 'novo usuario de serviço': '/paciente/cadastro', 'listar usuarios de serviço': '/paciente', 'cadastro de colaborador': '/colaborador/form', 'agendamento': '/agendamento', 'listar c...</msg>
<status status="PASS" starttime="20211114 23:20:22.500" endtime="20211114 23:20:22.501"/>
</kw>
<msg timestamp="20211114 23:20:22.502" level="INFO">${telas_json} = {'login': '/login', 'novo usuario de serviço': '/paciente/cadastro', 'listar usuarios de serviço': '/paciente', 'cadastro de colaborador': '/colaborador/form', 'agendamento': '/agendamento', 'listar c...</msg>
<status status="PASS" starttime="20211114 23:20:22.495" endtime="20211114 23:20:22.503"/>
</kw>
<kw name="Get JSON" library="base">
<var>${config_json}</var>
<arg>config.json</arg>
<kw name="Get File" library="OperatingSystem">
<var>${file}</var>
<arg>${EXECDIR}/Files/${file_name}</arg>
<doc>Returns the contents of a specified file.</doc>
<msg timestamp="20211114 23:20:22.506" level="INFO" html="true">Getting file '&lt;a href="file:///home/m.calixta/Projeto sigsaúde/Files/config.json"&gt;/home/m.calixta/Projeto sigsaúde/Files/config.json&lt;/a&gt;'.</msg>
<msg timestamp="20211114 23:20:22.506" level="INFO">${file} = {
    "base_url":"http://177.20.147.8/sigsaude",
    "navegador":"chromium"
}</msg>
<status status="PASS" starttime="20211114 23:20:22.505" endtime="20211114 23:20:22.507"/>
</kw>
<kw name="Evaluate" library="BuiltIn">
<var>${super_var}</var>
<arg>json.loads($file)</arg>
<arg>json</arg>
<doc>Evaluates the given expression in Python and returns the result.</doc>
<msg timestamp="20211114 23:20:22.509" level="INFO">${super_var} = {'base_url': 'http://177.20.147.8/sigsaude', 'navegador': 'chromium'}</msg>
<status status="PASS" starttime="20211114 23:20:22.507" endtime="20211114 23:20:22.509"/>
</kw>
<msg timestamp="20211114 23:20:22.510" level="INFO">${config_json} = {'base_url': 'http://177.20.147.8/sigsaude', 'navegador': 'chromium'}</msg>
<status status="PASS" starttime="20211114 23:20:22.503" endtime="20211114 23:20:22.510"/>
</kw>
<kw name="Go To" library="Browser">
<arg>${config_json["base_url"]}${telas_json["${page}"]}</arg>
<tag>BrowserControl</tag>
<tag>Setter</tag>
<doc>Navigates to the given ``url``.</doc>
<msg timestamp="20211114 23:20:25.598" level="INFO">Succesfully opened URL http://177.20.147.8/sigsaude/profissao/form</msg>
<status status="PASS" starttime="20211114 23:20:22.511" endtime="20211114 23:20:25.598"/>
</kw>
<status status="PASS" starttime="20211114 23:20:22.493" endtime="20211114 23:20:25.598"/>
</kw>
<status status="PASS" starttime="20211114 23:20:22.492" endtime="20211114 23:20:25.599"/>
</kw>
<status status="PASS" starttime="20211114 23:20:22.490" endtime="20211114 23:20:25.599"/>
</kw>
<status status="PASS" starttime="20211114 23:20:22.488" endtime="20211114 23:20:25.599"/>
</kw>
<kw name="E" library="bdd">
<arg>informar os dados cadastrais "Profissão"</arg>
<kw name="Run Keyword" library="BuiltIn">
<arg>@{Keywords}</arg>
<doc>Executes the given keyword with the given arguments.</doc>
<kw name="informar os dados cadastrais &quot;Profissão&quot;" library="cadastros" sourcename="informar os dados cadastrais &quot;${dados}&quot;">
<kw name="Get JSON" library="base">
<var>${dados_json}</var>
<arg>cadastros.json</arg>
<kw name="Get File" library="OperatingSystem">
<var>${file}</var>
<arg>${EXECDIR}/Files/${file_name}</arg>
<doc>Returns the contents of a specified file.</doc>
<msg timestamp="20211114 23:20:25.610" level="INFO" html="true">Getting file '&lt;a href="file:///home/m.calixta/Projeto sigsaúde/Files/cadastros.json"&gt;/home/m.calixta/Projeto sigsaúde/Files/cadastros.json&lt;/a&gt;'.</msg>
<msg timestamp="20211114 23:20:25.610" level="INFO">${file} = {

	"usuario de serviço": [
		{			
			"checkboxDesconheceNomeMae":"",
			"checkboxDesconheceNomePai":"",
			"checkboxNomeSocial":"",
			"checkboxGenero":"",
			"checkboxDeficiente":"",
			"inputCPF":"...</msg>
<status status="PASS" starttime="20211114 23:20:25.608" endtime="20211114 23:20:25.611"/>
</kw>
<kw name="Evaluate" library="BuiltIn">
<var>${super_var}</var>
<arg>json.loads($file)</arg>
<arg>json</arg>
<doc>Evaluates the given expression in Python and returns the result.</doc>
<msg timestamp="20211114 23:20:25.613" level="INFO">${super_var} = {'usuario de serviço': [{'checkboxDesconheceNomeMae': '', 'checkboxDesconheceNomePai': '', 'checkboxNomeSocial': '', 'checkboxGenero': '', 'checkboxDeficiente': '', 'inputCPF': '', 'inputIdentidade': ...</msg>
<status status="PASS" starttime="20211114 23:20:25.612" endtime="20211114 23:20:25.613"/>
</kw>
<msg timestamp="20211114 23:20:25.614" level="INFO">${dados_json} = {'usuario de serviço': [{'checkboxDesconheceNomeMae': '', 'checkboxDesconheceNomePai': '', 'checkboxNomeSocial': '', 'checkboxGenero': '', 'checkboxDeficiente': '', 'inputCPF': '', 'inputIdentidade': ...</msg>
<status status="PASS" starttime="20211114 23:20:25.605" endtime="20211114 23:20:25.614"/>
</kw>
<kw name="Set Variable" library="BuiltIn">
<var>${dados}</var>
<arg>${dados_json["${dados}"]}</arg>
<doc>Returns the given values which can then be assigned to a variables.</doc>
<msg timestamp="20211114 23:20:25.620" level="INFO">${dados} = [{'inputNome': 'MedTeste', 'inputSigla': 'adx'}]</msg>
<status status="PASS" starttime="20211114 23:20:25.615" endtime="20211114 23:20:25.620"/>
</kw>
<for flavor="IN">
<var>${item}</var>
<value>@{dados}</value>
<iter>
<var name="${item}">{'inputNome': 'MedTeste', 'inputSigla': 'adx'}</var>
<for flavor="IN">
<var>${key}</var>
<value>@{item.keys()}</value>
<iter>
<var name="${key}">inputNome</var>
<kw name="Type Text" library="Browser">
<arg>id=${key}</arg>
<arg>${item["${key}"]}</arg>
<tag>PageContent</tag>
<tag>Setter</tag>
<doc>Types the given ``txt`` into the text field found by ``selector``.</doc>
<msg timestamp="20211114 23:20:25.633" level="INFO">Types the text 'MedTeste' in the given field.</msg>
<status status="PASS" starttime="20211114 23:20:25.628" endtime="20211114 23:20:25.827"/>
</kw>
<status status="PASS" starttime="20211114 23:20:25.627" endtime="20211114 23:20:25.827"/>
</iter>
<iter>
<var name="${key}">inputSigla</var>
<kw name="Type Text" library="Browser">
<arg>id=${key}</arg>
<arg>${item["${key}"]}</arg>
<tag>PageContent</tag>
<tag>Setter</tag>
<doc>Types the given ``txt`` into the text field found by ``selector``.</doc>
<msg timestamp="20211114 23:20:25.832" level="INFO">Types the text 'adx' in the given field.</msg>
<status status="PASS" starttime="20211114 23:20:25.828" endtime="20211114 23:20:25.877"/>
</kw>
<status status="PASS" starttime="20211114 23:20:25.827" endtime="20211114 23:20:25.877"/>
</iter>
<status status="PASS" starttime="20211114 23:20:25.622" endtime="20211114 23:20:25.877"/>
</for>
<status status="PASS" starttime="20211114 23:20:25.622" endtime="20211114 23:20:25.877"/>
</iter>
<status status="PASS" starttime="20211114 23:20:25.621" endtime="20211114 23:20:25.877"/>
</for>
<status status="PASS" starttime="20211114 23:20:25.603" endtime="20211114 23:20:25.878"/>
</kw>
<status status="PASS" starttime="20211114 23:20:25.602" endtime="20211114 23:20:25.878"/>
</kw>
<status status="PASS" starttime="20211114 23:20:25.600" endtime="20211114 23:20:25.878"/>
</kw>
<kw name="E" library="bdd">
<arg>selecione "SUPERIOR" no campo "Nível Formação"</arg>
<kw name="Run Keyword" library="BuiltIn">
<arg>@{Keywords}</arg>
<doc>Executes the given keyword with the given arguments.</doc>
<kw name="selecione &quot;SUPERIOR&quot; no campo &quot;Nível Formação&quot;" library="keywords_campos" sourcename="selecione &quot;${valor}&quot; no campo &quot;${campo}&quot;">
<kw name="Get JSON" library="base">
<var>${elementos_json}</var>
<arg>elementos.json</arg>
<kw name="Get File" library="OperatingSystem">
<var>${file}</var>
<arg>${EXECDIR}/Files/${file_name}</arg>
<doc>Returns the contents of a specified file.</doc>
<msg timestamp="20211114 23:20:25.885" level="INFO" html="true">Getting file '&lt;a href="file:///home/m.calixta/Projeto sigsaúde/Files/elementos.json"&gt;/home/m.calixta/Projeto sigsaúde/Files/elementos.json&lt;/a&gt;'.</msg>
<msg timestamp="20211114 23:20:25.886" level="INFO">${file} = {

    "Tipo Sanguíneo":"inputTipoSanguineo",
    "Cor/Raça":"selectCorRaca",
    "Sexo":"selectSexo",
    "Estado civil":"selectEstadoCivil",
    "País de nascimento":"inputPaisNascimento",
    "UF d...</msg>
<status status="PASS" starttime="20211114 23:20:25.884" endtime="20211114 23:20:25.886"/>
</kw>
<kw name="Evaluate" library="BuiltIn">
<var>${super_var}</var>
<arg>json.loads($file)</arg>
<arg>json</arg>
<doc>Evaluates the given expression in Python and returns the result.</doc>
<msg timestamp="20211114 23:20:25.889" level="INFO">${super_var} = {'Tipo Sanguíneo': 'inputTipoSanguineo', 'Cor/Raça': 'selectCorRaca', 'Sexo': 'selectSexo', 'Estado civil': 'selectEstadoCivil', 'País de nascimento': 'inputPaisNascimento', 'UF de nascimento': 'input...</msg>
<status status="PASS" starttime="20211114 23:20:25.887" endtime="20211114 23:20:25.889"/>
</kw>
<msg timestamp="20211114 23:20:25.890" level="INFO">${elementos_json} = {'Tipo Sanguíneo': 'inputTipoSanguineo', 'Cor/Raça': 'selectCorRaca', 'Sexo': 'selectSexo', 'Estado civil': 'selectEstadoCivil', 'País de nascimento': 'inputPaisNascimento', 'UF de nascimento': 'input...</msg>
<status status="PASS" starttime="20211114 23:20:25.882" endtime="20211114 23:20:25.890"/>
</kw>
<kw name="Select Options By" library="Browser">
<arg>id=${elementos_json["${campo}"]}</arg>
<arg>Text</arg>
<arg>${valor}</arg>
<tag>PageContent</tag>
<tag>Setter</tag>
<doc>Selects options from select element found by ``selector``.</doc>
<status status="PASS" starttime="20211114 23:20:25.892" endtime="20211114 23:20:25.929"/>
</kw>
<status status="PASS" starttime="20211114 23:20:25.881" endtime="20211114 23:20:25.929"/>
</kw>
<status status="PASS" starttime="20211114 23:20:25.880" endtime="20211114 23:20:25.929"/>
</kw>
<status status="PASS" starttime="20211114 23:20:25.879" endtime="20211114 23:20:25.930"/>
</kw>
<kw name="E" library="bdd">
<arg>selecione "CFBM - CONSELHO FEDERAL DE BIOMEDICINA" no campo "Conselho Profissional"</arg>
<kw name="Run Keyword" library="BuiltIn">
<arg>@{Keywords}</arg>
<doc>Executes the given keyword with the given arguments.</doc>
<kw name="selecione &quot;CFBM - CONSELHO FEDERAL DE BIOMEDICINA&quot; no campo &quot;Conselho Profissional&quot;" library="keywords_campos" sourcename="selecione &quot;${valor}&quot; no campo &quot;${campo}&quot;">
<kw name="Get JSON" library="base">
<var>${elementos_json}</var>
<arg>elementos.json</arg>
<kw name="Get File" library="OperatingSystem">
<var>${file}</var>
<arg>${EXECDIR}/Files/${file_name}</arg>
<doc>Returns the contents of a specified file.</doc>
<msg timestamp="20211114 23:20:25.944" level="INFO" html="true">Getting file '&lt;a href="file:///home/m.calixta/Projeto sigsaúde/Files/elementos.json"&gt;/home/m.calixta/Projeto sigsaúde/Files/elementos.json&lt;/a&gt;'.</msg>
<msg timestamp="20211114 23:20:25.945" level="INFO">${file} = {

    "Tipo Sanguíneo":"inputTipoSanguineo",
    "Cor/Raça":"selectCorRaca",
    "Sexo":"selectSexo",
    "Estado civil":"selectEstadoCivil",
    "País de nascimento":"inputPaisNascimento",
    "UF d...</msg>
<status status="PASS" starttime="20211114 23:20:25.942" endtime="20211114 23:20:25.945"/>
</kw>
<kw name="Evaluate" library="BuiltIn">
<var>${super_var}</var>
<arg>json.loads($file)</arg>
<arg>json</arg>
<doc>Evaluates the given expression in Python and returns the result.</doc>
<msg timestamp="20211114 23:20:25.948" level="INFO">${super_var} = {'Tipo Sanguíneo': 'inputTipoSanguineo', 'Cor/Raça': 'selectCorRaca', 'Sexo': 'selectSexo', 'Estado civil': 'selectEstadoCivil', 'País de nascimento': 'inputPaisNascimento', 'UF de nascimento': 'input...</msg>
<status status="PASS" starttime="20211114 23:20:25.946" endtime="20211114 23:20:25.948"/>
</kw>
<msg timestamp="20211114 23:20:25.949" level="INFO">${elementos_json} = {'Tipo Sanguíneo': 'inputTipoSanguineo', 'Cor/Raça': 'selectCorRaca', 'Sexo': 'selectSexo', 'Estado civil': 'selectEstadoCivil', 'País de nascimento': 'inputPaisNascimento', 'UF de nascimento': 'input...</msg>
<status status="PASS" starttime="20211114 23:20:25.939" endtime="20211114 23:20:25.949"/>
</kw>
<kw name="Select Options By" library="Browser">
<arg>id=${elementos_json["${campo}"]}</arg>
<arg>Text</arg>
<arg>${valor}</arg>
<tag>PageContent</tag>
<tag>Setter</tag>
<doc>Selects options from select element found by ``selector``.</doc>
<status status="PASS" starttime="20211114 23:20:25.950" endtime="20211114 23:20:25.977"/>
</kw>
<status status="PASS" starttime="20211114 23:20:25.936" endtime="20211114 23:20:25.977"/>
</kw>
<status status="PASS" starttime="20211114 23:20:25.934" endtime="20211114 23:20:25.977"/>
</kw>
<status status="PASS" starttime="20211114 23:20:25.931" endtime="20211114 23:20:25.977"/>
</kw>
<kw name="E" library="bdd">
<arg>selecionar no menu ocupações "Alguns"</arg>
<kw name="Run Keyword" library="BuiltIn">
<arg>@{Keywords}</arg>
<doc>Executes the given keyword with the given arguments.</doc>
<kw name="selecionar no menu ocupações &quot;Alguns&quot;" library="cadastros" sourcename="selecionar no menu ocupações &quot;${opção}&quot;">
<kw name="Get JSON" library="base">
<var>${elementos_json}</var>
<arg>elementos.json</arg>
<kw name="Get File" library="OperatingSystem">
<var>${file}</var>
<arg>${EXECDIR}/Files/${file_name}</arg>
<doc>Returns the contents of a specified file.</doc>
<msg timestamp="20211114 23:20:25.985" level="INFO" html="true">Getting file '&lt;a href="file:///home/m.calixta/Projeto sigsaúde/Files/elementos.json"&gt;/home/m.calixta/Projeto sigsaúde/Files/elementos.json&lt;/a&gt;'.</msg>
<msg timestamp="20211114 23:20:25.986" level="INFO">${file} = {

    "Tipo Sanguíneo":"inputTipoSanguineo",
    "Cor/Raça":"selectCorRaca",
    "Sexo":"selectSexo",
    "Estado civil":"selectEstadoCivil",
    "País de nascimento":"inputPaisNascimento",
    "UF d...</msg>
<status status="PASS" starttime="20211114 23:20:25.984" endtime="20211114 23:20:25.986"/>
</kw>
<kw name="Evaluate" library="BuiltIn">
<var>${super_var}</var>
<arg>json.loads($file)</arg>
<arg>json</arg>
<doc>Evaluates the given expression in Python and returns the result.</doc>
<msg timestamp="20211114 23:20:25.989" level="INFO">${super_var} = {'Tipo Sanguíneo': 'inputTipoSanguineo', 'Cor/Raça': 'selectCorRaca', 'Sexo': 'selectSexo', 'Estado civil': 'selectEstadoCivil', 'País de nascimento': 'inputPaisNascimento', 'UF de nascimento': 'input...</msg>
<status status="PASS" starttime="20211114 23:20:25.987" endtime="20211114 23:20:25.989"/>
</kw>
<msg timestamp="20211114 23:20:25.990" level="INFO">${elementos_json} = {'Tipo Sanguíneo': 'inputTipoSanguineo', 'Cor/Raça': 'selectCorRaca', 'Sexo': 'selectSexo', 'Estado civil': 'selectEstadoCivil', 'País de nascimento': 'inputPaisNascimento', 'UF de nascimento': 'input...</msg>
<status status="PASS" starttime="20211114 23:20:25.982" endtime="20211114 23:20:25.990"/>
</kw>
<kw name="Click" library="Browser">
<arg>xpath=${elementos_json["Ocupa_antes"]}</arg>
<tag>PageContent</tag>
<tag>Setter</tag>
<doc>Simulates mouse click on the element found by ``selector``.</doc>
<status status="PASS" starttime="20211114 23:20:25.991" endtime="20211114 23:20:26.164"/>
</kw>
<for flavor="IN RANGE">
<var>${cont}</var>
<value>0</value>
<value>4</value>
<iter>
<var name="${cont}">0</var>
<kw name="Click" library="Browser">
<arg>xpath=//*[@id="bs-select-1-${cont}"]</arg>
<tag>PageContent</tag>
<tag>Setter</tag>
<doc>Simulates mouse click on the element found by ``selector``.</doc>
<status status="PASS" starttime="20211114 23:20:26.166" endtime="20211114 23:20:26.360"/>
</kw>
<status status="PASS" starttime="20211114 23:20:26.165" endtime="20211114 23:20:26.360"/>
</iter>
<iter>
<var name="${cont}">1</var>
<kw name="Click" library="Browser">
<arg>xpath=//*[@id="bs-select-1-${cont}"]</arg>
<tag>PageContent</tag>
<tag>Setter</tag>
<doc>Simulates mouse click on the element found by ``selector``.</doc>
<status status="PASS" starttime="20211114 23:20:26.362" endtime="20211114 23:20:26.576"/>
</kw>
<status status="PASS" starttime="20211114 23:20:26.361" endtime="20211114 23:20:26.576"/>
</iter>
<iter>
<var name="${cont}">2</var>
<kw name="Click" library="Browser">
<arg>xpath=//*[@id="bs-select-1-${cont}"]</arg>
<tag>PageContent</tag>
<tag>Setter</tag>
<doc>Simulates mouse click on the element found by ``selector``.</doc>
<status status="PASS" starttime="20211114 23:20:26.577" endtime="20211114 23:20:26.746"/>
</kw>
<status status="PASS" starttime="20211114 23:20:26.576" endtime="20211114 23:20:26.746"/>
</iter>
<iter>
<var name="${cont}">3</var>
<kw name="Click" library="Browser">
<arg>xpath=//*[@id="bs-select-1-${cont}"]</arg>
<tag>PageContent</tag>
<tag>Setter</tag>
<doc>Simulates mouse click on the element found by ``selector``.</doc>
<status status="PASS" starttime="20211114 23:20:26.748" endtime="20211114 23:20:26.901"/>
</kw>
<status status="PASS" starttime="20211114 23:20:26.747" endtime="20211114 23:20:26.901"/>
</iter>
<status status="PASS" starttime="20211114 23:20:26.164" endtime="20211114 23:20:26.901"/>
</for>
<kw name="Click" library="Browser">
<arg>xpath=//*[@id="regForm"]/div/div[1]/h3</arg>
<tag>PageContent</tag>
<tag>Setter</tag>
<doc>Simulates mouse click on the element found by ``selector``.</doc>
<status status="PASS" starttime="20211114 23:20:26.903" endtime="20211114 23:20:26.964"/>
</kw>
<status status="PASS" starttime="20211114 23:20:25.981" endtime="20211114 23:20:26.964"/>
</kw>
<status status="PASS" starttime="20211114 23:20:25.980" endtime="20211114 23:20:26.965"/>
</kw>
<status status="PASS" starttime="20211114 23:20:25.978" endtime="20211114 23:20:26.965"/>
</kw>
<kw name="Quando" library="bdd">
<arg>clicar no "Avançar profissão"</arg>
<kw name="Run Keyword" library="BuiltIn">
<arg>@{Keywords}</arg>
<doc>Executes the given keyword with the given arguments.</doc>
<kw name="clicar no &quot;Avançar profissão&quot;" library="keywords_campos" sourcename="clicar no &quot;${botão}&quot;">
<kw name="Get JSON" library="base">
<var>${elementos_json}</var>
<arg>elementos.json</arg>
<kw name="Get File" library="OperatingSystem">
<var>${file}</var>
<arg>${EXECDIR}/Files/${file_name}</arg>
<doc>Returns the contents of a specified file.</doc>
<msg timestamp="20211114 23:20:26.976" level="INFO" html="true">Getting file '&lt;a href="file:///home/m.calixta/Projeto sigsaúde/Files/elementos.json"&gt;/home/m.calixta/Projeto sigsaúde/Files/elementos.json&lt;/a&gt;'.</msg>
<msg timestamp="20211114 23:20:26.977" level="INFO">${file} = {

    "Tipo Sanguíneo":"inputTipoSanguineo",
    "Cor/Raça":"selectCorRaca",
    "Sexo":"selectSexo",
    "Estado civil":"selectEstadoCivil",
    "País de nascimento":"inputPaisNascimento",
    "UF d...</msg>
<status status="PASS" starttime="20211114 23:20:26.973" endtime="20211114 23:20:26.977"/>
</kw>
<kw name="Evaluate" library="BuiltIn">
<var>${super_var}</var>
<arg>json.loads($file)</arg>
<arg>json</arg>
<doc>Evaluates the given expression in Python and returns the result.</doc>
<msg timestamp="20211114 23:20:26.979" level="INFO">${super_var} = {'Tipo Sanguíneo': 'inputTipoSanguineo', 'Cor/Raça': 'selectCorRaca', 'Sexo': 'selectSexo', 'Estado civil': 'selectEstadoCivil', 'País de nascimento': 'inputPaisNascimento', 'UF de nascimento': 'input...</msg>
<status status="PASS" starttime="20211114 23:20:26.978" endtime="20211114 23:20:26.979"/>
</kw>
<msg timestamp="20211114 23:20:26.980" level="INFO">${elementos_json} = {'Tipo Sanguíneo': 'inputTipoSanguineo', 'Cor/Raça': 'selectCorRaca', 'Sexo': 'selectSexo', 'Estado civil': 'selectEstadoCivil', 'País de nascimento': 'inputPaisNascimento', 'UF de nascimento': 'input...</msg>
<status status="PASS" starttime="20211114 23:20:26.971" endtime="20211114 23:20:26.980"/>
</kw>
<kw name="Click" library="Browser">
<arg>id=${elementos_json["${botão}"]}</arg>
<tag>PageContent</tag>
<tag>Setter</tag>
<doc>Simulates mouse click on the element found by ``selector``.</doc>
<status status="PASS" starttime="20211114 23:20:26.981" endtime="20211114 23:20:27.055"/>
</kw>
<status status="PASS" starttime="20211114 23:20:26.969" endtime="20211114 23:20:27.056"/>
</kw>
<status status="PASS" starttime="20211114 23:20:26.968" endtime="20211114 23:20:27.057"/>
</kw>
<status status="PASS" starttime="20211114 23:20:26.966" endtime="20211114 23:20:27.057"/>
</kw>
<kw name="E" library="bdd">
<arg>clicar em "Salvar profissão"</arg>
<kw name="Run Keyword" library="BuiltIn">
<arg>@{Keywords}</arg>
<doc>Executes the given keyword with the given arguments.</doc>
<kw name="clicar em &quot;Salvar profissão&quot;" library="keywords_campos" sourcename="clicar em &quot;${botão}&quot;">
<kw name="Get JSON" library="base">
<var>${elementos_json}</var>
<arg>elementos.json</arg>
<kw name="Get File" library="OperatingSystem">
<var>${file}</var>
<arg>${EXECDIR}/Files/${file_name}</arg>
<doc>Returns the contents of a specified file.</doc>
<msg timestamp="20211114 23:20:27.066" level="INFO" html="true">Getting file '&lt;a href="file:///home/m.calixta/Projeto sigsaúde/Files/elementos.json"&gt;/home/m.calixta/Projeto sigsaúde/Files/elementos.json&lt;/a&gt;'.</msg>
<msg timestamp="20211114 23:20:27.066" level="INFO">${file} = {

    "Tipo Sanguíneo":"inputTipoSanguineo",
    "Cor/Raça":"selectCorRaca",
    "Sexo":"selectSexo",
    "Estado civil":"selectEstadoCivil",
    "País de nascimento":"inputPaisNascimento",
    "UF d...</msg>
<status status="PASS" starttime="20211114 23:20:27.064" endtime="20211114 23:20:27.066"/>
</kw>
<kw name="Evaluate" library="BuiltIn">
<var>${super_var}</var>
<arg>json.loads($file)</arg>
<arg>json</arg>
<doc>Evaluates the given expression in Python and returns the result.</doc>
<msg timestamp="20211114 23:20:27.069" level="INFO">${super_var} = {'Tipo Sanguíneo': 'inputTipoSanguineo', 'Cor/Raça': 'selectCorRaca', 'Sexo': 'selectSexo', 'Estado civil': 'selectEstadoCivil', 'País de nascimento': 'inputPaisNascimento', 'UF de nascimento': 'input...</msg>
<status status="PASS" starttime="20211114 23:20:27.067" endtime="20211114 23:20:27.069"/>
</kw>
<msg timestamp="20211114 23:20:27.070" level="INFO">${elementos_json} = {'Tipo Sanguíneo': 'inputTipoSanguineo', 'Cor/Raça': 'selectCorRaca', 'Sexo': 'selectSexo', 'Estado civil': 'selectEstadoCivil', 'País de nascimento': 'inputPaisNascimento', 'UF de nascimento': 'input...</msg>
<status status="PASS" starttime="20211114 23:20:27.063" endtime="20211114 23:20:27.070"/>
</kw>
<kw name="Click" library="Browser">
<arg>css=${elementos_json["${botão}"]}</arg>
<tag>PageContent</tag>
<tag>Setter</tag>
<doc>Simulates mouse click on the element found by ``selector``.</doc>
<status status="PASS" starttime="20211114 23:20:27.071" endtime="20211114 23:20:27.407"/>
</kw>
<status status="PASS" starttime="20211114 23:20:27.061" endtime="20211114 23:20:27.408"/>
</kw>
<status status="PASS" starttime="20211114 23:20:27.060" endtime="20211114 23:20:27.409"/>
</kw>
<status status="PASS" starttime="20211114 23:20:27.058" endtime="20211114 23:20:27.410"/>
</kw>
<kw name="Então" library="bdd">
<arg>mensagem de cadastro realizado com sucesso</arg>
<kw name="Run Keyword" library="BuiltIn">
<arg>@{Keywords}</arg>
<doc>Executes the given keyword with the given arguments.</doc>
<kw name="mensagem de cadastro realizado com sucesso" library="keywords_campos">
<kw name="Wait For Elements State" library="Browser">
<arg>xpath=/html/body/div[2]/div</arg>
<arg>visible</arg>
<tag>PageContent</tag>
<tag>Wait</tag>
<doc>Waits for the element found by ``selector`` to satisfy state option.</doc>
<msg timestamp="20211114 23:20:28.528" level="INFO">Wait for Element with selector: xpath=/html/body/div[2]/div</msg>
<status status="PASS" starttime="20211114 23:20:27.421" endtime="20211114 23:20:28.529"/>
</kw>
<kw name="Click" library="Browser">
<arg>xpath=/html/body/div[2]/div/div[3]/div/button</arg>
<tag>PageContent</tag>
<tag>Setter</tag>
<doc>Simulates mouse click on the element found by ``selector``.</doc>
<status status="PASS" starttime="20211114 23:20:28.530" endtime="20211114 23:20:28.872"/>
</kw>
<status status="PASS" starttime="20211114 23:20:27.418" endtime="20211114 23:20:28.873"/>
</kw>
<status status="PASS" starttime="20211114 23:20:27.415" endtime="20211114 23:20:28.873"/>
</kw>
<status status="PASS" starttime="20211114 23:20:27.411" endtime="20211114 23:20:28.874"/>
</kw>
<kw name="Sleep" library="BuiltIn">
<arg>20s</arg>
<doc>Pauses the test executed for the given time.</doc>
<msg timestamp="20211114 23:20:48.878" level="INFO">Slept 20 seconds</msg>
<status status="PASS" starttime="20211114 23:20:28.876" endtime="20211114 23:20:48.879"/>
</kw>
<timeout value="10 minutes"/>
<status status="PASS" starttime="20211114 23:20:22.471" endtime="20211114 23:20:48.882"/>
</test>
<doc>Teste Agendamento</doc>
<status status="PASS" starttime="20211114 23:20:11.669" endtime="20211114 23:20:48.908"/>
</suite>
<statistics>
<total>
<stat pass="1" fail="0" skip="0">All Tests</stat>
</total>
<tag>
</tag>
<suite>
<stat pass="1" fail="0" skip="0" id="s1" name="6 - Profissão">6 - Profissão</stat>
</suite>
</statistics>
<errors>
</errors>
</robot>
