<?xml version="1.0" encoding="UTF-8"?>
<robot generator="Robot 4.0.3 (Python 3.9.5 on win32)" generated="20210927 02:49:12.649" rpa="false" schemaversion="2">
<suite id="s1" name="Tests" source="C:\Users\Mayara\Desktop\Suitetests\Tests">
<suite id="s1-s1" name="Cadastro Usuario Servico" source="C:\Users\Mayara\Desktop\Suitetests\Tests\cadastro_usuario_servico.robot">
<kw name="iniciar navegador sessão &quot;Psicologia&quot;" library="base" type="SETUP" sourcename="iniciar navegador sessão &quot;${login_usuario}&quot;">
<kw name="iniciar Navegador" library="base">
<kw name="Get JSON" library="base">
<var>${config_json}</var>
<arg>config.json</arg>
<kw name="Get File" library="OperatingSystem">
<var>${file}</var>
<arg>C:/Users/Mayara/Desktop/Suitetests/Files/${file_name}</arg>
<doc>Returns the contents of a specified file.</doc>
<msg timestamp="20210927 02:49:14.489" level="INFO" html="true">Getting file '&lt;a href="file://C:\Users\Mayara\Desktop\Suitetests\Files\config.json"&gt;C:\Users\Mayara\Desktop\Suitetests\Files\config.json&lt;/a&gt;'.</msg>
<msg timestamp="20210927 02:49:14.489" level="INFO">${file} = {
    "base_url":"https://testessigsaude.imd.ufrn.br/sigsaude",
    "navegador":"Firefox"
}</msg>
<status status="PASS" starttime="20210927 02:49:14.489" endtime="20210927 02:49:14.489"/>
</kw>
<kw name="Evaluate" library="BuiltIn">
<var>${super_var}</var>
<arg>json.loads($file)</arg>
<arg>json</arg>
<doc>Evaluates the given expression in Python and returns the result.</doc>
<msg timestamp="20210927 02:49:14.504" level="INFO">${super_var} = {'base_url': 'https://testessigsaude.imd.ufrn.br/sigsaude', 'navegador': 'Firefox'}</msg>
<status status="PASS" starttime="20210927 02:49:14.489" endtime="20210927 02:49:14.504"/>
</kw>
<msg timestamp="20210927 02:49:14.504" level="INFO">${config_json} = {'base_url': 'https://testessigsaude.imd.ufrn.br/sigsaude', 'navegador': 'Firefox'}</msg>
<status status="PASS" starttime="20210927 02:49:14.489" endtime="20210927 02:49:14.504"/>
</kw>
<kw name="New Browser" library="Browser">
<arg>${config_json["navegador"]}</arg>
<arg>False</arg>
<tag>BrowserControl</tag>
<tag>Setter</tag>
<doc>Create a new playwright Browser with specified options.</doc>
<msg timestamp="20210927 02:49:14.504" level="INFO">{"browser": "firefox", "headless": false, "handleSIGINT": true, "handleSIGTERM": true, "handleSIGHUP": true, "timeout": 30000.0, "devtools": false, "slowMo": 0.0, "tracesDir": "C:\\Users\\Mayara\\Desktop\\Suitetests\\Resultados\\browser\\traces\\b86cc46e-bac0-4140-9ed8-54acbdb58d04"}</msg>
<msg timestamp="20210927 02:49:17.952" level="INFO">Successfully created browser with options: {"browser":"firefox","headless":false,"handleSIGINT":true,"handleSIGTERM":true,"handleSIGHUP":true,"timeout":30000,"devtools":false,"slowMo":0,"tracesDir":"C:\\Users\\Mayara\\Desktop\\Suitetests\\Resultados\\browser\\traces\\b86cc46e-bac0-4140-9ed8-54acbdb58d04"}</msg>
<status status="PASS" starttime="20210927 02:49:14.504" endtime="20210927 02:49:17.952"/>
</kw>
<status status="PASS" starttime="20210927 02:49:14.489" endtime="20210927 02:49:17.952"/>
</kw>
<kw name="Get JSON" library="base">
<var>${config_json}</var>
<arg>config.json</arg>
<kw name="Get File" library="OperatingSystem">
<var>${file}</var>
<arg>C:/Users/Mayara/Desktop/Suitetests/Files/${file_name}</arg>
<doc>Returns the contents of a specified file.</doc>
<msg timestamp="20210927 02:49:17.952" level="INFO" html="true">Getting file '&lt;a href="file://C:\Users\Mayara\Desktop\Suitetests\Files\config.json"&gt;C:\Users\Mayara\Desktop\Suitetests\Files\config.json&lt;/a&gt;'.</msg>
<msg timestamp="20210927 02:49:17.952" level="INFO">${file} = {
    "base_url":"https://testessigsaude.imd.ufrn.br/sigsaude",
    "navegador":"Firefox"
}</msg>
<status status="PASS" starttime="20210927 02:49:17.952" endtime="20210927 02:49:17.952"/>
</kw>
<kw name="Evaluate" library="BuiltIn">
<var>${super_var}</var>
<arg>json.loads($file)</arg>
<arg>json</arg>
<doc>Evaluates the given expression in Python and returns the result.</doc>
<msg timestamp="20210927 02:49:17.952" level="INFO">${super_var} = {'base_url': 'https://testessigsaude.imd.ufrn.br/sigsaude', 'navegador': 'Firefox'}</msg>
<status status="PASS" starttime="20210927 02:49:17.952" endtime="20210927 02:49:17.952"/>
</kw>
<msg timestamp="20210927 02:49:17.952" level="INFO">${config_json} = {'base_url': 'https://testessigsaude.imd.ufrn.br/sigsaude', 'navegador': 'Firefox'}</msg>
<status status="PASS" starttime="20210927 02:49:17.952" endtime="20210927 02:49:17.952"/>
</kw>
<kw name="New Page" library="Browser">
<arg>${config_json["base_url"]}</arg>
<tag>BrowserControl</tag>
<tag>Setter</tag>
<doc>Open a new Page. A Page is the Playwright equivalent to a tab.
See `Browser, Context and Page` for more information about Page concept.
Returns a stable identifier for the created page.</doc>
<msg timestamp="20210927 02:49:25.023" level="INFO">Successfully initialized new page object and opened url: https://testessigsaude.imd.ufrn.br/sigsaude</msg>
<msg timestamp="20210927 02:49:25.023" level="INFO">No context was open. New context was automatically opened when this page is created.</msg>
<status status="PASS" starttime="20210927 02:49:17.952" endtime="20210927 02:49:25.023"/>
</kw>
<kw name="Direcionamento da tela &quot;login&quot;" library="nav" sourcename="Direcionamento da tela &quot;${page}&quot;">
<kw name="Get JSON" library="base">
<var>${telas_json}</var>
<arg>telas.json</arg>
<kw name="Get File" library="OperatingSystem">
<var>${file}</var>
<arg>C:/Users/Mayara/Desktop/Suitetests/Files/${file_name}</arg>
<doc>Returns the contents of a specified file.</doc>
<msg timestamp="20210927 02:49:25.027" level="INFO" html="true">Getting file '&lt;a href="file://C:\Users\Mayara\Desktop\Suitetests\Files\telas.json"&gt;C:\Users\Mayara\Desktop\Suitetests\Files\telas.json&lt;/a&gt;'.</msg>
<msg timestamp="20210927 02:49:25.027" level="INFO">${file} = {
    "login":"/login",
    "novo usuario de serviço":"/paciente/cadastro",
    "listar usuarios de serviço":"/paciente"

}</msg>
<status status="PASS" starttime="20210927 02:49:25.026" endtime="20210927 02:49:25.028"/>
</kw>
<kw name="Evaluate" library="BuiltIn">
<var>${super_var}</var>
<arg>json.loads($file)</arg>
<arg>json</arg>
<doc>Evaluates the given expression in Python and returns the result.</doc>
<msg timestamp="20210927 02:49:25.029" level="INFO">${super_var} = {'login': '/login', 'novo usuario de serviço': '/paciente/cadastro', 'listar usuarios de serviço': '/paciente'}</msg>
<status status="PASS" starttime="20210927 02:49:25.028" endtime="20210927 02:49:25.030"/>
</kw>
<msg timestamp="20210927 02:49:25.030" level="INFO">${telas_json} = {'login': '/login', 'novo usuario de serviço': '/paciente/cadastro', 'listar usuarios de serviço': '/paciente'}</msg>
<status status="PASS" starttime="20210927 02:49:25.025" endtime="20210927 02:49:25.030"/>
</kw>
<kw name="Get JSON" library="base">
<var>${config_json}</var>
<arg>config.json</arg>
<kw name="Get File" library="OperatingSystem">
<var>${file}</var>
<arg>C:/Users/Mayara/Desktop/Suitetests/Files/${file_name}</arg>
<doc>Returns the contents of a specified file.</doc>
<msg timestamp="20210927 02:49:25.033" level="INFO" html="true">Getting file '&lt;a href="file://C:\Users\Mayara\Desktop\Suitetests\Files\config.json"&gt;C:\Users\Mayara\Desktop\Suitetests\Files\config.json&lt;/a&gt;'.</msg>
<msg timestamp="20210927 02:49:25.033" level="INFO">${file} = {
    "base_url":"https://testessigsaude.imd.ufrn.br/sigsaude",
    "navegador":"Firefox"
}</msg>
<status status="PASS" starttime="20210927 02:49:25.032" endtime="20210927 02:49:25.033"/>
</kw>
<kw name="Evaluate" library="BuiltIn">
<var>${super_var}</var>
<arg>json.loads($file)</arg>
<arg>json</arg>
<doc>Evaluates the given expression in Python and returns the result.</doc>
<msg timestamp="20210927 02:49:25.034" level="INFO">${super_var} = {'base_url': 'https://testessigsaude.imd.ufrn.br/sigsaude', 'navegador': 'Firefox'}</msg>
<status status="PASS" starttime="20210927 02:49:25.034" endtime="20210927 02:49:25.034"/>
</kw>
<msg timestamp="20210927 02:49:25.035" level="INFO">${config_json} = {'base_url': 'https://testessigsaude.imd.ufrn.br/sigsaude', 'navegador': 'Firefox'}</msg>
<status status="PASS" starttime="20210927 02:49:25.031" endtime="20210927 02:49:25.035"/>
</kw>
<kw name="Go To" library="Browser">
<arg>${config_json["base_url"]}${telas_json["${page}"]}</arg>
<tag>BrowserControl</tag>
<tag>Setter</tag>
<doc>Navigates to the given ``url``.</doc>
<msg timestamp="20210927 02:49:25.744" level="INFO">Successfully opened URL https://testessigsaude.imd.ufrn.br/sigsaude/login</msg>
<status status="PASS" starttime="20210927 02:49:25.036" endtime="20210927 02:49:25.744"/>
</kw>
<status status="PASS" starttime="20210927 02:49:25.024" endtime="20210927 02:49:25.744"/>
</kw>
<kw name="Get JSON" library="base">
<var>${login_json}</var>
<arg>login.json</arg>
<kw name="Get File" library="OperatingSystem">
<var>${file}</var>
<arg>C:/Users/Mayara/Desktop/Suitetests/Files/${file_name}</arg>
<doc>Returns the contents of a specified file.</doc>
<msg timestamp="20210927 02:49:25.745" level="INFO" html="true">Getting file '&lt;a href="file://C:\Users\Mayara\Desktop\Suitetests\Files\login.json"&gt;C:\Users\Mayara\Desktop\Suitetests\Files\login.json&lt;/a&gt;'.</msg>
<msg timestamp="20210927 02:49:25.745" level="INFO">${file} = {

    "Psicologia":{
        "login": "drpsicologia",
        "senha": 85278120029
    }
}</msg>
<status status="PASS" starttime="20210927 02:49:25.744" endtime="20210927 02:49:25.745"/>
</kw>
<kw name="Evaluate" library="BuiltIn">
<var>${super_var}</var>
<arg>json.loads($file)</arg>
<arg>json</arg>
<doc>Evaluates the given expression in Python and returns the result.</doc>
<msg timestamp="20210927 02:49:25.747" level="INFO">${super_var} = {'Psicologia': {'login': 'drpsicologia', 'senha': 85278120029}}</msg>
<status status="PASS" starttime="20210927 02:49:25.746" endtime="20210927 02:49:25.747"/>
</kw>
<msg timestamp="20210927 02:49:25.747" level="INFO">${login_json} = {'Psicologia': {'login': 'drpsicologia', 'senha': 85278120029}}</msg>
<status status="PASS" starttime="20210927 02:49:25.744" endtime="20210927 02:49:25.747"/>
</kw>
<kw name="Fill Text" library="Browser">
<arg>id=login-username</arg>
<arg>${login_json["${login_usuario}"]["login"]}</arg>
<tag>PageContent</tag>
<tag>Setter</tag>
<doc>Clears and fills the given ``txt`` into the text field found by ``selector``.</doc>
<msg timestamp="20210927 02:49:25.749" level="INFO">Fills the text 'drpsicologia' in the given field.</msg>
<status status="PASS" starttime="20210927 02:49:25.749" endtime="20210927 02:49:25.817"/>
</kw>
<kw name="Fill Text" library="Browser">
<arg>id=login-password</arg>
<arg>${login_json["${login_usuario}"]["senha"]}</arg>
<tag>PageContent</tag>
<tag>Setter</tag>
<doc>Clears and fills the given ``txt`` into the text field found by ``selector``.</doc>
<msg timestamp="20210927 02:49:25.818" level="INFO">Fills the text '85278120029' in the given field.</msg>
<status status="PASS" starttime="20210927 02:49:25.817" endtime="20210927 02:49:25.854"/>
</kw>
<kw name="Click" library="Browser">
<arg>css=[value='Entrar']</arg>
<tag>PageContent</tag>
<tag>Setter</tag>
<doc>Simulates mouse click on the element found by ``selector``.</doc>
<status status="PASS" starttime="20210927 02:49:25.855" endtime="20210927 02:49:26.616"/>
</kw>
<status status="PASS" starttime="20210927 02:49:14.489" endtime="20210927 02:49:26.616"/>
</kw>
<test id="s1-s1-t1" name="[003] - Listar usuarios de serviçoa">
<kw name="Dado" library="bdd">
<arg>que o usuario está na tela "listar usuarios de serviço"</arg>
<kw name="Run Keyword" library="BuiltIn">
<arg>@{Keywords}</arg>
<doc>Executes the given keyword with the given arguments.</doc>
<kw name="que o usuario está na tela &quot;listar usuarios de serviço&quot;" library="nav" sourcename="que o usuario está na tela &quot;${tela}&quot;">
<kw name="Direcionamento da tela &quot;${tela}&quot;" library="nav" sourcename="Direcionamento da tela &quot;${page}&quot;">
<kw name="Get JSON" library="base">
<var>${telas_json}</var>
<arg>telas.json</arg>
<kw name="Get File" library="OperatingSystem">
<var>${file}</var>
<arg>C:/Users/Mayara/Desktop/Suitetests/Files/${file_name}</arg>
<doc>Returns the contents of a specified file.</doc>
<msg timestamp="20210927 02:49:26.638" level="INFO" html="true">Getting file '&lt;a href="file://C:\Users\Mayara\Desktop\Suitetests\Files\telas.json"&gt;C:\Users\Mayara\Desktop\Suitetests\Files\telas.json&lt;/a&gt;'.</msg>
<msg timestamp="20210927 02:49:26.639" level="INFO">${file} = {
    "login":"/login",
    "novo usuario de serviço":"/paciente/cadastro",
    "listar usuarios de serviço":"/paciente"

}</msg>
<status status="PASS" starttime="20210927 02:49:26.637" endtime="20210927 02:49:26.639"/>
</kw>
<kw name="Evaluate" library="BuiltIn">
<var>${super_var}</var>
<arg>json.loads($file)</arg>
<arg>json</arg>
<doc>Evaluates the given expression in Python and returns the result.</doc>
<msg timestamp="20210927 02:49:26.640" level="INFO">${super_var} = {'login': '/login', 'novo usuario de serviço': '/paciente/cadastro', 'listar usuarios de serviço': '/paciente'}</msg>
<status status="PASS" starttime="20210927 02:49:26.639" endtime="20210927 02:49:26.640"/>
</kw>
<msg timestamp="20210927 02:49:26.641" level="INFO">${telas_json} = {'login': '/login', 'novo usuario de serviço': '/paciente/cadastro', 'listar usuarios de serviço': '/paciente'}</msg>
<status status="PASS" starttime="20210927 02:49:26.636" endtime="20210927 02:49:26.641"/>
</kw>
<kw name="Get JSON" library="base">
<var>${config_json}</var>
<arg>config.json</arg>
<kw name="Get File" library="OperatingSystem">
<var>${file}</var>
<arg>C:/Users/Mayara/Desktop/Suitetests/Files/${file_name}</arg>
<doc>Returns the contents of a specified file.</doc>
<msg timestamp="20210927 02:49:26.642" level="INFO" html="true">Getting file '&lt;a href="file://C:\Users\Mayara\Desktop\Suitetests\Files\config.json"&gt;C:\Users\Mayara\Desktop\Suitetests\Files\config.json&lt;/a&gt;'.</msg>
<msg timestamp="20210927 02:49:26.643" level="INFO">${file} = {
    "base_url":"https://testessigsaude.imd.ufrn.br/sigsaude",
    "navegador":"Firefox"
}</msg>
<status status="PASS" starttime="20210927 02:49:26.642" endtime="20210927 02:49:26.643"/>
</kw>
<kw name="Evaluate" library="BuiltIn">
<var>${super_var}</var>
<arg>json.loads($file)</arg>
<arg>json</arg>
<doc>Evaluates the given expression in Python and returns the result.</doc>
<msg timestamp="20210927 02:49:26.644" level="INFO">${super_var} = {'base_url': 'https://testessigsaude.imd.ufrn.br/sigsaude', 'navegador': 'Firefox'}</msg>
<status status="PASS" starttime="20210927 02:49:26.644" endtime="20210927 02:49:26.644"/>
</kw>
<msg timestamp="20210927 02:49:26.645" level="INFO">${config_json} = {'base_url': 'https://testessigsaude.imd.ufrn.br/sigsaude', 'navegador': 'Firefox'}</msg>
<status status="PASS" starttime="20210927 02:49:26.641" endtime="20210927 02:49:26.645"/>
</kw>
<kw name="Go To" library="Browser">
<arg>${config_json["base_url"]}${telas_json["${page}"]}</arg>
<tag>BrowserControl</tag>
<tag>Setter</tag>
<doc>Navigates to the given ``url``.</doc>
<msg timestamp="20210927 02:49:27.676" level="INFO">Successfully opened URL https://testessigsaude.imd.ufrn.br/sigsaude/paciente</msg>
<status status="PASS" starttime="20210927 02:49:26.646" endtime="20210927 02:49:27.677"/>
</kw>
<status status="PASS" starttime="20210927 02:49:26.635" endtime="20210927 02:49:27.677"/>
</kw>
<status status="PASS" starttime="20210927 02:49:26.635" endtime="20210927 02:49:27.677"/>
</kw>
<status status="PASS" starttime="20210927 02:49:26.634" endtime="20210927 02:49:27.677"/>
</kw>
<status status="PASS" starttime="20210927 02:49:26.634" endtime="20210927 02:49:27.678"/>
</kw>
<kw name="E" library="bdd">
<arg>preenchido o "Nome" com o "Mayara teste"</arg>
<kw name="Run Keyword" library="BuiltIn">
<arg>@{Keywords}</arg>
<doc>Executes the given keyword with the given arguments.</doc>
<kw name="preenchido o &quot;Nome&quot; com o &quot;Mayara teste&quot;" library="keywords_campos" sourcename="preenchido o &quot;${campo}&quot; com o &quot;${valor}&quot;">
<kw name="Get JSON" library="base">
<var>${elementos_json}</var>
<arg>elementos.json</arg>
<kw name="Get File" library="OperatingSystem">
<var>${file}</var>
<arg>C:/Users/Mayara/Desktop/Suitetests/Files/${file_name}</arg>
<doc>Returns the contents of a specified file.</doc>
<msg timestamp="20210927 02:49:27.683" level="INFO" html="true">Getting file '&lt;a href="file://C:\Users\Mayara\Desktop\Suitetests\Files\elementos.json"&gt;C:\Users\Mayara\Desktop\Suitetests\Files\elementos.json&lt;/a&gt;'.</msg>
<msg timestamp="20210927 02:49:27.684" level="INFO">${file} = {

    "Tipo Sanguíneo":"inputTipoSanguineo",
    "Cor/Raça":"selectCorRaca",
    "Sexo":"selectSexo",
    "Estado civil":"selectEstadoCivil",
    "País de nascimento":"inputPaisNascimento",
    "UF d...</msg>
<status status="PASS" starttime="20210927 02:49:27.683" endtime="20210927 02:49:27.684"/>
</kw>
<kw name="Evaluate" library="BuiltIn">
<var>${super_var}</var>
<arg>json.loads($file)</arg>
<arg>json</arg>
<doc>Evaluates the given expression in Python and returns the result.</doc>
<msg timestamp="20210927 02:49:27.685" level="INFO">${super_var} = {'Tipo Sanguíneo': 'inputTipoSanguineo', 'Cor/Raça': 'selectCorRaca', 'Sexo': 'selectSexo', 'Estado civil': 'selectEstadoCivil', 'País de nascimento': 'inputPaisNascimento', 'UF de nascimento': 'input...</msg>
<status status="PASS" starttime="20210927 02:49:27.684" endtime="20210927 02:49:27.685"/>
</kw>
<msg timestamp="20210927 02:49:27.686" level="INFO">${elementos_json} = {'Tipo Sanguíneo': 'inputTipoSanguineo', 'Cor/Raça': 'selectCorRaca', 'Sexo': 'selectSexo', 'Estado civil': 'selectEstadoCivil', 'País de nascimento': 'inputPaisNascimento', 'UF de nascimento': 'input...</msg>
<status status="PASS" starttime="20210927 02:49:27.683" endtime="20210927 02:49:27.686"/>
</kw>
<kw name="Type Text" library="Browser">
<arg>id=${elementos_json["${campo}"]}</arg>
<arg>${valor}</arg>
<tag>PageContent</tag>
<tag>Setter</tag>
<doc>Types the given ``txt`` into the text field found by ``selector``.</doc>
<msg timestamp="20210927 02:49:27.688" level="INFO">Types the text 'Mayara teste' in the given field.</msg>
<status status="PASS" starttime="20210927 02:49:27.686" endtime="20210927 02:49:28.002"/>
</kw>
<status status="PASS" starttime="20210927 02:49:27.682" endtime="20210927 02:49:28.002"/>
</kw>
<status status="PASS" starttime="20210927 02:49:27.681" endtime="20210927 02:49:28.002"/>
</kw>
<status status="PASS" starttime="20210927 02:49:27.680" endtime="20210927 02:49:28.003"/>
</kw>
<kw name="Quando" library="bdd">
<arg>clicar no "Pesquisar"</arg>
<kw name="Run Keyword" library="BuiltIn">
<arg>@{Keywords}</arg>
<doc>Executes the given keyword with the given arguments.</doc>
<kw name="clicar no &quot;Pesquisar&quot;" library="keywords_campos" sourcename="clicar no &quot;${botão}&quot;">
<kw name="Get JSON" library="base">
<var>${elementos_json}</var>
<arg>elementos.json</arg>
<kw name="Get File" library="OperatingSystem">
<var>${file}</var>
<arg>C:/Users/Mayara/Desktop/Suitetests/Files/${file_name}</arg>
<doc>Returns the contents of a specified file.</doc>
<msg timestamp="20210927 02:49:28.007" level="INFO" html="true">Getting file '&lt;a href="file://C:\Users\Mayara\Desktop\Suitetests\Files\elementos.json"&gt;C:\Users\Mayara\Desktop\Suitetests\Files\elementos.json&lt;/a&gt;'.</msg>
<msg timestamp="20210927 02:49:28.008" level="INFO">${file} = {

    "Tipo Sanguíneo":"inputTipoSanguineo",
    "Cor/Raça":"selectCorRaca",
    "Sexo":"selectSexo",
    "Estado civil":"selectEstadoCivil",
    "País de nascimento":"inputPaisNascimento",
    "UF d...</msg>
<status status="PASS" starttime="20210927 02:49:28.007" endtime="20210927 02:49:28.008"/>
</kw>
<kw name="Evaluate" library="BuiltIn">
<var>${super_var}</var>
<arg>json.loads($file)</arg>
<arg>json</arg>
<doc>Evaluates the given expression in Python and returns the result.</doc>
<msg timestamp="20210927 02:49:28.010" level="INFO">${super_var} = {'Tipo Sanguíneo': 'inputTipoSanguineo', 'Cor/Raça': 'selectCorRaca', 'Sexo': 'selectSexo', 'Estado civil': 'selectEstadoCivil', 'País de nascimento': 'inputPaisNascimento', 'UF de nascimento': 'input...</msg>
<status status="PASS" starttime="20210927 02:49:28.008" endtime="20210927 02:49:28.010"/>
</kw>
<msg timestamp="20210927 02:49:28.010" level="INFO">${elementos_json} = {'Tipo Sanguíneo': 'inputTipoSanguineo', 'Cor/Raça': 'selectCorRaca', 'Sexo': 'selectSexo', 'Estado civil': 'selectEstadoCivil', 'País de nascimento': 'inputPaisNascimento', 'UF de nascimento': 'input...</msg>
<status status="PASS" starttime="20210927 02:49:28.006" endtime="20210927 02:49:28.011"/>
</kw>
<kw name="Click" library="Browser">
<arg>id=${elementos_json["${botão}"]}</arg>
<tag>PageContent</tag>
<tag>Setter</tag>
<doc>Simulates mouse click on the element found by ``selector``.</doc>
<status status="PASS" starttime="20210927 02:49:28.011" endtime="20210927 02:49:29.983"/>
</kw>
<status status="PASS" starttime="20210927 02:49:28.005" endtime="20210927 02:49:29.983"/>
</kw>
<status status="PASS" starttime="20210927 02:49:28.004" endtime="20210927 02:49:29.984"/>
</kw>
<status status="PASS" starttime="20210927 02:49:28.003" endtime="20210927 02:49:29.984"/>
</kw>
<kw name="Então" library="bdd">
<arg>o campo "Nome na tabela" na lista deve ser "MAYARA TESTE"</arg>
<kw name="Run Keyword" library="BuiltIn">
<arg>@{Keywords}</arg>
<doc>Executes the given keyword with the given arguments.</doc>
<kw name="o campo &quot;Nome na tabela&quot; na lista deve ser &quot;MAYARA TESTE&quot;" library="keywords_campos" sourcename="o campo &quot;${campo}&quot; na lista deve ser &quot;${valor}&quot;">
<kw name="Get JSON" library="base">
<var>${elementos_json}</var>
<arg>elementos.json</arg>
<kw name="Get File" library="OperatingSystem">
<var>${file}</var>
<arg>C:/Users/Mayara/Desktop/Suitetests/Files/${file_name}</arg>
<doc>Returns the contents of a specified file.</doc>
<msg timestamp="20210927 02:49:29.987" level="INFO" html="true">Getting file '&lt;a href="file://C:\Users\Mayara\Desktop\Suitetests\Files\elementos.json"&gt;C:\Users\Mayara\Desktop\Suitetests\Files\elementos.json&lt;/a&gt;'.</msg>
<msg timestamp="20210927 02:49:29.987" level="INFO">${file} = {

    "Tipo Sanguíneo":"inputTipoSanguineo",
    "Cor/Raça":"selectCorRaca",
    "Sexo":"selectSexo",
    "Estado civil":"selectEstadoCivil",
    "País de nascimento":"inputPaisNascimento",
    "UF d...</msg>
<status status="PASS" starttime="20210927 02:49:29.986" endtime="20210927 02:49:29.988"/>
</kw>
<kw name="Evaluate" library="BuiltIn">
<var>${super_var}</var>
<arg>json.loads($file)</arg>
<arg>json</arg>
<doc>Evaluates the given expression in Python and returns the result.</doc>
<msg timestamp="20210927 02:49:29.989" level="INFO">${super_var} = {'Tipo Sanguíneo': 'inputTipoSanguineo', 'Cor/Raça': 'selectCorRaca', 'Sexo': 'selectSexo', 'Estado civil': 'selectEstadoCivil', 'País de nascimento': 'inputPaisNascimento', 'UF de nascimento': 'input...</msg>
<status status="PASS" starttime="20210927 02:49:29.988" endtime="20210927 02:49:29.989"/>
</kw>
<msg timestamp="20210927 02:49:29.990" level="INFO">${elementos_json} = {'Tipo Sanguíneo': 'inputTipoSanguineo', 'Cor/Raça': 'selectCorRaca', 'Sexo': 'selectSexo', 'Estado civil': 'selectEstadoCivil', 'País de nascimento': 'inputPaisNascimento', 'UF de nascimento': 'input...</msg>
<status status="PASS" starttime="20210927 02:49:29.986" endtime="20210927 02:49:29.990"/>
</kw>
<kw name="Get Text" library="Browser">
<arg>css=${elementos_json["${campo}"]}</arg>
<arg>contains</arg>
<arg>${valor}</arg>
<tag>Assertion</tag>
<tag>Getter</tag>
<tag>PageContent</tag>
<doc>Returns text attribute of the element found by ``selector``.</doc>
<status status="PASS" starttime="20210927 02:49:29.990" endtime="20210927 02:49:30.529"/>
</kw>
<status status="PASS" starttime="20210927 02:49:29.986" endtime="20210927 02:49:30.529"/>
</kw>
<status status="PASS" starttime="20210927 02:49:29.985" endtime="20210927 02:49:30.529"/>
</kw>
<status status="PASS" starttime="20210927 02:49:29.984" endtime="20210927 02:49:30.529"/>
</kw>
<status status="PASS" starttime="20210927 02:49:26.617" endtime="20210927 02:49:30.530"/>
</test>
<doc>Teste cadastro usuario de serviço</doc>
<status status="PASS" starttime="20210927 02:49:12.680" endtime="20210927 02:49:30.539"/>
</suite>
<status status="PASS" starttime="20210927 02:49:12.649" endtime="20210927 02:49:30.648"/>
</suite>
<statistics>
<total>
<stat pass="1" fail="0" skip="0">All Tests</stat>
</total>
<tag>
</tag>
<suite>
<stat pass="1" fail="0" skip="0" id="s1" name="Tests">Tests</stat>
<stat pass="1" fail="0" skip="0" id="s1-s1" name="Cadastro Usuario Servico">Tests.Cadastro Usuario Servico</stat>
</suite>
</statistics>
<errors>
</errors>
</robot>
